[ 2016-03-22T23:00:48+08:00 ] 108.162.215.113 /phpmyadmin/themes/pmahomme/jquery/jquery-ui-1.8.16.custom.css
INFO: [ app_init ] --START--
INFO: Run Behavior\BuildLiteBehavior [ RunTime:0.000029s ]
INFO: [ app_init ] --END-- [ RunTime:0.000661s ]
ERR: 无法加载模块:Phpmyadmin

[ 2016-03-22T23:00:48+08:00 ] 108.162.215.178 /phpmyadmin/js/jquery/jquery.qtip-1.0.0-rc3.js?ts=1374964490
INFO: [ app_init ] --START--
INFO: Run Behavior\BuildLiteBehavior [ RunTime:0.000024s ]
INFO: [ app_init ] --END-- [ RunTime:0.006507s ]
ERR: 无法加载模块:Phpmyadmin

[ 2016-03-22T23:42:32+08:00 ] 173.245.48.62 /css/css?family=Roboto:500,400
INFO: [ app_init ] --START--
INFO: Run Behavior\BuildLiteBehavior [ RunTime:0.000046s ]
INFO: [ app_init ] --END-- [ RunTime:0.005112s ]
ERR: 无法加载模块:Css

[ 2016-03-22T23:58:37+08:00 ] 173.245.48.99 /favicon.ico
INFO: [ app_init ] --START--
INFO: Run Behavior\BuildLiteBehavior [ RunTime:0.000037s ]
INFO: [ app_init ] --END-- [ RunTime:0.000653s ]
ERR: 无法加载模块:Favicon

