[ 2016-02-15T13:34:29+08:00 ] ::1 /assets/fonts/pe-icon-7-stroke/css/helper.css
INFO: [ app_init ] --START--
INFO: Run Behavior\BuildLiteBehavior [ RunTime:0.000036s ]
INFO: [ app_init ] --END-- [ RunTime:0.000658s ]
ERR: 无法加载模块:Assets

[ 2016-02-15T13:34:29+08:00 ] ::1 /assets/fonts/pe-icon-7-stroke/css/pe-icon-7-stroke.css
INFO: [ app_init ] --START--
INFO: Run Behavior\BuildLiteBehavior [ RunTime:0.000039s ]
INFO: [ app_init ] --END-- [ RunTime:0.000772s ]
ERR: 无法加载模块:Assets

[ 2016-02-15T13:43:40+08:00 ] ::1 /assets/fonts/pe-icon-7-stroke/css/pe-icon-7-stroke.css
INFO: [ app_init ] --START--
INFO: Run Behavior\BuildLiteBehavior [ RunTime:0.000035s ]
INFO: [ app_init ] --END-- [ RunTime:0.000519s ]
ERR: 无法加载模块:Assets

[ 2016-02-15T13:43:40+08:00 ] ::1 /assets/fonts/pe-icon-7-stroke/css/helper.css
INFO: [ app_init ] --START--
INFO: Run Behavior\BuildLiteBehavior [ RunTime:0.000075s ]
INFO: [ app_init ] --END-- [ RunTime:0.000787s ]
ERR: 无法加载模块:Assets

[ 2016-02-15T13:43:40+08:00 ] ::1 /assets/fonts/pe-icon-7-stroke/css/helper.css
INFO: [ app_init ] --START--
INFO: Run Behavior\BuildLiteBehavior [ RunTime:0.000033s ]
INFO: [ app_init ] --END-- [ RunTime:0.000483s ]
ERR: 无法加载模块:Assets

[ 2016-02-15T13:43:40+08:00 ] ::1 /assets/fonts/pe-icon-7-stroke/css/pe-icon-7-stroke.css
INFO: [ app_init ] --START--
INFO: Run Behavior\BuildLiteBehavior [ RunTime:0.000040s ]
INFO: [ app_init ] --END-- [ RunTime:0.000817s ]
ERR: 无法加载模块:Assets

[ 2016-02-15T13:43:52+08:00 ] ::1 /assets/fonts/pe-icon-7-stroke/css/pe-icon-7-stroke.css
INFO: [ app_init ] --START--
INFO: Run Behavior\BuildLiteBehavior [ RunTime:0.000023s ]
INFO: [ app_init ] --END-- [ RunTime:0.000326s ]
ERR: 无法加载模块:Assets

[ 2016-02-15T13:43:52+08:00 ] ::1 /assets/fonts/pe-icon-7-stroke/css/helper.css
INFO: [ app_init ] --START--
INFO: Run Behavior\BuildLiteBehavior [ RunTime:0.000045s ]
INFO: [ app_init ] --END-- [ RunTime:0.000517s ]
ERR: 无法加载模块:Assets

[ 2016-02-15T13:43:54+08:00 ] ::1 /img/printout.png
INFO: [ app_init ] --START--
INFO: Run Behavior\BuildLiteBehavior [ RunTime:0.000023s ]
INFO: [ app_init ] --END-- [ RunTime:0.000313s ]
ERR: 无法加载模块:Img

[ 2016-02-15T13:43:54+08:00 ] ::1 /framework/assets/styles/img/green.png
INFO: [ app_init ] --START--
INFO: Run Behavior\BuildLiteBehavior [ RunTime:0.000025s ]
INFO: [ app_init ] --END-- [ RunTime:0.000460s ]
ERR: 无法加载模块:Framework

[ 2016-02-15T13:43:59+08:00 ] ::1 /framework/css/images/ui-bg_gloss-wave_70_ffdd57_500x100.png
INFO: [ app_init ] --START--
INFO: Run Behavior\BuildLiteBehavior [ RunTime:0.000029s ]
INFO: [ app_init ] --END-- [ RunTime:0.000405s ]
ERR: 无法加载模块:Framework

[ 2016-02-15T13:43:59+08:00 ] ::1 /framework/css/images/menu.gif
INFO: [ app_init ] --START--
INFO: Run Behavior\BuildLiteBehavior [ RunTime:0.000024s ]
INFO: [ app_init ] --END-- [ RunTime:0.000399s ]
ERR: 无法加载模块:Framework

[ 2016-02-15T13:44:01+08:00 ] ::1 /framework/css/images/blank.gif
INFO: [ app_init ] --START--
INFO: Run Behavior\BuildLiteBehavior [ RunTime:0.000035s ]
INFO: [ app_init ] --END-- [ RunTime:0.000585s ]
ERR: 无法加载模块:Framework

[ 2016-02-15T13:44:13+08:00 ] ::1 /framework/assets/styles/img/green.png
INFO: [ app_init ] --START--
INFO: Run Behavior\BuildLiteBehavior [ RunTime:0.000020s ]
INFO: [ app_init ] --END-- [ RunTime:0.000304s ]
ERR: 无法加载模块:Framework

[ 2016-02-15T13:46:51+08:00 ] ::1 /img/bgs/landscape.jpg
INFO: [ app_init ] --START--
INFO: Run Behavior\BuildLiteBehavior [ RunTime:0.000038s ]
INFO: [ app_init ] --END-- [ RunTime:0.000502s ]
ERR: 无法加载模块:Img

[ 2016-02-15T13:46:51+08:00 ] ::1 /framework/assets/styles/img/green.png
INFO: [ app_init ] --START--
INFO: Run Behavior\BuildLiteBehavior [ RunTime:0.000037s ]
INFO: [ app_init ] --END-- [ RunTime:0.000704s ]
ERR: 无法加载模块:Framework

[ 2016-02-15T13:47:13+08:00 ] ::1 /img/bgs/landscape.jpg
INFO: [ app_init ] --START--
INFO: Run Behavior\BuildLiteBehavior [ RunTime:0.000039s ]
INFO: [ app_init ] --END-- [ RunTime:0.000518s ]
ERR: 无法加载模块:Img

[ 2016-02-15T13:47:13+08:00 ] ::1 /framework/assets/styles/img/green.png
INFO: [ app_init ] --START--
INFO: Run Behavior\BuildLiteBehavior [ RunTime:0.000085s ]
INFO: [ app_init ] --END-- [ RunTime:0.000905s ]
ERR: 无法加载模块:Framework

[ 2016-02-15T13:47:13+08:00 ] ::1 /img/bgs/landscape.jpg
INFO: [ app_init ] --START--
INFO: Run Behavior\BuildLiteBehavior [ RunTime:0.000055s ]
INFO: [ app_init ] --END-- [ RunTime:0.000772s ]
ERR: 无法加载模块:Img

[ 2016-02-15T13:47:13+08:00 ] ::1 /framework/assets/styles/img/green.png
INFO: [ app_init ] --START--
INFO: Run Behavior\BuildLiteBehavior [ RunTime:0.000119s ]
INFO: [ app_init ] --END-- [ RunTime:0.001205s ]
ERR: 无法加载模块:Framework

[ 2016-02-15T13:52:33+08:00 ] ::1 /img/bgs/landscape.jpg
INFO: [ app_init ] --START--
INFO: Run Behavior\BuildLiteBehavior [ RunTime:0.000037s ]
INFO: [ app_init ] --END-- [ RunTime:0.000559s ]
ERR: 无法加载模块:Img

[ 2016-02-15T13:52:33+08:00 ] ::1 /framework/assets/styles/img/green.png
INFO: [ app_init ] --START--
INFO: Run Behavior\BuildLiteBehavior [ RunTime:0.000040s ]
INFO: [ app_init ] --END-- [ RunTime:0.000599s ]
ERR: 无法加载模块:Framework

[ 2016-02-15T13:52:50+08:00 ] ::1 /img/bgs/landscape.jpg
INFO: [ app_init ] --START--
INFO: Run Behavior\BuildLiteBehavior [ RunTime:0.000040s ]
INFO: [ app_init ] --END-- [ RunTime:0.000521s ]
ERR: 无法加载模块:Img

[ 2016-02-15T13:52:50+08:00 ] ::1 /framework/assets/styles/img/green.png
INFO: [ app_init ] --START--
INFO: Run Behavior\BuildLiteBehavior [ RunTime:0.000032s ]
INFO: [ app_init ] --END-- [ RunTime:0.000372s ]
ERR: 无法加载模块:Framework

[ 2016-02-15T13:53:06+08:00 ] ::1 /img/bgs/landscape.jpg
INFO: [ app_init ] --START--
INFO: Run Behavior\BuildLiteBehavior [ RunTime:0.000025s ]
INFO: [ app_init ] --END-- [ RunTime:0.000504s ]
ERR: 无法加载模块:Img

[ 2016-02-15T13:53:06+08:00 ] ::1 /framework/assets/styles/img/green.png
INFO: [ app_init ] --START--
INFO: Run Behavior\BuildLiteBehavior [ RunTime:0.000027s ]
INFO: [ app_init ] --END-- [ RunTime:0.000450s ]
ERR: 无法加载模块:Framework

[ 2016-02-15T13:53:08+08:00 ] ::1 /img/bgs/landscape.jpg
INFO: [ app_init ] --START--
INFO: Run Behavior\BuildLiteBehavior [ RunTime:0.000038s ]
INFO: [ app_init ] --END-- [ RunTime:0.000515s ]
ERR: 无法加载模块:Img

[ 2016-02-15T13:53:08+08:00 ] ::1 /framework/assets/styles/img/green.png
INFO: [ app_init ] --START--
INFO: Run Behavior\BuildLiteBehavior [ RunTime:0.000032s ]
INFO: [ app_init ] --END-- [ RunTime:0.000497s ]
ERR: 无法加载模块:Framework

[ 2016-02-15T13:53:16+08:00 ] ::1 /img/bgs/landscape.jpg
INFO: [ app_init ] --START--
INFO: Run Behavior\BuildLiteBehavior [ RunTime:0.000061s ]
INFO: [ app_init ] --END-- [ RunTime:0.000467s ]
ERR: 无法加载模块:Img

[ 2016-02-15T13:53:16+08:00 ] ::1 /framework/assets/styles/img/green.png
INFO: [ app_init ] --START--
INFO: Run Behavior\BuildLiteBehavior [ RunTime:0.000039s ]
INFO: [ app_init ] --END-- [ RunTime:0.000550s ]
ERR: 无法加载模块:Framework

[ 2016-02-15T13:53:17+08:00 ] ::1 /img/bgs/landscape.jpg
INFO: [ app_init ] --START--
INFO: Run Behavior\BuildLiteBehavior [ RunTime:0.000038s ]
INFO: [ app_init ] --END-- [ RunTime:0.000533s ]
ERR: 无法加载模块:Img

[ 2016-02-15T13:53:17+08:00 ] ::1 /framework/assets/styles/img/green.png
INFO: [ app_init ] --START--
INFO: Run Behavior\BuildLiteBehavior [ RunTime:0.000039s ]
INFO: [ app_init ] --END-- [ RunTime:0.000609s ]
ERR: 无法加载模块:Framework

[ 2016-02-15T13:53:54+08:00 ] ::1 /assets/fonts/pe-icon-7-stroke/css/helper.css
INFO: [ app_init ] --START--
INFO: Run Behavior\BuildLiteBehavior [ RunTime:0.000037s ]
INFO: [ app_init ] --END-- [ RunTime:0.000482s ]
ERR: 无法加载模块:Assets

[ 2016-02-15T13:53:54+08:00 ] ::1 /assets/fonts/pe-icon-7-stroke/css/pe-icon-7-stroke.css
INFO: [ app_init ] --START--
INFO: Run Behavior\BuildLiteBehavior [ RunTime:0.000023s ]
INFO: [ app_init ] --END-- [ RunTime:0.000421s ]
ERR: 无法加载模块:Assets

[ 2016-02-15T13:53:56+08:00 ] ::1 /assets/fonts/pe-icon-7-stroke/css/pe-icon-7-stroke.css
INFO: [ app_init ] --START--
INFO: Run Behavior\BuildLiteBehavior [ RunTime:0.000037s ]
INFO: [ app_init ] --END-- [ RunTime:0.000504s ]
ERR: 无法加载模块:Assets

[ 2016-02-15T13:53:56+08:00 ] ::1 /assets/fonts/pe-icon-7-stroke/css/helper.css
INFO: [ app_init ] --START--
INFO: Run Behavior\BuildLiteBehavior [ RunTime:0.000024s ]
INFO: [ app_init ] --END-- [ RunTime:0.000320s ]
ERR: 无法加载模块:Assets

[ 2016-02-15T13:54:58+08:00 ] ::1 /img/bgs/landscape.jpg
INFO: [ app_init ] --START--
INFO: Run Behavior\BuildLiteBehavior [ RunTime:0.000026s ]
INFO: [ app_init ] --END-- [ RunTime:0.000394s ]
ERR: 无法加载模块:Img

[ 2016-02-15T13:54:58+08:00 ] ::1 /framework/assets/styles/img/green.png
INFO: [ app_init ] --START--
INFO: Run Behavior\BuildLiteBehavior [ RunTime:0.000041s ]
INFO: [ app_init ] --END-- [ RunTime:0.000571s ]
ERR: 无法加载模块:Framework

[ 2016-02-15T13:54:58+08:00 ] ::1 /img/bgs/landscape.jpg
INFO: [ app_init ] --START--
INFO: Run Behavior\BuildLiteBehavior [ RunTime:0.000039s ]
INFO: [ app_init ] --END-- [ RunTime:0.000645s ]
ERR: 无法加载模块:Img

[ 2016-02-15T13:54:58+08:00 ] ::1 /framework/assets/styles/img/green.png
INFO: [ app_init ] --START--
INFO: Run Behavior\BuildLiteBehavior [ RunTime:0.000038s ]
INFO: [ app_init ] --END-- [ RunTime:0.000593s ]
ERR: 无法加载模块:Framework

[ 2016-02-15T13:56:35+08:00 ] ::1 /framework/assets/vendor/fontawesome/fonts/fontawesome-webfont.woff2?v=4.3.0
INFO: [ app_init ] --START--
INFO: Run Behavior\BuildLiteBehavior [ RunTime:0.000052s ]
INFO: [ app_init ] --END-- [ RunTime:0.000634s ]
ERR: 无法加载模块:Framework

[ 2016-02-15T13:56:35+08:00 ] ::1 /img/bgs/landscape.jpg
INFO: [ app_init ] --START--
INFO: Run Behavior\BuildLiteBehavior [ RunTime:0.000035s ]
INFO: [ app_init ] --END-- [ RunTime:0.000496s ]
ERR: 无法加载模块:Img

[ 2016-02-15T13:56:35+08:00 ] ::1 /framework/assets/styles/img/green.png
INFO: [ app_init ] --START--
INFO: Run Behavior\BuildLiteBehavior [ RunTime:0.000023s ]
INFO: [ app_init ] --END-- [ RunTime:0.000326s ]
ERR: 无法加载模块:Framework

[ 2016-02-15T13:56:35+08:00 ] ::1 /framework/assets/vendor/bootstrap/dist/css/bootstrap.css.map
INFO: [ app_init ] --START--
INFO: Run Behavior\BuildLiteBehavior [ RunTime:0.000040s ]
INFO: [ app_init ] --END-- [ RunTime:0.000533s ]
ERR: 无法加载模块:Framework

[ 2016-02-15T13:56:35+08:00 ] ::1 /framework/assets/vendor/bootstrap/dist/css/bootstrap.css.map
INFO: [ app_init ] --START--
INFO: Run Behavior\BuildLiteBehavior [ RunTime:0.000035s ]
INFO: [ app_init ] --END-- [ RunTime:0.000579s ]
ERR: 无法加载模块:Framework

[ 2016-02-15T13:56:35+08:00 ] ::1 /framework/assets/vendor/bootstrap/dist/css/bootstrap.css.map
INFO: [ app_init ] --START--
INFO: Run Behavior\BuildLiteBehavior [ RunTime:0.000035s ]
INFO: [ app_init ] --END-- [ RunTime:0.000487s ]
ERR: 无法加载模块:Framework

[ 2016-02-15T13:56:35+08:00 ] ::1 /framework/assets/vendor/bootstrap/dist/css/bootstrap.css.map
INFO: [ app_init ] --START--
INFO: Run Behavior\BuildLiteBehavior [ RunTime:0.000024s ]
INFO: [ app_init ] --END-- [ RunTime:0.000394s ]
ERR: 无法加载模块:Framework

[ 2016-02-15T13:56:35+08:00 ] ::1 /framework/assets/vendor/bootstrap/dist/css/bootstrap.css.map
INFO: [ app_init ] --START--
INFO: Run Behavior\BuildLiteBehavior [ RunTime:0.000024s ]
INFO: [ app_init ] --END-- [ RunTime:0.000479s ]
ERR: 无法加载模块:Framework

[ 2016-02-15T14:06:16+08:00 ] ::1 /img/bgs/landscape.jpg
INFO: [ app_init ] --START--
INFO: Run Behavior\BuildLiteBehavior [ RunTime:0.000038s ]
INFO: [ app_init ] --END-- [ RunTime:0.000521s ]
ERR: 无法加载模块:Img

[ 2016-02-15T14:06:16+08:00 ] ::1 /framework/assets/styles/img/green.png
INFO: [ app_init ] --START--
INFO: Run Behavior\BuildLiteBehavior [ RunTime:0.000043s ]
INFO: [ app_init ] --END-- [ RunTime:0.000587s ]
ERR: 无法加载模块:Framework

[ 2016-02-15T14:06:16+08:00 ] ::1 /framework/assets/vendor/fontawesome/fonts/fontawesome-webfont.woff2?v=4.3.0
INFO: [ app_init ] --START--
INFO: Run Behavior\BuildLiteBehavior [ RunTime:0.000023s ]
INFO: [ app_init ] --END-- [ RunTime:0.000311s ]
ERR: 无法加载模块:Framework

[ 2016-02-15T14:06:16+08:00 ] ::1 /framework/assets/vendor/bootstrap/dist/css/bootstrap.css.map
INFO: [ app_init ] --START--
INFO: Run Behavior\BuildLiteBehavior [ RunTime:0.000036s ]
INFO: [ app_init ] --END-- [ RunTime:0.000496s ]
ERR: 无法加载模块:Framework

[ 2016-02-15T14:06:16+08:00 ] ::1 /framework/assets/vendor/bootstrap/dist/css/bootstrap.css.map
INFO: [ app_init ] --START--
INFO: Run Behavior\BuildLiteBehavior [ RunTime:0.000035s ]
INFO: [ app_init ] --END-- [ RunTime:0.000479s ]
ERR: 无法加载模块:Framework

[ 2016-02-15T14:06:16+08:00 ] ::1 /framework/assets/vendor/bootstrap/dist/css/bootstrap.css.map
INFO: [ app_init ] --START--
INFO: Run Behavior\BuildLiteBehavior [ RunTime:0.000038s ]
INFO: [ app_init ] --END-- [ RunTime:0.000538s ]
ERR: 无法加载模块:Framework

[ 2016-02-15T14:06:16+08:00 ] ::1 /framework/assets/vendor/bootstrap/dist/css/bootstrap.css.map
INFO: [ app_init ] --START--
INFO: Run Behavior\BuildLiteBehavior [ RunTime:0.000036s ]
INFO: [ app_init ] --END-- [ RunTime:0.000491s ]
ERR: 无法加载模块:Framework

[ 2016-02-15T14:06:16+08:00 ] ::1 /framework/assets/vendor/bootstrap/dist/css/bootstrap.css.map
INFO: [ app_init ] --START--
INFO: Run Behavior\BuildLiteBehavior [ RunTime:0.000051s ]
INFO: [ app_init ] --END-- [ RunTime:0.000607s ]
ERR: 无法加载模块:Framework

[ 2016-02-15T14:06:36+08:00 ] ::1 /framework/assets/styles/img/green.png
INFO: [ app_init ] --START--
INFO: Run Behavior\BuildLiteBehavior [ RunTime:0.000024s ]
INFO: [ app_init ] --END-- [ RunTime:0.000318s ]
ERR: 无法加载模块:Framework

[ 2016-02-15T14:06:36+08:00 ] ::1 /img/bgs/landscape.jpg
INFO: [ app_init ] --START--
INFO: Run Behavior\BuildLiteBehavior [ RunTime:0.000023s ]
INFO: [ app_init ] --END-- [ RunTime:0.000315s ]
ERR: 无法加载模块:Img

[ 2016-02-15T14:06:36+08:00 ] ::1 /framework/assets/vendor/fontawesome/fonts/fontawesome-webfont.woff2?v=4.3.0
INFO: [ app_init ] --START--
INFO: Run Behavior\BuildLiteBehavior [ RunTime:0.000049s ]
INFO: [ app_init ] --END-- [ RunTime:0.000343s ]
ERR: 无法加载模块:Framework

[ 2016-02-15T14:06:37+08:00 ] ::1 /framework/assets/vendor/bootstrap/dist/css/bootstrap.css.map
INFO: [ app_init ] --START--
INFO: Run Behavior\BuildLiteBehavior [ RunTime:0.000037s ]
INFO: [ app_init ] --END-- [ RunTime:0.000521s ]
ERR: 无法加载模块:Framework

[ 2016-02-15T14:06:37+08:00 ] ::1 /framework/assets/vendor/bootstrap/dist/css/bootstrap.css.map
INFO: [ app_init ] --START--
INFO: Run Behavior\BuildLiteBehavior [ RunTime:0.000037s ]
INFO: [ app_init ] --END-- [ RunTime:0.000489s ]
ERR: 无法加载模块:Framework

[ 2016-02-15T14:06:37+08:00 ] ::1 /framework/assets/vendor/bootstrap/dist/css/bootstrap.css.map
INFO: [ app_init ] --START--
INFO: Run Behavior\BuildLiteBehavior [ RunTime:0.000036s ]
INFO: [ app_init ] --END-- [ RunTime:0.000531s ]
ERR: 无法加载模块:Framework

[ 2016-02-15T14:06:37+08:00 ] ::1 /framework/assets/vendor/bootstrap/dist/css/bootstrap.css.map
INFO: [ app_init ] --START--
INFO: Run Behavior\BuildLiteBehavior [ RunTime:0.000049s ]
INFO: [ app_init ] --END-- [ RunTime:0.000580s ]
ERR: 无法加载模块:Framework

[ 2016-02-15T14:06:37+08:00 ] ::1 /framework/assets/vendor/bootstrap/dist/css/bootstrap.css.map
INFO: [ app_init ] --START--
INFO: Run Behavior\BuildLiteBehavior [ RunTime:0.000022s ]
INFO: [ app_init ] --END-- [ RunTime:0.000306s ]
ERR: 无法加载模块:Framework

[ 2016-02-15T14:06:57+08:00 ] ::1 /assets/vendor/iCheck/icheck.min.js
INFO: [ app_init ] --START--
INFO: Run Behavior\BuildLiteBehavior [ RunTime:0.000036s ]
INFO: [ app_init ] --END-- [ RunTime:0.000529s ]
ERR: 无法加载模块:Assets

[ 2016-02-15T14:06:57+08:00 ] ::1 /assets/vendor/jquery/dist/jquery.min.js
INFO: [ app_init ] --START--
INFO: Run Behavior\BuildLiteBehavior [ RunTime:0.000035s ]
INFO: [ app_init ] --END-- [ RunTime:0.000617s ]
ERR: 无法加载模块:Assets

[ 2016-02-15T14:06:57+08:00 ] ::1 /assets/vendor/bootstrap/dist/js/bootstrap.min.js
INFO: [ app_init ] --START--
INFO: Run Behavior\BuildLiteBehavior [ RunTime:0.000056s ]
INFO: [ app_init ] --END-- [ RunTime:0.000876s ]
ERR: 无法加载模块:Assets

[ 2016-02-15T14:06:57+08:00 ] ::1 /assets/vendor/metisMenu/dist/metisMenu.min.js
INFO: [ app_init ] --START--
INFO: Run Behavior\BuildLiteBehavior [ RunTime:0.000033s ]
INFO: [ app_init ] --END-- [ RunTime:0.000840s ]
ERR: 无法加载模块:Assets

[ 2016-02-15T14:06:57+08:00 ] ::1 /assets/vendor/jquery-ui/jquery-ui.min.js
INFO: [ app_init ] --START--
INFO: Run Behavior\BuildLiteBehavior [ RunTime:0.000035s ]
INFO: [ app_init ] --END-- [ RunTime:0.000540s ]
ERR: 无法加载模块:Assets

[ 2016-02-15T14:06:57+08:00 ] ::1 /assets/vendor/slimScroll/jquery.slimscroll.min.js
INFO: [ app_init ] --START--
INFO: Run Behavior\BuildLiteBehavior [ RunTime:0.000037s ]
INFO: [ app_init ] --END-- [ RunTime:0.002190s ]
ERR: 无法加载模块:Assets

[ 2016-02-15T14:06:58+08:00 ] ::1 /assets/vendor/toastr/build/toastr.min.js
INFO: [ app_init ] --START--
INFO: Run Behavior\BuildLiteBehavior [ RunTime:0.000035s ]
INFO: [ app_init ] --END-- [ RunTime:0.000693s ]
ERR: 无法加载模块:Assets

[ 2016-02-15T14:06:58+08:00 ] ::1 /assets/vendor/sparkline/index.js
INFO: [ app_init ] --START--
INFO: Run Behavior\BuildLiteBehavior [ RunTime:0.000037s ]
INFO: [ app_init ] --END-- [ RunTime:0.001236s ]
ERR: 无法加载模块:Assets

[ 2016-02-15T14:06:58+08:00 ] ::1 /assets/scripts/alert.js?v=1439998281
INFO: [ app_init ] --START--
INFO: Run Behavior\BuildLiteBehavior [ RunTime:0.000034s ]
INFO: [ app_init ] --END-- [ RunTime:0.000485s ]
ERR: 无法加载模块:Assets

[ 2016-02-15T14:06:58+08:00 ] ::1 /assets/scripts/homer.js
INFO: [ app_init ] --START--
INFO: Run Behavior\BuildLiteBehavior [ RunTime:0.000025s ]
INFO: [ app_init ] --END-- [ RunTime:0.000348s ]
ERR: 无法加载模块:Assets

[ 2016-02-15T14:06:58+08:00 ] ::1 /assets/img/background_loginnew.jpg
INFO: [ app_init ] --START--
INFO: Run Behavior\BuildLiteBehavior [ RunTime:0.000023s ]
INFO: [ app_init ] --END-- [ RunTime:0.000334s ]
ERR: 无法加载模块:Assets

[ 2016-02-15T14:06:58+08:00 ] ::1 /assets/vendor/fontawesome/fonts/fontawesome-webfont.woff?v=4.3.0
INFO: [ app_init ] --START--
INFO: Run Behavior\BuildLiteBehavior [ RunTime:0.000029s ]
INFO: [ app_init ] --END-- [ RunTime:0.000435s ]
ERR: 无法加载模块:Assets

[ 2016-02-15T14:06:58+08:00 ] ::1 /assets/vendor/fontawesome/fonts/fontawesome-webfont.ttf?v=4.3.0
INFO: [ app_init ] --START--
INFO: Run Behavior\BuildLiteBehavior [ RunTime:0.000022s ]
INFO: [ app_init ] --END-- [ RunTime:0.000306s ]
ERR: 无法加载模块:Assets

[ 2016-02-15T14:06:58+08:00 ] ::1 /assets/vendor/fontawesome/fonts/fontawesome-webfont.svg?v=4.3.0
INFO: [ app_init ] --START--
INFO: Run Behavior\BuildLiteBehavior [ RunTime:0.000021s ]
INFO: [ app_init ] --END-- [ RunTime:0.000315s ]
ERR: 无法加载模块:Assets

[ 2016-02-15T14:07:10+08:00 ] ::1 /assets/fonts/pe-icon-7-stroke/css/pe-icon-7-stroke.css
INFO: [ app_init ] --START--
INFO: Run Behavior\BuildLiteBehavior [ RunTime:0.000023s ]
INFO: [ app_init ] --END-- [ RunTime:0.000343s ]
ERR: 无法加载模块:Assets

[ 2016-02-15T14:07:10+08:00 ] ::1 /assets/fonts/pe-icon-7-stroke/css/helper.css
INFO: [ app_init ] --START--
INFO: Run Behavior\BuildLiteBehavior [ RunTime:0.000024s ]
INFO: [ app_init ] --END-- [ RunTime:0.000341s ]
ERR: 无法加载模块:Assets

[ 2016-02-15T14:07:12+08:00 ] ::1 /img/printout.png
INFO: [ app_init ] --START--
INFO: Run Behavior\BuildLiteBehavior [ RunTime:0.000055s ]
INFO: [ app_init ] --END-- [ RunTime:0.000465s ]
ERR: 无法加载模块:Img

[ 2016-02-15T14:07:12+08:00 ] ::1 /framework/assets/styles/img/green.png
INFO: [ app_init ] --START--
INFO: Run Behavior\BuildLiteBehavior [ RunTime:0.000024s ]
INFO: [ app_init ] --END-- [ RunTime:0.000366s ]
ERR: 无法加载模块:Framework

[ 2016-02-15T14:07:14+08:00 ] ::1 /framework/css/images/ui-bg_gloss-wave_70_ffdd57_500x100.png
INFO: [ app_init ] --START--
INFO: Run Behavior\BuildLiteBehavior [ RunTime:0.000032s ]
INFO: [ app_init ] --END-- [ RunTime:0.000320s ]
ERR: 无法加载模块:Framework

[ 2016-02-15T14:07:14+08:00 ] ::1 /framework/css/images/menu.gif
INFO: [ app_init ] --START--
INFO: Run Behavior\BuildLiteBehavior [ RunTime:0.000113s ]
INFO: [ app_init ] --END-- [ RunTime:0.001050s ]
ERR: 无法加载模块:Framework

[ 2016-02-15T14:07:15+08:00 ] ::1 /framework/css/images/blank.gif
INFO: [ app_init ] --START--
INFO: Run Behavior\BuildLiteBehavior [ RunTime:0.000024s ]
INFO: [ app_init ] --END-- [ RunTime:0.000421s ]
ERR: 无法加载模块:Framework

[ 2016-02-15T14:07:17+08:00 ] ::1 /framework/css/images/ui-bg_gloss-wave_70_ffdd57_500x100.png
INFO: [ app_init ] --START--
INFO: Run Behavior\BuildLiteBehavior [ RunTime:0.000045s ]
INFO: [ app_init ] --END-- [ RunTime:0.000757s ]
ERR: 无法加载模块:Framework

[ 2016-02-15T14:09:04+08:00 ] ::1 /framework/css/images/blank.gif
INFO: [ app_init ] --START--
INFO: Run Behavior\BuildLiteBehavior [ RunTime:0.000080s ]
INFO: [ app_init ] --END-- [ RunTime:0.000809s ]
ERR: 无法加载模块:Framework

[ 2016-02-15T14:09:04+08:00 ] ::1 /framework/css/images/ui-bg_gloss-wave_70_ffdd57_500x100.png
INFO: [ app_init ] --START--
INFO: Run Behavior\BuildLiteBehavior [ RunTime:0.000039s ]
INFO: [ app_init ] --END-- [ RunTime:0.000638s ]
ERR: 无法加载模块:Framework

[ 2016-02-15T14:09:06+08:00 ] ::1 /img/bgs/landscape.jpg
INFO: [ app_init ] --START--
INFO: Run Behavior\BuildLiteBehavior [ RunTime:0.000060s ]
INFO: [ app_init ] --END-- [ RunTime:0.000545s ]
ERR: 无法加载模块:Img

[ 2016-02-15T14:09:06+08:00 ] ::1 /framework/assets/styles/img/green.png
INFO: [ app_init ] --START--
INFO: Run Behavior\BuildLiteBehavior [ RunTime:0.000038s ]
INFO: [ app_init ] --END-- [ RunTime:0.000559s ]
ERR: 无法加载模块:Framework

[ 2016-02-15T14:09:32+08:00 ] ::1 /framework/css/images/blank.gif
INFO: [ app_init ] --START--
INFO: Run Behavior\BuildLiteBehavior [ RunTime:0.000025s ]
INFO: [ app_init ] --END-- [ RunTime:0.000443s ]
ERR: 无法加载模块:Framework

[ 2016-02-15T14:09:32+08:00 ] ::1 /framework/css/images/ui-bg_gloss-wave_70_ffdd57_500x100.png
INFO: [ app_init ] --START--
INFO: Run Behavior\BuildLiteBehavior [ RunTime:0.000025s ]
INFO: [ app_init ] --END-- [ RunTime:0.000332s ]
ERR: 无法加载模块:Framework

[ 2016-02-15T14:09:34+08:00 ] ::1 /img/bgs/landscape.jpg
INFO: [ app_init ] --START--
INFO: Run Behavior\BuildLiteBehavior [ RunTime:0.000042s ]
INFO: [ app_init ] --END-- [ RunTime:0.000657s ]
ERR: 无法加载模块:Img

[ 2016-02-15T14:09:34+08:00 ] ::1 /framework/assets/styles/img/green.png
INFO: [ app_init ] --START--
INFO: Run Behavior\BuildLiteBehavior [ RunTime:0.000043s ]
INFO: [ app_init ] --END-- [ RunTime:0.000890s ]
ERR: 无法加载模块:Framework

[ 2016-02-15T14:10:38+08:00 ] ::1 /img/bgs/landscape.jpg
INFO: [ app_init ] --START--
INFO: Run Behavior\BuildLiteBehavior [ RunTime:0.000029s ]
INFO: [ app_init ] --END-- [ RunTime:0.000503s ]
ERR: 无法加载模块:Img

[ 2016-02-15T14:10:38+08:00 ] ::1 /framework/assets/styles/img/green.png
INFO: [ app_init ] --START--
INFO: Run Behavior\BuildLiteBehavior [ RunTime:0.000024s ]
INFO: [ app_init ] --END-- [ RunTime:0.000331s ]
ERR: 无法加载模块:Framework

[ 2016-02-15T14:11:38+08:00 ] ::1 /framework/assets/styles/img/green.png
INFO: [ app_init ] --START--
INFO: Run Behavior\BuildLiteBehavior [ RunTime:0.000024s ]
INFO: [ app_init ] --END-- [ RunTime:0.000340s ]
ERR: 无法加载模块:Framework

[ 2016-02-15T14:51:02+08:00 ] ::1 /framework/assets/styles/img/green.png
INFO: [ app_init ] --START--
INFO: Run Behavior\BuildLiteBehavior [ RunTime:0.000040s ]
INFO: [ app_init ] --END-- [ RunTime:0.000583s ]
ERR: 无法加载模块:Framework

[ 2016-02-15T14:54:18+08:00 ] ::1 /framework/assets/styles/img/green.png
INFO: [ app_init ] --START--
INFO: Run Behavior\BuildLiteBehavior [ RunTime:0.000084s ]
INFO: [ app_init ] --END-- [ RunTime:0.001022s ]
ERR: 无法加载模块:Framework

[ 2016-02-15T14:58:43+08:00 ] ::1 /framework/css/images/blank.gif
INFO: [ app_init ] --START--
INFO: Run Behavior\BuildLiteBehavior [ RunTime:0.000044s ]
INFO: [ app_init ] --END-- [ RunTime:0.000776s ]
ERR: 无法加载模块:Framework

[ 2016-02-15T14:58:43+08:00 ] ::1 /framework/css/images/ui-bg_gloss-wave_70_ffdd57_500x100.png
INFO: [ app_init ] --START--
INFO: Run Behavior\BuildLiteBehavior [ RunTime:0.000022s ]
INFO: [ app_init ] --END-- [ RunTime:0.000347s ]
ERR: 无法加载模块:Framework

[ 2016-02-15T14:58:45+08:00 ] ::1 /framework/assets/styles/img/green.png
INFO: [ app_init ] --START--
INFO: Run Behavior\BuildLiteBehavior [ RunTime:0.000023s ]
INFO: [ app_init ] --END-- [ RunTime:0.000331s ]
ERR: 无法加载模块:Framework

[ 2016-02-15T14:59:07+08:00 ] ::1 /framework/assets/styles/img/green.png
INFO: [ app_init ] --START--
INFO: Run Behavior\BuildLiteBehavior [ RunTime:0.000025s ]
INFO: [ app_init ] --END-- [ RunTime:0.000400s ]
ERR: 无法加载模块:Framework

[ 2016-02-15T15:01:13+08:00 ] ::1 /framework/assets/styles/img/green.png
INFO: [ app_init ] --START--
INFO: Run Behavior\BuildLiteBehavior [ RunTime:0.000024s ]
INFO: [ app_init ] --END-- [ RunTime:0.000439s ]
ERR: 无法加载模块:Framework

[ 2016-02-15T15:01:16+08:00 ] ::1 /framework/assets/styles/img/green.png
INFO: [ app_init ] --START--
INFO: Run Behavior\BuildLiteBehavior [ RunTime:0.000023s ]
INFO: [ app_init ] --END-- [ RunTime:0.000356s ]
ERR: 无法加载模块:Framework

[ 2016-02-15T15:01:23+08:00 ] ::1 /framework/assets/styles/img/green.png
INFO: [ app_init ] --START--
INFO: Run Behavior\BuildLiteBehavior [ RunTime:0.000022s ]
INFO: [ app_init ] --END-- [ RunTime:0.000323s ]
ERR: 无法加载模块:Framework

[ 2016-02-15T15:01:24+08:00 ] ::1 /framework/assets/styles/img/green.png
INFO: [ app_init ] --START--
INFO: Run Behavior\BuildLiteBehavior [ RunTime:0.000024s ]
INFO: [ app_init ] --END-- [ RunTime:0.000331s ]
ERR: 无法加载模块:Framework

[ 2016-02-15T15:01:28+08:00 ] ::1 /framework/assets/styles/img/green.png
INFO: [ app_init ] --START--
INFO: Run Behavior\BuildLiteBehavior [ RunTime:0.000025s ]
INFO: [ app_init ] --END-- [ RunTime:0.000495s ]
ERR: 无法加载模块:Framework

[ 2016-02-15T15:02:44+08:00 ] ::1 /framework/assets/styles/img/green.png
INFO: [ app_init ] --START--
INFO: Run Behavior\BuildLiteBehavior [ RunTime:0.000028s ]
INFO: [ app_init ] --END-- [ RunTime:0.000396s ]
ERR: 无法加载模块:Framework

[ 2016-02-15T15:03:10+08:00 ] ::1 /framework/assets/styles/img/green.png
INFO: [ app_init ] --START--
INFO: Run Behavior\BuildLiteBehavior [ RunTime:0.000023s ]
INFO: [ app_init ] --END-- [ RunTime:0.000339s ]
ERR: 无法加载模块:Framework

[ 2016-02-15T15:03:50+08:00 ] ::1 /framework/assets/styles/img/green.png
INFO: [ app_init ] --START--
INFO: Run Behavior\BuildLiteBehavior [ RunTime:0.000023s ]
INFO: [ app_init ] --END-- [ RunTime:0.000346s ]
ERR: 无法加载模块:Framework

[ 2016-02-15T15:04:46+08:00 ] ::1 /framework/assets/styles/img/green.png
INFO: [ app_init ] --START--
INFO: Run Behavior\BuildLiteBehavior [ RunTime:0.000023s ]
INFO: [ app_init ] --END-- [ RunTime:0.000399s ]
ERR: 无法加载模块:Framework

[ 2016-02-15T15:05:00+08:00 ] ::1 /framework/css/images/blank.gif
INFO: [ app_init ] --START--
INFO: Run Behavior\BuildLiteBehavior [ RunTime:0.000025s ]
INFO: [ app_init ] --END-- [ RunTime:0.000368s ]
ERR: 无法加载模块:Framework

[ 2016-02-15T15:05:56+08:00 ] ::1 /framework/assets/styles/img/green.png
INFO: [ app_init ] --START--
INFO: Run Behavior\BuildLiteBehavior [ RunTime:0.000023s ]
INFO: [ app_init ] --END-- [ RunTime:0.000320s ]
ERR: 无法加载模块:Framework

[ 2016-02-15T15:07:40+08:00 ] ::1 /framework/css/images/ui-bg_gloss-wave_70_ffdd57_500x100.png
INFO: [ app_init ] --START--
INFO: Run Behavior\BuildLiteBehavior [ RunTime:0.000037s ]
INFO: [ app_init ] --END-- [ RunTime:0.000531s ]
ERR: 无法加载模块:Framework

[ 2016-02-15T15:07:43+08:00 ] ::1 /public_html/img/ui-bg.png
INFO: [ app_init ] --START--
INFO: Run Behavior\BuildLiteBehavior [ RunTime:0.000035s ]
INFO: [ app_init ] --END-- [ RunTime:0.000505s ]
ERR: 无法加载模块:Public_html

[ 2016-02-15T15:07:50+08:00 ] ::1 /framework/assets/styles/img/green.png
INFO: [ app_init ] --START--
INFO: Run Behavior\BuildLiteBehavior [ RunTime:0.000025s ]
INFO: [ app_init ] --END-- [ RunTime:0.000444s ]
ERR: 无法加载模块:Framework

[ 2016-02-15T15:08:09+08:00 ] ::1 /framework/assets/styles/img/green.png
INFO: [ app_init ] --START--
INFO: Run Behavior\BuildLiteBehavior [ RunTime:0.000024s ]
INFO: [ app_init ] --END-- [ RunTime:0.000365s ]
ERR: 无法加载模块:Framework

[ 2016-02-15T15:08:55+08:00 ] ::1 /assets/fonts/pe-icon-7-stroke/css/pe-icon-7-stroke.css
INFO: [ app_init ] --START--
INFO: Run Behavior\BuildLiteBehavior [ RunTime:0.000022s ]
INFO: [ app_init ] --END-- [ RunTime:0.000312s ]
ERR: 无法加载模块:Assets

[ 2016-02-15T15:08:55+08:00 ] ::1 /assets/fonts/pe-icon-7-stroke/css/helper.css
INFO: [ app_init ] --START--
INFO: Run Behavior\BuildLiteBehavior [ RunTime:0.000137s ]
INFO: [ app_init ] --END-- [ RunTime:0.000489s ]
ERR: 无法加载模块:Assets

[ 2016-02-15T15:09:29+08:00 ] ::1 /assets/fonts/pe-icon-7-stroke/css/helper.css
INFO: [ app_init ] --START--
INFO: Run Behavior\BuildLiteBehavior [ RunTime:0.000024s ]
INFO: [ app_init ] --END-- [ RunTime:0.000376s ]
ERR: 无法加载模块:Assets

[ 2016-02-15T15:09:29+08:00 ] ::1 /assets/fonts/pe-icon-7-stroke/css/pe-icon-7-stroke.css
INFO: [ app_init ] --START--
INFO: Run Behavior\BuildLiteBehavior [ RunTime:0.000021s ]
INFO: [ app_init ] --END-- [ RunTime:0.000307s ]
ERR: 无法加载模块:Assets

[ 2016-02-15T15:09:32+08:00 ] ::1 /framework/assets/styles/img/green.png
INFO: [ app_init ] --START--
INFO: Run Behavior\BuildLiteBehavior [ RunTime:0.000025s ]
INFO: [ app_init ] --END-- [ RunTime:0.000406s ]
ERR: 无法加载模块:Framework

[ 2016-02-15T15:09:34+08:00 ] ::1 /framework/css/images/ui-bg_gloss-wave_70_ffdd57_500x100.png
INFO: [ app_init ] --START--
INFO: Run Behavior\BuildLiteBehavior [ RunTime:0.000038s ]
INFO: [ app_init ] --END-- [ RunTime:0.000566s ]
ERR: 无法加载模块:Framework

[ 2016-02-15T15:09:36+08:00 ] ::1 /framework/css/images/menu.gif
INFO: [ app_init ] --START--
INFO: Run Behavior\BuildLiteBehavior [ RunTime:0.000021s ]
INFO: [ app_init ] --END-- [ RunTime:0.000308s ]
ERR: 无法加载模块:Framework

[ 2016-02-15T15:09:39+08:00 ] ::1 /framework/css/images/blank.gif
INFO: [ app_init ] --START--
INFO: Run Behavior\BuildLiteBehavior [ RunTime:0.000024s ]
INFO: [ app_init ] --END-- [ RunTime:0.000484s ]
ERR: 无法加载模块:Framework

[ 2016-02-15T15:09:58+08:00 ] ::1 /framework/css/images/ui-bg_gloss-wave_70_ffdd57_500x100.png
INFO: [ app_init ] --START--
INFO: Run Behavior\BuildLiteBehavior [ RunTime:0.000023s ]
INFO: [ app_init ] --END-- [ RunTime:0.000329s ]
ERR: 无法加载模块:Framework

[ 2016-02-15T15:09:59+08:00 ] ::1 /public_html/img/ui-bg.png
INFO: [ app_init ] --START--
INFO: Run Behavior\BuildLiteBehavior [ RunTime:0.000039s ]
INFO: [ app_init ] --END-- [ RunTime:0.000571s ]
ERR: 无法加载模块:Public_html

[ 2016-02-15T15:10:00+08:00 ] ::1 /framework/css/images/ui-bg_gloss-wave_70_ffdd57_500x100.png
INFO: [ app_init ] --START--
INFO: Run Behavior\BuildLiteBehavior [ RunTime:0.000026s ]
INFO: [ app_init ] --END-- [ RunTime:0.000439s ]
ERR: 无法加载模块:Framework

[ 2016-02-15T15:10:01+08:00 ] ::1 /framework/css/images/blank.gif
INFO: [ app_init ] --START--
INFO: Run Behavior\BuildLiteBehavior [ RunTime:0.000024s ]
INFO: [ app_init ] --END-- [ RunTime:0.000348s ]
ERR: 无法加载模块:Framework

[ 2016-02-15T15:10:01+08:00 ] ::1 /framework/assets/styles/img/green.png
INFO: [ app_init ] --START--
INFO: Run Behavior\BuildLiteBehavior [ RunTime:0.000029s ]
INFO: [ app_init ] --END-- [ RunTime:0.000460s ]
ERR: 无法加载模块:Framework

[ 2016-02-15T15:10:02+08:00 ] ::1 /framework/css/images/ui-bg_gloss-wave_70_ffdd57_500x100.png
INFO: [ app_init ] --START--
INFO: Run Behavior\BuildLiteBehavior [ RunTime:0.000025s ]
INFO: [ app_init ] --END-- [ RunTime:0.000509s ]
ERR: 无法加载模块:Framework

[ 2016-02-15T15:10:10+08:00 ] ::1 /framework/css/images/menu.gif
INFO: [ app_init ] --START--
INFO: Run Behavior\BuildLiteBehavior [ RunTime:0.000042s ]
INFO: [ app_init ] --END-- [ RunTime:0.000628s ]
ERR: 无法加载模块:Framework

[ 2016-02-15T15:10:12+08:00 ] ::1 /framework/css/images/blank.gif
INFO: [ app_init ] --START--
INFO: Run Behavior\BuildLiteBehavior [ RunTime:0.000037s ]
INFO: [ app_init ] --END-- [ RunTime:0.000516s ]
ERR: 无法加载模块:Framework

[ 2016-02-15T15:10:20+08:00 ] ::1 /framework/css/images/ui-bg_gloss-wave_70_ffdd57_500x100.png
INFO: [ app_init ] --START--
INFO: Run Behavior\BuildLiteBehavior [ RunTime:0.000036s ]
INFO: [ app_init ] --END-- [ RunTime:0.000504s ]
ERR: 无法加载模块:Framework

[ 2016-02-15T15:14:07+08:00 ] ::1 /framework/css/images/blank.gif
INFO: [ app_init ] --START--
INFO: Run Behavior\BuildLiteBehavior [ RunTime:0.000044s ]
INFO: [ app_init ] --END-- [ RunTime:0.000669s ]
ERR: 无法加载模块:Framework

[ 2016-02-15T15:14:21+08:00 ] ::1 /framework/css/images/ui-bg_gloss-wave_70_ffdd57_500x100.png
INFO: [ app_init ] --START--
INFO: Run Behavior\BuildLiteBehavior [ RunTime:0.000019s ]
INFO: [ app_init ] --END-- [ RunTime:0.000273s ]
ERR: 无法加载模块:Framework

[ 2016-02-15T15:16:20+08:00 ] ::1 /framework/css/images/blank.gif
INFO: [ app_init ] --START--
INFO: Run Behavior\BuildLiteBehavior [ RunTime:0.000024s ]
INFO: [ app_init ] --END-- [ RunTime:0.000362s ]
ERR: 无法加载模块:Framework

[ 2016-02-15T15:16:34+08:00 ] ::1 /framework/css/images/ui-bg_gloss-wave_70_ffdd57_500x100.png
INFO: [ app_init ] --START--
INFO: Run Behavior\BuildLiteBehavior [ RunTime:0.000021s ]
INFO: [ app_init ] --END-- [ RunTime:0.000290s ]
ERR: 无法加载模块:Framework

[ 2016-02-15T15:16:35+08:00 ] ::1 /framework/css/images/menu.gif
INFO: [ app_init ] --START--
INFO: Run Behavior\BuildLiteBehavior [ RunTime:0.000050s ]
INFO: [ app_init ] --END-- [ RunTime:0.000513s ]
ERR: 无法加载模块:Framework

[ 2016-02-15T15:16:36+08:00 ] ::1 /framework/css/images/blank.gif
INFO: [ app_init ] --START--
INFO: Run Behavior\BuildLiteBehavior [ RunTime:0.000023s ]
INFO: [ app_init ] --END-- [ RunTime:0.000345s ]
ERR: 无法加载模块:Framework

[ 2016-02-15T15:16:37+08:00 ] ::1 /framework/css/images/ui-bg_gloss-wave_70_ffdd57_500x100.png
INFO: [ app_init ] --START--
INFO: Run Behavior\BuildLiteBehavior [ RunTime:0.000019s ]
INFO: [ app_init ] --END-- [ RunTime:0.000295s ]
ERR: 无法加载模块:Framework

[ 2016-02-15T15:16:37+08:00 ] ::1 /framework/css/images/menu.gif
INFO: [ app_init ] --START--
INFO: Run Behavior\BuildLiteBehavior [ RunTime:0.000043s ]
INFO: [ app_init ] --END-- [ RunTime:0.000518s ]
ERR: 无法加载模块:Framework

[ 2016-02-15T15:16:38+08:00 ] ::1 /framework/css/images/blank.gif
INFO: [ app_init ] --START--
INFO: Run Behavior\BuildLiteBehavior [ RunTime:0.000023s ]
INFO: [ app_init ] --END-- [ RunTime:0.000329s ]
ERR: 无法加载模块:Framework

[ 2016-02-15T15:16:41+08:00 ] ::1 /framework/css/images/ui-bg_gloss-wave_70_ffdd57_500x100.png
INFO: [ app_init ] --START--
INFO: Run Behavior\BuildLiteBehavior [ RunTime:0.000053s ]
INFO: [ app_init ] --END-- [ RunTime:0.000435s ]
ERR: 无法加载模块:Framework

[ 2016-02-15T15:16:43+08:00 ] ::1 /framework/assets/styles/img/green.png
INFO: [ app_init ] --START--
INFO: Run Behavior\BuildLiteBehavior [ RunTime:0.000024s ]
INFO: [ app_init ] --END-- [ RunTime:0.000330s ]
ERR: 无法加载模块:Framework

[ 2016-02-15T15:16:43+08:00 ] ::1 /framework/css/images/ui-bg_gloss-wave_70_ffdd57_500x100.png
INFO: [ app_init ] --START--
INFO: Run Behavior\BuildLiteBehavior [ RunTime:0.000040s ]
INFO: [ app_init ] --END-- [ RunTime:0.000572s ]
ERR: 无法加载模块:Framework

[ 2016-02-15T15:16:44+08:00 ] ::1 /framework/css/images/menu.gif
INFO: [ app_init ] --START--
INFO: Run Behavior\BuildLiteBehavior [ RunTime:0.000039s ]
INFO: [ app_init ] --END-- [ RunTime:0.000689s ]
ERR: 无法加载模块:Framework

[ 2016-02-15T15:16:45+08:00 ] ::1 /framework/css/images/blank.gif
INFO: [ app_init ] --START--
INFO: Run Behavior\BuildLiteBehavior [ RunTime:0.000023s ]
INFO: [ app_init ] --END-- [ RunTime:0.000334s ]
ERR: 无法加载模块:Framework

[ 2016-02-15T15:16:46+08:00 ] ::1 /framework/css/images/ui-bg_gloss-wave_70_ffdd57_500x100.png
INFO: [ app_init ] --START--
INFO: Run Behavior\BuildLiteBehavior [ RunTime:0.000045s ]
INFO: [ app_init ] --END-- [ RunTime:0.000684s ]
ERR: 无法加载模块:Framework

[ 2016-02-15T15:16:47+08:00 ] ::1 /framework/css/images/menu.gif
INFO: [ app_init ] --START--
INFO: Run Behavior\BuildLiteBehavior [ RunTime:0.000036s ]
INFO: [ app_init ] --END-- [ RunTime:0.001052s ]
ERR: 无法加载模块:Framework

[ 2016-02-15T15:16:49+08:00 ] ::1 /framework/css/images/blank.gif
INFO: [ app_init ] --START--
INFO: Run Behavior\BuildLiteBehavior [ RunTime:0.000025s ]
INFO: [ app_init ] --END-- [ RunTime:0.000319s ]
ERR: 无法加载模块:Framework

[ 2016-02-15T15:17:15+08:00 ] ::1 /framework/css/images/ui-bg_gloss-wave_70_ffdd57_500x100.png
INFO: [ app_init ] --START--
INFO: Run Behavior\BuildLiteBehavior [ RunTime:0.000045s ]
INFO: [ app_init ] --END-- [ RunTime:0.000491s ]
ERR: 无法加载模块:Framework

[ 2016-02-15T15:17:16+08:00 ] ::1 /framework/css/images/menu.gif
INFO: [ app_init ] --START--
INFO: Run Behavior\BuildLiteBehavior [ RunTime:0.000032s ]
INFO: [ app_init ] --END-- [ RunTime:0.000717s ]
ERR: 无法加载模块:Framework

[ 2016-02-15T15:17:17+08:00 ] ::1 /framework/css/images/blank.gif
INFO: [ app_init ] --START--
INFO: Run Behavior\BuildLiteBehavior [ RunTime:0.000038s ]
INFO: [ app_init ] --END-- [ RunTime:0.000499s ]
ERR: 无法加载模块:Framework

[ 2016-02-15T15:19:20+08:00 ] ::1 /framework/css/images/blank.gif
INFO: [ app_init ] --START--
INFO: Run Behavior\BuildLiteBehavior [ RunTime:0.000056s ]
INFO: [ app_init ] --END-- [ RunTime:0.001000s ]
ERR: 无法加载模块:Framework

[ 2016-02-15T15:22:24+08:00 ] ::1 /framework/css/images/blank.gif
INFO: [ app_init ] --START--
INFO: Run Behavior\BuildLiteBehavior [ RunTime:0.000037s ]
INFO: [ app_init ] --END-- [ RunTime:0.000625s ]
ERR: 无法加载模块:Framework

[ 2016-02-15T15:22:26+08:00 ] ::1 /framework/assets/styles/img/green.png
INFO: [ app_init ] --START--
INFO: Run Behavior\BuildLiteBehavior [ RunTime:0.000042s ]
INFO: [ app_init ] --END-- [ RunTime:0.000558s ]
ERR: 无法加载模块:Framework

[ 2016-02-15T15:22:34+08:00 ] ::1 /framework/css/images/ui-bg_gloss-wave_70_ffdd57_500x100.png
INFO: [ app_init ] --START--
INFO: Run Behavior\BuildLiteBehavior [ RunTime:0.000066s ]
INFO: [ app_init ] --END-- [ RunTime:0.000717s ]
ERR: 无法加载模块:Framework

[ 2016-02-15T15:22:47+08:00 ] ::1 /assets/fonts/pe-icon-7-stroke/css/pe-icon-7-stroke.css
INFO: [ app_init ] --START--
INFO: Run Behavior\BuildLiteBehavior [ RunTime:0.000022s ]
INFO: [ app_init ] --END-- [ RunTime:0.000317s ]
ERR: 无法加载模块:Assets

[ 2016-02-15T15:22:47+08:00 ] ::1 /assets/fonts/pe-icon-7-stroke/css/helper.css
INFO: [ app_init ] --START--
INFO: Run Behavior\BuildLiteBehavior [ RunTime:0.000046s ]
INFO: [ app_init ] --END-- [ RunTime:0.000498s ]
ERR: 无法加载模块:Assets

[ 2016-02-15T15:22:49+08:00 ] ::1 /framework/assets/styles/img/green.png
INFO: [ app_init ] --START--
INFO: Run Behavior\BuildLiteBehavior [ RunTime:0.000024s ]
INFO: [ app_init ] --END-- [ RunTime:0.000441s ]
ERR: 无法加载模块:Framework

[ 2016-02-15T15:22:50+08:00 ] ::1 /framework/css/images/ui-bg_gloss-wave_70_ffdd57_500x100.png
INFO: [ app_init ] --START--
INFO: Run Behavior\BuildLiteBehavior [ RunTime:0.000021s ]
INFO: [ app_init ] --END-- [ RunTime:0.000300s ]
ERR: 无法加载模块:Framework

[ 2016-02-15T15:22:51+08:00 ] ::1 /framework/css/images/menu.gif
INFO: [ app_init ] --START--
INFO: Run Behavior\BuildLiteBehavior [ RunTime:0.000058s ]
INFO: [ app_init ] --END-- [ RunTime:0.000898s ]
ERR: 无法加载模块:Framework

[ 2016-02-15T15:22:51+08:00 ] ::1 /framework/css/images/blank.gif
INFO: [ app_init ] --START--
INFO: Run Behavior\BuildLiteBehavior [ RunTime:0.000023s ]
INFO: [ app_init ] --END-- [ RunTime:0.000322s ]
ERR: 无法加载模块:Framework

[ 2016-02-15T15:22:57+08:00 ] ::1 /framework/css/images/blank.gif
INFO: [ app_init ] --START--
INFO: Run Behavior\BuildLiteBehavior [ RunTime:0.000045s ]
INFO: [ app_init ] --END-- [ RunTime:0.000883s ]
ERR: 无法加载模块:Framework

[ 2016-02-15T15:23:01+08:00 ] ::1 /framework/css/images/ui-bg_gloss-wave_70_ffdd57_500x100.png
INFO: [ app_init ] --START--
INFO: Run Behavior\BuildLiteBehavior [ RunTime:0.000025s ]
INFO: [ app_init ] --END-- [ RunTime:0.000357s ]
ERR: 无法加载模块:Framework

[ 2016-02-15T15:23:31+08:00 ] ::1 /framework/assets/styles/img/green.png
INFO: [ app_init ] --START--
INFO: Run Behavior\BuildLiteBehavior [ RunTime:0.000023s ]
INFO: [ app_init ] --END-- [ RunTime:0.000330s ]
ERR: 无法加载模块:Framework

[ 2016-02-15T15:26:50+08:00 ] ::1 /assets/fonts/pe-icon-7-stroke/css/pe-icon-7-stroke.css
INFO: [ app_init ] --START--
INFO: Run Behavior\BuildLiteBehavior [ RunTime:0.000060s ]
INFO: [ app_init ] --END-- [ RunTime:0.000840s ]
ERR: 无法加载模块:Assets

[ 2016-02-15T15:26:50+08:00 ] ::1 /assets/fonts/pe-icon-7-stroke/css/helper.css
INFO: [ app_init ] --START--
INFO: Run Behavior\BuildLiteBehavior [ RunTime:0.000036s ]
INFO: [ app_init ] --END-- [ RunTime:0.000624s ]
ERR: 无法加载模块:Assets

[ 2016-02-15T15:32:39+08:00 ] ::1 /framework/css/images/blank.gif
INFO: [ app_init ] --START--
INFO: Run Behavior\BuildLiteBehavior [ RunTime:0.000272s ]
INFO: [ app_init ] --END-- [ RunTime:0.001128s ]
ERR: 无法加载模块:Framework

[ 2016-02-15T15:32:51+08:00 ] ::1 /framework/css/images/ui-bg_gloss-wave_70_ffdd57_500x100.png
INFO: [ app_init ] --START--
INFO: Run Behavior\BuildLiteBehavior [ RunTime:0.000084s ]
INFO: [ app_init ] --END-- [ RunTime:0.000722s ]
ERR: 无法加载模块:Framework

[ 2016-02-15T15:32:51+08:00 ] ::1 /framework/css/images/menu.gif
INFO: [ app_init ] --START--
INFO: Run Behavior\BuildLiteBehavior [ RunTime:0.000026s ]
INFO: [ app_init ] --END-- [ RunTime:0.000495s ]
ERR: 无法加载模块:Framework

[ 2016-02-15T15:32:52+08:00 ] ::1 /framework/css/images/blank.gif
INFO: [ app_init ] --START--
INFO: Run Behavior\BuildLiteBehavior [ RunTime:0.000035s ]
INFO: [ app_init ] --END-- [ RunTime:0.000503s ]
ERR: 无法加载模块:Framework

[ 2016-02-15T15:32:54+08:00 ] ::1 /framework/css/images/ui-bg_gloss-wave_70_ffdd57_500x100.png
INFO: [ app_init ] --START--
INFO: Run Behavior\BuildLiteBehavior [ RunTime:0.000075s ]
INFO: [ app_init ] --END-- [ RunTime:0.001100s ]
ERR: 无法加载模块:Framework

[ 2016-02-15T15:33:39+08:00 ] ::1 /assets/fonts/pe-icon-7-stroke/css/pe-icon-7-stroke.css
INFO: [ app_init ] --START--
INFO: Run Behavior\BuildLiteBehavior [ RunTime:0.000072s ]
INFO: [ app_init ] --END-- [ RunTime:0.000736s ]
ERR: 无法加载模块:Assets

[ 2016-02-15T15:33:39+08:00 ] ::1 /assets/fonts/pe-icon-7-stroke/css/helper.css
INFO: [ app_init ] --START--
INFO: Run Behavior\BuildLiteBehavior [ RunTime:0.000063s ]
INFO: [ app_init ] --END-- [ RunTime:0.000738s ]
ERR: 无法加载模块:Assets

[ 2016-02-15T15:33:41+08:00 ] ::1 /img/printout.png
INFO: [ app_init ] --START--
INFO: Run Behavior\BuildLiteBehavior [ RunTime:0.000025s ]
INFO: [ app_init ] --END-- [ RunTime:0.000357s ]
ERR: 无法加载模块:Img

[ 2016-02-15T15:33:41+08:00 ] ::1 /img/printout.png
INFO: [ app_init ] --START--
INFO: Run Behavior\BuildLiteBehavior [ RunTime:0.000100s ]
INFO: [ app_init ] --END-- [ RunTime:0.001025s ]
ERR: 无法加载模块:Img

[ 2016-02-15T15:33:41+08:00 ] ::1 /framework/assets/vendor/fontawesome/fonts/fontawesome-webfont.woff2?v=4.3.0
INFO: [ app_init ] --START--
INFO: Run Behavior\BuildLiteBehavior [ RunTime:0.000023s ]
INFO: [ app_init ] --END-- [ RunTime:0.000342s ]
ERR: 无法加载模块:Framework

[ 2016-02-15T15:33:42+08:00 ] ::1 /framework/css/images/ui-bg_gloss-wave_70_ffdd57_500x100.png
INFO: [ app_init ] --START--
INFO: Run Behavior\BuildLiteBehavior [ RunTime:0.000019s ]
INFO: [ app_init ] --END-- [ RunTime:0.000269s ]
ERR: 无法加载模块:Framework

[ 2016-02-15T15:33:43+08:00 ] ::1 /framework/css/images/menu.gif
INFO: [ app_init ] --START--
INFO: Run Behavior\BuildLiteBehavior [ RunTime:0.000024s ]
INFO: [ app_init ] --END-- [ RunTime:0.000326s ]
ERR: 无法加载模块:Framework

[ 2016-02-15T15:33:44+08:00 ] ::1 /framework/css/images/blank.gif
INFO: [ app_init ] --START--
INFO: Run Behavior\BuildLiteBehavior [ RunTime:0.000030s ]
INFO: [ app_init ] --END-- [ RunTime:0.000436s ]
ERR: 无法加载模块:Framework

[ 2016-02-15T15:33:44+08:00 ] ::1 /framework/assets/vendor/fontawesome/fonts/fontawesome-webfont.woff2?v=4.3.0
INFO: [ app_init ] --START--
INFO: Run Behavior\BuildLiteBehavior [ RunTime:0.000022s ]
INFO: [ app_init ] --END-- [ RunTime:0.000317s ]
ERR: 无法加载模块:Framework

[ 2016-02-15T15:34:01+08:00 ] ::1 /framework/css/images/blank.gif
INFO: [ app_init ] --START--
INFO: Run Behavior\BuildLiteBehavior [ RunTime:0.000023s ]
INFO: [ app_init ] --END-- [ RunTime:0.000313s ]
ERR: 无法加载模块:Framework

[ 2016-02-15T15:34:38+08:00 ] ::1 /framework/css/images/ui-bg_gloss-wave_70_ffdd57_500x100.png
INFO: [ app_init ] --START--
INFO: Run Behavior\BuildLiteBehavior [ RunTime:0.000033s ]
INFO: [ app_init ] --END-- [ RunTime:0.000789s ]
ERR: 无法加载模块:Framework

[ 2016-02-15T16:05:18+08:00 ] ::1 /framework/assets/styles/img/green.png
INFO: [ app_init ] --START--
INFO: Run Behavior\BuildLiteBehavior [ RunTime:0.000023s ]
INFO: [ app_init ] --END-- [ RunTime:0.000321s ]
ERR: 无法加载模块:Framework

[ 2016-02-15T16:05:20+08:00 ] ::1 /framework/css/images/blank.gif
INFO: [ app_init ] --START--
INFO: Run Behavior\BuildLiteBehavior [ RunTime:0.000037s ]
INFO: [ app_init ] --END-- [ RunTime:0.000521s ]
ERR: 无法加载模块:Framework

[ 2016-02-15T16:05:27+08:00 ] ::1 /framework/css/images/ui-bg_gloss-wave_70_ffdd57_500x100.png
INFO: [ app_init ] --START--
INFO: Run Behavior\BuildLiteBehavior [ RunTime:0.000048s ]
INFO: [ app_init ] --END-- [ RunTime:0.000646s ]
ERR: 无法加载模块:Framework

[ 2016-02-15T16:05:29+08:00 ] ::1 /framework/css/images/ui-bg_gloss-wave_70_ffdd57_500x100.png
INFO: [ app_init ] --START--
INFO: Run Behavior\BuildLiteBehavior [ RunTime:0.000022s ]
INFO: [ app_init ] --END-- [ RunTime:0.000313s ]
ERR: 无法加载模块:Framework

[ 2016-02-15T16:13:28+08:00 ] ::1 /framework/css/images/blank.gif
INFO: [ app_init ] --START--
INFO: Run Behavior\BuildLiteBehavior [ RunTime:0.000041s ]
INFO: [ app_init ] --END-- [ RunTime:0.000672s ]
ERR: 无法加载模块:Framework

