[ 2016-02-25T13:12:34+08:00 ] ::1 /bitStyle/templates/default/js/plugins/fileupload/bootstrap-fileupload.js
INFO: [ app_init ] --START--
INFO: Run Behavior\BuildLiteBehavior [ RunTime:0.000037s ]
INFO: [ app_init ] --END-- [ RunTime:0.000542s ]
ERR: 无法加载模块:BitStyle

[ 2016-02-25T13:12:34+08:00 ] ::1 /bitStyle/css/plugins/fileupload.css
INFO: [ app_init ] --START--
INFO: Run Behavior\BuildLiteBehavior [ RunTime:0.000036s ]
INFO: [ app_init ] --END-- [ RunTime:0.000504s ]
ERR: 无法加载模块:BitStyle

[ 2016-02-25T13:12:37+08:00 ] ::1 /bitStyle/templates/default/js/plugins/fileupload/bootstrap-fileupload.js
INFO: [ app_init ] --START--
INFO: Run Behavior\BuildLiteBehavior [ RunTime:0.000024s ]
INFO: [ app_init ] --END-- [ RunTime:0.000333s ]
ERR: 无法加载模块:BitStyle

[ 2016-02-25T13:12:37+08:00 ] ::1 /bitStyle/css/plugins/fileupload.css
INFO: [ app_init ] --START--
INFO: Run Behavior\BuildLiteBehavior [ RunTime:0.000036s ]
INFO: [ app_init ] --END-- [ RunTime:0.000493s ]
ERR: 无法加载模块:BitStyle

[ 2016-02-25T20:02:19+08:00 ] ::1 /Public/kindeditor/attached/image/20150810/20150810221509_69144.jpg
INFO: [ app_init ] --START--
INFO: Run Behavior\BuildLiteBehavior [ RunTime:0.000037s ]
INFO: [ app_init ] --END-- [ RunTime:0.000504s ]
ERR: 无法加载模块:Public

[ 2016-02-25T20:02:19+08:00 ] ::1 /Public/kindeditor/attached/image/20150810/20150810221507_77744.jpg
INFO: [ app_init ] --START--
INFO: Run Behavior\BuildLiteBehavior [ RunTime:0.000035s ]
INFO: [ app_init ] --END-- [ RunTime:0.000505s ]
ERR: 无法加载模块:Public

[ 2016-02-25T20:02:19+08:00 ] ::1 /Public/kindeditor/attached/image/20150810/20150810221508_34878.jpg
INFO: [ app_init ] --START--
INFO: Run Behavior\BuildLiteBehavior [ RunTime:0.000036s ]
INFO: [ app_init ] --END-- [ RunTime:0.000889s ]
ERR: 无法加载模块:Public

[ 2016-02-25T20:02:19+08:00 ] ::1 /Public/kindeditor/attached/image/20150810/20150810221507_29465.jpg
INFO: [ app_init ] --START--
INFO: Run Behavior\BuildLiteBehavior [ RunTime:0.000035s ]
INFO: [ app_init ] --END-- [ RunTime:0.000532s ]
ERR: 无法加载模块:Public

[ 2016-02-25T20:02:32+08:00 ] ::1 /Public/kindeditor/attached/image/20150810/20150810221507_77744.jpg
INFO: [ app_init ] --START--
INFO: Run Behavior\BuildLiteBehavior [ RunTime:0.000034s ]
INFO: [ app_init ] --END-- [ RunTime:0.000486s ]
ERR: 无法加载模块:Public

[ 2016-02-25T20:02:32+08:00 ] ::1 /Public/kindeditor/attached/image/20150810/20150810221509_69144.jpg
INFO: [ app_init ] --START--
INFO: Run Behavior\BuildLiteBehavior [ RunTime:0.000036s ]
INFO: [ app_init ] --END-- [ RunTime:0.000507s ]
ERR: 无法加载模块:Public

[ 2016-02-25T20:02:32+08:00 ] ::1 /Public/kindeditor/attached/image/20150810/20150810221507_29465.jpg
INFO: [ app_init ] --START--
INFO: Run Behavior\BuildLiteBehavior [ RunTime:0.000043s ]
INFO: [ app_init ] --END-- [ RunTime:0.000680s ]
ERR: 无法加载模块:Public

[ 2016-02-25T20:02:32+08:00 ] ::1 /Public/kindeditor/attached/image/20150810/20150810221508_34878.jpg
INFO: [ app_init ] --START--
INFO: Run Behavior\BuildLiteBehavior [ RunTime:0.000035s ]
INFO: [ app_init ] --END-- [ RunTime:0.000507s ]
ERR: 无法加载模块:Public

[ 2016-02-25T20:02:42+08:00 ] ::1 /Public/kindeditor/attached/image/20150810/20150810221509_69144.jpg
INFO: [ app_init ] --START--
INFO: Run Behavior\BuildLiteBehavior [ RunTime:0.000036s ]
INFO: [ app_init ] --END-- [ RunTime:0.000574s ]
ERR: 无法加载模块:Public

[ 2016-02-25T20:02:42+08:00 ] ::1 /Public/kindeditor/attached/image/20150810/20150810221507_29465.jpg
INFO: [ app_init ] --START--
INFO: Run Behavior\BuildLiteBehavior [ RunTime:0.000043s ]
INFO: [ app_init ] --END-- [ RunTime:0.000545s ]
ERR: 无法加载模块:Public

[ 2016-02-25T20:02:42+08:00 ] ::1 /Public/kindeditor/attached/image/20150810/20150810221507_77744.jpg
INFO: [ app_init ] --START--
INFO: Run Behavior\BuildLiteBehavior [ RunTime:0.000033s ]
INFO: [ app_init ] --END-- [ RunTime:0.000492s ]
ERR: 无法加载模块:Public

[ 2016-02-25T20:02:42+08:00 ] ::1 /Public/kindeditor/attached/image/20150810/20150810221508_34878.jpg
INFO: [ app_init ] --START--
INFO: Run Behavior\BuildLiteBehavior [ RunTime:0.000023s ]
INFO: [ app_init ] --END-- [ RunTime:0.000327s ]
ERR: 无法加载模块:Public

[ 2016-02-25T20:02:55+08:00 ] ::1 /Public/kindeditor/attached/image/20150810/20150810221507_29465.jpg
INFO: [ app_init ] --START--
INFO: Run Behavior\BuildLiteBehavior [ RunTime:0.000038s ]
INFO: [ app_init ] --END-- [ RunTime:0.000651s ]
ERR: 无法加载模块:Public

[ 2016-02-25T20:02:55+08:00 ] ::1 /Public/kindeditor/attached/image/20150810/20150810221509_69144.jpg
INFO: [ app_init ] --START--
INFO: Run Behavior\BuildLiteBehavior [ RunTime:0.000037s ]
INFO: [ app_init ] --END-- [ RunTime:0.000509s ]
ERR: 无法加载模块:Public

[ 2016-02-25T20:02:55+08:00 ] ::1 /Public/kindeditor/attached/image/20150810/20150810221507_77744.jpg
INFO: [ app_init ] --START--
INFO: Run Behavior\BuildLiteBehavior [ RunTime:0.000033s ]
INFO: [ app_init ] --END-- [ RunTime:0.000561s ]
ERR: 无法加载模块:Public

[ 2016-02-25T20:02:55+08:00 ] ::1 /Public/kindeditor/attached/image/20150810/20150810221508_34878.jpg
INFO: [ app_init ] --START--
INFO: Run Behavior\BuildLiteBehavior [ RunTime:0.000034s ]
INFO: [ app_init ] --END-- [ RunTime:0.000535s ]
ERR: 无法加载模块:Public

[ 2016-02-25T20:03:05+08:00 ] ::1 /Public/kindeditor/attached/image/20150810/20150810221509_69144.jpg
INFO: [ app_init ] --START--
INFO: Run Behavior\BuildLiteBehavior [ RunTime:0.000036s ]
INFO: [ app_init ] --END-- [ RunTime:0.000512s ]
ERR: 无法加载模块:Public

[ 2016-02-25T20:03:05+08:00 ] ::1 /Public/kindeditor/attached/image/20150810/20150810221507_77744.jpg
INFO: [ app_init ] --START--
INFO: Run Behavior\BuildLiteBehavior [ RunTime:0.000038s ]
INFO: [ app_init ] --END-- [ RunTime:0.000521s ]
ERR: 无法加载模块:Public

[ 2016-02-25T20:03:05+08:00 ] ::1 /Public/kindeditor/attached/image/20150810/20150810221508_34878.jpg
INFO: [ app_init ] --START--
INFO: Run Behavior\BuildLiteBehavior [ RunTime:0.000044s ]
INFO: [ app_init ] --END-- [ RunTime:0.000716s ]
ERR: 无法加载模块:Public

[ 2016-02-25T20:03:05+08:00 ] ::1 /Public/kindeditor/attached/image/20150810/20150810221507_29465.jpg
INFO: [ app_init ] --START--
INFO: Run Behavior\BuildLiteBehavior [ RunTime:0.000079s ]
INFO: [ app_init ] --END-- [ RunTime:0.001607s ]
ERR: 无法加载模块:Public

[ 2016-02-25T20:05:59+08:00 ] ::1 /phpmyadmin/index.php?db=djzj&token=9bfca2d793273b31b1560548cbca776a
INFO: [ app_init ] --START--
INFO: Run Behavior\BuildLiteBehavior [ RunTime:0.000030s ]
INFO: [ app_init ] --END-- [ RunTime:0.000449s ]
ERR: 无法加载模块:Phpmyadmin

[ 2016-02-25T20:21:57+08:00 ] ::1 /Public/kindeditor/attached/image/20150810/20150810221507_77744.jpg
INFO: [ app_init ] --START--
INFO: Run Behavior\BuildLiteBehavior [ RunTime:0.000037s ]
INFO: [ app_init ] --END-- [ RunTime:0.000506s ]
ERR: 无法加载模块:Public

[ 2016-02-25T20:21:57+08:00 ] ::1 /Public/kindeditor/attached/image/20150810/20150810221509_69144.jpg
INFO: [ app_init ] --START--
INFO: Run Behavior\BuildLiteBehavior [ RunTime:0.000037s ]
INFO: [ app_init ] --END-- [ RunTime:0.000494s ]
ERR: 无法加载模块:Public

[ 2016-02-25T20:21:57+08:00 ] ::1 /Public/kindeditor/attached/image/20150810/20150810221508_34878.jpg
INFO: [ app_init ] --START--
INFO: Run Behavior\BuildLiteBehavior [ RunTime:0.000037s ]
INFO: [ app_init ] --END-- [ RunTime:0.000532s ]
ERR: 无法加载模块:Public

[ 2016-02-25T20:21:57+08:00 ] ::1 /Public/kindeditor/attached/image/20150810/20150810221507_29465.jpg
INFO: [ app_init ] --START--
INFO: Run Behavior\BuildLiteBehavior [ RunTime:0.000026s ]
INFO: [ app_init ] --END-- [ RunTime:0.000511s ]
ERR: 无法加载模块:Public

[ 2016-02-25T20:22:10+08:00 ] ::1 /Public/kindeditor/attached/image/20150810/20150810221509_69144.jpg
INFO: [ app_init ] --START--
INFO: Run Behavior\BuildLiteBehavior [ RunTime:0.000035s ]
INFO: [ app_init ] --END-- [ RunTime:0.000481s ]
ERR: 无法加载模块:Public

[ 2016-02-25T20:22:10+08:00 ] ::1 /Public/kindeditor/attached/image/20150810/20150810221508_34878.jpg
INFO: [ app_init ] --START--
INFO: Run Behavior\BuildLiteBehavior [ RunTime:0.000045s ]
INFO: [ app_init ] --END-- [ RunTime:0.000471s ]
ERR: 无法加载模块:Public

[ 2016-02-25T20:22:10+08:00 ] ::1 /Public/kindeditor/attached/image/20150810/20150810221507_77744.jpg
INFO: [ app_init ] --START--
INFO: Run Behavior\BuildLiteBehavior [ RunTime:0.000036s ]
INFO: [ app_init ] --END-- [ RunTime:0.000501s ]
ERR: 无法加载模块:Public

[ 2016-02-25T20:22:10+08:00 ] ::1 /Public/kindeditor/attached/image/20150810/20150810221507_29465.jpg
INFO: [ app_init ] --START--
INFO: Run Behavior\BuildLiteBehavior [ RunTime:0.000037s ]
INFO: [ app_init ] --END-- [ RunTime:0.000722s ]
ERR: 无法加载模块:Public

[ 2016-02-25T20:22:10+08:00 ] ::1 /Public/kindeditor/attached/image/20150810/20150810221509_69144.jpg
INFO: [ app_init ] --START--
INFO: Run Behavior\BuildLiteBehavior [ RunTime:0.000036s ]
INFO: [ app_init ] --END-- [ RunTime:0.000541s ]
ERR: 无法加载模块:Public

[ 2016-02-25T20:22:10+08:00 ] ::1 /Public/kindeditor/attached/image/20150810/20150810221507_77744.jpg
INFO: [ app_init ] --START--
INFO: Run Behavior\BuildLiteBehavior [ RunTime:0.000036s ]
INFO: [ app_init ] --END-- [ RunTime:0.000518s ]
ERR: 无法加载模块:Public

[ 2016-02-25T20:22:10+08:00 ] ::1 /Public/kindeditor/attached/image/20150810/20150810221507_29465.jpg
INFO: [ app_init ] --START--
INFO: Run Behavior\BuildLiteBehavior [ RunTime:0.000064s ]
INFO: [ app_init ] --END-- [ RunTime:0.000595s ]
ERR: 无法加载模块:Public

[ 2016-02-25T20:22:10+08:00 ] ::1 /Public/kindeditor/attached/image/20150810/20150810221508_34878.jpg
INFO: [ app_init ] --START--
INFO: Run Behavior\BuildLiteBehavior [ RunTime:0.000090s ]
INFO: [ app_init ] --END-- [ RunTime:0.000807s ]
ERR: 无法加载模块:Public

