[ 2016-04-01T10:33:48+08:00 ] 108.162.215.170 /css/css?family=Roboto:500,400
INFO: [ app_init ] --START--
INFO: Run Behavior\BuildLiteBehavior [ RunTime:0.000086s ]
INFO: [ app_init ] --END-- [ RunTime:0.001781s ]
ERR: 无法加载模块:Css

[ 2016-04-01T10:38:10+08:00 ] 108.162.215.154 /favicon.ico
INFO: [ app_init ] --START--
INFO: Run Behavior\BuildLiteBehavior [ RunTime:0.000026s ]
INFO: [ app_init ] --END-- [ RunTime:0.000887s ]
ERR: 无法加载模块:Favicon

[ 2016-04-01T10:43:40+08:00 ] 108.162.215.154 /favicon.ico
INFO: [ app_init ] --START--
INFO: Run Behavior\BuildLiteBehavior [ RunTime:0.000021s ]
INFO: [ app_init ] --END-- [ RunTime:0.000450s ]
ERR: 无法加载模块:Favicon

[ 2016-04-01T10:52:36+08:00 ] 108.162.215.154 /favicon.ico
INFO: [ app_init ] --START--
INFO: Run Behavior\BuildLiteBehavior [ RunTime:0.000032s ]
INFO: [ app_init ] --END-- [ RunTime:0.001193s ]
ERR: 无法加载模块:Favicon

[ 2016-04-01T10:53:30+08:00 ] 162.158.56.83 /bitStyle/js/fn/fn_nl2br.js
INFO: [ app_init ] --START--
INFO: Run Behavior\BuildLiteBehavior [ RunTime:0.000059s ]
INFO: [ app_init ] --END-- [ RunTime:0.000803s ]
ERR: 无法加载模块:BitStyle

[ 2016-04-01T10:57:57+08:00 ] 108.162.215.154 /favicon.ico
INFO: [ app_init ] --START--
INFO: Run Behavior\BuildLiteBehavior [ RunTime:0.000025s ]
INFO: [ app_init ] --END-- [ RunTime:0.000480s ]
ERR: 无法加载模块:Favicon

[ 2016-04-01T10:58:00+08:00 ] 162.158.56.83 /bitStyle/js/fn/fn_nl2br.js
INFO: [ app_init ] --START--
INFO: Run Behavior\BuildLiteBehavior [ RunTime:0.000034s ]
INFO: [ app_init ] --END-- [ RunTime:0.000769s ]
ERR: 无法加载模块:BitStyle

[ 2016-04-01T14:47:18+08:00 ] 108.162.215.154 /favicon.ico
INFO: [ app_init ] --START--
INFO: Run Behavior\BuildLiteBehavior [ RunTime:0.000033s ]
INFO: [ app_init ] --END-- [ RunTime:0.000633s ]
ERR: 无法加载模块:Favicon

[ 2016-04-01T16:43:20+08:00 ] 116.31.126.150 /favicon.ico
INFO: [ app_init ] --START--
INFO: Run Behavior\BuildLiteBehavior [ RunTime:0.000049s ]
INFO: [ app_init ] --END-- [ RunTime:0.000612s ]
ERR: 无法加载模块:Favicon

[ 2016-04-01T17:14:34+08:00 ] 108.162.215.154 /favicon.ico
INFO: [ app_init ] --START--
INFO: Run Behavior\BuildLiteBehavior [ RunTime:0.000027s ]
INFO: [ app_init ] --END-- [ RunTime:0.000477s ]
ERR: 无法加载模块:Favicon

[ 2016-04-01T17:34:07+08:00 ] 116.31.126.150 /favicon.ico
INFO: [ app_init ] --START--
INFO: Run Behavior\BuildLiteBehavior [ RunTime:0.000030s ]
INFO: [ app_init ] --END-- [ RunTime:0.000702s ]
ERR: 无法加载模块:Favicon

[ 2016-04-01T17:34:39+08:00 ] 162.158.56.83 /bitStyle/js/fn/fn_nl2br.js
INFO: [ app_init ] --START--
INFO: Run Behavior\BuildLiteBehavior [ RunTime:0.000029s ]
INFO: [ app_init ] --END-- [ RunTime:0.000443s ]
ERR: 无法加载模块:BitStyle

[ 2016-04-01T17:38:30+08:00 ] 162.158.56.83 /bitStyle/js/fn/fn_nl2br.js
INFO: [ app_init ] --START--
INFO: Run Behavior\BuildLiteBehavior [ RunTime:0.000043s ]
INFO: [ app_init ] --END-- [ RunTime:0.000811s ]
ERR: 无法加载模块:BitStyle

[ 2016-04-01T17:46:53+08:00 ] 108.162.216.8 /robots.txt
INFO: [ app_init ] --START--
INFO: Run Behavior\BuildLiteBehavior [ RunTime:0.000030s ]
INFO: [ app_init ] --END-- [ RunTime:0.000674s ]
ERR: 无法加载模块:Robots

[ 2016-04-01T17:56:48+08:00 ] 116.31.126.150 /css/css?family=Roboto:500,400
INFO: [ app_init ] --START--
INFO: Run Behavior\BuildLiteBehavior [ RunTime:0.000038s ]
INFO: [ app_init ] --END-- [ RunTime:0.003552s ]
ERR: 无法加载模块:Css

[ 2016-04-01T22:50:22+08:00 ] 116.31.126.110 /browserconfig.xml
INFO: [ app_init ] --START--
INFO: Run Behavior\BuildLiteBehavior [ RunTime:0.000030s ]
INFO: [ app_init ] --END-- [ RunTime:0.000567s ]
ERR: 无法加载模块:Browserconfig

