[ 2016-01-27T08:51:29+08:00 ] ::1 /assets/fonts/open-sans-bold.woff
INFO: [ app_init ] --START--
INFO: Run Behavior\BuildLiteBehavior [ RunTime:0.000067s ]
INFO: [ app_init ] --END-- [ RunTime:0.000816s ]
ERR: 无法加载模块:Assets

[ 2016-01-27T08:51:29+08:00 ] ::1 /assets/fonts/open-sans-normal.woff
INFO: [ app_init ] --START--
INFO: Run Behavior\BuildLiteBehavior [ RunTime:0.000034s ]
INFO: [ app_init ] --END-- [ RunTime:0.000479s ]
ERR: 无法加载模块:Assets

[ 2016-01-27T08:51:29+08:00 ] ::1 /assets/vendor/fontawesome/fonts/fontawesome-webfont.woff?v=4.3.0
INFO: [ app_init ] --START--
INFO: Run Behavior\BuildLiteBehavior [ RunTime:0.000065s ]
INFO: [ app_init ] --END-- [ RunTime:0.000769s ]
ERR: 无法加载模块:Assets

[ 2016-01-27T08:51:29+08:00 ] ::1 /assets/vendor/fontawesome/fonts/fontawesome-webfont.ttf?v=4.3.0
INFO: [ app_init ] --START--
INFO: Run Behavior\BuildLiteBehavior [ RunTime:0.000023s ]
INFO: [ app_init ] --END-- [ RunTime:0.000315s ]
ERR: 无法加载模块:Assets

[ 2016-01-27T08:51:29+08:00 ] ::1 /assets/vendor/fontawesome/fonts/fontawesome-webfont.svg?v=4.3.0
INFO: [ app_init ] --START--
INFO: Run Behavior\BuildLiteBehavior [ RunTime:0.000018s ]
INFO: [ app_init ] --END-- [ RunTime:0.000265s ]
ERR: 无法加载模块:Assets

[ 2016-01-27T08:51:44+08:00 ] ::1 /assets/js/validate/assets/css/bootstrap.min.css
INFO: [ app_init ] --START--
INFO: Run Behavior\BuildLiteBehavior [ RunTime:0.000026s ]
INFO: [ app_init ] --END-- [ RunTime:0.000383s ]
ERR: 无法加载模块:Assets

[ 2016-01-27T08:51:44+08:00 ] ::1 /assets/js/validate/assets/css/bootstrap-responsive.min.css
INFO: [ app_init ] --START--
INFO: Run Behavior\BuildLiteBehavior [ RunTime:0.000031s ]
INFO: [ app_init ] --END-- [ RunTime:0.000441s ]
ERR: 无法加载模块:Assets

[ 2016-01-27T08:51:44+08:00 ] ::1 /assets/fonts/open-sans-normal.woff
INFO: [ app_init ] --START--
INFO: Run Behavior\BuildLiteBehavior [ RunTime:0.000025s ]
INFO: [ app_init ] --END-- [ RunTime:0.000510s ]
ERR: 无法加载模块:Assets

[ 2016-01-27T08:51:44+08:00 ] ::1 /assets/fonts/open-sans-bold.woff
INFO: [ app_init ] --START--
INFO: Run Behavior\BuildLiteBehavior [ RunTime:0.000045s ]
INFO: [ app_init ] --END-- [ RunTime:0.000513s ]
ERR: 无法加载模块:Assets

[ 2016-01-27T08:57:26+08:00 ] ::1 /assets/js/validate/assets/css/bootstrap-responsive.min.css
INFO: [ app_init ] --START--
INFO: Run Behavior\BuildLiteBehavior [ RunTime:0.000039s ]
INFO: [ app_init ] --END-- [ RunTime:0.000693s ]
ERR: 无法加载模块:Assets

[ 2016-01-27T08:57:26+08:00 ] ::1 /assets/js/validate/assets/css/bootstrap.min.css
INFO: [ app_init ] --START--
INFO: Run Behavior\BuildLiteBehavior [ RunTime:0.000023s ]
INFO: [ app_init ] --END-- [ RunTime:0.000346s ]
ERR: 无法加载模块:Assets

[ 2016-01-27T08:57:26+08:00 ] ::1 /assets/fonts/open-sans-bold.woff
INFO: [ app_init ] --START--
INFO: Run Behavior\BuildLiteBehavior [ RunTime:0.000043s ]
INFO: [ app_init ] --END-- [ RunTime:0.000943s ]
ERR: 无法加载模块:Assets

[ 2016-01-27T08:57:26+08:00 ] ::1 /assets/fonts/open-sans-normal.woff
INFO: [ app_init ] --START--
INFO: Run Behavior\BuildLiteBehavior [ RunTime:0.000022s ]
INFO: [ app_init ] --END-- [ RunTime:0.000324s ]
ERR: 无法加载模块:Assets

[ 2016-01-27T09:02:27+08:00 ] ::1 /assets/js/validate/assets/css/bootstrap-responsive.min.css
INFO: [ app_init ] --START--
INFO: Run Behavior\BuildLiteBehavior [ RunTime:0.000035s ]
INFO: [ app_init ] --END-- [ RunTime:0.000478s ]
ERR: 无法加载模块:Assets

[ 2016-01-27T09:02:27+08:00 ] ::1 /assets/js/validate/assets/css/bootstrap.min.css
INFO: [ app_init ] --START--
INFO: Run Behavior\BuildLiteBehavior [ RunTime:0.000032s ]
INFO: [ app_init ] --END-- [ RunTime:0.000479s ]
ERR: 无法加载模块:Assets

[ 2016-01-27T09:02:27+08:00 ] ::1 /assets/fonts/open-sans-normal.woff
INFO: [ app_init ] --START--
INFO: Run Behavior\BuildLiteBehavior [ RunTime:0.000031s ]
INFO: [ app_init ] --END-- [ RunTime:0.000498s ]
ERR: 无法加载模块:Assets

[ 2016-01-27T09:02:27+08:00 ] ::1 /assets/fonts/open-sans-bold.woff
INFO: [ app_init ] --START--
INFO: Run Behavior\BuildLiteBehavior [ RunTime:0.000034s ]
INFO: [ app_init ] --END-- [ RunTime:0.000917s ]
ERR: 无法加载模块:Assets

[ 2016-01-27T09:02:31+08:00 ] ::1 /assets/js/validate/assets/css/bootstrap-responsive.min.css
INFO: [ app_init ] --START--
INFO: Run Behavior\BuildLiteBehavior [ RunTime:0.000035s ]
INFO: [ app_init ] --END-- [ RunTime:0.000486s ]
ERR: 无法加载模块:Assets

[ 2016-01-27T09:02:31+08:00 ] ::1 /assets/js/validate/assets/css/bootstrap.min.css
INFO: [ app_init ] --START--
INFO: Run Behavior\BuildLiteBehavior [ RunTime:0.000021s ]
INFO: [ app_init ] --END-- [ RunTime:0.000316s ]
ERR: 无法加载模块:Assets

[ 2016-01-27T09:02:31+08:00 ] ::1 /assets/fonts/open-sans-bold.woff
INFO: [ app_init ] --START--
INFO: Run Behavior\BuildLiteBehavior [ RunTime:0.000037s ]
INFO: [ app_init ] --END-- [ RunTime:0.000482s ]
ERR: 无法加载模块:Assets

[ 2016-01-27T09:02:31+08:00 ] ::1 /assets/fonts/open-sans-normal.woff
INFO: [ app_init ] --START--
INFO: Run Behavior\BuildLiteBehavior [ RunTime:0.000028s ]
INFO: [ app_init ] --END-- [ RunTime:0.000453s ]
ERR: 无法加载模块:Assets

[ 2016-01-27T09:09:22+08:00 ] ::1 /assets/fonts/pe-icon-7-stroke/css/helper.css
INFO: [ app_init ] --START--
INFO: Run Behavior\BuildLiteBehavior [ RunTime:0.000037s ]
INFO: [ app_init ] --END-- [ RunTime:0.000518s ]
ERR: 无法加载模块:Assets

[ 2016-01-27T09:09:22+08:00 ] ::1 /assets/fonts/pe-icon-7-stroke/css/pe-icon-7-stroke.css
INFO: [ app_init ] --START--
INFO: Run Behavior\BuildLiteBehavior [ RunTime:0.000124s ]
INFO: [ app_init ] --END-- [ RunTime:0.001148s ]
ERR: 无法加载模块:Assets

[ 2016-01-27T09:09:22+08:00 ] ::1 /public_html/img/ui-bg.png
INFO: [ app_init ] --START--
INFO: Run Behavior\BuildLiteBehavior [ RunTime:0.000023s ]
INFO: [ app_init ] --END-- [ RunTime:0.000321s ]
ERR: 无法加载模块:Public_html

[ 2016-01-27T09:09:23+08:00 ] ::1 /assets/vendor/fontawesome/fonts/fontawesome-webfont.woff?v=4.3.0
INFO: [ app_init ] --START--
INFO: Run Behavior\BuildLiteBehavior [ RunTime:0.000024s ]
INFO: [ app_init ] --END-- [ RunTime:0.000376s ]
ERR: 无法加载模块:Assets

[ 2016-01-27T09:09:23+08:00 ] ::1 /assets/vendor/fontawesome/fonts/fontawesome-webfont.ttf?v=4.3.0
INFO: [ app_init ] --START--
INFO: Run Behavior\BuildLiteBehavior [ RunTime:0.000018s ]
INFO: [ app_init ] --END-- [ RunTime:0.000281s ]
ERR: 无法加载模块:Assets

[ 2016-01-27T09:09:23+08:00 ] ::1 /assets/vendor/fontawesome/fonts/fontawesome-webfont.svg?v=4.3.0
INFO: [ app_init ] --START--
INFO: Run Behavior\BuildLiteBehavior [ RunTime:0.000023s ]
INFO: [ app_init ] --END-- [ RunTime:0.000424s ]
ERR: 无法加载模块:Assets

[ 2016-01-27T09:15:20+08:00 ] ::1 /assets/js/validate/assets/css/bootstrap.min.css
INFO: [ app_init ] --START--
INFO: Run Behavior\BuildLiteBehavior [ RunTime:0.000035s ]
INFO: [ app_init ] --END-- [ RunTime:0.000328s ]
ERR: 无法加载模块:Assets

[ 2016-01-27T09:15:20+08:00 ] ::1 /assets/js/validate/assets/css/bootstrap-responsive.min.css
INFO: [ app_init ] --START--
INFO: Run Behavior\BuildLiteBehavior [ RunTime:0.000037s ]
INFO: [ app_init ] --END-- [ RunTime:0.000535s ]
ERR: 无法加载模块:Assets

[ 2016-01-27T09:15:20+08:00 ] ::1 /assets/fonts/open-sans-normal.woff
INFO: [ app_init ] --START--
INFO: Run Behavior\BuildLiteBehavior [ RunTime:0.000034s ]
INFO: [ app_init ] --END-- [ RunTime:0.000533s ]
ERR: 无法加载模块:Assets

[ 2016-01-27T09:15:20+08:00 ] ::1 /assets/fonts/open-sans-bold.woff
INFO: [ app_init ] --START--
INFO: Run Behavior\BuildLiteBehavior [ RunTime:0.000023s ]
INFO: [ app_init ] --END-- [ RunTime:0.000348s ]
ERR: 无法加载模块:Assets

[ 2016-01-27T09:15:25+08:00 ] ::1 /assets/js/validate/assets/css/bootstrap-responsive.min.css
INFO: [ app_init ] --START--
INFO: Run Behavior\BuildLiteBehavior [ RunTime:0.000022s ]
INFO: [ app_init ] --END-- [ RunTime:0.000309s ]
ERR: 无法加载模块:Assets

[ 2016-01-27T09:15:25+08:00 ] ::1 /assets/js/validate/assets/css/bootstrap.min.css
INFO: [ app_init ] --START--
INFO: Run Behavior\BuildLiteBehavior [ RunTime:0.000022s ]
INFO: [ app_init ] --END-- [ RunTime:0.000319s ]
ERR: 无法加载模块:Assets

[ 2016-01-27T09:15:25+08:00 ] ::1 /assets/fonts/open-sans-normal.woff
INFO: [ app_init ] --START--
INFO: Run Behavior\BuildLiteBehavior [ RunTime:0.000036s ]
INFO: [ app_init ] --END-- [ RunTime:0.000671s ]
ERR: 无法加载模块:Assets

[ 2016-01-27T09:15:25+08:00 ] ::1 /assets/fonts/open-sans-bold.woff
INFO: [ app_init ] --START--
INFO: Run Behavior\BuildLiteBehavior [ RunTime:0.000023s ]
INFO: [ app_init ] --END-- [ RunTime:0.000327s ]
ERR: 无法加载模块:Assets

[ 2016-01-27T09:15:33+08:00 ] ::1 /assets/js/validate/assets/css/bootstrap.min.css
INFO: [ app_init ] --START--
INFO: Run Behavior\BuildLiteBehavior [ RunTime:0.000038s ]
INFO: [ app_init ] --END-- [ RunTime:0.000442s ]
ERR: 无法加载模块:Assets

[ 2016-01-27T09:15:33+08:00 ] ::1 /assets/js/validate/assets/css/bootstrap-responsive.min.css
INFO: [ app_init ] --START--
INFO: Run Behavior\BuildLiteBehavior [ RunTime:0.000037s ]
INFO: [ app_init ] --END-- [ RunTime:0.000561s ]
ERR: 无法加载模块:Assets

[ 2016-01-27T09:15:33+08:00 ] ::1 /assets/fonts/open-sans-normal.woff
INFO: [ app_init ] --START--
INFO: Run Behavior\BuildLiteBehavior [ RunTime:0.000022s ]
INFO: [ app_init ] --END-- [ RunTime:0.000310s ]
ERR: 无法加载模块:Assets

[ 2016-01-27T09:15:33+08:00 ] ::1 /assets/fonts/open-sans-bold.woff
INFO: [ app_init ] --START--
INFO: Run Behavior\BuildLiteBehavior [ RunTime:0.000032s ]
INFO: [ app_init ] --END-- [ RunTime:0.000356s ]
ERR: 无法加载模块:Assets

[ 2016-01-27T09:15:42+08:00 ] ::1 /assets/js/validate/assets/css/bootstrap.min.css
INFO: [ app_init ] --START--
INFO: Run Behavior\BuildLiteBehavior [ RunTime:0.000038s ]
INFO: [ app_init ] --END-- [ RunTime:0.000526s ]
ERR: 无法加载模块:Assets

[ 2016-01-27T09:15:42+08:00 ] ::1 /assets/js/validate/assets/css/bootstrap-responsive.min.css
INFO: [ app_init ] --START--
INFO: Run Behavior\BuildLiteBehavior [ RunTime:0.000022s ]
INFO: [ app_init ] --END-- [ RunTime:0.000362s ]
ERR: 无法加载模块:Assets

[ 2016-01-27T09:15:42+08:00 ] ::1 /assets/fonts/open-sans-normal.woff
INFO: [ app_init ] --START--
INFO: Run Behavior\BuildLiteBehavior [ RunTime:0.000022s ]
INFO: [ app_init ] --END-- [ RunTime:0.000304s ]
ERR: 无法加载模块:Assets

[ 2016-01-27T09:15:42+08:00 ] ::1 /assets/fonts/open-sans-bold.woff
INFO: [ app_init ] --START--
INFO: Run Behavior\BuildLiteBehavior [ RunTime:0.000022s ]
INFO: [ app_init ] --END-- [ RunTime:0.000322s ]
ERR: 无法加载模块:Assets

[ 2016-01-27T09:20:10+08:00 ] ::1 /assets/js/validate/assets/css/bootstrap.min.css
INFO: [ app_init ] --START--
INFO: Run Behavior\BuildLiteBehavior [ RunTime:0.000038s ]
INFO: [ app_init ] --END-- [ RunTime:0.000556s ]
ERR: 无法加载模块:Assets

[ 2016-01-27T09:20:10+08:00 ] ::1 /assets/js/validate/assets/css/bootstrap-responsive.min.css
INFO: [ app_init ] --START--
INFO: Run Behavior\BuildLiteBehavior [ RunTime:0.000027s ]
INFO: [ app_init ] --END-- [ RunTime:0.000363s ]
ERR: 无法加载模块:Assets

[ 2016-01-27T09:20:10+08:00 ] ::1 /assets/fonts/open-sans-normal.woff
INFO: [ app_init ] --START--
INFO: Run Behavior\BuildLiteBehavior [ RunTime:0.000022s ]
INFO: [ app_init ] --END-- [ RunTime:0.000305s ]
ERR: 无法加载模块:Assets

[ 2016-01-27T09:20:10+08:00 ] ::1 /assets/fonts/open-sans-bold.woff
INFO: [ app_init ] --START--
INFO: Run Behavior\BuildLiteBehavior [ RunTime:0.000035s ]
INFO: [ app_init ] --END-- [ RunTime:0.000509s ]
ERR: 无法加载模块:Assets

[ 2016-01-27T09:20:13+08:00 ] ::1 /assets/js/validate/assets/css/bootstrap-responsive.min.css
INFO: [ app_init ] --START--
INFO: Run Behavior\BuildLiteBehavior [ RunTime:0.000023s ]
INFO: [ app_init ] --END-- [ RunTime:0.000314s ]
ERR: 无法加载模块:Assets

[ 2016-01-27T09:20:13+08:00 ] ::1 /assets/js/validate/assets/css/bootstrap.min.css
INFO: [ app_init ] --START--
INFO: Run Behavior\BuildLiteBehavior [ RunTime:0.000021s ]
INFO: [ app_init ] --END-- [ RunTime:0.000304s ]
ERR: 无法加载模块:Assets

[ 2016-01-27T09:20:13+08:00 ] ::1 /assets/fonts/open-sans-normal.woff
INFO: [ app_init ] --START--
INFO: Run Behavior\BuildLiteBehavior [ RunTime:0.000037s ]
INFO: [ app_init ] --END-- [ RunTime:0.000488s ]
ERR: 无法加载模块:Assets

[ 2016-01-27T09:20:13+08:00 ] ::1 /assets/fonts/open-sans-bold.woff
INFO: [ app_init ] --START--
INFO: Run Behavior\BuildLiteBehavior [ RunTime:0.000022s ]
INFO: [ app_init ] --END-- [ RunTime:0.000360s ]
ERR: 无法加载模块:Assets

[ 2016-01-27T09:20:31+08:00 ] ::1 /assets/js/validate/assets/css/bootstrap.min.css
INFO: [ app_init ] --START--
INFO: Run Behavior\BuildLiteBehavior [ RunTime:0.000025s ]
INFO: [ app_init ] --END-- [ RunTime:0.000440s ]
ERR: 无法加载模块:Assets

[ 2016-01-27T09:20:31+08:00 ] ::1 /assets/js/validate/assets/css/bootstrap-responsive.min.css
INFO: [ app_init ] --START--
INFO: Run Behavior\BuildLiteBehavior [ RunTime:0.000020s ]
INFO: [ app_init ] --END-- [ RunTime:0.000297s ]
ERR: 无法加载模块:Assets

[ 2016-01-27T09:20:31+08:00 ] ::1 /assets/fonts/open-sans-normal.woff
INFO: [ app_init ] --START--
INFO: Run Behavior\BuildLiteBehavior [ RunTime:0.000035s ]
INFO: [ app_init ] --END-- [ RunTime:0.000504s ]
ERR: 无法加载模块:Assets

[ 2016-01-27T09:20:31+08:00 ] ::1 /assets/fonts/open-sans-bold.woff
INFO: [ app_init ] --START--
INFO: Run Behavior\BuildLiteBehavior [ RunTime:0.000023s ]
INFO: [ app_init ] --END-- [ RunTime:0.000338s ]
ERR: 无法加载模块:Assets

[ 2016-01-27T09:21:06+08:00 ] ::1 /assets/js/validate/assets/css/bootstrap.min.css
INFO: [ app_init ] --START--
INFO: Run Behavior\BuildLiteBehavior [ RunTime:0.000037s ]
INFO: [ app_init ] --END-- [ RunTime:0.000938s ]
ERR: 无法加载模块:Assets

[ 2016-01-27T09:21:06+08:00 ] ::1 /assets/js/validate/assets/css/bootstrap-responsive.min.css
INFO: [ app_init ] --START--
INFO: Run Behavior\BuildLiteBehavior [ RunTime:0.000022s ]
INFO: [ app_init ] --END-- [ RunTime:0.000320s ]
ERR: 无法加载模块:Assets

[ 2016-01-27T09:21:06+08:00 ] ::1 /assets/fonts/open-sans-normal.woff
INFO: [ app_init ] --START--
INFO: Run Behavior\BuildLiteBehavior [ RunTime:0.000022s ]
INFO: [ app_init ] --END-- [ RunTime:0.000308s ]
ERR: 无法加载模块:Assets

[ 2016-01-27T09:21:06+08:00 ] ::1 /assets/fonts/open-sans-bold.woff
INFO: [ app_init ] --START--
INFO: Run Behavior\BuildLiteBehavior [ RunTime:0.000035s ]
INFO: [ app_init ] --END-- [ RunTime:0.000512s ]
ERR: 无法加载模块:Assets

[ 2016-01-27T09:21:09+08:00 ] ::1 /assets/js/validate/assets/css/bootstrap.min.css
INFO: [ app_init ] --START--
INFO: Run Behavior\BuildLiteBehavior [ RunTime:0.000023s ]
INFO: [ app_init ] --END-- [ RunTime:0.000324s ]
ERR: 无法加载模块:Assets

[ 2016-01-27T09:21:09+08:00 ] ::1 /assets/js/validate/assets/css/bootstrap-responsive.min.css
INFO: [ app_init ] --START--
INFO: Run Behavior\BuildLiteBehavior [ RunTime:0.000021s ]
INFO: [ app_init ] --END-- [ RunTime:0.000298s ]
ERR: 无法加载模块:Assets

[ 2016-01-27T09:21:09+08:00 ] ::1 /assets/fonts/open-sans-normal.woff
INFO: [ app_init ] --START--
INFO: Run Behavior\BuildLiteBehavior [ RunTime:0.000034s ]
INFO: [ app_init ] --END-- [ RunTime:0.000520s ]
ERR: 无法加载模块:Assets

[ 2016-01-27T09:21:09+08:00 ] ::1 /assets/fonts/open-sans-bold.woff
INFO: [ app_init ] --START--
INFO: Run Behavior\BuildLiteBehavior [ RunTime:0.000034s ]
INFO: [ app_init ] --END-- [ RunTime:0.000441s ]
ERR: 无法加载模块:Assets

[ 2016-01-27T09:21:16+08:00 ] ::1 /assets/js/validate/assets/css/bootstrap.min.css
INFO: [ app_init ] --START--
INFO: Run Behavior\BuildLiteBehavior [ RunTime:0.000036s ]
INFO: [ app_init ] --END-- [ RunTime:0.000486s ]
ERR: 无法加载模块:Assets

[ 2016-01-27T09:21:16+08:00 ] ::1 /assets/js/validate/assets/css/bootstrap-responsive.min.css
INFO: [ app_init ] --START--
INFO: Run Behavior\BuildLiteBehavior [ RunTime:0.000021s ]
INFO: [ app_init ] --END-- [ RunTime:0.000293s ]
ERR: 无法加载模块:Assets

[ 2016-01-27T09:21:16+08:00 ] ::1 /assets/fonts/open-sans-normal.woff
INFO: [ app_init ] --START--
INFO: Run Behavior\BuildLiteBehavior [ RunTime:0.000022s ]
INFO: [ app_init ] --END-- [ RunTime:0.000322s ]
ERR: 无法加载模块:Assets

[ 2016-01-27T09:21:16+08:00 ] ::1 /assets/fonts/open-sans-bold.woff
INFO: [ app_init ] --START--
INFO: Run Behavior\BuildLiteBehavior [ RunTime:0.000035s ]
INFO: [ app_init ] --END-- [ RunTime:0.000503s ]
ERR: 无法加载模块:Assets

[ 2016-01-27T09:21:41+08:00 ] ::1 /assets/js/validate/assets/css/bootstrap.min.css
INFO: [ app_init ] --START--
INFO: Run Behavior\BuildLiteBehavior [ RunTime:0.000038s ]
INFO: [ app_init ] --END-- [ RunTime:0.001836s ]
ERR: 无法加载模块:Assets

[ 2016-01-27T09:21:41+08:00 ] ::1 /assets/js/validate/assets/css/bootstrap-responsive.min.css
INFO: [ app_init ] --START--
INFO: Run Behavior\BuildLiteBehavior [ RunTime:0.000022s ]
INFO: [ app_init ] --END-- [ RunTime:0.000369s ]
ERR: 无法加载模块:Assets

[ 2016-01-27T09:21:41+08:00 ] ::1 /assets/fonts/open-sans-bold.woff
INFO: [ app_init ] --START--
INFO: Run Behavior\BuildLiteBehavior [ RunTime:0.000022s ]
INFO: [ app_init ] --END-- [ RunTime:0.000334s ]
ERR: 无法加载模块:Assets

[ 2016-01-27T09:21:41+08:00 ] ::1 /assets/fonts/open-sans-normal.woff
INFO: [ app_init ] --START--
INFO: Run Behavior\BuildLiteBehavior [ RunTime:0.000024s ]
INFO: [ app_init ] --END-- [ RunTime:0.000327s ]
ERR: 无法加载模块:Assets

[ 2016-01-27T09:21:45+08:00 ] ::1 /assets/js/validate/assets/css/bootstrap-responsive.min.css
INFO: [ app_init ] --START--
INFO: Run Behavior\BuildLiteBehavior [ RunTime:0.000023s ]
INFO: [ app_init ] --END-- [ RunTime:0.000335s ]
ERR: 无法加载模块:Assets

[ 2016-01-27T09:21:45+08:00 ] ::1 /assets/js/validate/assets/css/bootstrap.min.css
INFO: [ app_init ] --START--
INFO: Run Behavior\BuildLiteBehavior [ RunTime:0.000035s ]
INFO: [ app_init ] --END-- [ RunTime:0.000551s ]
ERR: 无法加载模块:Assets

[ 2016-01-27T09:21:45+08:00 ] ::1 /assets/fonts/open-sans-normal.woff
INFO: [ app_init ] --START--
INFO: Run Behavior\BuildLiteBehavior [ RunTime:0.000036s ]
INFO: [ app_init ] --END-- [ RunTime:0.000532s ]
ERR: 无法加载模块:Assets

[ 2016-01-27T09:21:45+08:00 ] ::1 /assets/fonts/open-sans-bold.woff
INFO: [ app_init ] --START--
INFO: Run Behavior\BuildLiteBehavior [ RunTime:0.000033s ]
INFO: [ app_init ] --END-- [ RunTime:0.000487s ]
ERR: 无法加载模块:Assets

[ 2016-01-27T09:21:54+08:00 ] ::1 /assets/js/validate/assets/css/bootstrap.min.css
INFO: [ app_init ] --START--
INFO: Run Behavior\BuildLiteBehavior [ RunTime:0.000024s ]
INFO: [ app_init ] --END-- [ RunTime:0.000323s ]
ERR: 无法加载模块:Assets

[ 2016-01-27T09:21:54+08:00 ] ::1 /assets/js/validate/assets/css/bootstrap-responsive.min.css
INFO: [ app_init ] --START--
INFO: Run Behavior\BuildLiteBehavior [ RunTime:0.000023s ]
INFO: [ app_init ] --END-- [ RunTime:0.000380s ]
ERR: 无法加载模块:Assets

[ 2016-01-27T09:21:54+08:00 ] ::1 /assets/fonts/open-sans-normal.woff
INFO: [ app_init ] --START--
INFO: Run Behavior\BuildLiteBehavior [ RunTime:0.000022s ]
INFO: [ app_init ] --END-- [ RunTime:0.000306s ]
ERR: 无法加载模块:Assets

[ 2016-01-27T09:21:54+08:00 ] ::1 /assets/fonts/open-sans-bold.woff
INFO: [ app_init ] --START--
INFO: Run Behavior\BuildLiteBehavior [ RunTime:0.000021s ]
INFO: [ app_init ] --END-- [ RunTime:0.000302s ]
ERR: 无法加载模块:Assets

[ 2016-01-27T09:22:00+08:00 ] ::1 /assets/js/validate/assets/css/bootstrap.min.css
INFO: [ app_init ] --START--
INFO: Run Behavior\BuildLiteBehavior [ RunTime:0.000022s ]
INFO: [ app_init ] --END-- [ RunTime:0.000315s ]
ERR: 无法加载模块:Assets

[ 2016-01-27T09:22:00+08:00 ] ::1 /assets/js/validate/assets/css/bootstrap-responsive.min.css
INFO: [ app_init ] --START--
INFO: Run Behavior\BuildLiteBehavior [ RunTime:0.000020s ]
INFO: [ app_init ] --END-- [ RunTime:0.000301s ]
ERR: 无法加载模块:Assets

[ 2016-01-27T09:22:00+08:00 ] ::1 /assets/fonts/open-sans-bold.woff
INFO: [ app_init ] --START--
INFO: Run Behavior\BuildLiteBehavior [ RunTime:0.000022s ]
INFO: [ app_init ] --END-- [ RunTime:0.000300s ]
ERR: 无法加载模块:Assets

[ 2016-01-27T09:22:00+08:00 ] ::1 /assets/fonts/open-sans-normal.woff
INFO: [ app_init ] --START--
INFO: Run Behavior\BuildLiteBehavior [ RunTime:0.000024s ]
INFO: [ app_init ] --END-- [ RunTime:0.000594s ]
ERR: 无法加载模块:Assets

[ 2016-01-27T09:22:32+08:00 ] ::1 /assets/js/validate/assets/css/bootstrap-responsive.min.css
INFO: [ app_init ] --START--
INFO: Run Behavior\BuildLiteBehavior [ RunTime:0.000025s ]
INFO: [ app_init ] --END-- [ RunTime:0.000373s ]
ERR: 无法加载模块:Assets

[ 2016-01-27T09:22:32+08:00 ] ::1 /assets/js/validate/assets/css/bootstrap.min.css
INFO: [ app_init ] --START--
INFO: Run Behavior\BuildLiteBehavior [ RunTime:0.000027s ]
INFO: [ app_init ] --END-- [ RunTime:0.000592s ]
ERR: 无法加载模块:Assets

[ 2016-01-27T09:22:32+08:00 ] ::1 /assets/fonts/open-sans-bold.woff
INFO: [ app_init ] --START--
INFO: Run Behavior\BuildLiteBehavior [ RunTime:0.000022s ]
INFO: [ app_init ] --END-- [ RunTime:0.000326s ]
ERR: 无法加载模块:Assets

[ 2016-01-27T09:22:32+08:00 ] ::1 /assets/fonts/open-sans-normal.woff
INFO: [ app_init ] --START--
INFO: Run Behavior\BuildLiteBehavior [ RunTime:0.000025s ]
INFO: [ app_init ] --END-- [ RunTime:0.000360s ]
ERR: 无法加载模块:Assets

[ 2016-01-27T09:22:39+08:00 ] ::1 /assets/js/validate/assets/css/bootstrap.min.css
INFO: [ app_init ] --START--
INFO: Run Behavior\BuildLiteBehavior [ RunTime:0.000021s ]
INFO: [ app_init ] --END-- [ RunTime:0.000310s ]
ERR: 无法加载模块:Assets

[ 2016-01-27T09:22:39+08:00 ] ::1 /assets/js/validate/assets/css/bootstrap-responsive.min.css
INFO: [ app_init ] --START--
INFO: Run Behavior\BuildLiteBehavior [ RunTime:0.000020s ]
INFO: [ app_init ] --END-- [ RunTime:0.000311s ]
ERR: 无法加载模块:Assets

[ 2016-01-27T09:22:39+08:00 ] ::1 /assets/fonts/open-sans-normal.woff
INFO: [ app_init ] --START--
INFO: Run Behavior\BuildLiteBehavior [ RunTime:0.000036s ]
INFO: [ app_init ] --END-- [ RunTime:0.000481s ]
ERR: 无法加载模块:Assets

[ 2016-01-27T09:22:39+08:00 ] ::1 /assets/fonts/open-sans-bold.woff
INFO: [ app_init ] --START--
INFO: Run Behavior\BuildLiteBehavior [ RunTime:0.000037s ]
INFO: [ app_init ] --END-- [ RunTime:0.000542s ]
ERR: 无法加载模块:Assets

[ 2016-01-27T15:58:45+08:00 ] ::1 /assets/fonts/open-sans-normal.woff
INFO: [ app_init ] --START--
INFO: Run Behavior\BuildLiteBehavior [ RunTime:0.000035s ]
INFO: [ app_init ] --END-- [ RunTime:0.000516s ]
ERR: 无法加载模块:Assets

[ 2016-01-27T15:58:45+08:00 ] ::1 /assets/vendor/fontawesome/fonts/fontawesome-webfont.woff?v=4.3.0
INFO: [ app_init ] --START--
INFO: Run Behavior\BuildLiteBehavior [ RunTime:0.000864s ]
INFO: [ app_init ] --END-- [ RunTime:0.001856s ]
ERR: 无法加载模块:Assets

[ 2016-01-27T15:58:45+08:00 ] ::1 /assets/fonts/open-sans-bold.woff
INFO: [ app_init ] --START--
INFO: Run Behavior\BuildLiteBehavior [ RunTime:0.000078s ]
INFO: [ app_init ] --END-- [ RunTime:0.000906s ]
ERR: 无法加载模块:Assets

[ 2016-01-27T15:58:45+08:00 ] ::1 /assets/vendor/fontawesome/fonts/fontawesome-webfont.ttf?v=4.3.0
INFO: [ app_init ] --START--
INFO: Run Behavior\BuildLiteBehavior [ RunTime:0.000060s ]
INFO: [ app_init ] --END-- [ RunTime:0.000941s ]
ERR: 无法加载模块:Assets

[ 2016-01-27T15:58:46+08:00 ] ::1 /assets/vendor/fontawesome/fonts/fontawesome-webfont.svg?v=4.3.0
INFO: [ app_init ] --START--
INFO: Run Behavior\BuildLiteBehavior [ RunTime:0.000026s ]
INFO: [ app_init ] --END-- [ RunTime:0.000647s ]
ERR: 无法加载模块:Assets

[ 2016-01-27T15:59:16+08:00 ] ::1 /assets/fonts/pe-icon-7-stroke/css/pe-icon-7-stroke.css
INFO: [ app_init ] --START--
INFO: Run Behavior\BuildLiteBehavior [ RunTime:0.000040s ]
INFO: [ app_init ] --END-- [ RunTime:0.000714s ]
ERR: 无法加载模块:Assets

[ 2016-01-27T15:59:16+08:00 ] ::1 /assets/fonts/pe-icon-7-stroke/css/helper.css
INFO: [ app_init ] --START--
INFO: Run Behavior\BuildLiteBehavior [ RunTime:0.000043s ]
INFO: [ app_init ] --END-- [ RunTime:0.000592s ]
ERR: 无法加载模块:Assets

[ 2016-01-27T15:59:17+08:00 ] ::1 /assets/vendor/fontawesome/fonts/fontawesome-webfont.woff?v=4.3.0
INFO: [ app_init ] --START--
INFO: Run Behavior\BuildLiteBehavior [ RunTime:0.000030s ]
INFO: [ app_init ] --END-- [ RunTime:0.000363s ]
ERR: 无法加载模块:Assets

[ 2016-01-27T15:59:17+08:00 ] ::1 /assets/styles/img/green.png
INFO: [ app_init ] --START--
INFO: Run Behavior\BuildLiteBehavior [ RunTime:0.000023s ]
INFO: [ app_init ] --END-- [ RunTime:0.000378s ]
ERR: 无法加载模块:Assets

[ 2016-01-27T15:59:17+08:00 ] ::1 /assets/vendor/fontawesome/fonts/fontawesome-webfont.ttf?v=4.3.0
INFO: [ app_init ] --START--
INFO: Run Behavior\BuildLiteBehavior [ RunTime:0.000022s ]
INFO: [ app_init ] --END-- [ RunTime:0.000386s ]
ERR: 无法加载模块:Assets

[ 2016-01-27T15:59:17+08:00 ] ::1 /assets/vendor/fontawesome/fonts/fontawesome-webfont.svg?v=4.3.0
INFO: [ app_init ] --START--
INFO: Run Behavior\BuildLiteBehavior [ RunTime:0.000023s ]
INFO: [ app_init ] --END-- [ RunTime:0.000330s ]
ERR: 无法加载模块:Assets

