[ 2016-04-20T08:36:06+08:00 ] ::1 /bitStyle/templates/default/js/plugins/fileupload/bootstrap-fileupload.js
INFO: [ app_init ] --START--
INFO: Run Behavior\BuildLiteBehavior [ RunTime:0.000022s ]
INFO: [ app_init ] --END-- [ RunTime:0.000313s ]
ERR: 无法加载模块:BitStyle

[ 2016-04-20T08:36:06+08:00 ] ::1 /bitStyle/css/plugins/fileupload.css
INFO: [ app_init ] --START--
INFO: Run Behavior\BuildLiteBehavior [ RunTime:0.000023s ]
INFO: [ app_init ] --END-- [ RunTime:0.000327s ]
ERR: 无法加载模块:BitStyle

[ 2016-04-20T08:36:12+08:00 ] ::1 /bitStyle/templates/default/js/plugins/fileupload/bootstrap-fileupload.js
INFO: [ app_init ] --START--
INFO: Run Behavior\BuildLiteBehavior [ RunTime:0.000036s ]
INFO: [ app_init ] --END-- [ RunTime:0.000492s ]
ERR: 无法加载模块:BitStyle

[ 2016-04-20T08:36:12+08:00 ] ::1 /bitStyle/css/plugins/fileupload.css
INFO: [ app_init ] --START--
INFO: Run Behavior\BuildLiteBehavior [ RunTime:0.000032s ]
INFO: [ app_init ] --END-- [ RunTime:0.000492s ]
ERR: 无法加载模块:BitStyle

[ 2016-04-20T08:38:20+08:00 ] ::1 /bitStyle/templates/default/js/plugins/fileupload/bootstrap-fileupload.js
INFO: [ app_init ] --START--
INFO: Run Behavior\BuildLiteBehavior [ RunTime:0.000035s ]
INFO: [ app_init ] --END-- [ RunTime:0.000485s ]
ERR: 无法加载模块:BitStyle

[ 2016-04-20T08:38:20+08:00 ] ::1 /bitStyle/css/plugins/fileupload.css
INFO: [ app_init ] --START--
INFO: Run Behavior\BuildLiteBehavior [ RunTime:0.000032s ]
INFO: [ app_init ] --END-- [ RunTime:0.000489s ]
ERR: 无法加载模块:BitStyle

[ 2016-04-20T08:40:28+08:00 ] ::1 /bitStyle/templates/default/js/plugins/fileupload/bootstrap-fileupload.js
INFO: [ app_init ] --START--
INFO: Run Behavior\BuildLiteBehavior [ RunTime:0.000035s ]
INFO: [ app_init ] --END-- [ RunTime:0.000492s ]
ERR: 无法加载模块:BitStyle

[ 2016-04-20T08:40:28+08:00 ] ::1 /bitStyle/css/plugins/fileupload.css
INFO: [ app_init ] --START--
INFO: Run Behavior\BuildLiteBehavior [ RunTime:0.000035s ]
INFO: [ app_init ] --END-- [ RunTime:0.000543s ]
ERR: 无法加载模块:BitStyle

[ 2016-04-20T08:42:16+08:00 ] ::1 /bitStyle/css/plugins/fileupload.css
INFO: [ app_init ] --START--
INFO: Run Behavior\BuildLiteBehavior [ RunTime:0.000034s ]
INFO: [ app_init ] --END-- [ RunTime:0.000483s ]
ERR: 无法加载模块:BitStyle

[ 2016-04-20T08:42:16+08:00 ] ::1 /bitStyle/templates/default/js/plugins/fileupload/bootstrap-fileupload.js
INFO: [ app_init ] --START--
INFO: Run Behavior\BuildLiteBehavior [ RunTime:0.000024s ]
INFO: [ app_init ] --END-- [ RunTime:0.000384s ]
ERR: 无法加载模块:BitStyle

[ 2016-04-20T08:42:20+08:00 ] ::1 /bitStyle/templates/default/js/plugins/fileupload/bootstrap-fileupload.js
INFO: [ app_init ] --START--
INFO: Run Behavior\BuildLiteBehavior [ RunTime:0.000037s ]
INFO: [ app_init ] --END-- [ RunTime:0.000489s ]
ERR: 无法加载模块:BitStyle

[ 2016-04-20T08:42:20+08:00 ] ::1 /bitStyle/css/plugins/fileupload.css
INFO: [ app_init ] --START--
INFO: Run Behavior\BuildLiteBehavior [ RunTime:0.000035s ]
INFO: [ app_init ] --END-- [ RunTime:0.000491s ]
ERR: 无法加载模块:BitStyle

[ 2016-04-20T08:42:46+08:00 ] ::1 /bitStyle/css/plugins/fileupload.css
INFO: [ app_init ] --START--
INFO: Run Behavior\BuildLiteBehavior [ RunTime:0.000024s ]
INFO: [ app_init ] --END-- [ RunTime:0.000328s ]
ERR: 无法加载模块:BitStyle

[ 2016-04-20T08:42:46+08:00 ] ::1 /bitStyle/templates/default/js/plugins/fileupload/bootstrap-fileupload.js
INFO: [ app_init ] --START--
INFO: Run Behavior\BuildLiteBehavior [ RunTime:0.000021s ]
INFO: [ app_init ] --END-- [ RunTime:0.000327s ]
ERR: 无法加载模块:BitStyle

[ 2016-04-20T08:43:17+08:00 ] ::1 /bitStyle/css/plugins/fileupload.css
INFO: [ app_init ] --START--
INFO: Run Behavior\BuildLiteBehavior [ RunTime:0.000034s ]
INFO: [ app_init ] --END-- [ RunTime:0.000486s ]
ERR: 无法加载模块:BitStyle

[ 2016-04-20T08:43:17+08:00 ] ::1 /bitStyle/templates/default/js/plugins/fileupload/bootstrap-fileupload.js
INFO: [ app_init ] --START--
INFO: Run Behavior\BuildLiteBehavior [ RunTime:0.000021s ]
INFO: [ app_init ] --END-- [ RunTime:0.000311s ]
ERR: 无法加载模块:BitStyle

[ 2016-04-20T08:48:38+08:00 ] 127.0.0.1 /bitStyle/templates/default/js/plugins/fileupload/bootstrap-fileupload.js
INFO: [ app_init ] --START--
INFO: Run Behavior\BuildLiteBehavior [ RunTime:0.000036s ]
INFO: [ app_init ] --END-- [ RunTime:0.000549s ]
ERR: 无法加载模块:BitStyle

[ 2016-04-20T08:48:38+08:00 ] 127.0.0.1 /bitStyle/css/plugins/fileupload.css
INFO: [ app_init ] --START--
INFO: Run Behavior\BuildLiteBehavior [ RunTime:0.000036s ]
INFO: [ app_init ] --END-- [ RunTime:0.000510s ]
ERR: 无法加载模块:BitStyle

[ 2016-04-20T08:48:38+08:00 ] 127.0.0.1 /bitStyle/templates/default/js/plugins/fileupload/bootstrap-fileupload.js
INFO: [ app_init ] --START--
INFO: Run Behavior\BuildLiteBehavior [ RunTime:0.000024s ]
INFO: [ app_init ] --END-- [ RunTime:0.000357s ]
ERR: 无法加载模块:BitStyle

[ 2016-04-20T08:48:38+08:00 ] 127.0.0.1 /bitStyle/css/plugins/fileupload.css
INFO: [ app_init ] --START--
INFO: Run Behavior\BuildLiteBehavior [ RunTime:0.000039s ]
INFO: [ app_init ] --END-- [ RunTime:0.000619s ]
ERR: 无法加载模块:BitStyle

[ 2016-04-20T08:54:43+08:00 ] 127.0.0.1 /bitStyle/css/plugins/fileupload.css
INFO: [ app_init ] --START--
INFO: Run Behavior\BuildLiteBehavior [ RunTime:0.000038s ]
INFO: [ app_init ] --END-- [ RunTime:0.000507s ]
ERR: 无法加载模块:BitStyle

[ 2016-04-20T08:54:43+08:00 ] 127.0.0.1 /bitStyle/templates/default/js/plugins/fileupload/bootstrap-fileupload.js
INFO: [ app_init ] --START--
INFO: Run Behavior\BuildLiteBehavior [ RunTime:0.000041s ]
INFO: [ app_init ] --END-- [ RunTime:0.000757s ]
ERR: 无法加载模块:BitStyle

[ 2016-04-20T08:55:19+08:00 ] 127.0.0.1 /bitStyle/templates/default/js/plugins/fileupload/bootstrap-fileupload.js
INFO: [ app_init ] --START--
INFO: Run Behavior\BuildLiteBehavior [ RunTime:0.000037s ]
INFO: [ app_init ] --END-- [ RunTime:0.000493s ]
ERR: 无法加载模块:BitStyle

[ 2016-04-20T08:55:19+08:00 ] 127.0.0.1 /bitStyle/css/plugins/fileupload.css
INFO: [ app_init ] --START--
INFO: Run Behavior\BuildLiteBehavior [ RunTime:0.000036s ]
INFO: [ app_init ] --END-- [ RunTime:0.000587s ]
ERR: 无法加载模块:BitStyle

[ 2016-04-20T08:55:22+08:00 ] 127.0.0.1 /bitStyle/templates/default/js/plugins/fileupload/bootstrap-fileupload.js
INFO: [ app_init ] --START--
INFO: Run Behavior\BuildLiteBehavior [ RunTime:0.000036s ]
INFO: [ app_init ] --END-- [ RunTime:0.000481s ]
ERR: 无法加载模块:BitStyle

[ 2016-04-20T08:55:22+08:00 ] 127.0.0.1 /bitStyle/css/plugins/fileupload.css
INFO: [ app_init ] --START--
INFO: Run Behavior\BuildLiteBehavior [ RunTime:0.000033s ]
INFO: [ app_init ] --END-- [ RunTime:0.000478s ]
ERR: 无法加载模块:BitStyle

[ 2016-04-20T08:56:26+08:00 ] 127.0.0.1 /bitStyle/css/plugins/fileupload.css
INFO: [ app_init ] --START--
INFO: Run Behavior\BuildLiteBehavior [ RunTime:0.000023s ]
INFO: [ app_init ] --END-- [ RunTime:0.000388s ]
ERR: 无法加载模块:BitStyle

[ 2016-04-20T08:56:26+08:00 ] 127.0.0.1 /bitStyle/templates/default/js/plugins/fileupload/bootstrap-fileupload.js
INFO: [ app_init ] --START--
INFO: Run Behavior\BuildLiteBehavior [ RunTime:0.000024s ]
INFO: [ app_init ] --END-- [ RunTime:0.000347s ]
ERR: 无法加载模块:BitStyle

[ 2016-04-20T08:57:14+08:00 ] 127.0.0.1 /bitStyle/js/fn/fn_nl2br.js
INFO: [ app_init ] --START--
INFO: Run Behavior\BuildLiteBehavior [ RunTime:0.000023s ]
INFO: [ app_init ] --END-- [ RunTime:0.000324s ]
ERR: 无法加载模块:BitStyle

[ 2016-04-20T08:59:42+08:00 ] 127.0.0.1 /bitStyle/js/fn/fn_nl2br.js
INFO: [ app_init ] --START--
INFO: Run Behavior\BuildLiteBehavior [ RunTime:0.000022s ]
INFO: [ app_init ] --END-- [ RunTime:0.000323s ]
ERR: 无法加载模块:BitStyle

[ 2016-04-20T08:59:45+08:00 ] 127.0.0.1 /bitStyle/js/fn/fn_nl2br.js
INFO: [ app_init ] --START--
INFO: Run Behavior\BuildLiteBehavior [ RunTime:0.000035s ]
INFO: [ app_init ] --END-- [ RunTime:0.000474s ]
ERR: 无法加载模块:BitStyle

[ 2016-04-20T09:10:10+08:00 ] 127.0.0.1 /bitStyle/js/fn/fn_nl2br.js
INFO: [ app_init ] --START--
INFO: Run Behavior\BuildLiteBehavior [ RunTime:0.000034s ]
INFO: [ app_init ] --END-- [ RunTime:0.000478s ]
ERR: 无法加载模块:BitStyle

[ 2016-04-20T09:18:47+08:00 ] 127.0.0.1 /bitStyle/js/fn/fn_nl2br.js
INFO: [ app_init ] --START--
INFO: Run Behavior\BuildLiteBehavior [ RunTime:0.000034s ]
INFO: [ app_init ] --END-- [ RunTime:0.000467s ]
ERR: 无法加载模块:BitStyle

[ 2016-04-20T09:18:49+08:00 ] 127.0.0.1 /bitStyle/js/fn/fn_nl2br.js
INFO: [ app_init ] --START--
INFO: Run Behavior\BuildLiteBehavior [ RunTime:0.000039s ]
INFO: [ app_init ] --END-- [ RunTime:0.000523s ]
ERR: 无法加载模块:BitStyle

[ 2016-04-20T09:19:13+08:00 ] 127.0.0.1 /bitStyle/js/fn/fn_nl2br.js
INFO: [ app_init ] --START--
INFO: Run Behavior\BuildLiteBehavior [ RunTime:0.000035s ]
INFO: [ app_init ] --END-- [ RunTime:0.000477s ]
ERR: 无法加载模块:BitStyle

[ 2016-04-20T09:19:14+08:00 ] 127.0.0.1 /bitStyle/js/fn/fn_nl2br.js
INFO: [ app_init ] --START--
INFO: Run Behavior\BuildLiteBehavior [ RunTime:0.000022s ]
INFO: [ app_init ] --END-- [ RunTime:0.000326s ]
ERR: 无法加载模块:BitStyle

[ 2016-04-20T09:20:21+08:00 ] 127.0.0.1 /bitStyle/js/fn/fn_nl2br.js
INFO: [ app_init ] --START--
INFO: Run Behavior\BuildLiteBehavior [ RunTime:0.000031s ]
INFO: [ app_init ] --END-- [ RunTime:0.000378s ]
ERR: 无法加载模块:BitStyle

[ 2016-04-20T09:22:36+08:00 ] 127.0.0.1 /bitStyle/js/fn/fn_nl2br.js
INFO: [ app_init ] --START--
INFO: Run Behavior\BuildLiteBehavior [ RunTime:0.000020s ]
INFO: [ app_init ] --END-- [ RunTime:0.000310s ]
ERR: 无法加载模块:BitStyle

[ 2016-04-20T09:26:15+08:00 ] 127.0.0.1 /bitStyle/js/fn/fn_nl2br.js
INFO: [ app_init ] --START--
INFO: Run Behavior\BuildLiteBehavior [ RunTime:0.000022s ]
INFO: [ app_init ] --END-- [ RunTime:0.000322s ]
ERR: 无法加载模块:BitStyle

[ 2016-04-20T09:26:20+08:00 ] 127.0.0.1 /bitStyle/js/fn/fn_nl2br.js
INFO: [ app_init ] --START--
INFO: Run Behavior\BuildLiteBehavior [ RunTime:0.000036s ]
INFO: [ app_init ] --END-- [ RunTime:0.000509s ]
ERR: 无法加载模块:BitStyle

[ 2016-04-20T09:26:48+08:00 ] 127.0.0.1 /bitStyle/js/fn/fn_nl2br.js
INFO: [ app_init ] --START--
INFO: Run Behavior\BuildLiteBehavior [ RunTime:0.000023s ]
INFO: [ app_init ] --END-- [ RunTime:0.000327s ]
ERR: 无法加载模块:BitStyle

[ 2016-04-20T09:33:47+08:00 ] 127.0.0.1 /bitStyle/js/fn/fn_nl2br.js
INFO: [ app_init ] --START--
INFO: Run Behavior\BuildLiteBehavior [ RunTime:0.000035s ]
INFO: [ app_init ] --END-- [ RunTime:0.000503s ]
ERR: 无法加载模块:BitStyle

[ 2016-04-20T09:43:41+08:00 ] 127.0.0.1 /bitStyle/js/fn/fn_nl2br.js
INFO: [ app_init ] --START--
INFO: Run Behavior\BuildLiteBehavior [ RunTime:0.000036s ]
INFO: [ app_init ] --END-- [ RunTime:0.000492s ]
ERR: 无法加载模块:BitStyle

[ 2016-04-20T09:53:33+08:00 ] 127.0.0.1 /bitStyle/js/fn/fn_nl2br.js
INFO: [ app_init ] --START--
INFO: Run Behavior\BuildLiteBehavior [ RunTime:0.000021s ]
INFO: [ app_init ] --END-- [ RunTime:0.000320s ]
ERR: 无法加载模块:BitStyle

[ 2016-04-20T09:55:37+08:00 ] 127.0.0.1 /bitStyle/js/fn/fn_nl2br.js
INFO: [ app_init ] --START--
INFO: Run Behavior\BuildLiteBehavior [ RunTime:0.000022s ]
INFO: [ app_init ] --END-- [ RunTime:0.000334s ]
ERR: 无法加载模块:BitStyle

[ 2016-04-20T09:57:55+08:00 ] 127.0.0.1 /bitStyle/js/fn/fn_nl2br.js
INFO: [ app_init ] --START--
INFO: Run Behavior\BuildLiteBehavior [ RunTime:0.000023s ]
INFO: [ app_init ] --END-- [ RunTime:0.000320s ]
ERR: 无法加载模块:BitStyle

[ 2016-04-20T09:57:57+08:00 ] 127.0.0.1 /bitStyle/js/fn/fn_nl2br.js
INFO: [ app_init ] --START--
INFO: Run Behavior\BuildLiteBehavior [ RunTime:0.000035s ]
INFO: [ app_init ] --END-- [ RunTime:0.000515s ]
ERR: 无法加载模块:BitStyle

[ 2016-04-20T09:57:58+08:00 ] 127.0.0.1 /bitStyle/js/fn/fn_nl2br.js
INFO: [ app_init ] --START--
INFO: Run Behavior\BuildLiteBehavior [ RunTime:0.000023s ]
INFO: [ app_init ] --END-- [ RunTime:0.000324s ]
ERR: 无法加载模块:BitStyle

[ 2016-04-20T10:03:38+08:00 ] 127.0.0.1 /bitStyle/js/fn/fn_nl2br.js
INFO: [ app_init ] --START--
INFO: Run Behavior\BuildLiteBehavior [ RunTime:0.000034s ]
INFO: [ app_init ] --END-- [ RunTime:0.000504s ]
ERR: 无法加载模块:BitStyle

[ 2016-04-20T10:04:32+08:00 ] 127.0.0.1 /bitStyle/js/fn/fn_nl2br.js
INFO: [ app_init ] --START--
INFO: Run Behavior\BuildLiteBehavior [ RunTime:0.000020s ]
INFO: [ app_init ] --END-- [ RunTime:0.000305s ]
ERR: 无法加载模块:BitStyle

[ 2016-04-20T10:06:44+08:00 ] 127.0.0.1 /bitStyle/js/fn/fn_nl2br.js
INFO: [ app_init ] --START--
INFO: Run Behavior\BuildLiteBehavior [ RunTime:0.000023s ]
INFO: [ app_init ] --END-- [ RunTime:0.000328s ]
ERR: 无法加载模块:BitStyle

[ 2016-04-20T10:07:35+08:00 ] 127.0.0.1 /bitStyle/js/fn/fn_nl2br.js
INFO: [ app_init ] --START--
INFO: Run Behavior\BuildLiteBehavior [ RunTime:0.000022s ]
INFO: [ app_init ] --END-- [ RunTime:0.000314s ]
ERR: 无法加载模块:BitStyle

[ 2016-04-20T10:08:07+08:00 ] 127.0.0.1 /bitStyle/js/fn/fn_nl2br.js
INFO: [ app_init ] --START--
INFO: Run Behavior\BuildLiteBehavior [ RunTime:0.000034s ]
INFO: [ app_init ] --END-- [ RunTime:0.000499s ]
ERR: 无法加载模块:BitStyle

[ 2016-04-20T10:08:43+08:00 ] 127.0.0.1 /bitStyle/js/fn/fn_nl2br.js
INFO: [ app_init ] --START--
INFO: Run Behavior\BuildLiteBehavior [ RunTime:0.000022s ]
INFO: [ app_init ] --END-- [ RunTime:0.000311s ]
ERR: 无法加载模块:BitStyle

[ 2016-04-20T10:20:13+08:00 ] 127.0.0.1 /bitStyle/js/fn/fn_nl2br.js
INFO: [ app_init ] --START--
INFO: Run Behavior\BuildLiteBehavior [ RunTime:0.000037s ]
INFO: [ app_init ] --END-- [ RunTime:0.000519s ]
ERR: 无法加载模块:BitStyle

[ 2016-04-20T10:22:00+08:00 ] 127.0.0.1 /bitStyle/js/fn/fn_nl2br.js
INFO: [ app_init ] --START--
INFO: Run Behavior\BuildLiteBehavior [ RunTime:0.000034s ]
INFO: [ app_init ] --END-- [ RunTime:0.000497s ]
ERR: 无法加载模块:BitStyle

[ 2016-04-20T10:28:29+08:00 ] 127.0.0.1 /bitStyle/js/fn/fn_nl2br.js
INFO: [ app_init ] --START--
INFO: Run Behavior\BuildLiteBehavior [ RunTime:0.000034s ]
INFO: [ app_init ] --END-- [ RunTime:0.000480s ]
ERR: 无法加载模块:BitStyle

[ 2016-04-20T10:28:47+08:00 ] 127.0.0.1 /bitStyle/js/fn/fn_nl2br.js
INFO: [ app_init ] --START--
INFO: Run Behavior\BuildLiteBehavior [ RunTime:0.000033s ]
INFO: [ app_init ] --END-- [ RunTime:0.000466s ]
ERR: 无法加载模块:BitStyle

[ 2016-04-20T10:29:15+08:00 ] 127.0.0.1 /bitStyle/templates/default/js/plugins/fileupload/bootstrap-fileupload.js
INFO: [ app_init ] --START--
INFO: Run Behavior\BuildLiteBehavior [ RunTime:0.000037s ]
INFO: [ app_init ] --END-- [ RunTime:0.001189s ]
ERR: 无法加载模块:BitStyle

[ 2016-04-20T10:29:15+08:00 ] 127.0.0.1 /bitStyle/css/plugins/fileupload.css
INFO: [ app_init ] --START--
INFO: Run Behavior\BuildLiteBehavior [ RunTime:0.000037s ]
INFO: [ app_init ] --END-- [ RunTime:0.000594s ]
ERR: 无法加载模块:BitStyle

[ 2016-04-20T10:29:15+08:00 ] 127.0.0.1 /bitStyle/css/plugins/fileupload.css
INFO: [ app_init ] --START--
INFO: Run Behavior\BuildLiteBehavior [ RunTime:0.000022s ]
INFO: [ app_init ] --END-- [ RunTime:0.000339s ]
ERR: 无法加载模块:BitStyle

[ 2016-04-20T10:29:18+08:00 ] 127.0.0.1 /bitStyle/js/fn/fn_nl2br.js
INFO: [ app_init ] --START--
INFO: Run Behavior\BuildLiteBehavior [ RunTime:0.000136s ]
INFO: [ app_init ] --END-- [ RunTime:0.000640s ]
ERR: 无法加载模块:BitStyle

[ 2016-04-20T10:29:18+08:00 ] 127.0.0.1 /bitStyle/js/fn/fn_nl2br.js
INFO: [ app_init ] --START--
INFO: Run Behavior\BuildLiteBehavior [ RunTime:0.000022s ]
INFO: [ app_init ] --END-- [ RunTime:0.000323s ]
ERR: 无法加载模块:BitStyle

[ 2016-04-20T10:29:50+08:00 ] 127.0.0.1 /bitStyle/js/fn/fn_nl2br.js
INFO: [ app_init ] --START--
INFO: Run Behavior\BuildLiteBehavior [ RunTime:0.000038s ]
INFO: [ app_init ] --END-- [ RunTime:0.000529s ]
ERR: 无法加载模块:BitStyle

[ 2016-04-20T10:29:51+08:00 ] 127.0.0.1 /bitStyle/js/fn/fn_nl2br.js
INFO: [ app_init ] --START--
INFO: Run Behavior\BuildLiteBehavior [ RunTime:0.000099s ]
INFO: [ app_init ] --END-- [ RunTime:0.000478s ]
ERR: 无法加载模块:BitStyle

[ 2016-04-20T10:30:06+08:00 ] 127.0.0.1 /bitStyle/js/fn/fn_nl2br.js
INFO: [ app_init ] --START--
INFO: Run Behavior\BuildLiteBehavior [ RunTime:0.000036s ]
INFO: [ app_init ] --END-- [ RunTime:0.000504s ]
ERR: 无法加载模块:BitStyle

[ 2016-04-20T10:30:06+08:00 ] 127.0.0.1 /bitStyle/js/fn/fn_nl2br.js
INFO: [ app_init ] --START--
INFO: Run Behavior\BuildLiteBehavior [ RunTime:0.000020s ]
INFO: [ app_init ] --END-- [ RunTime:0.000361s ]
ERR: 无法加载模块:BitStyle

[ 2016-04-20T10:30:55+08:00 ] 127.0.0.1 /apple-touch-icon-precomposed.png
INFO: [ app_init ] --START--
INFO: Run Behavior\BuildLiteBehavior [ RunTime:0.000022s ]
INFO: [ app_init ] --END-- [ RunTime:0.000304s ]
ERR: 无法加载模块:Apple-touch-icon-precomposed

[ 2016-04-20T10:30:55+08:00 ] 127.0.0.1 /apple-touch-icon.png
INFO: [ app_init ] --START--
INFO: Run Behavior\BuildLiteBehavior [ RunTime:0.000021s ]
INFO: [ app_init ] --END-- [ RunTime:0.000291s ]
ERR: 无法加载模块:Apple-touch-icon

[ 2016-04-20T10:36:11+08:00 ] 127.0.0.1 /bitStyle/js/fn/fn_nl2br.js
INFO: [ app_init ] --START--
INFO: Run Behavior\BuildLiteBehavior [ RunTime:0.000033s ]
INFO: [ app_init ] --END-- [ RunTime:0.000473s ]
ERR: 无法加载模块:BitStyle

[ 2016-04-20T10:36:25+08:00 ] 127.0.0.1 /bitStyle/js/fn/fn_nl2br.js
INFO: [ app_init ] --START--
INFO: Run Behavior\BuildLiteBehavior [ RunTime:0.000035s ]
INFO: [ app_init ] --END-- [ RunTime:0.000507s ]
ERR: 无法加载模块:BitStyle

[ 2016-04-20T10:36:25+08:00 ] 127.0.0.1 /bitStyle/js/fn/fn_nl2br.js
INFO: [ app_init ] --START--
INFO: Run Behavior\BuildLiteBehavior [ RunTime:0.000024s ]
INFO: [ app_init ] --END-- [ RunTime:0.000372s ]
ERR: 无法加载模块:BitStyle

[ 2016-04-20T10:36:30+08:00 ] 127.0.0.1 /bitStyle/js/fn/fn_nl2br.js
INFO: [ app_init ] --START--
INFO: Run Behavior\BuildLiteBehavior [ RunTime:0.000058s ]
INFO: [ app_init ] --END-- [ RunTime:0.000761s ]
ERR: 无法加载模块:BitStyle

[ 2016-04-20T10:36:30+08:00 ] 127.0.0.1 /bitStyle/js/fn/fn_nl2br.js
INFO: [ app_init ] --START--
INFO: Run Behavior\BuildLiteBehavior [ RunTime:0.000040s ]
INFO: [ app_init ] --END-- [ RunTime:0.000725s ]
ERR: 无法加载模块:BitStyle

[ 2016-04-20T10:36:44+08:00 ] 127.0.0.1 /bitStyle/js/fn/fn_nl2br.js
INFO: [ app_init ] --START--
INFO: Run Behavior\BuildLiteBehavior [ RunTime:0.000140s ]
INFO: [ app_init ] --END-- [ RunTime:0.000725s ]
ERR: 无法加载模块:BitStyle

[ 2016-04-20T10:36:44+08:00 ] 127.0.0.1 /bitStyle/js/fn/fn_nl2br.js
INFO: [ app_init ] --START--
INFO: Run Behavior\BuildLiteBehavior [ RunTime:0.000034s ]
INFO: [ app_init ] --END-- [ RunTime:0.000517s ]
ERR: 无法加载模块:BitStyle

[ 2016-04-20T10:38:30+08:00 ] 127.0.0.1 /bitStyle/js/fn/fn_nl2br.js
INFO: [ app_init ] --START--
INFO: Run Behavior\BuildLiteBehavior [ RunTime:0.000036s ]
INFO: [ app_init ] --END-- [ RunTime:0.000495s ]
ERR: 无法加载模块:BitStyle

[ 2016-04-20T10:38:30+08:00 ] 127.0.0.1 /bitStyle/js/fn/fn_nl2br.js
INFO: [ app_init ] --START--
INFO: Run Behavior\BuildLiteBehavior [ RunTime:0.000030s ]
INFO: [ app_init ] --END-- [ RunTime:0.000361s ]
ERR: 无法加载模块:BitStyle

[ 2016-04-20T10:40:13+08:00 ] 127.0.0.1 /bitStyle/js/fn/fn_nl2br.js
INFO: [ app_init ] --START--
INFO: Run Behavior\BuildLiteBehavior [ RunTime:0.000036s ]
INFO: [ app_init ] --END-- [ RunTime:0.000528s ]
ERR: 无法加载模块:BitStyle

[ 2016-04-20T10:41:03+08:00 ] 127.0.0.1 /bitStyle/js/fn/fn_nl2br.js
INFO: [ app_init ] --START--
INFO: Run Behavior\BuildLiteBehavior [ RunTime:0.000036s ]
INFO: [ app_init ] --END-- [ RunTime:0.000500s ]
ERR: 无法加载模块:BitStyle

[ 2016-04-20T10:41:20+08:00 ] 127.0.0.1 /bitStyle/js/fn/fn_nl2br.js
INFO: [ app_init ] --START--
INFO: Run Behavior\BuildLiteBehavior [ RunTime:0.000034s ]
INFO: [ app_init ] --END-- [ RunTime:0.000637s ]
ERR: 无法加载模块:BitStyle

[ 2016-04-20T10:41:23+08:00 ] 127.0.0.1 /bitStyle/js/fn/fn_nl2br.js
INFO: [ app_init ] --START--
INFO: Run Behavior\BuildLiteBehavior [ RunTime:0.000036s ]
INFO: [ app_init ] --END-- [ RunTime:0.000433s ]
ERR: 无法加载模块:BitStyle

[ 2016-04-20T10:44:12+08:00 ] 127.0.0.1 /bitStyle/js/fn/fn_nl2br.js
INFO: [ app_init ] --START--
INFO: Run Behavior\BuildLiteBehavior [ RunTime:0.000037s ]
INFO: [ app_init ] --END-- [ RunTime:0.000541s ]
ERR: 无法加载模块:BitStyle

[ 2016-04-20T10:44:54+08:00 ] 127.0.0.1 /bitStyle/js/fn/fn_nl2br.js
INFO: [ app_init ] --START--
INFO: Run Behavior\BuildLiteBehavior [ RunTime:0.000022s ]
INFO: [ app_init ] --END-- [ RunTime:0.000375s ]
ERR: 无法加载模块:BitStyle

