[ 2015-11-26T08:33:09+08:00 ] 127.0.0.1 /index.php/Home/login/index.html
INFO: [ app_init ] --START--
INFO: Run Behavior\BuildLiteBehavior [ RunTime:0.000000s ]
INFO: [ app_init ] --END-- [ RunTime:0.001000s ]
INFO: [ app_begin ] --START--
INFO: Run Behavior\ReadHtmlCacheBehavior [ RunTime:0.001000s ]
INFO: [ app_begin ] --END-- [ RunTime:0.001000s ]
INFO: [ view_parse ] --START--
INFO: [ template_filter ] --START--
INFO: Run Behavior\ContentReplaceBehavior [ RunTime:0.000000s ]
INFO: [ template_filter ] --END-- [ RunTime:0.000000s ]
INFO: Run Behavior\ParseTemplateBehavior [ RunTime:0.077004s ]
INFO: [ view_parse ] --END-- [ RunTime:0.077004s ]
INFO: [ view_filter ] --START--
INFO: Run Behavior\WriteHtmlCacheBehavior [ RunTime:0.001001s ]
INFO: Run Behavior\TokenBuildBehavior [ RunTime:0.001000s ]
INFO: [ view_filter ] --END-- [ RunTime:0.002001s ]
INFO: [ app_end ] --START--
INFO: Run Behavior\ShowPageTraceBehavior [ RunTime:0.001000s ]
INFO: [ app_end ] --END-- [ RunTime:0.001000s ]

[ 2015-11-26T08:34:02+08:00 ] 127.0.0.1 /Home/Login/logincl.html
INFO: [ app_init ] --START--
INFO: Run Behavior\BuildLiteBehavior [ RunTime:0.000000s ]
INFO: [ app_init ] --END-- [ RunTime:0.000000s ]
INFO: [ app_begin ] --START--
INFO: Run Behavior\ReadHtmlCacheBehavior [ RunTime:0.000000s ]
INFO: [ app_begin ] --END-- [ RunTime:0.000000s ]
SQL: SHOW COLUMNS FROM `ot_user` [ RunTime:0.0500s ]
SQL: SELECT * FROM `ot_user` WHERE `UE_account` = 'prince001@qq.com' LIMIT 1   [ RunTime:0.0100s ]
NOTIC: [8] Use of undefined constant ue_id - assumed 'ue_id' E:\WWW\mmmm\User\Home\Controller\LoginController.class.php 第 103 行.
NOTIC: [8] Use of undefined constant ue_account - assumed 'ue_account' E:\WWW\mmmm\User\Home\Controller\LoginController.class.php 第 105 行.
NOTIC: [8] Use of undefined constant ue_account - assumed 'ue_account' E:\WWW\mmmm\User\Home\Controller\LoginController.class.php 第 113 行.
SQL: SHOW COLUMNS FROM `ot_drrz` [ RunTime:0.0200s ]
SQL: INSERT INTO `ot_drrz` (`date`,`ip`,`user`,`leixin`) VALUES ('2015-11-26 08:34:02','119.122.97.185','prince001@qq.com','0') [ RunTime:0.0000s ]
INFO: [ view_parse ] --START--
INFO: [ template_filter ] --START--
INFO: Run Behavior\ContentReplaceBehavior [ RunTime:0.000000s ]
INFO: [ template_filter ] --END-- [ RunTime:0.000000s ]
INFO: Run Behavior\ParseTemplateBehavior [ RunTime:0.020000s ]
INFO: [ view_parse ] --END-- [ RunTime:0.020000s ]
INFO: [ view_filter ] --START--
INFO: Run Behavior\WriteHtmlCacheBehavior [ RunTime:0.010000s ]
INFO: Run Behavior\TokenBuildBehavior [ RunTime:0.000000s ]
INFO: [ view_filter ] --END-- [ RunTime:0.010000s ]

[ 2015-11-26T08:34:02+08:00 ] 127.0.0.1 /Home/Login/favicon.ico
INFO: [ app_init ] --START--
INFO: Run Behavior\BuildLiteBehavior [ RunTime:0.000000s ]
INFO: [ app_init ] --END-- [ RunTime:0.000000s ]

[ 2015-11-26T08:34:02+08:00 ] 127.0.0.1 /Home/Login/favicon.ico
INFO: [ app_init ] --START--
INFO: Run Behavior\BuildLiteBehavior [ RunTime:0.000000s ]
INFO: [ app_init ] --END-- [ RunTime:0.000000s ]

[ 2015-11-26T08:34:06+08:00 ] 127.0.0.1 /Home/Index/home/
INFO: [ app_init ] --START--
INFO: Run Behavior\BuildLiteBehavior [ RunTime:0.000000s ]
INFO: [ app_init ] --END-- [ RunTime:0.000000s ]
INFO: [ app_begin ] --START--
INFO: Run Behavior\ReadHtmlCacheBehavior [ RunTime:0.000000s ]
INFO: [ app_begin ] --END-- [ RunTime:0.000000s ]
SQL: SHOW COLUMNS FROM `ot_system` [ RunTime:0.0400s ]
SQL: SELECT * FROM `ot_system` WHERE `SYS_ID` = 1 LIMIT 1   [ RunTime:0.0000s ]
SQL: SHOW COLUMNS FROM `ot_user` [ RunTime:0.0100s ]
SQL: SELECT * FROM `ot_user` WHERE `UE_ID` = 61741 LIMIT 1   [ RunTime:0.0000s ]
SQL: SHOW COLUMNS FROM `ot_tgbz` [ RunTime:0.0700s ]
SQL: SELECT COUNT(*) AS tp_count FROM `ot_tgbz` WHERE `user` = 'prince001@qq.com' LIMIT 1   [ RunTime:0.0100s ]
SQL: SELECT * FROM `ot_tgbz` WHERE `user` = 'prince001@qq.com' ORDER BY id DESC LIMIT 0,100   [ RunTime:0.0000s ]
SQL: SHOW COLUMNS FROM `ot_jsbz` [ RunTime:0.0200s ]
SQL: SELECT COUNT(*) AS tp_count FROM `ot_jsbz` WHERE `user` = 'prince001@qq.com' LIMIT 1   [ RunTime:0.0000s ]
SQL: SELECT * FROM `ot_jsbz` WHERE `user` = 'prince001@qq.com' ORDER BY id DESC LIMIT 0,100   [ RunTime:0.0000s ]
SQL: SHOW COLUMNS FROM `ot_ppdd` [ RunTime:0.0100s ]
SQL: SELECT COUNT(*) AS tp_count FROM `ot_ppdd` WHERE `p_user` = 'prince001@qq.com' LIMIT 1   [ RunTime:0.0000s ]
SQL: SELECT * FROM `ot_ppdd` WHERE `p_user` = 'prince001@qq.com' ORDER BY id DESC LIMIT 0,100   [ RunTime:0.0000s ]
SQL: SELECT COUNT(*) AS tp_count FROM `ot_ppdd` WHERE `g_user` = 'prince001@qq.com' LIMIT 1   [ RunTime:0.0100s ]
SQL: SELECT * FROM `ot_ppdd` WHERE `g_user` = 'prince001@qq.com' ORDER BY id DESC LIMIT 0,100   [ RunTime:0.0000s ]
INFO: [ view_parse ] --START--
INFO: [ template_filter ] --START--
INFO: Run Behavior\ContentReplaceBehavior [ RunTime:0.000000s ]
INFO: [ template_filter ] --END-- [ RunTime:0.000000s ]
SQL: SELECT * FROM `ot_user` WHERE `UE_account` = 'prince002@qq.com' LIMIT 1   [ RunTime:0.0000s ]
NOTIC: [8] Undefined variable: a E:\WWW\mmmm\User\Runtime\Cache\Home\9b888f9a05177cc78c87c9cd7e37319c.php 第 1603 行.
INFO: Run Behavior\ParseTemplateBehavior [ RunTime:0.050000s ]
INFO: [ view_parse ] --END-- [ RunTime:0.050000s ]
INFO: [ view_filter ] --START--
INFO: Run Behavior\WriteHtmlCacheBehavior [ RunTime:0.000000s ]
INFO: Run Behavior\TokenBuildBehavior [ RunTime:0.000000s ]
INFO: [ view_filter ] --END-- [ RunTime:0.000000s ]
INFO: [ app_end ] --START--
INFO: Run Behavior\ShowPageTraceBehavior [ RunTime:0.000000s ]
INFO: [ app_end ] --END-- [ RunTime:0.000000s ]

[ 2015-11-26T09:23:04+08:00 ] 127.0.0.1 /Home/Info/cwmx
INFO: [ app_init ] --START--
INFO: Run Behavior\BuildLiteBehavior [ RunTime:0.000000s ]
INFO: [ app_init ] --END-- [ RunTime:0.000000s ]
INFO: [ app_begin ] --START--
INFO: Run Behavior\ReadHtmlCacheBehavior [ RunTime:0.001000s ]
INFO: [ app_begin ] --END-- [ RunTime:0.001000s ]
SQL: SHOW COLUMNS FROM `ot_system` [ RunTime:0.0090s ]
SQL: SELECT * FROM `ot_system` WHERE `SYS_ID` = 1 LIMIT 1   [ RunTime:0.0010s ]
SQL: SHOW COLUMNS FROM `ot_user` [ RunTime:0.0080s ]
SQL: SELECT * FROM `ot_user` WHERE `UE_ID` = 61741 LIMIT 1   [ RunTime:0.0000s ]
SQL: SHOW COLUMNS FROM `ot_tgbz` [ RunTime:0.0070s ]
SQL: SELECT * FROM `ot_tgbz` WHERE `user` = 'prince001@qq.com' AND `zt` = 0 ORDER BY id DESC  [ RunTime:0.0000s ]
SQL: SHOW COLUMNS FROM `ot_user_jj` [ RunTime:0.0200s ]
SQL: SELECT COUNT(*) AS tp_count FROM `ot_user_jj` WHERE `user` = 'prince001@qq.com' LIMIT 1   [ RunTime:0.0000s ]
SQL: SELECT * FROM `ot_user_jj` WHERE `user` = 'prince001@qq.com' ORDER BY id DESC LIMIT 0,10   [ RunTime:0.0000s ]
SQL: SHOW COLUMNS FROM `ot_user_jl` [ RunTime:0.0080s ]
SQL: SELECT COUNT(*) AS tp_count FROM `ot_user_jl` WHERE `user` = 'prince001@qq.com' LIMIT 1   [ RunTime:0.0010s ]
SQL: SELECT * FROM `ot_user_jl` WHERE `user` = 'prince001@qq.com' ORDER BY id DESC LIMIT 0,10   [ RunTime:0.0000s ]
SQL: SHOW COLUMNS FROM `ot_userget` [ RunTime:0.0110s ]
SQL: SELECT COUNT(*) AS tp_count FROM `ot_userget` WHERE `UG_account` = 'prince001@qq.com' LIMIT 1   [ RunTime:0.0010s ]
SQL: SELECT * FROM `ot_userget` WHERE `UG_account` = 'prince001@qq.com' ORDER BY UG_ID DESC LIMIT 0,10   [ RunTime:0.0000s ]
SQL: SHOW COLUMNS FROM `ot_tixian` [ RunTime:0.0130s ]
SQL: SELECT COUNT(*) AS tp_count FROM `ot_tixian` WHERE `UG_account` = 'prince001@qq.com' LIMIT 1   [ RunTime:0.0010s ]
SQL: SELECT * FROM `ot_tixian` WHERE `UG_account` = 'prince001@qq.com' ORDER BY id DESC LIMIT 0,10   [ RunTime:0.0000s ]
NOTIC: [8] Use of undefined constant UE_account - assumed 'UE_account' E:\WWW\mmmm\User\Home\Controller\InfoController.class.php 第 517 行.
SQL: SELECT * FROM `ot_user` WHERE `UE_account` = 'prince001@qq.com' LIMIT 1   [ RunTime:0.0010s ]
SQL: SELECT SUM(UG_money) AS tp_sum FROM `ot_userget` WHERE `UG_account` = 'prince001@qq.com' AND `UG_dataType` = 'tjj' LIMIT 1   [ RunTime:0.0000s ]
SQL: SELECT SUM(UG_money) AS tp_sum FROM `ot_userget` WHERE `UG_account` = 'prince001@qq.com' AND `UG_dataType` = 'jlj' LIMIT 1   [ RunTime:0.0000s ]
INFO: [ view_parse ] --START--
INFO: [ template_filter ] --START--
INFO: Run Behavior\ContentReplaceBehavior [ RunTime:0.000000s ]
INFO: [ template_filter ] --END-- [ RunTime:0.000000s ]
NOTIC: [8] Undefined variable: ztrs E:\WWW\mmmm\User\Runtime\Cache\Home\95d2402fc4416413d7cf886e5691e94b.php 第 456 行.
SQL: SELECT * FROM `ot_tgbz` WHERE `id` = 1014 LIMIT 1   [ RunTime:0.0000s ]
NOTIC: [8] Undefined variable: ztrs3 E:\WWW\mmmm\User\Runtime\Cache\Home\95d2402fc4416413d7cf886e5691e94b.php 第 457 行.
SQL: SELECT * FROM `ot_tgbz` WHERE `id` = 1014 LIMIT 1   [ RunTime:0.0000s ]
SQL: SELECT * FROM `ot_userget` WHERE `varid` = 1014 LIMIT 1   [ RunTime:0.0010s ]
NOTIC: [8] Undefined variable: ztrs E:\WWW\mmmm\User\Runtime\Cache\Home\95d2402fc4416413d7cf886e5691e94b.php 第 472 行.
SQL: SELECT * FROM `ot_user_jj` WHERE `id` = 87 LIMIT 1   [ RunTime:0.0000s ]
SQL: SELECT * FROM `ot_userget` WHERE `varid` = 87 LIMIT 1   [ RunTime:0.0000s ]
SQL: SHOW COLUMNS FROM `ot_ppdd` [ RunTime:0.0070s ]
SQL: SELECT * FROM `ot_ppdd` WHERE `id` = 1 LIMIT 1   [ RunTime:0.0010s ]
NOTIC: [8] Undefined variable: ztrs3 E:\WWW\mmmm\User\Runtime\Cache\Home\95d2402fc4416413d7cf886e5691e94b.php 第 473 行.
SQL: SELECT * FROM `ot_user_jj` WHERE `id` = 87 LIMIT 1   [ RunTime:0.0000s ]
SQL: SELECT `UG_getTime` FROM `ot_userget` WHERE `varid` = 87 LIMIT 1   [ RunTime:0.0000s ]
NOTIC: [8] Undefined variable: ztrs1 E:\WWW\mmmm\User\Runtime\Cache\Home\95d2402fc4416413d7cf886e5691e94b.php 第 475 行.
SQL: SELECT * FROM `ot_user_jj` WHERE `id` = 87 LIMIT 1   [ RunTime:0.0000s ]
SQL: SELECT * FROM `ot_ppdd` WHERE `id` = 1 LIMIT 1   [ RunTime:0.0000s ]
NOTIC: [8] Undefined variable: ztrs2 E:\WWW\mmmm\User\Runtime\Cache\Home\95d2402fc4416413d7cf886e5691e94b.php 第 485 行.
SQL: SELECT * FROM `ot_ppdd` WHERE `id` = 1 LIMIT 1   [ RunTime:0.0010s ]
INFO: Run Behavior\ParseTemplateBehavior [ RunTime:0.052003s ]
INFO: [ view_parse ] --END-- [ RunTime:0.052003s ]
INFO: [ view_filter ] --START--
INFO: Run Behavior\WriteHtmlCacheBehavior [ RunTime:0.000000s ]
INFO: Run Behavior\TokenBuildBehavior [ RunTime:0.001000s ]
INFO: [ view_filter ] --END-- [ RunTime:0.001000s ]
INFO: [ app_end ] --START--
INFO: Run Behavior\ShowPageTraceBehavior [ RunTime:0.001000s ]
INFO: [ app_end ] --END-- [ RunTime:0.001000s ]

[ 2015-11-26T09:23:09+08:00 ] 127.0.0.1 /index.php/Home/login/index.html
INFO: [ app_init ] --START--
INFO: Run Behavior\BuildLiteBehavior [ RunTime:0.000000s ]
INFO: [ app_init ] --END-- [ RunTime:0.000000s ]
INFO: [ app_begin ] --START--
INFO: Run Behavior\ReadHtmlCacheBehavior [ RunTime:0.001000s ]
INFO: [ app_begin ] --END-- [ RunTime:0.001000s ]
INFO: [ view_parse ] --START--
INFO: [ template_filter ] --START--
INFO: Run Behavior\ContentReplaceBehavior [ RunTime:0.001000s ]
INFO: [ template_filter ] --END-- [ RunTime:0.001000s ]
INFO: Run Behavior\ParseTemplateBehavior [ RunTime:0.006000s ]
INFO: [ view_parse ] --END-- [ RunTime:0.006000s ]
INFO: [ view_filter ] --START--
INFO: Run Behavior\WriteHtmlCacheBehavior [ RunTime:0.000000s ]
INFO: Run Behavior\TokenBuildBehavior [ RunTime:0.000000s ]
INFO: [ view_filter ] --END-- [ RunTime:0.000000s ]
INFO: [ app_end ] --START--
INFO: Run Behavior\ShowPageTraceBehavior [ RunTime:0.001000s ]
INFO: [ app_end ] --END-- [ RunTime:0.001000s ]

[ 2015-11-26T09:23:21+08:00 ] 127.0.0.1 /Home/Login/logincl.html
INFO: [ app_init ] --START--
INFO: Run Behavior\BuildLiteBehavior [ RunTime:0.000000s ]
INFO: [ app_init ] --END-- [ RunTime:0.001000s ]
INFO: [ app_begin ] --START--
INFO: Run Behavior\ReadHtmlCacheBehavior [ RunTime:0.001000s ]
INFO: [ app_begin ] --END-- [ RunTime:0.001000s ]
SQL: SHOW COLUMNS FROM `ot_user` [ RunTime:0.0110s ]
SQL: SELECT * FROM `ot_user` WHERE `UE_account` = 'prince001@qq.com' LIMIT 1   [ RunTime:0.0010s ]
NOTIC: [8] Use of undefined constant ue_id - assumed 'ue_id' E:\WWW\mmmm\User\Home\Controller\LoginController.class.php 第 103 行.
NOTIC: [8] Use of undefined constant ue_account - assumed 'ue_account' E:\WWW\mmmm\User\Home\Controller\LoginController.class.php 第 105 行.
NOTIC: [8] Use of undefined constant ue_account - assumed 'ue_account' E:\WWW\mmmm\User\Home\Controller\LoginController.class.php 第 113 行.
SQL: SHOW COLUMNS FROM `ot_drrz` [ RunTime:0.0100s ]
SQL: INSERT INTO `ot_drrz` (`date`,`ip`,`user`,`leixin`) VALUES ('2015-11-26 09:23:21','119.122.97.185','prince001@qq.com','0') [ RunTime:0.0000s ]
INFO: [ view_parse ] --START--
INFO: [ template_filter ] --START--
INFO: Run Behavior\ContentReplaceBehavior [ RunTime:0.000000s ]
INFO: [ template_filter ] --END-- [ RunTime:0.000000s ]
INFO: Run Behavior\ParseTemplateBehavior [ RunTime:0.006001s ]
INFO: [ view_parse ] --END-- [ RunTime:0.006001s ]
INFO: [ view_filter ] --START--
INFO: Run Behavior\WriteHtmlCacheBehavior [ RunTime:0.001000s ]
INFO: Run Behavior\TokenBuildBehavior [ RunTime:0.000000s ]
INFO: [ view_filter ] --END-- [ RunTime:0.001000s ]

[ 2015-11-26T09:23:24+08:00 ] 127.0.0.1 /Home/Index/home/
INFO: [ app_init ] --START--
INFO: Run Behavior\BuildLiteBehavior [ RunTime:0.000000s ]
INFO: [ app_init ] --END-- [ RunTime:0.000000s ]
INFO: [ app_begin ] --START--
INFO: Run Behavior\ReadHtmlCacheBehavior [ RunTime:0.000000s ]
INFO: [ app_begin ] --END-- [ RunTime:0.000000s ]
SQL: SHOW COLUMNS FROM `ot_system` [ RunTime:0.0070s ]
SQL: SELECT * FROM `ot_system` WHERE `SYS_ID` = 1 LIMIT 1   [ RunTime:0.0000s ]
SQL: SHOW COLUMNS FROM `ot_user` [ RunTime:0.0090s ]
SQL: SELECT * FROM `ot_user` WHERE `UE_ID` = 61741 LIMIT 1   [ RunTime:0.0010s ]
SQL: SHOW COLUMNS FROM `ot_tgbz` [ RunTime:0.0080s ]
SQL: SELECT COUNT(*) AS tp_count FROM `ot_tgbz` WHERE `user` = 'prince001@qq.com' LIMIT 1   [ RunTime:0.0000s ]
SQL: SELECT * FROM `ot_tgbz` WHERE `user` = 'prince001@qq.com' ORDER BY id DESC LIMIT 0,100   [ RunTime:0.0000s ]
SQL: SHOW COLUMNS FROM `ot_jsbz` [ RunTime:0.0060s ]
SQL: SELECT COUNT(*) AS tp_count FROM `ot_jsbz` WHERE `user` = 'prince001@qq.com' LIMIT 1   [ RunTime:0.0000s ]
SQL: SELECT * FROM `ot_jsbz` WHERE `user` = 'prince001@qq.com' ORDER BY id DESC LIMIT 0,100   [ RunTime:0.0000s ]
SQL: SHOW COLUMNS FROM `ot_ppdd` [ RunTime:0.0070s ]
SQL: SELECT COUNT(*) AS tp_count FROM `ot_ppdd` WHERE `p_user` = 'prince001@qq.com' LIMIT 1   [ RunTime:0.0000s ]
SQL: SELECT * FROM `ot_ppdd` WHERE `p_user` = 'prince001@qq.com' ORDER BY id DESC LIMIT 0,100   [ RunTime:0.0010s ]
SQL: SELECT COUNT(*) AS tp_count FROM `ot_ppdd` WHERE `g_user` = 'prince001@qq.com' LIMIT 1   [ RunTime:0.0000s ]
SQL: SELECT * FROM `ot_ppdd` WHERE `g_user` = 'prince001@qq.com' ORDER BY id DESC LIMIT 0,100   [ RunTime:0.0000s ]
INFO: [ view_parse ] --START--
INFO: [ template_filter ] --START--
INFO: Run Behavior\ContentReplaceBehavior [ RunTime:0.001001s ]
INFO: [ template_filter ] --END-- [ RunTime:0.001001s ]
SQL: SELECT * FROM `ot_user` WHERE `UE_account` = 'prince002@qq.com' LIMIT 1   [ RunTime:0.0000s ]
NOTIC: [8] Undefined variable: a E:\WWW\mmmm\User\Runtime\Cache\Home\9b888f9a05177cc78c87c9cd7e37319c.php 第 1603 行.
INFO: Run Behavior\ParseTemplateBehavior [ RunTime:0.029002s ]
INFO: [ view_parse ] --END-- [ RunTime:0.030002s ]
INFO: [ view_filter ] --START--
INFO: Run Behavior\WriteHtmlCacheBehavior [ RunTime:0.000000s ]
INFO: Run Behavior\TokenBuildBehavior [ RunTime:0.000000s ]
INFO: [ view_filter ] --END-- [ RunTime:0.000000s ]
INFO: [ app_end ] --START--
INFO: Run Behavior\ShowPageTraceBehavior [ RunTime:0.000000s ]
INFO: [ app_end ] --END-- [ RunTime:0.001000s ]

