[ 2016-04-16T10:30:30+08:00 ] ::1 /
INFO: [ app_init ] --START--
INFO: Run Behavior\BuildLiteBehavior [ RunTime:0.000102s ]
INFO: [ app_init ] --END-- [ RunTime:0.003400s ]
INFO: [ app_begin ] --START--
INFO: Run Behavior\ReadHtmlCacheBehavior [ RunTime:0.001622s ]
INFO: [ app_begin ] --END-- [ RunTime:0.001863s ]
SQL: SHOW COLUMNS FROM `ot_system` [ RunTime:0.0352s ]
SQL: SELECT * FROM `ot_system` WHERE `SYS_ID` = 1 LIMIT 1   [ RunTime:0.0103s ]
NOTIC: [8] Undefined index: uname /Library/WebServer/Documents/User/Home/Controller/CommonController.class.php 第 54 行.
SQL: SHOW COLUMNS FROM `ot_pin` [ RunTime:0.0015s ]
NOTIC: [8] Undefined index: uname /Library/WebServer/Documents/User/Home/Controller/CommonController.class.php 第 58 行.
SQL: SELECT COUNT(*) AS tp_count FROM `ot_pin` WHERE `user` = null AND `zt` = 0 LIMIT 1   [ RunTime:0.0042s ]
NOTIC: [8] Undefined index: uname /Library/WebServer/Documents/User/Home/Controller/CommonController.class.php 第 90 行.
SQL: SHOW COLUMNS FROM `ot_user` [ RunTime:0.0015s ]
SQL: SELECT * FROM `ot_user` WHERE `UE_account` = null LIMIT 1   [ RunTime:0.0034s ]
SQL: UPDATE `ot_user` SET `levelname`='G1' WHERE `UE_account` = null [ RunTime:0.0012s ]
NOTIC: [8] Undefined index: uid /Library/WebServer/Documents/User/Home/Controller/CommonController.class.php 第 95 行.
SQL: SELECT * FROM `ot_user` WHERE `UE_ID` = null LIMIT 1   [ RunTime:0.0004s ]

[ 2016-04-16T10:30:30+08:00 ] ::1 /Home/Index/home.html
INFO: [ app_init ] --START--
INFO: Run Behavior\BuildLiteBehavior [ RunTime:0.000034s ]
INFO: [ app_init ] --END-- [ RunTime:0.000497s ]
INFO: [ app_begin ] --START--
INFO: Run Behavior\ReadHtmlCacheBehavior [ RunTime:0.000406s ]
INFO: [ app_begin ] --END-- [ RunTime:0.000552s ]
SQL: SHOW COLUMNS FROM `ot_system` [ RunTime:0.0028s ]
SQL: SELECT * FROM `ot_system` WHERE `SYS_ID` = 1 LIMIT 1   [ RunTime:0.0005s ]
NOTIC: [8] Undefined index: uname /Library/WebServer/Documents/User/Home/Controller/CommonController.class.php 第 54 行.
SQL: SHOW COLUMNS FROM `ot_pin` [ RunTime:0.0006s ]
NOTIC: [8] Undefined index: uname /Library/WebServer/Documents/User/Home/Controller/CommonController.class.php 第 58 行.
SQL: SELECT COUNT(*) AS tp_count FROM `ot_pin` WHERE `user` = null AND `zt` = 0 LIMIT 1   [ RunTime:0.0003s ]

[ 2016-04-16T10:30:31+08:00 ] ::1 /Home/Login/index.html
INFO: [ app_init ] --START--
INFO: Run Behavior\BuildLiteBehavior [ RunTime:0.000023s ]
INFO: [ app_init ] --END-- [ RunTime:0.000486s ]
INFO: [ app_begin ] --START--
INFO: Run Behavior\ReadHtmlCacheBehavior [ RunTime:0.000312s ]
INFO: [ app_begin ] --END-- [ RunTime:0.000402s ]
INFO: [ view_parse ] --START--
INFO: [ template_filter ] --START--
INFO: Run Behavior\ContentReplaceBehavior [ RunTime:0.000157s ]
INFO: [ template_filter ] --END-- [ RunTime:0.000286s ]
INFO: Run Behavior\ParseTemplateBehavior [ RunTime:0.010524s ]
INFO: [ view_parse ] --END-- [ RunTime:0.010644s ]
INFO: [ view_filter ] --START--
INFO: Run Behavior\WriteHtmlCacheBehavior [ RunTime:0.000573s ]
INFO: [ view_filter ] --END-- [ RunTime:0.000693s ]
INFO: [ app_end ] --START--
INFO: Run Behavior\ShowPageTraceBehavior [ RunTime:0.000934s ]
INFO: [ app_end ] --END-- [ RunTime:0.001098s ]

[ 2016-04-16T10:30:31+08:00 ] ::1 /Home/Login/google.h.c
INFO: [ app_init ] --START--
INFO: Run Behavior\BuildLiteBehavior [ RunTime:0.000077s ]
INFO: [ app_init ] --END-- [ RunTime:0.000894s ]
INFO: [ app_begin ] --START--
INFO: Run Behavior\ReadHtmlCacheBehavior [ RunTime:0.000543s ]
INFO: [ app_begin ] --END-- [ RunTime:0.000685s ]
ERR: 非法操作:google.h.c

[ 2016-04-16T10:32:50+08:00 ] ::1 /Home/Login/logincl.html
INFO: [ app_init ] --START--
INFO: Run Behavior\BuildLiteBehavior [ RunTime:0.000062s ]
INFO: [ app_init ] --END-- [ RunTime:0.001420s ]
INFO: [ app_begin ] --START--
INFO: Run Behavior\ReadHtmlCacheBehavior [ RunTime:0.001432s ]
INFO: [ app_begin ] --END-- [ RunTime:0.001620s ]
SQL: SHOW COLUMNS FROM `ot_user` [ RunTime:0.0027s ]
SQL: SELECT * FROM `ot_user` WHERE `UE_account` = 'admin@qq.com' LIMIT 1   [ RunTime:0.0013s ]
SQL: SHOW COLUMNS FROM `ot_ppdd` [ RunTime:0.0073s ]
NOTIC: [2] Missing argument 2 for Think\Crypt::decrypt(), called in /Library/WebServer/Documents/User/Home/Common/function.php on line 591 and defined /Library/WebServer/Documents/ThinkPHP/Library/Think/Crypt.class.php 第 46 行.
NOTIC: [8] Undefined variable: key /Library/WebServer/Documents/ThinkPHP/Library/Think/Crypt.class.php 第 51 行.
NOTIC: [2] Missing argument 2 for Think\Crypt::encrypt(), called in /Library/WebServer/Documents/User/Home/Common/function.php on line 762 and defined /Library/WebServer/Documents/ThinkPHP/Library/Think/Crypt.class.php 第 32 行.
NOTIC: [8] Undefined variable: key /Library/WebServer/Documents/ThinkPHP/Library/Think/Crypt.class.php 第 37 行.
SQL: SELECT * FROM `ot_ppdd` WHERE `p_user` = 'admin@qq.com' AND `zt` = 0  [ RunTime:0.0083s ]
NOTIC: [8] Use of undefined constant ue_id - assumed 'ue_id' /Library/WebServer/Documents/User/Home/Controller/LoginController.class.php 第 108 行.
NOTIC: [8] Use of undefined constant ue_account - assumed 'ue_account' /Library/WebServer/Documents/User/Home/Controller/LoginController.class.php 第 110 行.
NOTIC: [8] Use of undefined constant ue_account - assumed 'ue_account' /Library/WebServer/Documents/User/Home/Controller/LoginController.class.php 第 118 行.
SQL: SHOW COLUMNS FROM `ot_drrz` [ RunTime:0.0012s ]
SQL: INSERT INTO `ot_drrz` (`date`,`ip`,`user`,`leixin`) VALUES ('2016-04-16 10:32:50','','admin@qq.com','0') [ RunTime:0.0012s ]
NOTIC: [8] Use of undefined constant sf - assumed 'sf' /Library/WebServer/Documents/User/Home/Controller/LoginController.class.php 第 131 行.

[ 2016-04-16T10:32:50+08:00 ] ::1 /
INFO: [ app_init ] --START--
INFO: Run Behavior\BuildLiteBehavior [ RunTime:0.000033s ]
INFO: [ app_init ] --END-- [ RunTime:0.000435s ]
INFO: [ app_begin ] --START--
INFO: Run Behavior\ReadHtmlCacheBehavior [ RunTime:0.000571s ]
INFO: [ app_begin ] --END-- [ RunTime:0.000795s ]
SQL: SHOW COLUMNS FROM `ot_system` [ RunTime:0.0008s ]
SQL: SELECT * FROM `ot_system` WHERE `SYS_ID` = 1 LIMIT 1   [ RunTime:0.0007s ]
SQL: SHOW COLUMNS FROM `ot_pin` [ RunTime:0.0007s ]
SQL: SELECT COUNT(*) AS tp_count FROM `ot_pin` WHERE `user` = 'admin@qq.com' AND `zt` = 0 LIMIT 1   [ RunTime:0.0004s ]
SQL: SHOW COLUMNS FROM `ot_user` [ RunTime:0.0013s ]
SQL: SELECT * FROM `ot_user` WHERE `UE_account` = 'admin@qq.com' LIMIT 1   [ RunTime:0.0006s ]
SQL: UPDATE `ot_user` SET `levelname`='G4' WHERE `UE_account` = 'admin@qq.com' [ RunTime:0.0010s ]
SQL: SELECT * FROM `ot_user` WHERE `UE_ID` = 1 LIMIT 1   [ RunTime:0.0005s ]

[ 2016-04-16T10:32:51+08:00 ] ::1 /Home/Index/home.html
INFO: [ app_init ] --START--
INFO: Run Behavior\BuildLiteBehavior [ RunTime:0.000026s ]
INFO: [ app_init ] --END-- [ RunTime:0.000366s ]
INFO: [ app_begin ] --START--
INFO: Run Behavior\ReadHtmlCacheBehavior [ RunTime:0.000406s ]
INFO: [ app_begin ] --END-- [ RunTime:0.000514s ]
SQL: SHOW COLUMNS FROM `ot_system` [ RunTime:0.0012s ]
SQL: SELECT * FROM `ot_system` WHERE `SYS_ID` = 1 LIMIT 1   [ RunTime:0.0007s ]
SQL: SHOW COLUMNS FROM `ot_pin` [ RunTime:0.0007s ]
SQL: SELECT COUNT(*) AS tp_count FROM `ot_pin` WHERE `user` = 'admin@qq.com' AND `zt` = 0 LIMIT 1   [ RunTime:0.0005s ]
SQL: SHOW COLUMNS FROM `ot_user` [ RunTime:0.0012s ]
SQL: SELECT * FROM `ot_user` WHERE `UE_account` = 'admin@qq.com' LIMIT 1   [ RunTime:0.0006s ]
SQL: UPDATE `ot_user` SET `levelname`='G4' WHERE `UE_account` = 'admin@qq.com' [ RunTime:0.0003s ]
SQL: SELECT * FROM `ot_user` WHERE `UE_ID` = 1 LIMIT 1   [ RunTime:0.0004s ]
SQL: SHOW COLUMNS FROM `ot_tgbz` [ RunTime:0.0014s ]
SQL: SELECT COUNT(*) AS tp_count FROM `ot_tgbz` WHERE `user` = 'admin@qq.com' LIMIT 1   [ RunTime:0.0006s ]
SQL: SELECT * FROM `ot_tgbz` WHERE `user` = 'admin@qq.com' ORDER BY id DESC LIMIT 0,100   [ RunTime:0.0007s ]
SQL: SHOW COLUMNS FROM `ot_jsbz` [ RunTime:0.0016s ]
SQL: SELECT COUNT(*) AS tp_count FROM `ot_jsbz` WHERE `user` = 'admin@qq.com' LIMIT 1   [ RunTime:0.0007s ]
SQL: SELECT * FROM `ot_jsbz` WHERE `user` = 'admin@qq.com' ORDER BY id DESC LIMIT 0,100   [ RunTime:0.0005s ]
SQL: SELECT * FROM `ot_jsbz` WHERE `user` = 'admin@qq.com' LIMIT 1   [ RunTime:0.0003s ]
SQL: SHOW COLUMNS FROM `ot_ppdd` [ RunTime:0.0009s ]
SQL: SELECT COUNT(*) AS tp_count FROM `ot_ppdd` WHERE `p_user` = 'admin@qq.com' LIMIT 1   [ RunTime:0.0004s ]
SQL: SELECT * FROM `ot_ppdd` WHERE `p_user` = 'admin@qq.com' ORDER BY id DESC LIMIT 0,100   [ RunTime:0.0004s ]
SQL: SELECT COUNT(*) AS tp_count FROM `ot_ppdd` WHERE `g_user` = 'admin@qq.com' LIMIT 1   [ RunTime:0.0004s ]
SQL: SELECT * FROM `ot_ppdd` WHERE `g_user` = 'admin@qq.com' ORDER BY id DESC LIMIT 0,100   [ RunTime:0.0006s ]
INFO: [ view_parse ] --START--
INFO: [ template_filter ] --START--
INFO: Run Behavior\ContentReplaceBehavior [ RunTime:0.000302s ]
INFO: [ template_filter ] --END-- [ RunTime:0.000408s ]
NOTIC: [8] Undefined variable: home /Library/WebServer/Documents/User/Runtime/Cache/Home/9b888f9a05177cc78c87c9cd7e37319c.php 第 758 行.
NOTIC: [8] Undefined variable: news /Library/WebServer/Documents/User/Runtime/Cache/Home/9b888f9a05177cc78c87c9cd7e37319c.php 第 761 行.
NOTIC: [8] Undefined variable: she_list /Library/WebServer/Documents/User/Runtime/Cache/Home/9b888f9a05177cc78c87c9cd7e37319c.php 第 765 行.
NOTIC: [8] Undefined variable: de_list /Library/WebServer/Documents/User/Runtime/Cache/Home/9b888f9a05177cc78c87c9cd7e37319c.php 第 769 行.
NOTIC: [8] Undefined variable: reg /Library/WebServer/Documents/User/Runtime/Cache/Home/9b888f9a05177cc78c87c9cd7e37319c.php 第 773 行.
NOTIC: [8] Undefined variable: profile /Library/WebServer/Documents/User/Runtime/Cache/Home/9b888f9a05177cc78c87c9cd7e37319c.php 第 777 行.
NOTIC: [8] Undefined variable: manage /Library/WebServer/Documents/User/Runtime/Cache/Home/9b888f9a05177cc78c87c9cd7e37319c.php 第 780 行.
NOTIC: [8] Undefined variable: cwmx /Library/WebServer/Documents/User/Runtime/Cache/Home/9b888f9a05177cc78c87c9cd7e37319c.php 第 788 行.
NOTIC: [8] Undefined variable: detail /Library/WebServer/Documents/User/Runtime/Cache/Home/9b888f9a05177cc78c87c9cd7e37319c.php 第 793 行.
SQL: SELECT * FROM `ot_user` WHERE `UE_account` = 'a1@qq.com' LIMIT 1   [ RunTime:0.0006s ]
SQL: SELECT * FROM `ot_user` WHERE `UE_account` = 'a1@qq.com' LIMIT 1   [ RunTime:0.0005s ]
SQL: SELECT * FROM `ot_user` WHERE `UE_account` = 'admin@qq.com' LIMIT 1   [ RunTime:0.0005s ]
SQL: SELECT * FROM `ot_user` WHERE `UE_account` = 'a3@qq.com' LIMIT 1   [ RunTime:0.0004s ]
SQL: SELECT * FROM `ot_user` WHERE `UE_account` = 'admin@qq.com' LIMIT 1   [ RunTime:0.0005s ]
SQL: SELECT * FROM `ot_user` WHERE `UE_account` = 'a1@qq.com' LIMIT 1   [ RunTime:0.0005s ]
SQL: SELECT * FROM `ot_user` WHERE `UE_account` = 'admin@qq.com' LIMIT 1   [ RunTime:0.0004s ]
SQL: SELECT * FROM `ot_user` WHERE `UE_account` = 'a2@qq.com' LIMIT 1   [ RunTime:0.0004s ]
SQL: SELECT * FROM `ot_user` WHERE `UE_account` = 'admin@qq.com' LIMIT 1   [ RunTime:0.0004s ]
SQL: SELECT * FROM `ot_user` WHERE `UE_account` = 'a1@qq.com' LIMIT 1   [ RunTime:0.0005s ]
SQL: SELECT * FROM `ot_user` WHERE `UE_account` = 'admin@qq.com' LIMIT 1   [ RunTime:0.0005s ]
SQL: SELECT * FROM `ot_user` WHERE `UE_account` = 'a1@qq.com' LIMIT 1   [ RunTime:0.0004s ]
SQL: SELECT * FROM `ot_user` WHERE `UE_account` = 'admin@qq.com' LIMIT 1   [ RunTime:0.0004s ]
NOTIC: [8] Undefined variable: b /Library/WebServer/Documents/User/Runtime/Cache/Home/9b888f9a05177cc78c87c9cd7e37319c.php 第 1360 行.
NOTIC: [8] Undefined variable: b /Library/WebServer/Documents/User/Runtime/Cache/Home/9b888f9a05177cc78c87c9cd7e37319c.php 第 1360 行.
NOTIC: [8] Undefined variable: b /Library/WebServer/Documents/User/Runtime/Cache/Home/9b888f9a05177cc78c87c9cd7e37319c.php 第 1360 行.
NOTIC: [8] Undefined variable: b /Library/WebServer/Documents/User/Runtime/Cache/Home/9b888f9a05177cc78c87c9cd7e37319c.php 第 1360 行.
NOTIC: [8] Undefined variable: b /Library/WebServer/Documents/User/Runtime/Cache/Home/9b888f9a05177cc78c87c9cd7e37319c.php 第 1360 行.
NOTIC: [8] Undefined variable: b /Library/WebServer/Documents/User/Runtime/Cache/Home/9b888f9a05177cc78c87c9cd7e37319c.php 第 1360 行.
NOTIC: [8] Undefined variable: b /Library/WebServer/Documents/User/Runtime/Cache/Home/9b888f9a05177cc78c87c9cd7e37319c.php 第 1360 行.
NOTIC: [8] Undefined variable: b /Library/WebServer/Documents/User/Runtime/Cache/Home/9b888f9a05177cc78c87c9cd7e37319c.php 第 1360 行.
INFO: Run Behavior\ParseTemplateBehavior [ RunTime:0.080473s ]
INFO: [ view_parse ] --END-- [ RunTime:0.080598s ]
INFO: [ view_filter ] --START--
INFO: Run Behavior\WriteHtmlCacheBehavior [ RunTime:0.000658s ]
INFO: [ view_filter ] --END-- [ RunTime:0.000762s ]
INFO: [ app_end ] --START--
INFO: Run Behavior\ShowPageTraceBehavior [ RunTime:0.001001s ]
INFO: [ app_end ] --END-- [ RunTime:0.001179s ]

[ 2016-04-16T10:32:51+08:00 ] ::1 /Home/Index/google.h.h
INFO: [ app_init ] --START--
INFO: Run Behavior\BuildLiteBehavior [ RunTime:0.000056s ]
INFO: [ app_init ] --END-- [ RunTime:0.000994s ]
INFO: [ app_begin ] --START--
INFO: Run Behavior\ReadHtmlCacheBehavior [ RunTime:0.000481s ]
INFO: [ app_begin ] --END-- [ RunTime:0.000628s ]
SQL: SHOW COLUMNS FROM `ot_system` [ RunTime:0.0011s ]
SQL: SELECT * FROM `ot_system` WHERE `SYS_ID` = 1 LIMIT 1   [ RunTime:0.0005s ]
SQL: SHOW COLUMNS FROM `ot_pin` [ RunTime:0.0005s ]
SQL: SELECT COUNT(*) AS tp_count FROM `ot_pin` WHERE `user` = 'admin@qq.com' AND `zt` = 0 LIMIT 1   [ RunTime:0.0004s ]
SQL: SHOW COLUMNS FROM `ot_user` [ RunTime:0.0013s ]
SQL: SELECT * FROM `ot_user` WHERE `UE_account` = 'admin@qq.com' LIMIT 1   [ RunTime:0.0009s ]
SQL: UPDATE `ot_user` SET `levelname`='G4' WHERE `UE_account` = 'admin@qq.com' [ RunTime:0.0004s ]
SQL: SELECT * FROM `ot_user` WHERE `UE_ID` = 1 LIMIT 1   [ RunTime:0.0005s ]
ERR: 非法操作:google.h.h

[ 2016-04-16T10:32:51+08:00 ] ::1 /Home/Index/google.h.c
INFO: [ app_init ] --START--
INFO: Run Behavior\BuildLiteBehavior [ RunTime:0.000035s ]
INFO: [ app_init ] --END-- [ RunTime:0.000548s ]
INFO: [ app_begin ] --START--
INFO: Run Behavior\ReadHtmlCacheBehavior [ RunTime:0.000659s ]
INFO: [ app_begin ] --END-- [ RunTime:0.000821s ]
SQL: SHOW COLUMNS FROM `ot_system` [ RunTime:0.0009s ]
SQL: SELECT * FROM `ot_system` WHERE `SYS_ID` = 1 LIMIT 1   [ RunTime:0.0006s ]
SQL: SHOW COLUMNS FROM `ot_pin` [ RunTime:0.0007s ]
SQL: SELECT COUNT(*) AS tp_count FROM `ot_pin` WHERE `user` = 'admin@qq.com' AND `zt` = 0 LIMIT 1   [ RunTime:0.0004s ]
SQL: SHOW COLUMNS FROM `ot_user` [ RunTime:0.0017s ]
SQL: SELECT * FROM `ot_user` WHERE `UE_account` = 'admin@qq.com' LIMIT 1   [ RunTime:0.0006s ]
SQL: UPDATE `ot_user` SET `levelname`='G4' WHERE `UE_account` = 'admin@qq.com' [ RunTime:0.0003s ]
SQL: SELECT * FROM `ot_user` WHERE `UE_ID` = 1 LIMIT 1   [ RunTime:0.0016s ]
ERR: 非法操作:google.h.c

[ 2016-04-16T10:32:51+08:00 ] ::1 /Home/Index/google.js.js
INFO: [ app_init ] --START--
INFO: Run Behavior\BuildLiteBehavior [ RunTime:0.000026s ]
INFO: [ app_init ] --END-- [ RunTime:0.000387s ]
INFO: [ app_begin ] --START--
INFO: Run Behavior\ReadHtmlCacheBehavior [ RunTime:0.000570s ]
INFO: [ app_begin ] --END-- [ RunTime:0.000712s ]
SQL: SHOW COLUMNS FROM `ot_system` [ RunTime:0.0009s ]
SQL: SELECT * FROM `ot_system` WHERE `SYS_ID` = 1 LIMIT 1   [ RunTime:0.0005s ]
SQL: SHOW COLUMNS FROM `ot_pin` [ RunTime:0.0006s ]
SQL: SELECT COUNT(*) AS tp_count FROM `ot_pin` WHERE `user` = 'admin@qq.com' AND `zt` = 0 LIMIT 1   [ RunTime:0.0010s ]
SQL: SHOW COLUMNS FROM `ot_user` [ RunTime:0.0014s ]
SQL: SELECT * FROM `ot_user` WHERE `UE_account` = 'admin@qq.com' LIMIT 1   [ RunTime:0.0006s ]
SQL: UPDATE `ot_user` SET `levelname`='G4' WHERE `UE_account` = 'admin@qq.com' [ RunTime:0.0003s ]
SQL: SELECT * FROM `ot_user` WHERE `UE_ID` = 1 LIMIT 1   [ RunTime:0.0004s ]
ERR: 非法操作:google.js.js

[ 2016-04-16T10:32:55+08:00 ] ::1 /Home/Info/rwhistory.html
INFO: [ app_init ] --START--
INFO: Run Behavior\BuildLiteBehavior [ RunTime:0.000020s ]
INFO: [ app_init ] --END-- [ RunTime:0.000310s ]
INFO: [ app_begin ] --START--
INFO: Run Behavior\ReadHtmlCacheBehavior [ RunTime:0.000358s ]
INFO: [ app_begin ] --END-- [ RunTime:0.000458s ]
SQL: SHOW COLUMNS FROM `ot_system` [ RunTime:0.0009s ]
SQL: SELECT * FROM `ot_system` WHERE `SYS_ID` = 1 LIMIT 1   [ RunTime:0.0006s ]
SQL: SHOW COLUMNS FROM `ot_pin` [ RunTime:0.0005s ]
SQL: SELECT COUNT(*) AS tp_count FROM `ot_pin` WHERE `user` = 'admin@qq.com' AND `zt` = 0 LIMIT 1   [ RunTime:0.0004s ]
SQL: SHOW COLUMNS FROM `ot_user` [ RunTime:0.0009s ]
SQL: SELECT * FROM `ot_user` WHERE `UE_account` = 'admin@qq.com' LIMIT 1   [ RunTime:0.0007s ]
SQL: UPDATE `ot_user` SET `levelname`='G4' WHERE `UE_account` = 'admin@qq.com' [ RunTime:0.0003s ]
SQL: SELECT * FROM `ot_user` WHERE `UE_ID` = 1 LIMIT 1   [ RunTime:0.0004s ]
SQL: SHOW COLUMNS FROM `ot_tgbz` [ RunTime:0.0008s ]
SQL: SELECT * FROM `ot_tgbz` WHERE `user` = 'admin@qq.com' AND `zt` = 0 ORDER BY id DESC  [ RunTime:0.0004s ]
SQL: SHOW COLUMNS FROM `ot_user_jj` [ RunTime:0.0038s ]
SQL: SELECT COUNT(*) AS tp_count FROM `ot_user_jj` WHERE `user` = 'admin@qq.com' LIMIT 1   [ RunTime:0.0006s ]
SQL: SELECT * FROM `ot_user_jj` WHERE `user` = 'admin@qq.com' ORDER BY id DESC LIMIT 0,10   [ RunTime:0.0004s ]
INFO: [ view_parse ] --START--
INFO: [ template_filter ] --START--
INFO: Run Behavior\ContentReplaceBehavior [ RunTime:0.000144s ]
INFO: [ template_filter ] --END-- [ RunTime:0.000260s ]
NOTIC: [8] Undefined variable: home /Library/WebServer/Documents/User/Runtime/Cache/Home/abeb1a745014e8990734f6ca2de63c24.php 第 526 行.
NOTIC: [8] Undefined variable: news /Library/WebServer/Documents/User/Runtime/Cache/Home/abeb1a745014e8990734f6ca2de63c24.php 第 529 行.
NOTIC: [8] Undefined variable: she_list /Library/WebServer/Documents/User/Runtime/Cache/Home/abeb1a745014e8990734f6ca2de63c24.php 第 533 行.
NOTIC: [8] Undefined variable: de_list /Library/WebServer/Documents/User/Runtime/Cache/Home/abeb1a745014e8990734f6ca2de63c24.php 第 537 行.
NOTIC: [8] Undefined variable: reg /Library/WebServer/Documents/User/Runtime/Cache/Home/abeb1a745014e8990734f6ca2de63c24.php 第 541 行.
NOTIC: [8] Undefined variable: profile /Library/WebServer/Documents/User/Runtime/Cache/Home/abeb1a745014e8990734f6ca2de63c24.php 第 545 行.
NOTIC: [8] Undefined variable: manage /Library/WebServer/Documents/User/Runtime/Cache/Home/abeb1a745014e8990734f6ca2de63c24.php 第 548 行.
NOTIC: [8] Undefined variable: cwmx /Library/WebServer/Documents/User/Runtime/Cache/Home/abeb1a745014e8990734f6ca2de63c24.php 第 556 行.
SQL: SHOW COLUMNS FROM `ot_userget` [ RunTime:0.0066s ]
SQL: SELECT * FROM `ot_userget` WHERE `varid` = 28 LIMIT 1   [ RunTime:0.0009s ]
SQL: SELECT * FROM `ot_userget` WHERE `varid` = 27 LIMIT 1   [ RunTime:0.0005s ]
SQL: SELECT * FROM `ot_userget` WHERE `varid` = 26 LIMIT 1   [ RunTime:0.0004s ]
SQL: SELECT * FROM `ot_userget` WHERE `varid` = 24 LIMIT 1   [ RunTime:0.0005s ]
SQL: SELECT * FROM `ot_user_jj` WHERE `id` = 13 LIMIT 1   [ RunTime:0.0007s ]
SQL: SHOW COLUMNS FROM `ot_ppdd` [ RunTime:0.0009s ]
SQL: SELECT * FROM `ot_ppdd` WHERE `id` = 19 LIMIT 1   [ RunTime:0.0008s ]
SQL: SELECT * FROM `ot_user_jj` WHERE `id` = 13 LIMIT 1   [ RunTime:0.0005s ]
SQL: SELECT * FROM `ot_ppdd` WHERE `id` = 19 LIMIT 1   [ RunTime:0.0004s ]
SQL: SELECT * FROM `ot_userget` WHERE `varid` = 13 LIMIT 1   [ RunTime:0.0004s ]
SQL: SELECT * FROM `ot_user_jj` WHERE `id` = 13 LIMIT 1   [ RunTime:0.0003s ]
SQL: SELECT * FROM `ot_ppdd` WHERE `id` = 19 LIMIT 1   [ RunTime:0.0003s ]
SQL: SELECT * FROM `ot_user_jj` WHERE `id` = 13 LIMIT 1   [ RunTime:0.0003s ]
SQL: SELECT * FROM `ot_ppdd` WHERE `id` = 19 LIMIT 1   [ RunTime:0.0003s ]
SQL: SELECT * FROM `ot_userget` WHERE `varid` = 13 LIMIT 1   [ RunTime:0.0005s ]
NOTIC: [8] Undefined variable: ztrs2 /Library/WebServer/Documents/User/Runtime/Cache/Home/abeb1a745014e8990734f6ca2de63c24.php 第 808 行.
SQL: SELECT * FROM `ot_ppdd` WHERE `id` = 19 LIMIT 1   [ RunTime:0.0004s ]
SQL: SELECT * FROM `ot_user_jj` WHERE `id` = 7 LIMIT 1   [ RunTime:0.0004s ]
SQL: SELECT * FROM `ot_ppdd` WHERE `id` = 13 LIMIT 1   [ RunTime:0.0003s ]
SQL: SELECT * FROM `ot_user_jj` WHERE `id` = 7 LIMIT 1   [ RunTime:0.0003s ]
SQL: SELECT * FROM `ot_ppdd` WHERE `id` = 13 LIMIT 1   [ RunTime:0.0003s ]
SQL: SELECT * FROM `ot_userget` WHERE `varid` = 7 LIMIT 1   [ RunTime:0.0004s ]
SQL: SELECT * FROM `ot_user_jj` WHERE `id` = 7 LIMIT 1   [ RunTime:0.0002s ]
SQL: SELECT * FROM `ot_ppdd` WHERE `id` = 13 LIMIT 1   [ RunTime:0.0002s ]
SQL: SELECT * FROM `ot_user_jj` WHERE `id` = 7 LIMIT 1   [ RunTime:0.0003s ]
SQL: SELECT * FROM `ot_ppdd` WHERE `id` = 13 LIMIT 1   [ RunTime:0.0003s ]
SQL: SELECT * FROM `ot_userget` WHERE `varid` = 7 LIMIT 1   [ RunTime:0.0003s ]
SQL: SELECT * FROM `ot_ppdd` WHERE `id` = 13 LIMIT 1   [ RunTime:0.0004s ]
NOTIC: [8] Undefined variable: string /Library/WebServer/Documents/User/Home/Common/function.php 第 237 行.
SQL: SELECT * FROM `ot_user_jj` WHERE `id` = 7 LIMIT 1   [ RunTime:0.0003s ]
SQL: SELECT * FROM `ot_ppdd` WHERE `id` = 13 LIMIT 1   [ RunTime:0.0003s ]
NOTIC: [8] Undefined variable: ztrs2 /Library/WebServer/Documents/User/Runtime/Cache/Home/abeb1a745014e8990734f6ca2de63c24.php 第 808 行.
SQL: SELECT * FROM `ot_ppdd` WHERE `id` = 13 LIMIT 1   [ RunTime:0.0003s ]
INFO: Run Behavior\ParseTemplateBehavior [ RunTime:0.078023s ]
INFO: [ view_parse ] --END-- [ RunTime:0.078157s ]
INFO: [ view_filter ] --START--
INFO: Run Behavior\WriteHtmlCacheBehavior [ RunTime:0.000184s ]
INFO: [ view_filter ] --END-- [ RunTime:0.000253s ]
INFO: [ app_end ] --START--
INFO: Run Behavior\ShowPageTraceBehavior [ RunTime:0.000638s ]
INFO: [ app_end ] --END-- [ RunTime:0.000792s ]

[ 2016-04-16T10:32:55+08:00 ] ::1 /Home/Info/google.h.c
INFO: [ app_init ] --START--
INFO: Run Behavior\BuildLiteBehavior [ RunTime:0.000035s ]
INFO: [ app_init ] --END-- [ RunTime:0.000491s ]
INFO: [ app_begin ] --START--
INFO: Run Behavior\ReadHtmlCacheBehavior [ RunTime:0.000560s ]
INFO: [ app_begin ] --END-- [ RunTime:0.000763s ]
SQL: SHOW COLUMNS FROM `ot_system` [ RunTime:0.0010s ]
SQL: SELECT * FROM `ot_system` WHERE `SYS_ID` = 1 LIMIT 1   [ RunTime:0.0007s ]
SQL: SHOW COLUMNS FROM `ot_pin` [ RunTime:0.0011s ]
SQL: SELECT COUNT(*) AS tp_count FROM `ot_pin` WHERE `user` = 'admin@qq.com' AND `zt` = 0 LIMIT 1   [ RunTime:0.0008s ]
SQL: SHOW COLUMNS FROM `ot_user` [ RunTime:0.0011s ]
SQL: SELECT * FROM `ot_user` WHERE `UE_account` = 'admin@qq.com' LIMIT 1   [ RunTime:0.0007s ]
SQL: UPDATE `ot_user` SET `levelname`='G4' WHERE `UE_account` = 'admin@qq.com' [ RunTime:0.0003s ]
SQL: SELECT * FROM `ot_user` WHERE `UE_ID` = 1 LIMIT 1   [ RunTime:0.0004s ]
ERR: 非法操作:google.h.c

[ 2016-04-16T10:32:55+08:00 ] ::1 /Home/Info/google.h.h
INFO: [ app_init ] --START--
INFO: Run Behavior\BuildLiteBehavior [ RunTime:0.000031s ]
INFO: [ app_init ] --END-- [ RunTime:0.000479s ]
INFO: [ app_begin ] --START--
INFO: Run Behavior\ReadHtmlCacheBehavior [ RunTime:0.003621s ]
INFO: [ app_begin ] --END-- [ RunTime:0.003964s ]
SQL: SHOW COLUMNS FROM `ot_system` [ RunTime:0.0013s ]
SQL: SELECT * FROM `ot_system` WHERE `SYS_ID` = 1 LIMIT 1   [ RunTime:0.0008s ]
SQL: SHOW COLUMNS FROM `ot_pin` [ RunTime:0.0007s ]
SQL: SELECT COUNT(*) AS tp_count FROM `ot_pin` WHERE `user` = 'admin@qq.com' AND `zt` = 0 LIMIT 1   [ RunTime:0.0003s ]
SQL: SHOW COLUMNS FROM `ot_user` [ RunTime:0.0009s ]
SQL: SELECT * FROM `ot_user` WHERE `UE_account` = 'admin@qq.com' LIMIT 1   [ RunTime:0.0004s ]
SQL: UPDATE `ot_user` SET `levelname`='G4' WHERE `UE_account` = 'admin@qq.com' [ RunTime:0.0004s ]
SQL: SELECT * FROM `ot_user` WHERE `UE_ID` = 1 LIMIT 1   [ RunTime:0.0005s ]
ERR: 非法操作:google.h.h

[ 2016-04-16T10:32:55+08:00 ] ::1 /Home/Info/google.js.js
INFO: [ app_init ] --START--
INFO: Run Behavior\BuildLiteBehavior [ RunTime:0.000024s ]
INFO: [ app_init ] --END-- [ RunTime:0.000459s ]
INFO: [ app_begin ] --START--
INFO: Run Behavior\ReadHtmlCacheBehavior [ RunTime:0.000683s ]
INFO: [ app_begin ] --END-- [ RunTime:0.001006s ]
SQL: SHOW COLUMNS FROM `ot_system` [ RunTime:0.0009s ]
SQL: SELECT * FROM `ot_system` WHERE `SYS_ID` = 1 LIMIT 1   [ RunTime:0.0007s ]
SQL: SHOW COLUMNS FROM `ot_pin` [ RunTime:0.0007s ]
SQL: SELECT COUNT(*) AS tp_count FROM `ot_pin` WHERE `user` = 'admin@qq.com' AND `zt` = 0 LIMIT 1   [ RunTime:0.0004s ]
SQL: SHOW COLUMNS FROM `ot_user` [ RunTime:0.0011s ]
SQL: SELECT * FROM `ot_user` WHERE `UE_account` = 'admin@qq.com' LIMIT 1   [ RunTime:0.0007s ]
SQL: UPDATE `ot_user` SET `levelname`='G4' WHERE `UE_account` = 'admin@qq.com' [ RunTime:0.0008s ]
SQL: SELECT * FROM `ot_user` WHERE `UE_ID` = 1 LIMIT 1   [ RunTime:0.0011s ]
ERR: 非法操作:google.js.js

[ 2016-04-16T10:37:55+08:00 ] ::1 /Home/Info/rwhistory.html?aj=1&type=check_login&uid=82662186
INFO: [ app_init ] --START--
INFO: Run Behavior\BuildLiteBehavior [ RunTime:0.000060s ]
INFO: [ app_init ] --END-- [ RunTime:0.001334s ]
INFO: [ app_begin ] --START--
INFO: Run Behavior\ReadHtmlCacheBehavior [ RunTime:0.001266s ]
INFO: [ app_begin ] --END-- [ RunTime:0.001454s ]
SQL: SHOW COLUMNS FROM `ot_system` [ RunTime:0.0012s ]
SQL: SELECT * FROM `ot_system` WHERE `SYS_ID` = 1 LIMIT 1   [ RunTime:0.0005s ]
SQL: SHOW COLUMNS FROM `ot_pin` [ RunTime:0.0006s ]
SQL: SELECT COUNT(*) AS tp_count FROM `ot_pin` WHERE `user` = 'admin@qq.com' AND `zt` = 0 LIMIT 1   [ RunTime:0.0003s ]
SQL: SHOW COLUMNS FROM `ot_user` [ RunTime:0.0010s ]
SQL: SELECT * FROM `ot_user` WHERE `UE_account` = 'admin@qq.com' LIMIT 1   [ RunTime:0.0005s ]
SQL: UPDATE `ot_user` SET `levelname`='G4' WHERE `UE_account` = 'admin@qq.com' [ RunTime:0.0003s ]
SQL: SELECT * FROM `ot_user` WHERE `UE_ID` = 1 LIMIT 1   [ RunTime:0.0004s ]
SQL: SHOW COLUMNS FROM `ot_tgbz` [ RunTime:0.0008s ]
SQL: SELECT * FROM `ot_tgbz` WHERE `user` = 'admin@qq.com' AND `zt` = 0 ORDER BY id DESC  [ RunTime:0.0004s ]
SQL: SHOW COLUMNS FROM `ot_user_jj` [ RunTime:0.0006s ]
SQL: SELECT COUNT(*) AS tp_count FROM `ot_user_jj` WHERE `user` = 'admin@qq.com' LIMIT 1   [ RunTime:0.0003s ]
SQL: SELECT * FROM `ot_user_jj` WHERE `user` = 'admin@qq.com' ORDER BY id DESC LIMIT 0,10   [ RunTime:0.0004s ]
INFO: [ view_parse ] --START--
INFO: [ template_filter ] --START--
INFO: Run Behavior\ContentReplaceBehavior [ RunTime:0.000140s ]
INFO: [ template_filter ] --END-- [ RunTime:0.000216s ]
NOTIC: [8] Undefined variable: home /Library/WebServer/Documents/User/Runtime/Cache/Home/abeb1a745014e8990734f6ca2de63c24.php 第 526 行.
NOTIC: [8] Undefined variable: news /Library/WebServer/Documents/User/Runtime/Cache/Home/abeb1a745014e8990734f6ca2de63c24.php 第 529 行.
NOTIC: [8] Undefined variable: she_list /Library/WebServer/Documents/User/Runtime/Cache/Home/abeb1a745014e8990734f6ca2de63c24.php 第 533 行.
NOTIC: [8] Undefined variable: de_list /Library/WebServer/Documents/User/Runtime/Cache/Home/abeb1a745014e8990734f6ca2de63c24.php 第 537 行.
NOTIC: [8] Undefined variable: reg /Library/WebServer/Documents/User/Runtime/Cache/Home/abeb1a745014e8990734f6ca2de63c24.php 第 541 行.
NOTIC: [8] Undefined variable: profile /Library/WebServer/Documents/User/Runtime/Cache/Home/abeb1a745014e8990734f6ca2de63c24.php 第 545 行.
NOTIC: [8] Undefined variable: manage /Library/WebServer/Documents/User/Runtime/Cache/Home/abeb1a745014e8990734f6ca2de63c24.php 第 548 行.
NOTIC: [8] Undefined variable: cwmx /Library/WebServer/Documents/User/Runtime/Cache/Home/abeb1a745014e8990734f6ca2de63c24.php 第 556 行.
SQL: SHOW COLUMNS FROM `ot_userget` [ RunTime:0.0008s ]
SQL: SELECT * FROM `ot_userget` WHERE `varid` = 28 LIMIT 1   [ RunTime:0.0004s ]
SQL: SELECT * FROM `ot_userget` WHERE `varid` = 27 LIMIT 1   [ RunTime:0.0003s ]
SQL: SELECT * FROM `ot_userget` WHERE `varid` = 26 LIMIT 1   [ RunTime:0.0004s ]
SQL: SELECT * FROM `ot_userget` WHERE `varid` = 24 LIMIT 1   [ RunTime:0.0004s ]
SQL: SELECT * FROM `ot_user_jj` WHERE `id` = 13 LIMIT 1   [ RunTime:0.0003s ]
SQL: SHOW COLUMNS FROM `ot_ppdd` [ RunTime:0.0007s ]
SQL: SELECT * FROM `ot_ppdd` WHERE `id` = 19 LIMIT 1   [ RunTime:0.0003s ]
SQL: SELECT * FROM `ot_user_jj` WHERE `id` = 13 LIMIT 1   [ RunTime:0.0003s ]
SQL: SELECT * FROM `ot_ppdd` WHERE `id` = 19 LIMIT 1   [ RunTime:0.0006s ]
SQL: SELECT * FROM `ot_userget` WHERE `varid` = 13 LIMIT 1   [ RunTime:0.0005s ]
SQL: SELECT * FROM `ot_user_jj` WHERE `id` = 13 LIMIT 1   [ RunTime:0.0003s ]
SQL: SELECT * FROM `ot_ppdd` WHERE `id` = 19 LIMIT 1   [ RunTime:0.0003s ]
SQL: SELECT * FROM `ot_user_jj` WHERE `id` = 13 LIMIT 1   [ RunTime:0.0003s ]
SQL: SELECT * FROM `ot_ppdd` WHERE `id` = 19 LIMIT 1   [ RunTime:0.0004s ]
SQL: SELECT * FROM `ot_userget` WHERE `varid` = 13 LIMIT 1   [ RunTime:0.0005s ]
NOTIC: [8] Undefined variable: ztrs2 /Library/WebServer/Documents/User/Runtime/Cache/Home/abeb1a745014e8990734f6ca2de63c24.php 第 808 行.
SQL: SELECT * FROM `ot_ppdd` WHERE `id` = 19 LIMIT 1   [ RunTime:0.0004s ]
SQL: SELECT * FROM `ot_user_jj` WHERE `id` = 7 LIMIT 1   [ RunTime:0.0003s ]
SQL: SELECT * FROM `ot_ppdd` WHERE `id` = 13 LIMIT 1   [ RunTime:0.0003s ]
SQL: SELECT * FROM `ot_user_jj` WHERE `id` = 7 LIMIT 1   [ RunTime:0.0003s ]
SQL: SELECT * FROM `ot_ppdd` WHERE `id` = 13 LIMIT 1   [ RunTime:0.0003s ]
SQL: SELECT * FROM `ot_userget` WHERE `varid` = 7 LIMIT 1   [ RunTime:0.0004s ]
SQL: SELECT * FROM `ot_user_jj` WHERE `id` = 7 LIMIT 1   [ RunTime:0.0003s ]
SQL: SELECT * FROM `ot_ppdd` WHERE `id` = 13 LIMIT 1   [ RunTime:0.0002s ]
SQL: SELECT * FROM `ot_user_jj` WHERE `id` = 7 LIMIT 1   [ RunTime:0.0003s ]
SQL: SELECT * FROM `ot_ppdd` WHERE `id` = 13 LIMIT 1   [ RunTime:0.0003s ]
SQL: SELECT * FROM `ot_userget` WHERE `varid` = 7 LIMIT 1   [ RunTime:0.0004s ]
SQL: SELECT * FROM `ot_ppdd` WHERE `id` = 13 LIMIT 1   [ RunTime:0.0003s ]
NOTIC: [8] Undefined variable: string /Library/WebServer/Documents/User/Home/Common/function.php 第 237 行.
SQL: SELECT * FROM `ot_user_jj` WHERE `id` = 7 LIMIT 1   [ RunTime:0.0003s ]
SQL: SELECT * FROM `ot_ppdd` WHERE `id` = 13 LIMIT 1   [ RunTime:0.0003s ]
NOTIC: [8] Undefined variable: ztrs2 /Library/WebServer/Documents/User/Runtime/Cache/Home/abeb1a745014e8990734f6ca2de63c24.php 第 808 行.
SQL: SELECT * FROM `ot_ppdd` WHERE `id` = 13 LIMIT 1   [ RunTime:0.0003s ]
INFO: Run Behavior\ParseTemplateBehavior [ RunTime:0.053237s ]
INFO: [ view_parse ] --END-- [ RunTime:0.053328s ]
INFO: [ view_filter ] --START--
INFO: Run Behavior\WriteHtmlCacheBehavior [ RunTime:0.000747s ]
INFO: [ view_filter ] --END-- [ RunTime:0.000876s ]
INFO: [ app_end ] --START--
INFO: Run Behavior\ShowPageTraceBehavior [ RunTime:0.001579s ]
INFO: [ app_end ] --END-- [ RunTime:0.001767s ]

[ 2016-04-16T10:42:55+08:00 ] ::1 /Home/Info/rwhistory.html?aj=1&type=check_login&uid=82662186
INFO: [ app_init ] --START--
INFO: Run Behavior\BuildLiteBehavior [ RunTime:0.000041s ]
INFO: [ app_init ] --END-- [ RunTime:0.000963s ]
INFO: [ app_begin ] --START--
INFO: Run Behavior\ReadHtmlCacheBehavior [ RunTime:0.000843s ]
INFO: [ app_begin ] --END-- [ RunTime:0.000956s ]
SQL: SHOW COLUMNS FROM `ot_system` [ RunTime:0.0017s ]
SQL: SELECT * FROM `ot_system` WHERE `SYS_ID` = 1 LIMIT 1   [ RunTime:0.0006s ]
SQL: SHOW COLUMNS FROM `ot_pin` [ RunTime:0.0005s ]
SQL: SELECT COUNT(*) AS tp_count FROM `ot_pin` WHERE `user` = 'admin@qq.com' AND `zt` = 0 LIMIT 1   [ RunTime:0.0004s ]
SQL: SHOW COLUMNS FROM `ot_user` [ RunTime:0.0010s ]
SQL: SELECT * FROM `ot_user` WHERE `UE_account` = 'admin@qq.com' LIMIT 1   [ RunTime:0.0005s ]
SQL: UPDATE `ot_user` SET `levelname`='G4' WHERE `UE_account` = 'admin@qq.com' [ RunTime:0.0003s ]
SQL: SELECT * FROM `ot_user` WHERE `UE_ID` = 1 LIMIT 1   [ RunTime:0.0004s ]
SQL: SHOW COLUMNS FROM `ot_tgbz` [ RunTime:0.0008s ]
SQL: SELECT * FROM `ot_tgbz` WHERE `user` = 'admin@qq.com' AND `zt` = 0 ORDER BY id DESC  [ RunTime:0.0004s ]
SQL: SHOW COLUMNS FROM `ot_user_jj` [ RunTime:0.0008s ]
SQL: SELECT COUNT(*) AS tp_count FROM `ot_user_jj` WHERE `user` = 'admin@qq.com' LIMIT 1   [ RunTime:0.0003s ]
SQL: SELECT * FROM `ot_user_jj` WHERE `user` = 'admin@qq.com' ORDER BY id DESC LIMIT 0,10   [ RunTime:0.0005s ]
INFO: [ view_parse ] --START--
INFO: [ template_filter ] --START--
INFO: Run Behavior\ContentReplaceBehavior [ RunTime:0.000161s ]
INFO: [ template_filter ] --END-- [ RunTime:0.000252s ]
NOTIC: [8] Undefined variable: home /Library/WebServer/Documents/User/Runtime/Cache/Home/abeb1a745014e8990734f6ca2de63c24.php 第 526 行.
NOTIC: [8] Undefined variable: news /Library/WebServer/Documents/User/Runtime/Cache/Home/abeb1a745014e8990734f6ca2de63c24.php 第 529 行.
NOTIC: [8] Undefined variable: she_list /Library/WebServer/Documents/User/Runtime/Cache/Home/abeb1a745014e8990734f6ca2de63c24.php 第 533 行.
NOTIC: [8] Undefined variable: de_list /Library/WebServer/Documents/User/Runtime/Cache/Home/abeb1a745014e8990734f6ca2de63c24.php 第 537 行.
NOTIC: [8] Undefined variable: reg /Library/WebServer/Documents/User/Runtime/Cache/Home/abeb1a745014e8990734f6ca2de63c24.php 第 541 行.
NOTIC: [8] Undefined variable: profile /Library/WebServer/Documents/User/Runtime/Cache/Home/abeb1a745014e8990734f6ca2de63c24.php 第 545 行.
NOTIC: [8] Undefined variable: manage /Library/WebServer/Documents/User/Runtime/Cache/Home/abeb1a745014e8990734f6ca2de63c24.php 第 548 行.
NOTIC: [8] Undefined variable: cwmx /Library/WebServer/Documents/User/Runtime/Cache/Home/abeb1a745014e8990734f6ca2de63c24.php 第 556 行.
SQL: SHOW COLUMNS FROM `ot_userget` [ RunTime:0.0012s ]
SQL: SELECT * FROM `ot_userget` WHERE `varid` = 28 LIMIT 1   [ RunTime:0.0005s ]
SQL: SELECT * FROM `ot_userget` WHERE `varid` = 27 LIMIT 1   [ RunTime:0.0004s ]
SQL: SELECT * FROM `ot_userget` WHERE `varid` = 26 LIMIT 1   [ RunTime:0.0004s ]
SQL: SELECT * FROM `ot_userget` WHERE `varid` = 24 LIMIT 1   [ RunTime:0.0005s ]
SQL: SELECT * FROM `ot_user_jj` WHERE `id` = 13 LIMIT 1   [ RunTime:0.0004s ]
SQL: SHOW COLUMNS FROM `ot_ppdd` [ RunTime:0.0008s ]
SQL: SELECT * FROM `ot_ppdd` WHERE `id` = 19 LIMIT 1   [ RunTime:0.0003s ]
SQL: SELECT * FROM `ot_user_jj` WHERE `id` = 13 LIMIT 1   [ RunTime:0.0004s ]
SQL: SELECT * FROM `ot_ppdd` WHERE `id` = 19 LIMIT 1   [ RunTime:0.0004s ]
SQL: SELECT * FROM `ot_userget` WHERE `varid` = 13 LIMIT 1   [ RunTime:0.0004s ]
SQL: SELECT * FROM `ot_user_jj` WHERE `id` = 13 LIMIT 1   [ RunTime:0.0003s ]
SQL: SELECT * FROM `ot_ppdd` WHERE `id` = 19 LIMIT 1   [ RunTime:0.0004s ]
SQL: SELECT * FROM `ot_user_jj` WHERE `id` = 13 LIMIT 1   [ RunTime:0.0003s ]
SQL: SELECT * FROM `ot_ppdd` WHERE `id` = 19 LIMIT 1   [ RunTime:0.0003s ]
SQL: SELECT * FROM `ot_userget` WHERE `varid` = 13 LIMIT 1   [ RunTime:0.0004s ]
NOTIC: [8] Undefined variable: ztrs2 /Library/WebServer/Documents/User/Runtime/Cache/Home/abeb1a745014e8990734f6ca2de63c24.php 第 808 行.
SQL: SELECT * FROM `ot_ppdd` WHERE `id` = 19 LIMIT 1   [ RunTime:0.0004s ]
SQL: SELECT * FROM `ot_user_jj` WHERE `id` = 7 LIMIT 1   [ RunTime:0.0003s ]
SQL: SELECT * FROM `ot_ppdd` WHERE `id` = 13 LIMIT 1   [ RunTime:0.0003s ]
SQL: SELECT * FROM `ot_user_jj` WHERE `id` = 7 LIMIT 1   [ RunTime:0.0003s ]
SQL: SELECT * FROM `ot_ppdd` WHERE `id` = 13 LIMIT 1   [ RunTime:0.0003s ]
SQL: SELECT * FROM `ot_userget` WHERE `varid` = 7 LIMIT 1   [ RunTime:0.0004s ]
SQL: SELECT * FROM `ot_user_jj` WHERE `id` = 7 LIMIT 1   [ RunTime:0.0004s ]
SQL: SELECT * FROM `ot_ppdd` WHERE `id` = 13 LIMIT 1   [ RunTime:0.0004s ]
SQL: SELECT * FROM `ot_user_jj` WHERE `id` = 7 LIMIT 1   [ RunTime:0.0002s ]
SQL: SELECT * FROM `ot_ppdd` WHERE `id` = 13 LIMIT 1   [ RunTime:0.0002s ]
SQL: SELECT * FROM `ot_userget` WHERE `varid` = 7 LIMIT 1   [ RunTime:0.0003s ]
SQL: SELECT * FROM `ot_ppdd` WHERE `id` = 13 LIMIT 1   [ RunTime:0.0003s ]
NOTIC: [8] Undefined variable: string /Library/WebServer/Documents/User/Home/Common/function.php 第 237 行.
SQL: SELECT * FROM `ot_user_jj` WHERE `id` = 7 LIMIT 1   [ RunTime:0.0003s ]
SQL: SELECT * FROM `ot_ppdd` WHERE `id` = 13 LIMIT 1   [ RunTime:0.0003s ]
NOTIC: [8] Undefined variable: ztrs2 /Library/WebServer/Documents/User/Runtime/Cache/Home/abeb1a745014e8990734f6ca2de63c24.php 第 808 行.
SQL: SELECT * FROM `ot_ppdd` WHERE `id` = 13 LIMIT 1   [ RunTime:0.0003s ]
INFO: Run Behavior\ParseTemplateBehavior [ RunTime:0.054512s ]
INFO: [ view_parse ] --END-- [ RunTime:0.054608s ]
INFO: [ view_filter ] --START--
INFO: Run Behavior\WriteHtmlCacheBehavior [ RunTime:0.000492s ]
INFO: [ view_filter ] --END-- [ RunTime:0.000571s ]
INFO: [ app_end ] --START--
INFO: Run Behavior\ShowPageTraceBehavior [ RunTime:0.000929s ]
INFO: [ app_end ] --END-- [ RunTime:0.001071s ]

[ 2016-04-16T10:47:55+08:00 ] ::1 /Home/Info/rwhistory.html?aj=1&type=check_login&uid=82662186
INFO: [ app_init ] --START--
INFO: Run Behavior\BuildLiteBehavior [ RunTime:0.000041s ]
INFO: [ app_init ] --END-- [ RunTime:0.000928s ]
INFO: [ app_begin ] --START--
INFO: Run Behavior\ReadHtmlCacheBehavior [ RunTime:0.000811s ]
INFO: [ app_begin ] --END-- [ RunTime:0.000921s ]
SQL: SHOW COLUMNS FROM `ot_system` [ RunTime:0.0010s ]
SQL: SELECT * FROM `ot_system` WHERE `SYS_ID` = 1 LIMIT 1   [ RunTime:0.0005s ]
SQL: SHOW COLUMNS FROM `ot_pin` [ RunTime:0.0006s ]
SQL: SELECT COUNT(*) AS tp_count FROM `ot_pin` WHERE `user` = 'admin@qq.com' AND `zt` = 0 LIMIT 1   [ RunTime:0.0004s ]
SQL: SHOW COLUMNS FROM `ot_user` [ RunTime:0.0012s ]
SQL: SELECT * FROM `ot_user` WHERE `UE_account` = 'admin@qq.com' LIMIT 1   [ RunTime:0.0005s ]
SQL: UPDATE `ot_user` SET `levelname`='G4' WHERE `UE_account` = 'admin@qq.com' [ RunTime:0.0003s ]
SQL: SELECT * FROM `ot_user` WHERE `UE_ID` = 1 LIMIT 1   [ RunTime:0.0005s ]
SQL: SHOW COLUMNS FROM `ot_tgbz` [ RunTime:0.0007s ]
SQL: SELECT * FROM `ot_tgbz` WHERE `user` = 'admin@qq.com' AND `zt` = 0 ORDER BY id DESC  [ RunTime:0.0006s ]
SQL: SHOW COLUMNS FROM `ot_user_jj` [ RunTime:0.0008s ]
SQL: SELECT COUNT(*) AS tp_count FROM `ot_user_jj` WHERE `user` = 'admin@qq.com' LIMIT 1   [ RunTime:0.0003s ]
SQL: SELECT * FROM `ot_user_jj` WHERE `user` = 'admin@qq.com' ORDER BY id DESC LIMIT 0,10   [ RunTime:0.0004s ]
INFO: [ view_parse ] --START--
INFO: [ template_filter ] --START--
INFO: Run Behavior\ContentReplaceBehavior [ RunTime:0.000111s ]
INFO: [ template_filter ] --END-- [ RunTime:0.000203s ]
NOTIC: [8] Undefined variable: home /Library/WebServer/Documents/User/Runtime/Cache/Home/abeb1a745014e8990734f6ca2de63c24.php 第 526 行.
NOTIC: [8] Undefined variable: news /Library/WebServer/Documents/User/Runtime/Cache/Home/abeb1a745014e8990734f6ca2de63c24.php 第 529 行.
NOTIC: [8] Undefined variable: she_list /Library/WebServer/Documents/User/Runtime/Cache/Home/abeb1a745014e8990734f6ca2de63c24.php 第 533 行.
NOTIC: [8] Undefined variable: de_list /Library/WebServer/Documents/User/Runtime/Cache/Home/abeb1a745014e8990734f6ca2de63c24.php 第 537 行.
NOTIC: [8] Undefined variable: reg /Library/WebServer/Documents/User/Runtime/Cache/Home/abeb1a745014e8990734f6ca2de63c24.php 第 541 行.
NOTIC: [8] Undefined variable: profile /Library/WebServer/Documents/User/Runtime/Cache/Home/abeb1a745014e8990734f6ca2de63c24.php 第 545 行.
NOTIC: [8] Undefined variable: manage /Library/WebServer/Documents/User/Runtime/Cache/Home/abeb1a745014e8990734f6ca2de63c24.php 第 548 行.
NOTIC: [8] Undefined variable: cwmx /Library/WebServer/Documents/User/Runtime/Cache/Home/abeb1a745014e8990734f6ca2de63c24.php 第 556 行.
SQL: SHOW COLUMNS FROM `ot_userget` [ RunTime:0.0012s ]
SQL: SELECT * FROM `ot_userget` WHERE `varid` = 28 LIMIT 1   [ RunTime:0.0004s ]
SQL: SELECT * FROM `ot_userget` WHERE `varid` = 27 LIMIT 1   [ RunTime:0.0004s ]
SQL: SELECT * FROM `ot_userget` WHERE `varid` = 26 LIMIT 1   [ RunTime:0.0003s ]
SQL: SELECT * FROM `ot_userget` WHERE `varid` = 24 LIMIT 1   [ RunTime:0.0004s ]
SQL: SELECT * FROM `ot_user_jj` WHERE `id` = 13 LIMIT 1   [ RunTime:0.0003s ]
SQL: SHOW COLUMNS FROM `ot_ppdd` [ RunTime:0.0006s ]
SQL: SELECT * FROM `ot_ppdd` WHERE `id` = 19 LIMIT 1   [ RunTime:0.0003s ]
SQL: SELECT * FROM `ot_user_jj` WHERE `id` = 13 LIMIT 1   [ RunTime:0.0003s ]
SQL: SELECT * FROM `ot_ppdd` WHERE `id` = 19 LIMIT 1   [ RunTime:0.0003s ]
SQL: SELECT * FROM `ot_userget` WHERE `varid` = 13 LIMIT 1   [ RunTime:0.0003s ]
SQL: SELECT * FROM `ot_user_jj` WHERE `id` = 13 LIMIT 1   [ RunTime:0.0003s ]
SQL: SELECT * FROM `ot_ppdd` WHERE `id` = 19 LIMIT 1   [ RunTime:0.0002s ]
SQL: SELECT * FROM `ot_user_jj` WHERE `id` = 13 LIMIT 1   [ RunTime:0.0003s ]
SQL: SELECT * FROM `ot_ppdd` WHERE `id` = 19 LIMIT 1   [ RunTime:0.0003s ]
SQL: SELECT * FROM `ot_userget` WHERE `varid` = 13 LIMIT 1   [ RunTime:0.0004s ]
NOTIC: [8] Undefined variable: ztrs2 /Library/WebServer/Documents/User/Runtime/Cache/Home/abeb1a745014e8990734f6ca2de63c24.php 第 808 行.
SQL: SELECT * FROM `ot_ppdd` WHERE `id` = 19 LIMIT 1   [ RunTime:0.0004s ]
SQL: SELECT * FROM `ot_user_jj` WHERE `id` = 7 LIMIT 1   [ RunTime:0.0003s ]
SQL: SELECT * FROM `ot_ppdd` WHERE `id` = 13 LIMIT 1   [ RunTime:0.0003s ]
SQL: SELECT * FROM `ot_user_jj` WHERE `id` = 7 LIMIT 1   [ RunTime:0.0003s ]
SQL: SELECT * FROM `ot_ppdd` WHERE `id` = 13 LIMIT 1   [ RunTime:0.0003s ]
SQL: SELECT * FROM `ot_userget` WHERE `varid` = 7 LIMIT 1   [ RunTime:0.0003s ]
SQL: SELECT * FROM `ot_user_jj` WHERE `id` = 7 LIMIT 1   [ RunTime:0.0003s ]
SQL: SELECT * FROM `ot_ppdd` WHERE `id` = 13 LIMIT 1   [ RunTime:0.0003s ]
SQL: SELECT * FROM `ot_user_jj` WHERE `id` = 7 LIMIT 1   [ RunTime:0.0004s ]
SQL: SELECT * FROM `ot_ppdd` WHERE `id` = 13 LIMIT 1   [ RunTime:0.0003s ]
SQL: SELECT * FROM `ot_userget` WHERE `varid` = 7 LIMIT 1   [ RunTime:0.0004s ]
SQL: SELECT * FROM `ot_ppdd` WHERE `id` = 13 LIMIT 1   [ RunTime:0.0003s ]
NOTIC: [8] Undefined variable: string /Library/WebServer/Documents/User/Home/Common/function.php 第 237 行.
SQL: SELECT * FROM `ot_user_jj` WHERE `id` = 7 LIMIT 1   [ RunTime:0.0003s ]
SQL: SELECT * FROM `ot_ppdd` WHERE `id` = 13 LIMIT 1   [ RunTime:0.0003s ]
NOTIC: [8] Undefined variable: ztrs2 /Library/WebServer/Documents/User/Runtime/Cache/Home/abeb1a745014e8990734f6ca2de63c24.php 第 808 行.
SQL: SELECT * FROM `ot_ppdd` WHERE `id` = 13 LIMIT 1   [ RunTime:0.0003s ]
INFO: Run Behavior\ParseTemplateBehavior [ RunTime:0.052998s ]
INFO: [ view_parse ] --END-- [ RunTime:0.053121s ]
INFO: [ view_filter ] --START--
INFO: Run Behavior\WriteHtmlCacheBehavior [ RunTime:0.000720s ]
INFO: [ view_filter ] --END-- [ RunTime:0.000817s ]
INFO: [ app_end ] --START--
INFO: Run Behavior\ShowPageTraceBehavior [ RunTime:0.000902s ]
INFO: [ app_end ] --END-- [ RunTime:0.001025s ]

[ 2016-04-16T10:52:55+08:00 ] ::1 /Home/Info/rwhistory.html?aj=1&type=check_login&uid=82662186
INFO: [ app_init ] --START--
INFO: Run Behavior\BuildLiteBehavior [ RunTime:0.000019s ]
INFO: [ app_init ] --END-- [ RunTime:0.000279s ]
INFO: [ app_begin ] --START--
INFO: Run Behavior\ReadHtmlCacheBehavior [ RunTime:0.000402s ]
INFO: [ app_begin ] --END-- [ RunTime:0.000493s ]
SQL: SHOW COLUMNS FROM `ot_system` [ RunTime:0.0010s ]
SQL: SELECT * FROM `ot_system` WHERE `SYS_ID` = 1 LIMIT 1   [ RunTime:0.0005s ]
SQL: SHOW COLUMNS FROM `ot_pin` [ RunTime:0.0005s ]
SQL: SELECT COUNT(*) AS tp_count FROM `ot_pin` WHERE `user` = 'admin@qq.com' AND `zt` = 0 LIMIT 1   [ RunTime:0.0004s ]
SQL: SHOW COLUMNS FROM `ot_user` [ RunTime:0.0009s ]
SQL: SELECT * FROM `ot_user` WHERE `UE_account` = 'admin@qq.com' LIMIT 1   [ RunTime:0.0005s ]
SQL: UPDATE `ot_user` SET `levelname`='G4' WHERE `UE_account` = 'admin@qq.com' [ RunTime:0.0003s ]
SQL: SELECT * FROM `ot_user` WHERE `UE_ID` = 1 LIMIT 1   [ RunTime:0.0004s ]
SQL: SHOW COLUMNS FROM `ot_tgbz` [ RunTime:0.0006s ]
SQL: SELECT * FROM `ot_tgbz` WHERE `user` = 'admin@qq.com' AND `zt` = 0 ORDER BY id DESC  [ RunTime:0.0003s ]
SQL: SHOW COLUMNS FROM `ot_user_jj` [ RunTime:0.0007s ]
SQL: SELECT COUNT(*) AS tp_count FROM `ot_user_jj` WHERE `user` = 'admin@qq.com' LIMIT 1   [ RunTime:0.0003s ]
SQL: SELECT * FROM `ot_user_jj` WHERE `user` = 'admin@qq.com' ORDER BY id DESC LIMIT 0,10   [ RunTime:0.0004s ]
INFO: [ view_parse ] --START--
INFO: [ template_filter ] --START--
INFO: Run Behavior\ContentReplaceBehavior [ RunTime:0.000265s ]
INFO: [ template_filter ] --END-- [ RunTime:0.000412s ]
NOTIC: [8] Undefined variable: home /Library/WebServer/Documents/User/Runtime/Cache/Home/abeb1a745014e8990734f6ca2de63c24.php 第 526 行.
NOTIC: [8] Undefined variable: news /Library/WebServer/Documents/User/Runtime/Cache/Home/abeb1a745014e8990734f6ca2de63c24.php 第 529 行.
NOTIC: [8] Undefined variable: she_list /Library/WebServer/Documents/User/Runtime/Cache/Home/abeb1a745014e8990734f6ca2de63c24.php 第 533 行.
NOTIC: [8] Undefined variable: de_list /Library/WebServer/Documents/User/Runtime/Cache/Home/abeb1a745014e8990734f6ca2de63c24.php 第 537 行.
NOTIC: [8] Undefined variable: reg /Library/WebServer/Documents/User/Runtime/Cache/Home/abeb1a745014e8990734f6ca2de63c24.php 第 541 行.
NOTIC: [8] Undefined variable: profile /Library/WebServer/Documents/User/Runtime/Cache/Home/abeb1a745014e8990734f6ca2de63c24.php 第 545 行.
NOTIC: [8] Undefined variable: manage /Library/WebServer/Documents/User/Runtime/Cache/Home/abeb1a745014e8990734f6ca2de63c24.php 第 548 行.
NOTIC: [8] Undefined variable: cwmx /Library/WebServer/Documents/User/Runtime/Cache/Home/abeb1a745014e8990734f6ca2de63c24.php 第 556 行.
SQL: SHOW COLUMNS FROM `ot_userget` [ RunTime:0.0008s ]
SQL: SELECT * FROM `ot_userget` WHERE `varid` = 28 LIMIT 1   [ RunTime:0.0004s ]
SQL: SELECT * FROM `ot_userget` WHERE `varid` = 27 LIMIT 1   [ RunTime:0.0004s ]
SQL: SELECT * FROM `ot_userget` WHERE `varid` = 26 LIMIT 1   [ RunTime:0.0004s ]
SQL: SELECT * FROM `ot_userget` WHERE `varid` = 24 LIMIT 1   [ RunTime:0.0003s ]
SQL: SELECT * FROM `ot_user_jj` WHERE `id` = 13 LIMIT 1   [ RunTime:0.0003s ]
SQL: SHOW COLUMNS FROM `ot_ppdd` [ RunTime:0.0006s ]
SQL: SELECT * FROM `ot_ppdd` WHERE `id` = 19 LIMIT 1   [ RunTime:0.0004s ]
SQL: SELECT * FROM `ot_user_jj` WHERE `id` = 13 LIMIT 1   [ RunTime:0.0003s ]
SQL: SELECT * FROM `ot_ppdd` WHERE `id` = 19 LIMIT 1   [ RunTime:0.0003s ]
SQL: SELECT * FROM `ot_userget` WHERE `varid` = 13 LIMIT 1   [ RunTime:0.0004s ]
SQL: SELECT * FROM `ot_user_jj` WHERE `id` = 13 LIMIT 1   [ RunTime:0.0003s ]
SQL: SELECT * FROM `ot_ppdd` WHERE `id` = 19 LIMIT 1   [ RunTime:0.0003s ]
SQL: SELECT * FROM `ot_user_jj` WHERE `id` = 13 LIMIT 1   [ RunTime:0.0016s ]
SQL: SELECT * FROM `ot_ppdd` WHERE `id` = 19 LIMIT 1   [ RunTime:0.0031s ]
SQL: SELECT * FROM `ot_userget` WHERE `varid` = 13 LIMIT 1   [ RunTime:0.0012s ]
NOTIC: [8] Undefined variable: ztrs2 /Library/WebServer/Documents/User/Runtime/Cache/Home/abeb1a745014e8990734f6ca2de63c24.php 第 808 行.
SQL: SELECT * FROM `ot_ppdd` WHERE `id` = 19 LIMIT 1   [ RunTime:0.0015s ]
SQL: SELECT * FROM `ot_user_jj` WHERE `id` = 7 LIMIT 1   [ RunTime:0.0014s ]
SQL: SELECT * FROM `ot_ppdd` WHERE `id` = 13 LIMIT 1   [ RunTime:0.0015s ]
SQL: SELECT * FROM `ot_user_jj` WHERE `id` = 7 LIMIT 1   [ RunTime:0.0018s ]
SQL: SELECT * FROM `ot_ppdd` WHERE `id` = 13 LIMIT 1   [ RunTime:0.0010s ]
SQL: SELECT * FROM `ot_userget` WHERE `varid` = 7 LIMIT 1   [ RunTime:0.0010s ]
SQL: SELECT * FROM `ot_user_jj` WHERE `id` = 7 LIMIT 1   [ RunTime:0.0005s ]
SQL: SELECT * FROM `ot_ppdd` WHERE `id` = 13 LIMIT 1   [ RunTime:0.0004s ]
SQL: SELECT * FROM `ot_user_jj` WHERE `id` = 7 LIMIT 1   [ RunTime:0.0005s ]
SQL: SELECT * FROM `ot_ppdd` WHERE `id` = 13 LIMIT 1   [ RunTime:0.0004s ]
SQL: SELECT * FROM `ot_userget` WHERE `varid` = 7 LIMIT 1   [ RunTime:0.0005s ]
SQL: SELECT * FROM `ot_ppdd` WHERE `id` = 13 LIMIT 1   [ RunTime:0.0004s ]
NOTIC: [8] Undefined variable: string /Library/WebServer/Documents/User/Home/Common/function.php 第 237 行.
SQL: SELECT * FROM `ot_user_jj` WHERE `id` = 7 LIMIT 1   [ RunTime:0.0004s ]
SQL: SELECT * FROM `ot_ppdd` WHERE `id` = 13 LIMIT 1   [ RunTime:0.0004s ]
NOTIC: [8] Undefined variable: ztrs2 /Library/WebServer/Documents/User/Runtime/Cache/Home/abeb1a745014e8990734f6ca2de63c24.php 第 808 行.
SQL: SELECT * FROM `ot_ppdd` WHERE `id` = 13 LIMIT 1   [ RunTime:0.0004s ]
INFO: Run Behavior\ParseTemplateBehavior [ RunTime:0.083017s ]
INFO: [ view_parse ] --END-- [ RunTime:0.083126s ]
INFO: [ view_filter ] --START--
INFO: Run Behavior\WriteHtmlCacheBehavior [ RunTime:0.000292s ]
INFO: [ view_filter ] --END-- [ RunTime:0.000405s ]
INFO: [ app_end ] --START--
INFO: Run Behavior\ShowPageTraceBehavior [ RunTime:0.001118s ]
INFO: [ app_end ] --END-- [ RunTime:0.001269s ]

