[ 2016-05-01T19:52:18+08:00 ] 123.151.42.47 /
INFO: [ app_init ] --START--
INFO: Run Behavior\BuildLiteBehavior [ RunTime:0.000013s ]
INFO: [ app_init ] --END-- [ RunTime:0.000282s ]
INFO: [ app_begin ] --START--
INFO: Run Behavior\ReadHtmlCacheBehavior [ RunTime:0.000352s ]
INFO: [ app_begin ] --END-- [ RunTime:0.000393s ]
SQL: SHOW COLUMNS FROM `ot_system` [ RunTime:0.0016s ]
SQL: SELECT * FROM `ot_system` WHERE `SYS_ID` = 1 LIMIT 1   [ RunTime:0.0002s ]
NOTIC: [8] Undefined index: uname /phpstudy/www/mmm.bianji.cn/User/Home/Controller/CommonController.class.php 第 54 行.
SQL: SHOW COLUMNS FROM `ot_pin` [ RunTime:0.0004s ]
NOTIC: [8] Undefined index: uname /phpstudy/www/mmm.bianji.cn/User/Home/Controller/CommonController.class.php 第 58 行.
SQL: SELECT COUNT(*) AS tp_count FROM `ot_pin` WHERE `user` = null AND `zt` = 0 LIMIT 1   [ RunTime:0.0001s ]
SQL: SHOW COLUMNS FROM `ot_code` [ RunTime:0.0004s ]
NOTIC: [8] Undefined index: uname /phpstudy/www/mmm.bianji.cn/User/Home/Controller/CommonController.class.php 第 59 行.
SQL: SELECT COUNT(*) AS tp_count FROM `ot_code` WHERE `onwer` = null AND `status` = 1 LIMIT 1   [ RunTime:0.0001s ]
NOTIC: [8] Undefined index: uname /phpstudy/www/mmm.bianji.cn/User/Home/Controller/CommonController.class.php 第 60 行.
SQL: SELECT * FROM `ot_code` WHERE `onwer` = null AND `status` = 1 LIMIT 1   [ RunTime:0.0001s ]
NOTIC: [8] Undefined index: uname /phpstudy/www/mmm.bianji.cn/User/Home/Controller/CommonController.class.php 第 92 行.
SQL: SHOW COLUMNS FROM `ot_user` [ RunTime:0.0018s ]
SQL: SELECT * FROM `ot_user` WHERE `UE_account` = null LIMIT 1   [ RunTime:0.0002s ]
SQL: UPDATE `ot_user` SET `levelname`='G1' WHERE `UE_account` = null [ RunTime:0.0001s ]
NOTIC: [8] Undefined index: uid /phpstudy/www/mmm.bianji.cn/User/Home/Controller/CommonController.class.php 第 97 行.
SQL: SELECT * FROM `ot_user` WHERE `UE_ID` = null LIMIT 1   [ RunTime:0.0002s ]

[ 2016-05-01T19:52:18+08:00 ] 123.151.42.47 /Home/Index/home.html
INFO: [ app_init ] --START--
INFO: Run Behavior\BuildLiteBehavior [ RunTime:0.000013s ]
INFO: [ app_init ] --END-- [ RunTime:0.000270s ]
INFO: [ app_begin ] --START--
INFO: Run Behavior\ReadHtmlCacheBehavior [ RunTime:0.000352s ]
INFO: [ app_begin ] --END-- [ RunTime:0.000393s ]
SQL: SHOW COLUMNS FROM `ot_system` [ RunTime:0.0016s ]
SQL: SELECT * FROM `ot_system` WHERE `SYS_ID` = 1 LIMIT 1   [ RunTime:0.0002s ]
NOTIC: [8] Undefined index: uname /phpstudy/www/mmm.bianji.cn/User/Home/Controller/CommonController.class.php 第 54 行.
SQL: SHOW COLUMNS FROM `ot_pin` [ RunTime:0.0004s ]
NOTIC: [8] Undefined index: uname /phpstudy/www/mmm.bianji.cn/User/Home/Controller/CommonController.class.php 第 58 行.
SQL: SELECT COUNT(*) AS tp_count FROM `ot_pin` WHERE `user` = null AND `zt` = 0 LIMIT 1   [ RunTime:0.0001s ]
SQL: SHOW COLUMNS FROM `ot_code` [ RunTime:0.0004s ]
NOTIC: [8] Undefined index: uname /phpstudy/www/mmm.bianji.cn/User/Home/Controller/CommonController.class.php 第 59 行.
SQL: SELECT COUNT(*) AS tp_count FROM `ot_code` WHERE `onwer` = null AND `status` = 1 LIMIT 1   [ RunTime:0.0001s ]
NOTIC: [8] Undefined index: uname /phpstudy/www/mmm.bianji.cn/User/Home/Controller/CommonController.class.php 第 60 行.
SQL: SELECT * FROM `ot_code` WHERE `onwer` = null AND `status` = 1 LIMIT 1   [ RunTime:0.0001s ]

[ 2016-05-01T19:52:19+08:00 ] 180.153.206.13 /
INFO: [ app_init ] --START--
INFO: Run Behavior\BuildLiteBehavior [ RunTime:0.000012s ]
INFO: [ app_init ] --END-- [ RunTime:0.000272s ]
INFO: [ app_begin ] --START--
INFO: Run Behavior\ReadHtmlCacheBehavior [ RunTime:0.000355s ]
INFO: [ app_begin ] --END-- [ RunTime:0.000398s ]
SQL: SHOW COLUMNS FROM `ot_system` [ RunTime:0.0016s ]
SQL: SELECT * FROM `ot_system` WHERE `SYS_ID` = 1 LIMIT 1   [ RunTime:0.0002s ]
NOTIC: [8] Undefined index: uname /phpstudy/www/mmm.bianji.cn/User/Home/Controller/CommonController.class.php 第 54 行.
SQL: SHOW COLUMNS FROM `ot_pin` [ RunTime:0.0004s ]
NOTIC: [8] Undefined index: uname /phpstudy/www/mmm.bianji.cn/User/Home/Controller/CommonController.class.php 第 58 行.
SQL: SELECT COUNT(*) AS tp_count FROM `ot_pin` WHERE `user` = null AND `zt` = 0 LIMIT 1   [ RunTime:0.0001s ]
SQL: SHOW COLUMNS FROM `ot_code` [ RunTime:0.0004s ]
NOTIC: [8] Undefined index: uname /phpstudy/www/mmm.bianji.cn/User/Home/Controller/CommonController.class.php 第 59 行.
SQL: SELECT COUNT(*) AS tp_count FROM `ot_code` WHERE `onwer` = null AND `status` = 1 LIMIT 1   [ RunTime:0.0001s ]
NOTIC: [8] Undefined index: uname /phpstudy/www/mmm.bianji.cn/User/Home/Controller/CommonController.class.php 第 60 行.
SQL: SELECT * FROM `ot_code` WHERE `onwer` = null AND `status` = 1 LIMIT 1   [ RunTime:0.0001s ]
NOTIC: [8] Undefined index: uname /phpstudy/www/mmm.bianji.cn/User/Home/Controller/CommonController.class.php 第 92 行.
SQL: SHOW COLUMNS FROM `ot_user` [ RunTime:0.0018s ]
SQL: SELECT * FROM `ot_user` WHERE `UE_account` = null LIMIT 1   [ RunTime:0.0002s ]
SQL: UPDATE `ot_user` SET `levelname`='G1' WHERE `UE_account` = null [ RunTime:0.0001s ]
NOTIC: [8] Undefined index: uid /phpstudy/www/mmm.bianji.cn/User/Home/Controller/CommonController.class.php 第 97 行.
SQL: SELECT * FROM `ot_user` WHERE `UE_ID` = null LIMIT 1   [ RunTime:0.0002s ]

[ 2016-05-01T19:52:19+08:00 ] 101.226.33.219 /
INFO: [ app_init ] --START--
INFO: Run Behavior\BuildLiteBehavior [ RunTime:0.000012s ]
INFO: [ app_init ] --END-- [ RunTime:0.000270s ]
INFO: [ app_begin ] --START--
INFO: Run Behavior\ReadHtmlCacheBehavior [ RunTime:0.000354s ]
INFO: [ app_begin ] --END-- [ RunTime:0.000396s ]
SQL: SHOW COLUMNS FROM `ot_system` [ RunTime:0.0015s ]
SQL: SELECT * FROM `ot_system` WHERE `SYS_ID` = 1 LIMIT 1   [ RunTime:0.0002s ]
NOTIC: [8] Undefined index: uname /phpstudy/www/mmm.bianji.cn/User/Home/Controller/CommonController.class.php 第 54 行.
SQL: SHOW COLUMNS FROM `ot_pin` [ RunTime:0.0005s ]
NOTIC: [8] Undefined index: uname /phpstudy/www/mmm.bianji.cn/User/Home/Controller/CommonController.class.php 第 58 行.
SQL: SELECT COUNT(*) AS tp_count FROM `ot_pin` WHERE `user` = null AND `zt` = 0 LIMIT 1   [ RunTime:0.0001s ]
SQL: SHOW COLUMNS FROM `ot_code` [ RunTime:0.0004s ]
NOTIC: [8] Undefined index: uname /phpstudy/www/mmm.bianji.cn/User/Home/Controller/CommonController.class.php 第 59 行.
SQL: SELECT COUNT(*) AS tp_count FROM `ot_code` WHERE `onwer` = null AND `status` = 1 LIMIT 1   [ RunTime:0.0001s ]
NOTIC: [8] Undefined index: uname /phpstudy/www/mmm.bianji.cn/User/Home/Controller/CommonController.class.php 第 60 行.
SQL: SELECT * FROM `ot_code` WHERE `onwer` = null AND `status` = 1 LIMIT 1   [ RunTime:0.0001s ]
NOTIC: [8] Undefined index: uname /phpstudy/www/mmm.bianji.cn/User/Home/Controller/CommonController.class.php 第 92 行.
SQL: SHOW COLUMNS FROM `ot_user` [ RunTime:0.0019s ]
SQL: SELECT * FROM `ot_user` WHERE `UE_account` = null LIMIT 1   [ RunTime:0.0002s ]
SQL: UPDATE `ot_user` SET `levelname`='G1' WHERE `UE_account` = null [ RunTime:0.0001s ]
NOTIC: [8] Undefined index: uid /phpstudy/www/mmm.bianji.cn/User/Home/Controller/CommonController.class.php 第 97 行.
SQL: SELECT * FROM `ot_user` WHERE `UE_ID` = null LIMIT 1   [ RunTime:0.0002s ]

[ 2016-05-01T19:52:19+08:00 ] 123.151.42.47 /Home/Login/index.html
INFO: [ app_init ] --START--
INFO: Run Behavior\BuildLiteBehavior [ RunTime:0.000012s ]
INFO: [ app_init ] --END-- [ RunTime:0.000300s ]
INFO: [ app_begin ] --START--
INFO: Run Behavior\ReadHtmlCacheBehavior [ RunTime:0.000376s ]
INFO: [ app_begin ] --END-- [ RunTime:0.000422s ]
INFO: [ view_parse ] --START--
INFO: [ template_filter ] --START--
INFO: Run Behavior\ContentReplaceBehavior [ RunTime:0.000057s ]
INFO: [ template_filter ] --END-- [ RunTime:0.000100s ]
INFO: Run Behavior\ParseTemplateBehavior [ RunTime:0.007051s ]
INFO: [ view_parse ] --END-- [ RunTime:0.007094s ]
INFO: [ view_filter ] --START--
INFO: Run Behavior\WriteHtmlCacheBehavior [ RunTime:0.000118s ]
INFO: [ view_filter ] --END-- [ RunTime:0.000162s ]
INFO: [ app_end ] --START--
INFO: Run Behavior\ShowPageTraceBehavior [ RunTime:0.000363s ]
INFO: [ app_end ] --END-- [ RunTime:0.000406s ]

[ 2016-05-01T19:52:19+08:00 ] 180.153.163.191 /
INFO: [ app_init ] --START--
INFO: Run Behavior\BuildLiteBehavior [ RunTime:0.000012s ]
INFO: [ app_init ] --END-- [ RunTime:0.000273s ]
INFO: [ app_begin ] --START--
INFO: Run Behavior\ReadHtmlCacheBehavior [ RunTime:0.000368s ]
INFO: [ app_begin ] --END-- [ RunTime:0.000415s ]
SQL: SHOW COLUMNS FROM `ot_system` [ RunTime:0.0015s ]
SQL: SELECT * FROM `ot_system` WHERE `SYS_ID` = 1 LIMIT 1   [ RunTime:0.0002s ]
NOTIC: [8] Undefined index: uname /phpstudy/www/mmm.bianji.cn/User/Home/Controller/CommonController.class.php 第 54 行.
SQL: SHOW COLUMNS FROM `ot_pin` [ RunTime:0.0004s ]
NOTIC: [8] Undefined index: uname /phpstudy/www/mmm.bianji.cn/User/Home/Controller/CommonController.class.php 第 58 行.
SQL: SELECT COUNT(*) AS tp_count FROM `ot_pin` WHERE `user` = null AND `zt` = 0 LIMIT 1   [ RunTime:0.0001s ]
SQL: SHOW COLUMNS FROM `ot_code` [ RunTime:0.0004s ]
NOTIC: [8] Undefined index: uname /phpstudy/www/mmm.bianji.cn/User/Home/Controller/CommonController.class.php 第 59 行.
SQL: SELECT COUNT(*) AS tp_count FROM `ot_code` WHERE `onwer` = null AND `status` = 1 LIMIT 1   [ RunTime:0.0001s ]
NOTIC: [8] Undefined index: uname /phpstudy/www/mmm.bianji.cn/User/Home/Controller/CommonController.class.php 第 60 行.
SQL: SELECT * FROM `ot_code` WHERE `onwer` = null AND `status` = 1 LIMIT 1   [ RunTime:0.0001s ]
NOTIC: [8] Undefined index: uname /phpstudy/www/mmm.bianji.cn/User/Home/Controller/CommonController.class.php 第 92 行.
SQL: SHOW COLUMNS FROM `ot_user` [ RunTime:0.0018s ]
SQL: SELECT * FROM `ot_user` WHERE `UE_account` = null LIMIT 1   [ RunTime:0.0002s ]
SQL: UPDATE `ot_user` SET `levelname`='G1' WHERE `UE_account` = null [ RunTime:0.0001s ]
NOTIC: [8] Undefined index: uid /phpstudy/www/mmm.bianji.cn/User/Home/Controller/CommonController.class.php 第 97 行.
SQL: SELECT * FROM `ot_user` WHERE `UE_ID` = null LIMIT 1   [ RunTime:0.0002s ]

[ 2016-05-01T19:52:19+08:00 ] 180.153.206.13 /Home/Index/home.html
INFO: [ app_init ] --START--
INFO: Run Behavior\BuildLiteBehavior [ RunTime:0.000012s ]
INFO: [ app_init ] --END-- [ RunTime:0.000270s ]
INFO: [ app_begin ] --START--
INFO: Run Behavior\ReadHtmlCacheBehavior [ RunTime:0.000360s ]
INFO: [ app_begin ] --END-- [ RunTime:0.000400s ]
SQL: SHOW COLUMNS FROM `ot_system` [ RunTime:0.0014s ]
SQL: SELECT * FROM `ot_system` WHERE `SYS_ID` = 1 LIMIT 1   [ RunTime:0.0002s ]
NOTIC: [8] Undefined index: uname /phpstudy/www/mmm.bianji.cn/User/Home/Controller/CommonController.class.php 第 54 行.
SQL: SHOW COLUMNS FROM `ot_pin` [ RunTime:0.0004s ]
NOTIC: [8] Undefined index: uname /phpstudy/www/mmm.bianji.cn/User/Home/Controller/CommonController.class.php 第 58 行.
SQL: SELECT COUNT(*) AS tp_count FROM `ot_pin` WHERE `user` = null AND `zt` = 0 LIMIT 1   [ RunTime:0.0001s ]
SQL: SHOW COLUMNS FROM `ot_code` [ RunTime:0.0004s ]
NOTIC: [8] Undefined index: uname /phpstudy/www/mmm.bianji.cn/User/Home/Controller/CommonController.class.php 第 59 行.
SQL: SELECT COUNT(*) AS tp_count FROM `ot_code` WHERE `onwer` = null AND `status` = 1 LIMIT 1   [ RunTime:0.0001s ]
NOTIC: [8] Undefined index: uname /phpstudy/www/mmm.bianji.cn/User/Home/Controller/CommonController.class.php 第 60 行.
SQL: SELECT * FROM `ot_code` WHERE `onwer` = null AND `status` = 1 LIMIT 1   [ RunTime:0.0001s ]

[ 2016-05-01T19:52:19+08:00 ] 180.153.206.13 /Home/Login/index.html
INFO: [ app_init ] --START--
INFO: Run Behavior\BuildLiteBehavior [ RunTime:0.000016s ]
INFO: [ app_init ] --END-- [ RunTime:0.000281s ]
INFO: [ app_begin ] --START--
INFO: Run Behavior\ReadHtmlCacheBehavior [ RunTime:0.000367s ]
INFO: [ app_begin ] --END-- [ RunTime:0.000408s ]
INFO: [ view_parse ] --START--
INFO: [ template_filter ] --START--
INFO: Run Behavior\ContentReplaceBehavior [ RunTime:0.000057s ]
INFO: [ template_filter ] --END-- [ RunTime:0.000098s ]
INFO: Run Behavior\ParseTemplateBehavior [ RunTime:0.006346s ]
INFO: [ view_parse ] --END-- [ RunTime:0.006386s ]
INFO: [ view_filter ] --START--
INFO: Run Behavior\WriteHtmlCacheBehavior [ RunTime:0.000110s ]
INFO: [ view_filter ] --END-- [ RunTime:0.000147s ]
INFO: [ app_end ] --START--
INFO: Run Behavior\ShowPageTraceBehavior [ RunTime:0.000371s ]
INFO: [ app_end ] --END-- [ RunTime:0.000411s ]

[ 2016-05-01T19:52:19+08:00 ] 180.153.163.191 /Home/Index/home.html
INFO: [ app_init ] --START--
INFO: Run Behavior\BuildLiteBehavior [ RunTime:0.000012s ]
INFO: [ app_init ] --END-- [ RunTime:0.000275s ]
INFO: [ app_begin ] --START--
INFO: Run Behavior\ReadHtmlCacheBehavior [ RunTime:0.000380s ]
INFO: [ app_begin ] --END-- [ RunTime:0.000426s ]
SQL: SHOW COLUMNS FROM `ot_system` [ RunTime:0.0016s ]
SQL: SELECT * FROM `ot_system` WHERE `SYS_ID` = 1 LIMIT 1   [ RunTime:0.0002s ]
NOTIC: [8] Undefined index: uname /phpstudy/www/mmm.bianji.cn/User/Home/Controller/CommonController.class.php 第 54 行.
SQL: SHOW COLUMNS FROM `ot_pin` [ RunTime:0.0004s ]
NOTIC: [8] Undefined index: uname /phpstudy/www/mmm.bianji.cn/User/Home/Controller/CommonController.class.php 第 58 行.
SQL: SELECT COUNT(*) AS tp_count FROM `ot_pin` WHERE `user` = null AND `zt` = 0 LIMIT 1   [ RunTime:0.0001s ]
SQL: SHOW COLUMNS FROM `ot_code` [ RunTime:0.0004s ]
NOTIC: [8] Undefined index: uname /phpstudy/www/mmm.bianji.cn/User/Home/Controller/CommonController.class.php 第 59 行.
SQL: SELECT COUNT(*) AS tp_count FROM `ot_code` WHERE `onwer` = null AND `status` = 1 LIMIT 1   [ RunTime:0.0001s ]
NOTIC: [8] Undefined index: uname /phpstudy/www/mmm.bianji.cn/User/Home/Controller/CommonController.class.php 第 60 行.
SQL: SELECT * FROM `ot_code` WHERE `onwer` = null AND `status` = 1 LIMIT 1   [ RunTime:0.0001s ]

[ 2016-05-01T19:52:19+08:00 ] 180.153.163.191 /Home/Login/index.html
INFO: [ app_init ] --START--
INFO: Run Behavior\BuildLiteBehavior [ RunTime:0.000012s ]
INFO: [ app_init ] --END-- [ RunTime:0.000278s ]
INFO: [ app_begin ] --START--
INFO: Run Behavior\ReadHtmlCacheBehavior [ RunTime:0.000360s ]
INFO: [ app_begin ] --END-- [ RunTime:0.000407s ]
INFO: [ view_parse ] --START--
INFO: [ template_filter ] --START--
INFO: Run Behavior\ContentReplaceBehavior [ RunTime:0.000059s ]
INFO: [ template_filter ] --END-- [ RunTime:0.000099s ]
INFO: Run Behavior\ParseTemplateBehavior [ RunTime:0.006356s ]
INFO: [ view_parse ] --END-- [ RunTime:0.006398s ]
INFO: [ view_filter ] --START--
INFO: Run Behavior\WriteHtmlCacheBehavior [ RunTime:0.000114s ]
INFO: [ view_filter ] --END-- [ RunTime:0.000150s ]
INFO: [ app_end ] --START--
INFO: Run Behavior\ShowPageTraceBehavior [ RunTime:0.000382s ]
INFO: [ app_end ] --END-- [ RunTime:0.000425s ]

[ 2016-05-01T19:52:19+08:00 ] 101.226.33.219 /Home/Index/home.html
INFO: [ app_init ] --START--
INFO: Run Behavior\BuildLiteBehavior [ RunTime:0.000011s ]
INFO: [ app_init ] --END-- [ RunTime:0.000264s ]
INFO: [ app_begin ] --START--
INFO: Run Behavior\ReadHtmlCacheBehavior [ RunTime:0.000351s ]
INFO: [ app_begin ] --END-- [ RunTime:0.000393s ]
SQL: SHOW COLUMNS FROM `ot_system` [ RunTime:0.0015s ]
SQL: SELECT * FROM `ot_system` WHERE `SYS_ID` = 1 LIMIT 1   [ RunTime:0.0002s ]
NOTIC: [8] Undefined index: uname /phpstudy/www/mmm.bianji.cn/User/Home/Controller/CommonController.class.php 第 54 行.
SQL: SHOW COLUMNS FROM `ot_pin` [ RunTime:0.0004s ]
NOTIC: [8] Undefined index: uname /phpstudy/www/mmm.bianji.cn/User/Home/Controller/CommonController.class.php 第 58 行.
SQL: SELECT COUNT(*) AS tp_count FROM `ot_pin` WHERE `user` = null AND `zt` = 0 LIMIT 1   [ RunTime:0.0001s ]
SQL: SHOW COLUMNS FROM `ot_code` [ RunTime:0.0004s ]
NOTIC: [8] Undefined index: uname /phpstudy/www/mmm.bianji.cn/User/Home/Controller/CommonController.class.php 第 59 行.
SQL: SELECT COUNT(*) AS tp_count FROM `ot_code` WHERE `onwer` = null AND `status` = 1 LIMIT 1   [ RunTime:0.0001s ]
NOTIC: [8] Undefined index: uname /phpstudy/www/mmm.bianji.cn/User/Home/Controller/CommonController.class.php 第 60 行.
SQL: SELECT * FROM `ot_code` WHERE `onwer` = null AND `status` = 1 LIMIT 1   [ RunTime:0.0001s ]

[ 2016-05-01T19:52:20+08:00 ] 61.158.148.69 /Home/Login/google.h.c
INFO: [ app_init ] --START--
INFO: Run Behavior\BuildLiteBehavior [ RunTime:0.000011s ]
INFO: [ app_init ] --END-- [ RunTime:0.000288s ]
INFO: [ app_begin ] --START--
INFO: Run Behavior\ReadHtmlCacheBehavior [ RunTime:0.000346s ]
INFO: [ app_begin ] --END-- [ RunTime:0.000387s ]
ERR: 非法操作:google.h.c

[ 2016-05-01T19:52:20+08:00 ] 101.226.33.219 /Home/Login/index.html
INFO: [ app_init ] --START--
INFO: Run Behavior\BuildLiteBehavior [ RunTime:0.000011s ]
INFO: [ app_init ] --END-- [ RunTime:0.000271s ]
INFO: [ app_begin ] --START--
INFO: Run Behavior\ReadHtmlCacheBehavior [ RunTime:0.000361s ]
INFO: [ app_begin ] --END-- [ RunTime:0.000402s ]
INFO: [ view_parse ] --START--
INFO: [ template_filter ] --START--
INFO: Run Behavior\ContentReplaceBehavior [ RunTime:0.000055s ]
INFO: [ template_filter ] --END-- [ RunTime:0.000098s ]
INFO: Run Behavior\ParseTemplateBehavior [ RunTime:0.006221s ]
INFO: [ view_parse ] --END-- [ RunTime:0.006261s ]
INFO: [ view_filter ] --START--
INFO: Run Behavior\WriteHtmlCacheBehavior [ RunTime:0.000111s ]
INFO: [ view_filter ] --END-- [ RunTime:0.000146s ]
INFO: [ app_end ] --START--
INFO: Run Behavior\ShowPageTraceBehavior [ RunTime:0.000373s ]
INFO: [ app_end ] --END-- [ RunTime:0.000411s ]

[ 2016-05-01T19:52:35+08:00 ] 123.151.42.47 /Home/Login/logincl.html
INFO: [ app_init ] --START--
INFO: Run Behavior\BuildLiteBehavior [ RunTime:0.000017s ]
INFO: [ app_init ] --END-- [ RunTime:0.000344s ]
INFO: [ app_begin ] --START--
INFO: Run Behavior\ReadHtmlCacheBehavior [ RunTime:0.000376s ]
INFO: [ app_begin ] --END-- [ RunTime:0.000422s ]
SQL: SHOW COLUMNS FROM `ot_user` [ RunTime:0.0024s ]
SQL: SELECT * FROM `ot_user` WHERE `UE_account` = '18623720555' LIMIT 1   [ RunTime:0.0003s ]
SQL: SHOW COLUMNS FROM `ot_ppdd` [ RunTime:0.0006s ]
NOTIC: [2] Missing argument 2 for Think\Crypt::decrypt(), called in /phpstudy/www/mmm.bianji.cn/User/Home/Common/function.php on line 591 and defined /phpstudy/www/mmm.bianji.cn/ThinkPHP/Library/Think/Crypt.class.php 第 46 行.
NOTIC: [8] Undefined variable: key /phpstudy/www/mmm.bianji.cn/ThinkPHP/Library/Think/Crypt.class.php 第 51 行.
NOTIC: [2] Missing argument 2 for Think\Crypt::encrypt(), called in /phpstudy/www/mmm.bianji.cn/User/Home/Common/function.php on line 762 and defined /phpstudy/www/mmm.bianji.cn/ThinkPHP/Library/Think/Crypt.class.php 第 32 行.
NOTIC: [8] Undefined variable: key /phpstudy/www/mmm.bianji.cn/ThinkPHP/Library/Think/Crypt.class.php 第 37 行.
SQL: SELECT * FROM `ot_ppdd` WHERE `p_user` = '18623720555' AND `zt` = 0  [ RunTime:0.0002s ]
NOTIC: [8] Use of undefined constant ue_id - assumed 'ue_id' /phpstudy/www/mmm.bianji.cn/User/Home/Controller/LoginController.class.php 第 108 行.
NOTIC: [8] Use of undefined constant ue_account - assumed 'ue_account' /phpstudy/www/mmm.bianji.cn/User/Home/Controller/LoginController.class.php 第 110 行.
NOTIC: [8] Use of undefined constant ue_account - assumed 'ue_account' /phpstudy/www/mmm.bianji.cn/User/Home/Controller/LoginController.class.php 第 118 行.
SQL: SHOW COLUMNS FROM `ot_drrz` [ RunTime:0.0004s ]
SQL: INSERT INTO `ot_drrz` (`date`,`ip`,`user`,`leixin`) VALUES ('2016-05-01 19:52:35','','18623720555','0') [ RunTime:0.0002s ]
NOTIC: [8] Use of undefined constant sf - assumed 'sf' /phpstudy/www/mmm.bianji.cn/User/Home/Controller/LoginController.class.php 第 131 行.

[ 2016-05-01T19:52:35+08:00 ] 123.151.42.47 /
INFO: [ app_init ] --START--
INFO: Run Behavior\BuildLiteBehavior [ RunTime:0.000013s ]
INFO: [ app_init ] --END-- [ RunTime:0.000272s ]
INFO: [ app_begin ] --START--
INFO: Run Behavior\ReadHtmlCacheBehavior [ RunTime:0.000342s ]
INFO: [ app_begin ] --END-- [ RunTime:0.000383s ]
SQL: SHOW COLUMNS FROM `ot_system` [ RunTime:0.0016s ]
SQL: SELECT * FROM `ot_system` WHERE `SYS_ID` = 1 LIMIT 1   [ RunTime:0.0002s ]
SQL: SHOW COLUMNS FROM `ot_pin` [ RunTime:0.0004s ]
SQL: SELECT COUNT(*) AS tp_count FROM `ot_pin` WHERE `user` = '18623720555' AND `zt` = 0 LIMIT 1   [ RunTime:0.0001s ]
SQL: SHOW COLUMNS FROM `ot_code` [ RunTime:0.0004s ]
SQL: SELECT COUNT(*) AS tp_count FROM `ot_code` WHERE `onwer` = '18623720555' AND `status` = 1 LIMIT 1   [ RunTime:0.0001s ]
SQL: SELECT * FROM `ot_code` WHERE `onwer` = '18623720555' AND `status` = 1 LIMIT 1   [ RunTime:0.0001s ]
SQL: SHOW COLUMNS FROM `ot_user` [ RunTime:0.0019s ]
SQL: SELECT * FROM `ot_user` WHERE `UE_account` = '18623720555' LIMIT 1   [ RunTime:0.0002s ]
SQL: UPDATE `ot_user` SET `levelname`='G1' WHERE `UE_account` = '18623720555' [ RunTime:0.0002s ]
SQL: SELECT * FROM `ot_user` WHERE `UE_ID` = 6 LIMIT 1   [ RunTime:0.0002s ]

[ 2016-05-01T19:52:36+08:00 ] 123.151.42.47 /Home/Index/home.html
INFO: [ app_init ] --START--
INFO: Run Behavior\BuildLiteBehavior [ RunTime:0.000011s ]
INFO: [ app_init ] --END-- [ RunTime:0.000272s ]
INFO: [ app_begin ] --START--
INFO: Run Behavior\ReadHtmlCacheBehavior [ RunTime:0.000350s ]
INFO: [ app_begin ] --END-- [ RunTime:0.000390s ]
SQL: SHOW COLUMNS FROM `ot_system` [ RunTime:0.0016s ]
SQL: SELECT * FROM `ot_system` WHERE `SYS_ID` = 1 LIMIT 1   [ RunTime:0.0002s ]
SQL: SHOW COLUMNS FROM `ot_pin` [ RunTime:0.0004s ]
SQL: SELECT COUNT(*) AS tp_count FROM `ot_pin` WHERE `user` = '18623720555' AND `zt` = 0 LIMIT 1   [ RunTime:0.0001s ]
SQL: SHOW COLUMNS FROM `ot_code` [ RunTime:0.0004s ]
SQL: SELECT COUNT(*) AS tp_count FROM `ot_code` WHERE `onwer` = '18623720555' AND `status` = 1 LIMIT 1   [ RunTime:0.0001s ]
SQL: SELECT * FROM `ot_code` WHERE `onwer` = '18623720555' AND `status` = 1 LIMIT 1   [ RunTime:0.0001s ]
SQL: SHOW COLUMNS FROM `ot_user` [ RunTime:0.0019s ]
SQL: SELECT * FROM `ot_user` WHERE `UE_account` = '18623720555' LIMIT 1   [ RunTime:0.0003s ]
SQL: UPDATE `ot_user` SET `levelname`='G1' WHERE `UE_account` = '18623720555' [ RunTime:0.0002s ]
SQL: SELECT * FROM `ot_user` WHERE `UE_ID` = 6 LIMIT 1   [ RunTime:0.0002s ]
SQL: SHOW COLUMNS FROM `ot_tgbz` [ RunTime:0.0006s ]
SQL: SELECT COUNT(*) AS tp_count FROM `ot_tgbz` WHERE `user` = '18623720555' LIMIT 1   [ RunTime:0.0001s ]
SQL: SELECT * FROM `ot_tgbz` WHERE `user` = '18623720555' ORDER BY id DESC LIMIT 0,100   [ RunTime:0.0001s ]
SQL: SHOW COLUMNS FROM `ot_jsbz` [ RunTime:0.0005s ]
SQL: SELECT COUNT(*) AS tp_count FROM `ot_jsbz` WHERE `user` = '18623720555' LIMIT 1   [ RunTime:0.0001s ]
SQL: SELECT * FROM `ot_jsbz` WHERE `user` = '18623720555' ORDER BY id DESC LIMIT 0,100   [ RunTime:0.0001s ]
SQL: SELECT * FROM `ot_jsbz` WHERE `user` = '18623720555' LIMIT 1   [ RunTime:0.0001s ]
SQL: SHOW COLUMNS FROM `ot_ppdd` [ RunTime:0.0006s ]
SQL: SELECT COUNT(*) AS tp_count FROM `ot_ppdd` WHERE `p_user` = '18623720555' LIMIT 1   [ RunTime:0.0001s ]
SQL: SELECT * FROM `ot_ppdd` WHERE `p_user` = '18623720555' ORDER BY id DESC LIMIT 0,100   [ RunTime:0.0001s ]
SQL: SELECT COUNT(*) AS tp_count FROM `ot_ppdd` WHERE `g_user` = '18623720555' LIMIT 1   [ RunTime:0.0001s ]
SQL: SELECT * FROM `ot_ppdd` WHERE `g_user` = '18623720555' ORDER BY id DESC LIMIT 0,100   [ RunTime:0.0001s ]
INFO: [ view_parse ] --START--
INFO: [ template_filter ] --START--
INFO: Run Behavior\ContentReplaceBehavior [ RunTime:0.000290s ]
INFO: [ template_filter ] --END-- [ RunTime:0.000333s ]
NOTIC: [8] Undefined variable: home /phpstudy/www/mmm.bianji.cn/User/Runtime/Cache/Home/9b888f9a05177cc78c87c9cd7e37319c.php 第 758 行.
NOTIC: [8] Undefined variable: news /phpstudy/www/mmm.bianji.cn/User/Runtime/Cache/Home/9b888f9a05177cc78c87c9cd7e37319c.php 第 761 行.
NOTIC: [8] Undefined variable: she_list /phpstudy/www/mmm.bianji.cn/User/Runtime/Cache/Home/9b888f9a05177cc78c87c9cd7e37319c.php 第 765 行.
NOTIC: [8] Undefined variable: de_list /phpstudy/www/mmm.bianji.cn/User/Runtime/Cache/Home/9b888f9a05177cc78c87c9cd7e37319c.php 第 769 行.
NOTIC: [8] Undefined variable: reg /phpstudy/www/mmm.bianji.cn/User/Runtime/Cache/Home/9b888f9a05177cc78c87c9cd7e37319c.php 第 773 行.
NOTIC: [8] Undefined variable: profile /phpstudy/www/mmm.bianji.cn/User/Runtime/Cache/Home/9b888f9a05177cc78c87c9cd7e37319c.php 第 777 行.
NOTIC: [8] Undefined variable: manage /phpstudy/www/mmm.bianji.cn/User/Runtime/Cache/Home/9b888f9a05177cc78c87c9cd7e37319c.php 第 780 行.
NOTIC: [8] Undefined variable: cwmx /phpstudy/www/mmm.bianji.cn/User/Runtime/Cache/Home/9b888f9a05177cc78c87c9cd7e37319c.php 第 789 行.
NOTIC: [8] Undefined variable: detail /phpstudy/www/mmm.bianji.cn/User/Runtime/Cache/Home/9b888f9a05177cc78c87c9cd7e37319c.php 第 794 行.
INFO: Run Behavior\ParseTemplateBehavior [ RunTime:0.042183s ]
INFO: [ view_parse ] --END-- [ RunTime:0.042235s ]
INFO: [ view_filter ] --START--
INFO: Run Behavior\WriteHtmlCacheBehavior [ RunTime:0.000137s ]
INFO: [ view_filter ] --END-- [ RunTime:0.000174s ]
INFO: [ app_end ] --START--
INFO: Run Behavior\ShowPageTraceBehavior [ RunTime:0.000406s ]
INFO: [ app_end ] --END-- [ RunTime:0.000447s ]

[ 2016-05-01T19:52:37+08:00 ] 61.158.148.69 /Home/Index/google.h.c
INFO: [ app_init ] --START--
INFO: Run Behavior\BuildLiteBehavior [ RunTime:0.000012s ]
INFO: [ app_init ] --END-- [ RunTime:0.000269s ]
INFO: [ app_begin ] --START--
INFO: Run Behavior\ReadHtmlCacheBehavior [ RunTime:0.000352s ]
INFO: [ app_begin ] --END-- [ RunTime:0.000393s ]
SQL: SHOW COLUMNS FROM `ot_system` [ RunTime:0.0014s ]
SQL: SELECT * FROM `ot_system` WHERE `SYS_ID` = 1 LIMIT 1   [ RunTime:0.0002s ]
SQL: SHOW COLUMNS FROM `ot_pin` [ RunTime:0.0004s ]
SQL: SELECT COUNT(*) AS tp_count FROM `ot_pin` WHERE `user` = '18623720555' AND `zt` = 0 LIMIT 1   [ RunTime:0.0001s ]
SQL: SHOW COLUMNS FROM `ot_code` [ RunTime:0.0004s ]
SQL: SELECT COUNT(*) AS tp_count FROM `ot_code` WHERE `onwer` = '18623720555' AND `status` = 1 LIMIT 1   [ RunTime:0.0001s ]
SQL: SELECT * FROM `ot_code` WHERE `onwer` = '18623720555' AND `status` = 1 LIMIT 1   [ RunTime:0.0001s ]
SQL: SHOW COLUMNS FROM `ot_user` [ RunTime:0.0018s ]
SQL: SELECT * FROM `ot_user` WHERE `UE_account` = '18623720555' LIMIT 1   [ RunTime:0.0002s ]
SQL: UPDATE `ot_user` SET `levelname`='G1' WHERE `UE_account` = '18623720555' [ RunTime:0.0002s ]
SQL: SELECT * FROM `ot_user` WHERE `UE_ID` = 6 LIMIT 1   [ RunTime:0.0002s ]
ERR: 非法操作:google.h.c

[ 2016-05-01T19:52:37+08:00 ] 61.158.148.69 /Home/Index/google.h.h
INFO: [ app_init ] --START--
INFO: Run Behavior\BuildLiteBehavior [ RunTime:0.000012s ]
INFO: [ app_init ] --END-- [ RunTime:0.000267s ]
INFO: [ app_begin ] --START--
INFO: Run Behavior\ReadHtmlCacheBehavior [ RunTime:0.000344s ]
INFO: [ app_begin ] --END-- [ RunTime:0.000385s ]
SQL: SHOW COLUMNS FROM `ot_system` [ RunTime:0.0013s ]
SQL: SELECT * FROM `ot_system` WHERE `SYS_ID` = 1 LIMIT 1   [ RunTime:0.0002s ]
SQL: SHOW COLUMNS FROM `ot_pin` [ RunTime:0.0004s ]
SQL: SELECT COUNT(*) AS tp_count FROM `ot_pin` WHERE `user` = '18623720555' AND `zt` = 0 LIMIT 1   [ RunTime:0.0001s ]
SQL: SHOW COLUMNS FROM `ot_code` [ RunTime:0.0004s ]
SQL: SELECT COUNT(*) AS tp_count FROM `ot_code` WHERE `onwer` = '18623720555' AND `status` = 1 LIMIT 1   [ RunTime:0.0001s ]
SQL: SELECT * FROM `ot_code` WHERE `onwer` = '18623720555' AND `status` = 1 LIMIT 1   [ RunTime:0.0001s ]
SQL: SHOW COLUMNS FROM `ot_user` [ RunTime:0.0018s ]
SQL: SELECT * FROM `ot_user` WHERE `UE_account` = '18623720555' LIMIT 1   [ RunTime:0.0002s ]
SQL: UPDATE `ot_user` SET `levelname`='G1' WHERE `UE_account` = '18623720555' [ RunTime:0.0001s ]
SQL: SELECT * FROM `ot_user` WHERE `UE_ID` = 6 LIMIT 1   [ RunTime:0.0002s ]
ERR: 非法操作:google.h.h

[ 2016-05-01T19:52:39+08:00 ] 123.151.42.47 /Home/Index/google.js.js
INFO: [ app_init ] --START--
INFO: Run Behavior\BuildLiteBehavior [ RunTime:0.000012s ]
INFO: [ app_init ] --END-- [ RunTime:0.000268s ]
INFO: [ app_begin ] --START--
INFO: Run Behavior\ReadHtmlCacheBehavior [ RunTime:0.000342s ]
INFO: [ app_begin ] --END-- [ RunTime:0.000382s ]
SQL: SHOW COLUMNS FROM `ot_system` [ RunTime:0.0014s ]
SQL: SELECT * FROM `ot_system` WHERE `SYS_ID` = 1 LIMIT 1   [ RunTime:0.0002s ]
SQL: SHOW COLUMNS FROM `ot_pin` [ RunTime:0.0004s ]
SQL: SELECT COUNT(*) AS tp_count FROM `ot_pin` WHERE `user` = '18623720555' AND `zt` = 0 LIMIT 1   [ RunTime:0.0001s ]
SQL: SHOW COLUMNS FROM `ot_code` [ RunTime:0.0004s ]
SQL: SELECT COUNT(*) AS tp_count FROM `ot_code` WHERE `onwer` = '18623720555' AND `status` = 1 LIMIT 1   [ RunTime:0.0001s ]
SQL: SELECT * FROM `ot_code` WHERE `onwer` = '18623720555' AND `status` = 1 LIMIT 1   [ RunTime:0.0001s ]
SQL: SHOW COLUMNS FROM `ot_user` [ RunTime:0.0018s ]
SQL: SELECT * FROM `ot_user` WHERE `UE_account` = '18623720555' LIMIT 1   [ RunTime:0.0002s ]
SQL: UPDATE `ot_user` SET `levelname`='G1' WHERE `UE_account` = '18623720555' [ RunTime:0.0002s ]
SQL: SELECT * FROM `ot_user` WHERE `UE_ID` = 6 LIMIT 1   [ RunTime:0.0002s ]
ERR: 非法操作:google.js.js

[ 2016-05-01T19:53:20+08:00 ] 111.30.137.186 /Home/Index/jsbzcl
INFO: [ app_init ] --START--
INFO: Run Behavior\BuildLiteBehavior [ RunTime:0.000013s ]
INFO: [ app_init ] --END-- [ RunTime:0.000278s ]
INFO: [ app_begin ] --START--
INFO: Run Behavior\ReadHtmlCacheBehavior [ RunTime:0.000339s ]
INFO: [ app_begin ] --END-- [ RunTime:0.000379s ]
SQL: SHOW COLUMNS FROM `ot_system` [ RunTime:0.0016s ]
SQL: SELECT * FROM `ot_system` WHERE `SYS_ID` = 1 LIMIT 1   [ RunTime:0.0002s ]
SQL: SHOW COLUMNS FROM `ot_pin` [ RunTime:0.0004s ]
SQL: SELECT COUNT(*) AS tp_count FROM `ot_pin` WHERE `user` = '18623720555' AND `zt` = 0 LIMIT 1   [ RunTime:0.0001s ]
SQL: SHOW COLUMNS FROM `ot_code` [ RunTime:0.0004s ]
SQL: SELECT COUNT(*) AS tp_count FROM `ot_code` WHERE `onwer` = '18623720555' AND `status` = 1 LIMIT 1   [ RunTime:0.0001s ]
SQL: SELECT * FROM `ot_code` WHERE `onwer` = '18623720555' AND `status` = 1 LIMIT 1   [ RunTime:0.0001s ]
SQL: SHOW COLUMNS FROM `ot_user` [ RunTime:0.0018s ]
SQL: SELECT * FROM `ot_user` WHERE `UE_account` = '18623720555' LIMIT 1   [ RunTime:0.0002s ]
SQL: UPDATE `ot_user` SET `levelname`='G1' WHERE `UE_account` = '18623720555' [ RunTime:0.0002s ]
SQL: SELECT * FROM `ot_user` WHERE `UE_ID` = 6 LIMIT 1   [ RunTime:0.0002s ]
NOTIC: [8] Use of undefined constant UE_account - assumed 'UE_account' /phpstudy/www/mmm.bianji.cn/User/Home/Controller/IndexController.class.php 第 1124 行.
SQL: SELECT * FROM `ot_user` WHERE `UE_account` = '18623720555' LIMIT 1   [ RunTime:0.0002s ]
NOTIC: [8] Use of undefined constant UE_account - assumed 'UE_account' /phpstudy/www/mmm.bianji.cn/User/Home/Controller/IndexController.class.php 第 1130 行.
SQL: SELECT * FROM `ot_user` WHERE `UE_account` = '18623720555' LIMIT 1   [ RunTime:0.0002s ]
NOTIC: [8] Undefined index: UE_regTime /phpstudy/www/mmm.bianji.cn/User/Home/Controller/IndexController.class.php 第 1131 行.

[ 2016-05-01T19:53:26+08:00 ] 111.161.105.18 /
INFO: [ app_init ] --START--
INFO: Run Behavior\BuildLiteBehavior [ RunTime:0.000017s ]
INFO: [ app_init ] --END-- [ RunTime:0.000338s ]
INFO: [ app_begin ] --START--
INFO: Run Behavior\ReadHtmlCacheBehavior [ RunTime:0.000388s ]
INFO: [ app_begin ] --END-- [ RunTime:0.000442s ]
SQL: SHOW COLUMNS FROM `ot_system` [ RunTime:0.0016s ]
SQL: SELECT * FROM `ot_system` WHERE `SYS_ID` = 1 LIMIT 1   [ RunTime:0.0002s ]
NOTIC: [8] Undefined index: uname /phpstudy/www/mmm.bianji.cn/User/Home/Controller/CommonController.class.php 第 54 行.
SQL: SHOW COLUMNS FROM `ot_pin` [ RunTime:0.0004s ]
NOTIC: [8] Undefined index: uname /phpstudy/www/mmm.bianji.cn/User/Home/Controller/CommonController.class.php 第 58 行.
SQL: SELECT COUNT(*) AS tp_count FROM `ot_pin` WHERE `user` = null AND `zt` = 0 LIMIT 1   [ RunTime:0.0001s ]
SQL: SHOW COLUMNS FROM `ot_code` [ RunTime:0.0004s ]
NOTIC: [8] Undefined index: uname /phpstudy/www/mmm.bianji.cn/User/Home/Controller/CommonController.class.php 第 59 行.
SQL: SELECT COUNT(*) AS tp_count FROM `ot_code` WHERE `onwer` = null AND `status` = 1 LIMIT 1   [ RunTime:0.0001s ]
NOTIC: [8] Undefined index: uname /phpstudy/www/mmm.bianji.cn/User/Home/Controller/CommonController.class.php 第 60 行.
SQL: SELECT * FROM `ot_code` WHERE `onwer` = null AND `status` = 1 LIMIT 1   [ RunTime:0.0001s ]
NOTIC: [8] Undefined index: uname /phpstudy/www/mmm.bianji.cn/User/Home/Controller/CommonController.class.php 第 92 行.
SQL: SHOW COLUMNS FROM `ot_user` [ RunTime:0.0018s ]
SQL: SELECT * FROM `ot_user` WHERE `UE_account` = null LIMIT 1   [ RunTime:0.0002s ]
SQL: UPDATE `ot_user` SET `levelname`='G1' WHERE `UE_account` = null [ RunTime:0.0001s ]
NOTIC: [8] Undefined index: uid /phpstudy/www/mmm.bianji.cn/User/Home/Controller/CommonController.class.php 第 97 行.
SQL: SELECT * FROM `ot_user` WHERE `UE_ID` = null LIMIT 1   [ RunTime:0.0002s ]

[ 2016-05-01T19:53:49+08:00 ] 123.151.42.47 /Home/Index/jsbzcl
INFO: [ app_init ] --START--
INFO: Run Behavior\BuildLiteBehavior [ RunTime:0.000013s ]
INFO: [ app_init ] --END-- [ RunTime:0.000270s ]
INFO: [ app_begin ] --START--
INFO: Run Behavior\ReadHtmlCacheBehavior [ RunTime:0.000337s ]
INFO: [ app_begin ] --END-- [ RunTime:0.000377s ]
SQL: SHOW COLUMNS FROM `ot_system` [ RunTime:0.0015s ]
SQL: SELECT * FROM `ot_system` WHERE `SYS_ID` = 1 LIMIT 1   [ RunTime:0.0002s ]
SQL: SHOW COLUMNS FROM `ot_pin` [ RunTime:0.0004s ]
SQL: SELECT COUNT(*) AS tp_count FROM `ot_pin` WHERE `user` = '18623720555' AND `zt` = 0 LIMIT 1   [ RunTime:0.0001s ]
SQL: SHOW COLUMNS FROM `ot_code` [ RunTime:0.0004s ]
SQL: SELECT COUNT(*) AS tp_count FROM `ot_code` WHERE `onwer` = '18623720555' AND `status` = 1 LIMIT 1   [ RunTime:0.0001s ]
SQL: SELECT * FROM `ot_code` WHERE `onwer` = '18623720555' AND `status` = 1 LIMIT 1   [ RunTime:0.0001s ]
SQL: SHOW COLUMNS FROM `ot_user` [ RunTime:0.0018s ]
SQL: SELECT * FROM `ot_user` WHERE `UE_account` = '18623720555' LIMIT 1   [ RunTime:0.0002s ]
SQL: UPDATE `ot_user` SET `levelname`='G1' WHERE `UE_account` = '18623720555' [ RunTime:0.0002s ]
SQL: SELECT * FROM `ot_user` WHERE `UE_ID` = 6 LIMIT 1   [ RunTime:0.0002s ]
NOTIC: [8] Use of undefined constant UE_account - assumed 'UE_account' /phpstudy/www/mmm.bianji.cn/User/Home/Controller/IndexController.class.php 第 1124 行.
SQL: SELECT * FROM `ot_user` WHERE `UE_account` = '18623720555' LIMIT 1   [ RunTime:0.0002s ]
NOTIC: [8] Use of undefined constant UE_account - assumed 'UE_account' /phpstudy/www/mmm.bianji.cn/User/Home/Controller/IndexController.class.php 第 1130 行.
SQL: SELECT * FROM `ot_user` WHERE `UE_account` = '18623720555' LIMIT 1   [ RunTime:0.0002s ]
NOTIC: [8] Undefined index: UE_regTime /phpstudy/www/mmm.bianji.cn/User/Home/Controller/IndexController.class.php 第 1131 行.

