[ 2016-02-16T13:44:43+08:00 ] ::1 /
INFO: [ app_init ] --START--
INFO: Run Behavior\BuildLiteBehavior [ RunTime:0.000050s ]
INFO: [ app_init ] --END-- [ RunTime:0.002470s ]
INFO: [ app_begin ] --START--
INFO: Run Behavior\ReadHtmlCacheBehavior [ RunTime:0.000876s ]
INFO: [ app_begin ] --END-- [ RunTime:0.001018s ]
SQL: SHOW COLUMNS FROM `ot_system` [ RunTime:0.0532s ]
SQL: SELECT * FROM `ot_system` WHERE `SYS_ID` = 1 LIMIT 1   [ RunTime:0.0084s ]
SQL: SHOW COLUMNS FROM `ot_user` [ RunTime:0.0040s ]
NOTIC: [8] Undefined index: uid /Library/WebServer/Documents/User/Home/Controller/CommonController.class.php 第 88 行.
SQL: SELECT * FROM `ot_user` WHERE `UE_ID` = null LIMIT 1   [ RunTime:0.0023s ]
SQL: SHOW COLUMNS FROM `ot_tgbz` [ RunTime:0.0038s ]
NOTIC: [8] Undefined index: uname /Library/WebServer/Documents/User/Home/Controller/CommonController.class.php 第 100 行.
SQL: SELECT * FROM `ot_tgbz` WHERE `user` = null AND `jb` = '500' AND `showflag` = 1 ORDER BY id DESC LIMIT 1   [ RunTime:0.0009s ]
NOTIC: [8] Undefined variable: str /Library/WebServer/Documents/User/Home/Controller/CommonController.class.php 第 105 行.
NOTIC: [8] Undefined index: uname /Library/WebServer/Documents/User/Home/Controller/CommonController.class.php 第 100 行.
SQL: SELECT * FROM `ot_tgbz` WHERE `user` = null AND `jb` = '1000' AND `showflag` = 1 ORDER BY id DESC LIMIT 1   [ RunTime:0.0010s ]
NOTIC: [8] Undefined index: uname /Library/WebServer/Documents/User/Home/Controller/CommonController.class.php 第 100 行.
SQL: SELECT * FROM `ot_tgbz` WHERE `user` = null AND `jb` = '1500' AND `showflag` = 1 ORDER BY id DESC LIMIT 1   [ RunTime:0.0005s ]
NOTIC: [8] Undefined index: uname /Library/WebServer/Documents/User/Home/Controller/CommonController.class.php 第 100 行.
SQL: SELECT * FROM `ot_tgbz` WHERE `user` = null AND `jb` = '2000' AND `showflag` = 1 ORDER BY id DESC LIMIT 1   [ RunTime:0.0003s ]

[ 2016-02-16T13:44:43+08:00 ] ::1 /
INFO: [ app_init ] --START--
INFO: Run Behavior\BuildLiteBehavior [ RunTime:0.000020s ]
INFO: [ app_init ] --END-- [ RunTime:0.000329s ]
INFO: [ app_begin ] --START--
INFO: Run Behavior\ReadHtmlCacheBehavior [ RunTime:0.000351s ]
INFO: [ app_begin ] --END-- [ RunTime:0.000450s ]
SQL: SHOW COLUMNS FROM `ot_system` [ RunTime:0.0010s ]
SQL: SELECT * FROM `ot_system` WHERE `SYS_ID` = 1 LIMIT 1   [ RunTime:0.0006s ]
SQL: SHOW COLUMNS FROM `ot_user` [ RunTime:0.0016s ]
NOTIC: [8] Undefined index: uid /Library/WebServer/Documents/User/Home/Controller/CommonController.class.php 第 88 行.
SQL: SELECT * FROM `ot_user` WHERE `UE_ID` = null LIMIT 1   [ RunTime:0.0004s ]
SQL: SHOW COLUMNS FROM `ot_tgbz` [ RunTime:0.0009s ]
NOTIC: [8] Undefined index: uname /Library/WebServer/Documents/User/Home/Controller/CommonController.class.php 第 100 行.
SQL: SELECT * FROM `ot_tgbz` WHERE `user` = null AND `jb` = '500' AND `showflag` = 1 ORDER BY id DESC LIMIT 1   [ RunTime:0.0004s ]
NOTIC: [8] Undefined variable: str /Library/WebServer/Documents/User/Home/Controller/CommonController.class.php 第 105 行.
NOTIC: [8] Undefined index: uname /Library/WebServer/Documents/User/Home/Controller/CommonController.class.php 第 100 行.
SQL: SELECT * FROM `ot_tgbz` WHERE `user` = null AND `jb` = '1000' AND `showflag` = 1 ORDER BY id DESC LIMIT 1   [ RunTime:0.0004s ]
NOTIC: [8] Undefined index: uname /Library/WebServer/Documents/User/Home/Controller/CommonController.class.php 第 100 行.
SQL: SELECT * FROM `ot_tgbz` WHERE `user` = null AND `jb` = '1500' AND `showflag` = 1 ORDER BY id DESC LIMIT 1   [ RunTime:0.0003s ]
NOTIC: [8] Undefined index: uname /Library/WebServer/Documents/User/Home/Controller/CommonController.class.php 第 100 行.
SQL: SELECT * FROM `ot_tgbz` WHERE `user` = null AND `jb` = '2000' AND `showflag` = 1 ORDER BY id DESC LIMIT 1   [ RunTime:0.0004s ]

[ 2016-02-16T13:44:43+08:00 ] ::1 /Home/Index/home.html
INFO: [ app_init ] --START--
INFO: Run Behavior\BuildLiteBehavior [ RunTime:0.000037s ]
INFO: [ app_init ] --END-- [ RunTime:0.000520s ]
INFO: [ app_begin ] --START--
INFO: Run Behavior\ReadHtmlCacheBehavior [ RunTime:0.000423s ]
INFO: [ app_begin ] --END-- [ RunTime:0.000541s ]
SQL: SHOW COLUMNS FROM `ot_system` [ RunTime:0.0011s ]
SQL: SELECT * FROM `ot_system` WHERE `SYS_ID` = 1 LIMIT 1   [ RunTime:0.0005s ]

[ 2016-02-16T13:44:43+08:00 ] ::1 /Home/Login/index.html
INFO: [ app_init ] --START--
INFO: Run Behavior\BuildLiteBehavior [ RunTime:0.000029s ]
INFO: [ app_init ] --END-- [ RunTime:0.000422s ]
INFO: [ app_begin ] --START--
INFO: Run Behavior\ReadHtmlCacheBehavior [ RunTime:0.000405s ]
INFO: [ app_begin ] --END-- [ RunTime:0.000515s ]
INFO: [ view_parse ] --START--
INFO: [ template_filter ] --START--
INFO: Run Behavior\ContentReplaceBehavior [ RunTime:0.000069s ]
INFO: [ template_filter ] --END-- [ RunTime:0.000196s ]
INFO: Run Behavior\ParseTemplateBehavior [ RunTime:0.009213s ]
INFO: [ view_parse ] --END-- [ RunTime:0.009333s ]
INFO: [ view_filter ] --START--
INFO: Run Behavior\WriteHtmlCacheBehavior [ RunTime:0.000882s ]
INFO: Run Behavior\TokenBuildBehavior [ RunTime:0.000709s ]
INFO: [ view_filter ] --END-- [ RunTime:0.001792s ]
INFO: [ app_end ] --START--
INFO: Run Behavior\ShowPageTraceBehavior [ RunTime:0.001100s ]
INFO: [ app_end ] --END-- [ RunTime:0.001246s ]

[ 2016-02-16T13:44:51+08:00 ] ::1 /Home/Login/logincl.html
INFO: [ app_init ] --START--
INFO: Run Behavior\BuildLiteBehavior [ RunTime:0.000028s ]
INFO: [ app_init ] --END-- [ RunTime:0.000398s ]
INFO: [ app_begin ] --START--
INFO: Run Behavior\ReadHtmlCacheBehavior [ RunTime:0.000798s ]
INFO: [ app_begin ] --END-- [ RunTime:0.000978s ]
SQL: SHOW COLUMNS FROM `ot_user` [ RunTime:0.0019s ]
SQL: SELECT * FROM `ot_user` WHERE `UE_account` = 'admin@qq.com' LIMIT 1   [ RunTime:0.0017s ]
SQL: SHOW COLUMNS FROM `ot_ppdd` [ RunTime:0.0027s ]
SQL: SELECT * FROM `ot_ppdd` WHERE `p_user` = 'admin@qq.com' AND `zt` = 0 AND `ts_zt` = 0  [ RunTime:0.0007s ]
NOTIC: [8] Use of undefined constant ue_id - assumed 'ue_id' /Library/WebServer/Documents/User/Home/Controller/LoginController.class.php 第 107 行.
NOTIC: [8] Use of undefined constant ue_account - assumed 'ue_account' /Library/WebServer/Documents/User/Home/Controller/LoginController.class.php 第 109 行.
NOTIC: [8] Use of undefined constant ue_account - assumed 'ue_account' /Library/WebServer/Documents/User/Home/Controller/LoginController.class.php 第 117 行.
SQL: SHOW COLUMNS FROM `ot_drrz` [ RunTime:0.0030s ]
SQL: INSERT INTO `ot_drrz` (`date`,`ip`,`user`,`leixin`) VALUES ('2016-02-16 13:44:51','','admin@qq.com','0') [ RunTime:0.0042s ]
INFO: [ view_parse ] --START--
INFO: [ template_filter ] --START--
INFO: Run Behavior\ContentReplaceBehavior [ RunTime:0.000096s ]
INFO: [ template_filter ] --END-- [ RunTime:0.000341s ]
INFO: Run Behavior\ParseTemplateBehavior [ RunTime:0.020963s ]
INFO: [ view_parse ] --END-- [ RunTime:0.021179s ]
INFO: [ view_filter ] --START--
INFO: Run Behavior\WriteHtmlCacheBehavior [ RunTime:0.000324s ]
INFO: Run Behavior\TokenBuildBehavior [ RunTime:0.000429s ]
INFO: [ view_filter ] --END-- [ RunTime:0.001016s ]

[ 2016-02-16T13:44:52+08:00 ] 127.0.0.1 /Home/Login/favicon.ico
INFO: [ app_init ] --START--
INFO: Run Behavior\BuildLiteBehavior [ RunTime:0.000033s ]
INFO: [ app_init ] --END-- [ RunTime:0.000625s ]

[ 2016-02-16T13:44:54+08:00 ] ::1 /Home/Index/home/
INFO: [ app_init ] --START--
INFO: Run Behavior\BuildLiteBehavior [ RunTime:0.000027s ]
INFO: [ app_init ] --END-- [ RunTime:0.000535s ]
INFO: [ app_begin ] --START--
INFO: Run Behavior\ReadHtmlCacheBehavior [ RunTime:0.000591s ]
INFO: [ app_begin ] --END-- [ RunTime:0.000760s ]
SQL: SHOW COLUMNS FROM `ot_system` [ RunTime:0.0013s ]
SQL: SELECT * FROM `ot_system` WHERE `SYS_ID` = 1 LIMIT 1   [ RunTime:0.0006s ]
SQL: SHOW COLUMNS FROM `ot_user` [ RunTime:0.0013s ]
SQL: SELECT * FROM `ot_user` WHERE `UE_ID` = 61451 LIMIT 1   [ RunTime:0.0005s ]
SQL: SHOW COLUMNS FROM `ot_tgbz` [ RunTime:0.0008s ]
SQL: SELECT * FROM `ot_tgbz` WHERE `user` = 'admin@qq.com' AND `jb` = '500' AND `showflag` = 1 ORDER BY id DESC LIMIT 1   [ RunTime:0.0012s ]
NOTIC: [8] Undefined variable: str /Library/WebServer/Documents/User/Home/Controller/CommonController.class.php 第 103 行.
SQL: SELECT * FROM `ot_tgbz` WHERE `user` = 'admin@qq.com' AND `jb` = '1000' AND `showflag` = 1 ORDER BY id DESC LIMIT 1   [ RunTime:0.0007s ]
SQL: SELECT * FROM `ot_tgbz` WHERE `user` = 'admin@qq.com' AND `jb` = '1500' AND `showflag` = 1 ORDER BY id DESC LIMIT 1   [ RunTime:0.0006s ]
SQL: SELECT * FROM `ot_tgbz` WHERE `user` = 'admin@qq.com' AND `jb` = '2000' AND `showflag` = 1 ORDER BY id DESC LIMIT 1   [ RunTime:0.0006s ]
SQL: SELECT COUNT(*) AS tp_count FROM `ot_tgbz` WHERE `user` = 'admin@qq.com' LIMIT 1   [ RunTime:0.0071s ]
SQL: SELECT * FROM `ot_tgbz` WHERE `user` = 'admin@qq.com' ORDER BY id DESC LIMIT 0,100   [ RunTime:0.0021s ]
SQL: SHOW COLUMNS FROM `ot_jsbz` [ RunTime:0.0034s ]
SQL: SELECT COUNT(*) AS tp_count FROM `ot_jsbz` WHERE `user` = 'admin@qq.com' LIMIT 1   [ RunTime:0.0010s ]
SQL: SELECT * FROM `ot_jsbz` WHERE `user` = 'admin@qq.com' ORDER BY id DESC LIMIT 0,100   [ RunTime:0.0006s ]
SQL: SHOW COLUMNS FROM `ot_ppdd` [ RunTime:0.0012s ]
SQL: SELECT COUNT(*) AS tp_count FROM `ot_ppdd` WHERE `p_user` = 'admin@qq.com' LIMIT 1   [ RunTime:0.0006s ]
SQL: SELECT * FROM `ot_ppdd` WHERE `p_user` = 'admin@qq.com' ORDER BY id DESC LIMIT 0,100   [ RunTime:0.0005s ]
SQL: SELECT COUNT(*) AS tp_count FROM `ot_ppdd` WHERE `g_user` = 'admin@qq.com' LIMIT 1   [ RunTime:0.0004s ]
SQL: SELECT * FROM `ot_ppdd` WHERE `g_user` = 'admin@qq.com' ORDER BY id DESC LIMIT 0,100   [ RunTime:0.0006s ]
INFO: [ view_parse ] --START--
INFO: [ template_filter ] --START--
INFO: Run Behavior\ContentReplaceBehavior [ RunTime:0.000225s ]
INFO: [ template_filter ] --END-- [ RunTime:0.000337s ]
SQL: SELECT * FROM `ot_user` WHERE `UE_account` = '333333@qq.com' LIMIT 1   [ RunTime:0.0008s ]
SQL: SELECT * FROM `ot_user` WHERE `UE_account` = '333333@qq.com' LIMIT 1   [ RunTime:0.0008s ]
SQL: SELECT * FROM `ot_user` WHERE `UE_account` = '333333@qq.com' LIMIT 1   [ RunTime:0.0005s ]
NOTIC: [2] include(./User/Home/Conf/settings.php): failed to open stream: No such file or directory /Library/WebServer/Documents/User/Runtime/Cache/Home/9b888f9a05177cc78c87c9cd7e37319c.php 第 925 行.
NOTIC: [2] include(): Failed opening './User/Home/Conf/settings.php' for inclusion (include_path='.:/usr/local/php5/lib/php') /Library/WebServer/Documents/User/Runtime/Cache/Home/9b888f9a05177cc78c87c9cd7e37319c.php 第 925 行.
NOTIC: [8] Undefined variable: System_bt /Library/WebServer/Documents/User/Runtime/Cache/Home/9b888f9a05177cc78c87c9cd7e37319c.php 第 1124 行.
NOTIC: [8] Undefined variable: System_bt /Library/WebServer/Documents/User/Runtime/Cache/Home/9b888f9a05177cc78c87c9cd7e37319c.php 第 1158 行.
NOTIC: [8] Undefined variable: System_bt /Library/WebServer/Documents/User/Runtime/Cache/Home/9b888f9a05177cc78c87c9cd7e37319c.php 第 1158 行.
NOTIC: [8] Undefined variable: System_bt /Library/WebServer/Documents/User/Runtime/Cache/Home/9b888f9a05177cc78c87c9cd7e37319c.php 第 1203 行.
NOTIC: [8] Undefined variable: System_bt /Library/WebServer/Documents/User/Runtime/Cache/Home/9b888f9a05177cc78c87c9cd7e37319c.php 第 1317 行.
NOTIC: [8] Undefined variable: System_bt /Library/WebServer/Documents/User/Runtime/Cache/Home/9b888f9a05177cc78c87c9cd7e37319c.php 第 1344 行.
NOTIC: [8] Undefined variable: System_bt /Library/WebServer/Documents/User/Runtime/Cache/Home/9b888f9a05177cc78c87c9cd7e37319c.php 第 1490 行.
NOTIC: [8] Undefined variable: System_bt /Library/WebServer/Documents/User/Runtime/Cache/Home/9b888f9a05177cc78c87c9cd7e37319c.php 第 1497 行.
NOTIC: [8] Undefined variable: System_bt /Library/WebServer/Documents/User/Runtime/Cache/Home/9b888f9a05177cc78c87c9cd7e37319c.php 第 1516 行.
NOTIC: [8] Undefined variable: System_bt /Library/WebServer/Documents/User/Runtime/Cache/Home/9b888f9a05177cc78c87c9cd7e37319c.php 第 1523 行.
NOTIC: [8] Undefined variable: a /Library/WebServer/Documents/User/Runtime/Cache/Home/9b888f9a05177cc78c87c9cd7e37319c.php 第 1530 行.
NOTIC: [8] Undefined variable: System_bt /Library/WebServer/Documents/User/Runtime/Cache/Home/9b888f9a05177cc78c87c9cd7e37319c.php 第 1555 行.
NOTIC: [8] Undefined variable: System_bt /Library/WebServer/Documents/User/Runtime/Cache/Home/9b888f9a05177cc78c87c9cd7e37319c.php 第 1555 行.
INFO: Run Behavior\ParseTemplateBehavior [ RunTime:0.080113s ]
INFO: [ view_parse ] --END-- [ RunTime:0.080224s ]
INFO: [ view_filter ] --START--
INFO: Run Behavior\WriteHtmlCacheBehavior [ RunTime:0.000187s ]
INFO: Run Behavior\TokenBuildBehavior [ RunTime:0.000388s ]
INFO: [ view_filter ] --END-- [ RunTime:0.000705s ]
INFO: [ app_end ] --START--
INFO: Run Behavior\ShowPageTraceBehavior [ RunTime:0.001264s ]
INFO: [ app_end ] --END-- [ RunTime:0.001503s ]

[ 2016-02-16T13:46:43+08:00 ] ::1 /Home/Index/jsbzcl
INFO: [ app_init ] --START--
INFO: Run Behavior\BuildLiteBehavior [ RunTime:0.000027s ]
INFO: [ app_init ] --END-- [ RunTime:0.000361s ]
INFO: [ app_begin ] --START--
INFO: Run Behavior\ReadHtmlCacheBehavior [ RunTime:0.000838s ]
INFO: [ app_begin ] --END-- [ RunTime:0.000982s ]
SQL: SHOW COLUMNS FROM `ot_system` [ RunTime:0.0015s ]
SQL: SELECT * FROM `ot_system` WHERE `SYS_ID` = 1 LIMIT 1   [ RunTime:0.0007s ]
SQL: SHOW COLUMNS FROM `ot_user` [ RunTime:0.0011s ]
SQL: SELECT * FROM `ot_user` WHERE `UE_ID` = 61451 LIMIT 1   [ RunTime:0.0005s ]
SQL: SHOW COLUMNS FROM `ot_tgbz` [ RunTime:0.0008s ]
SQL: SELECT * FROM `ot_tgbz` WHERE `user` = 'admin@qq.com' AND `jb` = '500' AND `showflag` = 1 ORDER BY id DESC LIMIT 1   [ RunTime:0.0007s ]
NOTIC: [8] Undefined variable: str /Library/WebServer/Documents/User/Home/Controller/CommonController.class.php 第 103 行.
SQL: SELECT * FROM `ot_tgbz` WHERE `user` = 'admin@qq.com' AND `jb` = '1000' AND `showflag` = 1 ORDER BY id DESC LIMIT 1   [ RunTime:0.0005s ]
SQL: SELECT * FROM `ot_tgbz` WHERE `user` = 'admin@qq.com' AND `jb` = '1500' AND `showflag` = 1 ORDER BY id DESC LIMIT 1   [ RunTime:0.0005s ]
SQL: SELECT * FROM `ot_tgbz` WHERE `user` = 'admin@qq.com' AND `jb` = '2000' AND `showflag` = 1 ORDER BY id DESC LIMIT 1   [ RunTime:0.0003s ]
NOTIC: [8] Use of undefined constant UE_account - assumed 'UE_account' /Library/WebServer/Documents/User/Home/Controller/IndexController.class.php 第 1007 行.
SQL: SELECT * FROM `ot_user` WHERE `UE_account` = 'admin@qq.com' LIMIT 1   [ RunTime:0.0005s ]
NOTIC: [8] Use of undefined constant UE_account - assumed 'UE_account' /Library/WebServer/Documents/User/Home/Controller/IndexController.class.php 第 1013 行.
SQL: SELECT * FROM `ot_user` WHERE `UE_account` = 'admin@qq.com' LIMIT 1   [ RunTime:0.0003s ]
NOTIC: [8] Undefined index: UE_regTime /Library/WebServer/Documents/User/Home/Controller/IndexController.class.php 第 1014 行.

[ 2016-02-16T15:22:15+08:00 ] ::1 /Home/Index/home/
INFO: [ app_init ] --START--
INFO: Run Behavior\BuildLiteBehavior [ RunTime:0.000046s ]
INFO: [ app_init ] --END-- [ RunTime:0.000857s ]
INFO: [ app_begin ] --START--
INFO: Run Behavior\ReadHtmlCacheBehavior [ RunTime:0.001191s ]
INFO: [ app_begin ] --END-- [ RunTime:0.001342s ]
SQL: SHOW COLUMNS FROM `ot_system` [ RunTime:0.0053s ]
SQL: SELECT * FROM `ot_system` WHERE `SYS_ID` = 1 LIMIT 1   [ RunTime:0.0007s ]
SQL: SHOW COLUMNS FROM `ot_user` [ RunTime:0.0018s ]
SQL: SELECT * FROM `ot_user` WHERE `UE_ID` = 61451 LIMIT 1   [ RunTime:0.0005s ]
SQL: SHOW COLUMNS FROM `ot_tgbz` [ RunTime:0.0008s ]
SQL: SELECT * FROM `ot_tgbz` WHERE `user` = 'admin@qq.com' AND `jb` = '500' AND `showflag` = 1 ORDER BY id DESC LIMIT 1   [ RunTime:0.0004s ]
NOTIC: [8] Undefined variable: str /Library/WebServer/Documents/User/Home/Controller/CommonController.class.php 第 103 行.
SQL: SELECT * FROM `ot_tgbz` WHERE `user` = 'admin@qq.com' AND `jb` = '1000' AND `showflag` = 1 ORDER BY id DESC LIMIT 1   [ RunTime:0.0004s ]
SQL: SELECT * FROM `ot_tgbz` WHERE `user` = 'admin@qq.com' AND `jb` = '1500' AND `showflag` = 1 ORDER BY id DESC LIMIT 1   [ RunTime:0.0004s ]
SQL: SELECT * FROM `ot_tgbz` WHERE `user` = 'admin@qq.com' AND `jb` = '2000' AND `showflag` = 1 ORDER BY id DESC LIMIT 1   [ RunTime:0.0003s ]
SQL: SELECT COUNT(*) AS tp_count FROM `ot_tgbz` WHERE `user` = 'admin@qq.com' LIMIT 1   [ RunTime:0.0004s ]
SQL: SELECT * FROM `ot_tgbz` WHERE `user` = 'admin@qq.com' ORDER BY id DESC LIMIT 0,100   [ RunTime:0.0006s ]
SQL: SHOW COLUMNS FROM `ot_jsbz` [ RunTime:0.0009s ]
SQL: SELECT COUNT(*) AS tp_count FROM `ot_jsbz` WHERE `user` = 'admin@qq.com' LIMIT 1   [ RunTime:0.0004s ]
SQL: SELECT * FROM `ot_jsbz` WHERE `user` = 'admin@qq.com' ORDER BY id DESC LIMIT 0,100   [ RunTime:0.0004s ]
SQL: SHOW COLUMNS FROM `ot_ppdd` [ RunTime:0.0014s ]
SQL: SELECT COUNT(*) AS tp_count FROM `ot_ppdd` WHERE `p_user` = 'admin@qq.com' LIMIT 1   [ RunTime:0.0004s ]
SQL: SELECT * FROM `ot_ppdd` WHERE `p_user` = 'admin@qq.com' ORDER BY id DESC LIMIT 0,100   [ RunTime:0.0003s ]
SQL: SELECT COUNT(*) AS tp_count FROM `ot_ppdd` WHERE `g_user` = 'admin@qq.com' LIMIT 1   [ RunTime:0.0004s ]
SQL: SELECT * FROM `ot_ppdd` WHERE `g_user` = 'admin@qq.com' ORDER BY id DESC LIMIT 0,100   [ RunTime:0.0004s ]
INFO: [ view_parse ] --START--
INFO: [ template_filter ] --START--
INFO: Run Behavior\ContentReplaceBehavior [ RunTime:0.000287s ]
INFO: [ template_filter ] --END-- [ RunTime:0.000417s ]
SQL: SELECT * FROM `ot_user` WHERE `UE_account` = '333333@qq.com' LIMIT 1   [ RunTime:0.0006s ]
SQL: SELECT * FROM `ot_user` WHERE `UE_account` = '333333@qq.com' LIMIT 1   [ RunTime:0.0003s ]
SQL: SELECT * FROM `ot_user` WHERE `UE_account` = '333333@qq.com' LIMIT 1   [ RunTime:0.0004s ]
NOTIC: [2] include(./User/Home/Conf/settings.php): failed to open stream: No such file or directory /Library/WebServer/Documents/User/Runtime/Cache/Home/9b888f9a05177cc78c87c9cd7e37319c.php 第 925 行.
NOTIC: [2] include(): Failed opening './User/Home/Conf/settings.php' for inclusion (include_path='.:/usr/local/php5/lib/php') /Library/WebServer/Documents/User/Runtime/Cache/Home/9b888f9a05177cc78c87c9cd7e37319c.php 第 925 行.
NOTIC: [8] Undefined variable: System_bt /Library/WebServer/Documents/User/Runtime/Cache/Home/9b888f9a05177cc78c87c9cd7e37319c.php 第 1124 行.
NOTIC: [8] Undefined variable: System_bt /Library/WebServer/Documents/User/Runtime/Cache/Home/9b888f9a05177cc78c87c9cd7e37319c.php 第 1158 行.
NOTIC: [8] Undefined variable: System_bt /Library/WebServer/Documents/User/Runtime/Cache/Home/9b888f9a05177cc78c87c9cd7e37319c.php 第 1158 行.
NOTIC: [8] Undefined variable: System_bt /Library/WebServer/Documents/User/Runtime/Cache/Home/9b888f9a05177cc78c87c9cd7e37319c.php 第 1203 行.
NOTIC: [8] Undefined variable: System_bt /Library/WebServer/Documents/User/Runtime/Cache/Home/9b888f9a05177cc78c87c9cd7e37319c.php 第 1317 行.
NOTIC: [8] Undefined variable: System_bt /Library/WebServer/Documents/User/Runtime/Cache/Home/9b888f9a05177cc78c87c9cd7e37319c.php 第 1344 行.
NOTIC: [8] Undefined variable: System_bt /Library/WebServer/Documents/User/Runtime/Cache/Home/9b888f9a05177cc78c87c9cd7e37319c.php 第 1490 行.
NOTIC: [8] Undefined variable: System_bt /Library/WebServer/Documents/User/Runtime/Cache/Home/9b888f9a05177cc78c87c9cd7e37319c.php 第 1497 行.
NOTIC: [8] Undefined variable: System_bt /Library/WebServer/Documents/User/Runtime/Cache/Home/9b888f9a05177cc78c87c9cd7e37319c.php 第 1516 行.
NOTIC: [8] Undefined variable: System_bt /Library/WebServer/Documents/User/Runtime/Cache/Home/9b888f9a05177cc78c87c9cd7e37319c.php 第 1523 行.
NOTIC: [8] Undefined variable: a /Library/WebServer/Documents/User/Runtime/Cache/Home/9b888f9a05177cc78c87c9cd7e37319c.php 第 1530 行.
NOTIC: [8] Undefined variable: System_bt /Library/WebServer/Documents/User/Runtime/Cache/Home/9b888f9a05177cc78c87c9cd7e37319c.php 第 1555 行.
NOTIC: [8] Undefined variable: System_bt /Library/WebServer/Documents/User/Runtime/Cache/Home/9b888f9a05177cc78c87c9cd7e37319c.php 第 1555 行.
INFO: Run Behavior\ParseTemplateBehavior [ RunTime:0.067476s ]
INFO: [ view_parse ] --END-- [ RunTime:0.067601s ]
INFO: [ view_filter ] --START--
INFO: Run Behavior\WriteHtmlCacheBehavior [ RunTime:0.001223s ]
INFO: Run Behavior\TokenBuildBehavior [ RunTime:0.000927s ]
INFO: [ view_filter ] --END-- [ RunTime:0.002400s ]
INFO: [ app_end ] --START--
INFO: Run Behavior\ShowPageTraceBehavior [ RunTime:0.001823s ]
INFO: [ app_end ] --END-- [ RunTime:0.001989s ]

[ 2016-02-16T15:41:39+08:00 ] ::1 /Home/Index/home/
INFO: [ app_init ] --START--
INFO: Run Behavior\BuildLiteBehavior [ RunTime:0.000035s ]
INFO: [ app_init ] --END-- [ RunTime:0.000458s ]
INFO: [ app_begin ] --START--
INFO: Run Behavior\ReadHtmlCacheBehavior [ RunTime:0.000363s ]
INFO: [ app_begin ] --END-- [ RunTime:0.000454s ]
SQL: SHOW COLUMNS FROM `ot_system` [ RunTime:0.0012s ]
SQL: SELECT * FROM `ot_system` WHERE `SYS_ID` = 1 LIMIT 1   [ RunTime:0.0005s ]
SQL: SHOW COLUMNS FROM `ot_user` [ RunTime:0.0012s ]
SQL: SELECT * FROM `ot_user` WHERE `UE_ID` = 61451 LIMIT 1   [ RunTime:0.0006s ]
SQL: SHOW COLUMNS FROM `ot_tgbz` [ RunTime:0.0008s ]
SQL: SELECT * FROM `ot_tgbz` WHERE `user` = 'admin@qq.com' AND `jb` = '500' AND `showflag` = 1 ORDER BY id DESC LIMIT 1   [ RunTime:0.0004s ]
NOTIC: [8] Undefined variable: str /Library/WebServer/Documents/User/Home/Controller/CommonController.class.php 第 103 行.
SQL: SELECT * FROM `ot_tgbz` WHERE `user` = 'admin@qq.com' AND `jb` = '1000' AND `showflag` = 1 ORDER BY id DESC LIMIT 1   [ RunTime:0.0005s ]
SQL: SELECT * FROM `ot_tgbz` WHERE `user` = 'admin@qq.com' AND `jb` = '1500' AND `showflag` = 1 ORDER BY id DESC LIMIT 1   [ RunTime:0.0004s ]
SQL: SELECT * FROM `ot_tgbz` WHERE `user` = 'admin@qq.com' AND `jb` = '2000' AND `showflag` = 1 ORDER BY id DESC LIMIT 1   [ RunTime:0.0004s ]
SQL: SELECT COUNT(*) AS tp_count FROM `ot_tgbz` WHERE `user` = 'admin@qq.com' LIMIT 1   [ RunTime:0.0003s ]
SQL: SELECT * FROM `ot_tgbz` WHERE `user` = 'admin@qq.com' ORDER BY id DESC LIMIT 0,100   [ RunTime:0.0005s ]
SQL: SHOW COLUMNS FROM `ot_jsbz` [ RunTime:0.0009s ]
SQL: SELECT COUNT(*) AS tp_count FROM `ot_jsbz` WHERE `user` = 'admin@qq.com' LIMIT 1   [ RunTime:0.0004s ]
SQL: SELECT * FROM `ot_jsbz` WHERE `user` = 'admin@qq.com' ORDER BY id DESC LIMIT 0,100   [ RunTime:0.0004s ]
SQL: SHOW COLUMNS FROM `ot_ppdd` [ RunTime:0.0007s ]
SQL: SELECT COUNT(*) AS tp_count FROM `ot_ppdd` WHERE `p_user` = 'admin@qq.com' LIMIT 1   [ RunTime:0.0003s ]
SQL: SELECT * FROM `ot_ppdd` WHERE `p_user` = 'admin@qq.com' ORDER BY id DESC LIMIT 0,100   [ RunTime:0.0003s ]
SQL: SELECT COUNT(*) AS tp_count FROM `ot_ppdd` WHERE `g_user` = 'admin@qq.com' LIMIT 1   [ RunTime:0.0003s ]
SQL: SELECT * FROM `ot_ppdd` WHERE `g_user` = 'admin@qq.com' ORDER BY id DESC LIMIT 0,100   [ RunTime:0.0003s ]
INFO: [ view_parse ] --START--
INFO: [ template_filter ] --START--
INFO: Run Behavior\ContentReplaceBehavior [ RunTime:0.000186s ]
INFO: [ template_filter ] --END-- [ RunTime:0.000281s ]
SQL: SELECT * FROM `ot_user` WHERE `UE_account` = '333333@qq.com' LIMIT 1   [ RunTime:0.0005s ]
SQL: SELECT * FROM `ot_user` WHERE `UE_account` = '333333@qq.com' LIMIT 1   [ RunTime:0.0005s ]
SQL: SELECT * FROM `ot_user` WHERE `UE_account` = '333333@qq.com' LIMIT 1   [ RunTime:0.0005s ]
NOTIC: [2] include(./User/Home/Conf/settings.php): failed to open stream: No such file or directory /Library/WebServer/Documents/User/Runtime/Cache/Home/9b888f9a05177cc78c87c9cd7e37319c.php 第 925 行.
NOTIC: [2] include(): Failed opening './User/Home/Conf/settings.php' for inclusion (include_path='.:/usr/local/php5/lib/php') /Library/WebServer/Documents/User/Runtime/Cache/Home/9b888f9a05177cc78c87c9cd7e37319c.php 第 925 行.
NOTIC: [8] Undefined variable: System_bt /Library/WebServer/Documents/User/Runtime/Cache/Home/9b888f9a05177cc78c87c9cd7e37319c.php 第 1124 行.
NOTIC: [8] Undefined variable: System_bt /Library/WebServer/Documents/User/Runtime/Cache/Home/9b888f9a05177cc78c87c9cd7e37319c.php 第 1158 行.
NOTIC: [8] Undefined variable: System_bt /Library/WebServer/Documents/User/Runtime/Cache/Home/9b888f9a05177cc78c87c9cd7e37319c.php 第 1158 行.
NOTIC: [8] Undefined variable: System_bt /Library/WebServer/Documents/User/Runtime/Cache/Home/9b888f9a05177cc78c87c9cd7e37319c.php 第 1203 行.
NOTIC: [8] Undefined variable: System_bt /Library/WebServer/Documents/User/Runtime/Cache/Home/9b888f9a05177cc78c87c9cd7e37319c.php 第 1317 行.
NOTIC: [8] Undefined variable: System_bt /Library/WebServer/Documents/User/Runtime/Cache/Home/9b888f9a05177cc78c87c9cd7e37319c.php 第 1344 行.
NOTIC: [8] Undefined variable: System_bt /Library/WebServer/Documents/User/Runtime/Cache/Home/9b888f9a05177cc78c87c9cd7e37319c.php 第 1490 行.
NOTIC: [8] Undefined variable: System_bt /Library/WebServer/Documents/User/Runtime/Cache/Home/9b888f9a05177cc78c87c9cd7e37319c.php 第 1497 行.
NOTIC: [8] Undefined variable: System_bt /Library/WebServer/Documents/User/Runtime/Cache/Home/9b888f9a05177cc78c87c9cd7e37319c.php 第 1516 行.
NOTIC: [8] Undefined variable: System_bt /Library/WebServer/Documents/User/Runtime/Cache/Home/9b888f9a05177cc78c87c9cd7e37319c.php 第 1523 行.
NOTIC: [8] Undefined variable: a /Library/WebServer/Documents/User/Runtime/Cache/Home/9b888f9a05177cc78c87c9cd7e37319c.php 第 1530 行.
NOTIC: [8] Undefined variable: System_bt /Library/WebServer/Documents/User/Runtime/Cache/Home/9b888f9a05177cc78c87c9cd7e37319c.php 第 1555 行.
NOTIC: [8] Undefined variable: System_bt /Library/WebServer/Documents/User/Runtime/Cache/Home/9b888f9a05177cc78c87c9cd7e37319c.php 第 1555 行.
INFO: Run Behavior\ParseTemplateBehavior [ RunTime:0.041468s ]
INFO: [ view_parse ] --END-- [ RunTime:0.041574s ]
INFO: [ view_filter ] --START--
INFO: Run Behavior\WriteHtmlCacheBehavior [ RunTime:0.000185s ]
INFO: Run Behavior\TokenBuildBehavior [ RunTime:0.000246s ]
INFO: [ view_filter ] --END-- [ RunTime:0.000546s ]
INFO: [ app_end ] --START--
INFO: Run Behavior\ShowPageTraceBehavior [ RunTime:0.000864s ]
INFO: [ app_end ] --END-- [ RunTime:0.001025s ]

[ 2016-02-16T15:41:47+08:00 ] ::1 /Home/Index/jsbzcl
INFO: [ app_init ] --START--
INFO: Run Behavior\BuildLiteBehavior [ RunTime:0.000038s ]
INFO: [ app_init ] --END-- [ RunTime:0.000531s ]
INFO: [ app_begin ] --START--
INFO: Run Behavior\ReadHtmlCacheBehavior [ RunTime:0.000439s ]
INFO: [ app_begin ] --END-- [ RunTime:0.000559s ]
SQL: SHOW COLUMNS FROM `ot_system` [ RunTime:0.0011s ]
SQL: SELECT * FROM `ot_system` WHERE `SYS_ID` = 1 LIMIT 1   [ RunTime:0.0005s ]
SQL: SHOW COLUMNS FROM `ot_user` [ RunTime:0.0009s ]
SQL: SELECT * FROM `ot_user` WHERE `UE_ID` = 61451 LIMIT 1   [ RunTime:0.0004s ]
SQL: SHOW COLUMNS FROM `ot_tgbz` [ RunTime:0.0006s ]
SQL: SELECT * FROM `ot_tgbz` WHERE `user` = 'admin@qq.com' AND `jb` = '500' AND `showflag` = 1 ORDER BY id DESC LIMIT 1   [ RunTime:0.0004s ]
NOTIC: [8] Undefined variable: str /Library/WebServer/Documents/User/Home/Controller/CommonController.class.php 第 103 行.
SQL: SELECT * FROM `ot_tgbz` WHERE `user` = 'admin@qq.com' AND `jb` = '1000' AND `showflag` = 1 ORDER BY id DESC LIMIT 1   [ RunTime:0.0003s ]
SQL: SELECT * FROM `ot_tgbz` WHERE `user` = 'admin@qq.com' AND `jb` = '1500' AND `showflag` = 1 ORDER BY id DESC LIMIT 1   [ RunTime:0.0004s ]
SQL: SELECT * FROM `ot_tgbz` WHERE `user` = 'admin@qq.com' AND `jb` = '2000' AND `showflag` = 1 ORDER BY id DESC LIMIT 1   [ RunTime:0.0003s ]
NOTIC: [8] Use of undefined constant UE_account - assumed 'UE_account' /Library/WebServer/Documents/User/Home/Controller/IndexController.class.php 第 1007 行.
SQL: SELECT * FROM `ot_user` WHERE `UE_account` = 'admin@qq.com' LIMIT 1   [ RunTime:0.0004s ]
NOTIC: [8] Use of undefined constant UE_account - assumed 'UE_account' /Library/WebServer/Documents/User/Home/Controller/IndexController.class.php 第 1013 行.
SQL: SELECT * FROM `ot_user` WHERE `UE_account` = 'admin@qq.com' LIMIT 1   [ RunTime:0.0004s ]
NOTIC: [8] Undefined index: UE_regTime /Library/WebServer/Documents/User/Home/Controller/IndexController.class.php 第 1014 行.

[ 2016-02-16T15:43:39+08:00 ] ::1 /Home/Index/home/
INFO: [ app_init ] --START--
INFO: Run Behavior\BuildLiteBehavior [ RunTime:0.000020s ]
INFO: [ app_init ] --END-- [ RunTime:0.000306s ]
INFO: [ app_begin ] --START--
INFO: Run Behavior\ReadHtmlCacheBehavior [ RunTime:0.000357s ]
INFO: [ app_begin ] --END-- [ RunTime:0.000454s ]
SQL: SHOW COLUMNS FROM `ot_system` [ RunTime:0.0010s ]
SQL: SELECT * FROM `ot_system` WHERE `SYS_ID` = 1 LIMIT 1   [ RunTime:0.0004s ]
SQL: SHOW COLUMNS FROM `ot_user` [ RunTime:0.0011s ]
SQL: SELECT * FROM `ot_user` WHERE `UE_ID` = 61451 LIMIT 1   [ RunTime:0.0005s ]
SQL: SHOW COLUMNS FROM `ot_tgbz` [ RunTime:0.0008s ]
SQL: SELECT * FROM `ot_tgbz` WHERE `user` = 'admin@qq.com' AND `jb` = '500' AND `showflag` = 1 ORDER BY id DESC LIMIT 1   [ RunTime:0.0005s ]
NOTIC: [8] Undefined variable: str /Library/WebServer/Documents/User/Home/Controller/CommonController.class.php 第 103 行.
SQL: SELECT * FROM `ot_tgbz` WHERE `user` = 'admin@qq.com' AND `jb` = '1000' AND `showflag` = 1 ORDER BY id DESC LIMIT 1   [ RunTime:0.0005s ]
SQL: SELECT * FROM `ot_tgbz` WHERE `user` = 'admin@qq.com' AND `jb` = '1500' AND `showflag` = 1 ORDER BY id DESC LIMIT 1   [ RunTime:0.0003s ]
SQL: SELECT * FROM `ot_tgbz` WHERE `user` = 'admin@qq.com' AND `jb` = '2000' AND `showflag` = 1 ORDER BY id DESC LIMIT 1   [ RunTime:0.0004s ]
SQL: SELECT COUNT(*) AS tp_count FROM `ot_tgbz` WHERE `user` = 'admin@qq.com' LIMIT 1   [ RunTime:0.0003s ]
SQL: SELECT * FROM `ot_tgbz` WHERE `user` = 'admin@qq.com' ORDER BY id DESC LIMIT 0,100   [ RunTime:0.0003s ]
SQL: SHOW COLUMNS FROM `ot_jsbz` [ RunTime:0.0007s ]
SQL: SELECT COUNT(*) AS tp_count FROM `ot_jsbz` WHERE `user` = 'admin@qq.com' LIMIT 1   [ RunTime:0.0003s ]
SQL: SELECT * FROM `ot_jsbz` WHERE `user` = 'admin@qq.com' ORDER BY id DESC LIMIT 0,100   [ RunTime:0.0003s ]
SQL: SHOW COLUMNS FROM `ot_ppdd` [ RunTime:0.0007s ]
SQL: SELECT COUNT(*) AS tp_count FROM `ot_ppdd` WHERE `p_user` = 'admin@qq.com' LIMIT 1   [ RunTime:0.0003s ]
SQL: SELECT * FROM `ot_ppdd` WHERE `p_user` = 'admin@qq.com' ORDER BY id DESC LIMIT 0,100   [ RunTime:0.0004s ]
SQL: SELECT COUNT(*) AS tp_count FROM `ot_ppdd` WHERE `g_user` = 'admin@qq.com' LIMIT 1   [ RunTime:0.0003s ]
SQL: SELECT * FROM `ot_ppdd` WHERE `g_user` = 'admin@qq.com' ORDER BY id DESC LIMIT 0,100   [ RunTime:0.0003s ]
INFO: [ view_parse ] --START--
INFO: [ template_filter ] --START--
INFO: Run Behavior\ContentReplaceBehavior [ RunTime:0.000301s ]
INFO: [ template_filter ] --END-- [ RunTime:0.000478s ]
SQL: SELECT * FROM `ot_user` WHERE `UE_account` = '333333@qq.com' LIMIT 1   [ RunTime:0.0007s ]
SQL: SELECT * FROM `ot_user` WHERE `UE_account` = '333333@qq.com' LIMIT 1   [ RunTime:0.0006s ]
SQL: SELECT * FROM `ot_user` WHERE `UE_account` = '333333@qq.com' LIMIT 1   [ RunTime:0.0005s ]
NOTIC: [2] include(./User/Home/Conf/settings.php): failed to open stream: No such file or directory /Library/WebServer/Documents/User/Runtime/Cache/Home/9b888f9a05177cc78c87c9cd7e37319c.php 第 925 行.
NOTIC: [2] include(): Failed opening './User/Home/Conf/settings.php' for inclusion (include_path='.:/usr/local/php5/lib/php') /Library/WebServer/Documents/User/Runtime/Cache/Home/9b888f9a05177cc78c87c9cd7e37319c.php 第 925 行.
NOTIC: [8] Undefined variable: System_bt /Library/WebServer/Documents/User/Runtime/Cache/Home/9b888f9a05177cc78c87c9cd7e37319c.php 第 1124 行.
NOTIC: [8] Undefined variable: System_bt /Library/WebServer/Documents/User/Runtime/Cache/Home/9b888f9a05177cc78c87c9cd7e37319c.php 第 1158 行.
NOTIC: [8] Undefined variable: System_bt /Library/WebServer/Documents/User/Runtime/Cache/Home/9b888f9a05177cc78c87c9cd7e37319c.php 第 1158 行.
NOTIC: [8] Undefined variable: System_bt /Library/WebServer/Documents/User/Runtime/Cache/Home/9b888f9a05177cc78c87c9cd7e37319c.php 第 1203 行.
NOTIC: [8] Undefined variable: System_bt /Library/WebServer/Documents/User/Runtime/Cache/Home/9b888f9a05177cc78c87c9cd7e37319c.php 第 1317 行.
NOTIC: [8] Undefined variable: System_bt /Library/WebServer/Documents/User/Runtime/Cache/Home/9b888f9a05177cc78c87c9cd7e37319c.php 第 1344 行.
NOTIC: [8] Undefined variable: System_bt /Library/WebServer/Documents/User/Runtime/Cache/Home/9b888f9a05177cc78c87c9cd7e37319c.php 第 1490 行.
NOTIC: [8] Undefined variable: System_bt /Library/WebServer/Documents/User/Runtime/Cache/Home/9b888f9a05177cc78c87c9cd7e37319c.php 第 1497 行.
NOTIC: [8] Undefined variable: System_bt /Library/WebServer/Documents/User/Runtime/Cache/Home/9b888f9a05177cc78c87c9cd7e37319c.php 第 1516 行.
NOTIC: [8] Undefined variable: System_bt /Library/WebServer/Documents/User/Runtime/Cache/Home/9b888f9a05177cc78c87c9cd7e37319c.php 第 1523 行.
NOTIC: [8] Undefined variable: a /Library/WebServer/Documents/User/Runtime/Cache/Home/9b888f9a05177cc78c87c9cd7e37319c.php 第 1530 行.
NOTIC: [8] Undefined variable: System_bt /Library/WebServer/Documents/User/Runtime/Cache/Home/9b888f9a05177cc78c87c9cd7e37319c.php 第 1555 行.
NOTIC: [8] Undefined variable: System_bt /Library/WebServer/Documents/User/Runtime/Cache/Home/9b888f9a05177cc78c87c9cd7e37319c.php 第 1555 行.
INFO: Run Behavior\ParseTemplateBehavior [ RunTime:0.047761s ]
INFO: [ view_parse ] --END-- [ RunTime:0.047878s ]
INFO: [ view_filter ] --START--
INFO: Run Behavior\WriteHtmlCacheBehavior [ RunTime:0.000220s ]
INFO: Run Behavior\TokenBuildBehavior [ RunTime:0.000316s ]
INFO: [ view_filter ] --END-- [ RunTime:0.000692s ]
INFO: [ app_end ] --START--
INFO: Run Behavior\ShowPageTraceBehavior [ RunTime:0.001288s ]
INFO: [ app_end ] --END-- [ RunTime:0.001414s ]

[ 2016-02-16T15:44:20+08:00 ] ::1 /Home/Index/jsbzcl
INFO: [ app_init ] --START--
INFO: Run Behavior\BuildLiteBehavior [ RunTime:0.000026s ]
INFO: [ app_init ] --END-- [ RunTime:0.000364s ]
INFO: [ app_begin ] --START--
INFO: Run Behavior\ReadHtmlCacheBehavior [ RunTime:0.000478s ]
INFO: [ app_begin ] --END-- [ RunTime:0.000689s ]
SQL: SHOW COLUMNS FROM `ot_system` [ RunTime:0.0010s ]
SQL: SELECT * FROM `ot_system` WHERE `SYS_ID` = 1 LIMIT 1   [ RunTime:0.0005s ]
SQL: SHOW COLUMNS FROM `ot_user` [ RunTime:0.0013s ]
SQL: SELECT * FROM `ot_user` WHERE `UE_ID` = 61451 LIMIT 1   [ RunTime:0.0005s ]
SQL: SHOW COLUMNS FROM `ot_tgbz` [ RunTime:0.0008s ]
SQL: SELECT * FROM `ot_tgbz` WHERE `user` = 'admin@qq.com' AND `jb` = '500' AND `showflag` = 1 ORDER BY id DESC LIMIT 1   [ RunTime:0.0004s ]
NOTIC: [8] Undefined variable: str /Library/WebServer/Documents/User/Home/Controller/CommonController.class.php 第 103 行.
SQL: SELECT * FROM `ot_tgbz` WHERE `user` = 'admin@qq.com' AND `jb` = '1000' AND `showflag` = 1 ORDER BY id DESC LIMIT 1   [ RunTime:0.0004s ]
SQL: SELECT * FROM `ot_tgbz` WHERE `user` = 'admin@qq.com' AND `jb` = '1500' AND `showflag` = 1 ORDER BY id DESC LIMIT 1   [ RunTime:0.0004s ]
SQL: SELECT * FROM `ot_tgbz` WHERE `user` = 'admin@qq.com' AND `jb` = '2000' AND `showflag` = 1 ORDER BY id DESC LIMIT 1   [ RunTime:0.0003s ]
NOTIC: [8] Use of undefined constant UE_account - assumed 'UE_account' /Library/WebServer/Documents/User/Home/Controller/IndexController.class.php 第 1007 行.
SQL: SELECT * FROM `ot_user` WHERE `UE_account` = 'admin@qq.com' LIMIT 1   [ RunTime:0.0004s ]
NOTIC: [8] Use of undefined constant UE_account - assumed 'UE_account' /Library/WebServer/Documents/User/Home/Controller/IndexController.class.php 第 1013 行.
SQL: SELECT * FROM `ot_user` WHERE `UE_account` = 'admin@qq.com' LIMIT 1   [ RunTime:0.0004s ]
NOTIC: [8] Undefined index: UE_regTime /Library/WebServer/Documents/User/Home/Controller/IndexController.class.php 第 1014 行.
SQL: SELECT * FROM `ot_user` WHERE `UE_ID` = 61451 LIMIT 1   [ RunTime:0.0003s ]
SQL: UPDATE `ot_user` SET `UE_money`=UE_money-400 WHERE `UE_account` = 'admin@qq.com' [ RunTime:0.0130s ]
SQL: SELECT * FROM `ot_user` WHERE `UE_ID` = 61451 LIMIT 1   [ RunTime:0.0005s ]
SQL: SHOW COLUMNS FROM `ot_userget` [ RunTime:0.0030s ]
SQL: INSERT INTO `ot_userget` (`UG_account`,`UG_type`,`UG_allGet`,`UG_money`,`UG_balance`,`UG_dataType`,`UG_note`,`UG_getTime`) VALUES ('admin@qq.com','jb','10001','-400','9601','jsbz','接受帮助扣款','2016-02-16 15:44:20') [ RunTime:0.0007s ]
SQL: SHOW COLUMNS FROM `ot_jsbz` [ RunTime:0.0008s ]
SQL: INSERT INTO `ot_jsbz` (`zffs1`,`zffs2`,`zffs3`,`user`,`jb`,`user_nc`,`user_tjr`,`date`,`zt`,`qr_zt`) VALUES ('1','1','1','admin@qq.com','400','财富导师','','2016-02-16 15:44:20','0','0') [ RunTime:0.0003s ]

[ 2016-02-16T15:44:23+08:00 ] ::1 /index.php
INFO: [ app_init ] --START--
INFO: Run Behavior\BuildLiteBehavior [ RunTime:0.000026s ]
INFO: [ app_init ] --END-- [ RunTime:0.000500s ]
INFO: [ app_begin ] --START--
INFO: Run Behavior\ReadHtmlCacheBehavior [ RunTime:0.000392s ]
INFO: [ app_begin ] --END-- [ RunTime:0.000506s ]
SQL: SHOW COLUMNS FROM `ot_system` [ RunTime:0.0009s ]
SQL: SELECT * FROM `ot_system` WHERE `SYS_ID` = 1 LIMIT 1   [ RunTime:0.0006s ]
SQL: SHOW COLUMNS FROM `ot_user` [ RunTime:0.0009s ]
SQL: SELECT * FROM `ot_user` WHERE `UE_ID` = 61451 LIMIT 1   [ RunTime:0.0004s ]
SQL: SHOW COLUMNS FROM `ot_tgbz` [ RunTime:0.0006s ]
SQL: SELECT * FROM `ot_tgbz` WHERE `user` = 'admin@qq.com' AND `jb` = '500' AND `showflag` = 1 ORDER BY id DESC LIMIT 1   [ RunTime:0.0003s ]
NOTIC: [8] Undefined variable: str /Library/WebServer/Documents/User/Home/Controller/CommonController.class.php 第 103 行.
SQL: SELECT * FROM `ot_tgbz` WHERE `user` = 'admin@qq.com' AND `jb` = '1000' AND `showflag` = 1 ORDER BY id DESC LIMIT 1   [ RunTime:0.0004s ]
SQL: SELECT * FROM `ot_tgbz` WHERE `user` = 'admin@qq.com' AND `jb` = '1500' AND `showflag` = 1 ORDER BY id DESC LIMIT 1   [ RunTime:0.0004s ]
SQL: SELECT * FROM `ot_tgbz` WHERE `user` = 'admin@qq.com' AND `jb` = '2000' AND `showflag` = 1 ORDER BY id DESC LIMIT 1   [ RunTime:0.0003s ]

[ 2016-02-16T15:44:23+08:00 ] ::1 /Home/Index/home.html
INFO: [ app_init ] --START--
INFO: Run Behavior\BuildLiteBehavior [ RunTime:0.000019s ]
INFO: [ app_init ] --END-- [ RunTime:0.000264s ]
INFO: [ app_begin ] --START--
INFO: Run Behavior\ReadHtmlCacheBehavior [ RunTime:0.000295s ]
INFO: [ app_begin ] --END-- [ RunTime:0.000375s ]
SQL: SHOW COLUMNS FROM `ot_system` [ RunTime:0.0008s ]
SQL: SELECT * FROM `ot_system` WHERE `SYS_ID` = 1 LIMIT 1   [ RunTime:0.0005s ]
SQL: SHOW COLUMNS FROM `ot_user` [ RunTime:0.0009s ]
SQL: SELECT * FROM `ot_user` WHERE `UE_ID` = 61451 LIMIT 1   [ RunTime:0.0005s ]
SQL: SHOW COLUMNS FROM `ot_tgbz` [ RunTime:0.0009s ]
SQL: SELECT * FROM `ot_tgbz` WHERE `user` = 'admin@qq.com' AND `jb` = '500' AND `showflag` = 1 ORDER BY id DESC LIMIT 1   [ RunTime:0.0004s ]
NOTIC: [8] Undefined variable: str /Library/WebServer/Documents/User/Home/Controller/CommonController.class.php 第 103 行.
SQL: SELECT * FROM `ot_tgbz` WHERE `user` = 'admin@qq.com' AND `jb` = '1000' AND `showflag` = 1 ORDER BY id DESC LIMIT 1   [ RunTime:0.0004s ]
SQL: SELECT * FROM `ot_tgbz` WHERE `user` = 'admin@qq.com' AND `jb` = '1500' AND `showflag` = 1 ORDER BY id DESC LIMIT 1   [ RunTime:0.0003s ]
SQL: SELECT * FROM `ot_tgbz` WHERE `user` = 'admin@qq.com' AND `jb` = '2000' AND `showflag` = 1 ORDER BY id DESC LIMIT 1   [ RunTime:0.0003s ]
SQL: SELECT COUNT(*) AS tp_count FROM `ot_tgbz` WHERE `user` = 'admin@qq.com' LIMIT 1   [ RunTime:0.0002s ]
SQL: SELECT * FROM `ot_tgbz` WHERE `user` = 'admin@qq.com' ORDER BY id DESC LIMIT 0,100   [ RunTime:0.0005s ]
SQL: SHOW COLUMNS FROM `ot_jsbz` [ RunTime:0.0008s ]
SQL: SELECT COUNT(*) AS tp_count FROM `ot_jsbz` WHERE `user` = 'admin@qq.com' LIMIT 1   [ RunTime:0.0003s ]
SQL: SELECT * FROM `ot_jsbz` WHERE `user` = 'admin@qq.com' ORDER BY id DESC LIMIT 0,100   [ RunTime:0.0003s ]
SQL: SHOW COLUMNS FROM `ot_ppdd` [ RunTime:0.0007s ]
SQL: SELECT COUNT(*) AS tp_count FROM `ot_ppdd` WHERE `p_user` = 'admin@qq.com' LIMIT 1   [ RunTime:0.0004s ]
SQL: SELECT * FROM `ot_ppdd` WHERE `p_user` = 'admin@qq.com' ORDER BY id DESC LIMIT 0,100   [ RunTime:0.0003s ]
SQL: SELECT COUNT(*) AS tp_count FROM `ot_ppdd` WHERE `g_user` = 'admin@qq.com' LIMIT 1   [ RunTime:0.0003s ]
SQL: SELECT * FROM `ot_ppdd` WHERE `g_user` = 'admin@qq.com' ORDER BY id DESC LIMIT 0,100   [ RunTime:0.0003s ]
INFO: [ view_parse ] --START--
INFO: [ template_filter ] --START--
INFO: Run Behavior\ContentReplaceBehavior [ RunTime:0.000181s ]
INFO: [ template_filter ] --END-- [ RunTime:0.000294s ]
SQL: SELECT * FROM `ot_user` WHERE `UE_account` = '333333@qq.com' LIMIT 1   [ RunTime:0.0005s ]
SQL: SELECT * FROM `ot_user` WHERE `UE_account` = '333333@qq.com' LIMIT 1   [ RunTime:0.0004s ]
SQL: SELECT * FROM `ot_user` WHERE `UE_account` = '333333@qq.com' LIMIT 1   [ RunTime:0.0007s ]
NOTIC: [2] include(./User/Home/Conf/settings.php): failed to open stream: No such file or directory /Library/WebServer/Documents/User/Runtime/Cache/Home/9b888f9a05177cc78c87c9cd7e37319c.php 第 925 行.
NOTIC: [2] include(): Failed opening './User/Home/Conf/settings.php' for inclusion (include_path='.:/usr/local/php5/lib/php') /Library/WebServer/Documents/User/Runtime/Cache/Home/9b888f9a05177cc78c87c9cd7e37319c.php 第 925 行.
NOTIC: [8] Undefined variable: System_bt /Library/WebServer/Documents/User/Runtime/Cache/Home/9b888f9a05177cc78c87c9cd7e37319c.php 第 1124 行.
NOTIC: [8] Undefined variable: System_bt /Library/WebServer/Documents/User/Runtime/Cache/Home/9b888f9a05177cc78c87c9cd7e37319c.php 第 1158 行.
NOTIC: [8] Undefined variable: System_bt /Library/WebServer/Documents/User/Runtime/Cache/Home/9b888f9a05177cc78c87c9cd7e37319c.php 第 1158 行.
NOTIC: [8] Undefined variable: System_bt /Library/WebServer/Documents/User/Runtime/Cache/Home/9b888f9a05177cc78c87c9cd7e37319c.php 第 1203 行.
NOTIC: [8] Undefined variable: System_bt /Library/WebServer/Documents/User/Runtime/Cache/Home/9b888f9a05177cc78c87c9cd7e37319c.php 第 1317 行.
NOTIC: [8] Undefined variable: System_bt /Library/WebServer/Documents/User/Runtime/Cache/Home/9b888f9a05177cc78c87c9cd7e37319c.php 第 1344 行.
NOTIC: [8] Undefined variable: System_bt /Library/WebServer/Documents/User/Runtime/Cache/Home/9b888f9a05177cc78c87c9cd7e37319c.php 第 1490 行.
NOTIC: [8] Undefined variable: System_bt /Library/WebServer/Documents/User/Runtime/Cache/Home/9b888f9a05177cc78c87c9cd7e37319c.php 第 1497 行.
NOTIC: [8] Undefined variable: System_bt /Library/WebServer/Documents/User/Runtime/Cache/Home/9b888f9a05177cc78c87c9cd7e37319c.php 第 1516 行.
NOTIC: [8] Undefined variable: System_bt /Library/WebServer/Documents/User/Runtime/Cache/Home/9b888f9a05177cc78c87c9cd7e37319c.php 第 1523 行.
NOTIC: [8] Undefined variable: a /Library/WebServer/Documents/User/Runtime/Cache/Home/9b888f9a05177cc78c87c9cd7e37319c.php 第 1530 行.
NOTIC: [8] Undefined variable: System_bt /Library/WebServer/Documents/User/Runtime/Cache/Home/9b888f9a05177cc78c87c9cd7e37319c.php 第 1555 行.
NOTIC: [8] Undefined variable: System_bt /Library/WebServer/Documents/User/Runtime/Cache/Home/9b888f9a05177cc78c87c9cd7e37319c.php 第 1555 行.
INFO: Run Behavior\ParseTemplateBehavior [ RunTime:0.043264s ]
INFO: [ view_parse ] --END-- [ RunTime:0.043357s ]
INFO: [ view_filter ] --START--
INFO: Run Behavior\WriteHtmlCacheBehavior [ RunTime:0.000243s ]
INFO: Run Behavior\TokenBuildBehavior [ RunTime:0.000254s ]
INFO: [ view_filter ] --END-- [ RunTime:0.000621s ]
INFO: [ app_end ] --START--
INFO: Run Behavior\ShowPageTraceBehavior [ RunTime:0.000554s ]
INFO: [ app_end ] --END-- [ RunTime:0.000653s ]

[ 2016-02-16T16:27:03+08:00 ] ::1 /Home/Info/cwmx
INFO: [ app_init ] --START--
INFO: Run Behavior\BuildLiteBehavior [ RunTime:0.000020s ]
INFO: [ app_init ] --END-- [ RunTime:0.000272s ]
INFO: [ app_begin ] --START--
INFO: Run Behavior\ReadHtmlCacheBehavior [ RunTime:0.001625s ]
INFO: [ app_begin ] --END-- [ RunTime:0.001828s ]
SQL: SHOW COLUMNS FROM `ot_system` [ RunTime:0.0011s ]
SQL: SELECT * FROM `ot_system` WHERE `SYS_ID` = 1 LIMIT 1   [ RunTime:0.0006s ]
SQL: SHOW COLUMNS FROM `ot_user` [ RunTime:0.0010s ]
SQL: SELECT * FROM `ot_user` WHERE `UE_ID` = 61451 LIMIT 1   [ RunTime:0.0005s ]
SQL: SHOW COLUMNS FROM `ot_tgbz` [ RunTime:0.0009s ]
SQL: SELECT * FROM `ot_tgbz` WHERE `user` = 'admin@qq.com' AND `jb` = '500' AND `showflag` = 1 ORDER BY id DESC LIMIT 1   [ RunTime:0.0005s ]
NOTIC: [8] Undefined variable: str /Library/WebServer/Documents/User/Home/Controller/CommonController.class.php 第 103 行.
SQL: SELECT * FROM `ot_tgbz` WHERE `user` = 'admin@qq.com' AND `jb` = '1000' AND `showflag` = 1 ORDER BY id DESC LIMIT 1   [ RunTime:0.0004s ]
SQL: SELECT * FROM `ot_tgbz` WHERE `user` = 'admin@qq.com' AND `jb` = '1500' AND `showflag` = 1 ORDER BY id DESC LIMIT 1   [ RunTime:0.0003s ]
SQL: SELECT * FROM `ot_tgbz` WHERE `user` = 'admin@qq.com' AND `jb` = '2000' AND `showflag` = 1 ORDER BY id DESC LIMIT 1   [ RunTime:0.0003s ]
SQL: SELECT * FROM `ot_tgbz` WHERE `user` = 'admin@qq.com' AND `zt` = 0 ORDER BY id DESC  [ RunTime:0.0003s ]
SQL: SHOW COLUMNS FROM `ot_user_jj` [ RunTime:0.0035s ]
SQL: SELECT COUNT(*) AS tp_count FROM `ot_user_jj` WHERE `user` = 'admin@qq.com' LIMIT 1   [ RunTime:0.0008s ]
SQL: SELECT * FROM `ot_user_jj` WHERE `user` = 'admin@qq.com' ORDER BY id DESC LIMIT 0,10   [ RunTime:0.0009s ]
SQL: SHOW COLUMNS FROM `ot_user_jl` [ RunTime:0.0030s ]
SQL: SELECT COUNT(*) AS tp_count FROM `ot_user_jl` WHERE `user` = 'admin@qq.com' LIMIT 1   [ RunTime:0.0009s ]
SQL: SELECT * FROM `ot_user_jl` WHERE `user` = 'admin@qq.com' ORDER BY id DESC LIMIT 0,10   [ RunTime:0.0006s ]
SQL: SHOW COLUMNS FROM `ot_userget` [ RunTime:0.0012s ]
SQL: SELECT COUNT(*) AS tp_count FROM `ot_userget` WHERE `UG_account` = 'admin@qq.com' LIMIT 1   [ RunTime:0.0011s ]
SQL: SELECT * FROM `ot_userget` WHERE `UG_account` = 'admin@qq.com' ORDER BY UG_ID DESC LIMIT 0,10   [ RunTime:0.0007s ]
SQL: SHOW COLUMNS FROM `ot_tixian` [ RunTime:0.0032s ]
SQL: SELECT COUNT(*) AS tp_count FROM `ot_tixian` WHERE `UG_account` = 'admin@qq.com' LIMIT 1   [ RunTime:0.0007s ]
SQL: SELECT * FROM `ot_tixian` WHERE `UG_account` = 'admin@qq.com' ORDER BY id DESC LIMIT 0,10   [ RunTime:0.0010s ]
NOTIC: [8] Use of undefined constant UE_account - assumed 'UE_account' /Library/WebServer/Documents/User/Home/Controller/InfoController.class.php 第 545 行.
SQL: SELECT * FROM `ot_user` WHERE `UE_account` = 'admin@qq.com' LIMIT 1   [ RunTime:0.0005s ]
SQL: SELECT SUM(UG_money) AS tp_sum FROM `ot_userget` WHERE `UG_account` = 'admin@qq.com' AND `UG_dataType` = 'tjj' LIMIT 1   [ RunTime:0.0012s ]
SQL: SELECT SUM(UG_money) AS tp_sum FROM `ot_userget` WHERE `UG_account` = 'admin@qq.com' AND `UG_dataType` = 'jlj' LIMIT 1   [ RunTime:0.0009s ]
INFO: [ view_parse ] --START--
INFO: [ template_filter ] --START--
INFO: Run Behavior\ContentReplaceBehavior [ RunTime:0.000166s ]
INFO: [ template_filter ] --END-- [ RunTime:0.000294s ]
NOTIC: [8] Undefined variable: System_bt /Library/WebServer/Documents/User/Runtime/Cache/Home/95d2402fc4416413d7cf886e5691e94b.php 第 211 行.
NOTIC: [8] Undefined variable: maneyjl /Library/WebServer/Documents/User/Runtime/Cache/Home/95d2402fc4416413d7cf886e5691e94b.php 第 242 行.
NOTIC: [8] Undefined variable: maneytj /Library/WebServer/Documents/User/Runtime/Cache/Home/95d2402fc4416413d7cf886e5691e94b.php 第 263 行.
NOTIC: [8] Undefined variable: ztrs /Library/WebServer/Documents/User/Runtime/Cache/Home/95d2402fc4416413d7cf886e5691e94b.php 第 320 行.
NOTIC: [8] Undefined variable: ztrs /Library/WebServer/Documents/User/Runtime/Cache/Home/95d2402fc4416413d7cf886e5691e94b.php 第 320 行.
SQL: SELECT * FROM `ot_user_jj` WHERE `id` = 104 LIMIT 1   [ RunTime:0.0005s ]
SQL: SELECT * FROM `ot_userget` WHERE `varid` = 104 LIMIT 1   [ RunTime:0.0004s ]
SQL: SHOW COLUMNS FROM `ot_ppdd` [ RunTime:0.0007s ]
SQL: SELECT * FROM `ot_ppdd` WHERE `id` = 37 LIMIT 1   [ RunTime:0.0003s ]
NOTIC: [8] Undefined variable: ztrs3 /Library/WebServer/Documents/User/Runtime/Cache/Home/95d2402fc4416413d7cf886e5691e94b.php 第 321 行.
SQL: SELECT * FROM `ot_user_jj` WHERE `id` = 104 LIMIT 1   [ RunTime:0.0004s ]
SQL: SELECT `UG_getTime` FROM `ot_userget` WHERE `varid` = 104 LIMIT 1   [ RunTime:0.0004s ]
NOTIC: [8] Undefined variable: ztrs1 /Library/WebServer/Documents/User/Runtime/Cache/Home/95d2402fc4416413d7cf886e5691e94b.php 第 322 行.
SQL: SELECT * FROM `ot_user_jj` WHERE `id` = 104 LIMIT 1   [ RunTime:0.0003s ]
SQL: SELECT * FROM `ot_ppdd` WHERE `id` = 37 LIMIT 1   [ RunTime:0.0004s ]
NOTIC: [8] Undefined variable: ztrs2 /Library/WebServer/Documents/User/Runtime/Cache/Home/95d2402fc4416413d7cf886e5691e94b.php 第 327 行.
SQL: SELECT * FROM `ot_ppdd` WHERE `id` = 37 LIMIT 1   [ RunTime:0.0003s ]
NOTIC: [8] Undefined variable: ztrs /Library/WebServer/Documents/User/Runtime/Cache/Home/95d2402fc4416413d7cf886e5691e94b.php 第 320 行.
NOTIC: [8] Undefined variable: ztrs /Library/WebServer/Documents/User/Runtime/Cache/Home/95d2402fc4416413d7cf886e5691e94b.php 第 320 行.
SQL: SELECT * FROM `ot_user_jj` WHERE `id` = 103 LIMIT 1   [ RunTime:0.0003s ]
SQL: SELECT * FROM `ot_userget` WHERE `varid` = 103 LIMIT 1   [ RunTime:0.0004s ]
SQL: SELECT * FROM `ot_ppdd` WHERE `id` = 36 LIMIT 1   [ RunTime:0.0004s ]
NOTIC: [8] Undefined index: UG_getTime /Library/WebServer/Documents/User/Home/Common/function.php 第 83 行.
NOTIC: [8] Undefined variable: nowtime3 /Library/WebServer/Documents/User/Home/Common/function.php 第 88 行.
NOTIC: [8] Undefined variable: ztrs3 /Library/WebServer/Documents/User/Runtime/Cache/Home/95d2402fc4416413d7cf886e5691e94b.php 第 321 行.
SQL: SELECT * FROM `ot_user_jj` WHERE `id` = 103 LIMIT 1   [ RunTime:0.0004s ]
SQL: SELECT `UG_getTime` FROM `ot_userget` WHERE `varid` = 103 LIMIT 1   [ RunTime:0.0004s ]
NOTIC: [8] Undefined variable: ztrs2 /Library/WebServer/Documents/User/Runtime/Cache/Home/95d2402fc4416413d7cf886e5691e94b.php 第 327 行.
SQL: SELECT * FROM `ot_ppdd` WHERE `id` = 36 LIMIT 1   [ RunTime:0.0005s ]
NOTIC: [8] Undefined variable: ztrs /Library/WebServer/Documents/User/Runtime/Cache/Home/95d2402fc4416413d7cf886e5691e94b.php 第 320 行.
NOTIC: [8] Undefined variable: ztrs /Library/WebServer/Documents/User/Runtime/Cache/Home/95d2402fc4416413d7cf886e5691e94b.php 第 320 行.
SQL: SELECT * FROM `ot_user_jj` WHERE `id` = 97 LIMIT 1   [ RunTime:0.0003s ]
SQL: SELECT * FROM `ot_userget` WHERE `varid` = 97 LIMIT 1   [ RunTime:0.0003s ]
SQL: SELECT * FROM `ot_ppdd` WHERE `id` = 19 LIMIT 1   [ RunTime:0.0003s ]
NOTIC: [8] Undefined index: UG_getTime /Library/WebServer/Documents/User/Home/Common/function.php 第 83 行.
NOTIC: [8] Undefined variable: nowtime3 /Library/WebServer/Documents/User/Home/Common/function.php 第 88 行.
NOTIC: [8] Undefined variable: ztrs3 /Library/WebServer/Documents/User/Runtime/Cache/Home/95d2402fc4416413d7cf886e5691e94b.php 第 321 行.
SQL: SELECT * FROM `ot_user_jj` WHERE `id` = 97 LIMIT 1   [ RunTime:0.0003s ]
SQL: SELECT `UG_getTime` FROM `ot_userget` WHERE `varid` = 97 LIMIT 1   [ RunTime:0.0003s ]
NOTIC: [8] Undefined variable: ztrs2 /Library/WebServer/Documents/User/Runtime/Cache/Home/95d2402fc4416413d7cf886e5691e94b.php 第 327 行.
SQL: SELECT * FROM `ot_ppdd` WHERE `id` = 19 LIMIT 1   [ RunTime:0.0002s ]
NOTIC: [8] Undefined variable: ztrs /Library/WebServer/Documents/User/Runtime/Cache/Home/95d2402fc4416413d7cf886e5691e94b.php 第 320 行.
NOTIC: [8] Undefined variable: ztrs /Library/WebServer/Documents/User/Runtime/Cache/Home/95d2402fc4416413d7cf886e5691e94b.php 第 320 行.
SQL: SELECT * FROM `ot_user_jj` WHERE `id` = 95 LIMIT 1   [ RunTime:0.0002s ]
SQL: SELECT * FROM `ot_userget` WHERE `varid` = 95 LIMIT 1   [ RunTime:0.0003s ]
SQL: SELECT * FROM `ot_ppdd` WHERE `id` = 12 LIMIT 1   [ RunTime:0.0003s ]
NOTIC: [8] Undefined variable: ztrs3 /Library/WebServer/Documents/User/Runtime/Cache/Home/95d2402fc4416413d7cf886e5691e94b.php 第 321 行.
SQL: SELECT * FROM `ot_user_jj` WHERE `id` = 95 LIMIT 1   [ RunTime:0.0002s ]
SQL: SELECT `UG_getTime` FROM `ot_userget` WHERE `varid` = 95 LIMIT 1   [ RunTime:0.0003s ]
NOTIC: [8] Undefined variable: ztrs1 /Library/WebServer/Documents/User/Runtime/Cache/Home/95d2402fc4416413d7cf886e5691e94b.php 第 322 行.
SQL: SELECT * FROM `ot_user_jj` WHERE `id` = 95 LIMIT 1   [ RunTime:0.0002s ]
SQL: SELECT * FROM `ot_ppdd` WHERE `id` = 12 LIMIT 1   [ RunTime:0.0003s ]
NOTIC: [8] Undefined variable: ztrs2 /Library/WebServer/Documents/User/Runtime/Cache/Home/95d2402fc4416413d7cf886e5691e94b.php 第 327 行.
SQL: SELECT * FROM `ot_ppdd` WHERE `id` = 12 LIMIT 1   [ RunTime:0.0003s ]
NOTIC: [8] Undefined variable: ztrs3 /Library/WebServer/Documents/User/Runtime/Cache/Home/95d2402fc4416413d7cf886e5691e94b.php 第 368 行.
SQL: SELECT * FROM `ot_ppdd` WHERE `id` = 23 LIMIT 1   [ RunTime:0.0005s ]
NOTIC: [8] Undefined variable: ztrs2 /Library/WebServer/Documents/User/Runtime/Cache/Home/95d2402fc4416413d7cf886e5691e94b.php 第 369 行.
SQL: SELECT * FROM `ot_ppdd` WHERE `id` = 23 LIMIT 1   [ RunTime:0.0004s ]
NOTIC: [8] Undefined variable: ztrs3 /Library/WebServer/Documents/User/Runtime/Cache/Home/95d2402fc4416413d7cf886e5691e94b.php 第 368 行.
SQL: SELECT * FROM `ot_ppdd` WHERE `id` = 23 LIMIT 1   [ RunTime:0.0003s ]
NOTIC: [8] Undefined variable: ztrs2 /Library/WebServer/Documents/User/Runtime/Cache/Home/95d2402fc4416413d7cf886e5691e94b.php 第 369 行.
SQL: SELECT * FROM `ot_ppdd` WHERE `id` = 23 LIMIT 1   [ RunTime:0.0003s ]
NOTIC: [8] Undefined variable: ztrs3 /Library/WebServer/Documents/User/Runtime/Cache/Home/95d2402fc4416413d7cf886e5691e94b.php 第 368 行.
SQL: SELECT * FROM `ot_ppdd` WHERE `id` = 20 LIMIT 1   [ RunTime:0.0003s ]
NOTIC: [8] Undefined variable: ztrs2 /Library/WebServer/Documents/User/Runtime/Cache/Home/95d2402fc4416413d7cf886e5691e94b.php 第 369 行.
SQL: SELECT * FROM `ot_ppdd` WHERE `id` = 20 LIMIT 1   [ RunTime:0.0004s ]
NOTIC: [8] Undefined variable: ztrs3 /Library/WebServer/Documents/User/Runtime/Cache/Home/95d2402fc4416413d7cf886e5691e94b.php 第 368 行.
SQL: SELECT * FROM `ot_ppdd` WHERE `id` = 18 LIMIT 1   [ RunTime:0.0003s ]
NOTIC: [8] Undefined variable: ztrs2 /Library/WebServer/Documents/User/Runtime/Cache/Home/95d2402fc4416413d7cf886e5691e94b.php 第 369 行.
SQL: SELECT * FROM `ot_ppdd` WHERE `id` = 18 LIMIT 1   [ RunTime:0.0003s ]
NOTIC: [8] Undefined variable: ztrs3 /Library/WebServer/Documents/User/Runtime/Cache/Home/95d2402fc4416413d7cf886e5691e94b.php 第 368 行.
SQL: SELECT * FROM `ot_ppdd` WHERE `id` = 18 LIMIT 1   [ RunTime:0.0004s ]
NOTIC: [8] Undefined variable: ztrs2 /Library/WebServer/Documents/User/Runtime/Cache/Home/95d2402fc4416413d7cf886e5691e94b.php 第 369 行.
SQL: SELECT * FROM `ot_ppdd` WHERE `id` = 18 LIMIT 1   [ RunTime:0.0003s ]
NOTIC: [8] Undefined variable: ztrs3 /Library/WebServer/Documents/User/Runtime/Cache/Home/95d2402fc4416413d7cf886e5691e94b.php 第 368 行.
SQL: SELECT * FROM `ot_ppdd` WHERE `id` = 11 LIMIT 1   [ RunTime:0.0003s ]
NOTIC: [8] Undefined variable: ztrs2 /Library/WebServer/Documents/User/Runtime/Cache/Home/95d2402fc4416413d7cf886e5691e94b.php 第 369 行.
SQL: SELECT * FROM `ot_ppdd` WHERE `id` = 11 LIMIT 1   [ RunTime:0.0004s ]
NOTIC: [8] Undefined variable: ztrs3 /Library/WebServer/Documents/User/Runtime/Cache/Home/95d2402fc4416413d7cf886e5691e94b.php 第 368 行.
SQL: SELECT * FROM `ot_ppdd` WHERE `id` = 11 LIMIT 1   [ RunTime:0.0003s ]
NOTIC: [8] Undefined variable: ztrs2 /Library/WebServer/Documents/User/Runtime/Cache/Home/95d2402fc4416413d7cf886e5691e94b.php 第 369 行.
SQL: SELECT * FROM `ot_ppdd` WHERE `id` = 11 LIMIT 1   [ RunTime:0.0003s ]
NOTIC: [8] Undefined variable: ztrs3 /Library/WebServer/Documents/User/Runtime/Cache/Home/95d2402fc4416413d7cf886e5691e94b.php 第 368 行.
SQL: SELECT * FROM `ot_ppdd` WHERE `id` = 8 LIMIT 1   [ RunTime:0.0003s ]
NOTIC: [8] Undefined variable: ztrs2 /Library/WebServer/Documents/User/Runtime/Cache/Home/95d2402fc4416413d7cf886e5691e94b.php 第 369 行.
SQL: SELECT * FROM `ot_ppdd` WHERE `id` = 8 LIMIT 1   [ RunTime:0.0003s ]
NOTIC: [8] Undefined variable: ztrs3 /Library/WebServer/Documents/User/Runtime/Cache/Home/95d2402fc4416413d7cf886e5691e94b.php 第 368 行.
SQL: SELECT * FROM `ot_ppdd` WHERE `id` = 8 LIMIT 1   [ RunTime:0.0003s ]
NOTIC: [8] Undefined variable: ztrs2 /Library/WebServer/Documents/User/Runtime/Cache/Home/95d2402fc4416413d7cf886e5691e94b.php 第 369 行.
SQL: SELECT * FROM `ot_ppdd` WHERE `id` = 8 LIMIT 1   [ RunTime:0.0004s ]
NOTIC: [8] Undefined variable: ztrs3 /Library/WebServer/Documents/User/Runtime/Cache/Home/95d2402fc4416413d7cf886e5691e94b.php 第 368 行.
SQL: SELECT * FROM `ot_ppdd` WHERE `id` = 4 LIMIT 1   [ RunTime:0.0003s ]
NOTIC: [8] Undefined variable: ztrs2 /Library/WebServer/Documents/User/Runtime/Cache/Home/95d2402fc4416413d7cf886e5691e94b.php 第 369 行.
SQL: SELECT * FROM `ot_ppdd` WHERE `id` = 4 LIMIT 1   [ RunTime:0.0004s ]
NOTIC: [8] Undefined index: ue_moneybc /Library/WebServer/Documents/User/Runtime/Cache/Home/95d2402fc4416413d7cf886e5691e94b.php 第 1066 行.
NOTIC: [8] Undefined index: ue_moneybc /Library/WebServer/Documents/User/Runtime/Cache/Home/95d2402fc4416413d7cf886e5691e94b.php 第 1067 行.
INFO: Run Behavior\ParseTemplateBehavior [ RunTime:0.087409s ]
INFO: [ view_parse ] --END-- [ RunTime:0.087592s ]
INFO: [ view_filter ] --START--
INFO: Run Behavior\WriteHtmlCacheBehavior [ RunTime:0.000882s ]
INFO: Run Behavior\TokenBuildBehavior [ RunTime:0.000741s ]
INFO: [ view_filter ] --END-- [ RunTime:0.001883s ]
INFO: [ app_end ] --START--
INFO: Run Behavior\ShowPageTraceBehavior [ RunTime:0.000802s ]
INFO: [ app_end ] --END-- [ RunTime:0.000964s ]

[ 2016-02-16T16:27:35+08:00 ] ::1 /
INFO: [ app_init ] --START--
INFO: Run Behavior\BuildLiteBehavior [ RunTime:0.000021s ]
INFO: [ app_init ] --END-- [ RunTime:0.000306s ]
INFO: [ app_begin ] --START--
INFO: Run Behavior\ReadHtmlCacheBehavior [ RunTime:0.001109s ]
INFO: [ app_begin ] --END-- [ RunTime:0.001308s ]
SQL: SHOW COLUMNS FROM `ot_system` [ RunTime:0.0010s ]
SQL: SELECT * FROM `ot_system` WHERE `SYS_ID` = 1 LIMIT 1   [ RunTime:0.0005s ]
SQL: SHOW COLUMNS FROM `ot_user` [ RunTime:0.0011s ]
SQL: SELECT * FROM `ot_user` WHERE `UE_ID` = 61451 LIMIT 1   [ RunTime:0.0005s ]
SQL: SHOW COLUMNS FROM `ot_tgbz` [ RunTime:0.0007s ]
SQL: SELECT * FROM `ot_tgbz` WHERE `user` = 'admin@qq.com' AND `jb` = '500' AND `showflag` = 1 ORDER BY id DESC LIMIT 1   [ RunTime:0.0004s ]
NOTIC: [8] Undefined variable: str /Library/WebServer/Documents/User/Home/Controller/CommonController.class.php 第 103 行.
SQL: SELECT * FROM `ot_tgbz` WHERE `user` = 'admin@qq.com' AND `jb` = '1000' AND `showflag` = 1 ORDER BY id DESC LIMIT 1   [ RunTime:0.0004s ]
SQL: SELECT * FROM `ot_tgbz` WHERE `user` = 'admin@qq.com' AND `jb` = '1500' AND `showflag` = 1 ORDER BY id DESC LIMIT 1   [ RunTime:0.0003s ]
SQL: SELECT * FROM `ot_tgbz` WHERE `user` = 'admin@qq.com' AND `jb` = '2000' AND `showflag` = 1 ORDER BY id DESC LIMIT 1   [ RunTime:0.0003s ]

[ 2016-02-16T16:27:35+08:00 ] ::1 /Home/Index/home.html
INFO: [ app_init ] --START--
INFO: Run Behavior\BuildLiteBehavior [ RunTime:0.000026s ]
INFO: [ app_init ] --END-- [ RunTime:0.000391s ]
INFO: [ app_begin ] --START--
INFO: Run Behavior\ReadHtmlCacheBehavior [ RunTime:0.000360s ]
INFO: [ app_begin ] --END-- [ RunTime:0.000456s ]
SQL: SHOW COLUMNS FROM `ot_system` [ RunTime:0.0009s ]
SQL: SELECT * FROM `ot_system` WHERE `SYS_ID` = 1 LIMIT 1   [ RunTime:0.0004s ]
SQL: SHOW COLUMNS FROM `ot_user` [ RunTime:0.0012s ]
SQL: SELECT * FROM `ot_user` WHERE `UE_ID` = 61451 LIMIT 1   [ RunTime:0.0005s ]
SQL: SHOW COLUMNS FROM `ot_tgbz` [ RunTime:0.0006s ]
SQL: SELECT * FROM `ot_tgbz` WHERE `user` = 'admin@qq.com' AND `jb` = '500' AND `showflag` = 1 ORDER BY id DESC LIMIT 1   [ RunTime:0.0006s ]
NOTIC: [8] Undefined variable: str /Library/WebServer/Documents/User/Home/Controller/CommonController.class.php 第 103 行.
SQL: SELECT * FROM `ot_tgbz` WHERE `user` = 'admin@qq.com' AND `jb` = '1000' AND `showflag` = 1 ORDER BY id DESC LIMIT 1   [ RunTime:0.0003s ]
SQL: SELECT * FROM `ot_tgbz` WHERE `user` = 'admin@qq.com' AND `jb` = '1500' AND `showflag` = 1 ORDER BY id DESC LIMIT 1   [ RunTime:0.0004s ]
SQL: SELECT * FROM `ot_tgbz` WHERE `user` = 'admin@qq.com' AND `jb` = '2000' AND `showflag` = 1 ORDER BY id DESC LIMIT 1   [ RunTime:0.0003s ]
SQL: SELECT COUNT(*) AS tp_count FROM `ot_tgbz` WHERE `user` = 'admin@qq.com' LIMIT 1   [ RunTime:0.0003s ]
SQL: SELECT * FROM `ot_tgbz` WHERE `user` = 'admin@qq.com' ORDER BY id DESC LIMIT 0,100   [ RunTime:0.0005s ]
SQL: SHOW COLUMNS FROM `ot_jsbz` [ RunTime:0.0008s ]
SQL: SELECT COUNT(*) AS tp_count FROM `ot_jsbz` WHERE `user` = 'admin@qq.com' LIMIT 1   [ RunTime:0.0004s ]
SQL: SELECT * FROM `ot_jsbz` WHERE `user` = 'admin@qq.com' ORDER BY id DESC LIMIT 0,100   [ RunTime:0.0005s ]
SQL: SHOW COLUMNS FROM `ot_ppdd` [ RunTime:0.0006s ]
SQL: SELECT COUNT(*) AS tp_count FROM `ot_ppdd` WHERE `p_user` = 'admin@qq.com' LIMIT 1   [ RunTime:0.0003s ]
SQL: SELECT * FROM `ot_ppdd` WHERE `p_user` = 'admin@qq.com' ORDER BY id DESC LIMIT 0,100   [ RunTime:0.0003s ]
SQL: SELECT COUNT(*) AS tp_count FROM `ot_ppdd` WHERE `g_user` = 'admin@qq.com' LIMIT 1   [ RunTime:0.0002s ]
SQL: SELECT * FROM `ot_ppdd` WHERE `g_user` = 'admin@qq.com' ORDER BY id DESC LIMIT 0,100   [ RunTime:0.0003s ]
INFO: [ view_parse ] --START--
INFO: [ template_filter ] --START--
INFO: Run Behavior\ContentReplaceBehavior [ RunTime:0.000349s ]
INFO: [ template_filter ] --END-- [ RunTime:0.000472s ]
SQL: SELECT * FROM `ot_user` WHERE `UE_account` = '333333@qq.com' LIMIT 1   [ RunTime:0.0006s ]
SQL: SELECT * FROM `ot_user` WHERE `UE_account` = '333333@qq.com' LIMIT 1   [ RunTime:0.0004s ]
SQL: SELECT * FROM `ot_user` WHERE `UE_account` = '333333@qq.com' LIMIT 1   [ RunTime:0.0005s ]
NOTIC: [2] include(./User/Home/Conf/settings.php): failed to open stream: No such file or directory /Library/WebServer/Documents/User/Runtime/Cache/Home/9b888f9a05177cc78c87c9cd7e37319c.php 第 925 行.
NOTIC: [2] include(): Failed opening './User/Home/Conf/settings.php' for inclusion (include_path='.:/usr/local/php5/lib/php') /Library/WebServer/Documents/User/Runtime/Cache/Home/9b888f9a05177cc78c87c9cd7e37319c.php 第 925 行.
NOTIC: [8] Undefined variable: System_bt /Library/WebServer/Documents/User/Runtime/Cache/Home/9b888f9a05177cc78c87c9cd7e37319c.php 第 1124 行.
NOTIC: [8] Undefined variable: System_bt /Library/WebServer/Documents/User/Runtime/Cache/Home/9b888f9a05177cc78c87c9cd7e37319c.php 第 1158 行.
NOTIC: [8] Undefined variable: System_bt /Library/WebServer/Documents/User/Runtime/Cache/Home/9b888f9a05177cc78c87c9cd7e37319c.php 第 1158 行.
NOTIC: [8] Undefined variable: System_bt /Library/WebServer/Documents/User/Runtime/Cache/Home/9b888f9a05177cc78c87c9cd7e37319c.php 第 1203 行.
NOTIC: [8] Undefined variable: System_bt /Library/WebServer/Documents/User/Runtime/Cache/Home/9b888f9a05177cc78c87c9cd7e37319c.php 第 1317 行.
NOTIC: [8] Undefined variable: System_bt /Library/WebServer/Documents/User/Runtime/Cache/Home/9b888f9a05177cc78c87c9cd7e37319c.php 第 1344 行.
NOTIC: [8] Undefined variable: System_bt /Library/WebServer/Documents/User/Runtime/Cache/Home/9b888f9a05177cc78c87c9cd7e37319c.php 第 1490 行.
NOTIC: [8] Undefined variable: System_bt /Library/WebServer/Documents/User/Runtime/Cache/Home/9b888f9a05177cc78c87c9cd7e37319c.php 第 1497 行.
NOTIC: [8] Undefined variable: System_bt /Library/WebServer/Documents/User/Runtime/Cache/Home/9b888f9a05177cc78c87c9cd7e37319c.php 第 1516 行.
NOTIC: [8] Undefined variable: System_bt /Library/WebServer/Documents/User/Runtime/Cache/Home/9b888f9a05177cc78c87c9cd7e37319c.php 第 1523 行.
NOTIC: [8] Undefined variable: a /Library/WebServer/Documents/User/Runtime/Cache/Home/9b888f9a05177cc78c87c9cd7e37319c.php 第 1530 行.
NOTIC: [8] Undefined variable: System_bt /Library/WebServer/Documents/User/Runtime/Cache/Home/9b888f9a05177cc78c87c9cd7e37319c.php 第 1555 行.
NOTIC: [8] Undefined variable: System_bt /Library/WebServer/Documents/User/Runtime/Cache/Home/9b888f9a05177cc78c87c9cd7e37319c.php 第 1555 行.
INFO: Run Behavior\ParseTemplateBehavior [ RunTime:0.044075s ]
INFO: [ view_parse ] --END-- [ RunTime:0.044178s ]
INFO: [ view_filter ] --START--
INFO: Run Behavior\WriteHtmlCacheBehavior [ RunTime:0.000557s ]
INFO: Run Behavior\TokenBuildBehavior [ RunTime:0.000664s ]
INFO: [ view_filter ] --END-- [ RunTime:0.001419s ]
INFO: [ app_end ] --START--
INFO: Run Behavior\ShowPageTraceBehavior [ RunTime:0.001066s ]
INFO: [ app_end ] --END-- [ RunTime:0.001336s ]

[ 2016-02-16T17:10:20+08:00 ] ::1 /
INFO: [ app_init ] --START--
INFO: Run Behavior\BuildLiteBehavior [ RunTime:0.000149s ]
INFO: [ app_init ] --END-- [ RunTime:0.001562s ]
INFO: [ app_begin ] --START--
INFO: Run Behavior\ReadHtmlCacheBehavior [ RunTime:0.000983s ]
INFO: [ app_begin ] --END-- [ RunTime:0.001336s ]
SQL: SHOW COLUMNS FROM `ot_system` [ RunTime:0.0017s ]
SQL: SELECT * FROM `ot_system` WHERE `SYS_ID` = 1 LIMIT 1   [ RunTime:0.0008s ]
SQL: SHOW COLUMNS FROM `ot_user` [ RunTime:0.0015s ]
SQL: SELECT * FROM `ot_user` WHERE `UE_ID` = 61451 LIMIT 1   [ RunTime:0.0009s ]
SQL: SHOW COLUMNS FROM `ot_tgbz` [ RunTime:0.0006s ]
SQL: SELECT * FROM `ot_tgbz` WHERE `user` = 'admin@qq.com' AND `jb` = '500' AND `showflag` = 1 ORDER BY id DESC LIMIT 1   [ RunTime:0.0005s ]
NOTIC: [8] Undefined variable: str /Library/WebServer/Documents/User/Home/Controller/CommonController.class.php 第 103 行.
SQL: SELECT * FROM `ot_tgbz` WHERE `user` = 'admin@qq.com' AND `jb` = '1000' AND `showflag` = 1 ORDER BY id DESC LIMIT 1   [ RunTime:0.0004s ]
SQL: SELECT * FROM `ot_tgbz` WHERE `user` = 'admin@qq.com' AND `jb` = '1500' AND `showflag` = 1 ORDER BY id DESC LIMIT 1   [ RunTime:0.0005s ]
SQL: SELECT * FROM `ot_tgbz` WHERE `user` = 'admin@qq.com' AND `jb` = '2000' AND `showflag` = 1 ORDER BY id DESC LIMIT 1   [ RunTime:0.0003s ]

[ 2016-02-16T17:10:21+08:00 ] ::1 /Home/Index/home.html
INFO: [ app_init ] --START--
INFO: Run Behavior\BuildLiteBehavior [ RunTime:0.000039s ]
INFO: [ app_init ] --END-- [ RunTime:0.000579s ]
INFO: [ app_begin ] --START--
INFO: Run Behavior\ReadHtmlCacheBehavior [ RunTime:0.000533s ]
INFO: [ app_begin ] --END-- [ RunTime:0.000741s ]
SQL: SHOW COLUMNS FROM `ot_system` [ RunTime:0.0009s ]
SQL: SELECT * FROM `ot_system` WHERE `SYS_ID` = 1 LIMIT 1   [ RunTime:0.0006s ]
SQL: SHOW COLUMNS FROM `ot_user` [ RunTime:0.0013s ]
SQL: SELECT * FROM `ot_user` WHERE `UE_ID` = 61451 LIMIT 1   [ RunTime:0.0005s ]
SQL: SHOW COLUMNS FROM `ot_tgbz` [ RunTime:0.0006s ]
SQL: SELECT * FROM `ot_tgbz` WHERE `user` = 'admin@qq.com' AND `jb` = '500' AND `showflag` = 1 ORDER BY id DESC LIMIT 1   [ RunTime:0.0007s ]
NOTIC: [8] Undefined variable: str /Library/WebServer/Documents/User/Home/Controller/CommonController.class.php 第 103 行.
SQL: SELECT * FROM `ot_tgbz` WHERE `user` = 'admin@qq.com' AND `jb` = '1000' AND `showflag` = 1 ORDER BY id DESC LIMIT 1   [ RunTime:0.0004s ]
SQL: SELECT * FROM `ot_tgbz` WHERE `user` = 'admin@qq.com' AND `jb` = '1500' AND `showflag` = 1 ORDER BY id DESC LIMIT 1   [ RunTime:0.0004s ]
SQL: SELECT * FROM `ot_tgbz` WHERE `user` = 'admin@qq.com' AND `jb` = '2000' AND `showflag` = 1 ORDER BY id DESC LIMIT 1   [ RunTime:0.0003s ]
SQL: SELECT COUNT(*) AS tp_count FROM `ot_tgbz` WHERE `user` = 'admin@qq.com' LIMIT 1   [ RunTime:0.0004s ]
SQL: SELECT * FROM `ot_tgbz` WHERE `user` = 'admin@qq.com' ORDER BY id DESC LIMIT 0,100   [ RunTime:0.0007s ]
SQL: SHOW COLUMNS FROM `ot_jsbz` [ RunTime:0.0014s ]
SQL: SELECT COUNT(*) AS tp_count FROM `ot_jsbz` WHERE `user` = 'admin@qq.com' LIMIT 1   [ RunTime:0.0005s ]
SQL: SELECT * FROM `ot_jsbz` WHERE `user` = 'admin@qq.com' ORDER BY id DESC LIMIT 0,100   [ RunTime:0.0005s ]
SQL: SHOW COLUMNS FROM `ot_ppdd` [ RunTime:0.0013s ]
SQL: SELECT COUNT(*) AS tp_count FROM `ot_ppdd` WHERE `p_user` = 'admin@qq.com' LIMIT 1   [ RunTime:0.0005s ]
SQL: SELECT * FROM `ot_ppdd` WHERE `p_user` = 'admin@qq.com' ORDER BY id DESC LIMIT 0,100   [ RunTime:0.0005s ]
SQL: SELECT COUNT(*) AS tp_count FROM `ot_ppdd` WHERE `g_user` = 'admin@qq.com' LIMIT 1   [ RunTime:0.0003s ]
SQL: SELECT * FROM `ot_ppdd` WHERE `g_user` = 'admin@qq.com' ORDER BY id DESC LIMIT 0,100   [ RunTime:0.0004s ]
INFO: [ view_parse ] --START--
INFO: [ template_filter ] --START--
INFO: Run Behavior\ContentReplaceBehavior [ RunTime:0.000265s ]
INFO: [ template_filter ] --END-- [ RunTime:0.000393s ]
SQL: SELECT * FROM `ot_user` WHERE `UE_account` = '333333@qq.com' LIMIT 1   [ RunTime:0.0007s ]
SQL: SELECT * FROM `ot_user` WHERE `UE_account` = '333333@qq.com' LIMIT 1   [ RunTime:0.0005s ]
SQL: SELECT * FROM `ot_user` WHERE `UE_account` = '333333@qq.com' LIMIT 1   [ RunTime:0.0004s ]
NOTIC: [2] include(./User/Home/Conf/settings.php): failed to open stream: No such file or directory /Library/WebServer/Documents/User/Runtime/Cache/Home/9b888f9a05177cc78c87c9cd7e37319c.php 第 925 行.
NOTIC: [2] include(): Failed opening './User/Home/Conf/settings.php' for inclusion (include_path='.:/usr/local/php5/lib/php') /Library/WebServer/Documents/User/Runtime/Cache/Home/9b888f9a05177cc78c87c9cd7e37319c.php 第 925 行.
NOTIC: [8] Undefined variable: System_bt /Library/WebServer/Documents/User/Runtime/Cache/Home/9b888f9a05177cc78c87c9cd7e37319c.php 第 1124 行.
NOTIC: [8] Undefined variable: System_bt /Library/WebServer/Documents/User/Runtime/Cache/Home/9b888f9a05177cc78c87c9cd7e37319c.php 第 1158 行.
NOTIC: [8] Undefined variable: System_bt /Library/WebServer/Documents/User/Runtime/Cache/Home/9b888f9a05177cc78c87c9cd7e37319c.php 第 1158 行.
NOTIC: [8] Undefined variable: System_bt /Library/WebServer/Documents/User/Runtime/Cache/Home/9b888f9a05177cc78c87c9cd7e37319c.php 第 1203 行.
NOTIC: [8] Undefined variable: System_bt /Library/WebServer/Documents/User/Runtime/Cache/Home/9b888f9a05177cc78c87c9cd7e37319c.php 第 1317 行.
NOTIC: [8] Undefined variable: System_bt /Library/WebServer/Documents/User/Runtime/Cache/Home/9b888f9a05177cc78c87c9cd7e37319c.php 第 1344 行.
NOTIC: [8] Undefined variable: System_bt /Library/WebServer/Documents/User/Runtime/Cache/Home/9b888f9a05177cc78c87c9cd7e37319c.php 第 1490 行.
NOTIC: [8] Undefined variable: System_bt /Library/WebServer/Documents/User/Runtime/Cache/Home/9b888f9a05177cc78c87c9cd7e37319c.php 第 1497 行.
NOTIC: [8] Undefined variable: System_bt /Library/WebServer/Documents/User/Runtime/Cache/Home/9b888f9a05177cc78c87c9cd7e37319c.php 第 1516 行.
NOTIC: [8] Undefined variable: System_bt /Library/WebServer/Documents/User/Runtime/Cache/Home/9b888f9a05177cc78c87c9cd7e37319c.php 第 1523 行.
NOTIC: [8] Undefined variable: a /Library/WebServer/Documents/User/Runtime/Cache/Home/9b888f9a05177cc78c87c9cd7e37319c.php 第 1530 行.
NOTIC: [8] Undefined variable: System_bt /Library/WebServer/Documents/User/Runtime/Cache/Home/9b888f9a05177cc78c87c9cd7e37319c.php 第 1555 行.
NOTIC: [8] Undefined variable: System_bt /Library/WebServer/Documents/User/Runtime/Cache/Home/9b888f9a05177cc78c87c9cd7e37319c.php 第 1555 行.
INFO: Run Behavior\ParseTemplateBehavior [ RunTime:0.064647s ]
INFO: [ view_parse ] --END-- [ RunTime:0.064778s ]
INFO: [ view_filter ] --START--
INFO: Run Behavior\WriteHtmlCacheBehavior [ RunTime:0.001017s ]
INFO: Run Behavior\TokenBuildBehavior [ RunTime:0.000828s ]
INFO: [ view_filter ] --END-- [ RunTime:0.002116s ]
INFO: [ app_end ] --START--
INFO: Run Behavior\ShowPageTraceBehavior [ RunTime:0.001332s ]
INFO: [ app_end ] --END-- [ RunTime:0.001541s ]

