[ 2016-04-12T04:03:40+08:00 ] ::1 /Home/Info/code_list.html?aj=1&type=check_login&uid=82662186
INFO: [ app_init ] --START--
INFO: Run Behavior\BuildLiteBehavior [ RunTime:0.000050s ]
INFO: [ app_init ] --END-- [ RunTime:0.000957s ]
INFO: [ app_begin ] --START--
INFO: Run Behavior\ReadHtmlCacheBehavior [ RunTime:0.001559s ]
INFO: [ app_begin ] --END-- [ RunTime:0.001785s ]
SQL: SHOW COLUMNS FROM `ot_system` [ RunTime:0.0010s ]
SQL: SELECT * FROM `ot_system` WHERE `SYS_ID` = 1 LIMIT 1   [ RunTime:0.0005s ]
SQL: SHOW COLUMNS FROM `ot_pin` [ RunTime:0.0005s ]
SQL: SELECT COUNT(*) AS tp_count FROM `ot_pin` WHERE `user` = 'admin@qq.com' AND `zt` = 0 LIMIT 1   [ RunTime:0.0004s ]
SQL: SHOW COLUMNS FROM `ot_user` [ RunTime:0.0014s ]
SQL: SELECT * FROM `ot_user` WHERE `UE_account` = 'admin@qq.com' LIMIT 1   [ RunTime:0.0005s ]
SQL: UPDATE `ot_user` SET `levelname`='G4' WHERE `UE_account` = 'admin@qq.com' [ RunTime:0.0004s ]
SQL: SELECT * FROM `ot_user` WHERE `UE_ID` = 1 LIMIT 1   [ RunTime:0.0004s ]
SQL: SHOW COLUMNS FROM `ot_code` [ RunTime:0.0005s ]
SQL: SELECT COUNT(*) AS tp_count FROM `ot_code` LIMIT 1   [ RunTime:0.0002s ]
SQL: SELECT COUNT(*) AS tp_count FROM `ot_code` WHERE `onwer` = 'admin@qq.com' LIMIT 1   [ RunTime:0.0003s ]
SQL: SELECT * FROM `ot_code` WHERE `onwer` = 'admin@qq.com' ORDER BY id DESC LIMIT 0,15   [ RunTime:0.0005s ]
INFO: [ view_parse ] --START--
INFO: [ template_filter ] --START--
INFO: Run Behavior\ContentReplaceBehavior [ RunTime:0.000137s ]
INFO: [ template_filter ] --END-- [ RunTime:0.000220s ]
NOTIC: [8] Undefined variable: home /Library/WebServer/Documents/User/Runtime/Cache/Home/785247295ad151374dbd4c783c6aa0d5.php 第 517 行.
NOTIC: [8] Undefined variable: news /Library/WebServer/Documents/User/Runtime/Cache/Home/785247295ad151374dbd4c783c6aa0d5.php 第 520 行.
NOTIC: [8] Undefined variable: she_list /Library/WebServer/Documents/User/Runtime/Cache/Home/785247295ad151374dbd4c783c6aa0d5.php 第 524 行.
NOTIC: [8] Undefined variable: de_list /Library/WebServer/Documents/User/Runtime/Cache/Home/785247295ad151374dbd4c783c6aa0d5.php 第 528 行.
NOTIC: [8] Undefined variable: reg /Library/WebServer/Documents/User/Runtime/Cache/Home/785247295ad151374dbd4c783c6aa0d5.php 第 532 行.
NOTIC: [8] Undefined variable: profile /Library/WebServer/Documents/User/Runtime/Cache/Home/785247295ad151374dbd4c783c6aa0d5.php 第 536 行.
NOTIC: [8] Undefined variable: manage /Library/WebServer/Documents/User/Runtime/Cache/Home/785247295ad151374dbd4c783c6aa0d5.php 第 539 行.
NOTIC: [8] Undefined variable: cwmx /Library/WebServer/Documents/User/Runtime/Cache/Home/785247295ad151374dbd4c783c6aa0d5.php 第 547 行.
NOTIC: [8] Undefined variable: detail /Library/WebServer/Documents/User/Runtime/Cache/Home/785247295ad151374dbd4c783c6aa0d5.php 第 552 行.
INFO: Run Behavior\ParseTemplateBehavior [ RunTime:0.022134s ]
INFO: [ view_parse ] --END-- [ RunTime:0.022237s ]
INFO: [ view_filter ] --START--
INFO: Run Behavior\WriteHtmlCacheBehavior [ RunTime:0.000663s ]
INFO: [ view_filter ] --END-- [ RunTime:0.000748s ]
INFO: [ app_end ] --START--
INFO: Run Behavior\ShowPageTraceBehavior [ RunTime:0.001152s ]
INFO: [ app_end ] --END-- [ RunTime:0.001301s ]

[ 2016-04-12T09:05:30+08:00 ] ::1 /Home/Info/code_list.html?aj=1&type=check_login&uid=82662186
INFO: [ app_init ] --START--
INFO: Run Behavior\BuildLiteBehavior [ RunTime:0.000055s ]
INFO: [ app_init ] --END-- [ RunTime:0.001072s ]
INFO: [ app_begin ] --START--
INFO: Run Behavior\ReadHtmlCacheBehavior [ RunTime:0.001123s ]
INFO: [ app_begin ] --END-- [ RunTime:0.001275s ]
SQL: SHOW COLUMNS FROM `ot_system` [ RunTime:0.0019s ]
SQL: SELECT * FROM `ot_system` WHERE `SYS_ID` = 1 LIMIT 1   [ RunTime:0.0006s ]
SQL: SHOW COLUMNS FROM `ot_pin` [ RunTime:0.0005s ]
SQL: SELECT COUNT(*) AS tp_count FROM `ot_pin` WHERE `user` = 'admin@qq.com' AND `zt` = 0 LIMIT 1   [ RunTime:0.0004s ]
SQL: SHOW COLUMNS FROM `ot_user` [ RunTime:0.0010s ]
SQL: SELECT * FROM `ot_user` WHERE `UE_account` = 'admin@qq.com' LIMIT 1   [ RunTime:0.0006s ]
SQL: UPDATE `ot_user` SET `levelname`='G4' WHERE `UE_account` = 'admin@qq.com' [ RunTime:0.0004s ]
SQL: SELECT * FROM `ot_user` WHERE `UE_ID` = 1 LIMIT 1   [ RunTime:0.0005s ]
SQL: SHOW COLUMNS FROM `ot_code` [ RunTime:0.0007s ]
SQL: SELECT COUNT(*) AS tp_count FROM `ot_code` LIMIT 1   [ RunTime:0.0002s ]
SQL: SELECT COUNT(*) AS tp_count FROM `ot_code` WHERE `onwer` = 'admin@qq.com' LIMIT 1   [ RunTime:0.0003s ]
SQL: SELECT * FROM `ot_code` WHERE `onwer` = 'admin@qq.com' ORDER BY id DESC LIMIT 0,15   [ RunTime:0.0007s ]
INFO: [ view_parse ] --START--
INFO: [ template_filter ] --START--
INFO: Run Behavior\ContentReplaceBehavior [ RunTime:0.000274s ]
INFO: [ template_filter ] --END-- [ RunTime:0.000400s ]
NOTIC: [8] Undefined variable: home /Library/WebServer/Documents/User/Runtime/Cache/Home/785247295ad151374dbd4c783c6aa0d5.php 第 517 行.
NOTIC: [8] Undefined variable: news /Library/WebServer/Documents/User/Runtime/Cache/Home/785247295ad151374dbd4c783c6aa0d5.php 第 520 行.
NOTIC: [8] Undefined variable: she_list /Library/WebServer/Documents/User/Runtime/Cache/Home/785247295ad151374dbd4c783c6aa0d5.php 第 524 行.
NOTIC: [8] Undefined variable: de_list /Library/WebServer/Documents/User/Runtime/Cache/Home/785247295ad151374dbd4c783c6aa0d5.php 第 528 行.
NOTIC: [8] Undefined variable: reg /Library/WebServer/Documents/User/Runtime/Cache/Home/785247295ad151374dbd4c783c6aa0d5.php 第 532 行.
NOTIC: [8] Undefined variable: profile /Library/WebServer/Documents/User/Runtime/Cache/Home/785247295ad151374dbd4c783c6aa0d5.php 第 536 行.
NOTIC: [8] Undefined variable: manage /Library/WebServer/Documents/User/Runtime/Cache/Home/785247295ad151374dbd4c783c6aa0d5.php 第 539 行.
NOTIC: [8] Undefined variable: cwmx /Library/WebServer/Documents/User/Runtime/Cache/Home/785247295ad151374dbd4c783c6aa0d5.php 第 547 行.
NOTIC: [8] Undefined variable: detail /Library/WebServer/Documents/User/Runtime/Cache/Home/785247295ad151374dbd4c783c6aa0d5.php 第 552 行.
INFO: Run Behavior\ParseTemplateBehavior [ RunTime:0.035505s ]
INFO: [ view_parse ] --END-- [ RunTime:0.035642s ]
INFO: [ view_filter ] --START--
INFO: Run Behavior\WriteHtmlCacheBehavior [ RunTime:0.000814s ]
INFO: [ view_filter ] --END-- [ RunTime:0.000955s ]
INFO: [ app_end ] --START--
INFO: Run Behavior\ShowPageTraceBehavior [ RunTime:0.001383s ]
INFO: [ app_end ] --END-- [ RunTime:0.001603s ]

[ 2016-04-12T09:10:31+08:00 ] ::1 /Home/Info/code_list.html?aj=1&type=check_login&uid=82662186
INFO: [ app_init ] --START--
INFO: Run Behavior\BuildLiteBehavior [ RunTime:0.000044s ]
INFO: [ app_init ] --END-- [ RunTime:0.001041s ]
INFO: [ app_begin ] --START--
INFO: Run Behavior\ReadHtmlCacheBehavior [ RunTime:0.001151s ]
INFO: [ app_begin ] --END-- [ RunTime:0.001285s ]
SQL: SHOW COLUMNS FROM `ot_system` [ RunTime:0.0011s ]
SQL: SELECT * FROM `ot_system` WHERE `SYS_ID` = 1 LIMIT 1   [ RunTime:0.0006s ]
SQL: SHOW COLUMNS FROM `ot_pin` [ RunTime:0.0005s ]
SQL: SELECT COUNT(*) AS tp_count FROM `ot_pin` WHERE `user` = 'admin@qq.com' AND `zt` = 0 LIMIT 1   [ RunTime:0.0004s ]
SQL: SHOW COLUMNS FROM `ot_user` [ RunTime:0.0010s ]
SQL: SELECT * FROM `ot_user` WHERE `UE_account` = 'admin@qq.com' LIMIT 1   [ RunTime:0.0005s ]
SQL: UPDATE `ot_user` SET `levelname`='G4' WHERE `UE_account` = 'admin@qq.com' [ RunTime:0.0003s ]
SQL: SELECT * FROM `ot_user` WHERE `UE_ID` = 1 LIMIT 1   [ RunTime:0.0006s ]
SQL: SHOW COLUMNS FROM `ot_code` [ RunTime:0.0006s ]
SQL: SELECT COUNT(*) AS tp_count FROM `ot_code` LIMIT 1   [ RunTime:0.0003s ]
SQL: SELECT COUNT(*) AS tp_count FROM `ot_code` WHERE `onwer` = 'admin@qq.com' LIMIT 1   [ RunTime:0.0003s ]
SQL: SELECT * FROM `ot_code` WHERE `onwer` = 'admin@qq.com' ORDER BY id DESC LIMIT 0,15   [ RunTime:0.0006s ]
INFO: [ view_parse ] --START--
INFO: [ template_filter ] --START--
INFO: Run Behavior\ContentReplaceBehavior [ RunTime:0.000122s ]
INFO: [ template_filter ] --END-- [ RunTime:0.000202s ]
NOTIC: [8] Undefined variable: home /Library/WebServer/Documents/User/Runtime/Cache/Home/785247295ad151374dbd4c783c6aa0d5.php 第 517 行.
NOTIC: [8] Undefined variable: news /Library/WebServer/Documents/User/Runtime/Cache/Home/785247295ad151374dbd4c783c6aa0d5.php 第 520 行.
NOTIC: [8] Undefined variable: she_list /Library/WebServer/Documents/User/Runtime/Cache/Home/785247295ad151374dbd4c783c6aa0d5.php 第 524 行.
NOTIC: [8] Undefined variable: de_list /Library/WebServer/Documents/User/Runtime/Cache/Home/785247295ad151374dbd4c783c6aa0d5.php 第 528 行.
NOTIC: [8] Undefined variable: reg /Library/WebServer/Documents/User/Runtime/Cache/Home/785247295ad151374dbd4c783c6aa0d5.php 第 532 行.
NOTIC: [8] Undefined variable: profile /Library/WebServer/Documents/User/Runtime/Cache/Home/785247295ad151374dbd4c783c6aa0d5.php 第 536 行.
NOTIC: [8] Undefined variable: manage /Library/WebServer/Documents/User/Runtime/Cache/Home/785247295ad151374dbd4c783c6aa0d5.php 第 539 行.
NOTIC: [8] Undefined variable: cwmx /Library/WebServer/Documents/User/Runtime/Cache/Home/785247295ad151374dbd4c783c6aa0d5.php 第 547 行.
NOTIC: [8] Undefined variable: detail /Library/WebServer/Documents/User/Runtime/Cache/Home/785247295ad151374dbd4c783c6aa0d5.php 第 552 行.
INFO: Run Behavior\ParseTemplateBehavior [ RunTime:0.024815s ]
INFO: [ view_parse ] --END-- [ RunTime:0.024909s ]
INFO: [ view_filter ] --START--
INFO: Run Behavior\WriteHtmlCacheBehavior [ RunTime:0.000544s ]
INFO: [ view_filter ] --END-- [ RunTime:0.000611s ]
INFO: [ app_end ] --START--
INFO: Run Behavior\ShowPageTraceBehavior [ RunTime:0.000956s ]
INFO: [ app_end ] --END-- [ RunTime:0.001115s ]

[ 2016-04-12T09:15:33+08:00 ] ::1 /Home/Info/code_list.html?aj=1&type=check_login&uid=82662186
INFO: [ app_init ] --START--
INFO: Run Behavior\BuildLiteBehavior [ RunTime:0.000066s ]
INFO: [ app_init ] --END-- [ RunTime:0.001043s ]
INFO: [ app_begin ] --START--
INFO: Run Behavior\ReadHtmlCacheBehavior [ RunTime:0.001217s ]
INFO: [ app_begin ] --END-- [ RunTime:0.001360s ]
SQL: SHOW COLUMNS FROM `ot_system` [ RunTime:0.0013s ]
SQL: SELECT * FROM `ot_system` WHERE `SYS_ID` = 1 LIMIT 1   [ RunTime:0.0005s ]
SQL: SHOW COLUMNS FROM `ot_pin` [ RunTime:0.0006s ]
SQL: SELECT COUNT(*) AS tp_count FROM `ot_pin` WHERE `user` = 'admin@qq.com' AND `zt` = 0 LIMIT 1   [ RunTime:0.0005s ]
SQL: SHOW COLUMNS FROM `ot_user` [ RunTime:0.0011s ]
SQL: SELECT * FROM `ot_user` WHERE `UE_account` = 'admin@qq.com' LIMIT 1   [ RunTime:0.0005s ]
SQL: UPDATE `ot_user` SET `levelname`='G4' WHERE `UE_account` = 'admin@qq.com' [ RunTime:0.0003s ]
SQL: SELECT * FROM `ot_user` WHERE `UE_ID` = 1 LIMIT 1   [ RunTime:0.0005s ]
SQL: SHOW COLUMNS FROM `ot_code` [ RunTime:0.0006s ]
SQL: SELECT COUNT(*) AS tp_count FROM `ot_code` LIMIT 1   [ RunTime:0.0002s ]
SQL: SELECT COUNT(*) AS tp_count FROM `ot_code` WHERE `onwer` = 'admin@qq.com' LIMIT 1   [ RunTime:0.0003s ]
SQL: SELECT * FROM `ot_code` WHERE `onwer` = 'admin@qq.com' ORDER BY id DESC LIMIT 0,15   [ RunTime:0.0006s ]
INFO: [ view_parse ] --START--
INFO: [ template_filter ] --START--
INFO: Run Behavior\ContentReplaceBehavior [ RunTime:0.000163s ]
INFO: [ template_filter ] --END-- [ RunTime:0.000268s ]
NOTIC: [8] Undefined variable: home /Library/WebServer/Documents/User/Runtime/Cache/Home/785247295ad151374dbd4c783c6aa0d5.php 第 517 行.
NOTIC: [8] Undefined variable: news /Library/WebServer/Documents/User/Runtime/Cache/Home/785247295ad151374dbd4c783c6aa0d5.php 第 520 行.
NOTIC: [8] Undefined variable: she_list /Library/WebServer/Documents/User/Runtime/Cache/Home/785247295ad151374dbd4c783c6aa0d5.php 第 524 行.
NOTIC: [8] Undefined variable: de_list /Library/WebServer/Documents/User/Runtime/Cache/Home/785247295ad151374dbd4c783c6aa0d5.php 第 528 行.
NOTIC: [8] Undefined variable: reg /Library/WebServer/Documents/User/Runtime/Cache/Home/785247295ad151374dbd4c783c6aa0d5.php 第 532 行.
NOTIC: [8] Undefined variable: profile /Library/WebServer/Documents/User/Runtime/Cache/Home/785247295ad151374dbd4c783c6aa0d5.php 第 536 行.
NOTIC: [8] Undefined variable: manage /Library/WebServer/Documents/User/Runtime/Cache/Home/785247295ad151374dbd4c783c6aa0d5.php 第 539 行.
NOTIC: [8] Undefined variable: cwmx /Library/WebServer/Documents/User/Runtime/Cache/Home/785247295ad151374dbd4c783c6aa0d5.php 第 547 行.
NOTIC: [8] Undefined variable: detail /Library/WebServer/Documents/User/Runtime/Cache/Home/785247295ad151374dbd4c783c6aa0d5.php 第 552 行.
INFO: Run Behavior\ParseTemplateBehavior [ RunTime:0.024925s ]
INFO: [ view_parse ] --END-- [ RunTime:0.024994s ]
INFO: [ view_filter ] --START--
INFO: Run Behavior\WriteHtmlCacheBehavior [ RunTime:0.000629s ]
INFO: [ view_filter ] --END-- [ RunTime:0.000722s ]
INFO: [ app_end ] --START--
INFO: Run Behavior\ShowPageTraceBehavior [ RunTime:0.001177s ]
INFO: [ app_end ] --END-- [ RunTime:0.001377s ]

[ 2016-04-12T09:20:41+08:00 ] ::1 /Home/Info/code_list.html?aj=1&type=check_login&uid=82662186
INFO: [ app_init ] --START--
INFO: Run Behavior\BuildLiteBehavior [ RunTime:0.000059s ]
INFO: [ app_init ] --END-- [ RunTime:0.000647s ]
INFO: [ app_begin ] --START--
INFO: Run Behavior\ReadHtmlCacheBehavior [ RunTime:0.000508s ]
INFO: [ app_begin ] --END-- [ RunTime:0.000662s ]
SQL: SHOW COLUMNS FROM `ot_system` [ RunTime:0.0008s ]
SQL: SELECT * FROM `ot_system` WHERE `SYS_ID` = 1 LIMIT 1   [ RunTime:0.0005s ]
SQL: SHOW COLUMNS FROM `ot_pin` [ RunTime:0.0004s ]
SQL: SELECT COUNT(*) AS tp_count FROM `ot_pin` WHERE `user` = 'admin@qq.com' AND `zt` = 0 LIMIT 1   [ RunTime:0.0003s ]
SQL: SHOW COLUMNS FROM `ot_user` [ RunTime:0.0010s ]
SQL: SELECT * FROM `ot_user` WHERE `UE_account` = 'admin@qq.com' LIMIT 1   [ RunTime:0.0006s ]
SQL: UPDATE `ot_user` SET `levelname`='G4' WHERE `UE_account` = 'admin@qq.com' [ RunTime:0.0004s ]
SQL: SELECT * FROM `ot_user` WHERE `UE_ID` = 1 LIMIT 1   [ RunTime:0.0005s ]
SQL: SHOW COLUMNS FROM `ot_code` [ RunTime:0.0008s ]
SQL: SELECT COUNT(*) AS tp_count FROM `ot_code` LIMIT 1   [ RunTime:0.0003s ]
SQL: SELECT COUNT(*) AS tp_count FROM `ot_code` WHERE `onwer` = 'admin@qq.com' LIMIT 1   [ RunTime:0.0004s ]
SQL: SELECT * FROM `ot_code` WHERE `onwer` = 'admin@qq.com' ORDER BY id DESC LIMIT 0,15   [ RunTime:0.0004s ]
INFO: [ view_parse ] --START--
INFO: [ template_filter ] --START--
INFO: Run Behavior\ContentReplaceBehavior [ RunTime:0.000120s ]
INFO: [ template_filter ] --END-- [ RunTime:0.000196s ]
NOTIC: [8] Undefined variable: home /Library/WebServer/Documents/User/Runtime/Cache/Home/785247295ad151374dbd4c783c6aa0d5.php 第 517 行.
NOTIC: [8] Undefined variable: news /Library/WebServer/Documents/User/Runtime/Cache/Home/785247295ad151374dbd4c783c6aa0d5.php 第 520 行.
NOTIC: [8] Undefined variable: she_list /Library/WebServer/Documents/User/Runtime/Cache/Home/785247295ad151374dbd4c783c6aa0d5.php 第 524 行.
NOTIC: [8] Undefined variable: de_list /Library/WebServer/Documents/User/Runtime/Cache/Home/785247295ad151374dbd4c783c6aa0d5.php 第 528 行.
NOTIC: [8] Undefined variable: reg /Library/WebServer/Documents/User/Runtime/Cache/Home/785247295ad151374dbd4c783c6aa0d5.php 第 532 行.
NOTIC: [8] Undefined variable: profile /Library/WebServer/Documents/User/Runtime/Cache/Home/785247295ad151374dbd4c783c6aa0d5.php 第 536 行.
NOTIC: [8] Undefined variable: manage /Library/WebServer/Documents/User/Runtime/Cache/Home/785247295ad151374dbd4c783c6aa0d5.php 第 539 行.
NOTIC: [8] Undefined variable: cwmx /Library/WebServer/Documents/User/Runtime/Cache/Home/785247295ad151374dbd4c783c6aa0d5.php 第 547 行.
NOTIC: [8] Undefined variable: detail /Library/WebServer/Documents/User/Runtime/Cache/Home/785247295ad151374dbd4c783c6aa0d5.php 第 552 行.
INFO: Run Behavior\ParseTemplateBehavior [ RunTime:0.016746s ]
INFO: [ view_parse ] --END-- [ RunTime:0.016823s ]
INFO: [ view_filter ] --START--
INFO: Run Behavior\WriteHtmlCacheBehavior [ RunTime:0.000233s ]
INFO: [ view_filter ] --END-- [ RunTime:0.000291s ]
INFO: [ app_end ] --START--
INFO: Run Behavior\ShowPageTraceBehavior [ RunTime:0.000513s ]
INFO: [ app_end ] --END-- [ RunTime:0.000635s ]

[ 2016-04-12T09:25:42+08:00 ] ::1 /Home/Info/code_list.html?aj=1&type=check_login&uid=82662186
INFO: [ app_init ] --START--
INFO: Run Behavior\BuildLiteBehavior [ RunTime:0.000064s ]
INFO: [ app_init ] --END-- [ RunTime:0.000926s ]
INFO: [ app_begin ] --START--
INFO: Run Behavior\ReadHtmlCacheBehavior [ RunTime:0.000963s ]
INFO: [ app_begin ] --END-- [ RunTime:0.001083s ]
SQL: SHOW COLUMNS FROM `ot_system` [ RunTime:0.0015s ]
SQL: SELECT * FROM `ot_system` WHERE `SYS_ID` = 1 LIMIT 1   [ RunTime:0.0008s ]
SQL: SHOW COLUMNS FROM `ot_pin` [ RunTime:0.0009s ]
SQL: SELECT COUNT(*) AS tp_count FROM `ot_pin` WHERE `user` = 'admin@qq.com' AND `zt` = 0 LIMIT 1   [ RunTime:0.0005s ]
SQL: SHOW COLUMNS FROM `ot_user` [ RunTime:0.0018s ]
SQL: SELECT * FROM `ot_user` WHERE `UE_account` = 'admin@qq.com' LIMIT 1   [ RunTime:0.0009s ]
SQL: UPDATE `ot_user` SET `levelname`='G4' WHERE `UE_account` = 'admin@qq.com' [ RunTime:0.0003s ]
SQL: SELECT * FROM `ot_user` WHERE `UE_ID` = 1 LIMIT 1   [ RunTime:0.0005s ]
SQL: SHOW COLUMNS FROM `ot_code` [ RunTime:0.0007s ]
SQL: SELECT COUNT(*) AS tp_count FROM `ot_code` LIMIT 1   [ RunTime:0.0003s ]
SQL: SELECT COUNT(*) AS tp_count FROM `ot_code` WHERE `onwer` = 'admin@qq.com' LIMIT 1   [ RunTime:0.0003s ]
SQL: SELECT * FROM `ot_code` WHERE `onwer` = 'admin@qq.com' ORDER BY id DESC LIMIT 0,15   [ RunTime:0.0007s ]
INFO: [ view_parse ] --START--
INFO: [ template_filter ] --START--
INFO: Run Behavior\ContentReplaceBehavior [ RunTime:0.000181s ]
INFO: [ template_filter ] --END-- [ RunTime:0.000303s ]
NOTIC: [8] Undefined variable: home /Library/WebServer/Documents/User/Runtime/Cache/Home/785247295ad151374dbd4c783c6aa0d5.php 第 517 行.
NOTIC: [8] Undefined variable: news /Library/WebServer/Documents/User/Runtime/Cache/Home/785247295ad151374dbd4c783c6aa0d5.php 第 520 行.
NOTIC: [8] Undefined variable: she_list /Library/WebServer/Documents/User/Runtime/Cache/Home/785247295ad151374dbd4c783c6aa0d5.php 第 524 行.
NOTIC: [8] Undefined variable: de_list /Library/WebServer/Documents/User/Runtime/Cache/Home/785247295ad151374dbd4c783c6aa0d5.php 第 528 行.
NOTIC: [8] Undefined variable: reg /Library/WebServer/Documents/User/Runtime/Cache/Home/785247295ad151374dbd4c783c6aa0d5.php 第 532 行.
NOTIC: [8] Undefined variable: profile /Library/WebServer/Documents/User/Runtime/Cache/Home/785247295ad151374dbd4c783c6aa0d5.php 第 536 行.
NOTIC: [8] Undefined variable: manage /Library/WebServer/Documents/User/Runtime/Cache/Home/785247295ad151374dbd4c783c6aa0d5.php 第 539 行.
NOTIC: [8] Undefined variable: cwmx /Library/WebServer/Documents/User/Runtime/Cache/Home/785247295ad151374dbd4c783c6aa0d5.php 第 547 行.
NOTIC: [8] Undefined variable: detail /Library/WebServer/Documents/User/Runtime/Cache/Home/785247295ad151374dbd4c783c6aa0d5.php 第 552 行.
INFO: Run Behavior\ParseTemplateBehavior [ RunTime:0.022178s ]
INFO: [ view_parse ] --END-- [ RunTime:0.022251s ]
INFO: [ view_filter ] --START--
INFO: Run Behavior\WriteHtmlCacheBehavior [ RunTime:0.000649s ]
INFO: [ view_filter ] --END-- [ RunTime:0.000722s ]
INFO: [ app_end ] --START--
INFO: Run Behavior\ShowPageTraceBehavior [ RunTime:0.001417s ]
INFO: [ app_end ] --END-- [ RunTime:0.001584s ]

[ 2016-04-12T13:31:16+08:00 ] ::1 /
INFO: [ app_init ] --START--
INFO: Run Behavior\BuildLiteBehavior [ RunTime:0.000062s ]
INFO: [ app_init ] --END-- [ RunTime:0.025137s ]
INFO: [ app_begin ] --START--
INFO: Run Behavior\ReadHtmlCacheBehavior [ RunTime:0.000888s ]
INFO: [ app_begin ] --END-- [ RunTime:0.001033s ]
SQL: SHOW COLUMNS FROM `ot_system` [ RunTime:0.0586s ]
SQL: SELECT * FROM `ot_system` WHERE `SYS_ID` = 1 LIMIT 1   [ RunTime:0.0096s ]
SQL: SHOW COLUMNS FROM `ot_pin` [ RunTime:0.0011s ]
SQL: SELECT COUNT(*) AS tp_count FROM `ot_pin` WHERE `user` = 'admin@qq.com' AND `zt` = 0 LIMIT 1   [ RunTime:0.0079s ]
SQL: SHOW COLUMNS FROM `ot_user` [ RunTime:0.0017s ]
SQL: SELECT * FROM `ot_user` WHERE `UE_account` = 'admin@qq.com' LIMIT 1   [ RunTime:0.0029s ]
SQL: UPDATE `ot_user` SET `levelname`='G4' WHERE `UE_account` = 'admin@qq.com' [ RunTime:0.0056s ]
SQL: SELECT * FROM `ot_user` WHERE `UE_ID` = 1 LIMIT 1   [ RunTime:0.0007s ]

[ 2016-04-12T13:31:16+08:00 ] ::1 /
INFO: [ app_init ] --START--
INFO: Run Behavior\BuildLiteBehavior [ RunTime:0.000053s ]
INFO: [ app_init ] --END-- [ RunTime:0.000609s ]
INFO: [ app_begin ] --START--
INFO: Run Behavior\ReadHtmlCacheBehavior [ RunTime:0.000548s ]
INFO: [ app_begin ] --END-- [ RunTime:0.000687s ]
SQL: SHOW COLUMNS FROM `ot_system` [ RunTime:0.0017s ]
SQL: SELECT * FROM `ot_system` WHERE `SYS_ID` = 1 LIMIT 1   [ RunTime:0.0006s ]
SQL: SHOW COLUMNS FROM `ot_pin` [ RunTime:0.0006s ]
SQL: SELECT COUNT(*) AS tp_count FROM `ot_pin` WHERE `user` = 'admin@qq.com' AND `zt` = 0 LIMIT 1   [ RunTime:0.0004s ]
SQL: SHOW COLUMNS FROM `ot_user` [ RunTime:0.0011s ]
SQL: SELECT * FROM `ot_user` WHERE `UE_account` = 'admin@qq.com' LIMIT 1   [ RunTime:0.0005s ]
SQL: UPDATE `ot_user` SET `levelname`='G4' WHERE `UE_account` = 'admin@qq.com' [ RunTime:0.0003s ]
SQL: SELECT * FROM `ot_user` WHERE `UE_ID` = 1 LIMIT 1   [ RunTime:0.0004s ]

[ 2016-04-12T13:31:16+08:00 ] ::1 /Home/Index/home.html
INFO: [ app_init ] --START--
INFO: Run Behavior\BuildLiteBehavior [ RunTime:0.000020s ]
INFO: [ app_init ] --END-- [ RunTime:0.000325s ]
INFO: [ app_begin ] --START--
INFO: Run Behavior\ReadHtmlCacheBehavior [ RunTime:0.000430s ]
INFO: [ app_begin ] --END-- [ RunTime:0.000582s ]
SQL: SHOW COLUMNS FROM `ot_system` [ RunTime:0.0009s ]
SQL: SELECT * FROM `ot_system` WHERE `SYS_ID` = 1 LIMIT 1   [ RunTime:0.0005s ]
SQL: SHOW COLUMNS FROM `ot_pin` [ RunTime:0.0006s ]
SQL: SELECT COUNT(*) AS tp_count FROM `ot_pin` WHERE `user` = 'admin@qq.com' AND `zt` = 0 LIMIT 1   [ RunTime:0.0003s ]
SQL: SHOW COLUMNS FROM `ot_user` [ RunTime:0.0008s ]
SQL: SELECT * FROM `ot_user` WHERE `UE_account` = 'admin@qq.com' LIMIT 1   [ RunTime:0.0005s ]
SQL: UPDATE `ot_user` SET `levelname`='G4' WHERE `UE_account` = 'admin@qq.com' [ RunTime:0.0003s ]
SQL: SELECT * FROM `ot_user` WHERE `UE_ID` = 1 LIMIT 1   [ RunTime:0.0004s ]
SQL: SHOW COLUMNS FROM `ot_tgbz` [ RunTime:0.0011s ]
SQL: SELECT COUNT(*) AS tp_count FROM `ot_tgbz` WHERE `user` = 'admin@qq.com' LIMIT 1   [ RunTime:0.0007s ]
SQL: SELECT * FROM `ot_tgbz` WHERE `user` = 'admin@qq.com' ORDER BY id DESC LIMIT 0,100   [ RunTime:0.0011s ]
SQL: SHOW COLUMNS FROM `ot_jsbz` [ RunTime:0.0010s ]
SQL: SELECT COUNT(*) AS tp_count FROM `ot_jsbz` WHERE `user` = 'admin@qq.com' LIMIT 1   [ RunTime:0.0010s ]
SQL: SELECT * FROM `ot_jsbz` WHERE `user` = 'admin@qq.com' ORDER BY id DESC LIMIT 0,100   [ RunTime:0.0006s ]
SQL: SELECT * FROM `ot_jsbz` WHERE `user` = 'admin@qq.com' LIMIT 1   [ RunTime:0.0004s ]
SQL: SHOW COLUMNS FROM `ot_ppdd` [ RunTime:0.0008s ]
SQL: SELECT COUNT(*) AS tp_count FROM `ot_ppdd` WHERE `p_user` = 'admin@qq.com' LIMIT 1   [ RunTime:0.0007s ]
SQL: SELECT * FROM `ot_ppdd` WHERE `p_user` = 'admin@qq.com' ORDER BY id DESC LIMIT 0,100   [ RunTime:0.0005s ]
SQL: SELECT COUNT(*) AS tp_count FROM `ot_ppdd` WHERE `g_user` = 'admin@qq.com' LIMIT 1   [ RunTime:0.0003s ]
SQL: SELECT * FROM `ot_ppdd` WHERE `g_user` = 'admin@qq.com' ORDER BY id DESC LIMIT 0,100   [ RunTime:0.0004s ]
INFO: [ view_parse ] --START--
INFO: [ template_filter ] --START--
INFO: Run Behavior\ContentReplaceBehavior [ RunTime:0.000995s ]
INFO: [ template_filter ] --END-- [ RunTime:0.001159s ]
NOTIC: [8] Undefined variable: home /Library/WebServer/Documents/User/Runtime/Cache/Home/9b888f9a05177cc78c87c9cd7e37319c.php 第 758 行.
NOTIC: [8] Undefined variable: news /Library/WebServer/Documents/User/Runtime/Cache/Home/9b888f9a05177cc78c87c9cd7e37319c.php 第 761 行.
NOTIC: [8] Undefined variable: she_list /Library/WebServer/Documents/User/Runtime/Cache/Home/9b888f9a05177cc78c87c9cd7e37319c.php 第 765 行.
NOTIC: [8] Undefined variable: de_list /Library/WebServer/Documents/User/Runtime/Cache/Home/9b888f9a05177cc78c87c9cd7e37319c.php 第 769 行.
NOTIC: [8] Undefined variable: reg /Library/WebServer/Documents/User/Runtime/Cache/Home/9b888f9a05177cc78c87c9cd7e37319c.php 第 773 行.
NOTIC: [8] Undefined variable: profile /Library/WebServer/Documents/User/Runtime/Cache/Home/9b888f9a05177cc78c87c9cd7e37319c.php 第 777 行.
NOTIC: [8] Undefined variable: manage /Library/WebServer/Documents/User/Runtime/Cache/Home/9b888f9a05177cc78c87c9cd7e37319c.php 第 780 行.
NOTIC: [8] Undefined variable: cwmx /Library/WebServer/Documents/User/Runtime/Cache/Home/9b888f9a05177cc78c87c9cd7e37319c.php 第 788 行.
NOTIC: [8] Undefined variable: detail /Library/WebServer/Documents/User/Runtime/Cache/Home/9b888f9a05177cc78c87c9cd7e37319c.php 第 793 行.
SQL: SELECT * FROM `ot_user` WHERE `UE_account` = 'a1@qq.com' LIMIT 1   [ RunTime:0.0005s ]
SQL: SELECT * FROM `ot_user` WHERE `UE_account` = 'a1@qq.com' LIMIT 1   [ RunTime:0.0005s ]
SQL: SELECT * FROM `ot_user` WHERE `UE_account` = 'admin@qq.com' LIMIT 1   [ RunTime:0.0004s ]
SQL: SELECT * FROM `ot_user` WHERE `UE_account` = 'a3@qq.com' LIMIT 1   [ RunTime:0.0004s ]
SQL: SELECT * FROM `ot_user` WHERE `UE_account` = 'admin@qq.com' LIMIT 1   [ RunTime:0.0004s ]
SQL: SELECT * FROM `ot_user` WHERE `UE_account` = 'a1@qq.com' LIMIT 1   [ RunTime:0.0004s ]
SQL: SELECT * FROM `ot_user` WHERE `UE_account` = 'admin@qq.com' LIMIT 1   [ RunTime:0.0004s ]
SQL: SELECT * FROM `ot_user` WHERE `UE_account` = 'a2@qq.com' LIMIT 1   [ RunTime:0.0004s ]
SQL: SELECT * FROM `ot_user` WHERE `UE_account` = 'admin@qq.com' LIMIT 1   [ RunTime:0.0004s ]
SQL: SELECT * FROM `ot_user` WHERE `UE_account` = 'a1@qq.com' LIMIT 1   [ RunTime:0.0004s ]
SQL: SELECT * FROM `ot_user` WHERE `UE_account` = 'admin@qq.com' LIMIT 1   [ RunTime:0.0005s ]
SQL: SELECT * FROM `ot_user` WHERE `UE_account` = 'a1@qq.com' LIMIT 1   [ RunTime:0.0005s ]
SQL: SELECT * FROM `ot_user` WHERE `UE_account` = 'admin@qq.com' LIMIT 1   [ RunTime:0.0004s ]
NOTIC: [8] Undefined variable: b /Library/WebServer/Documents/User/Runtime/Cache/Home/9b888f9a05177cc78c87c9cd7e37319c.php 第 1360 行.
NOTIC: [8] Undefined variable: b /Library/WebServer/Documents/User/Runtime/Cache/Home/9b888f9a05177cc78c87c9cd7e37319c.php 第 1360 行.
NOTIC: [8] Undefined variable: b /Library/WebServer/Documents/User/Runtime/Cache/Home/9b888f9a05177cc78c87c9cd7e37319c.php 第 1360 行.
NOTIC: [8] Undefined variable: b /Library/WebServer/Documents/User/Runtime/Cache/Home/9b888f9a05177cc78c87c9cd7e37319c.php 第 1360 行.
NOTIC: [8] Undefined variable: b /Library/WebServer/Documents/User/Runtime/Cache/Home/9b888f9a05177cc78c87c9cd7e37319c.php 第 1360 行.
NOTIC: [8] Undefined variable: b /Library/WebServer/Documents/User/Runtime/Cache/Home/9b888f9a05177cc78c87c9cd7e37319c.php 第 1360 行.
NOTIC: [8] Undefined variable: b /Library/WebServer/Documents/User/Runtime/Cache/Home/9b888f9a05177cc78c87c9cd7e37319c.php 第 1360 行.
NOTIC: [8] Undefined variable: b /Library/WebServer/Documents/User/Runtime/Cache/Home/9b888f9a05177cc78c87c9cd7e37319c.php 第 1360 行.
INFO: Run Behavior\ParseTemplateBehavior [ RunTime:0.094465s ]
INFO: [ view_parse ] --END-- [ RunTime:0.094605s ]
INFO: [ view_filter ] --START--
INFO: Run Behavior\WriteHtmlCacheBehavior [ RunTime:0.000776s ]
INFO: [ view_filter ] --END-- [ RunTime:0.000914s ]
INFO: [ app_end ] --START--
INFO: Run Behavior\ShowPageTraceBehavior [ RunTime:0.001237s ]
INFO: [ app_end ] --END-- [ RunTime:0.001459s ]

[ 2016-04-12T13:31:17+08:00 ] ::1 /Home/Index/google.h.c
INFO: [ app_init ] --START--
INFO: Run Behavior\BuildLiteBehavior [ RunTime:0.000040s ]
INFO: [ app_init ] --END-- [ RunTime:0.004086s ]
INFO: [ app_begin ] --START--
INFO: Run Behavior\ReadHtmlCacheBehavior [ RunTime:0.000393s ]
INFO: [ app_begin ] --END-- [ RunTime:0.000492s ]
SQL: SHOW COLUMNS FROM `ot_system` [ RunTime:0.0008s ]
SQL: SELECT * FROM `ot_system` WHERE `SYS_ID` = 1 LIMIT 1   [ RunTime:0.0004s ]
SQL: SHOW COLUMNS FROM `ot_pin` [ RunTime:0.0004s ]
SQL: SELECT COUNT(*) AS tp_count FROM `ot_pin` WHERE `user` = 'admin@qq.com' AND `zt` = 0 LIMIT 1   [ RunTime:0.0003s ]
SQL: SHOW COLUMNS FROM `ot_user` [ RunTime:0.0012s ]
SQL: SELECT * FROM `ot_user` WHERE `UE_account` = 'admin@qq.com' LIMIT 1   [ RunTime:0.0005s ]
SQL: UPDATE `ot_user` SET `levelname`='G4' WHERE `UE_account` = 'admin@qq.com' [ RunTime:0.0003s ]
SQL: SELECT * FROM `ot_user` WHERE `UE_ID` = 1 LIMIT 1   [ RunTime:0.0003s ]
ERR: 非法操作:google.h.c

[ 2016-04-12T13:31:17+08:00 ] ::1 /Home/Index/google.h.h
INFO: [ app_init ] --START--
INFO: Run Behavior\BuildLiteBehavior [ RunTime:0.000053s ]
INFO: [ app_init ] --END-- [ RunTime:0.000662s ]
INFO: [ app_begin ] --START--
INFO: Run Behavior\ReadHtmlCacheBehavior [ RunTime:0.000719s ]
INFO: [ app_begin ] --END-- [ RunTime:0.000912s ]
SQL: SHOW COLUMNS FROM `ot_system` [ RunTime:0.0012s ]
SQL: SELECT * FROM `ot_system` WHERE `SYS_ID` = 1 LIMIT 1   [ RunTime:0.0007s ]
SQL: SHOW COLUMNS FROM `ot_pin` [ RunTime:0.0008s ]
SQL: SELECT COUNT(*) AS tp_count FROM `ot_pin` WHERE `user` = 'admin@qq.com' AND `zt` = 0 LIMIT 1   [ RunTime:0.0004s ]
SQL: SHOW COLUMNS FROM `ot_user` [ RunTime:0.0009s ]
SQL: SELECT * FROM `ot_user` WHERE `UE_account` = 'admin@qq.com' LIMIT 1   [ RunTime:0.0005s ]
SQL: UPDATE `ot_user` SET `levelname`='G4' WHERE `UE_account` = 'admin@qq.com' [ RunTime:0.0003s ]
SQL: SELECT * FROM `ot_user` WHERE `UE_ID` = 1 LIMIT 1   [ RunTime:0.0004s ]
ERR: 非法操作:google.h.h

[ 2016-04-12T13:31:17+08:00 ] ::1 /Home/Index/google.js.js
INFO: [ app_init ] --START--
INFO: Run Behavior\BuildLiteBehavior [ RunTime:0.000044s ]
INFO: [ app_init ] --END-- [ RunTime:0.000514s ]
INFO: [ app_begin ] --START--
INFO: Run Behavior\ReadHtmlCacheBehavior [ RunTime:0.000980s ]
INFO: [ app_begin ] --END-- [ RunTime:0.001285s ]
SQL: SHOW COLUMNS FROM `ot_system` [ RunTime:0.0017s ]
SQL: SELECT * FROM `ot_system` WHERE `SYS_ID` = 1 LIMIT 1   [ RunTime:0.0006s ]
SQL: SHOW COLUMNS FROM `ot_pin` [ RunTime:0.0006s ]
SQL: SELECT COUNT(*) AS tp_count FROM `ot_pin` WHERE `user` = 'admin@qq.com' AND `zt` = 0 LIMIT 1   [ RunTime:0.0004s ]
SQL: SHOW COLUMNS FROM `ot_user` [ RunTime:0.0016s ]
SQL: SELECT * FROM `ot_user` WHERE `UE_account` = 'admin@qq.com' LIMIT 1   [ RunTime:0.0006s ]
SQL: UPDATE `ot_user` SET `levelname`='G4' WHERE `UE_account` = 'admin@qq.com' [ RunTime:0.0003s ]
SQL: SELECT * FROM `ot_user` WHERE `UE_ID` = 1 LIMIT 1   [ RunTime:0.0004s ]
ERR: 非法操作:google.js.js

[ 2016-04-12T13:31:22+08:00 ] ::1 /Home/Reg/logout.html
INFO: [ app_init ] --START--
INFO: Run Behavior\BuildLiteBehavior [ RunTime:0.000048s ]
INFO: [ app_init ] --END-- [ RunTime:0.000675s ]
INFO: [ app_begin ] --START--
INFO: Run Behavior\ReadHtmlCacheBehavior [ RunTime:0.000532s ]
INFO: [ app_begin ] --END-- [ RunTime:0.000664s ]

[ 2016-04-12T13:31:22+08:00 ] ::1 /Home/Login/index.html
INFO: [ app_init ] --START--
INFO: Run Behavior\BuildLiteBehavior [ RunTime:0.000031s ]
INFO: [ app_init ] --END-- [ RunTime:0.000434s ]
INFO: [ app_begin ] --START--
INFO: Run Behavior\ReadHtmlCacheBehavior [ RunTime:0.000386s ]
INFO: [ app_begin ] --END-- [ RunTime:0.000485s ]
INFO: [ view_parse ] --START--
INFO: [ template_filter ] --START--
INFO: Run Behavior\ContentReplaceBehavior [ RunTime:0.000208s ]
INFO: [ template_filter ] --END-- [ RunTime:0.000420s ]
INFO: Run Behavior\ParseTemplateBehavior [ RunTime:0.014021s ]
INFO: [ view_parse ] --END-- [ RunTime:0.014168s ]
INFO: [ view_filter ] --START--
INFO: Run Behavior\WriteHtmlCacheBehavior [ RunTime:0.000209s ]
INFO: [ view_filter ] --END-- [ RunTime:0.000290s ]
INFO: [ app_end ] --START--
INFO: Run Behavior\ShowPageTraceBehavior [ RunTime:0.000892s ]
INFO: [ app_end ] --END-- [ RunTime:0.001098s ]

[ 2016-04-12T13:31:22+08:00 ] ::1 /Home/Login/google.h.c
INFO: [ app_init ] --START--
INFO: Run Behavior\BuildLiteBehavior [ RunTime:0.000022s ]
INFO: [ app_init ] --END-- [ RunTime:0.000324s ]
INFO: [ app_begin ] --START--
INFO: Run Behavior\ReadHtmlCacheBehavior [ RunTime:0.000421s ]
INFO: [ app_begin ] --END-- [ RunTime:0.000514s ]
ERR: 非法操作:google.h.c

[ 2016-04-12T13:31:25+08:00 ] ::1 /Home/Reg/index.html
INFO: [ app_init ] --START--
INFO: Run Behavior\BuildLiteBehavior [ RunTime:0.000024s ]
INFO: [ app_init ] --END-- [ RunTime:0.000444s ]
INFO: [ app_begin ] --START--
INFO: Run Behavior\ReadHtmlCacheBehavior [ RunTime:0.000339s ]
INFO: [ app_begin ] --END-- [ RunTime:0.000425s ]
INFO: [ view_parse ] --START--
INFO: [ template_filter ] --START--
INFO: Run Behavior\ContentReplaceBehavior [ RunTime:0.000143s ]
INFO: [ template_filter ] --END-- [ RunTime:0.000263s ]
INFO: Run Behavior\ParseTemplateBehavior [ RunTime:0.016230s ]
INFO: [ view_parse ] --END-- [ RunTime:0.016336s ]
INFO: [ view_filter ] --START--
INFO: Run Behavior\WriteHtmlCacheBehavior [ RunTime:0.000206s ]
INFO: [ view_filter ] --END-- [ RunTime:0.000314s ]
INFO: [ app_end ] --START--
INFO: Run Behavior\ShowPageTraceBehavior [ RunTime:0.000712s ]
INFO: [ app_end ] --END-- [ RunTime:0.000909s ]

