[ 2016-03-08T00:21:26+08:00 ] 216.145.11.94 /
INFO: [ app_init ] --START--
INFO: Run Behavior\BuildLiteBehavior [ RunTime:0.000039s ]
INFO: [ app_init ] --END-- [ RunTime:0.001017s ]
INFO: [ app_begin ] --START--
INFO: Run Behavior\ReadHtmlCacheBehavior [ RunTime:0.000935s ]
INFO: [ app_begin ] --END-- [ RunTime:0.001045s ]
SQL: SHOW COLUMNS FROM `ot_system` [ RunTime:0.0049s ]
SQL: SELECT * FROM `ot_system` WHERE `SYS_ID` = 1 LIMIT 1   [ RunTime:0.0010s ]
NOTIC: [8] Undefined index: uname /phpstudy/www/www.longchengxin.net/User/Home/Controller/CommonController.class.php 第 54 行.
SQL: SHOW COLUMNS FROM `ot_pin` [ RunTime:0.0014s ]
NOTIC: [8] Undefined index: uname /phpstudy/www/www.longchengxin.net/User/Home/Controller/CommonController.class.php 第 58 行.
SQL: SELECT COUNT(*) AS tp_count FROM `ot_pin` WHERE `user` = null AND `zt` = 0 LIMIT 1   [ RunTime:0.0004s ]
NOTIC: [8] Undefined index: uname /phpstudy/www/www.longchengxin.net/User/Home/Controller/CommonController.class.php 第 90 行.
SQL: SHOW COLUMNS FROM `ot_user` [ RunTime:0.0035s ]
SQL: SELECT * FROM `ot_user` WHERE `UE_account` = null LIMIT 1   [ RunTime:0.0007s ]
SQL: UPDATE `ot_user` SET `levelname`='普通会员' WHERE `UE_account` = null [ RunTime:0.0003s ]
NOTIC: [8] Undefined index: uid /phpstudy/www/www.longchengxin.net/User/Home/Controller/CommonController.class.php 第 95 行.
SQL: SELECT * FROM `ot_user` WHERE `UE_ID` = null LIMIT 1   [ RunTime:0.0004s ]

[ 2016-03-08T00:21:27+08:00 ] 216.145.11.94 /Home/Index/home.html
INFO: [ app_init ] --START--
INFO: Run Behavior\BuildLiteBehavior [ RunTime:0.000038s ]
INFO: [ app_init ] --END-- [ RunTime:0.000525s ]
INFO: [ app_begin ] --START--
INFO: Run Behavior\ReadHtmlCacheBehavior [ RunTime:0.001035s ]
INFO: [ app_begin ] --END-- [ RunTime:0.001261s ]
SQL: SHOW COLUMNS FROM `ot_system` [ RunTime:0.0034s ]
SQL: SELECT * FROM `ot_system` WHERE `SYS_ID` = 1 LIMIT 1   [ RunTime:0.0006s ]
NOTIC: [8] Undefined index: uname /phpstudy/www/www.longchengxin.net/User/Home/Controller/CommonController.class.php 第 54 行.
SQL: SHOW COLUMNS FROM `ot_pin` [ RunTime:0.0012s ]
NOTIC: [8] Undefined index: uname /phpstudy/www/www.longchengxin.net/User/Home/Controller/CommonController.class.php 第 58 行.
SQL: SELECT COUNT(*) AS tp_count FROM `ot_pin` WHERE `user` = null AND `zt` = 0 LIMIT 1   [ RunTime:0.0005s ]

[ 2016-03-08T00:21:27+08:00 ] 216.145.11.94 /Home/Login/index.html
INFO: [ app_init ] --START--
INFO: Run Behavior\BuildLiteBehavior [ RunTime:0.000038s ]
INFO: [ app_init ] --END-- [ RunTime:0.001243s ]
INFO: [ app_begin ] --START--
INFO: Run Behavior\ReadHtmlCacheBehavior [ RunTime:0.001282s ]
INFO: [ app_begin ] --END-- [ RunTime:0.001535s ]
INFO: [ view_parse ] --START--
INFO: [ template_filter ] --START--
INFO: Run Behavior\ContentReplaceBehavior [ RunTime:0.000157s ]
INFO: [ template_filter ] --END-- [ RunTime:0.000347s ]
INFO: Run Behavior\ParseTemplateBehavior [ RunTime:0.027845s ]
INFO: [ view_parse ] --END-- [ RunTime:0.027940s ]
INFO: [ view_filter ] --START--
INFO: Run Behavior\WriteHtmlCacheBehavior [ RunTime:0.000363s ]
INFO: [ view_filter ] --END-- [ RunTime:0.000531s ]
INFO: [ app_end ] --START--
INFO: Run Behavior\ShowPageTraceBehavior [ RunTime:0.005737s ]
INFO: [ app_end ] --END-- [ RunTime:0.005862s ]

[ 2016-03-08T02:21:21+08:00 ] 123.125.71.92 /
INFO: [ app_init ] --START--
INFO: Run Behavior\BuildLiteBehavior [ RunTime:0.000048s ]
INFO: [ app_init ] --END-- [ RunTime:0.001068s ]
INFO: [ app_begin ] --START--
INFO: Run Behavior\ReadHtmlCacheBehavior [ RunTime:0.001464s ]
INFO: [ app_begin ] --END-- [ RunTime:0.001701s ]
SQL: SHOW COLUMNS FROM `ot_system` [ RunTime:0.0041s ]
SQL: SELECT * FROM `ot_system` WHERE `SYS_ID` = 1 LIMIT 1   [ RunTime:0.0010s ]
NOTIC: [8] Undefined index: uname /phpstudy/www/www.longchengxin.net/User/Home/Controller/CommonController.class.php 第 54 行.
SQL: SHOW COLUMNS FROM `ot_pin` [ RunTime:0.0019s ]
NOTIC: [8] Undefined index: uname /phpstudy/www/www.longchengxin.net/User/Home/Controller/CommonController.class.php 第 58 行.
SQL: SELECT COUNT(*) AS tp_count FROM `ot_pin` WHERE `user` = null AND `zt` = 0 LIMIT 1   [ RunTime:0.0006s ]
NOTIC: [8] Undefined index: uname /phpstudy/www/www.longchengxin.net/User/Home/Controller/CommonController.class.php 第 90 行.
SQL: SHOW COLUMNS FROM `ot_user` [ RunTime:0.0100s ]
SQL: SELECT * FROM `ot_user` WHERE `UE_account` = null LIMIT 1   [ RunTime:0.0009s ]
SQL: UPDATE `ot_user` SET `levelname`='普通会员' WHERE `UE_account` = null [ RunTime:0.0003s ]
NOTIC: [8] Undefined index: uid /phpstudy/www/www.longchengxin.net/User/Home/Controller/CommonController.class.php 第 95 行.
SQL: SELECT * FROM `ot_user` WHERE `UE_ID` = null LIMIT 1   [ RunTime:0.0005s ]

[ 2016-03-08T02:21:22+08:00 ] 123.125.71.78 /Home/Index/home.html
INFO: [ app_init ] --START--
INFO: Run Behavior\BuildLiteBehavior [ RunTime:0.000088s ]
INFO: [ app_init ] --END-- [ RunTime:0.006200s ]
INFO: [ app_begin ] --START--
INFO: Run Behavior\ReadHtmlCacheBehavior [ RunTime:0.007430s ]
INFO: [ app_begin ] --END-- [ RunTime:0.007632s ]
SQL: SHOW COLUMNS FROM `ot_system` [ RunTime:0.0104s ]
SQL: SELECT * FROM `ot_system` WHERE `SYS_ID` = 1 LIMIT 1   [ RunTime:0.0017s ]
NOTIC: [8] Undefined index: uname /phpstudy/www/www.longchengxin.net/User/Home/Controller/CommonController.class.php 第 54 行.
SQL: SHOW COLUMNS FROM `ot_pin` [ RunTime:0.0018s ]
NOTIC: [8] Undefined index: uname /phpstudy/www/www.longchengxin.net/User/Home/Controller/CommonController.class.php 第 58 行.
SQL: SELECT COUNT(*) AS tp_count FROM `ot_pin` WHERE `user` = null AND `zt` = 0 LIMIT 1   [ RunTime:0.0012s ]

[ 2016-03-08T02:21:22+08:00 ] 123.125.71.117 /Home/Login/index.html
INFO: [ app_init ] --START--
INFO: Run Behavior\BuildLiteBehavior [ RunTime:0.000116s ]
INFO: [ app_init ] --END-- [ RunTime:0.006329s ]
INFO: [ app_begin ] --START--
INFO: Run Behavior\ReadHtmlCacheBehavior [ RunTime:0.001112s ]
INFO: [ app_begin ] --END-- [ RunTime:0.004826s ]
INFO: [ view_parse ] --START--
INFO: [ template_filter ] --START--
INFO: Run Behavior\ContentReplaceBehavior [ RunTime:0.000258s ]
INFO: [ template_filter ] --END-- [ RunTime:0.000493s ]
INFO: Run Behavior\ParseTemplateBehavior [ RunTime:0.037603s ]
INFO: [ view_parse ] --END-- [ RunTime:0.037743s ]
INFO: [ view_filter ] --START--
INFO: Run Behavior\WriteHtmlCacheBehavior [ RunTime:0.000674s ]
INFO: [ view_filter ] --END-- [ RunTime:0.001340s ]
INFO: [ app_end ] --START--
INFO: Run Behavior\ShowPageTraceBehavior [ RunTime:0.006671s ]
INFO: [ app_end ] --END-- [ RunTime:0.007202s ]

[ 2016-03-08T02:26:42+08:00 ] 220.181.108.147 /
INFO: [ app_init ] --START--
INFO: Run Behavior\BuildLiteBehavior [ RunTime:0.000059s ]
INFO: [ app_init ] --END-- [ RunTime:0.001063s ]
INFO: [ app_begin ] --START--
INFO: Run Behavior\ReadHtmlCacheBehavior [ RunTime:0.001029s ]
INFO: [ app_begin ] --END-- [ RunTime:0.001194s ]
SQL: SHOW COLUMNS FROM `ot_system` [ RunTime:0.0027s ]
SQL: SELECT * FROM `ot_system` WHERE `SYS_ID` = 1 LIMIT 1   [ RunTime:0.0010s ]
NOTIC: [8] Undefined index: uname /phpstudy/www/www.longchengxin.net/User/Home/Controller/CommonController.class.php 第 54 行.
SQL: SHOW COLUMNS FROM `ot_pin` [ RunTime:0.0013s ]
NOTIC: [8] Undefined index: uname /phpstudy/www/www.longchengxin.net/User/Home/Controller/CommonController.class.php 第 58 行.
SQL: SELECT COUNT(*) AS tp_count FROM `ot_pin` WHERE `user` = null AND `zt` = 0 LIMIT 1   [ RunTime:0.0005s ]
NOTIC: [8] Undefined index: uname /phpstudy/www/www.longchengxin.net/User/Home/Controller/CommonController.class.php 第 90 行.
SQL: SHOW COLUMNS FROM `ot_user` [ RunTime:0.0142s ]
SQL: SELECT * FROM `ot_user` WHERE `UE_account` = null LIMIT 1   [ RunTime:0.0027s ]
SQL: UPDATE `ot_user` SET `levelname`='普通会员' WHERE `UE_account` = null [ RunTime:0.0003s ]
NOTIC: [8] Undefined index: uid /phpstudy/www/www.longchengxin.net/User/Home/Controller/CommonController.class.php 第 95 行.
SQL: SELECT * FROM `ot_user` WHERE `UE_ID` = null LIMIT 1   [ RunTime:0.0005s ]

[ 2016-03-08T02:26:56+08:00 ] 220.181.108.154 /Home/Index/home.html
INFO: [ app_init ] --START--
INFO: Run Behavior\BuildLiteBehavior [ RunTime:0.000047s ]
INFO: [ app_init ] --END-- [ RunTime:0.000795s ]
INFO: [ app_begin ] --START--
INFO: Run Behavior\ReadHtmlCacheBehavior [ RunTime:0.001805s ]
INFO: [ app_begin ] --END-- [ RunTime:0.002138s ]
SQL: SHOW COLUMNS FROM `ot_system` [ RunTime:0.0021s ]
SQL: SELECT * FROM `ot_system` WHERE `SYS_ID` = 1 LIMIT 1   [ RunTime:0.0005s ]
NOTIC: [8] Undefined index: uname /phpstudy/www/www.longchengxin.net/User/Home/Controller/CommonController.class.php 第 54 行.
SQL: SHOW COLUMNS FROM `ot_pin` [ RunTime:0.0012s ]
NOTIC: [8] Undefined index: uname /phpstudy/www/www.longchengxin.net/User/Home/Controller/CommonController.class.php 第 58 行.
SQL: SELECT COUNT(*) AS tp_count FROM `ot_pin` WHERE `user` = null AND `zt` = 0 LIMIT 1   [ RunTime:0.0005s ]

[ 2016-03-08T02:27:07+08:00 ] 220.181.108.180 /Home/Login/index.html
INFO: [ app_init ] --START--
INFO: Run Behavior\BuildLiteBehavior [ RunTime:0.000047s ]
INFO: [ app_init ] --END-- [ RunTime:0.001381s ]
INFO: [ app_begin ] --START--
INFO: Run Behavior\ReadHtmlCacheBehavior [ RunTime:0.001579s ]
INFO: [ app_begin ] --END-- [ RunTime:0.001836s ]
INFO: [ view_parse ] --START--
INFO: [ template_filter ] --START--
INFO: Run Behavior\ContentReplaceBehavior [ RunTime:0.000125s ]
INFO: [ template_filter ] --END-- [ RunTime:0.000292s ]
INFO: Run Behavior\ParseTemplateBehavior [ RunTime:0.047324s ]
INFO: [ view_parse ] --END-- [ RunTime:0.047436s ]
INFO: [ view_filter ] --START--
INFO: Run Behavior\WriteHtmlCacheBehavior [ RunTime:0.000317s ]
INFO: [ view_filter ] --END-- [ RunTime:0.000412s ]
INFO: [ app_end ] --START--
INFO: Run Behavior\ShowPageTraceBehavior [ RunTime:0.001119s ]
INFO: [ app_end ] --END-- [ RunTime:0.001270s ]

[ 2016-03-08T04:49:51+08:00 ] 66.249.71.102 /
INFO: [ app_init ] --START--
INFO: Run Behavior\BuildLiteBehavior [ RunTime:0.000043s ]
INFO: [ app_init ] --END-- [ RunTime:0.001285s ]
INFO: [ app_begin ] --START--
INFO: Run Behavior\ReadHtmlCacheBehavior [ RunTime:0.001331s ]
INFO: [ app_begin ] --END-- [ RunTime:0.001521s ]
SQL: SHOW COLUMNS FROM `ot_system` [ RunTime:0.0050s ]
SQL: SELECT * FROM `ot_system` WHERE `SYS_ID` = 1 LIMIT 1   [ RunTime:0.0009s ]
NOTIC: [8] Undefined index: uname /phpstudy/www/www.longchengxin.net/User/Home/Controller/CommonController.class.php 第 54 行.
SQL: SHOW COLUMNS FROM `ot_pin` [ RunTime:0.0013s ]
NOTIC: [8] Undefined index: uname /phpstudy/www/www.longchengxin.net/User/Home/Controller/CommonController.class.php 第 58 行.
SQL: SELECT COUNT(*) AS tp_count FROM `ot_pin` WHERE `user` = null AND `zt` = 0 LIMIT 1   [ RunTime:0.0006s ]
NOTIC: [8] Undefined index: uname /phpstudy/www/www.longchengxin.net/User/Home/Controller/CommonController.class.php 第 90 行.
SQL: SHOW COLUMNS FROM `ot_user` [ RunTime:0.0048s ]
SQL: SELECT * FROM `ot_user` WHERE `UE_account` = null LIMIT 1   [ RunTime:0.0058s ]
SQL: UPDATE `ot_user` SET `levelname`='普通会员' WHERE `UE_account` = null [ RunTime:0.0003s ]
NOTIC: [8] Undefined index: uid /phpstudy/www/www.longchengxin.net/User/Home/Controller/CommonController.class.php 第 95 行.
SQL: SELECT * FROM `ot_user` WHERE `UE_ID` = null LIMIT 1   [ RunTime:0.0005s ]

[ 2016-03-08T04:49:52+08:00 ] 66.249.71.94 /Home/Index/home.html
INFO: [ app_init ] --START--
INFO: Run Behavior\BuildLiteBehavior [ RunTime:0.000037s ]
INFO: [ app_init ] --END-- [ RunTime:0.005890s ]
INFO: [ app_begin ] --START--
INFO: Run Behavior\ReadHtmlCacheBehavior [ RunTime:0.000960s ]
INFO: [ app_begin ] --END-- [ RunTime:0.001115s ]
SQL: SHOW COLUMNS FROM `ot_system` [ RunTime:0.0033s ]
SQL: SELECT * FROM `ot_system` WHERE `SYS_ID` = 1 LIMIT 1   [ RunTime:0.0007s ]
NOTIC: [8] Undefined index: uname /phpstudy/www/www.longchengxin.net/User/Home/Controller/CommonController.class.php 第 54 行.
SQL: SHOW COLUMNS FROM `ot_pin` [ RunTime:0.0011s ]
NOTIC: [8] Undefined index: uname /phpstudy/www/www.longchengxin.net/User/Home/Controller/CommonController.class.php 第 58 行.
SQL: SELECT COUNT(*) AS tp_count FROM `ot_pin` WHERE `user` = null AND `zt` = 0 LIMIT 1   [ RunTime:0.0054s ]

[ 2016-03-08T04:49:52+08:00 ] 66.249.71.94 /Home/Login/index.html
INFO: [ app_init ] --START--
INFO: Run Behavior\BuildLiteBehavior [ RunTime:0.000118s ]
INFO: [ app_init ] --END-- [ RunTime:0.001390s ]
INFO: [ app_begin ] --START--
INFO: Run Behavior\ReadHtmlCacheBehavior [ RunTime:0.000990s ]
INFO: [ app_begin ] --END-- [ RunTime:0.001149s ]
INFO: [ view_parse ] --START--
INFO: [ template_filter ] --START--
INFO: Run Behavior\ContentReplaceBehavior [ RunTime:0.000177s ]
INFO: [ template_filter ] --END-- [ RunTime:0.000384s ]
INFO: Run Behavior\ParseTemplateBehavior [ RunTime:0.039629s ]
INFO: [ view_parse ] --END-- [ RunTime:0.039768s ]
INFO: [ view_filter ] --START--
INFO: Run Behavior\WriteHtmlCacheBehavior [ RunTime:0.000444s ]
INFO: [ view_filter ] --END-- [ RunTime:0.000559s ]
INFO: [ app_end ] --START--
INFO: Run Behavior\ShowPageTraceBehavior [ RunTime:0.001157s ]
INFO: [ app_end ] --END-- [ RunTime:0.001287s ]

[ 2016-03-08T04:53:23+08:00 ] 66.249.71.86 /Home/Login/english.html
INFO: [ app_init ] --START--
INFO: Run Behavior\BuildLiteBehavior [ RunTime:0.000037s ]
INFO: [ app_init ] --END-- [ RunTime:0.001019s ]
INFO: [ app_begin ] --START--
INFO: Run Behavior\ReadHtmlCacheBehavior [ RunTime:0.001100s ]
INFO: [ app_begin ] --END-- [ RunTime:0.001682s ]
INFO: [ view_parse ] --START--
INFO: [ template_filter ] --START--
INFO: Run Behavior\ContentReplaceBehavior [ RunTime:0.000132s ]
INFO: [ template_filter ] --END-- [ RunTime:0.000276s ]
INFO: Run Behavior\ParseTemplateBehavior [ RunTime:0.056115s ]
INFO: [ view_parse ] --END-- [ RunTime:0.056328s ]
INFO: [ view_filter ] --START--
INFO: Run Behavior\WriteHtmlCacheBehavior [ RunTime:0.000501s ]
INFO: [ view_filter ] --END-- [ RunTime:0.000782s ]
INFO: [ app_end ] --START--
INFO: Run Behavior\ShowPageTraceBehavior [ RunTime:0.001627s ]
INFO: [ app_end ] --END-- [ RunTime:0.001786s ]

[ 2016-03-08T04:54:26+08:00 ] 66.249.71.86 /Home/Reg/index.html
INFO: [ app_init ] --START--
INFO: Run Behavior\BuildLiteBehavior [ RunTime:0.000035s ]
INFO: [ app_init ] --END-- [ RunTime:0.000726s ]
INFO: [ app_begin ] --START--
INFO: Run Behavior\ReadHtmlCacheBehavior [ RunTime:0.000927s ]
INFO: [ app_begin ] --END-- [ RunTime:0.001072s ]
INFO: [ view_parse ] --START--
INFO: [ template_filter ] --START--
INFO: Run Behavior\ContentReplaceBehavior [ RunTime:0.000269s ]
INFO: [ template_filter ] --END-- [ RunTime:0.000481s ]
INFO: Run Behavior\ParseTemplateBehavior [ RunTime:0.090702s ]
INFO: [ view_parse ] --END-- [ RunTime:0.090943s ]
INFO: [ view_filter ] --START--
INFO: Run Behavior\WriteHtmlCacheBehavior [ RunTime:0.000462s ]
INFO: [ view_filter ] --END-- [ RunTime:0.000595s ]
INFO: [ app_end ] --START--
INFO: Run Behavior\ShowPageTraceBehavior [ RunTime:0.001292s ]
INFO: [ app_end ] --END-- [ RunTime:0.001440s ]

[ 2016-03-08T04:55:24+08:00 ] 66.249.71.94 /Home/Reg/forgot.html
INFO: [ app_init ] --START--
INFO: Run Behavior\BuildLiteBehavior [ RunTime:0.000048s ]
INFO: [ app_init ] --END-- [ RunTime:0.000801s ]
INFO: [ app_begin ] --START--
INFO: Run Behavior\ReadHtmlCacheBehavior [ RunTime:0.001311s ]
INFO: [ app_begin ] --END-- [ RunTime:0.001468s ]
INFO: [ view_parse ] --START--
INFO: [ template_filter ] --START--
INFO: Run Behavior\ContentReplaceBehavior [ RunTime:0.006103s ]
INFO: [ template_filter ] --END-- [ RunTime:0.007962s ]
INFO: Run Behavior\ParseTemplateBehavior [ RunTime:0.071480s ]
INFO: [ view_parse ] --END-- [ RunTime:0.071608s ]
INFO: [ view_filter ] --START--
INFO: Run Behavior\WriteHtmlCacheBehavior [ RunTime:0.000340s ]
INFO: [ view_filter ] --END-- [ RunTime:0.000446s ]
INFO: [ app_end ] --START--
INFO: Run Behavior\ShowPageTraceBehavior [ RunTime:0.001266s ]
INFO: [ app_end ] --END-- [ RunTime:0.002044s ]

[ 2016-03-08T04:56:27+08:00 ] 66.249.74.88 /Home/Login/index.html
INFO: [ app_init ] --START--
INFO: Run Behavior\BuildLiteBehavior [ RunTime:0.000038s ]
INFO: [ app_init ] --END-- [ RunTime:0.005838s ]
INFO: [ app_begin ] --START--
INFO: Run Behavior\ReadHtmlCacheBehavior [ RunTime:0.001434s ]
INFO: [ app_begin ] --END-- [ RunTime:0.001603s ]
INFO: [ view_parse ] --START--
INFO: [ template_filter ] --START--
INFO: Run Behavior\ContentReplaceBehavior [ RunTime:0.000194s ]
INFO: [ template_filter ] --END-- [ RunTime:0.000703s ]
INFO: Run Behavior\ParseTemplateBehavior [ RunTime:0.040167s ]
INFO: [ view_parse ] --END-- [ RunTime:0.040328s ]
INFO: [ view_filter ] --START--
INFO: Run Behavior\WriteHtmlCacheBehavior [ RunTime:0.000587s ]
INFO: [ view_filter ] --END-- [ RunTime:0.000718s ]
INFO: [ app_end ] --START--
INFO: Run Behavior\ShowPageTraceBehavior [ RunTime:0.001379s ]
INFO: [ app_end ] --END-- [ RunTime:0.001554s ]

[ 2016-03-08T04:57:38+08:00 ] 66.249.71.86 /Home/Login/logincl.html
INFO: [ app_init ] --START--
INFO: Run Behavior\BuildLiteBehavior [ RunTime:0.000054s ]
INFO: [ app_init ] --END-- [ RunTime:0.006597s ]
INFO: [ app_begin ] --START--
INFO: Run Behavior\ReadHtmlCacheBehavior [ RunTime:0.001141s ]
INFO: [ app_begin ] --END-- [ RunTime:0.001317s ]
INFO: [ app_end ] --START--
INFO: Run Behavior\ShowPageTraceBehavior [ RunTime:0.001094s ]
INFO: [ app_end ] --END-- [ RunTime:0.001268s ]

[ 2016-03-08T04:58:22+08:00 ] 66.249.71.94 /Home/Reg/regadd.html
INFO: [ app_init ] --START--
INFO: Run Behavior\BuildLiteBehavior [ RunTime:0.000038s ]
INFO: [ app_init ] --END-- [ RunTime:0.001303s ]
INFO: [ app_begin ] --START--
INFO: Run Behavior\ReadHtmlCacheBehavior [ RunTime:0.006347s ]
INFO: [ app_begin ] --END-- [ RunTime:0.006548s ]

[ 2016-03-08T04:59:56+08:00 ] 66.249.71.94 /Home/Reg/sendPhone.html
INFO: [ app_init ] --START--
INFO: Run Behavior\BuildLiteBehavior [ RunTime:0.000056s ]
INFO: [ app_init ] --END-- [ RunTime:0.001166s ]
INFO: [ app_begin ] --START--
INFO: Run Behavior\ReadHtmlCacheBehavior [ RunTime:0.001666s ]
INFO: [ app_begin ] --END-- [ RunTime:0.001885s ]
NOTIC: [8] Undefined index: phone /phpstudy/www/www.longchengxin.net/User/Home/Controller/RegController.class.php 第 488 行.
NOTIC: [8] Undefined index: port /phpstudy/www/www.longchengxin.net/User/Home/Common/function.php 第 1025 行.
INFO: [ app_end ] --START--
INFO: Run Behavior\ShowPageTraceBehavior [ RunTime:0.001693s ]
INFO: [ app_end ] --END-- [ RunTime:0.001957s ]

[ 2016-03-08T05:02:21+08:00 ] 66.249.71.94 /Home/Login/verify.html?
INFO: [ app_init ] --START--
INFO: Run Behavior\BuildLiteBehavior [ RunTime:0.000046s ]
INFO: [ app_init ] --END-- [ RunTime:0.001007s ]
INFO: [ app_begin ] --START--
INFO: Run Behavior\ReadHtmlCacheBehavior [ RunTime:0.001412s ]
INFO: [ app_begin ] --END-- [ RunTime:0.001602s ]
INFO: [ app_end ] --START--
INFO: Run Behavior\ShowPageTraceBehavior [ RunTime:0.001963s ]
INFO: [ app_end ] --END-- [ RunTime:0.002214s ]

[ 2016-03-08T05:15:38+08:00 ] 123.125.71.82 /
INFO: [ app_init ] --START--
INFO: Run Behavior\BuildLiteBehavior [ RunTime:0.000052s ]
INFO: [ app_init ] --END-- [ RunTime:0.001393s ]
INFO: [ app_begin ] --START--
INFO: Run Behavior\ReadHtmlCacheBehavior [ RunTime:0.002061s ]
INFO: [ app_begin ] --END-- [ RunTime:0.002241s ]
SQL: SHOW COLUMNS FROM `ot_system` [ RunTime:0.0041s ]
SQL: SELECT * FROM `ot_system` WHERE `SYS_ID` = 1 LIMIT 1   [ RunTime:0.0011s ]
NOTIC: [8] Undefined index: uname /phpstudy/www/www.longchengxin.net/User/Home/Controller/CommonController.class.php 第 54 行.
SQL: SHOW COLUMNS FROM `ot_pin` [ RunTime:0.0019s ]
NOTIC: [8] Undefined index: uname /phpstudy/www/www.longchengxin.net/User/Home/Controller/CommonController.class.php 第 58 行.
SQL: SELECT COUNT(*) AS tp_count FROM `ot_pin` WHERE `user` = null AND `zt` = 0 LIMIT 1   [ RunTime:0.0006s ]
NOTIC: [8] Undefined index: uname /phpstudy/www/www.longchengxin.net/User/Home/Controller/CommonController.class.php 第 90 行.
SQL: SHOW COLUMNS FROM `ot_user` [ RunTime:0.0138s ]
SQL: SELECT * FROM `ot_user` WHERE `UE_account` = null LIMIT 1   [ RunTime:0.0011s ]
SQL: UPDATE `ot_user` SET `levelname`='普通会员' WHERE `UE_account` = null [ RunTime:0.0004s ]
NOTIC: [8] Undefined index: uid /phpstudy/www/www.longchengxin.net/User/Home/Controller/CommonController.class.php 第 95 行.
SQL: SELECT * FROM `ot_user` WHERE `UE_ID` = null LIMIT 1   [ RunTime:0.0009s ]

[ 2016-03-08T05:15:39+08:00 ] 123.125.71.107 /Home/Index/home.html
INFO: [ app_init ] --START--
INFO: Run Behavior\BuildLiteBehavior [ RunTime:0.000046s ]
INFO: [ app_init ] --END-- [ RunTime:0.001787s ]
INFO: [ app_begin ] --START--
INFO: Run Behavior\ReadHtmlCacheBehavior [ RunTime:0.001559s ]
INFO: [ app_begin ] --END-- [ RunTime:0.001745s ]
SQL: SHOW COLUMNS FROM `ot_system` [ RunTime:0.0046s ]
SQL: SELECT * FROM `ot_system` WHERE `SYS_ID` = 1 LIMIT 1   [ RunTime:0.0063s ]
NOTIC: [8] Undefined index: uname /phpstudy/www/www.longchengxin.net/User/Home/Controller/CommonController.class.php 第 54 行.
SQL: SHOW COLUMNS FROM `ot_pin` [ RunTime:0.0019s ]
NOTIC: [8] Undefined index: uname /phpstudy/www/www.longchengxin.net/User/Home/Controller/CommonController.class.php 第 58 行.
SQL: SELECT COUNT(*) AS tp_count FROM `ot_pin` WHERE `user` = null AND `zt` = 0 LIMIT 1   [ RunTime:0.0006s ]

[ 2016-03-08T05:15:39+08:00 ] 123.125.71.92 /Home/Login/index.html
INFO: [ app_init ] --START--
INFO: Run Behavior\BuildLiteBehavior [ RunTime:0.000044s ]
INFO: [ app_init ] --END-- [ RunTime:0.001259s ]
INFO: [ app_begin ] --START--
INFO: Run Behavior\ReadHtmlCacheBehavior [ RunTime:0.002618s ]
INFO: [ app_begin ] --END-- [ RunTime:0.002805s ]
INFO: [ view_parse ] --START--
INFO: [ template_filter ] --START--
INFO: Run Behavior\ContentReplaceBehavior [ RunTime:0.000165s ]
INFO: [ template_filter ] --END-- [ RunTime:0.005318s ]
INFO: Run Behavior\ParseTemplateBehavior [ RunTime:0.026298s ]
INFO: [ view_parse ] --END-- [ RunTime:0.026422s ]
INFO: [ view_filter ] --START--
INFO: Run Behavior\WriteHtmlCacheBehavior [ RunTime:0.000451s ]
INFO: [ view_filter ] --END-- [ RunTime:0.000566s ]
INFO: [ app_end ] --START--
INFO: Run Behavior\ShowPageTraceBehavior [ RunTime:0.001370s ]
INFO: [ app_end ] --END-- [ RunTime:0.001717s ]

[ 2016-03-08T05:22:40+08:00 ] 220.181.108.143 /
INFO: [ app_init ] --START--
INFO: Run Behavior\BuildLiteBehavior [ RunTime:0.000043s ]
INFO: [ app_init ] --END-- [ RunTime:0.001116s ]
INFO: [ app_begin ] --START--
INFO: Run Behavior\ReadHtmlCacheBehavior [ RunTime:0.008318s ]
INFO: [ app_begin ] --END-- [ RunTime:0.009144s ]
SQL: SHOW COLUMNS FROM `ot_system` [ RunTime:0.0036s ]
SQL: SELECT * FROM `ot_system` WHERE `SYS_ID` = 1 LIMIT 1   [ RunTime:0.0009s ]
NOTIC: [8] Undefined index: uname /phpstudy/www/www.longchengxin.net/User/Home/Controller/CommonController.class.php 第 54 行.
SQL: SHOW COLUMNS FROM `ot_pin` [ RunTime:0.0021s ]
NOTIC: [8] Undefined index: uname /phpstudy/www/www.longchengxin.net/User/Home/Controller/CommonController.class.php 第 58 行.
SQL: SELECT COUNT(*) AS tp_count FROM `ot_pin` WHERE `user` = null AND `zt` = 0 LIMIT 1   [ RunTime:0.0006s ]
NOTIC: [8] Undefined index: uname /phpstudy/www/www.longchengxin.net/User/Home/Controller/CommonController.class.php 第 90 行.
SQL: SHOW COLUMNS FROM `ot_user` [ RunTime:0.0082s ]
SQL: SELECT * FROM `ot_user` WHERE `UE_account` = null LIMIT 1   [ RunTime:0.0011s ]
SQL: UPDATE `ot_user` SET `levelname`='普通会员' WHERE `UE_account` = null [ RunTime:0.0004s ]
NOTIC: [8] Undefined index: uid /phpstudy/www/www.longchengxin.net/User/Home/Controller/CommonController.class.php 第 95 行.
SQL: SELECT * FROM `ot_user` WHERE `UE_ID` = null LIMIT 1   [ RunTime:0.0006s ]

[ 2016-03-08T05:22:44+08:00 ] 220.181.108.151 /Home/Index/home.html
INFO: [ app_init ] --START--
INFO: Run Behavior\BuildLiteBehavior [ RunTime:0.000039s ]
INFO: [ app_init ] --END-- [ RunTime:0.000827s ]
INFO: [ app_begin ] --START--
INFO: Run Behavior\ReadHtmlCacheBehavior [ RunTime:0.006218s ]
INFO: [ app_begin ] --END-- [ RunTime:0.006389s ]
SQL: SHOW COLUMNS FROM `ot_system` [ RunTime:0.0032s ]
SQL: SELECT * FROM `ot_system` WHERE `SYS_ID` = 1 LIMIT 1   [ RunTime:0.0010s ]
NOTIC: [8] Undefined index: uname /phpstudy/www/www.longchengxin.net/User/Home/Controller/CommonController.class.php 第 54 行.
SQL: SHOW COLUMNS FROM `ot_pin` [ RunTime:0.0014s ]
NOTIC: [8] Undefined index: uname /phpstudy/www/www.longchengxin.net/User/Home/Controller/CommonController.class.php 第 58 行.
SQL: SELECT COUNT(*) AS tp_count FROM `ot_pin` WHERE `user` = null AND `zt` = 0 LIMIT 1   [ RunTime:0.0005s ]

[ 2016-03-08T05:22:45+08:00 ] 220.181.108.187 /Home/Login/index.html
INFO: [ app_init ] --START--
INFO: Run Behavior\BuildLiteBehavior [ RunTime:0.000051s ]
INFO: [ app_init ] --END-- [ RunTime:0.000992s ]
INFO: [ app_begin ] --START--
INFO: Run Behavior\ReadHtmlCacheBehavior [ RunTime:0.001149s ]
INFO: [ app_begin ] --END-- [ RunTime:0.001369s ]
INFO: [ view_parse ] --START--
INFO: [ template_filter ] --START--
INFO: Run Behavior\ContentReplaceBehavior [ RunTime:0.000180s ]
INFO: [ template_filter ] --END-- [ RunTime:0.000389s ]
INFO: Run Behavior\ParseTemplateBehavior [ RunTime:0.055585s ]
INFO: [ view_parse ] --END-- [ RunTime:0.056085s ]
INFO: [ view_filter ] --START--
INFO: Run Behavior\WriteHtmlCacheBehavior [ RunTime:0.001102s ]
INFO: [ view_filter ] --END-- [ RunTime:0.001963s ]
INFO: [ app_end ] --START--
INFO: Run Behavior\ShowPageTraceBehavior [ RunTime:0.001354s ]
INFO: [ app_end ] --END-- [ RunTime:0.001526s ]

[ 2016-03-08T06:13:21+08:00 ] 123.125.71.76 /
INFO: [ app_init ] --START--
INFO: Run Behavior\BuildLiteBehavior [ RunTime:0.000039s ]
INFO: [ app_init ] --END-- [ RunTime:0.000945s ]
INFO: [ app_begin ] --START--
INFO: Run Behavior\ReadHtmlCacheBehavior [ RunTime:0.001454s ]
INFO: [ app_begin ] --END-- [ RunTime:0.001647s ]
SQL: SHOW COLUMNS FROM `ot_system` [ RunTime:0.0030s ]
SQL: SELECT * FROM `ot_system` WHERE `SYS_ID` = 1 LIMIT 1   [ RunTime:0.0010s ]
NOTIC: [8] Undefined index: uname /phpstudy/www/www.longchengxin.net/User/Home/Controller/CommonController.class.php 第 54 行.
SQL: SHOW COLUMNS FROM `ot_pin` [ RunTime:0.0015s ]
NOTIC: [8] Undefined index: uname /phpstudy/www/www.longchengxin.net/User/Home/Controller/CommonController.class.php 第 58 行.
SQL: SELECT COUNT(*) AS tp_count FROM `ot_pin` WHERE `user` = null AND `zt` = 0 LIMIT 1   [ RunTime:0.0006s ]
NOTIC: [8] Undefined index: uname /phpstudy/www/www.longchengxin.net/User/Home/Controller/CommonController.class.php 第 90 行.
SQL: SHOW COLUMNS FROM `ot_user` [ RunTime:0.0049s ]
SQL: SELECT * FROM `ot_user` WHERE `UE_account` = null LIMIT 1   [ RunTime:0.0010s ]
SQL: UPDATE `ot_user` SET `levelname`='普通会员' WHERE `UE_account` = null [ RunTime:0.0005s ]
NOTIC: [8] Undefined index: uid /phpstudy/www/www.longchengxin.net/User/Home/Controller/CommonController.class.php 第 95 行.
SQL: SELECT * FROM `ot_user` WHERE `UE_ID` = null LIMIT 1   [ RunTime:0.0006s ]

[ 2016-03-08T06:13:23+08:00 ] 123.125.71.109 /Home/Index/home.html
INFO: [ app_init ] --START--
INFO: Run Behavior\BuildLiteBehavior [ RunTime:0.000037s ]
INFO: [ app_init ] --END-- [ RunTime:0.000805s ]
INFO: [ app_begin ] --START--
INFO: Run Behavior\ReadHtmlCacheBehavior [ RunTime:0.001039s ]
INFO: [ app_begin ] --END-- [ RunTime:0.001176s ]
SQL: SHOW COLUMNS FROM `ot_system` [ RunTime:0.0026s ]
SQL: SELECT * FROM `ot_system` WHERE `SYS_ID` = 1 LIMIT 1   [ RunTime:0.0007s ]
NOTIC: [8] Undefined index: uname /phpstudy/www/www.longchengxin.net/User/Home/Controller/CommonController.class.php 第 54 行.
SQL: SHOW COLUMNS FROM `ot_pin` [ RunTime:0.0020s ]
NOTIC: [8] Undefined index: uname /phpstudy/www/www.longchengxin.net/User/Home/Controller/CommonController.class.php 第 58 行.
SQL: SELECT COUNT(*) AS tp_count FROM `ot_pin` WHERE `user` = null AND `zt` = 0 LIMIT 1   [ RunTime:0.0005s ]

[ 2016-03-08T06:13:24+08:00 ] 123.125.71.107 /Home/Login/index.html
INFO: [ app_init ] --START--
INFO: Run Behavior\BuildLiteBehavior [ RunTime:0.000038s ]
INFO: [ app_init ] --END-- [ RunTime:0.001836s ]
INFO: [ app_begin ] --START--
INFO: Run Behavior\ReadHtmlCacheBehavior [ RunTime:0.001474s ]
INFO: [ app_begin ] --END-- [ RunTime:0.001692s ]
INFO: [ view_parse ] --START--
INFO: [ template_filter ] --START--
INFO: Run Behavior\ContentReplaceBehavior [ RunTime:0.000672s ]
INFO: [ template_filter ] --END-- [ RunTime:0.007227s ]
INFO: Run Behavior\ParseTemplateBehavior [ RunTime:0.039289s ]
INFO: [ view_parse ] --END-- [ RunTime:0.039453s ]
INFO: [ view_filter ] --START--
INFO: Run Behavior\WriteHtmlCacheBehavior [ RunTime:0.000405s ]
INFO: [ view_filter ] --END-- [ RunTime:0.000500s ]
INFO: [ app_end ] --START--
INFO: Run Behavior\ShowPageTraceBehavior [ RunTime:0.006696s ]
INFO: [ app_end ] --END-- [ RunTime:0.007568s ]

[ 2016-03-08T06:22:43+08:00 ] 220.181.108.161 /
INFO: [ app_init ] --START--
INFO: Run Behavior\BuildLiteBehavior [ RunTime:0.000047s ]
INFO: [ app_init ] --END-- [ RunTime:0.000913s ]
INFO: [ app_begin ] --START--
INFO: Run Behavior\ReadHtmlCacheBehavior [ RunTime:0.011163s ]
INFO: [ app_begin ] --END-- [ RunTime:0.011431s ]
SQL: SHOW COLUMNS FROM `ot_system` [ RunTime:0.0032s ]
SQL: SELECT * FROM `ot_system` WHERE `SYS_ID` = 1 LIMIT 1   [ RunTime:0.0075s ]
NOTIC: [8] Undefined index: uname /phpstudy/www/www.longchengxin.net/User/Home/Controller/CommonController.class.php 第 54 行.
SQL: SHOW COLUMNS FROM `ot_pin` [ RunTime:0.0015s ]
NOTIC: [8] Undefined index: uname /phpstudy/www/www.longchengxin.net/User/Home/Controller/CommonController.class.php 第 58 行.
SQL: SELECT COUNT(*) AS tp_count FROM `ot_pin` WHERE `user` = null AND `zt` = 0 LIMIT 1   [ RunTime:0.0005s ]
NOTIC: [8] Undefined index: uname /phpstudy/www/www.longchengxin.net/User/Home/Controller/CommonController.class.php 第 90 行.
SQL: SHOW COLUMNS FROM `ot_user` [ RunTime:0.0041s ]
SQL: SELECT * FROM `ot_user` WHERE `UE_account` = null LIMIT 1   [ RunTime:0.0007s ]
SQL: UPDATE `ot_user` SET `levelname`='普通会员' WHERE `UE_account` = null [ RunTime:0.0003s ]
NOTIC: [8] Undefined index: uid /phpstudy/www/www.longchengxin.net/User/Home/Controller/CommonController.class.php 第 95 行.
SQL: SELECT * FROM `ot_user` WHERE `UE_ID` = null LIMIT 1   [ RunTime:0.0005s ]

[ 2016-03-08T06:22:56+08:00 ] 220.181.108.161 /Home/Index/home.html
INFO: [ app_init ] --START--
INFO: Run Behavior\BuildLiteBehavior [ RunTime:0.000054s ]
INFO: [ app_init ] --END-- [ RunTime:0.007801s ]
INFO: [ app_begin ] --START--
INFO: Run Behavior\ReadHtmlCacheBehavior [ RunTime:0.001246s ]
INFO: [ app_begin ] --END-- [ RunTime:0.001489s ]
SQL: SHOW COLUMNS FROM `ot_system` [ RunTime:0.0058s ]
SQL: SELECT * FROM `ot_system` WHERE `SYS_ID` = 1 LIMIT 1   [ RunTime:0.0008s ]
NOTIC: [8] Undefined index: uname /phpstudy/www/www.longchengxin.net/User/Home/Controller/CommonController.class.php 第 54 行.
SQL: SHOW COLUMNS FROM `ot_pin` [ RunTime:0.0013s ]
NOTIC: [8] Undefined index: uname /phpstudy/www/www.longchengxin.net/User/Home/Controller/CommonController.class.php 第 58 行.
SQL: SELECT COUNT(*) AS tp_count FROM `ot_pin` WHERE `user` = null AND `zt` = 0 LIMIT 1   [ RunTime:0.0005s ]

[ 2016-03-08T06:22:59+08:00 ] 220.181.108.183 /Home/Login/index.html
INFO: [ app_init ] --START--
INFO: Run Behavior\BuildLiteBehavior [ RunTime:0.000033s ]
INFO: [ app_init ] --END-- [ RunTime:0.000711s ]
INFO: [ app_begin ] --START--
INFO: Run Behavior\ReadHtmlCacheBehavior [ RunTime:0.000801s ]
INFO: [ app_begin ] --END-- [ RunTime:0.001185s ]
INFO: [ view_parse ] --START--
INFO: [ template_filter ] --START--
INFO: Run Behavior\ContentReplaceBehavior [ RunTime:0.000131s ]
INFO: [ template_filter ] --END-- [ RunTime:0.000282s ]
INFO: Run Behavior\ParseTemplateBehavior [ RunTime:0.029432s ]
INFO: [ view_parse ] --END-- [ RunTime:0.029580s ]
INFO: [ view_filter ] --START--
INFO: Run Behavior\WriteHtmlCacheBehavior [ RunTime:0.000231s ]
INFO: [ view_filter ] --END-- [ RunTime:0.000289s ]
INFO: [ app_end ] --START--
INFO: Run Behavior\ShowPageTraceBehavior [ RunTime:0.000694s ]
INFO: [ app_end ] --END-- [ RunTime:0.000763s ]

[ 2016-03-08T08:17:05+08:00 ] 123.125.71.86 /
INFO: [ app_init ] --START--
INFO: Run Behavior\BuildLiteBehavior [ RunTime:0.000062s ]
INFO: [ app_init ] --END-- [ RunTime:0.001146s ]
INFO: [ app_begin ] --START--
INFO: Run Behavior\ReadHtmlCacheBehavior [ RunTime:0.001134s ]
INFO: [ app_begin ] --END-- [ RunTime:0.001320s ]
SQL: SHOW COLUMNS FROM `ot_system` [ RunTime:0.0035s ]
SQL: SELECT * FROM `ot_system` WHERE `SYS_ID` = 1 LIMIT 1   [ RunTime:0.0008s ]
NOTIC: [8] Undefined index: uname /phpstudy/www/www.longchengxin.net/User/Home/Controller/CommonController.class.php 第 54 行.
SQL: SHOW COLUMNS FROM `ot_pin` [ RunTime:0.0055s ]
NOTIC: [8] Undefined index: uname /phpstudy/www/www.longchengxin.net/User/Home/Controller/CommonController.class.php 第 58 行.
SQL: SELECT COUNT(*) AS tp_count FROM `ot_pin` WHERE `user` = null AND `zt` = 0 LIMIT 1   [ RunTime:0.0009s ]
NOTIC: [8] Undefined index: uname /phpstudy/www/www.longchengxin.net/User/Home/Controller/CommonController.class.php 第 90 行.
SQL: SHOW COLUMNS FROM `ot_user` [ RunTime:0.0145s ]
SQL: SELECT * FROM `ot_user` WHERE `UE_account` = null LIMIT 1   [ RunTime:0.0011s ]
SQL: UPDATE `ot_user` SET `levelname`='普通会员' WHERE `UE_account` = null [ RunTime:0.0003s ]
NOTIC: [8] Undefined index: uid /phpstudy/www/www.longchengxin.net/User/Home/Controller/CommonController.class.php 第 95 行.
SQL: SELECT * FROM `ot_user` WHERE `UE_ID` = null LIMIT 1   [ RunTime:0.0007s ]

[ 2016-03-08T08:17:16+08:00 ] 123.125.71.77 /Home/Index/home.html
INFO: [ app_init ] --START--
INFO: Run Behavior\BuildLiteBehavior [ RunTime:0.000225s ]
INFO: [ app_init ] --END-- [ RunTime:0.010593s ]
INFO: [ app_begin ] --START--
INFO: Run Behavior\ReadHtmlCacheBehavior [ RunTime:0.001224s ]
INFO: [ app_begin ] --END-- [ RunTime:0.001444s ]
SQL: SHOW COLUMNS FROM `ot_system` [ RunTime:0.0047s ]
SQL: SELECT * FROM `ot_system` WHERE `SYS_ID` = 1 LIMIT 1   [ RunTime:0.0009s ]
NOTIC: [8] Undefined index: uname /phpstudy/www/www.longchengxin.net/User/Home/Controller/CommonController.class.php 第 54 行.
SQL: SHOW COLUMNS FROM `ot_pin` [ RunTime:0.0014s ]
NOTIC: [8] Undefined index: uname /phpstudy/www/www.longchengxin.net/User/Home/Controller/CommonController.class.php 第 58 行.
SQL: SELECT COUNT(*) AS tp_count FROM `ot_pin` WHERE `user` = null AND `zt` = 0 LIMIT 1   [ RunTime:0.0019s ]

[ 2016-03-08T08:17:21+08:00 ] 123.125.71.116 /Home/Login/index.html
INFO: [ app_init ] --START--
INFO: Run Behavior\BuildLiteBehavior [ RunTime:0.000036s ]
INFO: [ app_init ] --END-- [ RunTime:0.000670s ]
INFO: [ app_begin ] --START--
INFO: Run Behavior\ReadHtmlCacheBehavior [ RunTime:0.006870s ]
INFO: [ app_begin ] --END-- [ RunTime:0.007006s ]
INFO: [ view_parse ] --START--
INFO: [ template_filter ] --START--
INFO: Run Behavior\ContentReplaceBehavior [ RunTime:0.000110s ]
INFO: [ template_filter ] --END-- [ RunTime:0.000261s ]
INFO: Run Behavior\ParseTemplateBehavior [ RunTime:0.026791s ]
INFO: [ view_parse ] --END-- [ RunTime:0.026884s ]
INFO: [ view_filter ] --START--
INFO: Run Behavior\WriteHtmlCacheBehavior [ RunTime:0.000238s ]
INFO: [ view_filter ] --END-- [ RunTime:0.000310s ]
INFO: [ app_end ] --START--
INFO: Run Behavior\ShowPageTraceBehavior [ RunTime:0.000682s ]
INFO: [ app_end ] --END-- [ RunTime:0.000767s ]

[ 2016-03-08T08:27:44+08:00 ] 220.181.108.182 /
INFO: [ app_init ] --START--
INFO: Run Behavior\BuildLiteBehavior [ RunTime:0.000039s ]
INFO: [ app_init ] --END-- [ RunTime:0.000892s ]
INFO: [ app_begin ] --START--
INFO: Run Behavior\ReadHtmlCacheBehavior [ RunTime:0.001174s ]
INFO: [ app_begin ] --END-- [ RunTime:0.001373s ]
SQL: SHOW COLUMNS FROM `ot_system` [ RunTime:0.0027s ]
SQL: SELECT * FROM `ot_system` WHERE `SYS_ID` = 1 LIMIT 1   [ RunTime:0.0007s ]
NOTIC: [8] Undefined index: uname /phpstudy/www/www.longchengxin.net/User/Home/Controller/CommonController.class.php 第 54 行.
SQL: SHOW COLUMNS FROM `ot_pin` [ RunTime:0.0012s ]
NOTIC: [8] Undefined index: uname /phpstudy/www/www.longchengxin.net/User/Home/Controller/CommonController.class.php 第 58 行.
SQL: SELECT COUNT(*) AS tp_count FROM `ot_pin` WHERE `user` = null AND `zt` = 0 LIMIT 1   [ RunTime:0.0005s ]
NOTIC: [8] Undefined index: uname /phpstudy/www/www.longchengxin.net/User/Home/Controller/CommonController.class.php 第 90 行.
SQL: SHOW COLUMNS FROM `ot_user` [ RunTime:0.0079s ]
SQL: SELECT * FROM `ot_user` WHERE `UE_account` = null LIMIT 1   [ RunTime:0.0008s ]
SQL: UPDATE `ot_user` SET `levelname`='普通会员' WHERE `UE_account` = null [ RunTime:0.0003s ]
NOTIC: [8] Undefined index: uid /phpstudy/www/www.longchengxin.net/User/Home/Controller/CommonController.class.php 第 95 行.
SQL: SELECT * FROM `ot_user` WHERE `UE_ID` = null LIMIT 1   [ RunTime:0.0006s ]

[ 2016-03-08T08:27:51+08:00 ] 220.181.108.184 /Home/Index/home.html
INFO: [ app_init ] --START--
INFO: Run Behavior\BuildLiteBehavior [ RunTime:0.000059s ]
INFO: [ app_init ] --END-- [ RunTime:0.007943s ]
INFO: [ app_begin ] --START--
INFO: Run Behavior\ReadHtmlCacheBehavior [ RunTime:0.001120s ]
INFO: [ app_begin ] --END-- [ RunTime:0.001270s ]
SQL: SHOW COLUMNS FROM `ot_system` [ RunTime:0.0038s ]
SQL: SELECT * FROM `ot_system` WHERE `SYS_ID` = 1 LIMIT 1   [ RunTime:0.0009s ]
NOTIC: [8] Undefined index: uname /phpstudy/www/www.longchengxin.net/User/Home/Controller/CommonController.class.php 第 54 行.
SQL: SHOW COLUMNS FROM `ot_pin` [ RunTime:0.0011s ]
NOTIC: [8] Undefined index: uname /phpstudy/www/www.longchengxin.net/User/Home/Controller/CommonController.class.php 第 58 行.
SQL: SELECT COUNT(*) AS tp_count FROM `ot_pin` WHERE `user` = null AND `zt` = 0 LIMIT 1   [ RunTime:0.0005s ]

[ 2016-03-08T08:28:23+08:00 ] 220.181.108.158 /Home/Login/index.html
INFO: [ app_init ] --START--
INFO: Run Behavior\BuildLiteBehavior [ RunTime:0.000045s ]
INFO: [ app_init ] --END-- [ RunTime:0.006019s ]
INFO: [ app_begin ] --START--
INFO: Run Behavior\ReadHtmlCacheBehavior [ RunTime:0.001890s ]
INFO: [ app_begin ] --END-- [ RunTime:0.002314s ]
INFO: [ view_parse ] --START--
INFO: [ template_filter ] --START--
INFO: Run Behavior\ContentReplaceBehavior [ RunTime:0.000137s ]
INFO: [ template_filter ] --END-- [ RunTime:0.000301s ]
INFO: Run Behavior\ParseTemplateBehavior [ RunTime:0.038098s ]
INFO: [ view_parse ] --END-- [ RunTime:0.038231s ]
INFO: [ view_filter ] --START--
INFO: Run Behavior\WriteHtmlCacheBehavior [ RunTime:0.000549s ]
INFO: [ view_filter ] --END-- [ RunTime:0.000668s ]
INFO: [ app_end ] --START--
INFO: Run Behavior\ShowPageTraceBehavior [ RunTime:0.000925s ]
INFO: [ app_end ] --END-- [ RunTime:0.001125s ]

[ 2016-03-08T09:24:35+08:00 ] 180.76.15.152 /
INFO: [ app_init ] --START--
INFO: Run Behavior\BuildLiteBehavior [ RunTime:0.000042s ]
INFO: [ app_init ] --END-- [ RunTime:0.001061s ]
INFO: [ app_begin ] --START--
INFO: Run Behavior\ReadHtmlCacheBehavior [ RunTime:0.001469s ]
INFO: [ app_begin ] --END-- [ RunTime:0.001731s ]
SQL: SHOW COLUMNS FROM `ot_system` [ RunTime:0.0042s ]
SQL: SELECT * FROM `ot_system` WHERE `SYS_ID` = 1 LIMIT 1   [ RunTime:0.0007s ]
NOTIC: [8] Undefined index: uname /phpstudy/www/www.longchengxin.net/User/Home/Controller/CommonController.class.php 第 54 行.
SQL: SHOW COLUMNS FROM `ot_pin` [ RunTime:0.0022s ]
NOTIC: [8] Undefined index: uname /phpstudy/www/www.longchengxin.net/User/Home/Controller/CommonController.class.php 第 58 行.
SQL: SELECT COUNT(*) AS tp_count FROM `ot_pin` WHERE `user` = null AND `zt` = 0 LIMIT 1   [ RunTime:0.0009s ]
NOTIC: [8] Undefined index: uname /phpstudy/www/www.longchengxin.net/User/Home/Controller/CommonController.class.php 第 90 行.
SQL: SHOW COLUMNS FROM `ot_user` [ RunTime:0.0054s ]
SQL: SELECT * FROM `ot_user` WHERE `UE_account` = null LIMIT 1   [ RunTime:0.0014s ]
SQL: UPDATE `ot_user` SET `levelname`='普通会员' WHERE `UE_account` = null [ RunTime:0.0005s ]
NOTIC: [8] Undefined index: uid /phpstudy/www/www.longchengxin.net/User/Home/Controller/CommonController.class.php 第 95 行.
SQL: SELECT * FROM `ot_user` WHERE `UE_ID` = null LIMIT 1   [ RunTime:0.0007s ]

[ 2016-03-08T09:24:35+08:00 ] 180.76.15.139 /Home/Index/home.html
INFO: [ app_init ] --START--
INFO: Run Behavior\BuildLiteBehavior [ RunTime:0.000044s ]
INFO: [ app_init ] --END-- [ RunTime:0.000946s ]
INFO: [ app_begin ] --START--
INFO: Run Behavior\ReadHtmlCacheBehavior [ RunTime:0.001310s ]
INFO: [ app_begin ] --END-- [ RunTime:0.001509s ]
SQL: SHOW COLUMNS FROM `ot_system` [ RunTime:0.0037s ]
SQL: SELECT * FROM `ot_system` WHERE `SYS_ID` = 1 LIMIT 1   [ RunTime:0.0009s ]
NOTIC: [8] Undefined index: uname /phpstudy/www/www.longchengxin.net/User/Home/Controller/CommonController.class.php 第 54 行.
SQL: SHOW COLUMNS FROM `ot_pin` [ RunTime:0.0015s ]
NOTIC: [8] Undefined index: uname /phpstudy/www/www.longchengxin.net/User/Home/Controller/CommonController.class.php 第 58 行.
SQL: SELECT COUNT(*) AS tp_count FROM `ot_pin` WHERE `user` = null AND `zt` = 0 LIMIT 1   [ RunTime:0.0004s ]

[ 2016-03-08T09:24:35+08:00 ] 180.76.15.28 /Home/Login/index.html
INFO: [ app_init ] --START--
INFO: Run Behavior\BuildLiteBehavior [ RunTime:0.000039s ]
INFO: [ app_init ] --END-- [ RunTime:0.000673s ]
INFO: [ app_begin ] --START--
INFO: Run Behavior\ReadHtmlCacheBehavior [ RunTime:0.001217s ]
INFO: [ app_begin ] --END-- [ RunTime:0.001386s ]
INFO: [ view_parse ] --START--
INFO: [ template_filter ] --START--
INFO: Run Behavior\ContentReplaceBehavior [ RunTime:0.000185s ]
INFO: [ template_filter ] --END-- [ RunTime:0.000401s ]
INFO: Run Behavior\ParseTemplateBehavior [ RunTime:0.040574s ]
INFO: [ view_parse ] --END-- [ RunTime:0.040962s ]
INFO: [ view_filter ] --START--
INFO: Run Behavior\WriteHtmlCacheBehavior [ RunTime:0.000386s ]
INFO: [ view_filter ] --END-- [ RunTime:0.000498s ]
INFO: [ app_end ] --START--
INFO: Run Behavior\ShowPageTraceBehavior [ RunTime:0.001495s ]
INFO: [ app_end ] --END-- [ RunTime:0.001654s ]

[ 2016-03-08T10:41:18+08:00 ] 65.181.118.241 /
INFO: [ app_init ] --START--
INFO: Run Behavior\BuildLiteBehavior [ RunTime:0.000038s ]
INFO: [ app_init ] --END-- [ RunTime:0.001062s ]
INFO: [ app_begin ] --START--
INFO: Run Behavior\ReadHtmlCacheBehavior [ RunTime:0.006323s ]
INFO: [ app_begin ] --END-- [ RunTime:0.006576s ]
SQL: SHOW COLUMNS FROM `ot_system` [ RunTime:0.0046s ]
SQL: SELECT * FROM `ot_system` WHERE `SYS_ID` = 1 LIMIT 1   [ RunTime:0.0008s ]
NOTIC: [8] Undefined index: uname /phpstudy/www/www.longchengxin.net/User/Home/Controller/CommonController.class.php 第 54 行.
SQL: SHOW COLUMNS FROM `ot_pin` [ RunTime:0.0062s ]
NOTIC: [8] Undefined index: uname /phpstudy/www/www.longchengxin.net/User/Home/Controller/CommonController.class.php 第 58 行.
SQL: SELECT COUNT(*) AS tp_count FROM `ot_pin` WHERE `user` = null AND `zt` = 0 LIMIT 1   [ RunTime:0.0004s ]
NOTIC: [8] Undefined index: uname /phpstudy/www/www.longchengxin.net/User/Home/Controller/CommonController.class.php 第 90 行.
SQL: SHOW COLUMNS FROM `ot_user` [ RunTime:0.0100s ]
SQL: SELECT * FROM `ot_user` WHERE `UE_account` = null LIMIT 1   [ RunTime:0.0007s ]
SQL: UPDATE `ot_user` SET `levelname`='普通会员' WHERE `UE_account` = null [ RunTime:0.0003s ]
NOTIC: [8] Undefined index: uid /phpstudy/www/www.longchengxin.net/User/Home/Controller/CommonController.class.php 第 95 行.
SQL: SELECT * FROM `ot_user` WHERE `UE_ID` = null LIMIT 1   [ RunTime:0.0005s ]

[ 2016-03-08T10:41:18+08:00 ] 65.181.118.241 /Home/Index/home.html
INFO: [ app_init ] --START--
INFO: Run Behavior\BuildLiteBehavior [ RunTime:0.000047s ]
INFO: [ app_init ] --END-- [ RunTime:0.005990s ]
INFO: [ app_begin ] --START--
INFO: Run Behavior\ReadHtmlCacheBehavior [ RunTime:0.000969s ]
INFO: [ app_begin ] --END-- [ RunTime:0.001127s ]
SQL: SHOW COLUMNS FROM `ot_system` [ RunTime:0.0049s ]
SQL: SELECT * FROM `ot_system` WHERE `SYS_ID` = 1 LIMIT 1   [ RunTime:0.0010s ]
NOTIC: [8] Undefined index: uname /phpstudy/www/www.longchengxin.net/User/Home/Controller/CommonController.class.php 第 54 行.
SQL: SHOW COLUMNS FROM `ot_pin` [ RunTime:0.0013s ]
NOTIC: [8] Undefined index: uname /phpstudy/www/www.longchengxin.net/User/Home/Controller/CommonController.class.php 第 58 行.
SQL: SELECT COUNT(*) AS tp_count FROM `ot_pin` WHERE `user` = null AND `zt` = 0 LIMIT 1   [ RunTime:0.0004s ]

[ 2016-03-08T10:41:19+08:00 ] 65.181.118.241 /Home/Login/index.html
INFO: [ app_init ] --START--
INFO: Run Behavior\BuildLiteBehavior [ RunTime:0.000038s ]
INFO: [ app_init ] --END-- [ RunTime:0.001009s ]
INFO: [ app_begin ] --START--
INFO: Run Behavior\ReadHtmlCacheBehavior [ RunTime:0.000837s ]
INFO: [ app_begin ] --END-- [ RunTime:0.001007s ]
INFO: [ view_parse ] --START--
INFO: [ template_filter ] --START--
INFO: Run Behavior\ContentReplaceBehavior [ RunTime:0.000119s ]
INFO: [ template_filter ] --END-- [ RunTime:0.000276s ]
INFO: Run Behavior\ParseTemplateBehavior [ RunTime:0.026388s ]
INFO: [ view_parse ] --END-- [ RunTime:0.026588s ]
INFO: [ view_filter ] --START--
INFO: Run Behavior\WriteHtmlCacheBehavior [ RunTime:0.000374s ]
INFO: [ view_filter ] --END-- [ RunTime:0.000468s ]
INFO: [ app_end ] --START--
INFO: Run Behavior\ShowPageTraceBehavior [ RunTime:0.001368s ]
INFO: [ app_end ] --END-- [ RunTime:0.001534s ]

[ 2016-03-08T11:14:33+08:00 ] 180.153.81.163 /Home/Reg/index/uname/333333%40qq.com.html
INFO: [ app_init ] --START--
INFO: Run Behavior\BuildLiteBehavior [ RunTime:0.000063s ]
INFO: [ app_init ] --END-- [ RunTime:0.000795s ]
INFO: [ app_begin ] --START--
INFO: Run Behavior\ReadHtmlCacheBehavior [ RunTime:0.001203s ]
INFO: [ app_begin ] --END-- [ RunTime:0.001345s ]
INFO: [ view_parse ] --START--
INFO: [ template_filter ] --START--
INFO: Run Behavior\ContentReplaceBehavior [ RunTime:0.000301s ]
INFO: [ template_filter ] --END-- [ RunTime:0.000471s ]
INFO: Run Behavior\ParseTemplateBehavior [ RunTime:0.048113s ]
INFO: [ view_parse ] --END-- [ RunTime:0.048441s ]
INFO: [ view_filter ] --START--
INFO: Run Behavior\WriteHtmlCacheBehavior [ RunTime:0.007728s ]
INFO: [ view_filter ] --END-- [ RunTime:0.007949s ]
INFO: [ app_end ] --START--
INFO: Run Behavior\ShowPageTraceBehavior [ RunTime:0.001600s ]
INFO: [ app_end ] --END-- [ RunTime:0.002286s ]

[ 2016-03-08T11:14:34+08:00 ] 180.153.81.183 /Home/Reg/index/uname/111111%40qq.com.html
INFO: [ app_init ] --START--
INFO: Run Behavior\BuildLiteBehavior [ RunTime:0.000051s ]
INFO: [ app_init ] --END-- [ RunTime:0.006371s ]
INFO: [ app_begin ] --START--
INFO: Run Behavior\ReadHtmlCacheBehavior [ RunTime:0.006957s ]
INFO: [ app_begin ] --END-- [ RunTime:0.007256s ]
INFO: [ view_parse ] --START--
INFO: [ template_filter ] --START--
INFO: Run Behavior\ContentReplaceBehavior [ RunTime:0.000186s ]
INFO: [ template_filter ] --END-- [ RunTime:0.000359s ]
INFO: Run Behavior\ParseTemplateBehavior [ RunTime:0.046724s ]
INFO: [ view_parse ] --END-- [ RunTime:0.046871s ]
INFO: [ view_filter ] --START--
INFO: Run Behavior\WriteHtmlCacheBehavior [ RunTime:0.000615s ]
INFO: [ view_filter ] --END-- [ RunTime:0.000743s ]
INFO: [ app_end ] --START--
INFO: Run Behavior\ShowPageTraceBehavior [ RunTime:0.001103s ]
INFO: [ app_end ] --END-- [ RunTime:0.001207s ]

[ 2016-03-08T11:14:35+08:00 ] 14.17.29.85 /Home/Reg/index/uname/333333%40qq.com.html
INFO: [ app_init ] --START--
INFO: Run Behavior\BuildLiteBehavior [ RunTime:0.000201s ]
INFO: [ app_init ] --END-- [ RunTime:0.001415s ]
INFO: [ app_begin ] --START--
INFO: Run Behavior\ReadHtmlCacheBehavior [ RunTime:0.001343s ]
INFO: [ app_begin ] --END-- [ RunTime:0.007791s ]
INFO: [ view_parse ] --START--
INFO: [ template_filter ] --START--
INFO: Run Behavior\ContentReplaceBehavior [ RunTime:0.000192s ]
INFO: [ template_filter ] --END-- [ RunTime:0.000417s ]
INFO: Run Behavior\ParseTemplateBehavior [ RunTime:0.041135s ]
INFO: [ view_parse ] --END-- [ RunTime:0.041313s ]
INFO: [ view_filter ] --START--
INFO: Run Behavior\WriteHtmlCacheBehavior [ RunTime:0.000599s ]
INFO: [ view_filter ] --END-- [ RunTime:0.000765s ]
INFO: [ app_end ] --START--
INFO: Run Behavior\ShowPageTraceBehavior [ RunTime:0.006424s ]
INFO: [ app_end ] --END-- [ RunTime:0.006618s ]

[ 2016-03-08T11:14:35+08:00 ] 14.17.29.85 /Home/Reg/index/uname/111111%40qq.com.html
INFO: [ app_init ] --START--
INFO: Run Behavior\BuildLiteBehavior [ RunTime:0.000047s ]
INFO: [ app_init ] --END-- [ RunTime:0.001610s ]
INFO: [ app_begin ] --START--
INFO: Run Behavior\ReadHtmlCacheBehavior [ RunTime:0.002128s ]
INFO: [ app_begin ] --END-- [ RunTime:0.002320s ]
INFO: [ view_parse ] --START--
INFO: [ template_filter ] --START--
INFO: Run Behavior\ContentReplaceBehavior [ RunTime:0.000322s ]
INFO: [ template_filter ] --END-- [ RunTime:0.001113s ]
INFO: Run Behavior\ParseTemplateBehavior [ RunTime:0.055313s ]
INFO: [ view_parse ] --END-- [ RunTime:0.055501s ]
INFO: [ view_filter ] --START--
INFO: Run Behavior\WriteHtmlCacheBehavior [ RunTime:0.000512s ]
INFO: [ view_filter ] --END-- [ RunTime:0.000717s ]
INFO: [ app_end ] --START--
INFO: Run Behavior\ShowPageTraceBehavior [ RunTime:0.001334s ]
INFO: [ app_end ] --END-- [ RunTime:0.001531s ]

[ 2016-03-08T13:21:30+08:00 ] 123.125.71.89 /
INFO: [ app_init ] --START--
INFO: Run Behavior\BuildLiteBehavior [ RunTime:0.000037s ]
INFO: [ app_init ] --END-- [ RunTime:0.000821s ]
INFO: [ app_begin ] --START--
INFO: Run Behavior\ReadHtmlCacheBehavior [ RunTime:0.001323s ]
INFO: [ app_begin ] --END-- [ RunTime:0.001539s ]
SQL: SHOW COLUMNS FROM `ot_system` [ RunTime:0.0038s ]
SQL: SELECT * FROM `ot_system` WHERE `SYS_ID` = 1 LIMIT 1   [ RunTime:0.0009s ]
NOTIC: [8] Undefined index: uname /phpstudy/www/www.longchengxin.net/User/Home/Controller/CommonController.class.php 第 54 行.
SQL: SHOW COLUMNS FROM `ot_pin` [ RunTime:0.0011s ]
NOTIC: [8] Undefined index: uname /phpstudy/www/www.longchengxin.net/User/Home/Controller/CommonController.class.php 第 58 行.
SQL: SELECT COUNT(*) AS tp_count FROM `ot_pin` WHERE `user` = null AND `zt` = 0 LIMIT 1   [ RunTime:0.0005s ]
NOTIC: [8] Undefined index: uname /phpstudy/www/www.longchengxin.net/User/Home/Controller/CommonController.class.php 第 90 行.
SQL: SHOW COLUMNS FROM `ot_user` [ RunTime:0.0104s ]
SQL: SELECT * FROM `ot_user` WHERE `UE_account` = null LIMIT 1   [ RunTime:0.0006s ]
SQL: UPDATE `ot_user` SET `levelname`='普通会员' WHERE `UE_account` = null [ RunTime:0.0004s ]
NOTIC: [8] Undefined index: uid /phpstudy/www/www.longchengxin.net/User/Home/Controller/CommonController.class.php 第 95 行.
SQL: SELECT * FROM `ot_user` WHERE `UE_ID` = null LIMIT 1   [ RunTime:0.0008s ]

[ 2016-03-08T13:21:32+08:00 ] 123.125.71.72 /Home/Index/home.html
INFO: [ app_init ] --START--
INFO: Run Behavior\BuildLiteBehavior [ RunTime:0.000033s ]
INFO: [ app_init ] --END-- [ RunTime:0.000760s ]
INFO: [ app_begin ] --START--
INFO: Run Behavior\ReadHtmlCacheBehavior [ RunTime:0.000967s ]
INFO: [ app_begin ] --END-- [ RunTime:0.001090s ]
SQL: SHOW COLUMNS FROM `ot_system` [ RunTime:0.0089s ]
SQL: SELECT * FROM `ot_system` WHERE `SYS_ID` = 1 LIMIT 1   [ RunTime:0.0072s ]
NOTIC: [8] Undefined index: uname /phpstudy/www/www.longchengxin.net/User/Home/Controller/CommonController.class.php 第 54 行.
SQL: SHOW COLUMNS FROM `ot_pin` [ RunTime:0.0022s ]
NOTIC: [8] Undefined index: uname /phpstudy/www/www.longchengxin.net/User/Home/Controller/CommonController.class.php 第 58 行.
SQL: SELECT COUNT(*) AS tp_count FROM `ot_pin` WHERE `user` = null AND `zt` = 0 LIMIT 1   [ RunTime:0.0004s ]

[ 2016-03-08T13:21:32+08:00 ] 123.125.71.74 /Home/Login/index.html
INFO: [ app_init ] --START--
INFO: Run Behavior\BuildLiteBehavior [ RunTime:0.000055s ]
INFO: [ app_init ] --END-- [ RunTime:0.001021s ]
INFO: [ app_begin ] --START--
INFO: Run Behavior\ReadHtmlCacheBehavior [ RunTime:0.002275s ]
INFO: [ app_begin ] --END-- [ RunTime:0.002506s ]
INFO: [ view_parse ] --START--
INFO: [ template_filter ] --START--
INFO: Run Behavior\ContentReplaceBehavior [ RunTime:0.005438s ]
INFO: [ template_filter ] --END-- [ RunTime:0.005739s ]
INFO: Run Behavior\ParseTemplateBehavior [ RunTime:0.037680s ]
INFO: [ view_parse ] --END-- [ RunTime:0.038106s ]
INFO: [ view_filter ] --START--
INFO: Run Behavior\WriteHtmlCacheBehavior [ RunTime:0.000726s ]
INFO: [ view_filter ] --END-- [ RunTime:0.000824s ]
INFO: [ app_end ] --START--
INFO: Run Behavior\ShowPageTraceBehavior [ RunTime:0.001048s ]
INFO: [ app_end ] --END-- [ RunTime:0.001156s ]

[ 2016-03-08T13:29:19+08:00 ] 180.153.81.163 /
INFO: [ app_init ] --START--
INFO: Run Behavior\BuildLiteBehavior [ RunTime:0.000049s ]
INFO: [ app_init ] --END-- [ RunTime:0.005984s ]
INFO: [ app_begin ] --START--
INFO: Run Behavior\ReadHtmlCacheBehavior [ RunTime:0.001781s ]
INFO: [ app_begin ] --END-- [ RunTime:0.002033s ]
SQL: SHOW COLUMNS FROM `ot_system` [ RunTime:0.0036s ]
SQL: SELECT * FROM `ot_system` WHERE `SYS_ID` = 1 LIMIT 1   [ RunTime:0.0011s ]
NOTIC: [8] Undefined index: uname /phpstudy/www/www.longchengxin.net/User/Home/Controller/CommonController.class.php 第 54 行.
SQL: SHOW COLUMNS FROM `ot_pin` [ RunTime:0.0019s ]
NOTIC: [8] Undefined index: uname /phpstudy/www/www.longchengxin.net/User/Home/Controller/CommonController.class.php 第 58 行.
SQL: SELECT COUNT(*) AS tp_count FROM `ot_pin` WHERE `user` = null AND `zt` = 0 LIMIT 1   [ RunTime:0.0006s ]
NOTIC: [8] Undefined index: uname /phpstudy/www/www.longchengxin.net/User/Home/Controller/CommonController.class.php 第 90 行.
SQL: SHOW COLUMNS FROM `ot_user` [ RunTime:0.0110s ]
SQL: SELECT * FROM `ot_user` WHERE `UE_account` = null LIMIT 1   [ RunTime:0.0011s ]
SQL: UPDATE `ot_user` SET `levelname`='普通会员' WHERE `UE_account` = null [ RunTime:0.0004s ]
NOTIC: [8] Undefined index: uid /phpstudy/www/www.longchengxin.net/User/Home/Controller/CommonController.class.php 第 95 行.
SQL: SELECT * FROM `ot_user` WHERE `UE_ID` = null LIMIT 1   [ RunTime:0.0008s ]

[ 2016-03-08T13:29:19+08:00 ] 163.177.69.38 /
INFO: [ app_init ] --START--
INFO: Run Behavior\BuildLiteBehavior [ RunTime:0.000057s ]
INFO: [ app_init ] --END-- [ RunTime:0.006108s ]
INFO: [ app_begin ] --START--
INFO: Run Behavior\ReadHtmlCacheBehavior [ RunTime:0.002290s ]
INFO: [ app_begin ] --END-- [ RunTime:0.007475s ]
SQL: SHOW COLUMNS FROM `ot_system` [ RunTime:0.0037s ]
SQL: SELECT * FROM `ot_system` WHERE `SYS_ID` = 1 LIMIT 1   [ RunTime:0.0011s ]
NOTIC: [8] Undefined index: uname /phpstudy/www/www.longchengxin.net/User/Home/Controller/CommonController.class.php 第 54 行.
SQL: SHOW COLUMNS FROM `ot_pin` [ RunTime:0.0016s ]
NOTIC: [8] Undefined index: uname /phpstudy/www/www.longchengxin.net/User/Home/Controller/CommonController.class.php 第 58 行.
SQL: SELECT COUNT(*) AS tp_count FROM `ot_pin` WHERE `user` = null AND `zt` = 0 LIMIT 1   [ RunTime:0.0005s ]
NOTIC: [8] Undefined index: uname /phpstudy/www/www.longchengxin.net/User/Home/Controller/CommonController.class.php 第 90 行.
SQL: SHOW COLUMNS FROM `ot_user` [ RunTime:0.0137s ]
SQL: SELECT * FROM `ot_user` WHERE `UE_account` = null LIMIT 1   [ RunTime:0.0011s ]
SQL: UPDATE `ot_user` SET `levelname`='普通会员' WHERE `UE_account` = null [ RunTime:0.0005s ]
NOTIC: [8] Undefined index: uid /phpstudy/www/www.longchengxin.net/User/Home/Controller/CommonController.class.php 第 95 行.
SQL: SELECT * FROM `ot_user` WHERE `UE_ID` = null LIMIT 1   [ RunTime:0.0012s ]

[ 2016-03-08T13:29:19+08:00 ] 163.177.69.38 /Home/Index/home.html
INFO: [ app_init ] --START--
INFO: Run Behavior\BuildLiteBehavior [ RunTime:0.000048s ]
INFO: [ app_init ] --END-- [ RunTime:0.001022s ]
INFO: [ app_begin ] --START--
INFO: Run Behavior\ReadHtmlCacheBehavior [ RunTime:0.006426s ]
INFO: [ app_begin ] --END-- [ RunTime:0.006698s ]
SQL: SHOW COLUMNS FROM `ot_system` [ RunTime:0.0037s ]
SQL: SELECT * FROM `ot_system` WHERE `SYS_ID` = 1 LIMIT 1   [ RunTime:0.0017s ]
NOTIC: [8] Undefined index: uname /phpstudy/www/www.longchengxin.net/User/Home/Controller/CommonController.class.php 第 54 行.
SQL: SHOW COLUMNS FROM `ot_pin` [ RunTime:0.0015s ]
NOTIC: [8] Undefined index: uname /phpstudy/www/www.longchengxin.net/User/Home/Controller/CommonController.class.php 第 58 行.
SQL: SELECT COUNT(*) AS tp_count FROM `ot_pin` WHERE `user` = null AND `zt` = 0 LIMIT 1   [ RunTime:0.0005s ]

[ 2016-03-08T13:29:19+08:00 ] 163.177.69.38 /Home/Login/index.html
INFO: [ app_init ] --START--
INFO: Run Behavior\BuildLiteBehavior [ RunTime:0.000038s ]
INFO: [ app_init ] --END-- [ RunTime:0.000876s ]
INFO: [ app_begin ] --START--
INFO: Run Behavior\ReadHtmlCacheBehavior [ RunTime:0.001010s ]
INFO: [ app_begin ] --END-- [ RunTime:0.001160s ]
INFO: [ view_parse ] --START--
INFO: [ template_filter ] --START--
INFO: Run Behavior\ContentReplaceBehavior [ RunTime:0.000122s ]
INFO: [ template_filter ] --END-- [ RunTime:0.000278s ]
INFO: Run Behavior\ParseTemplateBehavior [ RunTime:0.031680s ]
INFO: [ view_parse ] --END-- [ RunTime:0.031824s ]
INFO: [ view_filter ] --START--
INFO: Run Behavior\WriteHtmlCacheBehavior [ RunTime:0.005246s ]
INFO: [ view_filter ] --END-- [ RunTime:0.005447s ]
INFO: [ app_end ] --START--
INFO: Run Behavior\ShowPageTraceBehavior [ RunTime:0.001143s ]
INFO: [ app_end ] --END-- [ RunTime:0.001267s ]

[ 2016-03-08T13:29:20+08:00 ] 180.153.81.163 /Home/Index/home.html
INFO: [ app_init ] --START--
INFO: Run Behavior\BuildLiteBehavior [ RunTime:0.000053s ]
INFO: [ app_init ] --END-- [ RunTime:0.001042s ]
INFO: [ app_begin ] --START--
INFO: Run Behavior\ReadHtmlCacheBehavior [ RunTime:0.000870s ]
INFO: [ app_begin ] --END-- [ RunTime:0.001036s ]
SQL: SHOW COLUMNS FROM `ot_system` [ RunTime:0.0039s ]
SQL: SELECT * FROM `ot_system` WHERE `SYS_ID` = 1 LIMIT 1   [ RunTime:0.0010s ]
NOTIC: [8] Undefined index: uname /phpstudy/www/www.longchengxin.net/User/Home/Controller/CommonController.class.php 第 54 行.
SQL: SHOW COLUMNS FROM `ot_pin` [ RunTime:0.0086s ]
NOTIC: [8] Undefined index: uname /phpstudy/www/www.longchengxin.net/User/Home/Controller/CommonController.class.php 第 58 行.
SQL: SELECT COUNT(*) AS tp_count FROM `ot_pin` WHERE `user` = null AND `zt` = 0 LIMIT 1   [ RunTime:0.0005s ]

[ 2016-03-08T13:29:21+08:00 ] 180.153.81.163 /Home/Login/index.html
INFO: [ app_init ] --START--
INFO: Run Behavior\BuildLiteBehavior [ RunTime:0.000053s ]
INFO: [ app_init ] --END-- [ RunTime:0.000983s ]
INFO: [ app_begin ] --START--
INFO: Run Behavior\ReadHtmlCacheBehavior [ RunTime:0.011888s ]
INFO: [ app_begin ] --END-- [ RunTime:0.012465s ]
INFO: [ view_parse ] --START--
INFO: [ template_filter ] --START--
INFO: Run Behavior\ContentReplaceBehavior [ RunTime:0.000229s ]
INFO: [ template_filter ] --END-- [ RunTime:0.000456s ]
INFO: Run Behavior\ParseTemplateBehavior [ RunTime:0.052959s ]
INFO: [ view_parse ] --END-- [ RunTime:0.053149s ]
INFO: [ view_filter ] --START--
INFO: Run Behavior\WriteHtmlCacheBehavior [ RunTime:0.000636s ]
INFO: [ view_filter ] --END-- [ RunTime:0.000779s ]
INFO: [ app_end ] --START--
INFO: Run Behavior\ShowPageTraceBehavior [ RunTime:0.001426s ]
INFO: [ app_end ] --END-- [ RunTime:0.001605s ]

[ 2016-03-08T13:29:21+08:00 ] 180.153.81.183 /Home/Login/index.html
INFO: [ app_init ] --START--
INFO: Run Behavior\BuildLiteBehavior [ RunTime:0.000051s ]
INFO: [ app_init ] --END-- [ RunTime:0.001952s ]
INFO: [ app_begin ] --START--
INFO: Run Behavior\ReadHtmlCacheBehavior [ RunTime:0.001173s ]
INFO: [ app_begin ] --END-- [ RunTime:0.001386s ]
INFO: [ view_parse ] --START--
INFO: [ template_filter ] --START--
INFO: Run Behavior\ContentReplaceBehavior [ RunTime:0.000137s ]
INFO: [ template_filter ] --END-- [ RunTime:0.000318s ]
INFO: Run Behavior\ParseTemplateBehavior [ RunTime:0.045777s ]
INFO: [ view_parse ] --END-- [ RunTime:0.045899s ]
INFO: [ view_filter ] --START--
INFO: Run Behavior\WriteHtmlCacheBehavior [ RunTime:0.000437s ]
INFO: [ view_filter ] --END-- [ RunTime:0.000553s ]
INFO: [ app_end ] --START--
INFO: Run Behavior\ShowPageTraceBehavior [ RunTime:0.006540s ]
INFO: [ app_end ] --END-- [ RunTime:0.006705s ]

[ 2016-03-08T13:29:23+08:00 ] 14.17.34.190 /Home/Login/index.html
INFO: [ app_init ] --START--
INFO: Run Behavior\BuildLiteBehavior [ RunTime:0.000053s ]
INFO: [ app_init ] --END-- [ RunTime:0.000881s ]
INFO: [ app_begin ] --START--
INFO: Run Behavior\ReadHtmlCacheBehavior [ RunTime:0.001124s ]
INFO: [ app_begin ] --END-- [ RunTime:0.001302s ]
INFO: [ view_parse ] --START--
INFO: [ template_filter ] --START--
INFO: Run Behavior\ContentReplaceBehavior [ RunTime:0.000240s ]
INFO: [ template_filter ] --END-- [ RunTime:0.000543s ]
INFO: Run Behavior\ParseTemplateBehavior [ RunTime:0.041177s ]
INFO: [ view_parse ] --END-- [ RunTime:0.041352s ]
INFO: [ view_filter ] --START--
INFO: Run Behavior\WriteHtmlCacheBehavior [ RunTime:0.000688s ]
INFO: [ view_filter ] --END-- [ RunTime:0.000878s ]
INFO: [ app_end ] --START--
INFO: Run Behavior\ShowPageTraceBehavior [ RunTime:0.001429s ]
INFO: [ app_end ] --END-- [ RunTime:0.001582s ]

[ 2016-03-08T13:29:31+08:00 ] 220.181.108.143 /
INFO: [ app_init ] --START--
INFO: Run Behavior\BuildLiteBehavior [ RunTime:0.000046s ]
INFO: [ app_init ] --END-- [ RunTime:0.002036s ]
INFO: [ app_begin ] --START--
INFO: Run Behavior\ReadHtmlCacheBehavior [ RunTime:0.001044s ]
INFO: [ app_begin ] --END-- [ RunTime:0.001194s ]
SQL: SHOW COLUMNS FROM `ot_system` [ RunTime:0.0023s ]
SQL: SELECT * FROM `ot_system` WHERE `SYS_ID` = 1 LIMIT 1   [ RunTime:0.0018s ]
NOTIC: [8] Undefined index: uname /phpstudy/www/www.longchengxin.net/User/Home/Controller/CommonController.class.php 第 54 行.
SQL: SHOW COLUMNS FROM `ot_pin` [ RunTime:0.0067s ]
NOTIC: [8] Undefined index: uname /phpstudy/www/www.longchengxin.net/User/Home/Controller/CommonController.class.php 第 58 行.
SQL: SELECT COUNT(*) AS tp_count FROM `ot_pin` WHERE `user` = null AND `zt` = 0 LIMIT 1   [ RunTime:0.0011s ]
NOTIC: [8] Undefined index: uname /phpstudy/www/www.longchengxin.net/User/Home/Controller/CommonController.class.php 第 90 行.
SQL: SHOW COLUMNS FROM `ot_user` [ RunTime:0.0083s ]
SQL: SELECT * FROM `ot_user` WHERE `UE_account` = null LIMIT 1   [ RunTime:0.0011s ]
SQL: UPDATE `ot_user` SET `levelname`='普通会员' WHERE `UE_account` = null [ RunTime:0.0003s ]
NOTIC: [8] Undefined index: uid /phpstudy/www/www.longchengxin.net/User/Home/Controller/CommonController.class.php 第 95 行.
SQL: SELECT * FROM `ot_user` WHERE `UE_ID` = null LIMIT 1   [ RunTime:0.0004s ]

[ 2016-03-08T13:29:55+08:00 ] 220.181.108.147 /Home/Index/home.html
INFO: [ app_init ] --START--
INFO: Run Behavior\BuildLiteBehavior [ RunTime:0.000034s ]
INFO: [ app_init ] --END-- [ RunTime:0.000702s ]
INFO: [ app_begin ] --START--
INFO: Run Behavior\ReadHtmlCacheBehavior [ RunTime:0.001745s ]
INFO: [ app_begin ] --END-- [ RunTime:0.001972s ]
SQL: SHOW COLUMNS FROM `ot_system` [ RunTime:0.0047s ]
SQL: SELECT * FROM `ot_system` WHERE `SYS_ID` = 1 LIMIT 1   [ RunTime:0.0009s ]
NOTIC: [8] Undefined index: uname /phpstudy/www/www.longchengxin.net/User/Home/Controller/CommonController.class.php 第 54 行.
SQL: SHOW COLUMNS FROM `ot_pin` [ RunTime:0.0014s ]
NOTIC: [8] Undefined index: uname /phpstudy/www/www.longchengxin.net/User/Home/Controller/CommonController.class.php 第 58 行.
SQL: SELECT COUNT(*) AS tp_count FROM `ot_pin` WHERE `user` = null AND `zt` = 0 LIMIT 1   [ RunTime:0.0005s ]

[ 2016-03-08T13:29:56+08:00 ] 220.181.108.144 /Home/Login/index.html
INFO: [ app_init ] --START--
INFO: Run Behavior\BuildLiteBehavior [ RunTime:0.000047s ]
INFO: [ app_init ] --END-- [ RunTime:0.001803s ]
INFO: [ app_begin ] --START--
INFO: Run Behavior\ReadHtmlCacheBehavior [ RunTime:0.001524s ]
INFO: [ app_begin ] --END-- [ RunTime:0.001722s ]
INFO: [ view_parse ] --START--
INFO: [ template_filter ] --START--
INFO: Run Behavior\ContentReplaceBehavior [ RunTime:0.000129s ]
INFO: [ template_filter ] --END-- [ RunTime:0.000322s ]
INFO: Run Behavior\ParseTemplateBehavior [ RunTime:0.031185s ]
INFO: [ view_parse ] --END-- [ RunTime:0.031616s ]
INFO: [ view_filter ] --START--
INFO: Run Behavior\WriteHtmlCacheBehavior [ RunTime:0.000459s ]
INFO: [ view_filter ] --END-- [ RunTime:0.000601s ]
INFO: [ app_end ] --START--
INFO: Run Behavior\ShowPageTraceBehavior [ RunTime:0.001586s ]
INFO: [ app_end ] --END-- [ RunTime:0.001807s ]

