[ 2016-03-07T18:44:17+08:00 ] 125.116.211.65 /Home/Index/home.html
INFO: [ app_init ] --START--
INFO: Run Behavior\BuildLiteBehavior [ RunTime:0.000061s ]
INFO: [ app_init ] --END-- [ RunTime:0.006814s ]
INFO: [ app_begin ] --START--
INFO: Run Behavior\ReadHtmlCacheBehavior [ RunTime:0.009296s ]
INFO: [ app_begin ] --END-- [ RunTime:0.009518s ]
SQL: SHOW COLUMNS FROM `ot_system` [ RunTime:0.0241s ]
SQL: SELECT * FROM `ot_system` WHERE `SYS_ID` = 1 LIMIT 1   [ RunTime:0.0087s ]
NOTIC: [8] Undefined index: uname /phpstudy/www/www.longchengxin.net/User/Home/Controller/CommonController.class.php 第 54 行.
SQL: SHOW COLUMNS FROM `ot_pin` [ RunTime:0.0069s ]
NOTIC: [8] Undefined index: uname /phpstudy/www/www.longchengxin.net/User/Home/Controller/CommonController.class.php 第 58 行.
SQL: SELECT COUNT(*) AS tp_count FROM `ot_pin` WHERE `user` = null AND `zt` = 0 LIMIT 1   [ RunTime:0.0087s ]

[ 2016-03-07T18:44:17+08:00 ] 125.116.211.65 /
INFO: [ app_init ] --START--
INFO: Run Behavior\BuildLiteBehavior [ RunTime:0.000070s ]
INFO: [ app_init ] --END-- [ RunTime:0.006614s ]
INFO: [ app_begin ] --START--
INFO: Run Behavior\ReadHtmlCacheBehavior [ RunTime:0.007928s ]
INFO: [ app_begin ] --END-- [ RunTime:0.008220s ]
SQL: SHOW COLUMNS FROM `ot_system` [ RunTime:0.0262s ]
SQL: SELECT * FROM `ot_system` WHERE `SYS_ID` = 1 LIMIT 1   [ RunTime:0.0098s ]
NOTIC: [8] Undefined index: uname /phpstudy/www/www.longchengxin.net/User/Home/Controller/CommonController.class.php 第 54 行.
SQL: SHOW COLUMNS FROM `ot_pin` [ RunTime:0.0051s ]
NOTIC: [8] Undefined index: uname /phpstudy/www/www.longchengxin.net/User/Home/Controller/CommonController.class.php 第 58 行.
SQL: SELECT COUNT(*) AS tp_count FROM `ot_pin` WHERE `user` = null AND `zt` = 0 LIMIT 1   [ RunTime:0.0077s ]
NOTIC: [8] Undefined index: uname /phpstudy/www/www.longchengxin.net/User/Home/Controller/CommonController.class.php 第 90 行.
SQL: SHOW COLUMNS FROM `ot_user` [ RunTime:0.0262s ]
SQL: SELECT * FROM `ot_user` WHERE `UE_account` = null LIMIT 1   [ RunTime:0.0009s ]
SQL: UPDATE `ot_user` SET `levelname`='普通会员' WHERE `UE_account` = null [ RunTime:0.0003s ]
NOTIC: [8] Undefined index: uid /phpstudy/www/www.longchengxin.net/User/Home/Controller/CommonController.class.php 第 95 行.
SQL: SELECT * FROM `ot_user` WHERE `UE_ID` = null LIMIT 1   [ RunTime:0.0007s ]

[ 2016-03-07T18:44:17+08:00 ] 125.116.211.65 /Home/Login/index.html
INFO: [ app_init ] --START--
INFO: Run Behavior\BuildLiteBehavior [ RunTime:0.000040s ]
INFO: [ app_init ] --END-- [ RunTime:0.000816s ]
INFO: [ app_begin ] --START--
INFO: Run Behavior\ReadHtmlCacheBehavior [ RunTime:0.001005s ]
INFO: [ app_begin ] --END-- [ RunTime:0.001152s ]
INFO: [ view_parse ] --START--
INFO: [ template_filter ] --START--
INFO: Run Behavior\ContentReplaceBehavior [ RunTime:0.000135s ]
INFO: [ template_filter ] --END-- [ RunTime:0.000290s ]
INFO: Run Behavior\ParseTemplateBehavior [ RunTime:0.066069s ]
INFO: [ view_parse ] --END-- [ RunTime:0.066840s ]
INFO: [ view_filter ] --START--
INFO: Run Behavior\WriteHtmlCacheBehavior [ RunTime:0.001924s ]
INFO: [ view_filter ] --END-- [ RunTime:0.002046s ]
INFO: [ app_end ] --START--
INFO: Run Behavior\ShowPageTraceBehavior [ RunTime:0.003361s ]
INFO: [ app_end ] --END-- [ RunTime:0.003477s ]

[ 2016-03-07T18:44:18+08:00 ] 125.116.211.65 /Home/Index/home.html
INFO: [ app_init ] --START--
INFO: Run Behavior\BuildLiteBehavior [ RunTime:0.000042s ]
INFO: [ app_init ] --END-- [ RunTime:0.000936s ]
INFO: [ app_begin ] --START--
INFO: Run Behavior\ReadHtmlCacheBehavior [ RunTime:0.005992s ]
INFO: [ app_begin ] --END-- [ RunTime:0.006188s ]
SQL: SHOW COLUMNS FROM `ot_system` [ RunTime:0.0025s ]
SQL: SELECT * FROM `ot_system` WHERE `SYS_ID` = 1 LIMIT 1   [ RunTime:0.0013s ]
NOTIC: [8] Undefined index: uname /phpstudy/www/www.longchengxin.net/User/Home/Controller/CommonController.class.php 第 54 行.
SQL: SHOW COLUMNS FROM `ot_pin` [ RunTime:0.0014s ]
NOTIC: [8] Undefined index: uname /phpstudy/www/www.longchengxin.net/User/Home/Controller/CommonController.class.php 第 58 行.
SQL: SELECT COUNT(*) AS tp_count FROM `ot_pin` WHERE `user` = null AND `zt` = 0 LIMIT 1   [ RunTime:0.0004s ]

[ 2016-03-07T18:44:18+08:00 ] 125.116.211.65 /Home/Login/google.h.c
INFO: [ app_init ] --START--
INFO: Run Behavior\BuildLiteBehavior [ RunTime:0.000056s ]
INFO: [ app_init ] --END-- [ RunTime:0.000945s ]
INFO: [ app_begin ] --START--
INFO: Run Behavior\ReadHtmlCacheBehavior [ RunTime:0.001060s ]
INFO: [ app_begin ] --END-- [ RunTime:0.001205s ]
ERR: 非法操作:google.h.c

[ 2016-03-07T18:44:18+08:00 ] 125.116.211.65 /Home/Login/index.html
INFO: [ app_init ] --START--
INFO: Run Behavior\BuildLiteBehavior [ RunTime:0.000033s ]
INFO: [ app_init ] --END-- [ RunTime:0.000696s ]
INFO: [ app_begin ] --START--
INFO: Run Behavior\ReadHtmlCacheBehavior [ RunTime:0.001978s ]
INFO: [ app_begin ] --END-- [ RunTime:0.002213s ]
INFO: [ view_parse ] --START--
INFO: [ template_filter ] --START--
INFO: Run Behavior\ContentReplaceBehavior [ RunTime:0.000162s ]
INFO: [ template_filter ] --END-- [ RunTime:0.000319s ]
INFO: Run Behavior\ParseTemplateBehavior [ RunTime:0.044995s ]
INFO: [ view_parse ] --END-- [ RunTime:0.045382s ]
INFO: [ view_filter ] --START--
INFO: Run Behavior\WriteHtmlCacheBehavior [ RunTime:0.000357s ]
INFO: [ view_filter ] --END-- [ RunTime:0.000469s ]
INFO: [ app_end ] --START--
INFO: Run Behavior\ShowPageTraceBehavior [ RunTime:0.001649s ]
INFO: [ app_end ] --END-- [ RunTime:0.001882s ]

[ 2016-03-07T18:44:19+08:00 ] 125.116.211.65 /Home/Login/google.h.c
INFO: [ app_init ] --START--
INFO: Run Behavior\BuildLiteBehavior [ RunTime:0.000067s ]
INFO: [ app_init ] --END-- [ RunTime:0.001121s ]
INFO: [ app_begin ] --START--
INFO: Run Behavior\ReadHtmlCacheBehavior [ RunTime:0.006252s ]
INFO: [ app_begin ] --END-- [ RunTime:0.006449s ]
ERR: 非法操作:google.h.c

[ 2016-03-07T18:45:57+08:00 ] 125.116.211.65 /
INFO: [ app_init ] --START--
INFO: Run Behavior\BuildLiteBehavior [ RunTime:0.000063s ]
INFO: [ app_init ] --END-- [ RunTime:0.001012s ]
INFO: [ app_begin ] --START--
INFO: Run Behavior\ReadHtmlCacheBehavior [ RunTime:0.001441s ]
INFO: [ app_begin ] --END-- [ RunTime:0.001655s ]
SQL: SHOW COLUMNS FROM `ot_system` [ RunTime:0.0025s ]
SQL: SELECT * FROM `ot_system` WHERE `SYS_ID` = 1 LIMIT 1   [ RunTime:0.0009s ]
NOTIC: [8] Undefined index: uname /phpstudy/www/www.longchengxin.net/User/Home/Controller/CommonController.class.php 第 54 行.
SQL: SHOW COLUMNS FROM `ot_pin` [ RunTime:0.0014s ]
NOTIC: [8] Undefined index: uname /phpstudy/www/www.longchengxin.net/User/Home/Controller/CommonController.class.php 第 58 行.
SQL: SELECT COUNT(*) AS tp_count FROM `ot_pin` WHERE `user` = null AND `zt` = 0 LIMIT 1   [ RunTime:0.0005s ]
NOTIC: [8] Undefined index: uname /phpstudy/www/www.longchengxin.net/User/Home/Controller/CommonController.class.php 第 90 行.
SQL: SHOW COLUMNS FROM `ot_user` [ RunTime:0.0064s ]
SQL: SELECT * FROM `ot_user` WHERE `UE_account` = null LIMIT 1   [ RunTime:0.0009s ]
SQL: UPDATE `ot_user` SET `levelname`='普通会员' WHERE `UE_account` = null [ RunTime:0.0003s ]
NOTIC: [8] Undefined index: uid /phpstudy/www/www.longchengxin.net/User/Home/Controller/CommonController.class.php 第 95 行.
SQL: SELECT * FROM `ot_user` WHERE `UE_ID` = null LIMIT 1   [ RunTime:0.0005s ]

[ 2016-03-07T18:45:58+08:00 ] 125.116.211.65 /Home/Index/home.html
INFO: [ app_init ] --START--
INFO: Run Behavior\BuildLiteBehavior [ RunTime:0.000035s ]
INFO: [ app_init ] --END-- [ RunTime:0.000952s ]
INFO: [ app_begin ] --START--
INFO: Run Behavior\ReadHtmlCacheBehavior [ RunTime:0.001419s ]
INFO: [ app_begin ] --END-- [ RunTime:0.001713s ]
SQL: SHOW COLUMNS FROM `ot_system` [ RunTime:0.0081s ]
SQL: SELECT * FROM `ot_system` WHERE `SYS_ID` = 1 LIMIT 1   [ RunTime:0.0009s ]
NOTIC: [8] Undefined index: uname /phpstudy/www/www.longchengxin.net/User/Home/Controller/CommonController.class.php 第 54 行.
SQL: SHOW COLUMNS FROM `ot_pin` [ RunTime:0.0018s ]
NOTIC: [8] Undefined index: uname /phpstudy/www/www.longchengxin.net/User/Home/Controller/CommonController.class.php 第 58 行.
SQL: SELECT COUNT(*) AS tp_count FROM `ot_pin` WHERE `user` = null AND `zt` = 0 LIMIT 1   [ RunTime:0.0006s ]

[ 2016-03-07T18:45:58+08:00 ] 125.116.211.65 /Home/Login/index.html
INFO: [ app_init ] --START--
INFO: Run Behavior\BuildLiteBehavior [ RunTime:0.000052s ]
INFO: [ app_init ] --END-- [ RunTime:0.000846s ]
INFO: [ app_begin ] --START--
INFO: Run Behavior\ReadHtmlCacheBehavior [ RunTime:0.006196s ]
INFO: [ app_begin ] --END-- [ RunTime:0.006413s ]
INFO: [ view_parse ] --START--
INFO: [ template_filter ] --START--
INFO: Run Behavior\ContentReplaceBehavior [ RunTime:0.000293s ]
INFO: [ template_filter ] --END-- [ RunTime:0.004965s ]
INFO: Run Behavior\ParseTemplateBehavior [ RunTime:0.061772s ]
INFO: [ view_parse ] --END-- [ RunTime:0.061972s ]
INFO: [ view_filter ] --START--
INFO: Run Behavior\WriteHtmlCacheBehavior [ RunTime:0.000575s ]
INFO: [ view_filter ] --END-- [ RunTime:0.000708s ]
INFO: [ app_end ] --START--
INFO: Run Behavior\ShowPageTraceBehavior [ RunTime:0.006614s ]
INFO: [ app_end ] --END-- [ RunTime:0.006858s ]

[ 2016-03-07T18:45:58+08:00 ] 125.116.211.65 /Home/Login/google.h.c
INFO: [ app_init ] --START--
INFO: Run Behavior\BuildLiteBehavior [ RunTime:0.000054s ]
INFO: [ app_init ] --END-- [ RunTime:0.000923s ]
INFO: [ app_begin ] --START--
INFO: Run Behavior\ReadHtmlCacheBehavior [ RunTime:0.001700s ]
INFO: [ app_begin ] --END-- [ RunTime:0.002308s ]
ERR: 非法操作:google.h.c

[ 2016-03-07T18:46:02+08:00 ] 125.116.211.65 /Home/Login/index.html
INFO: [ app_init ] --START--
INFO: Run Behavior\BuildLiteBehavior [ RunTime:0.000036s ]
INFO: [ app_init ] --END-- [ RunTime:0.000800s ]
INFO: [ app_begin ] --START--
INFO: Run Behavior\ReadHtmlCacheBehavior [ RunTime:0.010952s ]
INFO: [ app_begin ] --END-- [ RunTime:0.011150s ]
INFO: [ view_parse ] --START--
INFO: [ template_filter ] --START--
INFO: Run Behavior\ContentReplaceBehavior [ RunTime:0.000208s ]
INFO: [ template_filter ] --END-- [ RunTime:0.000418s ]
INFO: Run Behavior\ParseTemplateBehavior [ RunTime:0.046060s ]
INFO: [ view_parse ] --END-- [ RunTime:0.046205s ]
INFO: [ view_filter ] --START--
INFO: Run Behavior\WriteHtmlCacheBehavior [ RunTime:0.000454s ]
INFO: [ view_filter ] --END-- [ RunTime:0.000740s ]
INFO: [ app_end ] --START--
INFO: Run Behavior\ShowPageTraceBehavior [ RunTime:0.001386s ]
INFO: [ app_end ] --END-- [ RunTime:0.001556s ]

[ 2016-03-07T18:46:02+08:00 ] 125.116.211.65 /Home/Login/google.h.c
INFO: [ app_init ] --START--
INFO: Run Behavior\BuildLiteBehavior [ RunTime:0.000041s ]
INFO: [ app_init ] --END-- [ RunTime:0.000938s ]
INFO: [ app_begin ] --START--
INFO: Run Behavior\ReadHtmlCacheBehavior [ RunTime:0.001680s ]
INFO: [ app_begin ] --END-- [ RunTime:0.002052s ]
ERR: 非法操作:google.h.c

[ 2016-03-07T18:46:04+08:00 ] 125.116.211.65 /
INFO: [ app_init ] --START--
INFO: Run Behavior\BuildLiteBehavior [ RunTime:0.000061s ]
INFO: [ app_init ] --END-- [ RunTime:0.011827s ]
INFO: [ app_begin ] --START--
INFO: Run Behavior\ReadHtmlCacheBehavior [ RunTime:0.001620s ]
INFO: [ app_begin ] --END-- [ RunTime:0.001826s ]
SQL: SHOW COLUMNS FROM `ot_system` [ RunTime:0.0034s ]
SQL: SELECT * FROM `ot_system` WHERE `SYS_ID` = 1 LIMIT 1   [ RunTime:0.0007s ]
NOTIC: [8] Undefined index: uname /phpstudy/www/www.longchengxin.net/User/Home/Controller/CommonController.class.php 第 54 行.
SQL: SHOW COLUMNS FROM `ot_pin` [ RunTime:0.0011s ]
NOTIC: [8] Undefined index: uname /phpstudy/www/www.longchengxin.net/User/Home/Controller/CommonController.class.php 第 58 行.
SQL: SELECT COUNT(*) AS tp_count FROM `ot_pin` WHERE `user` = null AND `zt` = 0 LIMIT 1   [ RunTime:0.0078s ]
NOTIC: [8] Undefined index: uname /phpstudy/www/www.longchengxin.net/User/Home/Controller/CommonController.class.php 第 90 行.
SQL: SHOW COLUMNS FROM `ot_user` [ RunTime:0.0054s ]
SQL: SELECT * FROM `ot_user` WHERE `UE_account` = null LIMIT 1   [ RunTime:0.0009s ]
SQL: UPDATE `ot_user` SET `levelname`='普通会员' WHERE `UE_account` = null [ RunTime:0.0005s ]
NOTIC: [8] Undefined index: uid /phpstudy/www/www.longchengxin.net/User/Home/Controller/CommonController.class.php 第 95 行.
SQL: SELECT * FROM `ot_user` WHERE `UE_ID` = null LIMIT 1   [ RunTime:0.0009s ]

[ 2016-03-07T18:46:05+08:00 ] 125.116.211.65 /Home/Index/home.html
INFO: [ app_init ] --START--
INFO: Run Behavior\BuildLiteBehavior [ RunTime:0.000036s ]
INFO: [ app_init ] --END-- [ RunTime:0.000658s ]
INFO: [ app_begin ] --START--
INFO: Run Behavior\ReadHtmlCacheBehavior [ RunTime:0.001237s ]
INFO: [ app_begin ] --END-- [ RunTime:0.001395s ]
SQL: SHOW COLUMNS FROM `ot_system` [ RunTime:0.0033s ]
SQL: SELECT * FROM `ot_system` WHERE `SYS_ID` = 1 LIMIT 1   [ RunTime:0.0010s ]
NOTIC: [8] Undefined index: uname /phpstudy/www/www.longchengxin.net/User/Home/Controller/CommonController.class.php 第 54 行.
SQL: SHOW COLUMNS FROM `ot_pin` [ RunTime:0.0015s ]
NOTIC: [8] Undefined index: uname /phpstudy/www/www.longchengxin.net/User/Home/Controller/CommonController.class.php 第 58 行.
SQL: SELECT COUNT(*) AS tp_count FROM `ot_pin` WHERE `user` = null AND `zt` = 0 LIMIT 1   [ RunTime:0.0007s ]

[ 2016-03-07T18:46:05+08:00 ] 125.116.211.65 /Home/Login/index.html
INFO: [ app_init ] --START--
INFO: Run Behavior\BuildLiteBehavior [ RunTime:0.000048s ]
INFO: [ app_init ] --END-- [ RunTime:0.001001s ]
INFO: [ app_begin ] --START--
INFO: Run Behavior\ReadHtmlCacheBehavior [ RunTime:0.001269s ]
INFO: [ app_begin ] --END-- [ RunTime:0.001448s ]
INFO: [ view_parse ] --START--
INFO: [ template_filter ] --START--
INFO: Run Behavior\ContentReplaceBehavior [ RunTime:0.000147s ]
INFO: [ template_filter ] --END-- [ RunTime:0.000312s ]
INFO: Run Behavior\ParseTemplateBehavior [ RunTime:0.042343s ]
INFO: [ view_parse ] --END-- [ RunTime:0.042583s ]
INFO: [ view_filter ] --START--
INFO: Run Behavior\WriteHtmlCacheBehavior [ RunTime:0.000459s ]
INFO: [ view_filter ] --END-- [ RunTime:0.000588s ]
INFO: [ app_end ] --START--
INFO: Run Behavior\ShowPageTraceBehavior [ RunTime:0.001213s ]
INFO: [ app_end ] --END-- [ RunTime:0.001363s ]

[ 2016-03-07T18:46:05+08:00 ] 125.116.211.65 /Home/Login/google.h.c
INFO: [ app_init ] --START--
INFO: Run Behavior\BuildLiteBehavior [ RunTime:0.000044s ]
INFO: [ app_init ] --END-- [ RunTime:0.000984s ]
INFO: [ app_begin ] --START--
INFO: Run Behavior\ReadHtmlCacheBehavior [ RunTime:0.003581s ]
INFO: [ app_begin ] --END-- [ RunTime:0.003768s ]
ERR: 非法操作:google.h.c

[ 2016-03-07T19:24:03+08:00 ] 66.249.66.100 /
INFO: [ app_init ] --START--
INFO: Run Behavior\BuildLiteBehavior [ RunTime:0.000135s ]
INFO: [ app_init ] --END-- [ RunTime:0.010835s ]
INFO: [ app_begin ] --START--
INFO: Run Behavior\ReadHtmlCacheBehavior [ RunTime:0.003592s ]
INFO: [ app_begin ] --END-- [ RunTime:0.003854s ]
SQL: SHOW COLUMNS FROM `ot_system` [ RunTime:0.0051s ]
SQL: SELECT * FROM `ot_system` WHERE `SYS_ID` = 1 LIMIT 1   [ RunTime:0.0012s ]
NOTIC: [8] Undefined index: uname /phpstudy/www/www.longchengxin.net/User/Home/Controller/CommonController.class.php 第 54 行.
SQL: SHOW COLUMNS FROM `ot_pin` [ RunTime:0.0083s ]
NOTIC: [8] Undefined index: uname /phpstudy/www/www.longchengxin.net/User/Home/Controller/CommonController.class.php 第 58 行.
SQL: SELECT COUNT(*) AS tp_count FROM `ot_pin` WHERE `user` = null AND `zt` = 0 LIMIT 1   [ RunTime:0.0009s ]
NOTIC: [8] Undefined index: uname /phpstudy/www/www.longchengxin.net/User/Home/Controller/CommonController.class.php 第 90 行.
SQL: SHOW COLUMNS FROM `ot_user` [ RunTime:0.0156s ]
SQL: SELECT * FROM `ot_user` WHERE `UE_account` = null LIMIT 1   [ RunTime:0.0007s ]
SQL: UPDATE `ot_user` SET `levelname`='普通会员' WHERE `UE_account` = null [ RunTime:0.0003s ]
NOTIC: [8] Undefined index: uid /phpstudy/www/www.longchengxin.net/User/Home/Controller/CommonController.class.php 第 95 行.
SQL: SELECT * FROM `ot_user` WHERE `UE_ID` = null LIMIT 1   [ RunTime:0.0005s ]

[ 2016-03-07T19:24:04+08:00 ] 66.249.66.100 /Home/Index/home.html
INFO: [ app_init ] --START--
INFO: Run Behavior\BuildLiteBehavior [ RunTime:0.000037s ]
INFO: [ app_init ] --END-- [ RunTime:0.000977s ]
INFO: [ app_begin ] --START--
INFO: Run Behavior\ReadHtmlCacheBehavior [ RunTime:0.006211s ]
INFO: [ app_begin ] --END-- [ RunTime:0.006401s ]
SQL: SHOW COLUMNS FROM `ot_system` [ RunTime:0.0036s ]
SQL: SELECT * FROM `ot_system` WHERE `SYS_ID` = 1 LIMIT 1   [ RunTime:0.0008s ]
NOTIC: [8] Undefined index: uname /phpstudy/www/www.longchengxin.net/User/Home/Controller/CommonController.class.php 第 54 行.
SQL: SHOW COLUMNS FROM `ot_pin` [ RunTime:0.0015s ]
NOTIC: [8] Undefined index: uname /phpstudy/www/www.longchengxin.net/User/Home/Controller/CommonController.class.php 第 58 行.
SQL: SELECT COUNT(*) AS tp_count FROM `ot_pin` WHERE `user` = null AND `zt` = 0 LIMIT 1   [ RunTime:0.0006s ]

[ 2016-03-07T19:24:04+08:00 ] 66.249.66.100 /Home/Login/index.html
INFO: [ app_init ] --START--
INFO: Run Behavior\BuildLiteBehavior [ RunTime:0.000037s ]
INFO: [ app_init ] --END-- [ RunTime:0.000974s ]
INFO: [ app_begin ] --START--
INFO: Run Behavior\ReadHtmlCacheBehavior [ RunTime:0.001374s ]
INFO: [ app_begin ] --END-- [ RunTime:0.001546s ]
INFO: [ view_parse ] --START--
INFO: [ template_filter ] --START--
INFO: Run Behavior\ContentReplaceBehavior [ RunTime:0.000213s ]
INFO: [ template_filter ] --END-- [ RunTime:0.000383s ]
INFO: Run Behavior\ParseTemplateBehavior [ RunTime:0.050168s ]
INFO: [ view_parse ] --END-- [ RunTime:0.050388s ]
INFO: [ view_filter ] --START--
INFO: Run Behavior\WriteHtmlCacheBehavior [ RunTime:0.000517s ]
INFO: [ view_filter ] --END-- [ RunTime:0.000640s ]
INFO: [ app_end ] --START--
INFO: Run Behavior\ShowPageTraceBehavior [ RunTime:0.002125s ]
INFO: [ app_end ] --END-- [ RunTime:0.003193s ]

[ 2016-03-07T21:07:59+08:00 ] 104.236.36.132 /
INFO: [ app_init ] --START--
INFO: Run Behavior\BuildLiteBehavior [ RunTime:0.000029s ]
INFO: [ app_init ] --END-- [ RunTime:0.000602s ]
INFO: [ app_begin ] --START--
INFO: Run Behavior\ReadHtmlCacheBehavior [ RunTime:0.000734s ]
INFO: [ app_begin ] --END-- [ RunTime:0.000844s ]
SQL: SHOW COLUMNS FROM `ot_system` [ RunTime:0.0031s ]
SQL: SELECT * FROM `ot_system` WHERE `SYS_ID` = 1 LIMIT 1   [ RunTime:0.0009s ]
NOTIC: [8] Undefined index: uname /phpstudy/www/www.longchengxin.net/User/Home/Controller/CommonController.class.php 第 54 行.
SQL: SHOW COLUMNS FROM `ot_pin` [ RunTime:0.0013s ]
NOTIC: [8] Undefined index: uname /phpstudy/www/www.longchengxin.net/User/Home/Controller/CommonController.class.php 第 58 行.
SQL: SELECT COUNT(*) AS tp_count FROM `ot_pin` WHERE `user` = null AND `zt` = 0 LIMIT 1   [ RunTime:0.0004s ]
NOTIC: [8] Undefined index: uname /phpstudy/www/www.longchengxin.net/User/Home/Controller/CommonController.class.php 第 90 行.
SQL: SHOW COLUMNS FROM `ot_user` [ RunTime:0.0048s ]
SQL: SELECT * FROM `ot_user` WHERE `UE_account` = null LIMIT 1   [ RunTime:0.0009s ]
SQL: UPDATE `ot_user` SET `levelname`='普通会员' WHERE `UE_account` = null [ RunTime:0.0057s ]
NOTIC: [8] Undefined index: uid /phpstudy/www/www.longchengxin.net/User/Home/Controller/CommonController.class.php 第 95 行.
SQL: SELECT * FROM `ot_user` WHERE `UE_ID` = null LIMIT 1   [ RunTime:0.0006s ]

[ 2016-03-07T22:43:56+08:00 ] 104.236.203.63 /
INFO: [ app_init ] --START--
INFO: Run Behavior\BuildLiteBehavior [ RunTime:0.000030s ]
INFO: [ app_init ] --END-- [ RunTime:0.000751s ]
INFO: [ app_begin ] --START--
INFO: Run Behavior\ReadHtmlCacheBehavior [ RunTime:0.001087s ]
INFO: [ app_begin ] --END-- [ RunTime:0.001226s ]
SQL: SHOW COLUMNS FROM `ot_system` [ RunTime:0.0024s ]
SQL: SELECT * FROM `ot_system` WHERE `SYS_ID` = 1 LIMIT 1   [ RunTime:0.0006s ]
NOTIC: [8] Undefined index: uname /phpstudy/www/www.longchengxin.net/User/Home/Controller/CommonController.class.php 第 54 行.
SQL: SHOW COLUMNS FROM `ot_pin` [ RunTime:0.0008s ]
NOTIC: [8] Undefined index: uname /phpstudy/www/www.longchengxin.net/User/Home/Controller/CommonController.class.php 第 58 行.
SQL: SELECT COUNT(*) AS tp_count FROM `ot_pin` WHERE `user` = null AND `zt` = 0 LIMIT 1   [ RunTime:0.0003s ]
NOTIC: [8] Undefined index: uname /phpstudy/www/www.longchengxin.net/User/Home/Controller/CommonController.class.php 第 90 行.
SQL: SHOW COLUMNS FROM `ot_user` [ RunTime:0.0135s ]
SQL: SELECT * FROM `ot_user` WHERE `UE_account` = null LIMIT 1   [ RunTime:0.0005s ]
SQL: UPDATE `ot_user` SET `levelname`='普通会员' WHERE `UE_account` = null [ RunTime:0.0002s ]
NOTIC: [8] Undefined index: uid /phpstudy/www/www.longchengxin.net/User/Home/Controller/CommonController.class.php 第 95 行.
SQL: SELECT * FROM `ot_user` WHERE `UE_ID` = null LIMIT 1   [ RunTime:0.0007s ]

