[ 2016-01-18T00:07:43+08:00 ] 64.246.165.160 /
INFO: [ app_init ] --START--
INFO: Run Behavior\BuildLiteBehavior [ RunTime:0.000000s ]
INFO: [ app_init ] --END-- [ RunTime:0.000000s ]
INFO: [ app_begin ] --START--
INFO: Run Behavior\ReadHtmlCacheBehavior [ RunTime:0.000000s ]
INFO: [ app_begin ] --END-- [ RunTime:0.000000s ]
SQL: SHOW COLUMNS FROM `ot_system` [ RunTime:0.0156s ]
SQL: SELECT * FROM `ot_system` WHERE `SYS_ID` = 1 LIMIT 1   [ RunTime:0.0000s ]
SQL: SHOW COLUMNS FROM `ot_user` [ RunTime:0.0000s ]
NOTIC: [8] Undefined index: uid D:\wwwroot\yijiayi\wwwroot\User\Home\Controller\CommonController.class.php 第 88 行.
SQL: SELECT * FROM `ot_user` WHERE `UE_ID` = null LIMIT 1   [ RunTime:0.0156s ]
SQL: SHOW COLUMNS FROM `ot_tgbz` [ RunTime:0.0000s ]
NOTIC: [8] Undefined index: uname D:\wwwroot\yijiayi\wwwroot\User\Home\Controller\CommonController.class.php 第 101 行.
SQL: SELECT * FROM `ot_tgbz` WHERE `user` = null AND `jb` = '500' AND `showflag` = 1 ORDER BY id DESC LIMIT 1   [ RunTime:0.0000s ]
NOTIC: [8] Undefined index: uname D:\wwwroot\yijiayi\wwwroot\User\Home\Controller\CommonController.class.php 第 101 行.
SQL: SELECT * FROM `ot_tgbz` WHERE `user` = null AND `jb` = '1000' AND `showflag` = 1 ORDER BY id DESC LIMIT 1   [ RunTime:0.0000s ]
NOTIC: [8] Undefined index: uname D:\wwwroot\yijiayi\wwwroot\User\Home\Controller\CommonController.class.php 第 101 行.
SQL: SELECT * FROM `ot_tgbz` WHERE `user` = null AND `jb` = '3000' AND `showflag` = 1 ORDER BY id DESC LIMIT 1   [ RunTime:0.0000s ]
NOTIC: [8] Undefined index: uname D:\wwwroot\yijiayi\wwwroot\User\Home\Controller\CommonController.class.php 第 101 行.
SQL: SELECT * FROM `ot_tgbz` WHERE `user` = null AND `jb` = '5000' AND `showflag` = 1 ORDER BY id DESC LIMIT 1   [ RunTime:0.0000s ]

[ 2016-01-18T00:07:43+08:00 ] 64.246.165.160 /Home/Index/home.html
INFO: [ app_init ] --START--
INFO: Run Behavior\BuildLiteBehavior [ RunTime:0.000000s ]
INFO: [ app_init ] --END-- [ RunTime:0.000000s ]
INFO: [ app_begin ] --START--
INFO: Run Behavior\ReadHtmlCacheBehavior [ RunTime:0.000000s ]
INFO: [ app_begin ] --END-- [ RunTime:0.000000s ]
SQL: SHOW COLUMNS FROM `ot_system` [ RunTime:0.0000s ]
SQL: SELECT * FROM `ot_system` WHERE `SYS_ID` = 1 LIMIT 1   [ RunTime:0.0000s ]

[ 2016-01-18T00:07:44+08:00 ] 64.246.165.160 /Home/Login/index.html
INFO: [ app_init ] --START--
INFO: Run Behavior\BuildLiteBehavior [ RunTime:0.000000s ]
INFO: [ app_init ] --END-- [ RunTime:0.000000s ]
INFO: [ app_begin ] --START--
INFO: Run Behavior\ReadHtmlCacheBehavior [ RunTime:0.000000s ]
INFO: [ app_begin ] --END-- [ RunTime:0.000000s ]
INFO: [ view_parse ] --START--
INFO: [ template_filter ] --START--
INFO: Run Behavior\ContentReplaceBehavior [ RunTime:0.000000s ]
INFO: [ template_filter ] --END-- [ RunTime:0.000000s ]
INFO: Run Behavior\ParseTemplateBehavior [ RunTime:0.046875s ]
INFO: [ view_parse ] --END-- [ RunTime:0.046875s ]
INFO: [ view_filter ] --START--
INFO: Run Behavior\WriteHtmlCacheBehavior [ RunTime:0.000000s ]
INFO: Run Behavior\TokenBuildBehavior [ RunTime:0.000000s ]
INFO: [ view_filter ] --END-- [ RunTime:0.000000s ]
INFO: [ app_end ] --START--
INFO: Run Behavior\ShowPageTraceBehavior [ RunTime:0.000000s ]
INFO: [ app_end ] --END-- [ RunTime:0.000000s ]

[ 2016-01-18T01:44:10+08:00 ] 123.125.71.117 /
INFO: [ app_init ] --START--
INFO: Run Behavior\BuildLiteBehavior [ RunTime:0.000000s ]
INFO: [ app_init ] --END-- [ RunTime:0.000000s ]
INFO: [ app_begin ] --START--
INFO: Run Behavior\ReadHtmlCacheBehavior [ RunTime:0.000000s ]
INFO: [ app_begin ] --END-- [ RunTime:0.000000s ]
SQL: SHOW COLUMNS FROM `ot_system` [ RunTime:0.0000s ]
SQL: SELECT * FROM `ot_system` WHERE `SYS_ID` = 1 LIMIT 1   [ RunTime:0.0156s ]
SQL: SHOW COLUMNS FROM `ot_user` [ RunTime:0.0000s ]
NOTIC: [8] Undefined index: uid D:\wwwroot\yijiayi\wwwroot\User\Home\Controller\CommonController.class.php 第 88 行.
SQL: SELECT * FROM `ot_user` WHERE `UE_ID` = null LIMIT 1   [ RunTime:0.0000s ]
SQL: SHOW COLUMNS FROM `ot_tgbz` [ RunTime:0.0156s ]
NOTIC: [8] Undefined index: uname D:\wwwroot\yijiayi\wwwroot\User\Home\Controller\CommonController.class.php 第 101 行.
SQL: SELECT * FROM `ot_tgbz` WHERE `user` = null AND `jb` = '500' AND `showflag` = 1 ORDER BY id DESC LIMIT 1   [ RunTime:0.0000s ]
NOTIC: [8] Undefined index: uname D:\wwwroot\yijiayi\wwwroot\User\Home\Controller\CommonController.class.php 第 101 行.
SQL: SELECT * FROM `ot_tgbz` WHERE `user` = null AND `jb` = '1000' AND `showflag` = 1 ORDER BY id DESC LIMIT 1   [ RunTime:0.0000s ]
NOTIC: [8] Undefined index: uname D:\wwwroot\yijiayi\wwwroot\User\Home\Controller\CommonController.class.php 第 101 行.
SQL: SELECT * FROM `ot_tgbz` WHERE `user` = null AND `jb` = '3000' AND `showflag` = 1 ORDER BY id DESC LIMIT 1   [ RunTime:0.0000s ]
NOTIC: [8] Undefined index: uname D:\wwwroot\yijiayi\wwwroot\User\Home\Controller\CommonController.class.php 第 101 行.
SQL: SELECT * FROM `ot_tgbz` WHERE `user` = null AND `jb` = '5000' AND `showflag` = 1 ORDER BY id DESC LIMIT 1   [ RunTime:0.0000s ]

[ 2016-01-18T01:44:11+08:00 ] 123.125.71.78 /Home/Index/home.html
INFO: [ app_init ] --START--
INFO: Run Behavior\BuildLiteBehavior [ RunTime:0.000000s ]
INFO: [ app_init ] --END-- [ RunTime:0.000000s ]
INFO: [ app_begin ] --START--
INFO: Run Behavior\ReadHtmlCacheBehavior [ RunTime:0.015625s ]
INFO: [ app_begin ] --END-- [ RunTime:0.015625s ]
SQL: SHOW COLUMNS FROM `ot_system` [ RunTime:0.0000s ]
SQL: SELECT * FROM `ot_system` WHERE `SYS_ID` = 1 LIMIT 1   [ RunTime:0.0000s ]

[ 2016-01-18T01:44:11+08:00 ] 123.125.71.111 /Home/Login/index.html
INFO: [ app_init ] --START--
INFO: Run Behavior\BuildLiteBehavior [ RunTime:0.000000s ]
INFO: [ app_init ] --END-- [ RunTime:0.000000s ]
INFO: [ app_begin ] --START--
INFO: Run Behavior\ReadHtmlCacheBehavior [ RunTime:0.000000s ]
INFO: [ app_begin ] --END-- [ RunTime:0.000000s ]
INFO: [ view_parse ] --START--
INFO: [ template_filter ] --START--
INFO: Run Behavior\ContentReplaceBehavior [ RunTime:0.000000s ]
INFO: [ template_filter ] --END-- [ RunTime:0.000000s ]
INFO: Run Behavior\ParseTemplateBehavior [ RunTime:0.062501s ]
INFO: [ view_parse ] --END-- [ RunTime:0.062501s ]
INFO: [ view_filter ] --START--
INFO: Run Behavior\WriteHtmlCacheBehavior [ RunTime:0.000000s ]
INFO: Run Behavior\TokenBuildBehavior [ RunTime:0.000000s ]
INFO: [ view_filter ] --END-- [ RunTime:0.000000s ]
INFO: [ app_end ] --START--
INFO: Run Behavior\ShowPageTraceBehavior [ RunTime:0.000000s ]
INFO: [ app_end ] --END-- [ RunTime:0.000000s ]

[ 2016-01-18T01:53:49+08:00 ] 220.181.108.153 /
INFO: [ app_init ] --START--
INFO: Run Behavior\BuildLiteBehavior [ RunTime:0.000000s ]
INFO: [ app_init ] --END-- [ RunTime:0.000000s ]
INFO: [ app_begin ] --START--
INFO: Run Behavior\ReadHtmlCacheBehavior [ RunTime:0.000000s ]
INFO: [ app_begin ] --END-- [ RunTime:0.000000s ]
SQL: SHOW COLUMNS FROM `ot_system` [ RunTime:0.0000s ]
SQL: SELECT * FROM `ot_system` WHERE `SYS_ID` = 1 LIMIT 1   [ RunTime:0.0156s ]
SQL: SHOW COLUMNS FROM `ot_user` [ RunTime:0.0000s ]
NOTIC: [8] Undefined index: uid D:\wwwroot\yijiayi\wwwroot\User\Home\Controller\CommonController.class.php 第 88 行.
SQL: SELECT * FROM `ot_user` WHERE `UE_ID` = null LIMIT 1   [ RunTime:0.0000s ]
SQL: SHOW COLUMNS FROM `ot_tgbz` [ RunTime:0.0156s ]
NOTIC: [8] Undefined index: uname D:\wwwroot\yijiayi\wwwroot\User\Home\Controller\CommonController.class.php 第 101 行.
SQL: SELECT * FROM `ot_tgbz` WHERE `user` = null AND `jb` = '500' AND `showflag` = 1 ORDER BY id DESC LIMIT 1   [ RunTime:0.0000s ]
NOTIC: [8] Undefined index: uname D:\wwwroot\yijiayi\wwwroot\User\Home\Controller\CommonController.class.php 第 101 行.
SQL: SELECT * FROM `ot_tgbz` WHERE `user` = null AND `jb` = '1000' AND `showflag` = 1 ORDER BY id DESC LIMIT 1   [ RunTime:0.0156s ]
NOTIC: [8] Undefined index: uname D:\wwwroot\yijiayi\wwwroot\User\Home\Controller\CommonController.class.php 第 101 行.
SQL: SELECT * FROM `ot_tgbz` WHERE `user` = null AND `jb` = '3000' AND `showflag` = 1 ORDER BY id DESC LIMIT 1   [ RunTime:0.0000s ]
NOTIC: [8] Undefined index: uname D:\wwwroot\yijiayi\wwwroot\User\Home\Controller\CommonController.class.php 第 101 行.
SQL: SELECT * FROM `ot_tgbz` WHERE `user` = null AND `jb` = '5000' AND `showflag` = 1 ORDER BY id DESC LIMIT 1   [ RunTime:0.0000s ]

[ 2016-01-18T01:53:54+08:00 ] 220.181.108.185 /Home/Index/home.html
INFO: [ app_init ] --START--
INFO: Run Behavior\BuildLiteBehavior [ RunTime:0.000000s ]
INFO: [ app_init ] --END-- [ RunTime:0.000000s ]
INFO: [ app_begin ] --START--
INFO: Run Behavior\ReadHtmlCacheBehavior [ RunTime:0.000000s ]
INFO: [ app_begin ] --END-- [ RunTime:0.000000s ]
SQL: SHOW COLUMNS FROM `ot_system` [ RunTime:0.0000s ]
SQL: SELECT * FROM `ot_system` WHERE `SYS_ID` = 1 LIMIT 1   [ RunTime:0.0000s ]

[ 2016-01-18T01:53:54+08:00 ] 220.181.108.187 /Home/Login/index.html
INFO: [ app_init ] --START--
INFO: Run Behavior\BuildLiteBehavior [ RunTime:0.000000s ]
INFO: [ app_init ] --END-- [ RunTime:0.000000s ]
INFO: [ app_begin ] --START--
INFO: Run Behavior\ReadHtmlCacheBehavior [ RunTime:0.000000s ]
INFO: [ app_begin ] --END-- [ RunTime:0.000000s ]
INFO: [ view_parse ] --START--
INFO: [ template_filter ] --START--
INFO: Run Behavior\ContentReplaceBehavior [ RunTime:0.000000s ]
INFO: [ template_filter ] --END-- [ RunTime:0.000000s ]
INFO: Run Behavior\ParseTemplateBehavior [ RunTime:0.062500s ]
INFO: [ view_parse ] --END-- [ RunTime:0.062500s ]
INFO: [ view_filter ] --START--
INFO: Run Behavior\WriteHtmlCacheBehavior [ RunTime:0.000000s ]
INFO: Run Behavior\TokenBuildBehavior [ RunTime:0.000000s ]
INFO: [ view_filter ] --END-- [ RunTime:0.000000s ]
INFO: [ app_end ] --START--
INFO: Run Behavior\ShowPageTraceBehavior [ RunTime:0.000000s ]
INFO: [ app_end ] --END-- [ RunTime:0.000000s ]

[ 2016-01-18T02:43:51+08:00 ] 123.125.71.112 /
INFO: [ app_init ] --START--
INFO: Run Behavior\BuildLiteBehavior [ RunTime:0.000000s ]
INFO: [ app_init ] --END-- [ RunTime:0.000000s ]
INFO: [ app_begin ] --START--
INFO: Run Behavior\ReadHtmlCacheBehavior [ RunTime:0.000000s ]
INFO: [ app_begin ] --END-- [ RunTime:0.000000s ]
SQL: SHOW COLUMNS FROM `ot_system` [ RunTime:0.0156s ]
SQL: SELECT * FROM `ot_system` WHERE `SYS_ID` = 1 LIMIT 1   [ RunTime:0.0000s ]
SQL: SHOW COLUMNS FROM `ot_user` [ RunTime:0.0000s ]
NOTIC: [8] Undefined index: uid D:\wwwroot\yijiayi\wwwroot\User\Home\Controller\CommonController.class.php 第 88 行.
SQL: SELECT * FROM `ot_user` WHERE `UE_ID` = null LIMIT 1   [ RunTime:0.0000s ]
SQL: SHOW COLUMNS FROM `ot_tgbz` [ RunTime:0.0156s ]
NOTIC: [8] Undefined index: uname D:\wwwroot\yijiayi\wwwroot\User\Home\Controller\CommonController.class.php 第 101 行.
SQL: SELECT * FROM `ot_tgbz` WHERE `user` = null AND `jb` = '500' AND `showflag` = 1 ORDER BY id DESC LIMIT 1   [ RunTime:0.0000s ]
NOTIC: [8] Undefined index: uname D:\wwwroot\yijiayi\wwwroot\User\Home\Controller\CommonController.class.php 第 101 行.
SQL: SELECT * FROM `ot_tgbz` WHERE `user` = null AND `jb` = '1000' AND `showflag` = 1 ORDER BY id DESC LIMIT 1   [ RunTime:0.0000s ]
NOTIC: [8] Undefined index: uname D:\wwwroot\yijiayi\wwwroot\User\Home\Controller\CommonController.class.php 第 101 行.
SQL: SELECT * FROM `ot_tgbz` WHERE `user` = null AND `jb` = '3000' AND `showflag` = 1 ORDER BY id DESC LIMIT 1   [ RunTime:0.0000s ]
NOTIC: [8] Undefined index: uname D:\wwwroot\yijiayi\wwwroot\User\Home\Controller\CommonController.class.php 第 101 行.
SQL: SELECT * FROM `ot_tgbz` WHERE `user` = null AND `jb` = '5000' AND `showflag` = 1 ORDER BY id DESC LIMIT 1   [ RunTime:0.0000s ]

[ 2016-01-18T02:43:51+08:00 ] 123.125.71.89 /Home/Index/home.html
INFO: [ app_init ] --START--
INFO: Run Behavior\BuildLiteBehavior [ RunTime:0.000000s ]
INFO: [ app_init ] --END-- [ RunTime:0.000000s ]
INFO: [ app_begin ] --START--
INFO: Run Behavior\ReadHtmlCacheBehavior [ RunTime:0.000000s ]
INFO: [ app_begin ] --END-- [ RunTime:0.000000s ]
SQL: SHOW COLUMNS FROM `ot_system` [ RunTime:0.0000s ]
SQL: SELECT * FROM `ot_system` WHERE `SYS_ID` = 1 LIMIT 1   [ RunTime:0.0000s ]

[ 2016-01-18T02:43:52+08:00 ] 123.125.71.115 /Home/Login/index.html
INFO: [ app_init ] --START--
INFO: Run Behavior\BuildLiteBehavior [ RunTime:0.000000s ]
INFO: [ app_init ] --END-- [ RunTime:0.000000s ]
INFO: [ app_begin ] --START--
INFO: Run Behavior\ReadHtmlCacheBehavior [ RunTime:0.000000s ]
INFO: [ app_begin ] --END-- [ RunTime:0.000000s ]
INFO: [ view_parse ] --START--
INFO: [ template_filter ] --START--
INFO: Run Behavior\ContentReplaceBehavior [ RunTime:0.000000s ]
INFO: [ template_filter ] --END-- [ RunTime:0.000000s ]
INFO: Run Behavior\ParseTemplateBehavior [ RunTime:0.078126s ]
INFO: [ view_parse ] --END-- [ RunTime:0.078126s ]
INFO: [ view_filter ] --START--
INFO: Run Behavior\WriteHtmlCacheBehavior [ RunTime:0.000000s ]
INFO: Run Behavior\TokenBuildBehavior [ RunTime:0.000000s ]
INFO: [ view_filter ] --END-- [ RunTime:0.000000s ]
INFO: [ app_end ] --START--
INFO: Run Behavior\ShowPageTraceBehavior [ RunTime:0.000000s ]
INFO: [ app_end ] --END-- [ RunTime:0.000000s ]

[ 2016-01-18T02:53:31+08:00 ] 220.181.108.100 /
INFO: [ app_init ] --START--
INFO: Run Behavior\BuildLiteBehavior [ RunTime:0.000000s ]
INFO: [ app_init ] --END-- [ RunTime:0.015626s ]
INFO: [ app_begin ] --START--
INFO: Run Behavior\ReadHtmlCacheBehavior [ RunTime:0.000000s ]
INFO: [ app_begin ] --END-- [ RunTime:0.000000s ]
SQL: SHOW COLUMNS FROM `ot_system` [ RunTime:0.0000s ]
SQL: SELECT * FROM `ot_system` WHERE `SYS_ID` = 1 LIMIT 1   [ RunTime:0.0000s ]
SQL: SHOW COLUMNS FROM `ot_user` [ RunTime:0.0156s ]
NOTIC: [8] Undefined index: uid D:\wwwroot\yijiayi\wwwroot\User\Home\Controller\CommonController.class.php 第 88 行.
SQL: SELECT * FROM `ot_user` WHERE `UE_ID` = null LIMIT 1   [ RunTime:0.0000s ]
SQL: SHOW COLUMNS FROM `ot_tgbz` [ RunTime:0.0156s ]
NOTIC: [8] Undefined index: uname D:\wwwroot\yijiayi\wwwroot\User\Home\Controller\CommonController.class.php 第 101 行.
SQL: SELECT * FROM `ot_tgbz` WHERE `user` = null AND `jb` = '500' AND `showflag` = 1 ORDER BY id DESC LIMIT 1   [ RunTime:0.0000s ]
NOTIC: [8] Undefined index: uname D:\wwwroot\yijiayi\wwwroot\User\Home\Controller\CommonController.class.php 第 101 行.
SQL: SELECT * FROM `ot_tgbz` WHERE `user` = null AND `jb` = '1000' AND `showflag` = 1 ORDER BY id DESC LIMIT 1   [ RunTime:0.0000s ]
NOTIC: [8] Undefined index: uname D:\wwwroot\yijiayi\wwwroot\User\Home\Controller\CommonController.class.php 第 101 行.
SQL: SELECT * FROM `ot_tgbz` WHERE `user` = null AND `jb` = '3000' AND `showflag` = 1 ORDER BY id DESC LIMIT 1   [ RunTime:0.0000s ]
NOTIC: [8] Undefined index: uname D:\wwwroot\yijiayi\wwwroot\User\Home\Controller\CommonController.class.php 第 101 行.
SQL: SELECT * FROM `ot_tgbz` WHERE `user` = null AND `jb` = '5000' AND `showflag` = 1 ORDER BY id DESC LIMIT 1   [ RunTime:0.0000s ]

[ 2016-01-18T02:53:33+08:00 ] 220.181.108.82 /Home/Index/home.html
INFO: [ app_init ] --START--
INFO: Run Behavior\BuildLiteBehavior [ RunTime:0.000000s ]
INFO: [ app_init ] --END-- [ RunTime:0.000000s ]
INFO: [ app_begin ] --START--
INFO: Run Behavior\ReadHtmlCacheBehavior [ RunTime:0.000000s ]
INFO: [ app_begin ] --END-- [ RunTime:0.000000s ]
SQL: SHOW COLUMNS FROM `ot_system` [ RunTime:0.0000s ]
SQL: SELECT * FROM `ot_system` WHERE `SYS_ID` = 1 LIMIT 1   [ RunTime:0.0000s ]

[ 2016-01-18T02:53:33+08:00 ] 220.181.108.113 /Home/Login/index.html
INFO: [ app_init ] --START--
INFO: Run Behavior\BuildLiteBehavior [ RunTime:0.000000s ]
INFO: [ app_init ] --END-- [ RunTime:0.000000s ]
INFO: [ app_begin ] --START--
INFO: Run Behavior\ReadHtmlCacheBehavior [ RunTime:0.000000s ]
INFO: [ app_begin ] --END-- [ RunTime:0.000000s ]
INFO: [ view_parse ] --START--
INFO: [ template_filter ] --START--
INFO: Run Behavior\ContentReplaceBehavior [ RunTime:0.000000s ]
INFO: [ template_filter ] --END-- [ RunTime:0.000000s ]
INFO: Run Behavior\ParseTemplateBehavior [ RunTime:0.031250s ]
INFO: [ view_parse ] --END-- [ RunTime:0.031250s ]
INFO: [ view_filter ] --START--
INFO: Run Behavior\WriteHtmlCacheBehavior [ RunTime:0.000000s ]
INFO: Run Behavior\TokenBuildBehavior [ RunTime:0.000000s ]
INFO: [ view_filter ] --END-- [ RunTime:0.000000s ]
INFO: [ app_end ] --START--
INFO: Run Behavior\ShowPageTraceBehavior [ RunTime:0.000000s ]
INFO: [ app_end ] --END-- [ RunTime:0.000000s ]

[ 2016-01-18T03:09:48+08:00 ] 162.210.196.129 /?c=host&a=index
INFO: [ app_init ] --START--
INFO: Run Behavior\BuildLiteBehavior [ RunTime:0.000000s ]
INFO: [ app_init ] --END-- [ RunTime:0.000000s ]
INFO: [ app_begin ] --START--
INFO: Run Behavior\ReadHtmlCacheBehavior [ RunTime:0.000000s ]
INFO: [ app_begin ] --END-- [ RunTime:0.000000s ]
ERR: 无法加载控制器:Host

[ 2016-01-18T03:09:50+08:00 ] 162.210.196.129 /?c=product&a=sellForm&product=n_1
INFO: [ app_init ] --START--
INFO: Run Behavior\BuildLiteBehavior [ RunTime:0.000000s ]
INFO: [ app_init ] --END-- [ RunTime:0.000000s ]
INFO: [ app_begin ] --START--
INFO: Run Behavior\ReadHtmlCacheBehavior [ RunTime:0.015625s ]
INFO: [ app_begin ] --END-- [ RunTime:0.015625s ]
ERR: 无法加载控制器:Product

[ 2016-01-18T03:09:54+08:00 ] 162.210.196.129 /?c=product&a=sellForm&product=n_2
INFO: [ app_init ] --START--
INFO: Run Behavior\BuildLiteBehavior [ RunTime:0.000000s ]
INFO: [ app_init ] --END-- [ RunTime:0.000000s ]
INFO: [ app_begin ] --START--
INFO: Run Behavior\ReadHtmlCacheBehavior [ RunTime:0.000000s ]
INFO: [ app_begin ] --END-- [ RunTime:0.000000s ]
ERR: 无法加载控制器:Product

[ 2016-01-18T03:09:56+08:00 ] 162.210.196.129 /?c=product&a=sellForm&product=n_3
INFO: [ app_init ] --START--
INFO: Run Behavior\BuildLiteBehavior [ RunTime:0.000000s ]
INFO: [ app_init ] --END-- [ RunTime:0.000000s ]
INFO: [ app_begin ] --START--
INFO: Run Behavior\ReadHtmlCacheBehavior [ RunTime:0.000000s ]
INFO: [ app_begin ] --END-- [ RunTime:0.000000s ]
ERR: 无法加载控制器:Product

[ 2016-01-18T05:10:49+08:00 ] 69.30.215.106 /?c=public&a=registerPact
INFO: [ app_init ] --START--
INFO: Run Behavior\BuildLiteBehavior [ RunTime:0.000000s ]
INFO: [ app_init ] --END-- [ RunTime:0.000000s ]
INFO: [ app_begin ] --START--
INFO: Run Behavior\ReadHtmlCacheBehavior [ RunTime:0.000000s ]
INFO: [ app_begin ] --END-- [ RunTime:0.000000s ]
ERR: 无法加载控制器:Public

[ 2016-01-18T05:23:19+08:00 ] 119.186.131.253 /Home/Login/favicon.ico
INFO: [ app_init ] --START--
INFO: Run Behavior\BuildLiteBehavior [ RunTime:0.000000s ]
INFO: [ app_init ] --END-- [ RunTime:0.000000s ]

[ 2016-01-18T05:23:21+08:00 ] 119.186.131.253 /Home/Index/home/
INFO: [ app_init ] --START--
INFO: Run Behavior\BuildLiteBehavior [ RunTime:0.000000s ]
INFO: [ app_init ] --END-- [ RunTime:0.000000s ]
INFO: [ app_begin ] --START--
INFO: Run Behavior\ReadHtmlCacheBehavior [ RunTime:0.015625s ]
INFO: [ app_begin ] --END-- [ RunTime:0.015625s ]
SQL: SHOW COLUMNS FROM `ot_system` [ RunTime:0.0000s ]
SQL: SELECT * FROM `ot_system` WHERE `SYS_ID` = 1 LIMIT 1   [ RunTime:0.0000s ]
SQL: SHOW COLUMNS FROM `ot_user` [ RunTime:0.0469s ]
SQL: SELECT * FROM `ot_user` WHERE `UE_ID` = 61451 LIMIT 1   [ RunTime:0.0000s ]
SQL: SHOW COLUMNS FROM `ot_tgbz` [ RunTime:0.0156s ]
SQL: SELECT * FROM `ot_tgbz` WHERE `user` = 'admin@qq.com' AND `jb` = '500' AND `showflag` = 1 ORDER BY id DESC LIMIT 1   [ RunTime:0.0000s ]
SQL: SELECT * FROM `ot_tgbz` WHERE `user` = 'admin@qq.com' AND `jb` = '1000' AND `showflag` = 1 ORDER BY id DESC LIMIT 1   [ RunTime:0.0000s ]
SQL: SELECT * FROM `ot_tgbz` WHERE `user` = 'admin@qq.com' AND `jb` = '3000' AND `showflag` = 1 ORDER BY id DESC LIMIT 1   [ RunTime:0.0000s ]
SQL: SELECT * FROM `ot_tgbz` WHERE `user` = 'admin@qq.com' AND `jb` = '5000' AND `showflag` = 1 ORDER BY id DESC LIMIT 1   [ RunTime:0.0156s ]
SQL: SELECT COUNT(*) AS tp_count FROM `ot_tgbz` WHERE `user` = 'admin@qq.com' LIMIT 1   [ RunTime:0.0000s ]
SQL: SELECT * FROM `ot_tgbz` WHERE `user` = 'admin@qq.com' ORDER BY id DESC LIMIT 0,100   [ RunTime:0.0000s ]
SQL: SHOW COLUMNS FROM `ot_jsbz` [ RunTime:0.0000s ]
SQL: SELECT COUNT(*) AS tp_count FROM `ot_jsbz` WHERE `user` = 'admin@qq.com' LIMIT 1   [ RunTime:0.0156s ]
SQL: SELECT * FROM `ot_jsbz` WHERE `user` = 'admin@qq.com' ORDER BY id DESC LIMIT 0,100   [ RunTime:0.0000s ]
SQL: SHOW COLUMNS FROM `ot_ppdd` [ RunTime:0.0156s ]
SQL: SELECT COUNT(*) AS tp_count FROM `ot_ppdd` WHERE `p_user` = 'admin@qq.com' LIMIT 1   [ RunTime:0.0000s ]
SQL: SELECT * FROM `ot_ppdd` WHERE `p_user` = 'admin@qq.com' ORDER BY id DESC LIMIT 0,100   [ RunTime:0.0000s ]
SQL: SELECT COUNT(*) AS tp_count FROM `ot_ppdd` WHERE `g_user` = 'admin@qq.com' LIMIT 1   [ RunTime:0.0000s ]
SQL: SELECT * FROM `ot_ppdd` WHERE `g_user` = 'admin@qq.com' ORDER BY id DESC LIMIT 0,100   [ RunTime:0.0000s ]
INFO: [ view_parse ] --START--
INFO: [ template_filter ] --START--
INFO: Run Behavior\ContentReplaceBehavior [ RunTime:0.000000s ]
INFO: [ template_filter ] --END-- [ RunTime:0.000000s ]
NOTIC: [8] Undefined variable: aaa1 D:\wwwroot\yijiayi\wwwroot\User\Runtime\Cache\Home\9b888f9a05177cc78c87c9cd7e37319c.php 第 508 行.
SQL: SELECT * FROM `ot_user` WHERE `UE_account` = '333333@qq.com' LIMIT 1   [ RunTime:0.0000s ]
NOTIC: [8] Undefined variable: aa2 D:\wwwroot\yijiayi\wwwroot\User\Runtime\Cache\Home\9b888f9a05177cc78c87c9cd7e37319c.php 第 550 行.
SQL: SELECT * FROM `ot_user` WHERE `UE_account` = '333333@qq.com' LIMIT 1   [ RunTime:0.0000s ]
NOTIC: [8] Undefined variable: a D:\wwwroot\yijiayi\wwwroot\User\Runtime\Cache\Home\9b888f9a05177cc78c87c9cd7e37319c.php 第 1660 行.
INFO: Run Behavior\ParseTemplateBehavior [ RunTime:0.187503s ]
INFO: [ view_parse ] --END-- [ RunTime:0.187503s ]
INFO: [ view_filter ] --START--
INFO: Run Behavior\WriteHtmlCacheBehavior [ RunTime:0.000000s ]
INFO: Run Behavior\TokenBuildBehavior [ RunTime:0.000000s ]
INFO: [ view_filter ] --END-- [ RunTime:0.000000s ]
INFO: [ app_end ] --START--
INFO: Run Behavior\ShowPageTraceBehavior [ RunTime:0.000000s ]
INFO: [ app_end ] --END-- [ RunTime:0.000000s ]

[ 2016-01-18T05:27:20+08:00 ] 119.186.131.253 /Home/Index/home/
INFO: [ app_init ] --START--
INFO: Run Behavior\BuildLiteBehavior [ RunTime:0.000000s ]
INFO: [ app_init ] --END-- [ RunTime:0.000000s ]
INFO: [ app_begin ] --START--
INFO: Run Behavior\ReadHtmlCacheBehavior [ RunTime:0.000000s ]
INFO: [ app_begin ] --END-- [ RunTime:0.000000s ]
SQL: SHOW COLUMNS FROM `ot_system` [ RunTime:0.0156s ]
SQL: SELECT * FROM `ot_system` WHERE `SYS_ID` = 1 LIMIT 1   [ RunTime:0.0000s ]
SQL: SHOW COLUMNS FROM `ot_user` [ RunTime:0.0000s ]
SQL: SELECT * FROM `ot_user` WHERE `UE_ID` = 61451 LIMIT 1   [ RunTime:0.0156s ]
SQL: SHOW COLUMNS FROM `ot_tgbz` [ RunTime:0.0000s ]
SQL: SELECT * FROM `ot_tgbz` WHERE `user` = 'admin@qq.com' AND `jb` = '500' AND `showflag` = 1 ORDER BY id DESC LIMIT 1   [ RunTime:0.0000s ]
SQL: SELECT * FROM `ot_tgbz` WHERE `user` = 'admin@qq.com' AND `jb` = '1000' AND `showflag` = 1 ORDER BY id DESC LIMIT 1   [ RunTime:0.0000s ]
SQL: SELECT * FROM `ot_tgbz` WHERE `user` = 'admin@qq.com' AND `jb` = '3000' AND `showflag` = 1 ORDER BY id DESC LIMIT 1   [ RunTime:0.0156s ]
SQL: SELECT * FROM `ot_tgbz` WHERE `user` = 'admin@qq.com' AND `jb` = '5000' AND `showflag` = 1 ORDER BY id DESC LIMIT 1   [ RunTime:0.0000s ]
SQL: SELECT COUNT(*) AS tp_count FROM `ot_tgbz` WHERE `user` = 'admin@qq.com' LIMIT 1   [ RunTime:0.0000s ]
SQL: SELECT * FROM `ot_tgbz` WHERE `user` = 'admin@qq.com' ORDER BY id DESC LIMIT 0,100   [ RunTime:0.0000s ]
SQL: SHOW COLUMNS FROM `ot_jsbz` [ RunTime:0.0000s ]
SQL: SELECT COUNT(*) AS tp_count FROM `ot_jsbz` WHERE `user` = 'admin@qq.com' LIMIT 1   [ RunTime:0.0000s ]
SQL: SELECT * FROM `ot_jsbz` WHERE `user` = 'admin@qq.com' ORDER BY id DESC LIMIT 0,100   [ RunTime:0.0000s ]
SQL: SHOW COLUMNS FROM `ot_ppdd` [ RunTime:0.0156s ]
SQL: SELECT COUNT(*) AS tp_count FROM `ot_ppdd` WHERE `p_user` = 'admin@qq.com' LIMIT 1   [ RunTime:0.0000s ]
SQL: SELECT * FROM `ot_ppdd` WHERE `p_user` = 'admin@qq.com' ORDER BY id DESC LIMIT 0,100   [ RunTime:0.0000s ]
SQL: SELECT COUNT(*) AS tp_count FROM `ot_ppdd` WHERE `g_user` = 'admin@qq.com' LIMIT 1   [ RunTime:0.0000s ]
SQL: SELECT * FROM `ot_ppdd` WHERE `g_user` = 'admin@qq.com' ORDER BY id DESC LIMIT 0,100   [ RunTime:0.0156s ]
INFO: [ view_parse ] --START--
INFO: [ template_filter ] --START--
INFO: Run Behavior\ContentReplaceBehavior [ RunTime:0.000000s ]
INFO: [ template_filter ] --END-- [ RunTime:0.000000s ]
NOTIC: [8] Undefined variable: aaa1 D:\wwwroot\yijiayi\wwwroot\User\Runtime\Cache\Home\9b888f9a05177cc78c87c9cd7e37319c.php 第 508 行.
SQL: SELECT * FROM `ot_user` WHERE `UE_account` = '333333@qq.com' LIMIT 1   [ RunTime:0.0000s ]
NOTIC: [8] Undefined variable: aa2 D:\wwwroot\yijiayi\wwwroot\User\Runtime\Cache\Home\9b888f9a05177cc78c87c9cd7e37319c.php 第 550 行.
SQL: SELECT * FROM `ot_user` WHERE `UE_account` = '333333@qq.com' LIMIT 1   [ RunTime:0.0156s ]
NOTIC: [8] Undefined variable: a D:\wwwroot\yijiayi\wwwroot\User\Runtime\Cache\Home\9b888f9a05177cc78c87c9cd7e37319c.php 第 1660 行.
INFO: Run Behavior\ParseTemplateBehavior [ RunTime:0.187502s ]
INFO: [ view_parse ] --END-- [ RunTime:0.187502s ]
INFO: [ view_filter ] --START--
INFO: Run Behavior\WriteHtmlCacheBehavior [ RunTime:0.000000s ]
INFO: Run Behavior\TokenBuildBehavior [ RunTime:0.000000s ]
INFO: [ view_filter ] --END-- [ RunTime:0.000000s ]
INFO: [ app_end ] --START--
INFO: Run Behavior\ShowPageTraceBehavior [ RunTime:0.000000s ]
INFO: [ app_end ] --END-- [ RunTime:0.000000s ]

[ 2016-01-18T07:22:42+08:00 ] 193.111.140.106 /Home/Reg/index.html
INFO: [ app_init ] --START--
INFO: Run Behavior\BuildLiteBehavior [ RunTime:0.000000s ]
INFO: [ app_init ] --END-- [ RunTime:0.000000s ]
INFO: [ app_begin ] --START--
INFO: Run Behavior\ReadHtmlCacheBehavior [ RunTime:0.000000s ]
INFO: [ app_begin ] --END-- [ RunTime:0.000000s ]
SQL: SHOW COLUMNS FROM `ot_user` [ RunTime:0.0156s ]
NOTIC: [8] Use of undefined constant UE_ID - assumed 'UE_ID' D:\wwwroot\yijiayi\wwwroot\User\Home\Controller\RegController.class.php 第 12 行.
SQL: SELECT * FROM `ot_user` WHERE `UE_ID` = 0 LIMIT 1   [ RunTime:0.0000s ]
SQL: SHOW COLUMNS FROM `ot_pin` [ RunTime:0.0000s ]
SQL: SELECT * FROM `ot_pin` WHERE `user` = null AND `zt` = '0' LIMIT 1   [ RunTime:0.0000s ]
INFO: [ view_parse ] --START--
INFO: [ template_filter ] --START--
INFO: Run Behavior\ContentReplaceBehavior [ RunTime:0.000000s ]
INFO: [ template_filter ] --END-- [ RunTime:0.000000s ]
INFO: Run Behavior\ParseTemplateBehavior [ RunTime:0.062499s ]
INFO: [ view_parse ] --END-- [ RunTime:0.062499s ]
INFO: [ view_filter ] --START--
INFO: Run Behavior\WriteHtmlCacheBehavior [ RunTime:0.000000s ]
INFO: Run Behavior\TokenBuildBehavior [ RunTime:0.000000s ]
INFO: [ view_filter ] --END-- [ RunTime:0.000000s ]
INFO: [ app_end ] --START--
INFO: Run Behavior\ShowPageTraceBehavior [ RunTime:0.000000s ]
INFO: [ app_end ] --END-- [ RunTime:0.015625s ]

[ 2016-01-18T09:53:26+08:00 ] 220.181.108.162 /
INFO: [ app_init ] --START--
INFO: Run Behavior\BuildLiteBehavior [ RunTime:0.000000s ]
INFO: [ app_init ] --END-- [ RunTime:0.000000s ]
INFO: [ app_begin ] --START--
INFO: Run Behavior\ReadHtmlCacheBehavior [ RunTime:0.000000s ]
INFO: [ app_begin ] --END-- [ RunTime:0.000000s ]
SQL: SHOW COLUMNS FROM `ot_system` [ RunTime:0.0000s ]
SQL: SELECT * FROM `ot_system` WHERE `SYS_ID` = 1 LIMIT 1   [ RunTime:0.0000s ]
SQL: SHOW COLUMNS FROM `ot_user` [ RunTime:0.0000s ]
NOTIC: [8] Undefined index: uid D:\wwwroot\yijiayi\wwwroot\User\Home\Controller\CommonController.class.php 第 88 行.
SQL: SELECT * FROM `ot_user` WHERE `UE_ID` = null LIMIT 1   [ RunTime:0.0156s ]
SQL: SHOW COLUMNS FROM `ot_tgbz` [ RunTime:0.0000s ]
NOTIC: [8] Undefined index: uname D:\wwwroot\yijiayi\wwwroot\User\Home\Controller\CommonController.class.php 第 101 行.
SQL: SELECT * FROM `ot_tgbz` WHERE `user` = null AND `jb` = '500' AND `showflag` = 1 ORDER BY id DESC LIMIT 1   [ RunTime:0.0000s ]
NOTIC: [8] Undefined index: uname D:\wwwroot\yijiayi\wwwroot\User\Home\Controller\CommonController.class.php 第 101 行.
SQL: SELECT * FROM `ot_tgbz` WHERE `user` = null AND `jb` = '1000' AND `showflag` = 1 ORDER BY id DESC LIMIT 1   [ RunTime:0.0000s ]
NOTIC: [8] Undefined index: uname D:\wwwroot\yijiayi\wwwroot\User\Home\Controller\CommonController.class.php 第 101 行.
SQL: SELECT * FROM `ot_tgbz` WHERE `user` = null AND `jb` = '3000' AND `showflag` = 1 ORDER BY id DESC LIMIT 1   [ RunTime:0.0000s ]
NOTIC: [8] Undefined index: uname D:\wwwroot\yijiayi\wwwroot\User\Home\Controller\CommonController.class.php 第 101 行.
SQL: SELECT * FROM `ot_tgbz` WHERE `user` = null AND `jb` = '5000' AND `showflag` = 1 ORDER BY id DESC LIMIT 1   [ RunTime:0.0000s ]

[ 2016-01-18T09:53:26+08:00 ] 220.181.108.156 /Home/Index/home.html
INFO: [ app_init ] --START--
INFO: Run Behavior\BuildLiteBehavior [ RunTime:0.000000s ]
INFO: [ app_init ] --END-- [ RunTime:0.000000s ]
INFO: [ app_begin ] --START--
INFO: Run Behavior\ReadHtmlCacheBehavior [ RunTime:0.000000s ]
INFO: [ app_begin ] --END-- [ RunTime:0.000000s ]
SQL: SHOW COLUMNS FROM `ot_system` [ RunTime:0.0156s ]
SQL: SELECT * FROM `ot_system` WHERE `SYS_ID` = 1 LIMIT 1   [ RunTime:0.0000s ]

[ 2016-01-18T09:53:26+08:00 ] 220.181.108.156 /Home/Login/index.html
INFO: [ app_init ] --START--
INFO: Run Behavior\BuildLiteBehavior [ RunTime:0.000000s ]
INFO: [ app_init ] --END-- [ RunTime:0.000000s ]
INFO: [ app_begin ] --START--
INFO: Run Behavior\ReadHtmlCacheBehavior [ RunTime:0.000000s ]
INFO: [ app_begin ] --END-- [ RunTime:0.000000s ]
INFO: [ view_parse ] --START--
INFO: [ template_filter ] --START--
INFO: Run Behavior\ContentReplaceBehavior [ RunTime:0.000000s ]
INFO: [ template_filter ] --END-- [ RunTime:0.000000s ]
INFO: Run Behavior\ParseTemplateBehavior [ RunTime:0.046875s ]
INFO: [ view_parse ] --END-- [ RunTime:0.046875s ]
INFO: [ view_filter ] --START--
INFO: Run Behavior\WriteHtmlCacheBehavior [ RunTime:0.000000s ]
INFO: Run Behavior\TokenBuildBehavior [ RunTime:0.000000s ]
INFO: [ view_filter ] --END-- [ RunTime:0.000000s ]
INFO: [ app_end ] --START--
INFO: Run Behavior\ShowPageTraceBehavior [ RunTime:0.000000s ]
INFO: [ app_end ] --END-- [ RunTime:0.000000s ]

[ 2016-01-18T10:45:28+08:00 ] 119.186.131.253 /
INFO: [ app_init ] --START--
INFO: Run Behavior\BuildLiteBehavior [ RunTime:0.000000s ]
INFO: [ app_init ] --END-- [ RunTime:0.000000s ]
INFO: [ app_begin ] --START--
INFO: Run Behavior\ReadHtmlCacheBehavior [ RunTime:0.000000s ]
INFO: [ app_begin ] --END-- [ RunTime:0.000000s ]
SQL: SHOW COLUMNS FROM `ot_system` [ RunTime:0.0156s ]
SQL: SELECT * FROM `ot_system` WHERE `SYS_ID` = 1 LIMIT 1   [ RunTime:0.0000s ]
SQL: SHOW COLUMNS FROM `ot_user` [ RunTime:0.0156s ]
NOTIC: [8] Undefined index: uid D:\wwwroot\yijiayi\wwwroot\User\Home\Controller\CommonController.class.php 第 88 行.
SQL: SELECT * FROM `ot_user` WHERE `UE_ID` = null LIMIT 1   [ RunTime:0.0000s ]
SQL: SHOW COLUMNS FROM `ot_tgbz` [ RunTime:0.0156s ]
NOTIC: [8] Undefined index: uname D:\wwwroot\yijiayi\wwwroot\User\Home\Controller\CommonController.class.php 第 101 行.
SQL: SELECT * FROM `ot_tgbz` WHERE `user` = null AND `jb` = '500' AND `showflag` = 1 ORDER BY id DESC LIMIT 1   [ RunTime:0.0156s ]
NOTIC: [8] Undefined index: uname D:\wwwroot\yijiayi\wwwroot\User\Home\Controller\CommonController.class.php 第 101 行.
SQL: SELECT * FROM `ot_tgbz` WHERE `user` = null AND `jb` = '1000' AND `showflag` = 1 ORDER BY id DESC LIMIT 1   [ RunTime:0.0000s ]
NOTIC: [8] Undefined index: uname D:\wwwroot\yijiayi\wwwroot\User\Home\Controller\CommonController.class.php 第 101 行.
SQL: SELECT * FROM `ot_tgbz` WHERE `user` = null AND `jb` = '3000' AND `showflag` = 1 ORDER BY id DESC LIMIT 1   [ RunTime:0.0000s ]
NOTIC: [8] Undefined index: uname D:\wwwroot\yijiayi\wwwroot\User\Home\Controller\CommonController.class.php 第 101 行.
SQL: SELECT * FROM `ot_tgbz` WHERE `user` = null AND `jb` = '5000' AND `showflag` = 1 ORDER BY id DESC LIMIT 1   [ RunTime:0.0000s ]

[ 2016-01-18T10:45:28+08:00 ] 119.186.131.253 /Home/Index/home.html
INFO: [ app_init ] --START--
INFO: Run Behavior\BuildLiteBehavior [ RunTime:0.000000s ]
INFO: [ app_init ] --END-- [ RunTime:0.000000s ]
INFO: [ app_begin ] --START--
INFO: Run Behavior\ReadHtmlCacheBehavior [ RunTime:0.000000s ]
INFO: [ app_begin ] --END-- [ RunTime:0.000000s ]
SQL: SHOW COLUMNS FROM `ot_system` [ RunTime:0.0000s ]
SQL: SELECT * FROM `ot_system` WHERE `SYS_ID` = 1 LIMIT 1   [ RunTime:0.0000s ]

[ 2016-01-18T10:45:28+08:00 ] 119.186.131.253 /Home/Login/index.html
INFO: [ app_init ] --START--
INFO: Run Behavior\BuildLiteBehavior [ RunTime:0.000000s ]
INFO: [ app_init ] --END-- [ RunTime:0.000000s ]
INFO: [ app_begin ] --START--
INFO: Run Behavior\ReadHtmlCacheBehavior [ RunTime:0.000000s ]
INFO: [ app_begin ] --END-- [ RunTime:0.000000s ]
INFO: [ view_parse ] --START--
INFO: [ template_filter ] --START--
INFO: Run Behavior\ContentReplaceBehavior [ RunTime:0.000000s ]
INFO: [ template_filter ] --END-- [ RunTime:0.000000s ]
INFO: Run Behavior\ParseTemplateBehavior [ RunTime:0.062499s ]
INFO: [ view_parse ] --END-- [ RunTime:0.062499s ]
INFO: [ view_filter ] --START--
INFO: Run Behavior\WriteHtmlCacheBehavior [ RunTime:0.000000s ]
INFO: Run Behavior\TokenBuildBehavior [ RunTime:0.000000s ]
INFO: [ view_filter ] --END-- [ RunTime:0.000000s ]
INFO: [ app_end ] --START--
INFO: Run Behavior\ShowPageTraceBehavior [ RunTime:0.000000s ]
INFO: [ app_end ] --END-- [ RunTime:0.000000s ]

[ 2016-01-18T10:45:54+08:00 ] 119.186.131.253 /Home/Login/logincl.html
INFO: [ app_init ] --START--
INFO: Run Behavior\BuildLiteBehavior [ RunTime:0.000000s ]
INFO: [ app_init ] --END-- [ RunTime:0.000000s ]
INFO: [ app_begin ] --START--
INFO: Run Behavior\ReadHtmlCacheBehavior [ RunTime:0.000000s ]
INFO: [ app_begin ] --END-- [ RunTime:0.000000s ]
SQL: SHOW COLUMNS FROM `ot_user` [ RunTime:0.0000s ]
SQL: SELECT * FROM `ot_user` WHERE `UE_account` = 'ADMIN@QQ.COM' LIMIT 1   [ RunTime:0.0000s ]
SQL: SHOW COLUMNS FROM `ot_ppdd` [ RunTime:0.0000s ]
SQL: SELECT * FROM `ot_ppdd` WHERE `p_user` = 'admin@qq.com' AND `zt` = 0 AND `ts_zt` = 0  [ RunTime:0.0156s ]
NOTIC: [8] Use of undefined constant ue_id - assumed 'ue_id' D:\wwwroot\yijiayi\wwwroot\User\Home\Controller\LoginController.class.php 第 107 行.
NOTIC: [8] Use of undefined constant ue_account - assumed 'ue_account' D:\wwwroot\yijiayi\wwwroot\User\Home\Controller\LoginController.class.php 第 109 行.
NOTIC: [8] Use of undefined constant ue_account - assumed 'ue_account' D:\wwwroot\yijiayi\wwwroot\User\Home\Controller\LoginController.class.php 第 117 行.
SQL: SHOW COLUMNS FROM `ot_drrz` [ RunTime:0.0000s ]
SQL: INSERT INTO `ot_drrz` (`date`,`ip`,`user`,`leixin`) VALUES ('2016-01-18 10:45:54','119.186.131.253','admin@qq.com','0') [ RunTime:0.0000s ]
INFO: [ view_parse ] --START--
INFO: [ template_filter ] --START--
INFO: Run Behavior\ContentReplaceBehavior [ RunTime:0.000000s ]
INFO: [ template_filter ] --END-- [ RunTime:0.000000s ]
INFO: Run Behavior\ParseTemplateBehavior [ RunTime:0.015625s ]
INFO: [ view_parse ] --END-- [ RunTime:0.015625s ]
INFO: [ view_filter ] --START--
INFO: Run Behavior\WriteHtmlCacheBehavior [ RunTime:0.000000s ]
INFO: Run Behavior\TokenBuildBehavior [ RunTime:0.000000s ]
INFO: [ view_filter ] --END-- [ RunTime:0.000000s ]

[ 2016-01-18T10:45:57+08:00 ] 119.186.131.253 /Home/Index/home/
INFO: [ app_init ] --START--
INFO: Run Behavior\BuildLiteBehavior [ RunTime:0.000000s ]
INFO: [ app_init ] --END-- [ RunTime:0.000000s ]
INFO: [ app_begin ] --START--
INFO: Run Behavior\ReadHtmlCacheBehavior [ RunTime:0.015625s ]
INFO: [ app_begin ] --END-- [ RunTime:0.015625s ]
SQL: SHOW COLUMNS FROM `ot_system` [ RunTime:0.0156s ]
SQL: SELECT * FROM `ot_system` WHERE `SYS_ID` = 1 LIMIT 1   [ RunTime:0.0000s ]
SQL: SHOW COLUMNS FROM `ot_user` [ RunTime:0.0156s ]
SQL: SELECT * FROM `ot_user` WHERE `UE_ID` = 61451 LIMIT 1   [ RunTime:0.0156s ]
SQL: SHOW COLUMNS FROM `ot_tgbz` [ RunTime:0.0156s ]
SQL: SELECT * FROM `ot_tgbz` WHERE `user` = 'admin@qq.com' AND `jb` = '500' AND `showflag` = 1 ORDER BY id DESC LIMIT 1   [ RunTime:0.0000s ]
SQL: SELECT * FROM `ot_tgbz` WHERE `user` = 'admin@qq.com' AND `jb` = '1000' AND `showflag` = 1 ORDER BY id DESC LIMIT 1   [ RunTime:0.0000s ]
SQL: SELECT * FROM `ot_tgbz` WHERE `user` = 'admin@qq.com' AND `jb` = '3000' AND `showflag` = 1 ORDER BY id DESC LIMIT 1   [ RunTime:0.0000s ]
SQL: SELECT * FROM `ot_tgbz` WHERE `user` = 'admin@qq.com' AND `jb` = '5000' AND `showflag` = 1 ORDER BY id DESC LIMIT 1   [ RunTime:0.0000s ]
SQL: SELECT COUNT(*) AS tp_count FROM `ot_tgbz` WHERE `user` = 'admin@qq.com' LIMIT 1   [ RunTime:0.0000s ]
SQL: SELECT * FROM `ot_tgbz` WHERE `user` = 'admin@qq.com' ORDER BY id DESC LIMIT 0,100   [ RunTime:0.0156s ]
SQL: SHOW COLUMNS FROM `ot_jsbz` [ RunTime:0.0156s ]
SQL: SELECT COUNT(*) AS tp_count FROM `ot_jsbz` WHERE `user` = 'admin@qq.com' LIMIT 1   [ RunTime:0.0000s ]
SQL: SELECT * FROM `ot_jsbz` WHERE `user` = 'admin@qq.com' ORDER BY id DESC LIMIT 0,100   [ RunTime:0.0156s ]
SQL: SHOW COLUMNS FROM `ot_ppdd` [ RunTime:0.0156s ]
SQL: SELECT COUNT(*) AS tp_count FROM `ot_ppdd` WHERE `p_user` = 'admin@qq.com' LIMIT 1   [ RunTime:0.0000s ]
SQL: SELECT * FROM `ot_ppdd` WHERE `p_user` = 'admin@qq.com' ORDER BY id DESC LIMIT 0,100   [ RunTime:0.0156s ]
SQL: SELECT COUNT(*) AS tp_count FROM `ot_ppdd` WHERE `g_user` = 'admin@qq.com' LIMIT 1   [ RunTime:0.0000s ]
SQL: SELECT * FROM `ot_ppdd` WHERE `g_user` = 'admin@qq.com' ORDER BY id DESC LIMIT 0,100   [ RunTime:0.0000s ]
INFO: [ view_parse ] --START--
INFO: [ template_filter ] --START--
INFO: Run Behavior\ContentReplaceBehavior [ RunTime:0.000000s ]
INFO: [ template_filter ] --END-- [ RunTime:0.000000s ]
NOTIC: [8] Undefined variable: aaa1 D:\wwwroot\yijiayi\wwwroot\User\Runtime\Cache\Home\9b888f9a05177cc78c87c9cd7e37319c.php 第 508 行.
SQL: SELECT * FROM `ot_user` WHERE `UE_account` = '333333@qq.com' LIMIT 1   [ RunTime:0.0000s ]
NOTIC: [8] Undefined variable: aa2 D:\wwwroot\yijiayi\wwwroot\User\Runtime\Cache\Home\9b888f9a05177cc78c87c9cd7e37319c.php 第 550 行.
SQL: SELECT * FROM `ot_user` WHERE `UE_account` = '333333@qq.com' LIMIT 1   [ RunTime:0.0000s ]
NOTIC: [8] Undefined variable: a D:\wwwroot\yijiayi\wwwroot\User\Runtime\Cache\Home\9b888f9a05177cc78c87c9cd7e37319c.php 第 1660 行.
INFO: Run Behavior\ParseTemplateBehavior [ RunTime:0.203122s ]
INFO: [ view_parse ] --END-- [ RunTime:0.203122s ]
INFO: [ view_filter ] --START--
INFO: Run Behavior\WriteHtmlCacheBehavior [ RunTime:0.000000s ]
INFO: Run Behavior\TokenBuildBehavior [ RunTime:0.000000s ]
INFO: [ view_filter ] --END-- [ RunTime:0.000000s ]
INFO: [ app_end ] --START--
INFO: Run Behavior\ShowPageTraceBehavior [ RunTime:0.000000s ]
INFO: [ app_end ] --END-- [ RunTime:0.000000s ]

[ 2016-01-18T10:46:06+08:00 ] 119.186.131.253 /Home/Info/cwmx
INFO: [ app_init ] --START--
INFO: Run Behavior\BuildLiteBehavior [ RunTime:0.000000s ]
INFO: [ app_init ] --END-- [ RunTime:0.000000s ]
INFO: [ app_begin ] --START--
INFO: Run Behavior\ReadHtmlCacheBehavior [ RunTime:0.000000s ]
INFO: [ app_begin ] --END-- [ RunTime:0.000000s ]
SQL: SHOW COLUMNS FROM `ot_system` [ RunTime:0.0000s ]
SQL: SELECT * FROM `ot_system` WHERE `SYS_ID` = 1 LIMIT 1   [ RunTime:0.0000s ]
SQL: SHOW COLUMNS FROM `ot_user` [ RunTime:0.0000s ]
SQL: SELECT * FROM `ot_user` WHERE `UE_ID` = 61451 LIMIT 1   [ RunTime:0.0000s ]
SQL: SHOW COLUMNS FROM `ot_tgbz` [ RunTime:0.0312s ]
SQL: SELECT * FROM `ot_tgbz` WHERE `user` = 'admin@qq.com' AND `jb` = '500' AND `showflag` = 1 ORDER BY id DESC LIMIT 1   [ RunTime:0.0000s ]
SQL: SELECT * FROM `ot_tgbz` WHERE `user` = 'admin@qq.com' AND `jb` = '1000' AND `showflag` = 1 ORDER BY id DESC LIMIT 1   [ RunTime:0.0000s ]
SQL: SELECT * FROM `ot_tgbz` WHERE `user` = 'admin@qq.com' AND `jb` = '3000' AND `showflag` = 1 ORDER BY id DESC LIMIT 1   [ RunTime:0.0000s ]
SQL: SELECT * FROM `ot_tgbz` WHERE `user` = 'admin@qq.com' AND `jb` = '5000' AND `showflag` = 1 ORDER BY id DESC LIMIT 1   [ RunTime:0.0000s ]
SQL: SELECT * FROM `ot_tgbz` WHERE `user` = 'admin@qq.com' AND `zt` = 0 ORDER BY id DESC  [ RunTime:0.0000s ]
SQL: SHOW COLUMNS FROM `ot_user_jj` [ RunTime:0.0156s ]
SQL: SELECT COUNT(*) AS tp_count FROM `ot_user_jj` WHERE `user` = 'admin@qq.com' LIMIT 1   [ RunTime:0.0000s ]
SQL: SELECT * FROM `ot_user_jj` WHERE `user` = 'admin@qq.com' ORDER BY id DESC LIMIT 0,10   [ RunTime:0.0000s ]
SQL: SHOW COLUMNS FROM `ot_user_jl` [ RunTime:0.0000s ]
SQL: SELECT COUNT(*) AS tp_count FROM `ot_user_jl` WHERE `user` = 'admin@qq.com' LIMIT 1   [ RunTime:0.0000s ]
SQL: SELECT * FROM `ot_user_jl` WHERE `user` = 'admin@qq.com' ORDER BY id DESC LIMIT 0,10   [ RunTime:0.0000s ]
SQL: SHOW COLUMNS FROM `ot_userget` [ RunTime:0.0156s ]
SQL: SELECT COUNT(*) AS tp_count FROM `ot_userget` WHERE `UG_account` = 'admin@qq.com' LIMIT 1   [ RunTime:0.0000s ]
SQL: SELECT * FROM `ot_userget` WHERE `UG_account` = 'admin@qq.com' ORDER BY UG_ID DESC LIMIT 0,10   [ RunTime:0.0000s ]
SQL: SHOW COLUMNS FROM `ot_tixian` [ RunTime:0.0000s ]
SQL: SELECT COUNT(*) AS tp_count FROM `ot_tixian` WHERE `UG_account` = 'admin@qq.com' LIMIT 1   [ RunTime:0.0000s ]
SQL: SELECT * FROM `ot_tixian` WHERE `UG_account` = 'admin@qq.com' ORDER BY id DESC LIMIT 0,10   [ RunTime:0.0000s ]
NOTIC: [8] Use of undefined constant UE_account - assumed 'UE_account' D:\wwwroot\yijiayi\wwwroot\User\Home\Controller\InfoController.class.php 第 545 行.
SQL: SELECT * FROM `ot_user` WHERE `UE_account` = 'admin@qq.com' LIMIT 1   [ RunTime:0.0000s ]
SQL: SELECT SUM(UG_money) AS tp_sum FROM `ot_userget` WHERE `UG_account` = 'admin@qq.com' AND `UG_dataType` = 'tjj' LIMIT 1   [ RunTime:0.0156s ]
SQL: SELECT SUM(UG_money) AS tp_sum FROM `ot_userget` WHERE `UG_account` = 'admin@qq.com' AND `UG_dataType` = 'jlj' LIMIT 1   [ RunTime:0.0000s ]
INFO: [ view_parse ] --START--
INFO: [ template_filter ] --START--
INFO: Run Behavior\ContentReplaceBehavior [ RunTime:0.000000s ]
INFO: [ template_filter ] --END-- [ RunTime:0.000000s ]
NOTIC: [8] Undefined variable: ztrs D:\wwwroot\yijiayi\wwwroot\User\Runtime\Cache\Home\95d2402fc4416413d7cf886e5691e94b.php 第 497 行.
SQL: SELECT * FROM `ot_user_jj` WHERE `id` = 104 LIMIT 1   [ RunTime:0.0000s ]
SQL: SELECT * FROM `ot_userget` WHERE `varid` = 104 LIMIT 1   [ RunTime:0.0000s ]
SQL: SHOW COLUMNS FROM `ot_ppdd` [ RunTime:0.0156s ]
SQL: SELECT * FROM `ot_ppdd` WHERE `id` = 37 LIMIT 1   [ RunTime:0.0000s ]
NOTIC: [8] Undefined variable: ztrs3 D:\wwwroot\yijiayi\wwwroot\User\Runtime\Cache\Home\95d2402fc4416413d7cf886e5691e94b.php 第 498 行.
SQL: SELECT * FROM `ot_user_jj` WHERE `id` = 104 LIMIT 1   [ RunTime:0.0000s ]
SQL: SELECT `UG_getTime` FROM `ot_userget` WHERE `varid` = 104 LIMIT 1   [ RunTime:0.0000s ]
NOTIC: [8] Undefined variable: ztrs1 D:\wwwroot\yijiayi\wwwroot\User\Runtime\Cache\Home\95d2402fc4416413d7cf886e5691e94b.php 第 500 行.
SQL: SELECT * FROM `ot_user_jj` WHERE `id` = 104 LIMIT 1   [ RunTime:0.0000s ]
SQL: SELECT * FROM `ot_ppdd` WHERE `id` = 37 LIMIT 1   [ RunTime:0.0000s ]
NOTIC: [8] Undefined variable: ztrs2 D:\wwwroot\yijiayi\wwwroot\User\Runtime\Cache\Home\95d2402fc4416413d7cf886e5691e94b.php 第 510 行.
SQL: SELECT * FROM `ot_ppdd` WHERE `id` = 37 LIMIT 1   [ RunTime:0.0000s ]
NOTIC: [8] Undefined variable: ztrs D:\wwwroot\yijiayi\wwwroot\User\Runtime\Cache\Home\95d2402fc4416413d7cf886e5691e94b.php 第 497 行.
SQL: SELECT * FROM `ot_user_jj` WHERE `id` = 103 LIMIT 1   [ RunTime:0.0000s ]
SQL: SELECT * FROM `ot_userget` WHERE `varid` = 103 LIMIT 1   [ RunTime:0.0156s ]
SQL: SELECT * FROM `ot_ppdd` WHERE `id` = 36 LIMIT 1   [ RunTime:0.0000s ]
NOTIC: [8] Undefined variable: ztrs3 D:\wwwroot\yijiayi\wwwroot\User\Runtime\Cache\Home\95d2402fc4416413d7cf886e5691e94b.php 第 498 行.
SQL: SELECT * FROM `ot_user_jj` WHERE `id` = 103 LIMIT 1   [ RunTime:0.0000s ]
SQL: SELECT `UG_getTime` FROM `ot_userget` WHERE `varid` = 103 LIMIT 1   [ RunTime:0.0000s ]
NOTIC: [8] Undefined variable: ztrs1 D:\wwwroot\yijiayi\wwwroot\User\Runtime\Cache\Home\95d2402fc4416413d7cf886e5691e94b.php 第 500 行.
SQL: SELECT * FROM `ot_user_jj` WHERE `id` = 103 LIMIT 1   [ RunTime:0.0000s ]
SQL: SELECT * FROM `ot_ppdd` WHERE `id` = 36 LIMIT 1   [ RunTime:0.0000s ]
NOTIC: [8] Undefined variable: ztrs2 D:\wwwroot\yijiayi\wwwroot\User\Runtime\Cache\Home\95d2402fc4416413d7cf886e5691e94b.php 第 510 行.
SQL: SELECT * FROM `ot_ppdd` WHERE `id` = 36 LIMIT 1   [ RunTime:0.0000s ]
NOTIC: [8] Undefined variable: ztrs D:\wwwroot\yijiayi\wwwroot\User\Runtime\Cache\Home\95d2402fc4416413d7cf886e5691e94b.php 第 497 行.
SQL: SELECT * FROM `ot_user_jj` WHERE `id` = 97 LIMIT 1   [ RunTime:0.0000s ]
SQL: SELECT * FROM `ot_userget` WHERE `varid` = 97 LIMIT 1   [ RunTime:0.0000s ]
SQL: SELECT * FROM `ot_ppdd` WHERE `id` = 19 LIMIT 1   [ RunTime:0.0000s ]
NOTIC: [8] Undefined index: UG_getTime D:\wwwroot\yijiayi\wwwroot\User\Home\Common\function.php 第 83 行.
NOTIC: [8] Undefined variable: nowtime3 D:\wwwroot\yijiayi\wwwroot\User\Home\Common\function.php 第 88 行.
NOTIC: [8] Undefined variable: ztrs3 D:\wwwroot\yijiayi\wwwroot\User\Runtime\Cache\Home\95d2402fc4416413d7cf886e5691e94b.php 第 498 行.
SQL: SELECT * FROM `ot_user_jj` WHERE `id` = 97 LIMIT 1   [ RunTime:0.0000s ]
SQL: SELECT `UG_getTime` FROM `ot_userget` WHERE `varid` = 97 LIMIT 1   [ RunTime:0.0000s ]
NOTIC: [8] Undefined variable: ztrs2 D:\wwwroot\yijiayi\wwwroot\User\Runtime\Cache\Home\95d2402fc4416413d7cf886e5691e94b.php 第 510 行.
SQL: SELECT * FROM `ot_ppdd` WHERE `id` = 19 LIMIT 1   [ RunTime:0.0000s ]
NOTIC: [8] Undefined variable: ztrs D:\wwwroot\yijiayi\wwwroot\User\Runtime\Cache\Home\95d2402fc4416413d7cf886e5691e94b.php 第 497 行.
SQL: SELECT * FROM `ot_user_jj` WHERE `id` = 95 LIMIT 1   [ RunTime:0.0000s ]
SQL: SELECT * FROM `ot_userget` WHERE `varid` = 95 LIMIT 1   [ RunTime:0.0000s ]
SQL: SELECT * FROM `ot_ppdd` WHERE `id` = 12 LIMIT 1   [ RunTime:0.0000s ]
NOTIC: [8] Undefined variable: ztrs3 D:\wwwroot\yijiayi\wwwroot\User\Runtime\Cache\Home\95d2402fc4416413d7cf886e5691e94b.php 第 498 行.
SQL: SELECT * FROM `ot_user_jj` WHERE `id` = 95 LIMIT 1   [ RunTime:0.0000s ]
SQL: SELECT `UG_getTime` FROM `ot_userget` WHERE `varid` = 95 LIMIT 1   [ RunTime:0.0000s ]
NOTIC: [8] Undefined variable: ztrs1 D:\wwwroot\yijiayi\wwwroot\User\Runtime\Cache\Home\95d2402fc4416413d7cf886e5691e94b.php 第 500 行.
SQL: SELECT * FROM `ot_user_jj` WHERE `id` = 95 LIMIT 1   [ RunTime:0.0000s ]
SQL: SELECT * FROM `ot_ppdd` WHERE `id` = 12 LIMIT 1   [ RunTime:0.0000s ]
NOTIC: [8] Undefined variable: ztrs2 D:\wwwroot\yijiayi\wwwroot\User\Runtime\Cache\Home\95d2402fc4416413d7cf886e5691e94b.php 第 510 行.
SQL: SELECT * FROM `ot_ppdd` WHERE `id` = 12 LIMIT 1   [ RunTime:0.0000s ]
NOTIC: [8] Undefined variable: ztrs3 D:\wwwroot\yijiayi\wwwroot\User\Runtime\Cache\Home\95d2402fc4416413d7cf886e5691e94b.php 第 578 行.
SQL: SELECT * FROM `ot_ppdd` WHERE `id` = 23 LIMIT 1   [ RunTime:0.0000s ]
NOTIC: [8] Undefined variable: ztrs2 D:\wwwroot\yijiayi\wwwroot\User\Runtime\Cache\Home\95d2402fc4416413d7cf886e5691e94b.php 第 579 行.
SQL: SELECT * FROM `ot_ppdd` WHERE `id` = 23 LIMIT 1   [ RunTime:0.0000s ]
NOTIC: [8] Undefined variable: ztrs3 D:\wwwroot\yijiayi\wwwroot\User\Runtime\Cache\Home\95d2402fc4416413d7cf886e5691e94b.php 第 578 行.
SQL: SELECT * FROM `ot_ppdd` WHERE `id` = 23 LIMIT 1   [ RunTime:0.0000s ]
NOTIC: [8] Undefined variable: ztrs2 D:\wwwroot\yijiayi\wwwroot\User\Runtime\Cache\Home\95d2402fc4416413d7cf886e5691e94b.php 第 579 行.
SQL: SELECT * FROM `ot_ppdd` WHERE `id` = 23 LIMIT 1   [ RunTime:0.0000s ]
NOTIC: [8] Undefined variable: ztrs3 D:\wwwroot\yijiayi\wwwroot\User\Runtime\Cache\Home\95d2402fc4416413d7cf886e5691e94b.php 第 578 行.
SQL: SELECT * FROM `ot_ppdd` WHERE `id` = 20 LIMIT 1   [ RunTime:0.0000s ]
NOTIC: [8] Undefined variable: ztrs2 D:\wwwroot\yijiayi\wwwroot\User\Runtime\Cache\Home\95d2402fc4416413d7cf886e5691e94b.php 第 579 行.
SQL: SELECT * FROM `ot_ppdd` WHERE `id` = 20 LIMIT 1   [ RunTime:0.0000s ]
NOTIC: [8] Undefined variable: ztrs3 D:\wwwroot\yijiayi\wwwroot\User\Runtime\Cache\Home\95d2402fc4416413d7cf886e5691e94b.php 第 578 行.
SQL: SELECT * FROM `ot_ppdd` WHERE `id` = 18 LIMIT 1   [ RunTime:0.0000s ]
NOTIC: [8] Undefined variable: ztrs2 D:\wwwroot\yijiayi\wwwroot\User\Runtime\Cache\Home\95d2402fc4416413d7cf886e5691e94b.php 第 579 行.
SQL: SELECT * FROM `ot_ppdd` WHERE `id` = 18 LIMIT 1   [ RunTime:0.0000s ]
NOTIC: [8] Undefined variable: ztrs3 D:\wwwroot\yijiayi\wwwroot\User\Runtime\Cache\Home\95d2402fc4416413d7cf886e5691e94b.php 第 578 行.
SQL: SELECT * FROM `ot_ppdd` WHERE `id` = 18 LIMIT 1   [ RunTime:0.0000s ]
NOTIC: [8] Undefined variable: ztrs2 D:\wwwroot\yijiayi\wwwroot\User\Runtime\Cache\Home\95d2402fc4416413d7cf886e5691e94b.php 第 579 行.
SQL: SELECT * FROM `ot_ppdd` WHERE `id` = 18 LIMIT 1   [ RunTime:0.0000s ]
NOTIC: [8] Undefined variable: ztrs3 D:\wwwroot\yijiayi\wwwroot\User\Runtime\Cache\Home\95d2402fc4416413d7cf886e5691e94b.php 第 578 行.
SQL: SELECT * FROM `ot_ppdd` WHERE `id` = 11 LIMIT 1   [ RunTime:0.0000s ]
NOTIC: [8] Undefined variable: ztrs2 D:\wwwroot\yijiayi\wwwroot\User\Runtime\Cache\Home\95d2402fc4416413d7cf886e5691e94b.php 第 579 行.
SQL: SELECT * FROM `ot_ppdd` WHERE `id` = 11 LIMIT 1   [ RunTime:0.0000s ]
NOTIC: [8] Undefined variable: ztrs3 D:\wwwroot\yijiayi\wwwroot\User\Runtime\Cache\Home\95d2402fc4416413d7cf886e5691e94b.php 第 578 行.
SQL: SELECT * FROM `ot_ppdd` WHERE `id` = 11 LIMIT 1   [ RunTime:0.0000s ]
NOTIC: [8] Undefined variable: ztrs2 D:\wwwroot\yijiayi\wwwroot\User\Runtime\Cache\Home\95d2402fc4416413d7cf886e5691e94b.php 第 579 行.
SQL: SELECT * FROM `ot_ppdd` WHERE `id` = 11 LIMIT 1   [ RunTime:0.0000s ]
NOTIC: [8] Undefined variable: ztrs3 D:\wwwroot\yijiayi\wwwroot\User\Runtime\Cache\Home\95d2402fc4416413d7cf886e5691e94b.php 第 578 行.
SQL: SELECT * FROM `ot_ppdd` WHERE `id` = 8 LIMIT 1   [ RunTime:0.0000s ]
NOTIC: [8] Undefined variable: ztrs2 D:\wwwroot\yijiayi\wwwroot\User\Runtime\Cache\Home\95d2402fc4416413d7cf886e5691e94b.php 第 579 行.
SQL: SELECT * FROM `ot_ppdd` WHERE `id` = 8 LIMIT 1   [ RunTime:0.0000s ]
NOTIC: [8] Undefined variable: ztrs3 D:\wwwroot\yijiayi\wwwroot\User\Runtime\Cache\Home\95d2402fc4416413d7cf886e5691e94b.php 第 578 行.
SQL: SELECT * FROM `ot_ppdd` WHERE `id` = 8 LIMIT 1   [ RunTime:0.0000s ]
NOTIC: [8] Undefined variable: ztrs2 D:\wwwroot\yijiayi\wwwroot\User\Runtime\Cache\Home\95d2402fc4416413d7cf886e5691e94b.php 第 579 行.
SQL: SELECT * FROM `ot_ppdd` WHERE `id` = 8 LIMIT 1   [ RunTime:0.0000s ]
NOTIC: [8] Undefined variable: ztrs3 D:\wwwroot\yijiayi\wwwroot\User\Runtime\Cache\Home\95d2402fc4416413d7cf886e5691e94b.php 第 578 行.
SQL: SELECT * FROM `ot_ppdd` WHERE `id` = 4 LIMIT 1   [ RunTime:0.0000s ]
NOTIC: [8] Undefined variable: ztrs2 D:\wwwroot\yijiayi\wwwroot\User\Runtime\Cache\Home\95d2402fc4416413d7cf886e5691e94b.php 第 579 行.
SQL: SELECT * FROM `ot_ppdd` WHERE `id` = 4 LIMIT 1   [ RunTime:0.0000s ]
INFO: Run Behavior\ParseTemplateBehavior [ RunTime:0.171873s ]
INFO: [ view_parse ] --END-- [ RunTime:0.171873s ]
INFO: [ view_filter ] --START--
INFO: Run Behavior\WriteHtmlCacheBehavior [ RunTime:0.000000s ]
INFO: Run Behavior\TokenBuildBehavior [ RunTime:0.000000s ]
INFO: [ view_filter ] --END-- [ RunTime:0.000000s ]
INFO: [ app_end ] --START--
INFO: Run Behavior\ShowPageTraceBehavior [ RunTime:0.000000s ]
INFO: [ app_end ] --END-- [ RunTime:0.000000s ]

[ 2016-01-18T10:46:26+08:00 ] 119.186.131.253 /Home/Myuser/lxwm/
INFO: [ app_init ] --START--
INFO: Run Behavior\BuildLiteBehavior [ RunTime:0.000000s ]
INFO: [ app_init ] --END-- [ RunTime:0.000000s ]
INFO: [ app_begin ] --START--
INFO: Run Behavior\ReadHtmlCacheBehavior [ RunTime:0.000000s ]
INFO: [ app_begin ] --END-- [ RunTime:0.000000s ]
SQL: SHOW COLUMNS FROM `ot_system` [ RunTime:0.0156s ]
SQL: SELECT * FROM `ot_system` WHERE `SYS_ID` = 1 LIMIT 1   [ RunTime:0.0156s ]
SQL: SHOW COLUMNS FROM `ot_user` [ RunTime:0.0000s ]
SQL: SELECT * FROM `ot_user` WHERE `UE_ID` = 61451 LIMIT 1   [ RunTime:0.0000s ]
SQL: SHOW COLUMNS FROM `ot_tgbz` [ RunTime:0.0156s ]
SQL: SELECT * FROM `ot_tgbz` WHERE `user` = 'admin@qq.com' AND `jb` = '500' AND `showflag` = 1 ORDER BY id DESC LIMIT 1   [ RunTime:0.0000s ]
SQL: SELECT * FROM `ot_tgbz` WHERE `user` = 'admin@qq.com' AND `jb` = '1000' AND `showflag` = 1 ORDER BY id DESC LIMIT 1   [ RunTime:0.0000s ]
SQL: SELECT * FROM `ot_tgbz` WHERE `user` = 'admin@qq.com' AND `jb` = '3000' AND `showflag` = 1 ORDER BY id DESC LIMIT 1   [ RunTime:0.0000s ]
SQL: SELECT * FROM `ot_tgbz` WHERE `user` = 'admin@qq.com' AND `jb` = '5000' AND `showflag` = 1 ORDER BY id DESC LIMIT 1   [ RunTime:0.0156s ]
SQL: SHOW COLUMNS FROM `ot_message` [ RunTime:0.0000s ]
SQL: SELECT COUNT(*) AS tp_count FROM `ot_message` WHERE `MA_userName` = 'admin@qq.com' LIMIT 1   [ RunTime:0.0000s ]
SQL: SELECT * FROM `ot_message` WHERE `MA_userName` = 'admin@qq.com' ORDER BY MA_ID DESC LIMIT 0,12   [ RunTime:0.0000s ]
SQL: SELECT * FROM `ot_user` WHERE `UE_ID` = 61451 LIMIT 1   [ RunTime:0.0156s ]
INFO: [ view_parse ] --START--
INFO: [ template_filter ] --START--
INFO: Run Behavior\ContentReplaceBehavior [ RunTime:0.000000s ]
INFO: [ template_filter ] --END-- [ RunTime:0.000000s ]
INFO: Run Behavior\ParseTemplateBehavior [ RunTime:0.062499s ]
INFO: [ view_parse ] --END-- [ RunTime:0.062499s ]
INFO: [ view_filter ] --START--
INFO: Run Behavior\WriteHtmlCacheBehavior [ RunTime:0.000000s ]
INFO: Run Behavior\TokenBuildBehavior [ RunTime:0.000000s ]
INFO: [ view_filter ] --END-- [ RunTime:0.000000s ]
INFO: [ app_end ] --START--
INFO: Run Behavior\ShowPageTraceBehavior [ RunTime:0.000000s ]
INFO: [ app_end ] --END-- [ RunTime:0.000000s ]

[ 2016-01-18T10:55:18+08:00 ] 119.186.131.253 /Home/Myuser/lxwm/
INFO: [ app_init ] --START--
INFO: Run Behavior\BuildLiteBehavior [ RunTime:0.000000s ]
INFO: [ app_init ] --END-- [ RunTime:0.000000s ]
INFO: [ app_begin ] --START--
INFO: Run Behavior\ReadHtmlCacheBehavior [ RunTime:0.000000s ]
INFO: [ app_begin ] --END-- [ RunTime:0.000000s ]
SQL: SHOW COLUMNS FROM `ot_system` [ RunTime:0.0000s ]
SQL: SELECT * FROM `ot_system` WHERE `SYS_ID` = 1 LIMIT 1   [ RunTime:0.0000s ]
SQL: SHOW COLUMNS FROM `ot_user` [ RunTime:0.0313s ]
SQL: SELECT * FROM `ot_user` WHERE `UE_ID` = 61451 LIMIT 1   [ RunTime:0.0000s ]
SQL: SHOW COLUMNS FROM `ot_tgbz` [ RunTime:0.0000s ]
SQL: SELECT * FROM `ot_tgbz` WHERE `user` = 'admin@qq.com' AND `jb` = '500' AND `showflag` = 1 ORDER BY id DESC LIMIT 1   [ RunTime:0.0000s ]
SQL: SELECT * FROM `ot_tgbz` WHERE `user` = 'admin@qq.com' AND `jb` = '1000' AND `showflag` = 1 ORDER BY id DESC LIMIT 1   [ RunTime:0.0000s ]
SQL: SELECT * FROM `ot_tgbz` WHERE `user` = 'admin@qq.com' AND `jb` = '3000' AND `showflag` = 1 ORDER BY id DESC LIMIT 1   [ RunTime:0.0156s ]
SQL: SELECT * FROM `ot_tgbz` WHERE `user` = 'admin@qq.com' AND `jb` = '5000' AND `showflag` = 1 ORDER BY id DESC LIMIT 1   [ RunTime:0.0000s ]
SQL: SHOW COLUMNS FROM `ot_message` [ RunTime:0.0000s ]
SQL: SELECT COUNT(*) AS tp_count FROM `ot_message` WHERE `MA_userName` = 'admin@qq.com' LIMIT 1   [ RunTime:0.0000s ]
SQL: SELECT * FROM `ot_message` WHERE `MA_userName` = 'admin@qq.com' ORDER BY MA_ID DESC LIMIT 0,12   [ RunTime:0.0156s ]
SQL: SELECT * FROM `ot_user` WHERE `UE_ID` = 61451 LIMIT 1   [ RunTime:0.0000s ]
INFO: [ view_parse ] --START--
INFO: [ template_filter ] --START--
INFO: Run Behavior\ContentReplaceBehavior [ RunTime:0.000000s ]
INFO: [ template_filter ] --END-- [ RunTime:0.000000s ]
INFO: Run Behavior\ParseTemplateBehavior [ RunTime:0.031249s ]
INFO: [ view_parse ] --END-- [ RunTime:0.031249s ]
INFO: [ view_filter ] --START--
INFO: Run Behavior\WriteHtmlCacheBehavior [ RunTime:0.015625s ]
INFO: Run Behavior\TokenBuildBehavior [ RunTime:0.000000s ]
INFO: [ view_filter ] --END-- [ RunTime:0.015625s ]
INFO: [ app_end ] --START--
INFO: Run Behavior\ShowPageTraceBehavior [ RunTime:0.000000s ]
INFO: [ app_end ] --END-- [ RunTime:0.000000s ]

[ 2016-01-18T12:07:45+08:00 ] 66.249.69.19 /
INFO: [ app_init ] --START--
INFO: Run Behavior\BuildLiteBehavior [ RunTime:0.000000s ]
INFO: [ app_init ] --END-- [ RunTime:0.000000s ]
INFO: [ app_begin ] --START--
INFO: Run Behavior\ReadHtmlCacheBehavior [ RunTime:0.000000s ]
INFO: [ app_begin ] --END-- [ RunTime:0.000000s ]
SQL: SHOW COLUMNS FROM `ot_system` [ RunTime:0.0156s ]
SQL: SELECT * FROM `ot_system` WHERE `SYS_ID` = 1 LIMIT 1   [ RunTime:0.0000s ]
SQL: SHOW COLUMNS FROM `ot_user` [ RunTime:0.0000s ]
NOTIC: [8] Undefined index: uid D:\wwwroot\yijiayi\wwwroot\User\Home\Controller\CommonController.class.php 第 88 行.
SQL: SELECT * FROM `ot_user` WHERE `UE_ID` = null LIMIT 1   [ RunTime:0.0000s ]
SQL: SHOW COLUMNS FROM `ot_tgbz` [ RunTime:0.0000s ]
NOTIC: [8] Undefined index: uname D:\wwwroot\yijiayi\wwwroot\User\Home\Controller\CommonController.class.php 第 101 行.
SQL: SELECT * FROM `ot_tgbz` WHERE `user` = null AND `jb` = '500' AND `showflag` = 1 ORDER BY id DESC LIMIT 1   [ RunTime:0.0000s ]
NOTIC: [8] Undefined index: uname D:\wwwroot\yijiayi\wwwroot\User\Home\Controller\CommonController.class.php 第 101 行.
SQL: SELECT * FROM `ot_tgbz` WHERE `user` = null AND `jb` = '1000' AND `showflag` = 1 ORDER BY id DESC LIMIT 1   [ RunTime:0.0000s ]
NOTIC: [8] Undefined index: uname D:\wwwroot\yijiayi\wwwroot\User\Home\Controller\CommonController.class.php 第 101 行.
SQL: SELECT * FROM `ot_tgbz` WHERE `user` = null AND `jb` = '3000' AND `showflag` = 1 ORDER BY id DESC LIMIT 1   [ RunTime:0.0000s ]
NOTIC: [8] Undefined index: uname D:\wwwroot\yijiayi\wwwroot\User\Home\Controller\CommonController.class.php 第 101 行.
SQL: SELECT * FROM `ot_tgbz` WHERE `user` = null AND `jb` = '5000' AND `showflag` = 1 ORDER BY id DESC LIMIT 1   [ RunTime:0.0000s ]

[ 2016-01-18T12:07:46+08:00 ] 66.249.69.19 /Home/Index/home.html
INFO: [ app_init ] --START--
INFO: Run Behavior\BuildLiteBehavior [ RunTime:0.000000s ]
INFO: [ app_init ] --END-- [ RunTime:0.000000s ]
INFO: [ app_begin ] --START--
INFO: Run Behavior\ReadHtmlCacheBehavior [ RunTime:0.000000s ]
INFO: [ app_begin ] --END-- [ RunTime:0.000000s ]
SQL: SHOW COLUMNS FROM `ot_system` [ RunTime:0.0000s ]
SQL: SELECT * FROM `ot_system` WHERE `SYS_ID` = 1 LIMIT 1   [ RunTime:0.0000s ]

[ 2016-01-18T12:07:46+08:00 ] 66.249.69.19 /Home/Login/index.html
INFO: [ app_init ] --START--
INFO: Run Behavior\BuildLiteBehavior [ RunTime:0.000000s ]
INFO: [ app_init ] --END-- [ RunTime:0.000000s ]
INFO: [ app_begin ] --START--
INFO: Run Behavior\ReadHtmlCacheBehavior [ RunTime:0.000000s ]
INFO: [ app_begin ] --END-- [ RunTime:0.015625s ]
INFO: [ view_parse ] --START--
INFO: [ template_filter ] --START--
INFO: Run Behavior\ContentReplaceBehavior [ RunTime:0.000000s ]
INFO: [ template_filter ] --END-- [ RunTime:0.000000s ]
INFO: Run Behavior\ParseTemplateBehavior [ RunTime:0.046874s ]
INFO: [ view_parse ] --END-- [ RunTime:0.046874s ]
INFO: [ view_filter ] --START--
INFO: Run Behavior\WriteHtmlCacheBehavior [ RunTime:0.000000s ]
INFO: Run Behavior\TokenBuildBehavior [ RunTime:0.000000s ]
INFO: [ view_filter ] --END-- [ RunTime:0.000000s ]
INFO: [ app_end ] --START--
INFO: Run Behavior\ShowPageTraceBehavior [ RunTime:0.000000s ]
INFO: [ app_end ] --END-- [ RunTime:0.000000s ]

[ 2016-01-18T17:20:28+08:00 ] 123.125.71.26 /?c=session&a=login&refer=web
INFO: [ app_init ] --START--
INFO: Run Behavior\BuildLiteBehavior [ RunTime:0.000000s ]
INFO: [ app_init ] --END-- [ RunTime:0.000000s ]
INFO: [ app_begin ] --START--
INFO: Run Behavior\ReadHtmlCacheBehavior [ RunTime:0.015625s ]
INFO: [ app_begin ] --END-- [ RunTime:0.015625s ]
ERR: 无法加载控制器:Session

[ 2016-01-18T17:36:06+08:00 ] 117.27.149.13 /
INFO: [ app_init ] --START--
INFO: Run Behavior\BuildLiteBehavior [ RunTime:0.000000s ]
INFO: [ app_init ] --END-- [ RunTime:0.000000s ]
INFO: [ app_begin ] --START--
INFO: Run Behavior\ReadHtmlCacheBehavior [ RunTime:0.000000s ]
INFO: [ app_begin ] --END-- [ RunTime:0.000000s ]
SQL: SHOW COLUMNS FROM `ot_system` [ RunTime:0.0000s ]
SQL: SELECT * FROM `ot_system` WHERE `SYS_ID` = 1 LIMIT 1   [ RunTime:0.0000s ]
SQL: SHOW COLUMNS FROM `ot_user` [ RunTime:0.0156s ]
NOTIC: [8] Undefined index: uid D:\wwwroot\yijiayi\wwwroot\User\Home\Controller\CommonController.class.php 第 88 行.
SQL: SELECT * FROM `ot_user` WHERE `UE_ID` = null LIMIT 1   [ RunTime:0.0781s ]
SQL: SHOW COLUMNS FROM `ot_tgbz` [ RunTime:0.0313s ]
NOTIC: [8] Undefined index: uname D:\wwwroot\yijiayi\wwwroot\User\Home\Controller\CommonController.class.php 第 101 行.
SQL: SELECT * FROM `ot_tgbz` WHERE `user` = null AND `jb` = '500' AND `showflag` = 1 ORDER BY id DESC LIMIT 1   [ RunTime:0.0000s ]
NOTIC: [8] Undefined index: uname D:\wwwroot\yijiayi\wwwroot\User\Home\Controller\CommonController.class.php 第 101 行.
SQL: SELECT * FROM `ot_tgbz` WHERE `user` = null AND `jb` = '1000' AND `showflag` = 1 ORDER BY id DESC LIMIT 1   [ RunTime:0.0000s ]
NOTIC: [8] Undefined index: uname D:\wwwroot\yijiayi\wwwroot\User\Home\Controller\CommonController.class.php 第 101 行.
SQL: SELECT * FROM `ot_tgbz` WHERE `user` = null AND `jb` = '3000' AND `showflag` = 1 ORDER BY id DESC LIMIT 1   [ RunTime:0.0000s ]
NOTIC: [8] Undefined index: uname D:\wwwroot\yijiayi\wwwroot\User\Home\Controller\CommonController.class.php 第 101 行.
SQL: SELECT * FROM `ot_tgbz` WHERE `user` = null AND `jb` = '5000' AND `showflag` = 1 ORDER BY id DESC LIMIT 1   [ RunTime:0.0000s ]

[ 2016-01-18T17:36:07+08:00 ] 117.27.149.13 /Home/Index/home.html
INFO: [ app_init ] --START--
INFO: Run Behavior\BuildLiteBehavior [ RunTime:0.000000s ]
INFO: [ app_init ] --END-- [ RunTime:0.000000s ]
INFO: [ app_begin ] --START--
INFO: Run Behavior\ReadHtmlCacheBehavior [ RunTime:0.000000s ]
INFO: [ app_begin ] --END-- [ RunTime:0.000000s ]
SQL: SHOW COLUMNS FROM `ot_system` [ RunTime:0.0000s ]
SQL: SELECT * FROM `ot_system` WHERE `SYS_ID` = 1 LIMIT 1   [ RunTime:0.0000s ]

[ 2016-01-18T17:36:07+08:00 ] 117.27.149.13 /Home/Login/index.html
INFO: [ app_init ] --START--
INFO: Run Behavior\BuildLiteBehavior [ RunTime:0.000000s ]
INFO: [ app_init ] --END-- [ RunTime:0.000000s ]
INFO: [ app_begin ] --START--
INFO: Run Behavior\ReadHtmlCacheBehavior [ RunTime:0.000000s ]
INFO: [ app_begin ] --END-- [ RunTime:0.000000s ]
INFO: [ view_parse ] --START--
INFO: [ template_filter ] --START--
INFO: Run Behavior\ContentReplaceBehavior [ RunTime:0.000000s ]
INFO: [ template_filter ] --END-- [ RunTime:0.000000s ]
INFO: Run Behavior\ParseTemplateBehavior [ RunTime:0.156250s ]
INFO: [ view_parse ] --END-- [ RunTime:0.156250s ]
INFO: [ view_filter ] --START--
INFO: Run Behavior\WriteHtmlCacheBehavior [ RunTime:0.000000s ]
INFO: Run Behavior\TokenBuildBehavior [ RunTime:0.031250s ]
INFO: [ view_filter ] --END-- [ RunTime:0.031250s ]
INFO: [ app_end ] --START--
INFO: Run Behavior\ShowPageTraceBehavior [ RunTime:0.000000s ]
INFO: [ app_end ] --END-- [ RunTime:0.000000s ]

[ 2016-01-18T17:37:35+08:00 ] 68.180.228.172 /
INFO: [ app_init ] --START--
INFO: Run Behavior\BuildLiteBehavior [ RunTime:0.000000s ]
INFO: [ app_init ] --END-- [ RunTime:0.000000s ]
INFO: [ app_begin ] --START--
INFO: Run Behavior\ReadHtmlCacheBehavior [ RunTime:0.000000s ]
INFO: [ app_begin ] --END-- [ RunTime:0.000000s ]
SQL: SHOW COLUMNS FROM `ot_system` [ RunTime:0.0000s ]
SQL: SELECT * FROM `ot_system` WHERE `SYS_ID` = 1 LIMIT 1   [ RunTime:0.0000s ]
SQL: SHOW COLUMNS FROM `ot_user` [ RunTime:0.0000s ]
NOTIC: [8] Undefined index: uid D:\wwwroot\yijiayi\wwwroot\User\Home\Controller\CommonController.class.php 第 88 行.
SQL: SELECT * FROM `ot_user` WHERE `UE_ID` = null LIMIT 1   [ RunTime:0.0000s ]
SQL: SHOW COLUMNS FROM `ot_tgbz` [ RunTime:0.0156s ]
NOTIC: [8] Undefined index: uname D:\wwwroot\yijiayi\wwwroot\User\Home\Controller\CommonController.class.php 第 101 行.
SQL: SELECT * FROM `ot_tgbz` WHERE `user` = null AND `jb` = '500' AND `showflag` = 1 ORDER BY id DESC LIMIT 1   [ RunTime:0.0000s ]
NOTIC: [8] Undefined index: uname D:\wwwroot\yijiayi\wwwroot\User\Home\Controller\CommonController.class.php 第 101 行.
SQL: SELECT * FROM `ot_tgbz` WHERE `user` = null AND `jb` = '1000' AND `showflag` = 1 ORDER BY id DESC LIMIT 1   [ RunTime:0.0156s ]
NOTIC: [8] Undefined index: uname D:\wwwroot\yijiayi\wwwroot\User\Home\Controller\CommonController.class.php 第 101 行.
SQL: SELECT * FROM `ot_tgbz` WHERE `user` = null AND `jb` = '3000' AND `showflag` = 1 ORDER BY id DESC LIMIT 1   [ RunTime:0.0000s ]
NOTIC: [8] Undefined index: uname D:\wwwroot\yijiayi\wwwroot\User\Home\Controller\CommonController.class.php 第 101 行.
SQL: SELECT * FROM `ot_tgbz` WHERE `user` = null AND `jb` = '5000' AND `showflag` = 1 ORDER BY id DESC LIMIT 1   [ RunTime:0.0000s ]

[ 2016-01-18T17:37:36+08:00 ] 68.180.228.172 /Home/Index/home.html
INFO: [ app_init ] --START--
INFO: Run Behavior\BuildLiteBehavior [ RunTime:0.000000s ]
INFO: [ app_init ] --END-- [ RunTime:0.000000s ]
INFO: [ app_begin ] --START--
INFO: Run Behavior\ReadHtmlCacheBehavior [ RunTime:0.000000s ]
INFO: [ app_begin ] --END-- [ RunTime:0.000000s ]
SQL: SHOW COLUMNS FROM `ot_system` [ RunTime:0.0000s ]
SQL: SELECT * FROM `ot_system` WHERE `SYS_ID` = 1 LIMIT 1   [ RunTime:0.0000s ]

[ 2016-01-18T17:37:39+08:00 ] 68.180.228.172 /Home/Login/index.html
INFO: [ app_init ] --START--
INFO: Run Behavior\BuildLiteBehavior [ RunTime:0.000000s ]
INFO: [ app_init ] --END-- [ RunTime:0.000000s ]
INFO: [ app_begin ] --START--
INFO: Run Behavior\ReadHtmlCacheBehavior [ RunTime:0.015625s ]
INFO: [ app_begin ] --END-- [ RunTime:0.015625s ]
INFO: [ view_parse ] --START--
INFO: [ template_filter ] --START--
INFO: Run Behavior\ContentReplaceBehavior [ RunTime:0.000000s ]
INFO: [ template_filter ] --END-- [ RunTime:0.000000s ]
INFO: Run Behavior\ParseTemplateBehavior [ RunTime:0.015625s ]
INFO: [ view_parse ] --END-- [ RunTime:0.015625s ]
INFO: [ view_filter ] --START--
INFO: Run Behavior\WriteHtmlCacheBehavior [ RunTime:0.000000s ]
INFO: Run Behavior\TokenBuildBehavior [ RunTime:0.015625s ]
INFO: [ view_filter ] --END-- [ RunTime:0.015625s ]
INFO: [ app_end ] --START--
INFO: Run Behavior\ShowPageTraceBehavior [ RunTime:0.000000s ]
INFO: [ app_end ] --END-- [ RunTime:0.000000s ]

[ 2016-01-18T17:42:08+08:00 ] 68.180.228.172 /Home/Reg/index.html
INFO: [ app_init ] --START--
INFO: Run Behavior\BuildLiteBehavior [ RunTime:0.000000s ]
INFO: [ app_init ] --END-- [ RunTime:0.000000s ]
INFO: [ app_begin ] --START--
INFO: Run Behavior\ReadHtmlCacheBehavior [ RunTime:0.000000s ]
INFO: [ app_begin ] --END-- [ RunTime:0.000000s ]
SQL: SHOW COLUMNS FROM `ot_user` [ RunTime:0.0156s ]
NOTIC: [8] Use of undefined constant UE_ID - assumed 'UE_ID' D:\wwwroot\yijiayi\wwwroot\User\Home\Controller\RegController.class.php 第 12 行.
SQL: SELECT * FROM `ot_user` WHERE `UE_ID` = 0 LIMIT 1   [ RunTime:0.0156s ]
SQL: SHOW COLUMNS FROM `ot_pin` [ RunTime:0.1406s ]
SQL: SELECT * FROM `ot_pin` WHERE `user` = null AND `zt` = '0' LIMIT 1   [ RunTime:0.0000s ]
INFO: [ view_parse ] --START--
INFO: [ template_filter ] --START--
INFO: Run Behavior\ContentReplaceBehavior [ RunTime:0.000000s ]
INFO: [ template_filter ] --END-- [ RunTime:0.000000s ]
INFO: Run Behavior\ParseTemplateBehavior [ RunTime:0.125000s ]
INFO: [ view_parse ] --END-- [ RunTime:0.125000s ]
INFO: [ view_filter ] --START--
INFO: Run Behavior\WriteHtmlCacheBehavior [ RunTime:0.000000s ]
INFO: Run Behavior\TokenBuildBehavior [ RunTime:0.000000s ]
INFO: [ view_filter ] --END-- [ RunTime:0.000000s ]
INFO: [ app_end ] --START--
INFO: Run Behavior\ShowPageTraceBehavior [ RunTime:0.000000s ]
INFO: [ app_end ] --END-- [ RunTime:0.000000s ]

[ 2016-01-18T18:37:53+08:00 ] 42.156.136.34 /
INFO: [ app_init ] --START--
INFO: Run Behavior\BuildLiteBehavior [ RunTime:0.000000s ]
INFO: [ app_init ] --END-- [ RunTime:0.000000s ]
INFO: [ app_begin ] --START--
INFO: Run Behavior\ReadHtmlCacheBehavior [ RunTime:0.000000s ]
INFO: [ app_begin ] --END-- [ RunTime:0.015625s ]
SQL: SHOW COLUMNS FROM `ot_system` [ RunTime:0.0156s ]
SQL: SELECT * FROM `ot_system` WHERE `SYS_ID` = 1 LIMIT 1   [ RunTime:0.0156s ]
SQL: SHOW COLUMNS FROM `ot_user` [ RunTime:0.0156s ]
NOTIC: [8] Undefined index: uid D:\wwwroot\yijiayi\wwwroot\User\Home\Controller\CommonController.class.php 第 88 行.
SQL: SELECT * FROM `ot_user` WHERE `UE_ID` = null LIMIT 1   [ RunTime:0.0000s ]
SQL: SHOW COLUMNS FROM `ot_tgbz` [ RunTime:0.0000s ]
NOTIC: [8] Undefined index: uname D:\wwwroot\yijiayi\wwwroot\User\Home\Controller\CommonController.class.php 第 101 行.
SQL: SELECT * FROM `ot_tgbz` WHERE `user` = null AND `jb` = '500' AND `showflag` = 1 ORDER BY id DESC LIMIT 1   [ RunTime:0.0000s ]
NOTIC: [8] Undefined index: uname D:\wwwroot\yijiayi\wwwroot\User\Home\Controller\CommonController.class.php 第 101 行.
SQL: SELECT * FROM `ot_tgbz` WHERE `user` = null AND `jb` = '1000' AND `showflag` = 1 ORDER BY id DESC LIMIT 1   [ RunTime:0.0000s ]
NOTIC: [8] Undefined index: uname D:\wwwroot\yijiayi\wwwroot\User\Home\Controller\CommonController.class.php 第 101 行.
SQL: SELECT * FROM `ot_tgbz` WHERE `user` = null AND `jb` = '3000' AND `showflag` = 1 ORDER BY id DESC LIMIT 1   [ RunTime:0.0000s ]
NOTIC: [8] Undefined index: uname D:\wwwroot\yijiayi\wwwroot\User\Home\Controller\CommonController.class.php 第 101 行.
SQL: SELECT * FROM `ot_tgbz` WHERE `user` = null AND `jb` = '5000' AND `showflag` = 1 ORDER BY id DESC LIMIT 1   [ RunTime:0.0000s ]

[ 2016-01-18T18:37:53+08:00 ] 42.156.136.34 /Home/Index/home.html
INFO: [ app_init ] --START--
INFO: Run Behavior\BuildLiteBehavior [ RunTime:0.000000s ]
INFO: [ app_init ] --END-- [ RunTime:0.000000s ]
INFO: [ app_begin ] --START--
INFO: Run Behavior\ReadHtmlCacheBehavior [ RunTime:0.000000s ]
INFO: [ app_begin ] --END-- [ RunTime:0.000000s ]
SQL: SHOW COLUMNS FROM `ot_system` [ RunTime:0.0000s ]
SQL: SELECT * FROM `ot_system` WHERE `SYS_ID` = 1 LIMIT 1   [ RunTime:0.0000s ]

[ 2016-01-18T18:37:54+08:00 ] 42.156.136.34 /Home/Login/index.html
INFO: [ app_init ] --START--
INFO: Run Behavior\BuildLiteBehavior [ RunTime:0.000000s ]
INFO: [ app_init ] --END-- [ RunTime:0.000000s ]
INFO: [ app_begin ] --START--
INFO: Run Behavior\ReadHtmlCacheBehavior [ RunTime:0.000000s ]
INFO: [ app_begin ] --END-- [ RunTime:0.000000s ]
INFO: [ view_parse ] --START--
INFO: [ template_filter ] --START--
INFO: Run Behavior\ContentReplaceBehavior [ RunTime:0.000000s ]
INFO: [ template_filter ] --END-- [ RunTime:0.000000s ]
INFO: Run Behavior\ParseTemplateBehavior [ RunTime:0.046875s ]
INFO: [ view_parse ] --END-- [ RunTime:0.046875s ]
INFO: [ view_filter ] --START--
INFO: Run Behavior\WriteHtmlCacheBehavior [ RunTime:0.000000s ]
INFO: Run Behavior\TokenBuildBehavior [ RunTime:0.000000s ]
INFO: [ view_filter ] --END-- [ RunTime:0.000000s ]
INFO: [ app_end ] --START--
INFO: Run Behavior\ShowPageTraceBehavior [ RunTime:0.015625s ]
INFO: [ app_end ] --END-- [ RunTime:0.015625s ]

