[ 2016-05-15T00:52:40+08:00 ] 199.27.128.219 /
INFO: [ app_init ] --START--
INFO: Run Behavior\BuildLiteBehavior [ RunTime:0.000013s ]
INFO: [ app_init ] --END-- [ RunTime:0.000281s ]
INFO: [ app_begin ] --START--
INFO: Run Behavior\ReadHtmlCacheBehavior [ RunTime:0.000346s ]
INFO: [ app_begin ] --END-- [ RunTime:0.000388s ]
SQL: SHOW COLUMNS FROM `ot_system` [ RunTime:0.0016s ]
SQL: SELECT * FROM `ot_system` WHERE `SYS_ID` = 1 LIMIT 1   [ RunTime:0.0002s ]
NOTIC: [8] Undefined index: uname /phpstudy/www/www.cngsoros.com/User/Home/Controller/CommonController.class.php 第 54 行.
SQL: SHOW COLUMNS FROM `ot_pin` [ RunTime:0.0004s ]
NOTIC: [8] Undefined index: uname /phpstudy/www/www.cngsoros.com/User/Home/Controller/CommonController.class.php 第 58 行.
SQL: SELECT COUNT(*) AS tp_count FROM `ot_pin` WHERE `user` = null AND `zt` = 0 LIMIT 1   [ RunTime:0.0002s ]
SQL: SHOW COLUMNS FROM `ot_code` [ RunTime:0.0004s ]
NOTIC: [8] Undefined index: uname /phpstudy/www/www.cngsoros.com/User/Home/Controller/CommonController.class.php 第 59 行.
SQL: SELECT COUNT(*) AS tp_count FROM `ot_code` WHERE `onwer` = null AND `status` = 1 LIMIT 1   [ RunTime:0.0001s ]
NOTIC: [8] Undefined index: uname /phpstudy/www/www.cngsoros.com/User/Home/Controller/CommonController.class.php 第 60 行.
SQL: SELECT * FROM `ot_code` WHERE `onwer` = null AND `status` = 1 LIMIT 1   [ RunTime:0.0001s ]
NOTIC: [8] Undefined index: uname /phpstudy/www/www.cngsoros.com/User/Home/Controller/CommonController.class.php 第 92 行.
SQL: SHOW COLUMNS FROM `ot_user` [ RunTime:0.0020s ]
SQL: SELECT * FROM `ot_user` WHERE `UE_account` = null LIMIT 1   [ RunTime:0.0002s ]
SQL: UPDATE `ot_user` SET `levelname`='G1' WHERE `UE_account` = null [ RunTime:0.0001s ]
NOTIC: [8] Undefined index: uid /phpstudy/www/www.cngsoros.com/User/Home/Controller/CommonController.class.php 第 97 行.
SQL: SELECT * FROM `ot_user` WHERE `UE_ID` = null LIMIT 1   [ RunTime:0.0002s ]

[ 2016-05-15T00:52:40+08:00 ] 199.27.128.219 /Home/Index/home.html
INFO: [ app_init ] --START--
INFO: Run Behavior\BuildLiteBehavior [ RunTime:0.000014s ]
INFO: [ app_init ] --END-- [ RunTime:0.000311s ]
INFO: [ app_begin ] --START--
INFO: Run Behavior\ReadHtmlCacheBehavior [ RunTime:0.000371s ]
INFO: [ app_begin ] --END-- [ RunTime:0.000417s ]
SQL: SHOW COLUMNS FROM `ot_system` [ RunTime:0.0017s ]
SQL: SELECT * FROM `ot_system` WHERE `SYS_ID` = 1 LIMIT 1   [ RunTime:0.0002s ]
NOTIC: [8] Undefined index: uname /phpstudy/www/www.cngsoros.com/User/Home/Controller/CommonController.class.php 第 54 行.
SQL: SHOW COLUMNS FROM `ot_pin` [ RunTime:0.0004s ]
NOTIC: [8] Undefined index: uname /phpstudy/www/www.cngsoros.com/User/Home/Controller/CommonController.class.php 第 58 行.
SQL: SELECT COUNT(*) AS tp_count FROM `ot_pin` WHERE `user` = null AND `zt` = 0 LIMIT 1   [ RunTime:0.0002s ]
SQL: SHOW COLUMNS FROM `ot_code` [ RunTime:0.0004s ]
NOTIC: [8] Undefined index: uname /phpstudy/www/www.cngsoros.com/User/Home/Controller/CommonController.class.php 第 59 行.
SQL: SELECT COUNT(*) AS tp_count FROM `ot_code` WHERE `onwer` = null AND `status` = 1 LIMIT 1   [ RunTime:0.0001s ]
NOTIC: [8] Undefined index: uname /phpstudy/www/www.cngsoros.com/User/Home/Controller/CommonController.class.php 第 60 行.
SQL: SELECT * FROM `ot_code` WHERE `onwer` = null AND `status` = 1 LIMIT 1   [ RunTime:0.0001s ]

[ 2016-05-15T00:52:40+08:00 ] 199.27.128.219 /Home/Login/index.html
INFO: [ app_init ] --START--
INFO: Run Behavior\BuildLiteBehavior [ RunTime:0.000012s ]
INFO: [ app_init ] --END-- [ RunTime:0.000290s ]
INFO: [ app_begin ] --START--
INFO: Run Behavior\ReadHtmlCacheBehavior [ RunTime:0.000369s ]
INFO: [ app_begin ] --END-- [ RunTime:0.000410s ]
INFO: [ view_parse ] --START--
INFO: [ template_filter ] --START--
INFO: Run Behavior\ContentReplaceBehavior [ RunTime:0.000061s ]
INFO: [ template_filter ] --END-- [ RunTime:0.000102s ]
INFO: Run Behavior\ParseTemplateBehavior [ RunTime:0.007032s ]
INFO: [ view_parse ] --END-- [ RunTime:0.007070s ]
INFO: [ view_filter ] --START--
INFO: Run Behavior\WriteHtmlCacheBehavior [ RunTime:0.000110s ]
INFO: [ view_filter ] --END-- [ RunTime:0.000146s ]
INFO: [ app_end ] --START--
INFO: Run Behavior\ShowPageTraceBehavior [ RunTime:0.000389s ]
INFO: [ app_end ] --END-- [ RunTime:0.000429s ]

[ 2016-05-15T10:40:47+08:00 ] 173.245.48.199 /
INFO: [ app_init ] --START--
INFO: Run Behavior\BuildLiteBehavior [ RunTime:0.000012s ]
INFO: [ app_init ] --END-- [ RunTime:0.000277s ]
INFO: [ app_begin ] --START--
INFO: Run Behavior\ReadHtmlCacheBehavior [ RunTime:0.000351s ]
INFO: [ app_begin ] --END-- [ RunTime:0.000393s ]
SQL: SHOW COLUMNS FROM `ot_system` [ RunTime:0.0016s ]
SQL: SELECT * FROM `ot_system` WHERE `SYS_ID` = 1 LIMIT 1   [ RunTime:0.0002s ]
NOTIC: [8] Undefined index: uname /phpstudy/www/www.cngsoros.com/User/Home/Controller/CommonController.class.php 第 54 行.
SQL: SHOW COLUMNS FROM `ot_pin` [ RunTime:0.0004s ]
NOTIC: [8] Undefined index: uname /phpstudy/www/www.cngsoros.com/User/Home/Controller/CommonController.class.php 第 58 行.
SQL: SELECT COUNT(*) AS tp_count FROM `ot_pin` WHERE `user` = null AND `zt` = 0 LIMIT 1   [ RunTime:0.0001s ]
SQL: SHOW COLUMNS FROM `ot_code` [ RunTime:0.0004s ]
NOTIC: [8] Undefined index: uname /phpstudy/www/www.cngsoros.com/User/Home/Controller/CommonController.class.php 第 59 行.
SQL: SELECT COUNT(*) AS tp_count FROM `ot_code` WHERE `onwer` = null AND `status` = 1 LIMIT 1   [ RunTime:0.0001s ]
NOTIC: [8] Undefined index: uname /phpstudy/www/www.cngsoros.com/User/Home/Controller/CommonController.class.php 第 60 行.
SQL: SELECT * FROM `ot_code` WHERE `onwer` = null AND `status` = 1 LIMIT 1   [ RunTime:0.0001s ]
NOTIC: [8] Undefined index: uname /phpstudy/www/www.cngsoros.com/User/Home/Controller/CommonController.class.php 第 92 行.
SQL: SHOW COLUMNS FROM `ot_user` [ RunTime:0.0020s ]
SQL: SELECT * FROM `ot_user` WHERE `UE_account` = null LIMIT 1   [ RunTime:0.0002s ]
SQL: UPDATE `ot_user` SET `levelname`='G1' WHERE `UE_account` = null [ RunTime:0.0001s ]
NOTIC: [8] Undefined index: uid /phpstudy/www/www.cngsoros.com/User/Home/Controller/CommonController.class.php 第 97 行.
SQL: SELECT * FROM `ot_user` WHERE `UE_ID` = null LIMIT 1   [ RunTime:0.0002s ]

[ 2016-05-15T10:40:47+08:00 ] 173.245.48.199 /Home/Index/home.html
INFO: [ app_init ] --START--
INFO: Run Behavior\BuildLiteBehavior [ RunTime:0.000013s ]
INFO: [ app_init ] --END-- [ RunTime:0.000282s ]
INFO: [ app_begin ] --START--
INFO: Run Behavior\ReadHtmlCacheBehavior [ RunTime:0.000346s ]
INFO: [ app_begin ] --END-- [ RunTime:0.000391s ]
SQL: SHOW COLUMNS FROM `ot_system` [ RunTime:0.0014s ]
SQL: SELECT * FROM `ot_system` WHERE `SYS_ID` = 1 LIMIT 1   [ RunTime:0.0002s ]
NOTIC: [8] Undefined index: uname /phpstudy/www/www.cngsoros.com/User/Home/Controller/CommonController.class.php 第 54 行.
SQL: SHOW COLUMNS FROM `ot_pin` [ RunTime:0.0004s ]
NOTIC: [8] Undefined index: uname /phpstudy/www/www.cngsoros.com/User/Home/Controller/CommonController.class.php 第 58 行.
SQL: SELECT COUNT(*) AS tp_count FROM `ot_pin` WHERE `user` = null AND `zt` = 0 LIMIT 1   [ RunTime:0.0001s ]
SQL: SHOW COLUMNS FROM `ot_code` [ RunTime:0.0004s ]
NOTIC: [8] Undefined index: uname /phpstudy/www/www.cngsoros.com/User/Home/Controller/CommonController.class.php 第 59 行.
SQL: SELECT COUNT(*) AS tp_count FROM `ot_code` WHERE `onwer` = null AND `status` = 1 LIMIT 1   [ RunTime:0.0001s ]
NOTIC: [8] Undefined index: uname /phpstudy/www/www.cngsoros.com/User/Home/Controller/CommonController.class.php 第 60 行.
SQL: SELECT * FROM `ot_code` WHERE `onwer` = null AND `status` = 1 LIMIT 1   [ RunTime:0.0001s ]

[ 2016-05-15T10:40:47+08:00 ] 173.245.48.199 /Home/Login/index.html
INFO: [ app_init ] --START--
INFO: Run Behavior\BuildLiteBehavior [ RunTime:0.000013s ]
INFO: [ app_init ] --END-- [ RunTime:0.000282s ]
INFO: [ app_begin ] --START--
INFO: Run Behavior\ReadHtmlCacheBehavior [ RunTime:0.000348s ]
INFO: [ app_begin ] --END-- [ RunTime:0.000388s ]
INFO: [ view_parse ] --START--
INFO: [ template_filter ] --START--
INFO: Run Behavior\ContentReplaceBehavior [ RunTime:0.000057s ]
INFO: [ template_filter ] --END-- [ RunTime:0.000098s ]
INFO: Run Behavior\ParseTemplateBehavior [ RunTime:0.006244s ]
INFO: [ view_parse ] --END-- [ RunTime:0.006283s ]
INFO: [ view_filter ] --START--
INFO: Run Behavior\WriteHtmlCacheBehavior [ RunTime:0.000109s ]
INFO: [ view_filter ] --END-- [ RunTime:0.000145s ]
INFO: [ app_end ] --START--
INFO: Run Behavior\ShowPageTraceBehavior [ RunTime:0.000361s ]
INFO: [ app_end ] --END-- [ RunTime:0.000404s ]

[ 2016-05-15T12:24:43+08:00 ] 199.27.133.30 /
INFO: [ app_init ] --START--
INFO: Run Behavior\BuildLiteBehavior [ RunTime:0.000013s ]
INFO: [ app_init ] --END-- [ RunTime:0.000277s ]
INFO: [ app_begin ] --START--
INFO: Run Behavior\ReadHtmlCacheBehavior [ RunTime:0.000348s ]
INFO: [ app_begin ] --END-- [ RunTime:0.000390s ]
SQL: SHOW COLUMNS FROM `ot_system` [ RunTime:0.0016s ]
SQL: SELECT * FROM `ot_system` WHERE `SYS_ID` = 1 LIMIT 1   [ RunTime:0.0002s ]
NOTIC: [8] Undefined index: uname /phpstudy/www/www.cngsoros.com/User/Home/Controller/CommonController.class.php 第 54 行.
SQL: SHOW COLUMNS FROM `ot_pin` [ RunTime:0.0004s ]
NOTIC: [8] Undefined index: uname /phpstudy/www/www.cngsoros.com/User/Home/Controller/CommonController.class.php 第 58 行.
SQL: SELECT COUNT(*) AS tp_count FROM `ot_pin` WHERE `user` = null AND `zt` = 0 LIMIT 1   [ RunTime:0.0001s ]
SQL: SHOW COLUMNS FROM `ot_code` [ RunTime:0.0004s ]
NOTIC: [8] Undefined index: uname /phpstudy/www/www.cngsoros.com/User/Home/Controller/CommonController.class.php 第 59 行.
SQL: SELECT COUNT(*) AS tp_count FROM `ot_code` WHERE `onwer` = null AND `status` = 1 LIMIT 1   [ RunTime:0.0001s ]
NOTIC: [8] Undefined index: uname /phpstudy/www/www.cngsoros.com/User/Home/Controller/CommonController.class.php 第 60 行.
SQL: SELECT * FROM `ot_code` WHERE `onwer` = null AND `status` = 1 LIMIT 1   [ RunTime:0.0001s ]
NOTIC: [8] Undefined index: uname /phpstudy/www/www.cngsoros.com/User/Home/Controller/CommonController.class.php 第 92 行.
SQL: SHOW COLUMNS FROM `ot_user` [ RunTime:0.0020s ]
SQL: SELECT * FROM `ot_user` WHERE `UE_account` = null LIMIT 1   [ RunTime:0.0002s ]
SQL: UPDATE `ot_user` SET `levelname`='G1' WHERE `UE_account` = null [ RunTime:0.0001s ]
NOTIC: [8] Undefined index: uid /phpstudy/www/www.cngsoros.com/User/Home/Controller/CommonController.class.php 第 97 行.
SQL: SELECT * FROM `ot_user` WHERE `UE_ID` = null LIMIT 1   [ RunTime:0.0002s ]

[ 2016-05-15T12:24:44+08:00 ] 173.245.48.217 /
INFO: [ app_init ] --START--
INFO: Run Behavior\BuildLiteBehavior [ RunTime:0.000013s ]
INFO: [ app_init ] --END-- [ RunTime:0.000278s ]
INFO: [ app_begin ] --START--
INFO: Run Behavior\ReadHtmlCacheBehavior [ RunTime:0.000347s ]
INFO: [ app_begin ] --END-- [ RunTime:0.000389s ]
SQL: SHOW COLUMNS FROM `ot_system` [ RunTime:0.0017s ]
SQL: SELECT * FROM `ot_system` WHERE `SYS_ID` = 1 LIMIT 1   [ RunTime:0.0002s ]
NOTIC: [8] Undefined index: uname /phpstudy/www/www.cngsoros.com/User/Home/Controller/CommonController.class.php 第 54 行.
SQL: SHOW COLUMNS FROM `ot_pin` [ RunTime:0.0004s ]
NOTIC: [8] Undefined index: uname /phpstudy/www/www.cngsoros.com/User/Home/Controller/CommonController.class.php 第 58 行.
SQL: SELECT COUNT(*) AS tp_count FROM `ot_pin` WHERE `user` = null AND `zt` = 0 LIMIT 1   [ RunTime:0.0001s ]
SQL: SHOW COLUMNS FROM `ot_code` [ RunTime:0.0004s ]
NOTIC: [8] Undefined index: uname /phpstudy/www/www.cngsoros.com/User/Home/Controller/CommonController.class.php 第 59 行.
SQL: SELECT COUNT(*) AS tp_count FROM `ot_code` WHERE `onwer` = null AND `status` = 1 LIMIT 1   [ RunTime:0.0001s ]
NOTIC: [8] Undefined index: uname /phpstudy/www/www.cngsoros.com/User/Home/Controller/CommonController.class.php 第 60 行.
SQL: SELECT * FROM `ot_code` WHERE `onwer` = null AND `status` = 1 LIMIT 1   [ RunTime:0.0001s ]
NOTIC: [8] Undefined index: uname /phpstudy/www/www.cngsoros.com/User/Home/Controller/CommonController.class.php 第 92 行.
SQL: SHOW COLUMNS FROM `ot_user` [ RunTime:0.0020s ]
SQL: SELECT * FROM `ot_user` WHERE `UE_account` = null LIMIT 1   [ RunTime:0.0002s ]
SQL: UPDATE `ot_user` SET `levelname`='G1' WHERE `UE_account` = null [ RunTime:0.0001s ]
NOTIC: [8] Undefined index: uid /phpstudy/www/www.cngsoros.com/User/Home/Controller/CommonController.class.php 第 97 行.
SQL: SELECT * FROM `ot_user` WHERE `UE_ID` = null LIMIT 1   [ RunTime:0.0002s ]

[ 2016-05-15T12:24:44+08:00 ] 199.27.133.30 /Home/Index/home.html
INFO: [ app_init ] --START--
INFO: Run Behavior\BuildLiteBehavior [ RunTime:0.000012s ]
INFO: [ app_init ] --END-- [ RunTime:0.000270s ]
INFO: [ app_begin ] --START--
INFO: Run Behavior\ReadHtmlCacheBehavior [ RunTime:0.000347s ]
INFO: [ app_begin ] --END-- [ RunTime:0.000388s ]
SQL: SHOW COLUMNS FROM `ot_system` [ RunTime:0.0015s ]
SQL: SELECT * FROM `ot_system` WHERE `SYS_ID` = 1 LIMIT 1   [ RunTime:0.0002s ]
NOTIC: [8] Undefined index: uname /phpstudy/www/www.cngsoros.com/User/Home/Controller/CommonController.class.php 第 54 行.
SQL: SHOW COLUMNS FROM `ot_pin` [ RunTime:0.0004s ]
NOTIC: [8] Undefined index: uname /phpstudy/www/www.cngsoros.com/User/Home/Controller/CommonController.class.php 第 58 行.
SQL: SELECT COUNT(*) AS tp_count FROM `ot_pin` WHERE `user` = null AND `zt` = 0 LIMIT 1   [ RunTime:0.0001s ]
SQL: SHOW COLUMNS FROM `ot_code` [ RunTime:0.0004s ]
NOTIC: [8] Undefined index: uname /phpstudy/www/www.cngsoros.com/User/Home/Controller/CommonController.class.php 第 59 行.
SQL: SELECT COUNT(*) AS tp_count FROM `ot_code` WHERE `onwer` = null AND `status` = 1 LIMIT 1   [ RunTime:0.0001s ]
NOTIC: [8] Undefined index: uname /phpstudy/www/www.cngsoros.com/User/Home/Controller/CommonController.class.php 第 60 行.
SQL: SELECT * FROM `ot_code` WHERE `onwer` = null AND `status` = 1 LIMIT 1   [ RunTime:0.0001s ]

[ 2016-05-15T12:24:44+08:00 ] 199.27.133.12 /Home/Index/home.html
INFO: [ app_init ] --START--
INFO: Run Behavior\BuildLiteBehavior [ RunTime:0.000012s ]
INFO: [ app_init ] --END-- [ RunTime:0.000281s ]
INFO: [ app_begin ] --START--
INFO: Run Behavior\ReadHtmlCacheBehavior [ RunTime:0.000349s ]
INFO: [ app_begin ] --END-- [ RunTime:0.000390s ]
SQL: SHOW COLUMNS FROM `ot_system` [ RunTime:0.0014s ]
SQL: SELECT * FROM `ot_system` WHERE `SYS_ID` = 1 LIMIT 1   [ RunTime:0.0002s ]
NOTIC: [8] Undefined index: uname /phpstudy/www/www.cngsoros.com/User/Home/Controller/CommonController.class.php 第 54 行.
SQL: SHOW COLUMNS FROM `ot_pin` [ RunTime:0.0004s ]
NOTIC: [8] Undefined index: uname /phpstudy/www/www.cngsoros.com/User/Home/Controller/CommonController.class.php 第 58 行.
SQL: SELECT COUNT(*) AS tp_count FROM `ot_pin` WHERE `user` = null AND `zt` = 0 LIMIT 1   [ RunTime:0.0001s ]
SQL: SHOW COLUMNS FROM `ot_code` [ RunTime:0.0004s ]
NOTIC: [8] Undefined index: uname /phpstudy/www/www.cngsoros.com/User/Home/Controller/CommonController.class.php 第 59 行.
SQL: SELECT COUNT(*) AS tp_count FROM `ot_code` WHERE `onwer` = null AND `status` = 1 LIMIT 1   [ RunTime:0.0001s ]
NOTIC: [8] Undefined index: uname /phpstudy/www/www.cngsoros.com/User/Home/Controller/CommonController.class.php 第 60 行.
SQL: SELECT * FROM `ot_code` WHERE `onwer` = null AND `status` = 1 LIMIT 1   [ RunTime:0.0001s ]

[ 2016-05-15T12:24:44+08:00 ] 199.27.133.30 /Home/Login/index.html
INFO: [ app_init ] --START--
INFO: Run Behavior\BuildLiteBehavior [ RunTime:0.000013s ]
INFO: [ app_init ] --END-- [ RunTime:0.000295s ]
INFO: [ app_begin ] --START--
INFO: Run Behavior\ReadHtmlCacheBehavior [ RunTime:0.000362s ]
INFO: [ app_begin ] --END-- [ RunTime:0.000404s ]
INFO: [ view_parse ] --START--
INFO: [ template_filter ] --START--
INFO: Run Behavior\ContentReplaceBehavior [ RunTime:0.000056s ]
INFO: [ template_filter ] --END-- [ RunTime:0.000097s ]
INFO: Run Behavior\ParseTemplateBehavior [ RunTime:0.006300s ]
INFO: [ view_parse ] --END-- [ RunTime:0.006339s ]
INFO: [ view_filter ] --START--
INFO: Run Behavior\WriteHtmlCacheBehavior [ RunTime:0.000110s ]
INFO: [ view_filter ] --END-- [ RunTime:0.000146s ]
INFO: [ app_end ] --START--
INFO: Run Behavior\ShowPageTraceBehavior [ RunTime:0.000360s ]
INFO: [ app_end ] --END-- [ RunTime:0.000399s ]

[ 2016-05-15T12:24:44+08:00 ] 199.27.133.12 /Home/Login/index.html
INFO: [ app_init ] --START--
INFO: Run Behavior\BuildLiteBehavior [ RunTime:0.000010s ]
INFO: [ app_init ] --END-- [ RunTime:0.000279s ]
INFO: [ app_begin ] --START--
INFO: Run Behavior\ReadHtmlCacheBehavior [ RunTime:0.000346s ]
INFO: [ app_begin ] --END-- [ RunTime:0.000388s ]
INFO: [ view_parse ] --START--
INFO: [ template_filter ] --START--
INFO: Run Behavior\ContentReplaceBehavior [ RunTime:0.000054s ]
INFO: [ template_filter ] --END-- [ RunTime:0.000107s ]
INFO: Run Behavior\ParseTemplateBehavior [ RunTime:0.006091s ]
INFO: [ view_parse ] --END-- [ RunTime:0.006129s ]
INFO: [ view_filter ] --START--
INFO: Run Behavior\WriteHtmlCacheBehavior [ RunTime:0.000108s ]
INFO: [ view_filter ] --END-- [ RunTime:0.000144s ]
INFO: [ app_end ] --START--
INFO: Run Behavior\ShowPageTraceBehavior [ RunTime:0.000357s ]
INFO: [ app_end ] --END-- [ RunTime:0.000408s ]

[ 2016-05-15T12:24:47+08:00 ] 199.27.129.17 /Home/Index/home.html
INFO: [ app_init ] --START--
INFO: Run Behavior\BuildLiteBehavior [ RunTime:0.000016s ]
INFO: [ app_init ] --END-- [ RunTime:0.000349s ]
INFO: [ app_begin ] --START--
INFO: Run Behavior\ReadHtmlCacheBehavior [ RunTime:0.000382s ]
INFO: [ app_begin ] --END-- [ RunTime:0.000435s ]
SQL: SHOW COLUMNS FROM `ot_system` [ RunTime:0.0016s ]
SQL: SELECT * FROM `ot_system` WHERE `SYS_ID` = 1 LIMIT 1   [ RunTime:0.0002s ]
NOTIC: [8] Undefined index: uname /phpstudy/www/www.cngsoros.com/User/Home/Controller/CommonController.class.php 第 54 行.
SQL: SHOW COLUMNS FROM `ot_pin` [ RunTime:0.0004s ]
NOTIC: [8] Undefined index: uname /phpstudy/www/www.cngsoros.com/User/Home/Controller/CommonController.class.php 第 58 行.
SQL: SELECT COUNT(*) AS tp_count FROM `ot_pin` WHERE `user` = null AND `zt` = 0 LIMIT 1   [ RunTime:0.0001s ]
SQL: SHOW COLUMNS FROM `ot_code` [ RunTime:0.0004s ]
NOTIC: [8] Undefined index: uname /phpstudy/www/www.cngsoros.com/User/Home/Controller/CommonController.class.php 第 59 行.
SQL: SELECT COUNT(*) AS tp_count FROM `ot_code` WHERE `onwer` = null AND `status` = 1 LIMIT 1   [ RunTime:0.0001s ]
NOTIC: [8] Undefined index: uname /phpstudy/www/www.cngsoros.com/User/Home/Controller/CommonController.class.php 第 60 行.
SQL: SELECT * FROM `ot_code` WHERE `onwer` = null AND `status` = 1 LIMIT 1   [ RunTime:0.0001s ]

[ 2016-05-15T12:24:47+08:00 ] 199.27.129.17 /Home/Login/index.html
INFO: [ app_init ] --START--
INFO: Run Behavior\BuildLiteBehavior [ RunTime:0.000017s ]
INFO: [ app_init ] --END-- [ RunTime:0.000344s ]
INFO: [ app_begin ] --START--
INFO: Run Behavior\ReadHtmlCacheBehavior [ RunTime:0.000390s ]
INFO: [ app_begin ] --END-- [ RunTime:0.000440s ]
INFO: [ view_parse ] --START--
INFO: [ template_filter ] --START--
INFO: Run Behavior\ContentReplaceBehavior [ RunTime:0.000074s ]
INFO: [ template_filter ] --END-- [ RunTime:0.000116s ]
INFO: Run Behavior\ParseTemplateBehavior [ RunTime:0.007092s ]
INFO: [ view_parse ] --END-- [ RunTime:0.007134s ]
INFO: [ view_filter ] --START--
INFO: Run Behavior\WriteHtmlCacheBehavior [ RunTime:0.000110s ]
INFO: [ view_filter ] --END-- [ RunTime:0.000145s ]
INFO: [ app_end ] --START--
INFO: Run Behavior\ShowPageTraceBehavior [ RunTime:0.000403s ]
INFO: [ app_end ] --END-- [ RunTime:0.000445s ]

[ 2016-05-15T22:43:04+08:00 ] 173.245.62.163 /
INFO: [ app_init ] --START--
INFO: Run Behavior\BuildLiteBehavior [ RunTime:0.000017s ]
INFO: [ app_init ] --END-- [ RunTime:0.000332s ]
INFO: [ app_begin ] --START--
INFO: Run Behavior\ReadHtmlCacheBehavior [ RunTime:0.000394s ]
INFO: [ app_begin ] --END-- [ RunTime:0.000443s ]
SQL: SHOW COLUMNS FROM `ot_system` [ RunTime:0.0017s ]
SQL: SELECT * FROM `ot_system` WHERE `SYS_ID` = 1 LIMIT 1   [ RunTime:0.0002s ]
NOTIC: [8] Undefined index: uname /phpstudy/www/www.cngsoros.com/User/Home/Controller/CommonController.class.php 第 54 行.
SQL: SHOW COLUMNS FROM `ot_pin` [ RunTime:0.0004s ]
NOTIC: [8] Undefined index: uname /phpstudy/www/www.cngsoros.com/User/Home/Controller/CommonController.class.php 第 58 行.
SQL: SELECT COUNT(*) AS tp_count FROM `ot_pin` WHERE `user` = null AND `zt` = 0 LIMIT 1   [ RunTime:0.0001s ]
SQL: SHOW COLUMNS FROM `ot_code` [ RunTime:0.0004s ]
NOTIC: [8] Undefined index: uname /phpstudy/www/www.cngsoros.com/User/Home/Controller/CommonController.class.php 第 59 行.
SQL: SELECT COUNT(*) AS tp_count FROM `ot_code` WHERE `onwer` = null AND `status` = 1 LIMIT 1   [ RunTime:0.0001s ]
NOTIC: [8] Undefined index: uname /phpstudy/www/www.cngsoros.com/User/Home/Controller/CommonController.class.php 第 60 行.
SQL: SELECT * FROM `ot_code` WHERE `onwer` = null AND `status` = 1 LIMIT 1   [ RunTime:0.0001s ]
NOTIC: [8] Undefined index: uname /phpstudy/www/www.cngsoros.com/User/Home/Controller/CommonController.class.php 第 92 行.
SQL: SHOW COLUMNS FROM `ot_user` [ RunTime:0.0020s ]
SQL: SELECT * FROM `ot_user` WHERE `UE_account` = null LIMIT 1   [ RunTime:0.0002s ]
SQL: UPDATE `ot_user` SET `levelname`='G1' WHERE `UE_account` = null [ RunTime:0.0001s ]
NOTIC: [8] Undefined index: uid /phpstudy/www/www.cngsoros.com/User/Home/Controller/CommonController.class.php 第 97 行.
SQL: SELECT * FROM `ot_user` WHERE `UE_ID` = null LIMIT 1   [ RunTime:0.0002s ]

[ 2016-05-15T22:43:04+08:00 ] 173.245.62.163 /Home/Index/home.html
INFO: [ app_init ] --START--
INFO: Run Behavior\BuildLiteBehavior [ RunTime:0.000013s ]
INFO: [ app_init ] --END-- [ RunTime:0.000305s ]
INFO: [ app_begin ] --START--
INFO: Run Behavior\ReadHtmlCacheBehavior [ RunTime:0.000392s ]
INFO: [ app_begin ] --END-- [ RunTime:0.000438s ]
SQL: SHOW COLUMNS FROM `ot_system` [ RunTime:0.0016s ]
SQL: SELECT * FROM `ot_system` WHERE `SYS_ID` = 1 LIMIT 1   [ RunTime:0.0002s ]
NOTIC: [8] Undefined index: uname /phpstudy/www/www.cngsoros.com/User/Home/Controller/CommonController.class.php 第 54 行.
SQL: SHOW COLUMNS FROM `ot_pin` [ RunTime:0.0004s ]
NOTIC: [8] Undefined index: uname /phpstudy/www/www.cngsoros.com/User/Home/Controller/CommonController.class.php 第 58 行.
SQL: SELECT COUNT(*) AS tp_count FROM `ot_pin` WHERE `user` = null AND `zt` = 0 LIMIT 1   [ RunTime:0.0001s ]
SQL: SHOW COLUMNS FROM `ot_code` [ RunTime:0.0004s ]
NOTIC: [8] Undefined index: uname /phpstudy/www/www.cngsoros.com/User/Home/Controller/CommonController.class.php 第 59 行.
SQL: SELECT COUNT(*) AS tp_count FROM `ot_code` WHERE `onwer` = null AND `status` = 1 LIMIT 1   [ RunTime:0.0001s ]
NOTIC: [8] Undefined index: uname /phpstudy/www/www.cngsoros.com/User/Home/Controller/CommonController.class.php 第 60 行.
SQL: SELECT * FROM `ot_code` WHERE `onwer` = null AND `status` = 1 LIMIT 1   [ RunTime:0.0001s ]

[ 2016-05-15T22:43:05+08:00 ] 173.245.62.163 /Home/Login/index.html
INFO: [ app_init ] --START--
INFO: Run Behavior\BuildLiteBehavior [ RunTime:0.000012s ]
INFO: [ app_init ] --END-- [ RunTime:0.000305s ]
INFO: [ app_begin ] --START--
INFO: Run Behavior\ReadHtmlCacheBehavior [ RunTime:0.000376s ]
INFO: [ app_begin ] --END-- [ RunTime:0.000422s ]
INFO: [ view_parse ] --START--
INFO: [ template_filter ] --START--
INFO: Run Behavior\ContentReplaceBehavior [ RunTime:0.000065s ]
INFO: [ template_filter ] --END-- [ RunTime:0.000107s ]
INFO: Run Behavior\ParseTemplateBehavior [ RunTime:0.007127s ]
INFO: [ view_parse ] --END-- [ RunTime:0.007169s ]
INFO: [ view_filter ] --START--
INFO: Run Behavior\WriteHtmlCacheBehavior [ RunTime:0.000116s ]
INFO: [ view_filter ] --END-- [ RunTime:0.000151s ]
INFO: [ app_end ] --START--
INFO: Run Behavior\ShowPageTraceBehavior [ RunTime:0.000396s ]
INFO: [ app_end ] --END-- [ RunTime:0.000438s ]

[ 2016-05-15T22:43:06+08:00 ] 173.245.62.163 /Home/Login/google.h.c
INFO: [ app_init ] --START--
INFO: Run Behavior\BuildLiteBehavior [ RunTime:0.000018s ]
INFO: [ app_init ] --END-- [ RunTime:0.000348s ]
INFO: [ app_begin ] --START--
INFO: Run Behavior\ReadHtmlCacheBehavior [ RunTime:0.000384s ]
INFO: [ app_begin ] --END-- [ RunTime:0.000435s ]
ERR: 非法操作:google.h.c

[ 2016-05-15T22:43:23+08:00 ] 173.245.62.163 /Home/Login/logincl.html
INFO: [ app_init ] --START--
INFO: Run Behavior\BuildLiteBehavior [ RunTime:0.000013s ]
INFO: [ app_init ] --END-- [ RunTime:0.000279s ]
INFO: [ app_begin ] --START--
INFO: Run Behavior\ReadHtmlCacheBehavior [ RunTime:0.000346s ]
INFO: [ app_begin ] --END-- [ RunTime:0.000384s ]
SQL: SHOW COLUMNS FROM `ot_user` [ RunTime:0.0024s ]
SQL: SELECT * FROM `ot_user` WHERE `UE_account` = '13999999999' LIMIT 1   [ RunTime:0.0003s ]

[ 2016-05-15T22:43:49+08:00 ] 173.245.62.163 /Home/Login/index.html
INFO: [ app_init ] --START--
INFO: Run Behavior\BuildLiteBehavior [ RunTime:0.000016s ]
INFO: [ app_init ] --END-- [ RunTime:0.000338s ]
INFO: [ app_begin ] --START--
INFO: Run Behavior\ReadHtmlCacheBehavior [ RunTime:0.000393s ]
INFO: [ app_begin ] --END-- [ RunTime:0.000441s ]
INFO: [ view_parse ] --START--
INFO: [ template_filter ] --START--
INFO: Run Behavior\ContentReplaceBehavior [ RunTime:0.000064s ]
INFO: [ template_filter ] --END-- [ RunTime:0.000108s ]
INFO: Run Behavior\ParseTemplateBehavior [ RunTime:0.007120s ]
INFO: [ view_parse ] --END-- [ RunTime:0.007162s ]
INFO: [ view_filter ] --START--
INFO: Run Behavior\WriteHtmlCacheBehavior [ RunTime:0.000110s ]
INFO: [ view_filter ] --END-- [ RunTime:0.000146s ]
INFO: [ app_end ] --START--
INFO: Run Behavior\ShowPageTraceBehavior [ RunTime:0.000389s ]
INFO: [ app_end ] --END-- [ RunTime:0.000431s ]

[ 2016-05-15T22:43:55+08:00 ] 173.245.62.163 /Home/Login/google.h.c
INFO: [ app_init ] --START--
INFO: Run Behavior\BuildLiteBehavior [ RunTime:0.000018s ]
INFO: [ app_init ] --END-- [ RunTime:0.000322s ]
INFO: [ app_begin ] --START--
INFO: Run Behavior\ReadHtmlCacheBehavior [ RunTime:0.000398s ]
INFO: [ app_begin ] --END-- [ RunTime:0.000445s ]
ERR: 非法操作:google.h.c

[ 2016-05-15T22:44:09+08:00 ] 173.245.62.163 /Home/Login/logincl.html
INFO: [ app_init ] --START--
INFO: Run Behavior\BuildLiteBehavior [ RunTime:0.000015s ]
INFO: [ app_init ] --END-- [ RunTime:0.000336s ]
INFO: [ app_begin ] --START--
INFO: Run Behavior\ReadHtmlCacheBehavior [ RunTime:0.000386s ]
INFO: [ app_begin ] --END-- [ RunTime:0.000433s ]
SQL: SHOW COLUMNS FROM `ot_user` [ RunTime:0.0025s ]
SQL: SELECT * FROM `ot_user` WHERE `UE_account` = '13999999999' LIMIT 1   [ RunTime:0.0003s ]

