[ 2016-01-30T08:31:50+08:00 ] ::1 /
INFO: [ app_init ] --START--
INFO: Run Behavior\BuildLiteBehavior [ RunTime:0.000050s ]
INFO: [ app_init ] --END-- [ RunTime:0.002480s ]
INFO: [ app_begin ] --START--
INFO: Run Behavior\ReadHtmlCacheBehavior [ RunTime:0.001510s ]
INFO: [ app_begin ] --END-- [ RunTime:0.001746s ]
SQL: SHOW COLUMNS FROM `ot_system` [ RunTime:0.0559s ]
SQL: SELECT * FROM `ot_system` WHERE `SYS_ID` = 1 LIMIT 1   [ RunTime:0.0083s ]
SQL: SHOW COLUMNS FROM `ot_user` [ RunTime:0.0117s ]
SQL: SELECT * FROM `ot_user` WHERE `UE_ID` = 61451 LIMIT 1   [ RunTime:0.0030s ]
SQL: SHOW COLUMNS FROM `ot_tgbz` [ RunTime:0.0010s ]
SQL: SELECT * FROM `ot_tgbz` WHERE `user` = 'admin@qq.com' AND `jb` = '500' AND `showflag` = 1 ORDER BY id DESC LIMIT 1   [ RunTime:0.0026s ]
NOTIC: [8] Undefined variable: str /Library/WebServer/Documents/User/Home/Controller/CommonController.class.php 第 103 行.
SQL: SELECT * FROM `ot_tgbz` WHERE `user` = 'admin@qq.com' AND `jb` = '1000' AND `showflag` = 1 ORDER BY id DESC LIMIT 1   [ RunTime:0.0008s ]
SQL: SELECT * FROM `ot_tgbz` WHERE `user` = 'admin@qq.com' AND `jb` = '1500' AND `showflag` = 1 ORDER BY id DESC LIMIT 1   [ RunTime:0.0012s ]
SQL: SELECT * FROM `ot_tgbz` WHERE `user` = 'admin@qq.com' AND `jb` = '2000' AND `showflag` = 1 ORDER BY id DESC LIMIT 1   [ RunTime:0.0004s ]

[ 2016-01-30T08:31:50+08:00 ] ::1 /Home/Index/home.html
INFO: [ app_init ] --START--
INFO: Run Behavior\BuildLiteBehavior [ RunTime:0.000019s ]
INFO: [ app_init ] --END-- [ RunTime:0.000272s ]
INFO: [ app_begin ] --START--
INFO: Run Behavior\ReadHtmlCacheBehavior [ RunTime:0.000375s ]
INFO: [ app_begin ] --END-- [ RunTime:0.000478s ]
SQL: SHOW COLUMNS FROM `ot_system` [ RunTime:0.0089s ]
SQL: SELECT * FROM `ot_system` WHERE `SYS_ID` = 1 LIMIT 1   [ RunTime:0.0025s ]
SQL: SHOW COLUMNS FROM `ot_user` [ RunTime:0.0033s ]
SQL: SELECT * FROM `ot_user` WHERE `UE_ID` = 61451 LIMIT 1   [ RunTime:0.0017s ]
SQL: SHOW COLUMNS FROM `ot_tgbz` [ RunTime:0.0015s ]
SQL: SELECT * FROM `ot_tgbz` WHERE `user` = 'admin@qq.com' AND `jb` = '500' AND `showflag` = 1 ORDER BY id DESC LIMIT 1   [ RunTime:0.0007s ]
NOTIC: [8] Undefined variable: str /Library/WebServer/Documents/User/Home/Controller/CommonController.class.php 第 103 行.
SQL: SELECT * FROM `ot_tgbz` WHERE `user` = 'admin@qq.com' AND `jb` = '1000' AND `showflag` = 1 ORDER BY id DESC LIMIT 1   [ RunTime:0.0005s ]
SQL: SELECT * FROM `ot_tgbz` WHERE `user` = 'admin@qq.com' AND `jb` = '1500' AND `showflag` = 1 ORDER BY id DESC LIMIT 1   [ RunTime:0.0005s ]
SQL: SELECT * FROM `ot_tgbz` WHERE `user` = 'admin@qq.com' AND `jb` = '2000' AND `showflag` = 1 ORDER BY id DESC LIMIT 1   [ RunTime:0.0004s ]
SQL: SELECT COUNT(*) AS tp_count FROM `ot_tgbz` WHERE `user` = 'admin@qq.com' LIMIT 1   [ RunTime:0.0029s ]
SQL: SELECT * FROM `ot_tgbz` WHERE `user` = 'admin@qq.com' ORDER BY id DESC LIMIT 0,100   [ RunTime:0.0011s ]
SQL: SHOW COLUMNS FROM `ot_jsbz` [ RunTime:0.0037s ]
SQL: SELECT COUNT(*) AS tp_count FROM `ot_jsbz` WHERE `user` = 'admin@qq.com' LIMIT 1   [ RunTime:0.0008s ]
SQL: SELECT * FROM `ot_jsbz` WHERE `user` = 'admin@qq.com' ORDER BY id DESC LIMIT 0,100   [ RunTime:0.0006s ]
SQL: SHOW COLUMNS FROM `ot_ppdd` [ RunTime:0.0012s ]
SQL: SELECT COUNT(*) AS tp_count FROM `ot_ppdd` WHERE `p_user` = 'admin@qq.com' LIMIT 1   [ RunTime:0.0007s ]
SQL: SELECT * FROM `ot_ppdd` WHERE `p_user` = 'admin@qq.com' ORDER BY id DESC LIMIT 0,100   [ RunTime:0.0017s ]
SQL: SELECT COUNT(*) AS tp_count FROM `ot_ppdd` WHERE `g_user` = 'admin@qq.com' LIMIT 1   [ RunTime:0.0003s ]
SQL: SELECT * FROM `ot_ppdd` WHERE `g_user` = 'admin@qq.com' ORDER BY id DESC LIMIT 0,100   [ RunTime:0.0003s ]
INFO: [ view_parse ] --START--
INFO: [ template_filter ] --START--
INFO: Run Behavior\ContentReplaceBehavior [ RunTime:0.000266s ]
INFO: [ template_filter ] --END-- [ RunTime:0.000387s ]
SQL: SELECT * FROM `ot_user` WHERE `UE_account` = '333333@qq.com' LIMIT 1   [ RunTime:0.0005s ]
SQL: SELECT * FROM `ot_user` WHERE `UE_account` = '333333@qq.com' LIMIT 1   [ RunTime:0.0006s ]
SQL: SELECT * FROM `ot_user` WHERE `UE_account` = '333333@qq.com' LIMIT 1   [ RunTime:0.0005s ]
NOTIC: [8] Undefined variable: a /Library/WebServer/Documents/User/Runtime/Cache/Home/9b888f9a05177cc78c87c9cd7e37319c.php 第 1796 行.
INFO: Run Behavior\ParseTemplateBehavior [ RunTime:0.090158s ]
INFO: [ view_parse ] --END-- [ RunTime:0.090308s ]
INFO: [ view_filter ] --START--
INFO: Run Behavior\WriteHtmlCacheBehavior [ RunTime:0.000775s ]
INFO: Run Behavior\TokenBuildBehavior [ RunTime:0.000812s ]
INFO: [ view_filter ] --END-- [ RunTime:0.001771s ]
INFO: [ app_end ] --START--
INFO: Run Behavior\ShowPageTraceBehavior [ RunTime:0.001058s ]
INFO: [ app_end ] --END-- [ RunTime:0.001243s ]

[ 2016-01-30T08:31:51+08:00 ] ::1 /
INFO: [ app_init ] --START--
INFO: Run Behavior\BuildLiteBehavior [ RunTime:0.000032s ]
INFO: [ app_init ] --END-- [ RunTime:0.000467s ]
INFO: [ app_begin ] --START--
INFO: Run Behavior\ReadHtmlCacheBehavior [ RunTime:0.000365s ]
INFO: [ app_begin ] --END-- [ RunTime:0.000470s ]
SQL: SHOW COLUMNS FROM `ot_system` [ RunTime:0.0060s ]
SQL: SELECT * FROM `ot_system` WHERE `SYS_ID` = 1 LIMIT 1   [ RunTime:0.0008s ]
SQL: SHOW COLUMNS FROM `ot_user` [ RunTime:0.0020s ]
SQL: SELECT * FROM `ot_user` WHERE `UE_ID` = 61451 LIMIT 1   [ RunTime:0.0008s ]
SQL: SHOW COLUMNS FROM `ot_tgbz` [ RunTime:0.0009s ]
SQL: SELECT * FROM `ot_tgbz` WHERE `user` = 'admin@qq.com' AND `jb` = '500' AND `showflag` = 1 ORDER BY id DESC LIMIT 1   [ RunTime:0.0005s ]
NOTIC: [8] Undefined variable: str /Library/WebServer/Documents/User/Home/Controller/CommonController.class.php 第 103 行.
SQL: SELECT * FROM `ot_tgbz` WHERE `user` = 'admin@qq.com' AND `jb` = '1000' AND `showflag` = 1 ORDER BY id DESC LIMIT 1   [ RunTime:0.0004s ]
SQL: SELECT * FROM `ot_tgbz` WHERE `user` = 'admin@qq.com' AND `jb` = '1500' AND `showflag` = 1 ORDER BY id DESC LIMIT 1   [ RunTime:0.0003s ]
SQL: SELECT * FROM `ot_tgbz` WHERE `user` = 'admin@qq.com' AND `jb` = '2000' AND `showflag` = 1 ORDER BY id DESC LIMIT 1   [ RunTime:0.0004s ]

[ 2016-01-30T08:31:51+08:00 ] ::1 /Home/Index/home.html
INFO: [ app_init ] --START--
INFO: Run Behavior\BuildLiteBehavior [ RunTime:0.000019s ]
INFO: [ app_init ] --END-- [ RunTime:0.000272s ]
INFO: [ app_begin ] --START--
INFO: Run Behavior\ReadHtmlCacheBehavior [ RunTime:0.000295s ]
INFO: [ app_begin ] --END-- [ RunTime:0.000381s ]
SQL: SHOW COLUMNS FROM `ot_system` [ RunTime:0.0013s ]
SQL: SELECT * FROM `ot_system` WHERE `SYS_ID` = 1 LIMIT 1   [ RunTime:0.0006s ]
SQL: SHOW COLUMNS FROM `ot_user` [ RunTime:0.0011s ]
SQL: SELECT * FROM `ot_user` WHERE `UE_ID` = 61451 LIMIT 1   [ RunTime:0.0005s ]
SQL: SHOW COLUMNS FROM `ot_tgbz` [ RunTime:0.0007s ]
SQL: SELECT * FROM `ot_tgbz` WHERE `user` = 'admin@qq.com' AND `jb` = '500' AND `showflag` = 1 ORDER BY id DESC LIMIT 1   [ RunTime:0.0005s ]
NOTIC: [8] Undefined variable: str /Library/WebServer/Documents/User/Home/Controller/CommonController.class.php 第 103 行.
SQL: SELECT * FROM `ot_tgbz` WHERE `user` = 'admin@qq.com' AND `jb` = '1000' AND `showflag` = 1 ORDER BY id DESC LIMIT 1   [ RunTime:0.0004s ]
SQL: SELECT * FROM `ot_tgbz` WHERE `user` = 'admin@qq.com' AND `jb` = '1500' AND `showflag` = 1 ORDER BY id DESC LIMIT 1   [ RunTime:0.0003s ]
SQL: SELECT * FROM `ot_tgbz` WHERE `user` = 'admin@qq.com' AND `jb` = '2000' AND `showflag` = 1 ORDER BY id DESC LIMIT 1   [ RunTime:0.0003s ]
SQL: SELECT COUNT(*) AS tp_count FROM `ot_tgbz` WHERE `user` = 'admin@qq.com' LIMIT 1   [ RunTime:0.0003s ]
SQL: SELECT * FROM `ot_tgbz` WHERE `user` = 'admin@qq.com' ORDER BY id DESC LIMIT 0,100   [ RunTime:0.0004s ]
SQL: SHOW COLUMNS FROM `ot_jsbz` [ RunTime:0.0008s ]
SQL: SELECT COUNT(*) AS tp_count FROM `ot_jsbz` WHERE `user` = 'admin@qq.com' LIMIT 1   [ RunTime:0.0003s ]
SQL: SELECT * FROM `ot_jsbz` WHERE `user` = 'admin@qq.com' ORDER BY id DESC LIMIT 0,100   [ RunTime:0.0004s ]
SQL: SHOW COLUMNS FROM `ot_ppdd` [ RunTime:0.0005s ]
SQL: SELECT COUNT(*) AS tp_count FROM `ot_ppdd` WHERE `p_user` = 'admin@qq.com' LIMIT 1   [ RunTime:0.0003s ]
SQL: SELECT * FROM `ot_ppdd` WHERE `p_user` = 'admin@qq.com' ORDER BY id DESC LIMIT 0,100   [ RunTime:0.0004s ]
SQL: SELECT COUNT(*) AS tp_count FROM `ot_ppdd` WHERE `g_user` = 'admin@qq.com' LIMIT 1   [ RunTime:0.0003s ]
SQL: SELECT * FROM `ot_ppdd` WHERE `g_user` = 'admin@qq.com' ORDER BY id DESC LIMIT 0,100   [ RunTime:0.0003s ]
INFO: [ view_parse ] --START--
INFO: [ template_filter ] --START--
INFO: Run Behavior\ContentReplaceBehavior [ RunTime:0.000193s ]
INFO: [ template_filter ] --END-- [ RunTime:0.000283s ]
SQL: SELECT * FROM `ot_user` WHERE `UE_account` = '333333@qq.com' LIMIT 1   [ RunTime:0.0005s ]
SQL: SELECT * FROM `ot_user` WHERE `UE_account` = '333333@qq.com' LIMIT 1   [ RunTime:0.0004s ]
SQL: SELECT * FROM `ot_user` WHERE `UE_account` = '333333@qq.com' LIMIT 1   [ RunTime:0.0004s ]
NOTIC: [8] Undefined variable: a /Library/WebServer/Documents/User/Runtime/Cache/Home/9b888f9a05177cc78c87c9cd7e37319c.php 第 1796 行.
INFO: Run Behavior\ParseTemplateBehavior [ RunTime:0.049431s ]
INFO: [ view_parse ] --END-- [ RunTime:0.049542s ]
INFO: [ view_filter ] --START--
INFO: Run Behavior\WriteHtmlCacheBehavior [ RunTime:0.000198s ]
INFO: Run Behavior\TokenBuildBehavior [ RunTime:0.000269s ]
INFO: [ view_filter ] --END-- [ RunTime:0.000613s ]
INFO: [ app_end ] --START--
INFO: Run Behavior\ShowPageTraceBehavior [ RunTime:0.000598s ]
INFO: [ app_end ] --END-- [ RunTime:0.000755s ]

[ 2016-01-30T08:40:16+08:00 ] ::1 /
INFO: [ app_init ] --START--
INFO: Run Behavior\BuildLiteBehavior [ RunTime:0.000061s ]
INFO: [ app_init ] --END-- [ RunTime:0.001407s ]
INFO: [ app_begin ] --START--
INFO: Run Behavior\ReadHtmlCacheBehavior [ RunTime:0.001228s ]
INFO: [ app_begin ] --END-- [ RunTime:0.001452s ]
SQL: SHOW COLUMNS FROM `ot_system` [ RunTime:0.0024s ]
SQL: SELECT * FROM `ot_system` WHERE `SYS_ID` = 1 LIMIT 1   [ RunTime:0.0008s ]
SQL: SHOW COLUMNS FROM `ot_user` [ RunTime:0.0011s ]
SQL: SELECT * FROM `ot_user` WHERE `UE_ID` = 61451 LIMIT 1   [ RunTime:0.0005s ]
SQL: SHOW COLUMNS FROM `ot_tgbz` [ RunTime:0.0006s ]
SQL: SELECT * FROM `ot_tgbz` WHERE `user` = 'admin@qq.com' AND `jb` = '500' AND `showflag` = 1 ORDER BY id DESC LIMIT 1   [ RunTime:0.0003s ]
NOTIC: [8] Undefined variable: str /Library/WebServer/Documents/User/Home/Controller/CommonController.class.php 第 103 行.
SQL: SELECT * FROM `ot_tgbz` WHERE `user` = 'admin@qq.com' AND `jb` = '1000' AND `showflag` = 1 ORDER BY id DESC LIMIT 1   [ RunTime:0.0004s ]
SQL: SELECT * FROM `ot_tgbz` WHERE `user` = 'admin@qq.com' AND `jb` = '1500' AND `showflag` = 1 ORDER BY id DESC LIMIT 1   [ RunTime:0.0003s ]
SQL: SELECT * FROM `ot_tgbz` WHERE `user` = 'admin@qq.com' AND `jb` = '2000' AND `showflag` = 1 ORDER BY id DESC LIMIT 1   [ RunTime:0.0003s ]

[ 2016-01-30T08:40:16+08:00 ] ::1 /Home/Index/home.html
INFO: [ app_init ] --START--
INFO: Run Behavior\BuildLiteBehavior [ RunTime:0.000019s ]
INFO: [ app_init ] --END-- [ RunTime:0.000278s ]
INFO: [ app_begin ] --START--
INFO: Run Behavior\ReadHtmlCacheBehavior [ RunTime:0.000296s ]
INFO: [ app_begin ] --END-- [ RunTime:0.000402s ]
SQL: SHOW COLUMNS FROM `ot_system` [ RunTime:0.0009s ]
SQL: SELECT * FROM `ot_system` WHERE `SYS_ID` = 1 LIMIT 1   [ RunTime:0.0005s ]
SQL: SHOW COLUMNS FROM `ot_user` [ RunTime:0.0013s ]
SQL: SELECT * FROM `ot_user` WHERE `UE_ID` = 61451 LIMIT 1   [ RunTime:0.0007s ]
SQL: SHOW COLUMNS FROM `ot_tgbz` [ RunTime:0.0006s ]
SQL: SELECT * FROM `ot_tgbz` WHERE `user` = 'admin@qq.com' AND `jb` = '500' AND `showflag` = 1 ORDER BY id DESC LIMIT 1   [ RunTime:0.0004s ]
NOTIC: [8] Undefined variable: str /Library/WebServer/Documents/User/Home/Controller/CommonController.class.php 第 103 行.
SQL: SELECT * FROM `ot_tgbz` WHERE `user` = 'admin@qq.com' AND `jb` = '1000' AND `showflag` = 1 ORDER BY id DESC LIMIT 1   [ RunTime:0.0004s ]
SQL: SELECT * FROM `ot_tgbz` WHERE `user` = 'admin@qq.com' AND `jb` = '1500' AND `showflag` = 1 ORDER BY id DESC LIMIT 1   [ RunTime:0.0004s ]
SQL: SELECT * FROM `ot_tgbz` WHERE `user` = 'admin@qq.com' AND `jb` = '2000' AND `showflag` = 1 ORDER BY id DESC LIMIT 1   [ RunTime:0.0004s ]
SQL: SELECT COUNT(*) AS tp_count FROM `ot_tgbz` WHERE `user` = 'admin@qq.com' LIMIT 1   [ RunTime:0.0003s ]
SQL: SELECT * FROM `ot_tgbz` WHERE `user` = 'admin@qq.com' ORDER BY id DESC LIMIT 0,100   [ RunTime:0.0006s ]
SQL: SHOW COLUMNS FROM `ot_jsbz` [ RunTime:0.0008s ]
SQL: SELECT COUNT(*) AS tp_count FROM `ot_jsbz` WHERE `user` = 'admin@qq.com' LIMIT 1   [ RunTime:0.0004s ]
SQL: SELECT * FROM `ot_jsbz` WHERE `user` = 'admin@qq.com' ORDER BY id DESC LIMIT 0,100   [ RunTime:0.0004s ]
SQL: SHOW COLUMNS FROM `ot_ppdd` [ RunTime:0.0006s ]
SQL: SELECT COUNT(*) AS tp_count FROM `ot_ppdd` WHERE `p_user` = 'admin@qq.com' LIMIT 1   [ RunTime:0.0003s ]
SQL: SELECT * FROM `ot_ppdd` WHERE `p_user` = 'admin@qq.com' ORDER BY id DESC LIMIT 0,100   [ RunTime:0.0004s ]
SQL: SELECT COUNT(*) AS tp_count FROM `ot_ppdd` WHERE `g_user` = 'admin@qq.com' LIMIT 1   [ RunTime:0.0002s ]
SQL: SELECT * FROM `ot_ppdd` WHERE `g_user` = 'admin@qq.com' ORDER BY id DESC LIMIT 0,100   [ RunTime:0.0004s ]
INFO: [ view_parse ] --START--
INFO: [ template_filter ] --START--
INFO: Run Behavior\ContentReplaceBehavior [ RunTime:0.000212s ]
INFO: [ template_filter ] --END-- [ RunTime:0.000311s ]
SQL: SELECT * FROM `ot_user` WHERE `UE_account` = '333333@qq.com' LIMIT 1   [ RunTime:0.0009s ]
SQL: SELECT * FROM `ot_user` WHERE `UE_account` = '333333@qq.com' LIMIT 1   [ RunTime:0.0006s ]
SQL: SELECT * FROM `ot_user` WHERE `UE_account` = '333333@qq.com' LIMIT 1   [ RunTime:0.0004s ]
NOTIC: [8] Undefined variable: a /Library/WebServer/Documents/User/Runtime/Cache/Home/9b888f9a05177cc78c87c9cd7e37319c.php 第 1796 行.
INFO: Run Behavior\ParseTemplateBehavior [ RunTime:0.057656s ]
INFO: [ view_parse ] --END-- [ RunTime:0.057786s ]
INFO: [ view_filter ] --START--
INFO: Run Behavior\WriteHtmlCacheBehavior [ RunTime:0.000635s ]
INFO: Run Behavior\TokenBuildBehavior [ RunTime:0.000805s ]
INFO: [ view_filter ] --END-- [ RunTime:0.001647s ]
INFO: [ app_end ] --START--
INFO: Run Behavior\ShowPageTraceBehavior [ RunTime:0.001060s ]
INFO: [ app_end ] --END-- [ RunTime:0.001267s ]

[ 2016-01-30T11:37:49+08:00 ] ::1 /
INFO: [ app_init ] --START--
INFO: Run Behavior\BuildLiteBehavior [ RunTime:0.000051s ]
INFO: [ app_init ] --END-- [ RunTime:0.000959s ]
INFO: [ app_begin ] --START--
INFO: Run Behavior\ReadHtmlCacheBehavior [ RunTime:0.001138s ]
INFO: [ app_begin ] --END-- [ RunTime:0.001306s ]
SQL: SHOW COLUMNS FROM `ot_system` [ RunTime:0.0016s ]
SQL: SELECT * FROM `ot_system` WHERE `SYS_ID` = 1 LIMIT 1   [ RunTime:0.0005s ]
SQL: SHOW COLUMNS FROM `ot_user` [ RunTime:0.0011s ]
SQL: SELECT * FROM `ot_user` WHERE `UE_ID` = 61451 LIMIT 1   [ RunTime:0.0004s ]
SQL: SHOW COLUMNS FROM `ot_tgbz` [ RunTime:0.0007s ]
SQL: SELECT * FROM `ot_tgbz` WHERE `user` = 'admin@qq.com' AND `jb` = '500' AND `showflag` = 1 ORDER BY id DESC LIMIT 1   [ RunTime:0.0004s ]
NOTIC: [8] Undefined variable: str /Library/WebServer/Documents/User/Home/Controller/CommonController.class.php 第 103 行.
SQL: SELECT * FROM `ot_tgbz` WHERE `user` = 'admin@qq.com' AND `jb` = '1000' AND `showflag` = 1 ORDER BY id DESC LIMIT 1   [ RunTime:0.0003s ]
SQL: SELECT * FROM `ot_tgbz` WHERE `user` = 'admin@qq.com' AND `jb` = '1500' AND `showflag` = 1 ORDER BY id DESC LIMIT 1   [ RunTime:0.0003s ]
SQL: SELECT * FROM `ot_tgbz` WHERE `user` = 'admin@qq.com' AND `jb` = '2000' AND `showflag` = 1 ORDER BY id DESC LIMIT 1   [ RunTime:0.0004s ]

[ 2016-01-30T11:37:50+08:00 ] ::1 /Home/Index/home.html
INFO: [ app_init ] --START--
INFO: Run Behavior\BuildLiteBehavior [ RunTime:0.000030s ]
INFO: [ app_init ] --END-- [ RunTime:0.000477s ]
INFO: [ app_begin ] --START--
INFO: Run Behavior\ReadHtmlCacheBehavior [ RunTime:0.000395s ]
INFO: [ app_begin ] --END-- [ RunTime:0.000507s ]
SQL: SHOW COLUMNS FROM `ot_system` [ RunTime:0.0009s ]
SQL: SELECT * FROM `ot_system` WHERE `SYS_ID` = 1 LIMIT 1   [ RunTime:0.0005s ]
SQL: SHOW COLUMNS FROM `ot_user` [ RunTime:0.0009s ]
SQL: SELECT * FROM `ot_user` WHERE `UE_ID` = 61451 LIMIT 1   [ RunTime:0.0005s ]
SQL: SHOW COLUMNS FROM `ot_tgbz` [ RunTime:0.0007s ]
SQL: SELECT * FROM `ot_tgbz` WHERE `user` = 'admin@qq.com' AND `jb` = '500' AND `showflag` = 1 ORDER BY id DESC LIMIT 1   [ RunTime:0.0004s ]
NOTIC: [8] Undefined variable: str /Library/WebServer/Documents/User/Home/Controller/CommonController.class.php 第 103 行.
SQL: SELECT * FROM `ot_tgbz` WHERE `user` = 'admin@qq.com' AND `jb` = '1000' AND `showflag` = 1 ORDER BY id DESC LIMIT 1   [ RunTime:0.0003s ]
SQL: SELECT * FROM `ot_tgbz` WHERE `user` = 'admin@qq.com' AND `jb` = '1500' AND `showflag` = 1 ORDER BY id DESC LIMIT 1   [ RunTime:0.0004s ]
SQL: SELECT * FROM `ot_tgbz` WHERE `user` = 'admin@qq.com' AND `jb` = '2000' AND `showflag` = 1 ORDER BY id DESC LIMIT 1   [ RunTime:0.0003s ]
SQL: SELECT COUNT(*) AS tp_count FROM `ot_tgbz` WHERE `user` = 'admin@qq.com' LIMIT 1   [ RunTime:0.0003s ]
SQL: SELECT * FROM `ot_tgbz` WHERE `user` = 'admin@qq.com' ORDER BY id DESC LIMIT 0,100   [ RunTime:0.0006s ]
SQL: SHOW COLUMNS FROM `ot_jsbz` [ RunTime:0.0010s ]
SQL: SELECT COUNT(*) AS tp_count FROM `ot_jsbz` WHERE `user` = 'admin@qq.com' LIMIT 1   [ RunTime:0.0004s ]
SQL: SELECT * FROM `ot_jsbz` WHERE `user` = 'admin@qq.com' ORDER BY id DESC LIMIT 0,100   [ RunTime:0.0005s ]
SQL: SHOW COLUMNS FROM `ot_ppdd` [ RunTime:0.0007s ]
SQL: SELECT COUNT(*) AS tp_count FROM `ot_ppdd` WHERE `p_user` = 'admin@qq.com' LIMIT 1   [ RunTime:0.0005s ]
SQL: SELECT * FROM `ot_ppdd` WHERE `p_user` = 'admin@qq.com' ORDER BY id DESC LIMIT 0,100   [ RunTime:0.0005s ]
SQL: SELECT COUNT(*) AS tp_count FROM `ot_ppdd` WHERE `g_user` = 'admin@qq.com' LIMIT 1   [ RunTime:0.0004s ]
SQL: SELECT * FROM `ot_ppdd` WHERE `g_user` = 'admin@qq.com' ORDER BY id DESC LIMIT 0,100   [ RunTime:0.0004s ]
INFO: [ view_parse ] --START--
INFO: [ template_filter ] --START--
INFO: Run Behavior\ContentReplaceBehavior [ RunTime:0.000199s ]
INFO: [ template_filter ] --END-- [ RunTime:0.000294s ]
SQL: SELECT * FROM `ot_user` WHERE `UE_account` = '333333@qq.com' LIMIT 1   [ RunTime:0.0005s ]
SQL: SELECT * FROM `ot_user` WHERE `UE_account` = '333333@qq.com' LIMIT 1   [ RunTime:0.0004s ]
SQL: SELECT * FROM `ot_user` WHERE `UE_account` = '333333@qq.com' LIMIT 1   [ RunTime:0.0003s ]
NOTIC: [8] Undefined variable: a /Library/WebServer/Documents/User/Runtime/Cache/Home/9b888f9a05177cc78c87c9cd7e37319c.php 第 1796 行.
INFO: Run Behavior\ParseTemplateBehavior [ RunTime:0.056252s ]
INFO: [ view_parse ] --END-- [ RunTime:0.056361s ]
INFO: [ view_filter ] --START--
INFO: Run Behavior\WriteHtmlCacheBehavior [ RunTime:0.000612s ]
INFO: Run Behavior\TokenBuildBehavior [ RunTime:0.000792s ]
INFO: [ view_filter ] --END-- [ RunTime:0.001608s ]
INFO: [ app_end ] --START--
INFO: Run Behavior\ShowPageTraceBehavior [ RunTime:0.000909s ]
INFO: [ app_end ] --END-- [ RunTime:0.001091s ]

[ 2016-01-30T11:37:52+08:00 ] ::1 /
INFO: [ app_init ] --START--
INFO: Run Behavior\BuildLiteBehavior [ RunTime:0.000021s ]
INFO: [ app_init ] --END-- [ RunTime:0.000278s ]
INFO: [ app_begin ] --START--
INFO: Run Behavior\ReadHtmlCacheBehavior [ RunTime:0.000330s ]
INFO: [ app_begin ] --END-- [ RunTime:0.000486s ]
SQL: SHOW COLUMNS FROM `ot_system` [ RunTime:0.0014s ]
SQL: SELECT * FROM `ot_system` WHERE `SYS_ID` = 1 LIMIT 1   [ RunTime:0.0006s ]
SQL: SHOW COLUMNS FROM `ot_user` [ RunTime:0.0013s ]
SQL: SELECT * FROM `ot_user` WHERE `UE_ID` = 61451 LIMIT 1   [ RunTime:0.0005s ]
SQL: SHOW COLUMNS FROM `ot_tgbz` [ RunTime:0.0006s ]
SQL: SELECT * FROM `ot_tgbz` WHERE `user` = 'admin@qq.com' AND `jb` = '500' AND `showflag` = 1 ORDER BY id DESC LIMIT 1   [ RunTime:0.0004s ]
NOTIC: [8] Undefined variable: str /Library/WebServer/Documents/User/Home/Controller/CommonController.class.php 第 103 行.
SQL: SELECT * FROM `ot_tgbz` WHERE `user` = 'admin@qq.com' AND `jb` = '1000' AND `showflag` = 1 ORDER BY id DESC LIMIT 1   [ RunTime:0.0003s ]
SQL: SELECT * FROM `ot_tgbz` WHERE `user` = 'admin@qq.com' AND `jb` = '1500' AND `showflag` = 1 ORDER BY id DESC LIMIT 1   [ RunTime:0.0003s ]
SQL: SELECT * FROM `ot_tgbz` WHERE `user` = 'admin@qq.com' AND `jb` = '2000' AND `showflag` = 1 ORDER BY id DESC LIMIT 1   [ RunTime:0.0003s ]

[ 2016-01-30T11:37:52+08:00 ] ::1 /Home/Index/home.html
INFO: [ app_init ] --START--
INFO: Run Behavior\BuildLiteBehavior [ RunTime:0.000025s ]
INFO: [ app_init ] --END-- [ RunTime:0.000438s ]
INFO: [ app_begin ] --START--
INFO: Run Behavior\ReadHtmlCacheBehavior [ RunTime:0.000395s ]
INFO: [ app_begin ] --END-- [ RunTime:0.000481s ]
SQL: SHOW COLUMNS FROM `ot_system` [ RunTime:0.0007s ]
SQL: SELECT * FROM `ot_system` WHERE `SYS_ID` = 1 LIMIT 1   [ RunTime:0.0004s ]
SQL: SHOW COLUMNS FROM `ot_user` [ RunTime:0.0009s ]
SQL: SELECT * FROM `ot_user` WHERE `UE_ID` = 61451 LIMIT 1   [ RunTime:0.0005s ]
SQL: SHOW COLUMNS FROM `ot_tgbz` [ RunTime:0.0006s ]
SQL: SELECT * FROM `ot_tgbz` WHERE `user` = 'admin@qq.com' AND `jb` = '500' AND `showflag` = 1 ORDER BY id DESC LIMIT 1   [ RunTime:0.0004s ]
NOTIC: [8] Undefined variable: str /Library/WebServer/Documents/User/Home/Controller/CommonController.class.php 第 103 行.
SQL: SELECT * FROM `ot_tgbz` WHERE `user` = 'admin@qq.com' AND `jb` = '1000' AND `showflag` = 1 ORDER BY id DESC LIMIT 1   [ RunTime:0.0004s ]
SQL: SELECT * FROM `ot_tgbz` WHERE `user` = 'admin@qq.com' AND `jb` = '1500' AND `showflag` = 1 ORDER BY id DESC LIMIT 1   [ RunTime:0.0004s ]
SQL: SELECT * FROM `ot_tgbz` WHERE `user` = 'admin@qq.com' AND `jb` = '2000' AND `showflag` = 1 ORDER BY id DESC LIMIT 1   [ RunTime:0.0006s ]
SQL: SELECT COUNT(*) AS tp_count FROM `ot_tgbz` WHERE `user` = 'admin@qq.com' LIMIT 1   [ RunTime:0.0004s ]
SQL: SELECT * FROM `ot_tgbz` WHERE `user` = 'admin@qq.com' ORDER BY id DESC LIMIT 0,100   [ RunTime:0.0003s ]
SQL: SHOW COLUMNS FROM `ot_jsbz` [ RunTime:0.0005s ]
SQL: SELECT COUNT(*) AS tp_count FROM `ot_jsbz` WHERE `user` = 'admin@qq.com' LIMIT 1   [ RunTime:0.0003s ]
SQL: SELECT * FROM `ot_jsbz` WHERE `user` = 'admin@qq.com' ORDER BY id DESC LIMIT 0,100   [ RunTime:0.0003s ]
SQL: SHOW COLUMNS FROM `ot_ppdd` [ RunTime:0.0004s ]
SQL: SELECT COUNT(*) AS tp_count FROM `ot_ppdd` WHERE `p_user` = 'admin@qq.com' LIMIT 1   [ RunTime:0.0003s ]
SQL: SELECT * FROM `ot_ppdd` WHERE `p_user` = 'admin@qq.com' ORDER BY id DESC LIMIT 0,100   [ RunTime:0.0004s ]
SQL: SELECT COUNT(*) AS tp_count FROM `ot_ppdd` WHERE `g_user` = 'admin@qq.com' LIMIT 1   [ RunTime:0.0004s ]
SQL: SELECT * FROM `ot_ppdd` WHERE `g_user` = 'admin@qq.com' ORDER BY id DESC LIMIT 0,100   [ RunTime:0.0003s ]
INFO: [ view_parse ] --START--
INFO: [ template_filter ] --START--
INFO: Run Behavior\ContentReplaceBehavior [ RunTime:0.000187s ]
INFO: [ template_filter ] --END-- [ RunTime:0.000278s ]
SQL: SELECT * FROM `ot_user` WHERE `UE_account` = '333333@qq.com' LIMIT 1   [ RunTime:0.0005s ]
SQL: SELECT * FROM `ot_user` WHERE `UE_account` = '333333@qq.com' LIMIT 1   [ RunTime:0.0004s ]
SQL: SELECT * FROM `ot_user` WHERE `UE_account` = '333333@qq.com' LIMIT 1   [ RunTime:0.0004s ]
NOTIC: [8] Undefined variable: a /Library/WebServer/Documents/User/Runtime/Cache/Home/9b888f9a05177cc78c87c9cd7e37319c.php 第 1796 行.
INFO: Run Behavior\ParseTemplateBehavior [ RunTime:0.045635s ]
INFO: [ view_parse ] --END-- [ RunTime:0.045719s ]
INFO: [ view_filter ] --START--
INFO: Run Behavior\WriteHtmlCacheBehavior [ RunTime:0.000192s ]
INFO: Run Behavior\TokenBuildBehavior [ RunTime:0.000250s ]
INFO: [ view_filter ] --END-- [ RunTime:0.000569s ]
INFO: [ app_end ] --START--
INFO: Run Behavior\ShowPageTraceBehavior [ RunTime:0.000510s ]
INFO: [ app_end ] --END-- [ RunTime:0.000686s ]

[ 2016-01-30T12:15:29+08:00 ] ::1 /
INFO: [ app_init ] --START--
INFO: Run Behavior\BuildLiteBehavior [ RunTime:0.000045s ]
INFO: [ app_init ] --END-- [ RunTime:0.001187s ]
INFO: [ app_begin ] --START--
INFO: Run Behavior\ReadHtmlCacheBehavior [ RunTime:0.001246s ]
INFO: [ app_begin ] --END-- [ RunTime:0.001445s ]
SQL: SHOW COLUMNS FROM `ot_system` [ RunTime:0.0011s ]
SQL: SELECT * FROM `ot_system` WHERE `SYS_ID` = 1 LIMIT 1   [ RunTime:0.0006s ]
SQL: SHOW COLUMNS FROM `ot_user` [ RunTime:0.0011s ]
SQL: SELECT * FROM `ot_user` WHERE `UE_ID` = 61451 LIMIT 1   [ RunTime:0.0006s ]
SQL: SHOW COLUMNS FROM `ot_tgbz` [ RunTime:0.0006s ]
SQL: SELECT * FROM `ot_tgbz` WHERE `user` = 'admin@qq.com' AND `jb` = '500' AND `showflag` = 1 ORDER BY id DESC LIMIT 1   [ RunTime:0.0004s ]
NOTIC: [8] Undefined variable: str /Library/WebServer/Documents/User/Home/Controller/CommonController.class.php 第 103 行.
SQL: SELECT * FROM `ot_tgbz` WHERE `user` = 'admin@qq.com' AND `jb` = '1000' AND `showflag` = 1 ORDER BY id DESC LIMIT 1   [ RunTime:0.0004s ]
SQL: SELECT * FROM `ot_tgbz` WHERE `user` = 'admin@qq.com' AND `jb` = '1500' AND `showflag` = 1 ORDER BY id DESC LIMIT 1   [ RunTime:0.0005s ]
SQL: SELECT * FROM `ot_tgbz` WHERE `user` = 'admin@qq.com' AND `jb` = '2000' AND `showflag` = 1 ORDER BY id DESC LIMIT 1   [ RunTime:0.0003s ]

[ 2016-01-30T12:15:29+08:00 ] ::1 /Home/Index/home.html
INFO: [ app_init ] --START--
INFO: Run Behavior\BuildLiteBehavior [ RunTime:0.000027s ]
INFO: [ app_init ] --END-- [ RunTime:0.000377s ]
INFO: [ app_begin ] --START--
INFO: Run Behavior\ReadHtmlCacheBehavior [ RunTime:0.000610s ]
INFO: [ app_begin ] --END-- [ RunTime:0.000783s ]
SQL: SHOW COLUMNS FROM `ot_system` [ RunTime:0.0009s ]
SQL: SELECT * FROM `ot_system` WHERE `SYS_ID` = 1 LIMIT 1   [ RunTime:0.0005s ]
SQL: SHOW COLUMNS FROM `ot_user` [ RunTime:0.0010s ]
SQL: SELECT * FROM `ot_user` WHERE `UE_ID` = 61451 LIMIT 1   [ RunTime:0.0005s ]
SQL: SHOW COLUMNS FROM `ot_tgbz` [ RunTime:0.0006s ]
SQL: SELECT * FROM `ot_tgbz` WHERE `user` = 'admin@qq.com' AND `jb` = '500' AND `showflag` = 1 ORDER BY id DESC LIMIT 1   [ RunTime:0.0004s ]
NOTIC: [8] Undefined variable: str /Library/WebServer/Documents/User/Home/Controller/CommonController.class.php 第 103 行.
SQL: SELECT * FROM `ot_tgbz` WHERE `user` = 'admin@qq.com' AND `jb` = '1000' AND `showflag` = 1 ORDER BY id DESC LIMIT 1   [ RunTime:0.0003s ]
SQL: SELECT * FROM `ot_tgbz` WHERE `user` = 'admin@qq.com' AND `jb` = '1500' AND `showflag` = 1 ORDER BY id DESC LIMIT 1   [ RunTime:0.0004s ]
SQL: SELECT * FROM `ot_tgbz` WHERE `user` = 'admin@qq.com' AND `jb` = '2000' AND `showflag` = 1 ORDER BY id DESC LIMIT 1   [ RunTime:0.0006s ]
SQL: SELECT COUNT(*) AS tp_count FROM `ot_tgbz` WHERE `user` = 'admin@qq.com' LIMIT 1   [ RunTime:0.0004s ]
SQL: SELECT * FROM `ot_tgbz` WHERE `user` = 'admin@qq.com' ORDER BY id DESC LIMIT 0,100   [ RunTime:0.0005s ]
SQL: SHOW COLUMNS FROM `ot_jsbz` [ RunTime:0.0005s ]
SQL: SELECT COUNT(*) AS tp_count FROM `ot_jsbz` WHERE `user` = 'admin@qq.com' LIMIT 1   [ RunTime:0.0003s ]
SQL: SELECT * FROM `ot_jsbz` WHERE `user` = 'admin@qq.com' ORDER BY id DESC LIMIT 0,100   [ RunTime:0.0003s ]
SQL: SHOW COLUMNS FROM `ot_ppdd` [ RunTime:0.0007s ]
SQL: SELECT COUNT(*) AS tp_count FROM `ot_ppdd` WHERE `p_user` = 'admin@qq.com' LIMIT 1   [ RunTime:0.0003s ]
SQL: SELECT * FROM `ot_ppdd` WHERE `p_user` = 'admin@qq.com' ORDER BY id DESC LIMIT 0,100   [ RunTime:0.0004s ]
SQL: SELECT COUNT(*) AS tp_count FROM `ot_ppdd` WHERE `g_user` = 'admin@qq.com' LIMIT 1   [ RunTime:0.0003s ]
SQL: SELECT * FROM `ot_ppdd` WHERE `g_user` = 'admin@qq.com' ORDER BY id DESC LIMIT 0,100   [ RunTime:0.0003s ]
INFO: [ view_parse ] --START--
INFO: [ template_filter ] --START--
INFO: Run Behavior\ContentReplaceBehavior [ RunTime:0.000195s ]
INFO: [ template_filter ] --END-- [ RunTime:0.000284s ]
SQL: SELECT * FROM `ot_user` WHERE `UE_account` = '333333@qq.com' LIMIT 1   [ RunTime:0.0005s ]
SQL: SELECT * FROM `ot_user` WHERE `UE_account` = '333333@qq.com' LIMIT 1   [ RunTime:0.0004s ]
SQL: SELECT * FROM `ot_user` WHERE `UE_account` = '333333@qq.com' LIMIT 1   [ RunTime:0.0003s ]
NOTIC: [8] Undefined variable: a /Library/WebServer/Documents/User/Runtime/Cache/Home/9b888f9a05177cc78c87c9cd7e37319c.php 第 1796 行.
INFO: Run Behavior\ParseTemplateBehavior [ RunTime:0.051915s ]
INFO: [ view_parse ] --END-- [ RunTime:0.052023s ]
INFO: [ view_filter ] --START--
INFO: Run Behavior\WriteHtmlCacheBehavior [ RunTime:0.000655s ]
INFO: Run Behavior\TokenBuildBehavior [ RunTime:0.000707s ]
INFO: [ view_filter ] --END-- [ RunTime:0.001538s ]
INFO: [ app_end ] --START--
INFO: Run Behavior\ShowPageTraceBehavior [ RunTime:0.001333s ]
INFO: [ app_end ] --END-- [ RunTime:0.001526s ]

[ 2016-01-30T12:24:07+08:00 ] ::1 /
INFO: [ app_init ] --START--
INFO: Run Behavior\BuildLiteBehavior [ RunTime:0.000045s ]
INFO: [ app_init ] --END-- [ RunTime:0.001039s ]
INFO: [ app_begin ] --START--
INFO: Run Behavior\ReadHtmlCacheBehavior [ RunTime:0.001291s ]
INFO: [ app_begin ] --END-- [ RunTime:0.001500s ]
SQL: SHOW COLUMNS FROM `ot_system` [ RunTime:0.0009s ]
SQL: SELECT * FROM `ot_system` WHERE `SYS_ID` = 1 LIMIT 1   [ RunTime:0.0005s ]
SQL: SHOW COLUMNS FROM `ot_user` [ RunTime:0.0011s ]
NOTIC: [8] Undefined index: uid /Library/WebServer/Documents/User/Home/Controller/CommonController.class.php 第 88 行.
SQL: SELECT * FROM `ot_user` WHERE `UE_ID` = null LIMIT 1   [ RunTime:0.0004s ]
SQL: SHOW COLUMNS FROM `ot_tgbz` [ RunTime:0.0006s ]
NOTIC: [8] Undefined index: uname /Library/WebServer/Documents/User/Home/Controller/CommonController.class.php 第 100 行.
SQL: SELECT * FROM `ot_tgbz` WHERE `user` = null AND `jb` = '500' AND `showflag` = 1 ORDER BY id DESC LIMIT 1   [ RunTime:0.0004s ]
NOTIC: [8] Undefined variable: str /Library/WebServer/Documents/User/Home/Controller/CommonController.class.php 第 105 行.
NOTIC: [8] Undefined index: uname /Library/WebServer/Documents/User/Home/Controller/CommonController.class.php 第 100 行.
SQL: SELECT * FROM `ot_tgbz` WHERE `user` = null AND `jb` = '1000' AND `showflag` = 1 ORDER BY id DESC LIMIT 1   [ RunTime:0.0003s ]
NOTIC: [8] Undefined index: uname /Library/WebServer/Documents/User/Home/Controller/CommonController.class.php 第 100 行.
SQL: SELECT * FROM `ot_tgbz` WHERE `user` = null AND `jb` = '1500' AND `showflag` = 1 ORDER BY id DESC LIMIT 1   [ RunTime:0.0003s ]
NOTIC: [8] Undefined index: uname /Library/WebServer/Documents/User/Home/Controller/CommonController.class.php 第 100 行.
SQL: SELECT * FROM `ot_tgbz` WHERE `user` = null AND `jb` = '2000' AND `showflag` = 1 ORDER BY id DESC LIMIT 1   [ RunTime:0.0004s ]

[ 2016-01-30T12:24:07+08:00 ] ::1 /Home/Index/home.html
INFO: [ app_init ] --START--
INFO: Run Behavior\BuildLiteBehavior [ RunTime:0.000019s ]
INFO: [ app_init ] --END-- [ RunTime:0.000267s ]
INFO: [ app_begin ] --START--
INFO: Run Behavior\ReadHtmlCacheBehavior [ RunTime:0.000423s ]
INFO: [ app_begin ] --END-- [ RunTime:0.000554s ]
SQL: SHOW COLUMNS FROM `ot_system` [ RunTime:0.0009s ]
SQL: SELECT * FROM `ot_system` WHERE `SYS_ID` = 1 LIMIT 1   [ RunTime:0.0005s ]

[ 2016-01-30T12:24:07+08:00 ] ::1 /Home/Login/index.html
INFO: [ app_init ] --START--
INFO: Run Behavior\BuildLiteBehavior [ RunTime:0.000019s ]
INFO: [ app_init ] --END-- [ RunTime:0.000265s ]
INFO: [ app_begin ] --START--
INFO: Run Behavior\ReadHtmlCacheBehavior [ RunTime:0.000297s ]
INFO: [ app_begin ] --END-- [ RunTime:0.000379s ]
INFO: [ view_parse ] --START--
INFO: [ template_filter ] --START--
INFO: Run Behavior\ContentReplaceBehavior [ RunTime:0.000069s ]
INFO: [ template_filter ] --END-- [ RunTime:0.000188s ]
INFO: Run Behavior\ParseTemplateBehavior [ RunTime:0.011722s ]
INFO: [ view_parse ] --END-- [ RunTime:0.011863s ]
INFO: [ view_filter ] --START--
INFO: Run Behavior\WriteHtmlCacheBehavior [ RunTime:0.000541s ]
INFO: Run Behavior\TokenBuildBehavior [ RunTime:0.000773s ]
INFO: [ view_filter ] --END-- [ RunTime:0.001497s ]
INFO: [ app_end ] --START--
INFO: Run Behavior\ShowPageTraceBehavior [ RunTime:0.001086s ]
INFO: [ app_end ] --END-- [ RunTime:0.001244s ]

