[ 2016-01-16T15:08:55+08:00 ] 123.125.71.109 /?qqdrsign=00a17
INFO: [ app_init ] --START--
INFO: Run Behavior\BuildLiteBehavior [ RunTime:0.000000s ]
INFO: [ app_init ] --END-- [ RunTime:0.000000s ]
INFO: [ app_begin ] --START--
INFO: Run Behavior\ReadHtmlCacheBehavior [ RunTime:0.015625s ]
INFO: [ app_begin ] --END-- [ RunTime:0.015625s ]
SQL: SHOW COLUMNS FROM `ot_system` [ RunTime:0.0000s ]
SQL: SELECT * FROM `ot_system` WHERE `SYS_ID` = 1 LIMIT 1   [ RunTime:0.0000s ]
SQL: SHOW COLUMNS FROM `ot_user` [ RunTime:0.0156s ]
NOTIC: [8] Undefined index: uid D:\wwwroot\yijiayi\wwwroot\User\Home\Controller\CommonController.class.php 第 88 行.
SQL: SELECT * FROM `ot_user` WHERE `UE_ID` = null LIMIT 1   [ RunTime:0.0000s ]
SQL: SHOW COLUMNS FROM `ot_tgbz` [ RunTime:0.0000s ]
NOTIC: [8] Undefined index: uname D:\wwwroot\yijiayi\wwwroot\User\Home\Controller\CommonController.class.php 第 101 行.
SQL: SELECT * FROM `ot_tgbz` WHERE `user` = null AND `jb` = '500' AND `showflag` = 1 ORDER BY id DESC LIMIT 1   [ RunTime:0.0000s ]
NOTIC: [8] Undefined index: uname D:\wwwroot\yijiayi\wwwroot\User\Home\Controller\CommonController.class.php 第 101 行.
SQL: SELECT * FROM `ot_tgbz` WHERE `user` = null AND `jb` = '1000' AND `showflag` = 1 ORDER BY id DESC LIMIT 1   [ RunTime:0.0156s ]
NOTIC: [8] Undefined index: uname D:\wwwroot\yijiayi\wwwroot\User\Home\Controller\CommonController.class.php 第 101 行.
SQL: SELECT * FROM `ot_tgbz` WHERE `user` = null AND `jb` = '3000' AND `showflag` = 1 ORDER BY id DESC LIMIT 1   [ RunTime:0.0000s ]
NOTIC: [8] Undefined index: uname D:\wwwroot\yijiayi\wwwroot\User\Home\Controller\CommonController.class.php 第 101 行.
SQL: SELECT * FROM `ot_tgbz` WHERE `user` = null AND `jb` = '5000' AND `showflag` = 1 ORDER BY id DESC LIMIT 1   [ RunTime:0.0000s ]

[ 2016-01-16T15:08:55+08:00 ] 123.125.71.114 /Home/Index/home.html
INFO: [ app_init ] --START--
INFO: Run Behavior\BuildLiteBehavior [ RunTime:0.000000s ]
INFO: [ app_init ] --END-- [ RunTime:0.000000s ]
INFO: [ app_begin ] --START--
INFO: Run Behavior\ReadHtmlCacheBehavior [ RunTime:0.000000s ]
INFO: [ app_begin ] --END-- [ RunTime:0.000000s ]
SQL: SHOW COLUMNS FROM `ot_system` [ RunTime:0.0000s ]
SQL: SELECT * FROM `ot_system` WHERE `SYS_ID` = 1 LIMIT 1   [ RunTime:0.0000s ]

[ 2016-01-16T15:08:55+08:00 ] 123.125.71.75 /Home/Login/index.html
INFO: [ app_init ] --START--
INFO: Run Behavior\BuildLiteBehavior [ RunTime:0.000000s ]
INFO: [ app_init ] --END-- [ RunTime:0.000000s ]
INFO: [ app_begin ] --START--
INFO: Run Behavior\ReadHtmlCacheBehavior [ RunTime:0.000000s ]
INFO: [ app_begin ] --END-- [ RunTime:0.000000s ]
INFO: [ view_parse ] --START--
INFO: [ template_filter ] --START--
INFO: Run Behavior\ContentReplaceBehavior [ RunTime:0.000000s ]
INFO: [ template_filter ] --END-- [ RunTime:0.000000s ]
INFO: Run Behavior\ParseTemplateBehavior [ RunTime:0.062499s ]
INFO: [ view_parse ] --END-- [ RunTime:0.062499s ]
INFO: [ view_filter ] --START--
INFO: Run Behavior\WriteHtmlCacheBehavior [ RunTime:0.000000s ]
INFO: Run Behavior\TokenBuildBehavior [ RunTime:0.000000s ]
INFO: [ view_filter ] --END-- [ RunTime:0.000000s ]
INFO: [ app_end ] --START--
INFO: Run Behavior\ShowPageTraceBehavior [ RunTime:0.000000s ]
INFO: [ app_end ] --END-- [ RunTime:0.000000s ]

[ 2016-01-16T17:22:37+08:00 ] 117.27.149.13 /
INFO: [ app_init ] --START--
INFO: Run Behavior\BuildLiteBehavior [ RunTime:0.000000s ]
INFO: [ app_init ] --END-- [ RunTime:0.000000s ]
INFO: [ app_begin ] --START--
INFO: Run Behavior\ReadHtmlCacheBehavior [ RunTime:0.000000s ]
INFO: [ app_begin ] --END-- [ RunTime:0.000000s ]
SQL: SHOW COLUMNS FROM `ot_system` [ RunTime:0.0000s ]
SQL: SELECT * FROM `ot_system` WHERE `SYS_ID` = 1 LIMIT 1   [ RunTime:0.0000s ]
SQL: SHOW COLUMNS FROM `ot_user` [ RunTime:0.0156s ]
NOTIC: [8] Undefined index: uid D:\wwwroot\yijiayi\wwwroot\User\Home\Controller\CommonController.class.php 第 88 行.
SQL: SELECT * FROM `ot_user` WHERE `UE_ID` = null LIMIT 1   [ RunTime:0.0156s ]
SQL: SHOW COLUMNS FROM `ot_tgbz` [ RunTime:0.0156s ]
NOTIC: [8] Undefined index: uname D:\wwwroot\yijiayi\wwwroot\User\Home\Controller\CommonController.class.php 第 101 行.
SQL: SELECT * FROM `ot_tgbz` WHERE `user` = null AND `jb` = '500' AND `showflag` = 1 ORDER BY id DESC LIMIT 1   [ RunTime:0.0000s ]
NOTIC: [8] Undefined index: uname D:\wwwroot\yijiayi\wwwroot\User\Home\Controller\CommonController.class.php 第 101 行.
SQL: SELECT * FROM `ot_tgbz` WHERE `user` = null AND `jb` = '1000' AND `showflag` = 1 ORDER BY id DESC LIMIT 1   [ RunTime:0.0000s ]
NOTIC: [8] Undefined index: uname D:\wwwroot\yijiayi\wwwroot\User\Home\Controller\CommonController.class.php 第 101 行.
SQL: SELECT * FROM `ot_tgbz` WHERE `user` = null AND `jb` = '3000' AND `showflag` = 1 ORDER BY id DESC LIMIT 1   [ RunTime:0.0000s ]
NOTIC: [8] Undefined index: uname D:\wwwroot\yijiayi\wwwroot\User\Home\Controller\CommonController.class.php 第 101 行.
SQL: SELECT * FROM `ot_tgbz` WHERE `user` = null AND `jb` = '5000' AND `showflag` = 1 ORDER BY id DESC LIMIT 1   [ RunTime:0.0000s ]

[ 2016-01-16T17:22:37+08:00 ] 117.27.149.13 /Home/Index/home.html
INFO: [ app_init ] --START--
INFO: Run Behavior\BuildLiteBehavior [ RunTime:0.000000s ]
INFO: [ app_init ] --END-- [ RunTime:0.000000s ]
INFO: [ app_begin ] --START--
INFO: Run Behavior\ReadHtmlCacheBehavior [ RunTime:0.000000s ]
INFO: [ app_begin ] --END-- [ RunTime:0.000000s ]
SQL: SHOW COLUMNS FROM `ot_system` [ RunTime:0.0000s ]
SQL: SELECT * FROM `ot_system` WHERE `SYS_ID` = 1 LIMIT 1   [ RunTime:0.0156s ]

[ 2016-01-16T17:22:38+08:00 ] 117.27.149.13 /Home/Login/index.html
INFO: [ app_init ] --START--
INFO: Run Behavior\BuildLiteBehavior [ RunTime:0.000000s ]
INFO: [ app_init ] --END-- [ RunTime:0.000000s ]
INFO: [ app_begin ] --START--
INFO: Run Behavior\ReadHtmlCacheBehavior [ RunTime:0.000000s ]
INFO: [ app_begin ] --END-- [ RunTime:0.000000s ]
INFO: [ view_parse ] --START--
INFO: [ template_filter ] --START--
INFO: Run Behavior\ContentReplaceBehavior [ RunTime:0.000000s ]
INFO: [ template_filter ] --END-- [ RunTime:0.000000s ]
INFO: Run Behavior\ParseTemplateBehavior [ RunTime:0.062499s ]
INFO: [ view_parse ] --END-- [ RunTime:0.062499s ]
INFO: [ view_filter ] --START--
INFO: Run Behavior\WriteHtmlCacheBehavior [ RunTime:0.000000s ]
INFO: Run Behavior\TokenBuildBehavior [ RunTime:0.000000s ]
INFO: [ view_filter ] --END-- [ RunTime:0.000000s ]
INFO: [ app_end ] --START--
INFO: Run Behavior\ShowPageTraceBehavior [ RunTime:0.000000s ]
INFO: [ app_end ] --END-- [ RunTime:0.000000s ]

[ 2016-01-16T18:55:22+08:00 ] 220.181.108.153 /
INFO: [ app_init ] --START--
INFO: Run Behavior\BuildLiteBehavior [ RunTime:0.000000s ]
INFO: [ app_init ] --END-- [ RunTime:0.000000s ]
INFO: [ app_begin ] --START--
INFO: Run Behavior\ReadHtmlCacheBehavior [ RunTime:0.015626s ]
INFO: [ app_begin ] --END-- [ RunTime:0.015626s ]
SQL: SHOW COLUMNS FROM `ot_system` [ RunTime:0.0156s ]
SQL: SELECT * FROM `ot_system` WHERE `SYS_ID` = 1 LIMIT 1   [ RunTime:0.0000s ]
SQL: SHOW COLUMNS FROM `ot_user` [ RunTime:0.0156s ]
NOTIC: [8] Undefined index: uid D:\wwwroot\yijiayi\wwwroot\User\Home\Controller\CommonController.class.php 第 88 行.
SQL: SELECT * FROM `ot_user` WHERE `UE_ID` = null LIMIT 1   [ RunTime:0.0000s ]
SQL: SHOW COLUMNS FROM `ot_tgbz` [ RunTime:0.0156s ]
NOTIC: [8] Undefined index: uname D:\wwwroot\yijiayi\wwwroot\User\Home\Controller\CommonController.class.php 第 101 行.
SQL: SELECT * FROM `ot_tgbz` WHERE `user` = null AND `jb` = '500' AND `showflag` = 1 ORDER BY id DESC LIMIT 1   [ RunTime:0.0000s ]
NOTIC: [8] Undefined index: uname D:\wwwroot\yijiayi\wwwroot\User\Home\Controller\CommonController.class.php 第 101 行.
SQL: SELECT * FROM `ot_tgbz` WHERE `user` = null AND `jb` = '1000' AND `showflag` = 1 ORDER BY id DESC LIMIT 1   [ RunTime:0.0000s ]
NOTIC: [8] Undefined index: uname D:\wwwroot\yijiayi\wwwroot\User\Home\Controller\CommonController.class.php 第 101 行.
SQL: SELECT * FROM `ot_tgbz` WHERE `user` = null AND `jb` = '3000' AND `showflag` = 1 ORDER BY id DESC LIMIT 1   [ RunTime:0.0000s ]
NOTIC: [8] Undefined index: uname D:\wwwroot\yijiayi\wwwroot\User\Home\Controller\CommonController.class.php 第 101 行.
SQL: SELECT * FROM `ot_tgbz` WHERE `user` = null AND `jb` = '5000' AND `showflag` = 1 ORDER BY id DESC LIMIT 1   [ RunTime:0.0156s ]

[ 2016-01-16T18:55:23+08:00 ] 220.181.108.144 /Home/Index/home.html
INFO: [ app_init ] --START--
INFO: Run Behavior\BuildLiteBehavior [ RunTime:0.000000s ]
INFO: [ app_init ] --END-- [ RunTime:0.000000s ]
INFO: [ app_begin ] --START--
INFO: Run Behavior\ReadHtmlCacheBehavior [ RunTime:0.000000s ]
INFO: [ app_begin ] --END-- [ RunTime:0.000000s ]
SQL: SHOW COLUMNS FROM `ot_system` [ RunTime:0.0156s ]
SQL: SELECT * FROM `ot_system` WHERE `SYS_ID` = 1 LIMIT 1   [ RunTime:0.0156s ]

[ 2016-01-16T18:55:23+08:00 ] 220.181.108.160 /Home/Login/index.html
INFO: [ app_init ] --START--
INFO: Run Behavior\BuildLiteBehavior [ RunTime:0.000000s ]
INFO: [ app_init ] --END-- [ RunTime:0.000000s ]
INFO: [ app_begin ] --START--
INFO: Run Behavior\ReadHtmlCacheBehavior [ RunTime:0.000000s ]
INFO: [ app_begin ] --END-- [ RunTime:0.000000s ]
INFO: [ view_parse ] --START--
INFO: [ template_filter ] --START--
INFO: Run Behavior\ContentReplaceBehavior [ RunTime:0.000000s ]
INFO: [ template_filter ] --END-- [ RunTime:0.000000s ]
INFO: Run Behavior\ParseTemplateBehavior [ RunTime:0.062501s ]
INFO: [ view_parse ] --END-- [ RunTime:0.062501s ]
INFO: [ view_filter ] --START--
INFO: Run Behavior\WriteHtmlCacheBehavior [ RunTime:0.000000s ]
INFO: Run Behavior\TokenBuildBehavior [ RunTime:0.000000s ]
INFO: [ view_filter ] --END-- [ RunTime:0.000000s ]
INFO: [ app_end ] --START--
INFO: Run Behavior\ShowPageTraceBehavior [ RunTime:0.000000s ]
INFO: [ app_end ] --END-- [ RunTime:0.000000s ]

[ 2016-01-16T19:58:56+08:00 ] 220.181.108.142 /
INFO: [ app_init ] --START--
INFO: Run Behavior\BuildLiteBehavior [ RunTime:0.000000s ]
INFO: [ app_init ] --END-- [ RunTime:0.000000s ]
INFO: [ app_begin ] --START--
INFO: Run Behavior\ReadHtmlCacheBehavior [ RunTime:0.000000s ]
INFO: [ app_begin ] --END-- [ RunTime:0.000000s ]
SQL: SHOW COLUMNS FROM `ot_system` [ RunTime:0.0000s ]
SQL: SELECT * FROM `ot_system` WHERE `SYS_ID` = 1 LIMIT 1   [ RunTime:0.0000s ]
SQL: SHOW COLUMNS FROM `ot_user` [ RunTime:0.0000s ]
NOTIC: [8] Undefined index: uid D:\wwwroot\yijiayi\wwwroot\User\Home\Controller\CommonController.class.php 第 88 行.
SQL: SELECT * FROM `ot_user` WHERE `UE_ID` = null LIMIT 1   [ RunTime:0.0000s ]
SQL: SHOW COLUMNS FROM `ot_tgbz` [ RunTime:0.0313s ]
NOTIC: [8] Undefined index: uname D:\wwwroot\yijiayi\wwwroot\User\Home\Controller\CommonController.class.php 第 101 行.
SQL: SELECT * FROM `ot_tgbz` WHERE `user` = null AND `jb` = '500' AND `showflag` = 1 ORDER BY id DESC LIMIT 1   [ RunTime:0.0000s ]
NOTIC: [8] Undefined index: uname D:\wwwroot\yijiayi\wwwroot\User\Home\Controller\CommonController.class.php 第 101 行.
SQL: SELECT * FROM `ot_tgbz` WHERE `user` = null AND `jb` = '1000' AND `showflag` = 1 ORDER BY id DESC LIMIT 1   [ RunTime:0.0000s ]
NOTIC: [8] Undefined index: uname D:\wwwroot\yijiayi\wwwroot\User\Home\Controller\CommonController.class.php 第 101 行.
SQL: SELECT * FROM `ot_tgbz` WHERE `user` = null AND `jb` = '3000' AND `showflag` = 1 ORDER BY id DESC LIMIT 1   [ RunTime:0.0000s ]
NOTIC: [8] Undefined index: uname D:\wwwroot\yijiayi\wwwroot\User\Home\Controller\CommonController.class.php 第 101 行.
SQL: SELECT * FROM `ot_tgbz` WHERE `user` = null AND `jb` = '5000' AND `showflag` = 1 ORDER BY id DESC LIMIT 1   [ RunTime:0.0000s ]

[ 2016-01-16T19:59:09+08:00 ] 220.181.108.153 /Home/Index/home.html
INFO: [ app_init ] --START--
INFO: Run Behavior\BuildLiteBehavior [ RunTime:0.000000s ]
INFO: [ app_init ] --END-- [ RunTime:0.000000s ]
INFO: [ app_begin ] --START--
INFO: Run Behavior\ReadHtmlCacheBehavior [ RunTime:0.000000s ]
INFO: [ app_begin ] --END-- [ RunTime:0.000000s ]
SQL: SHOW COLUMNS FROM `ot_system` [ RunTime:0.0000s ]
SQL: SELECT * FROM `ot_system` WHERE `SYS_ID` = 1 LIMIT 1   [ RunTime:0.0000s ]

[ 2016-01-16T19:59:11+08:00 ] 220.181.108.142 /Home/Login/index.html
INFO: [ app_init ] --START--
INFO: Run Behavior\BuildLiteBehavior [ RunTime:0.000000s ]
INFO: [ app_init ] --END-- [ RunTime:0.000000s ]
INFO: [ app_begin ] --START--
INFO: Run Behavior\ReadHtmlCacheBehavior [ RunTime:0.000000s ]
INFO: [ app_begin ] --END-- [ RunTime:0.000000s ]
INFO: [ view_parse ] --START--
INFO: [ template_filter ] --START--
INFO: Run Behavior\ContentReplaceBehavior [ RunTime:0.000000s ]
INFO: [ template_filter ] --END-- [ RunTime:0.000000s ]
INFO: Run Behavior\ParseTemplateBehavior [ RunTime:0.046876s ]
INFO: [ view_parse ] --END-- [ RunTime:0.046876s ]
INFO: [ view_filter ] --START--
INFO: Run Behavior\WriteHtmlCacheBehavior [ RunTime:0.000000s ]
INFO: Run Behavior\TokenBuildBehavior [ RunTime:0.000000s ]
INFO: [ view_filter ] --END-- [ RunTime:0.000000s ]
INFO: [ app_end ] --START--
INFO: Run Behavior\ShowPageTraceBehavior [ RunTime:0.000000s ]
INFO: [ app_end ] --END-- [ RunTime:0.000000s ]

[ 2016-01-16T22:15:12+08:00 ] 220.181.108.121 /
INFO: [ app_init ] --START--
INFO: Run Behavior\BuildLiteBehavior [ RunTime:0.000000s ]
INFO: [ app_init ] --END-- [ RunTime:0.000000s ]
INFO: [ app_begin ] --START--
INFO: Run Behavior\ReadHtmlCacheBehavior [ RunTime:0.000000s ]
INFO: [ app_begin ] --END-- [ RunTime:0.000000s ]
SQL: SHOW COLUMNS FROM `ot_system` [ RunTime:0.0000s ]
SQL: SELECT * FROM `ot_system` WHERE `SYS_ID` = 1 LIMIT 1   [ RunTime:0.0000s ]
SQL: SHOW COLUMNS FROM `ot_user` [ RunTime:0.0313s ]
NOTIC: [8] Undefined index: uid D:\wwwroot\yijiayi\wwwroot\User\Home\Controller\CommonController.class.php 第 88 行.
SQL: SELECT * FROM `ot_user` WHERE `UE_ID` = null LIMIT 1   [ RunTime:0.0000s ]
SQL: SHOW COLUMNS FROM `ot_tgbz` [ RunTime:0.0000s ]
NOTIC: [8] Undefined index: uname D:\wwwroot\yijiayi\wwwroot\User\Home\Controller\CommonController.class.php 第 101 行.
SQL: SELECT * FROM `ot_tgbz` WHERE `user` = null AND `jb` = '500' AND `showflag` = 1 ORDER BY id DESC LIMIT 1   [ RunTime:0.0156s ]
NOTIC: [8] Undefined index: uname D:\wwwroot\yijiayi\wwwroot\User\Home\Controller\CommonController.class.php 第 101 行.
SQL: SELECT * FROM `ot_tgbz` WHERE `user` = null AND `jb` = '1000' AND `showflag` = 1 ORDER BY id DESC LIMIT 1   [ RunTime:0.0000s ]
NOTIC: [8] Undefined index: uname D:\wwwroot\yijiayi\wwwroot\User\Home\Controller\CommonController.class.php 第 101 行.
SQL: SELECT * FROM `ot_tgbz` WHERE `user` = null AND `jb` = '3000' AND `showflag` = 1 ORDER BY id DESC LIMIT 1   [ RunTime:0.0000s ]
NOTIC: [8] Undefined index: uname D:\wwwroot\yijiayi\wwwroot\User\Home\Controller\CommonController.class.php 第 101 行.
SQL: SELECT * FROM `ot_tgbz` WHERE `user` = null AND `jb` = '5000' AND `showflag` = 1 ORDER BY id DESC LIMIT 1   [ RunTime:0.0000s ]

[ 2016-01-16T22:15:13+08:00 ] 220.181.108.94 /Home/Index/home.html
INFO: [ app_init ] --START--
INFO: Run Behavior\BuildLiteBehavior [ RunTime:0.000000s ]
INFO: [ app_init ] --END-- [ RunTime:0.000000s ]
INFO: [ app_begin ] --START--
INFO: Run Behavior\ReadHtmlCacheBehavior [ RunTime:0.000000s ]
INFO: [ app_begin ] --END-- [ RunTime:0.000000s ]
SQL: SHOW COLUMNS FROM `ot_system` [ RunTime:0.0000s ]
SQL: SELECT * FROM `ot_system` WHERE `SYS_ID` = 1 LIMIT 1   [ RunTime:0.0156s ]

[ 2016-01-16T22:15:13+08:00 ] 220.181.108.123 /Home/Login/index.html
INFO: [ app_init ] --START--
INFO: Run Behavior\BuildLiteBehavior [ RunTime:0.000000s ]
INFO: [ app_init ] --END-- [ RunTime:0.000000s ]
INFO: [ app_begin ] --START--
INFO: Run Behavior\ReadHtmlCacheBehavior [ RunTime:0.000000s ]
INFO: [ app_begin ] --END-- [ RunTime:0.000000s ]
INFO: [ view_parse ] --START--
INFO: [ template_filter ] --START--
INFO: Run Behavior\ContentReplaceBehavior [ RunTime:0.000000s ]
INFO: [ template_filter ] --END-- [ RunTime:0.000000s ]
INFO: Run Behavior\ParseTemplateBehavior [ RunTime:0.046875s ]
INFO: [ view_parse ] --END-- [ RunTime:0.046875s ]
INFO: [ view_filter ] --START--
INFO: Run Behavior\WriteHtmlCacheBehavior [ RunTime:0.000000s ]
INFO: Run Behavior\TokenBuildBehavior [ RunTime:0.000000s ]
INFO: [ view_filter ] --END-- [ RunTime:0.000000s ]
INFO: [ app_end ] --START--
INFO: Run Behavior\ShowPageTraceBehavior [ RunTime:0.015625s ]
INFO: [ app_end ] --END-- [ RunTime:0.015625s ]

