[ 2016-04-27T14:51:12+08:00 ] 45.78.14.185 /Home/Login/google.h.c
INFO: [ app_init ] --START--
INFO: Run Behavior\BuildLiteBehavior [ RunTime:0.000012s ]
INFO: [ app_init ] --END-- [ RunTime:0.000272s ]
INFO: [ app_begin ] --START--
INFO: Run Behavior\ReadHtmlCacheBehavior [ RunTime:0.000338s ]
INFO: [ app_begin ] --END-- [ RunTime:0.000379s ]
ERR: 非法操作:google.h.c

[ 2016-04-27T14:51:17+08:00 ] 45.78.14.185 /Home/Login/logincl.html
INFO: [ app_init ] --START--
INFO: Run Behavior\BuildLiteBehavior [ RunTime:0.000012s ]
INFO: [ app_init ] --END-- [ RunTime:0.000270s ]
INFO: [ app_begin ] --START--
INFO: Run Behavior\ReadHtmlCacheBehavior [ RunTime:0.000332s ]
INFO: [ app_begin ] --END-- [ RunTime:0.000369s ]
SQL: SHOW COLUMNS FROM `ot_user` [ RunTime:0.0024s ]
SQL: SELECT * FROM `ot_user` WHERE `UE_account` = 'admin@qq.com' LIMIT 1   [ RunTime:0.0003s ]
SQL: SHOW COLUMNS FROM `ot_ppdd` [ RunTime:0.0006s ]
NOTIC: [2] Missing argument 2 for Think\Crypt::decrypt(), called in /phpstudy/www/mmm.bianji.cn/User/Home/Common/function.php on line 591 and defined /phpstudy/www/mmm.bianji.cn/ThinkPHP/Library/Think/Crypt.class.php 第 46 行.
NOTIC: [8] Undefined variable: key /phpstudy/www/mmm.bianji.cn/ThinkPHP/Library/Think/Crypt.class.php 第 51 行.
NOTIC: [2] Missing argument 2 for Think\Crypt::encrypt(), called in /phpstudy/www/mmm.bianji.cn/User/Home/Common/function.php on line 762 and defined /phpstudy/www/mmm.bianji.cn/ThinkPHP/Library/Think/Crypt.class.php 第 32 行.
NOTIC: [8] Undefined variable: key /phpstudy/www/mmm.bianji.cn/ThinkPHP/Library/Think/Crypt.class.php 第 37 行.
SQL: SELECT * FROM `ot_ppdd` WHERE `p_user` = 'admin@qq.com' AND `zt` = 0  [ RunTime:0.0002s ]
NOTIC: [8] Use of undefined constant ue_id - assumed 'ue_id' /phpstudy/www/mmm.bianji.cn/User/Home/Controller/LoginController.class.php 第 108 行.
NOTIC: [8] Use of undefined constant ue_account - assumed 'ue_account' /phpstudy/www/mmm.bianji.cn/User/Home/Controller/LoginController.class.php 第 110 行.
NOTIC: [8] Use of undefined constant ue_account - assumed 'ue_account' /phpstudy/www/mmm.bianji.cn/User/Home/Controller/LoginController.class.php 第 118 行.
SQL: SHOW COLUMNS FROM `ot_drrz` [ RunTime:0.0046s ]
SQL: INSERT INTO `ot_drrz` (`date`,`ip`,`user`,`leixin`) VALUES ('2016-04-27 14:51:17','','admin@qq.com','0') [ RunTime:0.0002s ]
NOTIC: [8] Use of undefined constant sf - assumed 'sf' /phpstudy/www/mmm.bianji.cn/User/Home/Controller/LoginController.class.php 第 131 行.

[ 2016-04-27T14:51:17+08:00 ] 45.78.14.185 /
INFO: [ app_init ] --START--
INFO: Run Behavior\BuildLiteBehavior [ RunTime:0.000012s ]
INFO: [ app_init ] --END-- [ RunTime:0.000269s ]
INFO: [ app_begin ] --START--
INFO: Run Behavior\ReadHtmlCacheBehavior [ RunTime:0.000337s ]
INFO: [ app_begin ] --END-- [ RunTime:0.000377s ]
SQL: SHOW COLUMNS FROM `ot_system` [ RunTime:0.0015s ]
SQL: SELECT * FROM `ot_system` WHERE `SYS_ID` = 1 LIMIT 1   [ RunTime:0.0002s ]
SQL: SHOW COLUMNS FROM `ot_pin` [ RunTime:0.0004s ]
SQL: SELECT COUNT(*) AS tp_count FROM `ot_pin` WHERE `user` = 'admin@qq.com' AND `zt` = 0 LIMIT 1   [ RunTime:0.0001s ]
SQL: SHOW COLUMNS FROM `ot_code` [ RunTime:0.0004s ]
SQL: SELECT COUNT(*) AS tp_count FROM `ot_code` WHERE `onwer` = 'admin@qq.com' AND `status` = 1 LIMIT 1   [ RunTime:0.0001s ]
SQL: SELECT * FROM `ot_code` WHERE `onwer` = 'admin@qq.com' AND `status` = 1 LIMIT 1   [ RunTime:0.0001s ]
SQL: SHOW COLUMNS FROM `ot_user` [ RunTime:0.0018s ]
SQL: SELECT * FROM `ot_user` WHERE `UE_account` = 'admin@qq.com' LIMIT 1   [ RunTime:0.0002s ]
SQL: UPDATE `ot_user` SET `levelname`='G4' WHERE `UE_account` = 'admin@qq.com' [ RunTime:0.0002s ]
SQL: SELECT * FROM `ot_user` WHERE `UE_ID` = 1 LIMIT 1   [ RunTime:0.0002s ]

[ 2016-04-27T14:51:18+08:00 ] 45.78.14.185 /Home/Index/home.html
INFO: [ app_init ] --START--
INFO: Run Behavior\BuildLiteBehavior [ RunTime:0.000011s ]
INFO: [ app_init ] --END-- [ RunTime:0.000271s ]
INFO: [ app_begin ] --START--
INFO: Run Behavior\ReadHtmlCacheBehavior [ RunTime:0.000341s ]
INFO: [ app_begin ] --END-- [ RunTime:0.000381s ]
SQL: SHOW COLUMNS FROM `ot_system` [ RunTime:0.0015s ]
SQL: SELECT * FROM `ot_system` WHERE `SYS_ID` = 1 LIMIT 1   [ RunTime:0.0002s ]
SQL: SHOW COLUMNS FROM `ot_pin` [ RunTime:0.0004s ]
SQL: SELECT COUNT(*) AS tp_count FROM `ot_pin` WHERE `user` = 'admin@qq.com' AND `zt` = 0 LIMIT 1   [ RunTime:0.0001s ]
SQL: SHOW COLUMNS FROM `ot_code` [ RunTime:0.0004s ]
SQL: SELECT COUNT(*) AS tp_count FROM `ot_code` WHERE `onwer` = 'admin@qq.com' AND `status` = 1 LIMIT 1   [ RunTime:0.0001s ]
SQL: SELECT * FROM `ot_code` WHERE `onwer` = 'admin@qq.com' AND `status` = 1 LIMIT 1   [ RunTime:0.0001s ]
SQL: SHOW COLUMNS FROM `ot_user` [ RunTime:0.0018s ]
SQL: SELECT * FROM `ot_user` WHERE `UE_account` = 'admin@qq.com' LIMIT 1   [ RunTime:0.0002s ]
SQL: UPDATE `ot_user` SET `levelname`='G4' WHERE `UE_account` = 'admin@qq.com' [ RunTime:0.0002s ]
SQL: SELECT * FROM `ot_user` WHERE `UE_ID` = 1 LIMIT 1   [ RunTime:0.0002s ]
SQL: SHOW COLUMNS FROM `ot_tgbz` [ RunTime:0.0006s ]
SQL: SELECT COUNT(*) AS tp_count FROM `ot_tgbz` WHERE `user` = 'admin@qq.com' LIMIT 1   [ RunTime:0.0001s ]
SQL: SELECT * FROM `ot_tgbz` WHERE `user` = 'admin@qq.com' ORDER BY id DESC LIMIT 0,100   [ RunTime:0.0001s ]
SQL: SHOW COLUMNS FROM `ot_jsbz` [ RunTime:0.0005s ]
SQL: SELECT COUNT(*) AS tp_count FROM `ot_jsbz` WHERE `user` = 'admin@qq.com' LIMIT 1   [ RunTime:0.0001s ]
SQL: SELECT * FROM `ot_jsbz` WHERE `user` = 'admin@qq.com' ORDER BY id DESC LIMIT 0,100   [ RunTime:0.0001s ]
SQL: SELECT * FROM `ot_jsbz` WHERE `user` = 'admin@qq.com' LIMIT 1   [ RunTime:0.0001s ]
SQL: SHOW COLUMNS FROM `ot_ppdd` [ RunTime:0.0005s ]
SQL: SELECT COUNT(*) AS tp_count FROM `ot_ppdd` WHERE `p_user` = 'admin@qq.com' LIMIT 1   [ RunTime:0.0001s ]
SQL: SELECT * FROM `ot_ppdd` WHERE `p_user` = 'admin@qq.com' ORDER BY id DESC LIMIT 0,100   [ RunTime:0.0001s ]
SQL: SELECT COUNT(*) AS tp_count FROM `ot_ppdd` WHERE `g_user` = 'admin@qq.com' LIMIT 1   [ RunTime:0.0001s ]
SQL: SELECT * FROM `ot_ppdd` WHERE `g_user` = 'admin@qq.com' ORDER BY id DESC LIMIT 0,100   [ RunTime:0.0001s ]
INFO: [ view_parse ] --START--
INFO: [ template_filter ] --START--
INFO: Run Behavior\ContentReplaceBehavior [ RunTime:0.000300s ]
INFO: [ template_filter ] --END-- [ RunTime:0.000340s ]
NOTIC: [8] Undefined variable: home /phpstudy/www/mmm.bianji.cn/User/Runtime/Cache/Home/9b888f9a05177cc78c87c9cd7e37319c.php 第 758 行.
NOTIC: [8] Undefined variable: news /phpstudy/www/mmm.bianji.cn/User/Runtime/Cache/Home/9b888f9a05177cc78c87c9cd7e37319c.php 第 761 行.
NOTIC: [8] Undefined variable: she_list /phpstudy/www/mmm.bianji.cn/User/Runtime/Cache/Home/9b888f9a05177cc78c87c9cd7e37319c.php 第 765 行.
NOTIC: [8] Undefined variable: de_list /phpstudy/www/mmm.bianji.cn/User/Runtime/Cache/Home/9b888f9a05177cc78c87c9cd7e37319c.php 第 769 行.
NOTIC: [8] Undefined variable: reg /phpstudy/www/mmm.bianji.cn/User/Runtime/Cache/Home/9b888f9a05177cc78c87c9cd7e37319c.php 第 773 行.
NOTIC: [8] Undefined variable: profile /phpstudy/www/mmm.bianji.cn/User/Runtime/Cache/Home/9b888f9a05177cc78c87c9cd7e37319c.php 第 777 行.
NOTIC: [8] Undefined variable: manage /phpstudy/www/mmm.bianji.cn/User/Runtime/Cache/Home/9b888f9a05177cc78c87c9cd7e37319c.php 第 780 行.
NOTIC: [8] Undefined variable: cwmx /phpstudy/www/mmm.bianji.cn/User/Runtime/Cache/Home/9b888f9a05177cc78c87c9cd7e37319c.php 第 789 行.
NOTIC: [8] Undefined variable: detail /phpstudy/www/mmm.bianji.cn/User/Runtime/Cache/Home/9b888f9a05177cc78c87c9cd7e37319c.php 第 794 行.
INFO: Run Behavior\ParseTemplateBehavior [ RunTime:0.040474s ]
INFO: [ view_parse ] --END-- [ RunTime:0.040514s ]
INFO: [ view_filter ] --START--
INFO: Run Behavior\WriteHtmlCacheBehavior [ RunTime:0.000124s ]
INFO: [ view_filter ] --END-- [ RunTime:0.000160s ]
INFO: [ app_end ] --START--
INFO: Run Behavior\ShowPageTraceBehavior [ RunTime:0.000421s ]
INFO: [ app_end ] --END-- [ RunTime:0.000462s ]

[ 2016-04-27T14:51:19+08:00 ] 45.78.14.185 /Home/Index/google.h.h
INFO: [ app_init ] --START--
INFO: Run Behavior\BuildLiteBehavior [ RunTime:0.000011s ]
INFO: [ app_init ] --END-- [ RunTime:0.000266s ]
INFO: [ app_begin ] --START--
INFO: Run Behavior\ReadHtmlCacheBehavior [ RunTime:0.000339s ]
INFO: [ app_begin ] --END-- [ RunTime:0.000381s ]
SQL: SHOW COLUMNS FROM `ot_system` [ RunTime:0.0013s ]
SQL: SELECT * FROM `ot_system` WHERE `SYS_ID` = 1 LIMIT 1   [ RunTime:0.0002s ]
SQL: SHOW COLUMNS FROM `ot_pin` [ RunTime:0.0004s ]
SQL: SELECT COUNT(*) AS tp_count FROM `ot_pin` WHERE `user` = 'admin@qq.com' AND `zt` = 0 LIMIT 1   [ RunTime:0.0001s ]
SQL: SHOW COLUMNS FROM `ot_code` [ RunTime:0.0004s ]
SQL: SELECT COUNT(*) AS tp_count FROM `ot_code` WHERE `onwer` = 'admin@qq.com' AND `status` = 1 LIMIT 1   [ RunTime:0.0001s ]
SQL: SELECT * FROM `ot_code` WHERE `onwer` = 'admin@qq.com' AND `status` = 1 LIMIT 1   [ RunTime:0.0001s ]
SQL: SHOW COLUMNS FROM `ot_user` [ RunTime:0.0017s ]
SQL: SELECT * FROM `ot_user` WHERE `UE_account` = 'admin@qq.com' LIMIT 1   [ RunTime:0.0002s ]
SQL: UPDATE `ot_user` SET `levelname`='G4' WHERE `UE_account` = 'admin@qq.com' [ RunTime:0.0002s ]
SQL: SELECT * FROM `ot_user` WHERE `UE_ID` = 1 LIMIT 1   [ RunTime:0.0002s ]
ERR: 非法操作:google.h.h

[ 2016-04-27T14:51:19+08:00 ] 45.78.14.185 /Home/Index/google.h.c
INFO: [ app_init ] --START--
INFO: Run Behavior\BuildLiteBehavior [ RunTime:0.000011s ]
INFO: [ app_init ] --END-- [ RunTime:0.000267s ]
INFO: [ app_begin ] --START--
INFO: Run Behavior\ReadHtmlCacheBehavior [ RunTime:0.000341s ]
INFO: [ app_begin ] --END-- [ RunTime:0.000381s ]
SQL: SHOW COLUMNS FROM `ot_system` [ RunTime:0.0014s ]
SQL: SELECT * FROM `ot_system` WHERE `SYS_ID` = 1 LIMIT 1   [ RunTime:0.0002s ]
SQL: SHOW COLUMNS FROM `ot_pin` [ RunTime:0.0004s ]
SQL: SELECT COUNT(*) AS tp_count FROM `ot_pin` WHERE `user` = 'admin@qq.com' AND `zt` = 0 LIMIT 1   [ RunTime:0.0001s ]
SQL: SHOW COLUMNS FROM `ot_code` [ RunTime:0.0004s ]
SQL: SELECT COUNT(*) AS tp_count FROM `ot_code` WHERE `onwer` = 'admin@qq.com' AND `status` = 1 LIMIT 1   [ RunTime:0.0001s ]
SQL: SELECT * FROM `ot_code` WHERE `onwer` = 'admin@qq.com' AND `status` = 1 LIMIT 1   [ RunTime:0.0001s ]
SQL: SHOW COLUMNS FROM `ot_user` [ RunTime:0.0018s ]
SQL: SELECT * FROM `ot_user` WHERE `UE_account` = 'admin@qq.com' LIMIT 1   [ RunTime:0.0002s ]
SQL: UPDATE `ot_user` SET `levelname`='G4' WHERE `UE_account` = 'admin@qq.com' [ RunTime:0.0002s ]
SQL: SELECT * FROM `ot_user` WHERE `UE_ID` = 1 LIMIT 1   [ RunTime:0.0002s ]
ERR: 非法操作:google.h.c

[ 2016-04-27T14:51:19+08:00 ] 45.78.14.185 /Home/Index/google.js.js
INFO: [ app_init ] --START--
INFO: Run Behavior\BuildLiteBehavior [ RunTime:0.000012s ]
INFO: [ app_init ] --END-- [ RunTime:0.000273s ]
INFO: [ app_begin ] --START--
INFO: Run Behavior\ReadHtmlCacheBehavior [ RunTime:0.000342s ]
INFO: [ app_begin ] --END-- [ RunTime:0.000382s ]
SQL: SHOW COLUMNS FROM `ot_system` [ RunTime:0.0015s ]
SQL: SELECT * FROM `ot_system` WHERE `SYS_ID` = 1 LIMIT 1   [ RunTime:0.0002s ]
SQL: SHOW COLUMNS FROM `ot_pin` [ RunTime:0.0004s ]
SQL: SELECT COUNT(*) AS tp_count FROM `ot_pin` WHERE `user` = 'admin@qq.com' AND `zt` = 0 LIMIT 1   [ RunTime:0.0001s ]
SQL: SHOW COLUMNS FROM `ot_code` [ RunTime:0.0004s ]
SQL: SELECT COUNT(*) AS tp_count FROM `ot_code` WHERE `onwer` = 'admin@qq.com' AND `status` = 1 LIMIT 1   [ RunTime:0.0001s ]
SQL: SELECT * FROM `ot_code` WHERE `onwer` = 'admin@qq.com' AND `status` = 1 LIMIT 1   [ RunTime:0.0001s ]
SQL: SHOW COLUMNS FROM `ot_user` [ RunTime:0.0018s ]
SQL: SELECT * FROM `ot_user` WHERE `UE_account` = 'admin@qq.com' LIMIT 1   [ RunTime:0.0002s ]
SQL: UPDATE `ot_user` SET `levelname`='G4' WHERE `UE_account` = 'admin@qq.com' [ RunTime:0.0002s ]
SQL: SELECT * FROM `ot_user` WHERE `UE_ID` = 1 LIMIT 1   [ RunTime:0.0002s ]
ERR: 非法操作:google.js.js

[ 2016-04-27T14:56:19+08:00 ] 45.78.14.185 /Home/Index/home.html?aj=1&type=check_login&uid=82662186
INFO: [ app_init ] --START--
INFO: Run Behavior\BuildLiteBehavior [ RunTime:0.000012s ]
INFO: [ app_init ] --END-- [ RunTime:0.000279s ]
INFO: [ app_begin ] --START--
INFO: Run Behavior\ReadHtmlCacheBehavior [ RunTime:0.000340s ]
INFO: [ app_begin ] --END-- [ RunTime:0.000376s ]
SQL: SHOW COLUMNS FROM `ot_system` [ RunTime:0.0015s ]
SQL: SELECT * FROM `ot_system` WHERE `SYS_ID` = 1 LIMIT 1   [ RunTime:0.0002s ]
SQL: SHOW COLUMNS FROM `ot_pin` [ RunTime:0.0004s ]
SQL: SELECT COUNT(*) AS tp_count FROM `ot_pin` WHERE `user` = 'admin@qq.com' AND `zt` = 0 LIMIT 1   [ RunTime:0.0001s ]
SQL: SHOW COLUMNS FROM `ot_code` [ RunTime:0.0004s ]
SQL: SELECT COUNT(*) AS tp_count FROM `ot_code` WHERE `onwer` = 'admin@qq.com' AND `status` = 1 LIMIT 1   [ RunTime:0.0001s ]
SQL: SELECT * FROM `ot_code` WHERE `onwer` = 'admin@qq.com' AND `status` = 1 LIMIT 1   [ RunTime:0.0001s ]
SQL: SHOW COLUMNS FROM `ot_user` [ RunTime:0.0018s ]
SQL: SELECT * FROM `ot_user` WHERE `UE_account` = 'admin@qq.com' LIMIT 1   [ RunTime:0.0002s ]
SQL: UPDATE `ot_user` SET `levelname`='G4' WHERE `UE_account` = 'admin@qq.com' [ RunTime:0.0002s ]
SQL: SELECT * FROM `ot_user` WHERE `UE_ID` = 1 LIMIT 1   [ RunTime:0.0002s ]
SQL: SHOW COLUMNS FROM `ot_tgbz` [ RunTime:0.0006s ]
SQL: SELECT COUNT(*) AS tp_count FROM `ot_tgbz` WHERE `user` = 'admin@qq.com' LIMIT 1   [ RunTime:0.0001s ]
SQL: SELECT * FROM `ot_tgbz` WHERE `user` = 'admin@qq.com' ORDER BY id DESC LIMIT 0,100   [ RunTime:0.0001s ]
SQL: SHOW COLUMNS FROM `ot_jsbz` [ RunTime:0.0005s ]
SQL: SELECT COUNT(*) AS tp_count FROM `ot_jsbz` WHERE `user` = 'admin@qq.com' LIMIT 1   [ RunTime:0.0001s ]
SQL: SELECT * FROM `ot_jsbz` WHERE `user` = 'admin@qq.com' ORDER BY id DESC LIMIT 0,100   [ RunTime:0.0001s ]
SQL: SELECT * FROM `ot_jsbz` WHERE `user` = 'admin@qq.com' LIMIT 1   [ RunTime:0.0001s ]
SQL: SHOW COLUMNS FROM `ot_ppdd` [ RunTime:0.0006s ]
SQL: SELECT COUNT(*) AS tp_count FROM `ot_ppdd` WHERE `p_user` = 'admin@qq.com' LIMIT 1   [ RunTime:0.0001s ]
SQL: SELECT * FROM `ot_ppdd` WHERE `p_user` = 'admin@qq.com' ORDER BY id DESC LIMIT 0,100   [ RunTime:0.0001s ]
SQL: SELECT COUNT(*) AS tp_count FROM `ot_ppdd` WHERE `g_user` = 'admin@qq.com' LIMIT 1   [ RunTime:0.0001s ]
SQL: SELECT * FROM `ot_ppdd` WHERE `g_user` = 'admin@qq.com' ORDER BY id DESC LIMIT 0,100   [ RunTime:0.0001s ]
INFO: [ view_parse ] --START--
INFO: [ template_filter ] --START--
INFO: Run Behavior\ContentReplaceBehavior [ RunTime:0.000295s ]
INFO: [ template_filter ] --END-- [ RunTime:0.000332s ]
NOTIC: [8] Undefined variable: home /phpstudy/www/mmm.bianji.cn/User/Runtime/Cache/Home/9b888f9a05177cc78c87c9cd7e37319c.php 第 758 行.
NOTIC: [8] Undefined variable: news /phpstudy/www/mmm.bianji.cn/User/Runtime/Cache/Home/9b888f9a05177cc78c87c9cd7e37319c.php 第 761 行.
NOTIC: [8] Undefined variable: she_list /phpstudy/www/mmm.bianji.cn/User/Runtime/Cache/Home/9b888f9a05177cc78c87c9cd7e37319c.php 第 765 行.
NOTIC: [8] Undefined variable: de_list /phpstudy/www/mmm.bianji.cn/User/Runtime/Cache/Home/9b888f9a05177cc78c87c9cd7e37319c.php 第 769 行.
NOTIC: [8] Undefined variable: reg /phpstudy/www/mmm.bianji.cn/User/Runtime/Cache/Home/9b888f9a05177cc78c87c9cd7e37319c.php 第 773 行.
NOTIC: [8] Undefined variable: profile /phpstudy/www/mmm.bianji.cn/User/Runtime/Cache/Home/9b888f9a05177cc78c87c9cd7e37319c.php 第 777 行.
NOTIC: [8] Undefined variable: manage /phpstudy/www/mmm.bianji.cn/User/Runtime/Cache/Home/9b888f9a05177cc78c87c9cd7e37319c.php 第 780 行.
NOTIC: [8] Undefined variable: cwmx /phpstudy/www/mmm.bianji.cn/User/Runtime/Cache/Home/9b888f9a05177cc78c87c9cd7e37319c.php 第 789 行.
NOTIC: [8] Undefined variable: detail /phpstudy/www/mmm.bianji.cn/User/Runtime/Cache/Home/9b888f9a05177cc78c87c9cd7e37319c.php 第 794 行.
INFO: Run Behavior\ParseTemplateBehavior [ RunTime:0.040446s ]
INFO: [ view_parse ] --END-- [ RunTime:0.040483s ]
INFO: [ view_filter ] --START--
INFO: Run Behavior\WriteHtmlCacheBehavior [ RunTime:0.000121s ]
INFO: [ view_filter ] --END-- [ RunTime:0.000153s ]
INFO: [ app_end ] --START--
INFO: Run Behavior\ShowPageTraceBehavior [ RunTime:0.000372s ]
INFO: [ app_end ] --END-- [ RunTime:0.000412s ]

[ 2016-04-27T15:01:19+08:00 ] 45.78.14.185 /Home/Index/home.html?aj=1&type=check_login&uid=82662186
INFO: [ app_init ] --START--
INFO: Run Behavior\BuildLiteBehavior [ RunTime:0.000018s ]
INFO: [ app_init ] --END-- [ RunTime:0.000305s ]
INFO: [ app_begin ] --START--
INFO: Run Behavior\ReadHtmlCacheBehavior [ RunTime:0.000359s ]
INFO: [ app_begin ] --END-- [ RunTime:0.000396s ]
SQL: SHOW COLUMNS FROM `ot_system` [ RunTime:0.0014s ]
SQL: SELECT * FROM `ot_system` WHERE `SYS_ID` = 1 LIMIT 1   [ RunTime:0.0002s ]
SQL: SHOW COLUMNS FROM `ot_pin` [ RunTime:0.0004s ]
SQL: SELECT COUNT(*) AS tp_count FROM `ot_pin` WHERE `user` = 'admin@qq.com' AND `zt` = 0 LIMIT 1   [ RunTime:0.0001s ]
SQL: SHOW COLUMNS FROM `ot_code` [ RunTime:0.0004s ]
SQL: SELECT COUNT(*) AS tp_count FROM `ot_code` WHERE `onwer` = 'admin@qq.com' AND `status` = 1 LIMIT 1   [ RunTime:0.0001s ]
SQL: SELECT * FROM `ot_code` WHERE `onwer` = 'admin@qq.com' AND `status` = 1 LIMIT 1   [ RunTime:0.0001s ]
SQL: SHOW COLUMNS FROM `ot_user` [ RunTime:0.0018s ]
SQL: SELECT * FROM `ot_user` WHERE `UE_account` = 'admin@qq.com' LIMIT 1   [ RunTime:0.0002s ]
SQL: UPDATE `ot_user` SET `levelname`='G4' WHERE `UE_account` = 'admin@qq.com' [ RunTime:0.0002s ]
SQL: SELECT * FROM `ot_user` WHERE `UE_ID` = 1 LIMIT 1   [ RunTime:0.0002s ]
SQL: SHOW COLUMNS FROM `ot_tgbz` [ RunTime:0.0006s ]
SQL: SELECT COUNT(*) AS tp_count FROM `ot_tgbz` WHERE `user` = 'admin@qq.com' LIMIT 1   [ RunTime:0.0001s ]
SQL: SELECT * FROM `ot_tgbz` WHERE `user` = 'admin@qq.com' ORDER BY id DESC LIMIT 0,100   [ RunTime:0.0001s ]
SQL: SHOW COLUMNS FROM `ot_jsbz` [ RunTime:0.0005s ]
SQL: SELECT COUNT(*) AS tp_count FROM `ot_jsbz` WHERE `user` = 'admin@qq.com' LIMIT 1   [ RunTime:0.0001s ]
SQL: SELECT * FROM `ot_jsbz` WHERE `user` = 'admin@qq.com' ORDER BY id DESC LIMIT 0,100   [ RunTime:0.0001s ]
SQL: SELECT * FROM `ot_jsbz` WHERE `user` = 'admin@qq.com' LIMIT 1   [ RunTime:0.0001s ]
SQL: SHOW COLUMNS FROM `ot_ppdd` [ RunTime:0.0006s ]
SQL: SELECT COUNT(*) AS tp_count FROM `ot_ppdd` WHERE `p_user` = 'admin@qq.com' LIMIT 1   [ RunTime:0.0001s ]
SQL: SELECT * FROM `ot_ppdd` WHERE `p_user` = 'admin@qq.com' ORDER BY id DESC LIMIT 0,100   [ RunTime:0.0001s ]
SQL: SELECT COUNT(*) AS tp_count FROM `ot_ppdd` WHERE `g_user` = 'admin@qq.com' LIMIT 1   [ RunTime:0.0001s ]
SQL: SELECT * FROM `ot_ppdd` WHERE `g_user` = 'admin@qq.com' ORDER BY id DESC LIMIT 0,100   [ RunTime:0.0001s ]
INFO: [ view_parse ] --START--
INFO: [ template_filter ] --START--
INFO: Run Behavior\ContentReplaceBehavior [ RunTime:0.000296s ]
INFO: [ template_filter ] --END-- [ RunTime:0.000333s ]
NOTIC: [8] Undefined variable: home /phpstudy/www/mmm.bianji.cn/User/Runtime/Cache/Home/9b888f9a05177cc78c87c9cd7e37319c.php 第 758 行.
NOTIC: [8] Undefined variable: news /phpstudy/www/mmm.bianji.cn/User/Runtime/Cache/Home/9b888f9a05177cc78c87c9cd7e37319c.php 第 761 行.
NOTIC: [8] Undefined variable: she_list /phpstudy/www/mmm.bianji.cn/User/Runtime/Cache/Home/9b888f9a05177cc78c87c9cd7e37319c.php 第 765 行.
NOTIC: [8] Undefined variable: de_list /phpstudy/www/mmm.bianji.cn/User/Runtime/Cache/Home/9b888f9a05177cc78c87c9cd7e37319c.php 第 769 行.
NOTIC: [8] Undefined variable: reg /phpstudy/www/mmm.bianji.cn/User/Runtime/Cache/Home/9b888f9a05177cc78c87c9cd7e37319c.php 第 773 行.
NOTIC: [8] Undefined variable: profile /phpstudy/www/mmm.bianji.cn/User/Runtime/Cache/Home/9b888f9a05177cc78c87c9cd7e37319c.php 第 777 行.
NOTIC: [8] Undefined variable: manage /phpstudy/www/mmm.bianji.cn/User/Runtime/Cache/Home/9b888f9a05177cc78c87c9cd7e37319c.php 第 780 行.
NOTIC: [8] Undefined variable: cwmx /phpstudy/www/mmm.bianji.cn/User/Runtime/Cache/Home/9b888f9a05177cc78c87c9cd7e37319c.php 第 789 行.
NOTIC: [8] Undefined variable: detail /phpstudy/www/mmm.bianji.cn/User/Runtime/Cache/Home/9b888f9a05177cc78c87c9cd7e37319c.php 第 794 行.
INFO: Run Behavior\ParseTemplateBehavior [ RunTime:0.040467s ]
INFO: [ view_parse ] --END-- [ RunTime:0.040504s ]
INFO: [ view_filter ] --START--
INFO: Run Behavior\WriteHtmlCacheBehavior [ RunTime:0.000125s ]
INFO: [ view_filter ] --END-- [ RunTime:0.000157s ]
INFO: [ app_end ] --START--
INFO: Run Behavior\ShowPageTraceBehavior [ RunTime:0.000432s ]
INFO: [ app_end ] --END-- [ RunTime:0.000482s ]

[ 2016-04-27T15:06:19+08:00 ] 45.78.14.185 /Home/Index/home.html?aj=1&type=check_login&uid=82662186
INFO: [ app_init ] --START--
INFO: Run Behavior\BuildLiteBehavior [ RunTime:0.000018s ]
INFO: [ app_init ] --END-- [ RunTime:0.000304s ]
INFO: [ app_begin ] --START--
INFO: Run Behavior\ReadHtmlCacheBehavior [ RunTime:0.000351s ]
INFO: [ app_begin ] --END-- [ RunTime:0.000389s ]
SQL: SHOW COLUMNS FROM `ot_system` [ RunTime:0.0015s ]
SQL: SELECT * FROM `ot_system` WHERE `SYS_ID` = 1 LIMIT 1   [ RunTime:0.0002s ]
SQL: SHOW COLUMNS FROM `ot_pin` [ RunTime:0.0004s ]
SQL: SELECT COUNT(*) AS tp_count FROM `ot_pin` WHERE `user` = 'admin@qq.com' AND `zt` = 0 LIMIT 1   [ RunTime:0.0001s ]
SQL: SHOW COLUMNS FROM `ot_code` [ RunTime:0.0004s ]
SQL: SELECT COUNT(*) AS tp_count FROM `ot_code` WHERE `onwer` = 'admin@qq.com' AND `status` = 1 LIMIT 1   [ RunTime:0.0001s ]
SQL: SELECT * FROM `ot_code` WHERE `onwer` = 'admin@qq.com' AND `status` = 1 LIMIT 1   [ RunTime:0.0001s ]
SQL: SHOW COLUMNS FROM `ot_user` [ RunTime:0.0018s ]
SQL: SELECT * FROM `ot_user` WHERE `UE_account` = 'admin@qq.com' LIMIT 1   [ RunTime:0.0002s ]
SQL: UPDATE `ot_user` SET `levelname`='G4' WHERE `UE_account` = 'admin@qq.com' [ RunTime:0.0002s ]
SQL: SELECT * FROM `ot_user` WHERE `UE_ID` = 1 LIMIT 1   [ RunTime:0.0002s ]
SQL: SHOW COLUMNS FROM `ot_tgbz` [ RunTime:0.0006s ]
SQL: SELECT COUNT(*) AS tp_count FROM `ot_tgbz` WHERE `user` = 'admin@qq.com' LIMIT 1   [ RunTime:0.0001s ]
SQL: SELECT * FROM `ot_tgbz` WHERE `user` = 'admin@qq.com' ORDER BY id DESC LIMIT 0,100   [ RunTime:0.0001s ]
SQL: SHOW COLUMNS FROM `ot_jsbz` [ RunTime:0.0005s ]
SQL: SELECT COUNT(*) AS tp_count FROM `ot_jsbz` WHERE `user` = 'admin@qq.com' LIMIT 1   [ RunTime:0.0001s ]
SQL: SELECT * FROM `ot_jsbz` WHERE `user` = 'admin@qq.com' ORDER BY id DESC LIMIT 0,100   [ RunTime:0.0001s ]
SQL: SELECT * FROM `ot_jsbz` WHERE `user` = 'admin@qq.com' LIMIT 1   [ RunTime:0.0001s ]
SQL: SHOW COLUMNS FROM `ot_ppdd` [ RunTime:0.0006s ]
SQL: SELECT COUNT(*) AS tp_count FROM `ot_ppdd` WHERE `p_user` = 'admin@qq.com' LIMIT 1   [ RunTime:0.0001s ]
SQL: SELECT * FROM `ot_ppdd` WHERE `p_user` = 'admin@qq.com' ORDER BY id DESC LIMIT 0,100   [ RunTime:0.0001s ]
SQL: SELECT COUNT(*) AS tp_count FROM `ot_ppdd` WHERE `g_user` = 'admin@qq.com' LIMIT 1   [ RunTime:0.0001s ]
SQL: SELECT * FROM `ot_ppdd` WHERE `g_user` = 'admin@qq.com' ORDER BY id DESC LIMIT 0,100   [ RunTime:0.0001s ]
INFO: [ view_parse ] --START--
INFO: [ template_filter ] --START--
INFO: Run Behavior\ContentReplaceBehavior [ RunTime:0.000296s ]
INFO: [ template_filter ] --END-- [ RunTime:0.000333s ]
NOTIC: [8] Undefined variable: home /phpstudy/www/mmm.bianji.cn/User/Runtime/Cache/Home/9b888f9a05177cc78c87c9cd7e37319c.php 第 758 行.
NOTIC: [8] Undefined variable: news /phpstudy/www/mmm.bianji.cn/User/Runtime/Cache/Home/9b888f9a05177cc78c87c9cd7e37319c.php 第 761 行.
NOTIC: [8] Undefined variable: she_list /phpstudy/www/mmm.bianji.cn/User/Runtime/Cache/Home/9b888f9a05177cc78c87c9cd7e37319c.php 第 765 行.
NOTIC: [8] Undefined variable: de_list /phpstudy/www/mmm.bianji.cn/User/Runtime/Cache/Home/9b888f9a05177cc78c87c9cd7e37319c.php 第 769 行.
NOTIC: [8] Undefined variable: reg /phpstudy/www/mmm.bianji.cn/User/Runtime/Cache/Home/9b888f9a05177cc78c87c9cd7e37319c.php 第 773 行.
NOTIC: [8] Undefined variable: profile /phpstudy/www/mmm.bianji.cn/User/Runtime/Cache/Home/9b888f9a05177cc78c87c9cd7e37319c.php 第 777 行.
NOTIC: [8] Undefined variable: manage /phpstudy/www/mmm.bianji.cn/User/Runtime/Cache/Home/9b888f9a05177cc78c87c9cd7e37319c.php 第 780 行.
NOTIC: [8] Undefined variable: cwmx /phpstudy/www/mmm.bianji.cn/User/Runtime/Cache/Home/9b888f9a05177cc78c87c9cd7e37319c.php 第 789 行.
NOTIC: [8] Undefined variable: detail /phpstudy/www/mmm.bianji.cn/User/Runtime/Cache/Home/9b888f9a05177cc78c87c9cd7e37319c.php 第 794 行.
INFO: Run Behavior\ParseTemplateBehavior [ RunTime:0.040513s ]
INFO: [ view_parse ] --END-- [ RunTime:0.040551s ]
INFO: [ view_filter ] --START--
INFO: Run Behavior\WriteHtmlCacheBehavior [ RunTime:0.000157s ]
INFO: [ view_filter ] --END-- [ RunTime:0.000190s ]
INFO: [ app_end ] --START--
INFO: Run Behavior\ShowPageTraceBehavior [ RunTime:0.000431s ]
INFO: [ app_end ] --END-- [ RunTime:0.000469s ]

[ 2016-04-27T15:11:19+08:00 ] 45.78.14.185 /Home/Index/home.html?aj=1&type=check_login&uid=82662186
INFO: [ app_init ] --START--
INFO: Run Behavior\BuildLiteBehavior [ RunTime:0.000012s ]
INFO: [ app_init ] --END-- [ RunTime:0.000281s ]
INFO: [ app_begin ] --START--
INFO: Run Behavior\ReadHtmlCacheBehavior [ RunTime:0.000340s ]
INFO: [ app_begin ] --END-- [ RunTime:0.000377s ]
SQL: SHOW COLUMNS FROM `ot_system` [ RunTime:0.0015s ]
SQL: SELECT * FROM `ot_system` WHERE `SYS_ID` = 1 LIMIT 1   [ RunTime:0.0002s ]
SQL: SHOW COLUMNS FROM `ot_pin` [ RunTime:0.0004s ]
SQL: SELECT COUNT(*) AS tp_count FROM `ot_pin` WHERE `user` = 'admin@qq.com' AND `zt` = 0 LIMIT 1   [ RunTime:0.0001s ]
SQL: SHOW COLUMNS FROM `ot_code` [ RunTime:0.0004s ]
SQL: SELECT COUNT(*) AS tp_count FROM `ot_code` WHERE `onwer` = 'admin@qq.com' AND `status` = 1 LIMIT 1   [ RunTime:0.0001s ]
SQL: SELECT * FROM `ot_code` WHERE `onwer` = 'admin@qq.com' AND `status` = 1 LIMIT 1   [ RunTime:0.0001s ]
SQL: SHOW COLUMNS FROM `ot_user` [ RunTime:0.0018s ]
SQL: SELECT * FROM `ot_user` WHERE `UE_account` = 'admin@qq.com' LIMIT 1   [ RunTime:0.0002s ]
SQL: UPDATE `ot_user` SET `levelname`='G4' WHERE `UE_account` = 'admin@qq.com' [ RunTime:0.0002s ]
SQL: SELECT * FROM `ot_user` WHERE `UE_ID` = 1 LIMIT 1   [ RunTime:0.0002s ]
SQL: SHOW COLUMNS FROM `ot_tgbz` [ RunTime:0.0006s ]
SQL: SELECT COUNT(*) AS tp_count FROM `ot_tgbz` WHERE `user` = 'admin@qq.com' LIMIT 1   [ RunTime:0.0001s ]
SQL: SELECT * FROM `ot_tgbz` WHERE `user` = 'admin@qq.com' ORDER BY id DESC LIMIT 0,100   [ RunTime:0.0001s ]
SQL: SHOW COLUMNS FROM `ot_jsbz` [ RunTime:0.0005s ]
SQL: SELECT COUNT(*) AS tp_count FROM `ot_jsbz` WHERE `user` = 'admin@qq.com' LIMIT 1   [ RunTime:0.0001s ]
SQL: SELECT * FROM `ot_jsbz` WHERE `user` = 'admin@qq.com' ORDER BY id DESC LIMIT 0,100   [ RunTime:0.0001s ]
SQL: SELECT * FROM `ot_jsbz` WHERE `user` = 'admin@qq.com' LIMIT 1   [ RunTime:0.0001s ]
SQL: SHOW COLUMNS FROM `ot_ppdd` [ RunTime:0.0005s ]
SQL: SELECT COUNT(*) AS tp_count FROM `ot_ppdd` WHERE `p_user` = 'admin@qq.com' LIMIT 1   [ RunTime:0.0001s ]
SQL: SELECT * FROM `ot_ppdd` WHERE `p_user` = 'admin@qq.com' ORDER BY id DESC LIMIT 0,100   [ RunTime:0.0001s ]
SQL: SELECT COUNT(*) AS tp_count FROM `ot_ppdd` WHERE `g_user` = 'admin@qq.com' LIMIT 1   [ RunTime:0.0001s ]
SQL: SELECT * FROM `ot_ppdd` WHERE `g_user` = 'admin@qq.com' ORDER BY id DESC LIMIT 0,100   [ RunTime:0.0001s ]
INFO: [ view_parse ] --START--
INFO: [ template_filter ] --START--
INFO: Run Behavior\ContentReplaceBehavior [ RunTime:0.000301s ]
INFO: [ template_filter ] --END-- [ RunTime:0.000339s ]
NOTIC: [8] Undefined variable: home /phpstudy/www/mmm.bianji.cn/User/Runtime/Cache/Home/9b888f9a05177cc78c87c9cd7e37319c.php 第 758 行.
NOTIC: [8] Undefined variable: news /phpstudy/www/mmm.bianji.cn/User/Runtime/Cache/Home/9b888f9a05177cc78c87c9cd7e37319c.php 第 761 行.
NOTIC: [8] Undefined variable: she_list /phpstudy/www/mmm.bianji.cn/User/Runtime/Cache/Home/9b888f9a05177cc78c87c9cd7e37319c.php 第 765 行.
NOTIC: [8] Undefined variable: de_list /phpstudy/www/mmm.bianji.cn/User/Runtime/Cache/Home/9b888f9a05177cc78c87c9cd7e37319c.php 第 769 行.
NOTIC: [8] Undefined variable: reg /phpstudy/www/mmm.bianji.cn/User/Runtime/Cache/Home/9b888f9a05177cc78c87c9cd7e37319c.php 第 773 行.
NOTIC: [8] Undefined variable: profile /phpstudy/www/mmm.bianji.cn/User/Runtime/Cache/Home/9b888f9a05177cc78c87c9cd7e37319c.php 第 777 行.
NOTIC: [8] Undefined variable: manage /phpstudy/www/mmm.bianji.cn/User/Runtime/Cache/Home/9b888f9a05177cc78c87c9cd7e37319c.php 第 780 行.
NOTIC: [8] Undefined variable: cwmx /phpstudy/www/mmm.bianji.cn/User/Runtime/Cache/Home/9b888f9a05177cc78c87c9cd7e37319c.php 第 789 行.
NOTIC: [8] Undefined variable: detail /phpstudy/www/mmm.bianji.cn/User/Runtime/Cache/Home/9b888f9a05177cc78c87c9cd7e37319c.php 第 794 行.
INFO: Run Behavior\ParseTemplateBehavior [ RunTime:0.040510s ]
INFO: [ view_parse ] --END-- [ RunTime:0.040548s ]
INFO: [ view_filter ] --START--
INFO: Run Behavior\WriteHtmlCacheBehavior [ RunTime:0.000124s ]
INFO: [ view_filter ] --END-- [ RunTime:0.000157s ]
INFO: [ app_end ] --START--
INFO: Run Behavior\ShowPageTraceBehavior [ RunTime:0.000417s ]
INFO: [ app_end ] --END-- [ RunTime:0.000468s ]

[ 2016-04-27T15:16:19+08:00 ] 45.78.14.185 /Home/Index/home.html?aj=1&type=check_login&uid=82662186
INFO: [ app_init ] --START--
INFO: Run Behavior\BuildLiteBehavior [ RunTime:0.000012s ]
INFO: [ app_init ] --END-- [ RunTime:0.000275s ]
INFO: [ app_begin ] --START--
INFO: Run Behavior\ReadHtmlCacheBehavior [ RunTime:0.000347s ]
INFO: [ app_begin ] --END-- [ RunTime:0.000385s ]
SQL: SHOW COLUMNS FROM `ot_system` [ RunTime:0.0015s ]
SQL: SELECT * FROM `ot_system` WHERE `SYS_ID` = 1 LIMIT 1   [ RunTime:0.0002s ]
SQL: SHOW COLUMNS FROM `ot_pin` [ RunTime:0.0004s ]
SQL: SELECT COUNT(*) AS tp_count FROM `ot_pin` WHERE `user` = 'admin@qq.com' AND `zt` = 0 LIMIT 1   [ RunTime:0.0001s ]
SQL: SHOW COLUMNS FROM `ot_code` [ RunTime:0.0004s ]
SQL: SELECT COUNT(*) AS tp_count FROM `ot_code` WHERE `onwer` = 'admin@qq.com' AND `status` = 1 LIMIT 1   [ RunTime:0.0001s ]
SQL: SELECT * FROM `ot_code` WHERE `onwer` = 'admin@qq.com' AND `status` = 1 LIMIT 1   [ RunTime:0.0001s ]
SQL: SHOW COLUMNS FROM `ot_user` [ RunTime:0.0018s ]
SQL: SELECT * FROM `ot_user` WHERE `UE_account` = 'admin@qq.com' LIMIT 1   [ RunTime:0.0002s ]
SQL: UPDATE `ot_user` SET `levelname`='G4' WHERE `UE_account` = 'admin@qq.com' [ RunTime:0.0002s ]
SQL: SELECT * FROM `ot_user` WHERE `UE_ID` = 1 LIMIT 1   [ RunTime:0.0002s ]
SQL: SHOW COLUMNS FROM `ot_tgbz` [ RunTime:0.0006s ]
SQL: SELECT COUNT(*) AS tp_count FROM `ot_tgbz` WHERE `user` = 'admin@qq.com' LIMIT 1   [ RunTime:0.0001s ]
SQL: SELECT * FROM `ot_tgbz` WHERE `user` = 'admin@qq.com' ORDER BY id DESC LIMIT 0,100   [ RunTime:0.0001s ]
SQL: SHOW COLUMNS FROM `ot_jsbz` [ RunTime:0.0005s ]
SQL: SELECT COUNT(*) AS tp_count FROM `ot_jsbz` WHERE `user` = 'admin@qq.com' LIMIT 1   [ RunTime:0.0001s ]
SQL: SELECT * FROM `ot_jsbz` WHERE `user` = 'admin@qq.com' ORDER BY id DESC LIMIT 0,100   [ RunTime:0.0001s ]
SQL: SELECT * FROM `ot_jsbz` WHERE `user` = 'admin@qq.com' LIMIT 1   [ RunTime:0.0001s ]
SQL: SHOW COLUMNS FROM `ot_ppdd` [ RunTime:0.0006s ]
SQL: SELECT COUNT(*) AS tp_count FROM `ot_ppdd` WHERE `p_user` = 'admin@qq.com' LIMIT 1   [ RunTime:0.0001s ]
SQL: SELECT * FROM `ot_ppdd` WHERE `p_user` = 'admin@qq.com' ORDER BY id DESC LIMIT 0,100   [ RunTime:0.0001s ]
SQL: SELECT COUNT(*) AS tp_count FROM `ot_ppdd` WHERE `g_user` = 'admin@qq.com' LIMIT 1   [ RunTime:0.0001s ]
SQL: SELECT * FROM `ot_ppdd` WHERE `g_user` = 'admin@qq.com' ORDER BY id DESC LIMIT 0,100   [ RunTime:0.0001s ]
INFO: [ view_parse ] --START--
INFO: [ template_filter ] --START--
INFO: Run Behavior\ContentReplaceBehavior [ RunTime:0.000301s ]
INFO: [ template_filter ] --END-- [ RunTime:0.000340s ]
NOTIC: [8] Undefined variable: home /phpstudy/www/mmm.bianji.cn/User/Runtime/Cache/Home/9b888f9a05177cc78c87c9cd7e37319c.php 第 758 行.
NOTIC: [8] Undefined variable: news /phpstudy/www/mmm.bianji.cn/User/Runtime/Cache/Home/9b888f9a05177cc78c87c9cd7e37319c.php 第 761 行.
NOTIC: [8] Undefined variable: she_list /phpstudy/www/mmm.bianji.cn/User/Runtime/Cache/Home/9b888f9a05177cc78c87c9cd7e37319c.php 第 765 行.
NOTIC: [8] Undefined variable: de_list /phpstudy/www/mmm.bianji.cn/User/Runtime/Cache/Home/9b888f9a05177cc78c87c9cd7e37319c.php 第 769 行.
NOTIC: [8] Undefined variable: reg /phpstudy/www/mmm.bianji.cn/User/Runtime/Cache/Home/9b888f9a05177cc78c87c9cd7e37319c.php 第 773 行.
NOTIC: [8] Undefined variable: profile /phpstudy/www/mmm.bianji.cn/User/Runtime/Cache/Home/9b888f9a05177cc78c87c9cd7e37319c.php 第 777 行.
NOTIC: [8] Undefined variable: manage /phpstudy/www/mmm.bianji.cn/User/Runtime/Cache/Home/9b888f9a05177cc78c87c9cd7e37319c.php 第 780 行.
NOTIC: [8] Undefined variable: cwmx /phpstudy/www/mmm.bianji.cn/User/Runtime/Cache/Home/9b888f9a05177cc78c87c9cd7e37319c.php 第 789 行.
NOTIC: [8] Undefined variable: detail /phpstudy/www/mmm.bianji.cn/User/Runtime/Cache/Home/9b888f9a05177cc78c87c9cd7e37319c.php 第 794 行.
INFO: Run Behavior\ParseTemplateBehavior [ RunTime:0.041514s ]
INFO: [ view_parse ] --END-- [ RunTime:0.041554s ]
INFO: [ view_filter ] --START--
INFO: Run Behavior\WriteHtmlCacheBehavior [ RunTime:0.000128s ]
INFO: [ view_filter ] --END-- [ RunTime:0.000160s ]
INFO: [ app_end ] --START--
INFO: Run Behavior\ShowPageTraceBehavior [ RunTime:0.000390s ]
INFO: [ app_end ] --END-- [ RunTime:0.000431s ]

[ 2016-04-27T15:21:19+08:00 ] 45.78.14.185 /Home/Index/home.html?aj=1&type=check_login&uid=82662186
INFO: [ app_init ] --START--
INFO: Run Behavior\BuildLiteBehavior [ RunTime:0.000014s ]
INFO: [ app_init ] --END-- [ RunTime:0.000295s ]
INFO: [ app_begin ] --START--
INFO: Run Behavior\ReadHtmlCacheBehavior [ RunTime:0.000346s ]
INFO: [ app_begin ] --END-- [ RunTime:0.000383s ]
SQL: SHOW COLUMNS FROM `ot_system` [ RunTime:0.0015s ]
SQL: SELECT * FROM `ot_system` WHERE `SYS_ID` = 1 LIMIT 1   [ RunTime:0.0002s ]
SQL: SHOW COLUMNS FROM `ot_pin` [ RunTime:0.0004s ]
SQL: SELECT COUNT(*) AS tp_count FROM `ot_pin` WHERE `user` = 'admin@qq.com' AND `zt` = 0 LIMIT 1   [ RunTime:0.0001s ]
SQL: SHOW COLUMNS FROM `ot_code` [ RunTime:0.0004s ]
SQL: SELECT COUNT(*) AS tp_count FROM `ot_code` WHERE `onwer` = 'admin@qq.com' AND `status` = 1 LIMIT 1   [ RunTime:0.0001s ]
SQL: SELECT * FROM `ot_code` WHERE `onwer` = 'admin@qq.com' AND `status` = 1 LIMIT 1   [ RunTime:0.0001s ]
SQL: SHOW COLUMNS FROM `ot_user` [ RunTime:0.0018s ]
SQL: SELECT * FROM `ot_user` WHERE `UE_account` = 'admin@qq.com' LIMIT 1   [ RunTime:0.0002s ]
SQL: UPDATE `ot_user` SET `levelname`='G4' WHERE `UE_account` = 'admin@qq.com' [ RunTime:0.0002s ]
SQL: SELECT * FROM `ot_user` WHERE `UE_ID` = 1 LIMIT 1   [ RunTime:0.0002s ]
SQL: SHOW COLUMNS FROM `ot_tgbz` [ RunTime:0.0006s ]
SQL: SELECT COUNT(*) AS tp_count FROM `ot_tgbz` WHERE `user` = 'admin@qq.com' LIMIT 1   [ RunTime:0.0001s ]
SQL: SELECT * FROM `ot_tgbz` WHERE `user` = 'admin@qq.com' ORDER BY id DESC LIMIT 0,100   [ RunTime:0.0001s ]
SQL: SHOW COLUMNS FROM `ot_jsbz` [ RunTime:0.0005s ]
SQL: SELECT COUNT(*) AS tp_count FROM `ot_jsbz` WHERE `user` = 'admin@qq.com' LIMIT 1   [ RunTime:0.0001s ]
SQL: SELECT * FROM `ot_jsbz` WHERE `user` = 'admin@qq.com' ORDER BY id DESC LIMIT 0,100   [ RunTime:0.0001s ]
SQL: SELECT * FROM `ot_jsbz` WHERE `user` = 'admin@qq.com' LIMIT 1   [ RunTime:0.0001s ]
SQL: SHOW COLUMNS FROM `ot_ppdd` [ RunTime:0.0005s ]
SQL: SELECT COUNT(*) AS tp_count FROM `ot_ppdd` WHERE `p_user` = 'admin@qq.com' LIMIT 1   [ RunTime:0.0001s ]
SQL: SELECT * FROM `ot_ppdd` WHERE `p_user` = 'admin@qq.com' ORDER BY id DESC LIMIT 0,100   [ RunTime:0.0001s ]
SQL: SELECT COUNT(*) AS tp_count FROM `ot_ppdd` WHERE `g_user` = 'admin@qq.com' LIMIT 1   [ RunTime:0.0001s ]
SQL: SELECT * FROM `ot_ppdd` WHERE `g_user` = 'admin@qq.com' ORDER BY id DESC LIMIT 0,100   [ RunTime:0.0001s ]
INFO: [ view_parse ] --START--
INFO: [ template_filter ] --START--
INFO: Run Behavior\ContentReplaceBehavior [ RunTime:0.000312s ]
INFO: [ template_filter ] --END-- [ RunTime:0.000350s ]
NOTIC: [8] Undefined variable: home /phpstudy/www/mmm.bianji.cn/User/Runtime/Cache/Home/9b888f9a05177cc78c87c9cd7e37319c.php 第 758 行.
NOTIC: [8] Undefined variable: news /phpstudy/www/mmm.bianji.cn/User/Runtime/Cache/Home/9b888f9a05177cc78c87c9cd7e37319c.php 第 761 行.
NOTIC: [8] Undefined variable: she_list /phpstudy/www/mmm.bianji.cn/User/Runtime/Cache/Home/9b888f9a05177cc78c87c9cd7e37319c.php 第 765 行.
NOTIC: [8] Undefined variable: de_list /phpstudy/www/mmm.bianji.cn/User/Runtime/Cache/Home/9b888f9a05177cc78c87c9cd7e37319c.php 第 769 行.
NOTIC: [8] Undefined variable: reg /phpstudy/www/mmm.bianji.cn/User/Runtime/Cache/Home/9b888f9a05177cc78c87c9cd7e37319c.php 第 773 行.
NOTIC: [8] Undefined variable: profile /phpstudy/www/mmm.bianji.cn/User/Runtime/Cache/Home/9b888f9a05177cc78c87c9cd7e37319c.php 第 777 行.
NOTIC: [8] Undefined variable: manage /phpstudy/www/mmm.bianji.cn/User/Runtime/Cache/Home/9b888f9a05177cc78c87c9cd7e37319c.php 第 780 行.
NOTIC: [8] Undefined variable: cwmx /phpstudy/www/mmm.bianji.cn/User/Runtime/Cache/Home/9b888f9a05177cc78c87c9cd7e37319c.php 第 789 行.
NOTIC: [8] Undefined variable: detail /phpstudy/www/mmm.bianji.cn/User/Runtime/Cache/Home/9b888f9a05177cc78c87c9cd7e37319c.php 第 794 行.
INFO: Run Behavior\ParseTemplateBehavior [ RunTime:0.040475s ]
INFO: [ view_parse ] --END-- [ RunTime:0.040514s ]
INFO: [ view_filter ] --START--
INFO: Run Behavior\WriteHtmlCacheBehavior [ RunTime:0.000123s ]
INFO: [ view_filter ] --END-- [ RunTime:0.000156s ]
INFO: [ app_end ] --START--
INFO: Run Behavior\ShowPageTraceBehavior [ RunTime:0.000412s ]
INFO: [ app_end ] --END-- [ RunTime:0.000471s ]

[ 2016-04-27T15:26:19+08:00 ] 45.78.14.185 /Home/Index/home.html?aj=1&type=check_login&uid=82662186
INFO: [ app_init ] --START--
INFO: Run Behavior\BuildLiteBehavior [ RunTime:0.000012s ]
INFO: [ app_init ] --END-- [ RunTime:0.000276s ]
INFO: [ app_begin ] --START--
INFO: Run Behavior\ReadHtmlCacheBehavior [ RunTime:0.000344s ]
INFO: [ app_begin ] --END-- [ RunTime:0.000382s ]
SQL: SHOW COLUMNS FROM `ot_system` [ RunTime:0.0015s ]
SQL: SELECT * FROM `ot_system` WHERE `SYS_ID` = 1 LIMIT 1   [ RunTime:0.0002s ]
SQL: SHOW COLUMNS FROM `ot_pin` [ RunTime:0.0004s ]
SQL: SELECT COUNT(*) AS tp_count FROM `ot_pin` WHERE `user` = 'admin@qq.com' AND `zt` = 0 LIMIT 1   [ RunTime:0.0001s ]
SQL: SHOW COLUMNS FROM `ot_code` [ RunTime:0.0004s ]
SQL: SELECT COUNT(*) AS tp_count FROM `ot_code` WHERE `onwer` = 'admin@qq.com' AND `status` = 1 LIMIT 1   [ RunTime:0.0001s ]
SQL: SELECT * FROM `ot_code` WHERE `onwer` = 'admin@qq.com' AND `status` = 1 LIMIT 1   [ RunTime:0.0001s ]
SQL: SHOW COLUMNS FROM `ot_user` [ RunTime:0.0018s ]
SQL: SELECT * FROM `ot_user` WHERE `UE_account` = 'admin@qq.com' LIMIT 1   [ RunTime:0.0002s ]
SQL: UPDATE `ot_user` SET `levelname`='G4' WHERE `UE_account` = 'admin@qq.com' [ RunTime:0.0002s ]
SQL: SELECT * FROM `ot_user` WHERE `UE_ID` = 1 LIMIT 1   [ RunTime:0.0002s ]
SQL: SHOW COLUMNS FROM `ot_tgbz` [ RunTime:0.0006s ]
SQL: SELECT COUNT(*) AS tp_count FROM `ot_tgbz` WHERE `user` = 'admin@qq.com' LIMIT 1   [ RunTime:0.0001s ]
SQL: SELECT * FROM `ot_tgbz` WHERE `user` = 'admin@qq.com' ORDER BY id DESC LIMIT 0,100   [ RunTime:0.0001s ]
SQL: SHOW COLUMNS FROM `ot_jsbz` [ RunTime:0.0005s ]
SQL: SELECT COUNT(*) AS tp_count FROM `ot_jsbz` WHERE `user` = 'admin@qq.com' LIMIT 1   [ RunTime:0.0001s ]
SQL: SELECT * FROM `ot_jsbz` WHERE `user` = 'admin@qq.com' ORDER BY id DESC LIMIT 0,100   [ RunTime:0.0001s ]
SQL: SELECT * FROM `ot_jsbz` WHERE `user` = 'admin@qq.com' LIMIT 1   [ RunTime:0.0001s ]
SQL: SHOW COLUMNS FROM `ot_ppdd` [ RunTime:0.0005s ]
SQL: SELECT COUNT(*) AS tp_count FROM `ot_ppdd` WHERE `p_user` = 'admin@qq.com' LIMIT 1   [ RunTime:0.0001s ]
SQL: SELECT * FROM `ot_ppdd` WHERE `p_user` = 'admin@qq.com' ORDER BY id DESC LIMIT 0,100   [ RunTime:0.0001s ]
SQL: SELECT COUNT(*) AS tp_count FROM `ot_ppdd` WHERE `g_user` = 'admin@qq.com' LIMIT 1   [ RunTime:0.0001s ]
SQL: SELECT * FROM `ot_ppdd` WHERE `g_user` = 'admin@qq.com' ORDER BY id DESC LIMIT 0,100   [ RunTime:0.0001s ]
INFO: [ view_parse ] --START--
INFO: [ template_filter ] --START--
INFO: Run Behavior\ContentReplaceBehavior [ RunTime:0.000307s ]
INFO: [ template_filter ] --END-- [ RunTime:0.000350s ]
NOTIC: [8] Undefined variable: home /phpstudy/www/mmm.bianji.cn/User/Runtime/Cache/Home/9b888f9a05177cc78c87c9cd7e37319c.php 第 758 行.
NOTIC: [8] Undefined variable: news /phpstudy/www/mmm.bianji.cn/User/Runtime/Cache/Home/9b888f9a05177cc78c87c9cd7e37319c.php 第 761 行.
NOTIC: [8] Undefined variable: she_list /phpstudy/www/mmm.bianji.cn/User/Runtime/Cache/Home/9b888f9a05177cc78c87c9cd7e37319c.php 第 765 行.
NOTIC: [8] Undefined variable: de_list /phpstudy/www/mmm.bianji.cn/User/Runtime/Cache/Home/9b888f9a05177cc78c87c9cd7e37319c.php 第 769 行.
NOTIC: [8] Undefined variable: reg /phpstudy/www/mmm.bianji.cn/User/Runtime/Cache/Home/9b888f9a05177cc78c87c9cd7e37319c.php 第 773 行.
NOTIC: [8] Undefined variable: profile /phpstudy/www/mmm.bianji.cn/User/Runtime/Cache/Home/9b888f9a05177cc78c87c9cd7e37319c.php 第 777 行.
NOTIC: [8] Undefined variable: manage /phpstudy/www/mmm.bianji.cn/User/Runtime/Cache/Home/9b888f9a05177cc78c87c9cd7e37319c.php 第 780 行.
NOTIC: [8] Undefined variable: cwmx /phpstudy/www/mmm.bianji.cn/User/Runtime/Cache/Home/9b888f9a05177cc78c87c9cd7e37319c.php 第 789 行.
NOTIC: [8] Undefined variable: detail /phpstudy/www/mmm.bianji.cn/User/Runtime/Cache/Home/9b888f9a05177cc78c87c9cd7e37319c.php 第 794 行.
INFO: Run Behavior\ParseTemplateBehavior [ RunTime:0.040500s ]
INFO: [ view_parse ] --END-- [ RunTime:0.040538s ]
INFO: [ view_filter ] --START--
INFO: Run Behavior\WriteHtmlCacheBehavior [ RunTime:0.000122s ]
INFO: [ view_filter ] --END-- [ RunTime:0.000154s ]
INFO: [ app_end ] --START--
INFO: Run Behavior\ShowPageTraceBehavior [ RunTime:0.000372s ]
INFO: [ app_end ] --END-- [ RunTime:0.000410s ]

[ 2016-04-27T15:31:19+08:00 ] 45.78.14.185 /Home/Index/home.html?aj=1&type=check_login&uid=82662186
INFO: [ app_init ] --START--
INFO: Run Behavior\BuildLiteBehavior [ RunTime:0.000012s ]
INFO: [ app_init ] --END-- [ RunTime:0.000276s ]
INFO: [ app_begin ] --START--
INFO: Run Behavior\ReadHtmlCacheBehavior [ RunTime:0.000348s ]
INFO: [ app_begin ] --END-- [ RunTime:0.000384s ]
SQL: SHOW COLUMNS FROM `ot_system` [ RunTime:0.0015s ]
SQL: SELECT * FROM `ot_system` WHERE `SYS_ID` = 1 LIMIT 1   [ RunTime:0.0002s ]
SQL: SHOW COLUMNS FROM `ot_pin` [ RunTime:0.0004s ]
SQL: SELECT COUNT(*) AS tp_count FROM `ot_pin` WHERE `user` = 'admin@qq.com' AND `zt` = 0 LIMIT 1   [ RunTime:0.0001s ]
SQL: SHOW COLUMNS FROM `ot_code` [ RunTime:0.0004s ]
SQL: SELECT COUNT(*) AS tp_count FROM `ot_code` WHERE `onwer` = 'admin@qq.com' AND `status` = 1 LIMIT 1   [ RunTime:0.0001s ]
SQL: SELECT * FROM `ot_code` WHERE `onwer` = 'admin@qq.com' AND `status` = 1 LIMIT 1   [ RunTime:0.0001s ]
SQL: SHOW COLUMNS FROM `ot_user` [ RunTime:0.0018s ]
SQL: SELECT * FROM `ot_user` WHERE `UE_account` = 'admin@qq.com' LIMIT 1   [ RunTime:0.0002s ]
SQL: UPDATE `ot_user` SET `levelname`='G4' WHERE `UE_account` = 'admin@qq.com' [ RunTime:0.0002s ]
SQL: SELECT * FROM `ot_user` WHERE `UE_ID` = 1 LIMIT 1   [ RunTime:0.0002s ]
SQL: SHOW COLUMNS FROM `ot_tgbz` [ RunTime:0.0006s ]
SQL: SELECT COUNT(*) AS tp_count FROM `ot_tgbz` WHERE `user` = 'admin@qq.com' LIMIT 1   [ RunTime:0.0001s ]
SQL: SELECT * FROM `ot_tgbz` WHERE `user` = 'admin@qq.com' ORDER BY id DESC LIMIT 0,100   [ RunTime:0.0001s ]
SQL: SHOW COLUMNS FROM `ot_jsbz` [ RunTime:0.0005s ]
SQL: SELECT COUNT(*) AS tp_count FROM `ot_jsbz` WHERE `user` = 'admin@qq.com' LIMIT 1   [ RunTime:0.0001s ]
SQL: SELECT * FROM `ot_jsbz` WHERE `user` = 'admin@qq.com' ORDER BY id DESC LIMIT 0,100   [ RunTime:0.0001s ]
SQL: SELECT * FROM `ot_jsbz` WHERE `user` = 'admin@qq.com' LIMIT 1   [ RunTime:0.0001s ]
SQL: SHOW COLUMNS FROM `ot_ppdd` [ RunTime:0.0006s ]
SQL: SELECT COUNT(*) AS tp_count FROM `ot_ppdd` WHERE `p_user` = 'admin@qq.com' LIMIT 1   [ RunTime:0.0001s ]
SQL: SELECT * FROM `ot_ppdd` WHERE `p_user` = 'admin@qq.com' ORDER BY id DESC LIMIT 0,100   [ RunTime:0.0001s ]
SQL: SELECT COUNT(*) AS tp_count FROM `ot_ppdd` WHERE `g_user` = 'admin@qq.com' LIMIT 1   [ RunTime:0.0001s ]
SQL: SELECT * FROM `ot_ppdd` WHERE `g_user` = 'admin@qq.com' ORDER BY id DESC LIMIT 0,100   [ RunTime:0.0001s ]
INFO: [ view_parse ] --START--
INFO: [ template_filter ] --START--
INFO: Run Behavior\ContentReplaceBehavior [ RunTime:0.000296s ]
INFO: [ template_filter ] --END-- [ RunTime:0.000334s ]
NOTIC: [8] Undefined variable: home /phpstudy/www/mmm.bianji.cn/User/Runtime/Cache/Home/9b888f9a05177cc78c87c9cd7e37319c.php 第 758 行.
NOTIC: [8] Undefined variable: news /phpstudy/www/mmm.bianji.cn/User/Runtime/Cache/Home/9b888f9a05177cc78c87c9cd7e37319c.php 第 761 行.
NOTIC: [8] Undefined variable: she_list /phpstudy/www/mmm.bianji.cn/User/Runtime/Cache/Home/9b888f9a05177cc78c87c9cd7e37319c.php 第 765 行.
NOTIC: [8] Undefined variable: de_list /phpstudy/www/mmm.bianji.cn/User/Runtime/Cache/Home/9b888f9a05177cc78c87c9cd7e37319c.php 第 769 行.
NOTIC: [8] Undefined variable: reg /phpstudy/www/mmm.bianji.cn/User/Runtime/Cache/Home/9b888f9a05177cc78c87c9cd7e37319c.php 第 773 行.
NOTIC: [8] Undefined variable: profile /phpstudy/www/mmm.bianji.cn/User/Runtime/Cache/Home/9b888f9a05177cc78c87c9cd7e37319c.php 第 777 行.
NOTIC: [8] Undefined variable: manage /phpstudy/www/mmm.bianji.cn/User/Runtime/Cache/Home/9b888f9a05177cc78c87c9cd7e37319c.php 第 780 行.
NOTIC: [8] Undefined variable: cwmx /phpstudy/www/mmm.bianji.cn/User/Runtime/Cache/Home/9b888f9a05177cc78c87c9cd7e37319c.php 第 789 行.
NOTIC: [8] Undefined variable: detail /phpstudy/www/mmm.bianji.cn/User/Runtime/Cache/Home/9b888f9a05177cc78c87c9cd7e37319c.php 第 794 行.
INFO: Run Behavior\ParseTemplateBehavior [ RunTime:0.040473s ]
INFO: [ view_parse ] --END-- [ RunTime:0.040510s ]
INFO: [ view_filter ] --START--
INFO: Run Behavior\WriteHtmlCacheBehavior [ RunTime:0.000126s ]
INFO: [ view_filter ] --END-- [ RunTime:0.000194s ]
INFO: [ app_end ] --START--
INFO: Run Behavior\ShowPageTraceBehavior [ RunTime:0.000427s ]
INFO: [ app_end ] --END-- [ RunTime:0.000478s ]

[ 2016-04-27T15:36:19+08:00 ] 45.78.14.185 /Home/Index/home.html?aj=1&type=check_login&uid=82662186
INFO: [ app_init ] --START--
INFO: Run Behavior\BuildLiteBehavior [ RunTime:0.000017s ]
INFO: [ app_init ] --END-- [ RunTime:0.000308s ]
INFO: [ app_begin ] --START--
INFO: Run Behavior\ReadHtmlCacheBehavior [ RunTime:0.000369s ]
INFO: [ app_begin ] --END-- [ RunTime:0.000406s ]
SQL: SHOW COLUMNS FROM `ot_system` [ RunTime:0.0015s ]
SQL: SELECT * FROM `ot_system` WHERE `SYS_ID` = 1 LIMIT 1   [ RunTime:0.0002s ]
SQL: SHOW COLUMNS FROM `ot_pin` [ RunTime:0.0004s ]
SQL: SELECT COUNT(*) AS tp_count FROM `ot_pin` WHERE `user` = 'admin@qq.com' AND `zt` = 0 LIMIT 1   [ RunTime:0.0001s ]
SQL: SHOW COLUMNS FROM `ot_code` [ RunTime:0.0004s ]
SQL: SELECT COUNT(*) AS tp_count FROM `ot_code` WHERE `onwer` = 'admin@qq.com' AND `status` = 1 LIMIT 1   [ RunTime:0.0001s ]
SQL: SELECT * FROM `ot_code` WHERE `onwer` = 'admin@qq.com' AND `status` = 1 LIMIT 1   [ RunTime:0.0001s ]
SQL: SHOW COLUMNS FROM `ot_user` [ RunTime:0.0018s ]
SQL: SELECT * FROM `ot_user` WHERE `UE_account` = 'admin@qq.com' LIMIT 1   [ RunTime:0.0002s ]
SQL: UPDATE `ot_user` SET `levelname`='G4' WHERE `UE_account` = 'admin@qq.com' [ RunTime:0.0002s ]
SQL: SELECT * FROM `ot_user` WHERE `UE_ID` = 1 LIMIT 1   [ RunTime:0.0002s ]
SQL: SHOW COLUMNS FROM `ot_tgbz` [ RunTime:0.0006s ]
SQL: SELECT COUNT(*) AS tp_count FROM `ot_tgbz` WHERE `user` = 'admin@qq.com' LIMIT 1   [ RunTime:0.0001s ]
SQL: SELECT * FROM `ot_tgbz` WHERE `user` = 'admin@qq.com' ORDER BY id DESC LIMIT 0,100   [ RunTime:0.0001s ]
SQL: SHOW COLUMNS FROM `ot_jsbz` [ RunTime:0.0005s ]
SQL: SELECT COUNT(*) AS tp_count FROM `ot_jsbz` WHERE `user` = 'admin@qq.com' LIMIT 1   [ RunTime:0.0001s ]
SQL: SELECT * FROM `ot_jsbz` WHERE `user` = 'admin@qq.com' ORDER BY id DESC LIMIT 0,100   [ RunTime:0.0001s ]
SQL: SELECT * FROM `ot_jsbz` WHERE `user` = 'admin@qq.com' LIMIT 1   [ RunTime:0.0001s ]
SQL: SHOW COLUMNS FROM `ot_ppdd` [ RunTime:0.0005s ]
SQL: SELECT COUNT(*) AS tp_count FROM `ot_ppdd` WHERE `p_user` = 'admin@qq.com' LIMIT 1   [ RunTime:0.0001s ]
SQL: SELECT * FROM `ot_ppdd` WHERE `p_user` = 'admin@qq.com' ORDER BY id DESC LIMIT 0,100   [ RunTime:0.0001s ]
SQL: SELECT COUNT(*) AS tp_count FROM `ot_ppdd` WHERE `g_user` = 'admin@qq.com' LIMIT 1   [ RunTime:0.0001s ]
SQL: SELECT * FROM `ot_ppdd` WHERE `g_user` = 'admin@qq.com' ORDER BY id DESC LIMIT 0,100   [ RunTime:0.0001s ]
INFO: [ view_parse ] --START--
INFO: [ template_filter ] --START--
INFO: Run Behavior\ContentReplaceBehavior [ RunTime:0.000314s ]
INFO: [ template_filter ] --END-- [ RunTime:0.000352s ]
NOTIC: [8] Undefined variable: home /phpstudy/www/mmm.bianji.cn/User/Runtime/Cache/Home/9b888f9a05177cc78c87c9cd7e37319c.php 第 758 行.
NOTIC: [8] Undefined variable: news /phpstudy/www/mmm.bianji.cn/User/Runtime/Cache/Home/9b888f9a05177cc78c87c9cd7e37319c.php 第 761 行.
NOTIC: [8] Undefined variable: she_list /phpstudy/www/mmm.bianji.cn/User/Runtime/Cache/Home/9b888f9a05177cc78c87c9cd7e37319c.php 第 765 行.
NOTIC: [8] Undefined variable: de_list /phpstudy/www/mmm.bianji.cn/User/Runtime/Cache/Home/9b888f9a05177cc78c87c9cd7e37319c.php 第 769 行.
NOTIC: [8] Undefined variable: reg /phpstudy/www/mmm.bianji.cn/User/Runtime/Cache/Home/9b888f9a05177cc78c87c9cd7e37319c.php 第 773 行.
NOTIC: [8] Undefined variable: profile /phpstudy/www/mmm.bianji.cn/User/Runtime/Cache/Home/9b888f9a05177cc78c87c9cd7e37319c.php 第 777 行.
NOTIC: [8] Undefined variable: manage /phpstudy/www/mmm.bianji.cn/User/Runtime/Cache/Home/9b888f9a05177cc78c87c9cd7e37319c.php 第 780 行.
NOTIC: [8] Undefined variable: cwmx /phpstudy/www/mmm.bianji.cn/User/Runtime/Cache/Home/9b888f9a05177cc78c87c9cd7e37319c.php 第 789 行.
NOTIC: [8] Undefined variable: detail /phpstudy/www/mmm.bianji.cn/User/Runtime/Cache/Home/9b888f9a05177cc78c87c9cd7e37319c.php 第 794 行.
INFO: Run Behavior\ParseTemplateBehavior [ RunTime:0.040871s ]
INFO: [ view_parse ] --END-- [ RunTime:0.040907s ]
INFO: [ view_filter ] --START--
INFO: Run Behavior\WriteHtmlCacheBehavior [ RunTime:0.000124s ]
INFO: [ view_filter ] --END-- [ RunTime:0.000156s ]
INFO: [ app_end ] --START--
INFO: Run Behavior\ShowPageTraceBehavior [ RunTime:0.000405s ]
INFO: [ app_end ] --END-- [ RunTime:0.000457s ]

[ 2016-04-27T15:41:19+08:00 ] 45.78.14.185 /Home/Index/home.html?aj=1&type=check_login&uid=82662186
INFO: [ app_init ] --START--
INFO: Run Behavior\BuildLiteBehavior [ RunTime:0.000013s ]
INFO: [ app_init ] --END-- [ RunTime:0.000274s ]
INFO: [ app_begin ] --START--
INFO: Run Behavior\ReadHtmlCacheBehavior [ RunTime:0.000356s ]
INFO: [ app_begin ] --END-- [ RunTime:0.000393s ]
SQL: SHOW COLUMNS FROM `ot_system` [ RunTime:0.0015s ]
SQL: SELECT * FROM `ot_system` WHERE `SYS_ID` = 1 LIMIT 1   [ RunTime:0.0002s ]
SQL: SHOW COLUMNS FROM `ot_pin` [ RunTime:0.0004s ]
SQL: SELECT COUNT(*) AS tp_count FROM `ot_pin` WHERE `user` = 'admin@qq.com' AND `zt` = 0 LIMIT 1   [ RunTime:0.0001s ]
SQL: SHOW COLUMNS FROM `ot_code` [ RunTime:0.0004s ]
SQL: SELECT COUNT(*) AS tp_count FROM `ot_code` WHERE `onwer` = 'admin@qq.com' AND `status` = 1 LIMIT 1   [ RunTime:0.0001s ]
SQL: SELECT * FROM `ot_code` WHERE `onwer` = 'admin@qq.com' AND `status` = 1 LIMIT 1   [ RunTime:0.0001s ]
SQL: SHOW COLUMNS FROM `ot_user` [ RunTime:0.0018s ]
SQL: SELECT * FROM `ot_user` WHERE `UE_account` = 'admin@qq.com' LIMIT 1   [ RunTime:0.0002s ]
SQL: UPDATE `ot_user` SET `levelname`='G4' WHERE `UE_account` = 'admin@qq.com' [ RunTime:0.0002s ]
SQL: SELECT * FROM `ot_user` WHERE `UE_ID` = 1 LIMIT 1   [ RunTime:0.0002s ]
SQL: SHOW COLUMNS FROM `ot_tgbz` [ RunTime:0.0006s ]
SQL: SELECT COUNT(*) AS tp_count FROM `ot_tgbz` WHERE `user` = 'admin@qq.com' LIMIT 1   [ RunTime:0.0001s ]
SQL: SELECT * FROM `ot_tgbz` WHERE `user` = 'admin@qq.com' ORDER BY id DESC LIMIT 0,100   [ RunTime:0.0001s ]
SQL: SHOW COLUMNS FROM `ot_jsbz` [ RunTime:0.0005s ]
SQL: SELECT COUNT(*) AS tp_count FROM `ot_jsbz` WHERE `user` = 'admin@qq.com' LIMIT 1   [ RunTime:0.0001s ]
SQL: SELECT * FROM `ot_jsbz` WHERE `user` = 'admin@qq.com' ORDER BY id DESC LIMIT 0,100   [ RunTime:0.0001s ]
SQL: SELECT * FROM `ot_jsbz` WHERE `user` = 'admin@qq.com' LIMIT 1   [ RunTime:0.0001s ]
SQL: SHOW COLUMNS FROM `ot_ppdd` [ RunTime:0.0005s ]
SQL: SELECT COUNT(*) AS tp_count FROM `ot_ppdd` WHERE `p_user` = 'admin@qq.com' LIMIT 1   [ RunTime:0.0001s ]
SQL: SELECT * FROM `ot_ppdd` WHERE `p_user` = 'admin@qq.com' ORDER BY id DESC LIMIT 0,100   [ RunTime:0.0001s ]
SQL: SELECT COUNT(*) AS tp_count FROM `ot_ppdd` WHERE `g_user` = 'admin@qq.com' LIMIT 1   [ RunTime:0.0001s ]
SQL: SELECT * FROM `ot_ppdd` WHERE `g_user` = 'admin@qq.com' ORDER BY id DESC LIMIT 0,100   [ RunTime:0.0001s ]
INFO: [ view_parse ] --START--
INFO: [ template_filter ] --START--
INFO: Run Behavior\ContentReplaceBehavior [ RunTime:0.000301s ]
INFO: [ template_filter ] --END-- [ RunTime:0.000339s ]
NOTIC: [8] Undefined variable: home /phpstudy/www/mmm.bianji.cn/User/Runtime/Cache/Home/9b888f9a05177cc78c87c9cd7e37319c.php 第 758 行.
NOTIC: [8] Undefined variable: news /phpstudy/www/mmm.bianji.cn/User/Runtime/Cache/Home/9b888f9a05177cc78c87c9cd7e37319c.php 第 761 行.
NOTIC: [8] Undefined variable: she_list /phpstudy/www/mmm.bianji.cn/User/Runtime/Cache/Home/9b888f9a05177cc78c87c9cd7e37319c.php 第 765 行.
NOTIC: [8] Undefined variable: de_list /phpstudy/www/mmm.bianji.cn/User/Runtime/Cache/Home/9b888f9a05177cc78c87c9cd7e37319c.php 第 769 行.
NOTIC: [8] Undefined variable: reg /phpstudy/www/mmm.bianji.cn/User/Runtime/Cache/Home/9b888f9a05177cc78c87c9cd7e37319c.php 第 773 行.
NOTIC: [8] Undefined variable: profile /phpstudy/www/mmm.bianji.cn/User/Runtime/Cache/Home/9b888f9a05177cc78c87c9cd7e37319c.php 第 777 行.
NOTIC: [8] Undefined variable: manage /phpstudy/www/mmm.bianji.cn/User/Runtime/Cache/Home/9b888f9a05177cc78c87c9cd7e37319c.php 第 780 行.
NOTIC: [8] Undefined variable: cwmx /phpstudy/www/mmm.bianji.cn/User/Runtime/Cache/Home/9b888f9a05177cc78c87c9cd7e37319c.php 第 789 行.
NOTIC: [8] Undefined variable: detail /phpstudy/www/mmm.bianji.cn/User/Runtime/Cache/Home/9b888f9a05177cc78c87c9cd7e37319c.php 第 794 行.
INFO: Run Behavior\ParseTemplateBehavior [ RunTime:0.040897s ]
INFO: [ view_parse ] --END-- [ RunTime:0.040936s ]
INFO: [ view_filter ] --START--
INFO: Run Behavior\WriteHtmlCacheBehavior [ RunTime:0.000123s ]
INFO: [ view_filter ] --END-- [ RunTime:0.000156s ]
INFO: [ app_end ] --START--
INFO: Run Behavior\ShowPageTraceBehavior [ RunTime:0.000430s ]
INFO: [ app_end ] --END-- [ RunTime:0.000468s ]

