[ 2016-01-27T08:51:28+08:00 ] ::1 /
INFO: [ app_init ] --START--
INFO: Run Behavior\BuildLiteBehavior [ RunTime:0.000059s ]
INFO: [ app_init ] --END-- [ RunTime:0.001594s ]
INFO: [ app_begin ] --START--
INFO: Run Behavior\ReadHtmlCacheBehavior [ RunTime:0.002434s ]
INFO: [ app_begin ] --END-- [ RunTime:0.002654s ]
SQL: SHOW COLUMNS FROM `ot_system` [ RunTime:0.0196s ]
SQL: SELECT * FROM `ot_system` WHERE `SYS_ID` = 1 LIMIT 1   [ RunTime:0.0029s ]
SQL: SHOW COLUMNS FROM `ot_user` [ RunTime:0.0040s ]
SQL: SELECT * FROM `ot_user` WHERE `UE_ID` = 61451 LIMIT 1   [ RunTime:0.0015s ]
SQL: SHOW COLUMNS FROM `ot_tgbz` [ RunTime:0.0008s ]
SQL: SELECT * FROM `ot_tgbz` WHERE `user` = 'admin@qq.com' AND `jb` = '500' AND `showflag` = 1 ORDER BY id DESC LIMIT 1   [ RunTime:0.0043s ]
NOTIC: [8] Undefined variable: str /Library/WebServer/Documents/User/Home/Controller/CommonController.class.php 第 103 行.
SQL: SELECT * FROM `ot_tgbz` WHERE `user` = 'admin@qq.com' AND `jb` = '1000' AND `showflag` = 1 ORDER BY id DESC LIMIT 1   [ RunTime:0.0004s ]
SQL: SELECT * FROM `ot_tgbz` WHERE `user` = 'admin@qq.com' AND `jb` = '1500' AND `showflag` = 1 ORDER BY id DESC LIMIT 1   [ RunTime:0.0005s ]
SQL: SELECT * FROM `ot_tgbz` WHERE `user` = 'admin@qq.com' AND `jb` = '2000' AND `showflag` = 1 ORDER BY id DESC LIMIT 1   [ RunTime:0.0006s ]

[ 2016-01-27T08:51:28+08:00 ] ::1 /Home/Index/home.html
INFO: [ app_init ] --START--
INFO: Run Behavior\BuildLiteBehavior [ RunTime:0.000019s ]
INFO: [ app_init ] --END-- [ RunTime:0.000270s ]
INFO: [ app_begin ] --START--
INFO: Run Behavior\ReadHtmlCacheBehavior [ RunTime:0.000485s ]
INFO: [ app_begin ] --END-- [ RunTime:0.000610s ]
SQL: SHOW COLUMNS FROM `ot_system` [ RunTime:0.0015s ]
SQL: SELECT * FROM `ot_system` WHERE `SYS_ID` = 1 LIMIT 1   [ RunTime:0.0005s ]
SQL: SHOW COLUMNS FROM `ot_user` [ RunTime:0.0014s ]
SQL: SELECT * FROM `ot_user` WHERE `UE_ID` = 61451 LIMIT 1   [ RunTime:0.0005s ]
SQL: SHOW COLUMNS FROM `ot_tgbz` [ RunTime:0.0006s ]
SQL: SELECT * FROM `ot_tgbz` WHERE `user` = 'admin@qq.com' AND `jb` = '500' AND `showflag` = 1 ORDER BY id DESC LIMIT 1   [ RunTime:0.0004s ]
NOTIC: [8] Undefined variable: str /Library/WebServer/Documents/User/Home/Controller/CommonController.class.php 第 103 行.
SQL: SELECT * FROM `ot_tgbz` WHERE `user` = 'admin@qq.com' AND `jb` = '1000' AND `showflag` = 1 ORDER BY id DESC LIMIT 1   [ RunTime:0.0003s ]
SQL: SELECT * FROM `ot_tgbz` WHERE `user` = 'admin@qq.com' AND `jb` = '1500' AND `showflag` = 1 ORDER BY id DESC LIMIT 1   [ RunTime:0.0004s ]
SQL: SELECT * FROM `ot_tgbz` WHERE `user` = 'admin@qq.com' AND `jb` = '2000' AND `showflag` = 1 ORDER BY id DESC LIMIT 1   [ RunTime:0.0004s ]
SQL: SELECT COUNT(*) AS tp_count FROM `ot_tgbz` WHERE `user` = 'admin@qq.com' LIMIT 1   [ RunTime:0.0005s ]
SQL: SELECT * FROM `ot_tgbz` WHERE `user` = 'admin@qq.com' ORDER BY id DESC LIMIT 0,100   [ RunTime:0.0008s ]
SQL: SHOW COLUMNS FROM `ot_jsbz` [ RunTime:0.0009s ]
SQL: SELECT COUNT(*) AS tp_count FROM `ot_jsbz` WHERE `user` = 'admin@qq.com' LIMIT 1   [ RunTime:0.0010s ]
SQL: SELECT * FROM `ot_jsbz` WHERE `user` = 'admin@qq.com' ORDER BY id DESC LIMIT 0,100   [ RunTime:0.0025s ]
SQL: SHOW COLUMNS FROM `ot_ppdd` [ RunTime:0.0011s ]
SQL: SELECT COUNT(*) AS tp_count FROM `ot_ppdd` WHERE `p_user` = 'admin@qq.com' LIMIT 1   [ RunTime:0.0010s ]
SQL: SELECT * FROM `ot_ppdd` WHERE `p_user` = 'admin@qq.com' ORDER BY id DESC LIMIT 0,100   [ RunTime:0.0005s ]
SQL: SELECT COUNT(*) AS tp_count FROM `ot_ppdd` WHERE `g_user` = 'admin@qq.com' LIMIT 1   [ RunTime:0.0004s ]
SQL: SELECT * FROM `ot_ppdd` WHERE `g_user` = 'admin@qq.com' ORDER BY id DESC LIMIT 0,100   [ RunTime:0.0004s ]
INFO: [ view_parse ] --START--
INFO: [ template_filter ] --START--
INFO: Run Behavior\ContentReplaceBehavior [ RunTime:0.000258s ]
INFO: [ template_filter ] --END-- [ RunTime:0.000351s ]
SQL: SELECT * FROM `ot_user` WHERE `UE_account` = '333333@qq.com' LIMIT 1   [ RunTime:0.0006s ]
SQL: SELECT * FROM `ot_user` WHERE `UE_account` = '333333@qq.com' LIMIT 1   [ RunTime:0.0004s ]
SQL: SELECT * FROM `ot_user` WHERE `UE_account` = '333333@qq.com' LIMIT 1   [ RunTime:0.0004s ]
NOTIC: [8] Undefined variable: a /Library/WebServer/Documents/User/Runtime/Cache/Home/9b888f9a05177cc78c87c9cd7e37319c.php 第 1796 行.
INFO: Run Behavior\ParseTemplateBehavior [ RunTime:0.075554s ]
INFO: [ view_parse ] --END-- [ RunTime:0.075694s ]
INFO: [ view_filter ] --START--
INFO: Run Behavior\WriteHtmlCacheBehavior [ RunTime:0.000598s ]
INFO: Run Behavior\TokenBuildBehavior [ RunTime:0.000770s ]
INFO: [ view_filter ] --END-- [ RunTime:0.001544s ]
INFO: [ app_end ] --START--
INFO: Run Behavior\ShowPageTraceBehavior [ RunTime:0.001071s ]
INFO: [ app_end ] --END-- [ RunTime:0.001262s ]

[ 2016-01-27T08:51:36+08:00 ] ::1 /Home/RegHub/censor
INFO: [ app_init ] --START--
INFO: Run Behavior\BuildLiteBehavior [ RunTime:0.000045s ]
INFO: [ app_init ] --END-- [ RunTime:0.000593s ]
INFO: [ app_begin ] --START--
INFO: Run Behavior\ReadHtmlCacheBehavior [ RunTime:0.000469s ]
INFO: [ app_begin ] --END-- [ RunTime:0.000587s ]
ERR: 无法加载控制器:RegHub

[ 2016-01-27T08:51:44+08:00 ] ::1 /Home/Myuser/
INFO: [ app_init ] --START--
INFO: Run Behavior\BuildLiteBehavior [ RunTime:0.000041s ]
INFO: [ app_init ] --END-- [ RunTime:0.000645s ]
INFO: [ app_begin ] --START--
INFO: Run Behavior\ReadHtmlCacheBehavior [ RunTime:0.000939s ]
INFO: [ app_begin ] --END-- [ RunTime:0.001201s ]
SQL: SHOW COLUMNS FROM `ot_system` [ RunTime:0.0033s ]
SQL: SELECT * FROM `ot_system` WHERE `SYS_ID` = 1 LIMIT 1   [ RunTime:0.0009s ]
SQL: SHOW COLUMNS FROM `ot_user` [ RunTime:0.0018s ]
SQL: SELECT * FROM `ot_user` WHERE `UE_ID` = 61451 LIMIT 1   [ RunTime:0.0006s ]
SQL: SHOW COLUMNS FROM `ot_tgbz` [ RunTime:0.0007s ]
SQL: SELECT * FROM `ot_tgbz` WHERE `user` = 'admin@qq.com' AND `jb` = '500' AND `showflag` = 1 ORDER BY id DESC LIMIT 1   [ RunTime:0.0004s ]
NOTIC: [8] Undefined variable: str /Library/WebServer/Documents/User/Home/Controller/CommonController.class.php 第 103 行.
SQL: SELECT * FROM `ot_tgbz` WHERE `user` = 'admin@qq.com' AND `jb` = '1000' AND `showflag` = 1 ORDER BY id DESC LIMIT 1   [ RunTime:0.0004s ]
SQL: SELECT * FROM `ot_tgbz` WHERE `user` = 'admin@qq.com' AND `jb` = '1500' AND `showflag` = 1 ORDER BY id DESC LIMIT 1   [ RunTime:0.0004s ]
SQL: SELECT * FROM `ot_tgbz` WHERE `user` = 'admin@qq.com' AND `jb` = '2000' AND `showflag` = 1 ORDER BY id DESC LIMIT 1   [ RunTime:0.0004s ]
SQL: SELECT COUNT(*) AS tp_count FROM `ot_user` WHERE `UE_accName` = 'admin@qq.com' LIMIT 1   [ RunTime:0.0004s ]
SQL: SELECT * FROM `ot_user` WHERE `UE_accName` = 'admin@qq.com' ORDER BY UE_ID DESC LIMIT 0,10   [ RunTime:0.0005s ]
SQL: SELECT * FROM `ot_user` WHERE `UE_ID` = 61451 LIMIT 1   [ RunTime:0.0014s ]
INFO: [ view_parse ] --START--
INFO: [ template_filter ] --START--
INFO: Run Behavior\ContentReplaceBehavior [ RunTime:0.000126s ]
INFO: [ template_filter ] --END-- [ RunTime:0.000245s ]
INFO: Run Behavior\ParseTemplateBehavior [ RunTime:0.025849s ]
INFO: [ view_parse ] --END-- [ RunTime:0.026011s ]
INFO: [ view_filter ] --START--
INFO: Run Behavior\WriteHtmlCacheBehavior [ RunTime:0.000214s ]
INFO: Run Behavior\TokenBuildBehavior [ RunTime:0.000288s ]
INFO: [ view_filter ] --END-- [ RunTime:0.000608s ]
INFO: [ app_end ] --START--
INFO: Run Behavior\ShowPageTraceBehavior [ RunTime:0.000649s ]
INFO: [ app_end ] --END-- [ RunTime:0.000771s ]

[ 2016-01-27T08:51:53+08:00 ] ::1 /Home/RegHub/censor
INFO: [ app_init ] --START--
INFO: Run Behavior\BuildLiteBehavior [ RunTime:0.000059s ]
INFO: [ app_init ] --END-- [ RunTime:0.000903s ]
INFO: [ app_begin ] --START--
INFO: Run Behavior\ReadHtmlCacheBehavior [ RunTime:0.000880s ]
INFO: [ app_begin ] --END-- [ RunTime:0.001138s ]
ERR: 无法加载控制器:RegHub

[ 2016-01-27T08:54:18+08:00 ] ::1 /Home/RegHub/censor
INFO: [ app_init ] --START--
INFO: Run Behavior\BuildLiteBehavior [ RunTime:0.000035s ]
INFO: [ app_init ] --END-- [ RunTime:0.000461s ]
INFO: [ app_begin ] --START--
INFO: Run Behavior\ReadHtmlCacheBehavior [ RunTime:0.000732s ]
INFO: [ app_begin ] --END-- [ RunTime:0.000909s ]
ERR: 无法加载控制器:RegHub

[ 2016-01-27T08:57:26+08:00 ] ::1 /Home/Myuser/
INFO: [ app_init ] --START--
INFO: Run Behavior\BuildLiteBehavior [ RunTime:0.000035s ]
INFO: [ app_init ] --END-- [ RunTime:0.000451s ]
INFO: [ app_begin ] --START--
INFO: Run Behavior\ReadHtmlCacheBehavior [ RunTime:0.000438s ]
INFO: [ app_begin ] --END-- [ RunTime:0.000561s ]
SQL: SHOW COLUMNS FROM `ot_system` [ RunTime:0.0009s ]
SQL: SELECT * FROM `ot_system` WHERE `SYS_ID` = 1 LIMIT 1   [ RunTime:0.0005s ]
SQL: SHOW COLUMNS FROM `ot_user` [ RunTime:0.0010s ]
SQL: SELECT * FROM `ot_user` WHERE `UE_ID` = 61451 LIMIT 1   [ RunTime:0.0008s ]
SQL: SHOW COLUMNS FROM `ot_tgbz` [ RunTime:0.0006s ]
SQL: SELECT * FROM `ot_tgbz` WHERE `user` = 'admin@qq.com' AND `jb` = '500' AND `showflag` = 1 ORDER BY id DESC LIMIT 1   [ RunTime:0.0004s ]
NOTIC: [8] Undefined variable: str /Library/WebServer/Documents/User/Home/Controller/CommonController.class.php 第 103 行.
SQL: SELECT * FROM `ot_tgbz` WHERE `user` = 'admin@qq.com' AND `jb` = '1000' AND `showflag` = 1 ORDER BY id DESC LIMIT 1   [ RunTime:0.0003s ]
SQL: SELECT * FROM `ot_tgbz` WHERE `user` = 'admin@qq.com' AND `jb` = '1500' AND `showflag` = 1 ORDER BY id DESC LIMIT 1   [ RunTime:0.0003s ]
SQL: SELECT * FROM `ot_tgbz` WHERE `user` = 'admin@qq.com' AND `jb` = '2000' AND `showflag` = 1 ORDER BY id DESC LIMIT 1   [ RunTime:0.0003s ]
SQL: SELECT COUNT(*) AS tp_count FROM `ot_user` WHERE `UE_accName` = 'admin@qq.com' LIMIT 1   [ RunTime:0.0003s ]
SQL: SELECT * FROM `ot_user` WHERE `UE_accName` = 'admin@qq.com' ORDER BY UE_ID DESC LIMIT 0,10   [ RunTime:0.0095s ]
SQL: SELECT * FROM `ot_user` WHERE `UE_ID` = 61451 LIMIT 1   [ RunTime:0.0008s ]
INFO: [ view_parse ] --START--
INFO: [ template_filter ] --START--
INFO: Run Behavior\ContentReplaceBehavior [ RunTime:0.000107s ]
INFO: [ template_filter ] --END-- [ RunTime:0.000209s ]
INFO: Run Behavior\ParseTemplateBehavior [ RunTime:0.017625s ]
INFO: [ view_parse ] --END-- [ RunTime:0.017786s ]
INFO: [ view_filter ] --START--
INFO: Run Behavior\WriteHtmlCacheBehavior [ RunTime:0.000280s ]
INFO: Run Behavior\TokenBuildBehavior [ RunTime:0.000745s ]
INFO: [ view_filter ] --END-- [ RunTime:0.001226s ]
INFO: [ app_end ] --START--
INFO: Run Behavior\ShowPageTraceBehavior [ RunTime:0.001186s ]
INFO: [ app_end ] --END-- [ RunTime:0.001504s ]

[ 2016-01-27T08:57:30+08:00 ] ::1 /Home/RegHub/censor
INFO: [ app_init ] --START--
INFO: Run Behavior\BuildLiteBehavior [ RunTime:0.000020s ]
INFO: [ app_init ] --END-- [ RunTime:0.000308s ]
INFO: [ app_begin ] --START--
INFO: Run Behavior\ReadHtmlCacheBehavior [ RunTime:0.000318s ]
INFO: [ app_begin ] --END-- [ RunTime:0.000421s ]
ERR: 无法加载控制器:RegHub

[ 2016-01-27T09:02:27+08:00 ] ::1 /Home/Myuser/
INFO: [ app_init ] --START--
INFO: Run Behavior\BuildLiteBehavior [ RunTime:0.000027s ]
INFO: [ app_init ] --END-- [ RunTime:0.000342s ]
INFO: [ app_begin ] --START--
INFO: Run Behavior\ReadHtmlCacheBehavior [ RunTime:0.000359s ]
INFO: [ app_begin ] --END-- [ RunTime:0.000459s ]
SQL: SHOW COLUMNS FROM `ot_system` [ RunTime:0.0008s ]
SQL: SELECT * FROM `ot_system` WHERE `SYS_ID` = 1 LIMIT 1   [ RunTime:0.0005s ]
SQL: SHOW COLUMNS FROM `ot_user` [ RunTime:0.0010s ]
SQL: SELECT * FROM `ot_user` WHERE `UE_ID` = 61451 LIMIT 1   [ RunTime:0.0005s ]
SQL: SHOW COLUMNS FROM `ot_tgbz` [ RunTime:0.0006s ]
SQL: SELECT * FROM `ot_tgbz` WHERE `user` = 'admin@qq.com' AND `jb` = '500' AND `showflag` = 1 ORDER BY id DESC LIMIT 1   [ RunTime:0.0004s ]
NOTIC: [8] Undefined variable: str /Library/WebServer/Documents/User/Home/Controller/CommonController.class.php 第 103 行.
SQL: SELECT * FROM `ot_tgbz` WHERE `user` = 'admin@qq.com' AND `jb` = '1000' AND `showflag` = 1 ORDER BY id DESC LIMIT 1   [ RunTime:0.0003s ]
SQL: SELECT * FROM `ot_tgbz` WHERE `user` = 'admin@qq.com' AND `jb` = '1500' AND `showflag` = 1 ORDER BY id DESC LIMIT 1   [ RunTime:0.0004s ]
SQL: SELECT * FROM `ot_tgbz` WHERE `user` = 'admin@qq.com' AND `jb` = '2000' AND `showflag` = 1 ORDER BY id DESC LIMIT 1   [ RunTime:0.0004s ]
SQL: SELECT COUNT(*) AS tp_count FROM `ot_user` WHERE `UE_accName` = 'admin@qq.com' LIMIT 1   [ RunTime:0.0003s ]
SQL: SELECT * FROM `ot_user` WHERE `UE_accName` = 'admin@qq.com' ORDER BY UE_ID DESC LIMIT 0,10   [ RunTime:0.0005s ]
SQL: SELECT * FROM `ot_user` WHERE `UE_ID` = 61451 LIMIT 1   [ RunTime:0.0006s ]
INFO: [ view_parse ] --START--
INFO: [ template_filter ] --START--
INFO: Run Behavior\ContentReplaceBehavior [ RunTime:0.000119s ]
INFO: [ template_filter ] --END-- [ RunTime:0.000293s ]
INFO: Run Behavior\ParseTemplateBehavior [ RunTime:0.014632s ]
INFO: [ view_parse ] --END-- [ RunTime:0.014839s ]
INFO: [ view_filter ] --START--
INFO: Run Behavior\WriteHtmlCacheBehavior [ RunTime:0.000219s ]
INFO: Run Behavior\TokenBuildBehavior [ RunTime:0.000278s ]
INFO: [ view_filter ] --END-- [ RunTime:0.000633s ]
INFO: [ app_end ] --START--
INFO: Run Behavior\ShowPageTraceBehavior [ RunTime:0.000675s ]
INFO: [ app_end ] --END-- [ RunTime:0.000848s ]

[ 2016-01-27T09:02:31+08:00 ] ::1 /Home/Myuser/
INFO: [ app_init ] --START--
INFO: Run Behavior\BuildLiteBehavior [ RunTime:0.000022s ]
INFO: [ app_init ] --END-- [ RunTime:0.000327s ]
INFO: [ app_begin ] --START--
INFO: Run Behavior\ReadHtmlCacheBehavior [ RunTime:0.000369s ]
INFO: [ app_begin ] --END-- [ RunTime:0.000474s ]
SQL: SHOW COLUMNS FROM `ot_system` [ RunTime:0.0010s ]
SQL: SELECT * FROM `ot_system` WHERE `SYS_ID` = 1 LIMIT 1   [ RunTime:0.0005s ]
SQL: SHOW COLUMNS FROM `ot_user` [ RunTime:0.0012s ]
SQL: SELECT * FROM `ot_user` WHERE `UE_ID` = 61451 LIMIT 1   [ RunTime:0.0005s ]
SQL: SHOW COLUMNS FROM `ot_tgbz` [ RunTime:0.0007s ]
SQL: SELECT * FROM `ot_tgbz` WHERE `user` = 'admin@qq.com' AND `jb` = '500' AND `showflag` = 1 ORDER BY id DESC LIMIT 1   [ RunTime:0.0004s ]
NOTIC: [8] Undefined variable: str /Library/WebServer/Documents/User/Home/Controller/CommonController.class.php 第 103 行.
SQL: SELECT * FROM `ot_tgbz` WHERE `user` = 'admin@qq.com' AND `jb` = '1000' AND `showflag` = 1 ORDER BY id DESC LIMIT 1   [ RunTime:0.0004s ]
SQL: SELECT * FROM `ot_tgbz` WHERE `user` = 'admin@qq.com' AND `jb` = '1500' AND `showflag` = 1 ORDER BY id DESC LIMIT 1   [ RunTime:0.0004s ]
SQL: SELECT * FROM `ot_tgbz` WHERE `user` = 'admin@qq.com' AND `jb` = '2000' AND `showflag` = 1 ORDER BY id DESC LIMIT 1   [ RunTime:0.0003s ]
SQL: SELECT COUNT(*) AS tp_count FROM `ot_user` WHERE `UE_accName` = 'admin@qq.com' LIMIT 1   [ RunTime:0.0003s ]
SQL: SELECT * FROM `ot_user` WHERE `UE_accName` = 'admin@qq.com' ORDER BY UE_ID DESC LIMIT 0,10   [ RunTime:0.0005s ]
SQL: SELECT * FROM `ot_user` WHERE `UE_ID` = 61451 LIMIT 1   [ RunTime:0.0004s ]
INFO: [ view_parse ] --START--
INFO: [ template_filter ] --START--
INFO: Run Behavior\ContentReplaceBehavior [ RunTime:0.000081s ]
INFO: [ template_filter ] --END-- [ RunTime:0.000185s ]
INFO: Run Behavior\ParseTemplateBehavior [ RunTime:0.013828s ]
INFO: [ view_parse ] --END-- [ RunTime:0.013926s ]
INFO: [ view_filter ] --START--
INFO: Run Behavior\WriteHtmlCacheBehavior [ RunTime:0.000192s ]
INFO: Run Behavior\TokenBuildBehavior [ RunTime:0.000235s ]
INFO: [ view_filter ] --END-- [ RunTime:0.000552s ]
INFO: [ app_end ] --START--
INFO: Run Behavior\ShowPageTraceBehavior [ RunTime:0.000477s ]
INFO: [ app_end ] --END-- [ RunTime:0.000587s ]

[ 2016-01-27T09:05:45+08:00 ] ::1 /Home/RegHub/censor
INFO: [ app_init ] --START--
INFO: Run Behavior\BuildLiteBehavior [ RunTime:0.000020s ]
INFO: [ app_init ] --END-- [ RunTime:0.000287s ]
INFO: [ app_begin ] --START--
INFO: Run Behavior\ReadHtmlCacheBehavior [ RunTime:0.000449s ]
INFO: [ app_begin ] --END-- [ RunTime:0.000575s ]
ERR: 无法加载控制器:RegHub

[ 2016-01-27T09:09:17+08:00 ] ::1 /Home/RegHub/censor
INFO: [ app_init ] --START--
INFO: Run Behavior\BuildLiteBehavior [ RunTime:0.000020s ]
INFO: [ app_init ] --END-- [ RunTime:0.000282s ]
INFO: [ app_begin ] --START--
INFO: Run Behavior\ReadHtmlCacheBehavior [ RunTime:0.000320s ]
INFO: [ app_begin ] --END-- [ RunTime:0.000402s ]
ERR: 无法加载控制器:RegHub

[ 2016-01-27T09:09:22+08:00 ] ::1 /Home/Myuser/
INFO: [ app_init ] --START--
INFO: Run Behavior\BuildLiteBehavior [ RunTime:0.000020s ]
INFO: [ app_init ] --END-- [ RunTime:0.000274s ]
INFO: [ app_begin ] --START--
INFO: Run Behavior\ReadHtmlCacheBehavior [ RunTime:0.000309s ]
INFO: [ app_begin ] --END-- [ RunTime:0.000392s ]
SQL: SHOW COLUMNS FROM `ot_system` [ RunTime:0.0103s ]
SQL: SELECT * FROM `ot_system` WHERE `SYS_ID` = 1 LIMIT 1   [ RunTime:0.0011s ]
SQL: SHOW COLUMNS FROM `ot_user` [ RunTime:0.0018s ]
SQL: SELECT * FROM `ot_user` WHERE `UE_ID` = 61451 LIMIT 1   [ RunTime:0.0009s ]
SQL: SHOW COLUMNS FROM `ot_tgbz` [ RunTime:0.0008s ]
SQL: SELECT * FROM `ot_tgbz` WHERE `user` = 'admin@qq.com' AND `jb` = '500' AND `showflag` = 1 ORDER BY id DESC LIMIT 1   [ RunTime:0.0005s ]
NOTIC: [8] Undefined variable: str /Library/WebServer/Documents/User/Home/Controller/CommonController.class.php 第 103 行.
SQL: SELECT * FROM `ot_tgbz` WHERE `user` = 'admin@qq.com' AND `jb` = '1000' AND `showflag` = 1 ORDER BY id DESC LIMIT 1   [ RunTime:0.0004s ]
SQL: SELECT * FROM `ot_tgbz` WHERE `user` = 'admin@qq.com' AND `jb` = '1500' AND `showflag` = 1 ORDER BY id DESC LIMIT 1   [ RunTime:0.0004s ]
SQL: SELECT * FROM `ot_tgbz` WHERE `user` = 'admin@qq.com' AND `jb` = '2000' AND `showflag` = 1 ORDER BY id DESC LIMIT 1   [ RunTime:0.0004s ]
SQL: SELECT COUNT(*) AS tp_count FROM `ot_user` WHERE `UE_accName` = 'admin@qq.com' LIMIT 1   [ RunTime:0.0004s ]
SQL: SELECT * FROM `ot_user` WHERE `UE_accName` = 'admin@qq.com' ORDER BY UE_ID DESC LIMIT 0,10   [ RunTime:0.0005s ]
SQL: SELECT * FROM `ot_user` WHERE `UE_ID` = 61451 LIMIT 1   [ RunTime:0.0004s ]
INFO: [ view_parse ] --START--
INFO: [ template_filter ] --START--
INFO: Run Behavior\ContentReplaceBehavior [ RunTime:0.000088s ]
INFO: [ template_filter ] --END-- [ RunTime:0.000208s ]
INFO: Run Behavior\ParseTemplateBehavior [ RunTime:0.012438s ]
INFO: [ view_parse ] --END-- [ RunTime:0.012545s ]
INFO: [ view_filter ] --START--
INFO: Run Behavior\WriteHtmlCacheBehavior [ RunTime:0.000232s ]
INFO: Run Behavior\TokenBuildBehavior [ RunTime:0.000334s ]
INFO: [ view_filter ] --END-- [ RunTime:0.000736s ]
INFO: [ app_end ] --START--
INFO: Run Behavior\ShowPageTraceBehavior [ RunTime:0.000584s ]
INFO: [ app_end ] --END-- [ RunTime:0.000746s ]

[ 2016-01-27T09:09:29+08:00 ] ::1 /Home/RegHub/censor
INFO: [ app_init ] --START--
INFO: Run Behavior\BuildLiteBehavior [ RunTime:0.000029s ]
INFO: [ app_init ] --END-- [ RunTime:0.000472s ]
INFO: [ app_begin ] --START--
INFO: Run Behavior\ReadHtmlCacheBehavior [ RunTime:0.000909s ]
INFO: [ app_begin ] --END-- [ RunTime:0.001175s ]
ERR: 无法加载控制器:RegHub

[ 2016-01-27T09:15:20+08:00 ] ::1 /Home/RegHub/censor
INFO: [ app_init ] --START--
INFO: Run Behavior\BuildLiteBehavior [ RunTime:0.000020s ]
INFO: [ app_init ] --END-- [ RunTime:0.000286s ]
INFO: [ app_begin ] --START--
INFO: Run Behavior\ReadHtmlCacheBehavior [ RunTime:0.000304s ]
INFO: [ app_begin ] --END-- [ RunTime:0.000387s ]
SQL: SHOW COLUMNS FROM `ot_system` [ RunTime:0.0010s ]
SQL: SELECT * FROM `ot_system` WHERE `SYS_ID` = 1 LIMIT 1   [ RunTime:0.0006s ]
SQL: SHOW COLUMNS FROM `ot_user` [ RunTime:0.0012s ]
SQL: SELECT * FROM `ot_user` WHERE `UE_ID` = 61451 LIMIT 1   [ RunTime:0.0005s ]
SQL: SHOW COLUMNS FROM `ot_tgbz` [ RunTime:0.0006s ]
SQL: SELECT * FROM `ot_tgbz` WHERE `user` = 'admin@qq.com' AND `jb` = '500' AND `showflag` = 1 ORDER BY id DESC LIMIT 1   [ RunTime:0.0004s ]
NOTIC: [8] Undefined variable: str /Library/WebServer/Documents/User/Home/Controller/CommonController.class.php 第 103 行.
SQL: SELECT * FROM `ot_tgbz` WHERE `user` = 'admin@qq.com' AND `jb` = '1000' AND `showflag` = 1 ORDER BY id DESC LIMIT 1   [ RunTime:0.0004s ]
SQL: SELECT * FROM `ot_tgbz` WHERE `user` = 'admin@qq.com' AND `jb` = '1500' AND `showflag` = 1 ORDER BY id DESC LIMIT 1   [ RunTime:0.0004s ]
SQL: SELECT * FROM `ot_tgbz` WHERE `user` = 'admin@qq.com' AND `jb` = '2000' AND `showflag` = 1 ORDER BY id DESC LIMIT 1   [ RunTime:0.0007s ]
SQL: SELECT * FROM `ot_user` LEFT JOIN ot_pin ON ot_pin.sy_user=ot_user.UE_account  WHERE ot_user.zcr = 'admin@qq.com' ORDER BY ot_user.UE_status desc  [ RunTime:0.0152s ]
SQL: SELECT * FROM `ot_user` WHERE `UE_ID` = 61451 LIMIT 1   [ RunTime:0.0009s ]
INFO: [ view_parse ] --START--
INFO: [ template_filter ] --START--
INFO: Run Behavior\ContentReplaceBehavior [ RunTime:0.000076s ]
INFO: [ template_filter ] --END-- [ RunTime:0.000164s ]
NOTIC: [8] Undefined variable: page1 /Library/WebServer/Documents/User/Runtime/Cache/Home/2905b4bb20d91a26e64cda528ef12c2f.php 第 562 行.
INFO: Run Behavior\ParseTemplateBehavior [ RunTime:0.025999s ]
INFO: [ view_parse ] --END-- [ RunTime:0.026159s ]
INFO: [ view_filter ] --START--
INFO: Run Behavior\WriteHtmlCacheBehavior [ RunTime:0.000296s ]
INFO: Run Behavior\TokenBuildBehavior [ RunTime:0.000409s ]
INFO: [ view_filter ] --END-- [ RunTime:0.000929s ]
INFO: [ app_end ] --START--
INFO: Run Behavior\ShowPageTraceBehavior [ RunTime:0.000849s ]
INFO: [ app_end ] --END-- [ RunTime:0.001111s ]

[ 2016-01-27T09:15:25+08:00 ] ::1 /Home/RegHub/censor
INFO: [ app_init ] --START--
INFO: Run Behavior\BuildLiteBehavior [ RunTime:0.000023s ]
INFO: [ app_init ] --END-- [ RunTime:0.000331s ]
INFO: [ app_begin ] --START--
INFO: Run Behavior\ReadHtmlCacheBehavior [ RunTime:0.000316s ]
INFO: [ app_begin ] --END-- [ RunTime:0.000403s ]
SQL: SHOW COLUMNS FROM `ot_system` [ RunTime:0.0008s ]
SQL: SELECT * FROM `ot_system` WHERE `SYS_ID` = 1 LIMIT 1   [ RunTime:0.0005s ]
SQL: SHOW COLUMNS FROM `ot_user` [ RunTime:0.0008s ]
SQL: SELECT * FROM `ot_user` WHERE `UE_ID` = 61451 LIMIT 1   [ RunTime:0.0005s ]
SQL: SHOW COLUMNS FROM `ot_tgbz` [ RunTime:0.0009s ]
SQL: SELECT * FROM `ot_tgbz` WHERE `user` = 'admin@qq.com' AND `jb` = '500' AND `showflag` = 1 ORDER BY id DESC LIMIT 1   [ RunTime:0.0005s ]
NOTIC: [8] Undefined variable: str /Library/WebServer/Documents/User/Home/Controller/CommonController.class.php 第 103 行.
SQL: SELECT * FROM `ot_tgbz` WHERE `user` = 'admin@qq.com' AND `jb` = '1000' AND `showflag` = 1 ORDER BY id DESC LIMIT 1   [ RunTime:0.0003s ]
SQL: SELECT * FROM `ot_tgbz` WHERE `user` = 'admin@qq.com' AND `jb` = '1500' AND `showflag` = 1 ORDER BY id DESC LIMIT 1   [ RunTime:0.0004s ]
SQL: SELECT * FROM `ot_tgbz` WHERE `user` = 'admin@qq.com' AND `jb` = '2000' AND `showflag` = 1 ORDER BY id DESC LIMIT 1   [ RunTime:0.0004s ]
SQL: SELECT * FROM `ot_user` LEFT JOIN ot_pin ON ot_pin.sy_user=ot_user.UE_account  WHERE ot_user.zcr = 'admin@qq.com' ORDER BY ot_user.UE_status desc  [ RunTime:0.0183s ]
SQL: SELECT * FROM `ot_user` WHERE `UE_ID` = 61451 LIMIT 1   [ RunTime:0.0005s ]
INFO: [ view_parse ] --START--
INFO: [ template_filter ] --START--
INFO: Run Behavior\ContentReplaceBehavior [ RunTime:0.000085s ]
INFO: [ template_filter ] --END-- [ RunTime:0.000185s ]
NOTIC: [8] Undefined variable: page1 /Library/WebServer/Documents/User/Runtime/Cache/Home/2905b4bb20d91a26e64cda528ef12c2f.php 第 562 行.
INFO: Run Behavior\ParseTemplateBehavior [ RunTime:0.021479s ]
INFO: [ view_parse ] --END-- [ RunTime:0.021615s ]
INFO: [ view_filter ] --START--
INFO: Run Behavior\WriteHtmlCacheBehavior [ RunTime:0.000277s ]
INFO: Run Behavior\TokenBuildBehavior [ RunTime:0.000392s ]
INFO: [ view_filter ] --END-- [ RunTime:0.000884s ]
INFO: [ app_end ] --START--
INFO: Run Behavior\ShowPageTraceBehavior [ RunTime:0.000832s ]
INFO: [ app_end ] --END-- [ RunTime:0.001087s ]

[ 2016-01-27T09:15:33+08:00 ] ::1 /Home/Myuser/
INFO: [ app_init ] --START--
INFO: Run Behavior\BuildLiteBehavior [ RunTime:0.000022s ]
INFO: [ app_init ] --END-- [ RunTime:0.000348s ]
INFO: [ app_begin ] --START--
INFO: Run Behavior\ReadHtmlCacheBehavior [ RunTime:0.000931s ]
INFO: [ app_begin ] --END-- [ RunTime:0.001284s ]
SQL: SHOW COLUMNS FROM `ot_system` [ RunTime:0.0009s ]
SQL: SELECT * FROM `ot_system` WHERE `SYS_ID` = 1 LIMIT 1   [ RunTime:0.0006s ]
SQL: SHOW COLUMNS FROM `ot_user` [ RunTime:0.0010s ]
SQL: SELECT * FROM `ot_user` WHERE `UE_ID` = 61451 LIMIT 1   [ RunTime:0.0005s ]
SQL: SHOW COLUMNS FROM `ot_tgbz` [ RunTime:0.0005s ]
SQL: SELECT * FROM `ot_tgbz` WHERE `user` = 'admin@qq.com' AND `jb` = '500' AND `showflag` = 1 ORDER BY id DESC LIMIT 1   [ RunTime:0.0004s ]
NOTIC: [8] Undefined variable: str /Library/WebServer/Documents/User/Home/Controller/CommonController.class.php 第 103 行.
SQL: SELECT * FROM `ot_tgbz` WHERE `user` = 'admin@qq.com' AND `jb` = '1000' AND `showflag` = 1 ORDER BY id DESC LIMIT 1   [ RunTime:0.0004s ]
SQL: SELECT * FROM `ot_tgbz` WHERE `user` = 'admin@qq.com' AND `jb` = '1500' AND `showflag` = 1 ORDER BY id DESC LIMIT 1   [ RunTime:0.0004s ]
SQL: SELECT * FROM `ot_tgbz` WHERE `user` = 'admin@qq.com' AND `jb` = '2000' AND `showflag` = 1 ORDER BY id DESC LIMIT 1   [ RunTime:0.0004s ]
SQL: SELECT COUNT(*) AS tp_count FROM `ot_user` WHERE `UE_accName` = 'admin@qq.com' LIMIT 1   [ RunTime:0.0004s ]
SQL: SELECT * FROM `ot_user` WHERE `UE_accName` = 'admin@qq.com' ORDER BY UE_ID DESC LIMIT 0,10   [ RunTime:0.0005s ]
SQL: SELECT * FROM `ot_user` WHERE `UE_ID` = 61451 LIMIT 1   [ RunTime:0.0003s ]
INFO: [ view_parse ] --START--
INFO: [ template_filter ] --START--
INFO: Run Behavior\ContentReplaceBehavior [ RunTime:0.000231s ]
INFO: [ template_filter ] --END-- [ RunTime:0.000431s ]
INFO: Run Behavior\ParseTemplateBehavior [ RunTime:0.018687s ]
INFO: [ view_parse ] --END-- [ RunTime:0.018796s ]
INFO: [ view_filter ] --START--
INFO: Run Behavior\WriteHtmlCacheBehavior [ RunTime:0.000229s ]
INFO: Run Behavior\TokenBuildBehavior [ RunTime:0.000397s ]
INFO: [ view_filter ] --END-- [ RunTime:0.000778s ]
INFO: [ app_end ] --START--
INFO: Run Behavior\ShowPageTraceBehavior [ RunTime:0.001165s ]
INFO: [ app_end ] --END-- [ RunTime:0.001408s ]

[ 2016-01-27T09:15:42+08:00 ] ::1 /Home/RegHub/censor
INFO: [ app_init ] --START--
INFO: Run Behavior\BuildLiteBehavior [ RunTime:0.000018s ]
INFO: [ app_init ] --END-- [ RunTime:0.000266s ]
INFO: [ app_begin ] --START--
INFO: Run Behavior\ReadHtmlCacheBehavior [ RunTime:0.000409s ]
INFO: [ app_begin ] --END-- [ RunTime:0.000523s ]
SQL: SHOW COLUMNS FROM `ot_system` [ RunTime:0.0015s ]
SQL: SELECT * FROM `ot_system` WHERE `SYS_ID` = 1 LIMIT 1   [ RunTime:0.0006s ]
SQL: SHOW COLUMNS FROM `ot_user` [ RunTime:0.0012s ]
SQL: SELECT * FROM `ot_user` WHERE `UE_ID` = 61451 LIMIT 1   [ RunTime:0.0008s ]
SQL: SHOW COLUMNS FROM `ot_tgbz` [ RunTime:0.0007s ]
SQL: SELECT * FROM `ot_tgbz` WHERE `user` = 'admin@qq.com' AND `jb` = '500' AND `showflag` = 1 ORDER BY id DESC LIMIT 1   [ RunTime:0.0005s ]
NOTIC: [8] Undefined variable: str /Library/WebServer/Documents/User/Home/Controller/CommonController.class.php 第 103 行.
SQL: SELECT * FROM `ot_tgbz` WHERE `user` = 'admin@qq.com' AND `jb` = '1000' AND `showflag` = 1 ORDER BY id DESC LIMIT 1   [ RunTime:0.0004s ]
SQL: SELECT * FROM `ot_tgbz` WHERE `user` = 'admin@qq.com' AND `jb` = '1500' AND `showflag` = 1 ORDER BY id DESC LIMIT 1   [ RunTime:0.0003s ]
SQL: SELECT * FROM `ot_tgbz` WHERE `user` = 'admin@qq.com' AND `jb` = '2000' AND `showflag` = 1 ORDER BY id DESC LIMIT 1   [ RunTime:0.0004s ]
SQL: SELECT * FROM `ot_user` LEFT JOIN ot_pin ON ot_pin.sy_user=ot_user.UE_account  WHERE ot_user.zcr = 'admin@qq.com' ORDER BY ot_user.UE_status desc  [ RunTime:0.0053s ]
SQL: SELECT * FROM `ot_user` WHERE `UE_ID` = 61451 LIMIT 1   [ RunTime:0.0006s ]
INFO: [ view_parse ] --START--
INFO: [ template_filter ] --START--
INFO: Run Behavior\ContentReplaceBehavior [ RunTime:0.000169s ]
INFO: [ template_filter ] --END-- [ RunTime:0.000292s ]
NOTIC: [8] Undefined variable: page1 /Library/WebServer/Documents/User/Runtime/Cache/Home/2905b4bb20d91a26e64cda528ef12c2f.php 第 562 行.
INFO: Run Behavior\ParseTemplateBehavior [ RunTime:0.024601s ]
INFO: [ view_parse ] --END-- [ RunTime:0.024785s ]
INFO: [ view_filter ] --START--
INFO: Run Behavior\WriteHtmlCacheBehavior [ RunTime:0.000312s ]
INFO: Run Behavior\TokenBuildBehavior [ RunTime:0.000448s ]
INFO: [ view_filter ] --END-- [ RunTime:0.001048s ]
INFO: [ app_end ] --START--
INFO: Run Behavior\ShowPageTraceBehavior [ RunTime:0.001402s ]
INFO: [ app_end ] --END-- [ RunTime:0.001725s ]

[ 2016-01-27T09:20:10+08:00 ] ::1 /Home/RegHub/censor
INFO: [ app_init ] --START--
INFO: Run Behavior\BuildLiteBehavior [ RunTime:0.000020s ]
INFO: [ app_init ] --END-- [ RunTime:0.000273s ]
INFO: [ app_begin ] --START--
INFO: Run Behavior\ReadHtmlCacheBehavior [ RunTime:0.000441s ]
INFO: [ app_begin ] --END-- [ RunTime:0.000552s ]
SQL: SHOW COLUMNS FROM `ot_system` [ RunTime:0.0011s ]
SQL: SELECT * FROM `ot_system` WHERE `SYS_ID` = 1 LIMIT 1   [ RunTime:0.0005s ]
SQL: SHOW COLUMNS FROM `ot_user` [ RunTime:0.0011s ]
SQL: SELECT * FROM `ot_user` WHERE `UE_ID` = 61451 LIMIT 1   [ RunTime:0.0006s ]
SQL: SHOW COLUMNS FROM `ot_tgbz` [ RunTime:0.0005s ]
SQL: SELECT * FROM `ot_tgbz` WHERE `user` = 'admin@qq.com' AND `jb` = '500' AND `showflag` = 1 ORDER BY id DESC LIMIT 1   [ RunTime:0.0004s ]
NOTIC: [8] Undefined variable: str /Library/WebServer/Documents/User/Home/Controller/CommonController.class.php 第 103 行.
SQL: SELECT * FROM `ot_tgbz` WHERE `user` = 'admin@qq.com' AND `jb` = '1000' AND `showflag` = 1 ORDER BY id DESC LIMIT 1   [ RunTime:0.0088s ]
SQL: SELECT * FROM `ot_tgbz` WHERE `user` = 'admin@qq.com' AND `jb` = '1500' AND `showflag` = 1 ORDER BY id DESC LIMIT 1   [ RunTime:0.0006s ]
SQL: SELECT * FROM `ot_tgbz` WHERE `user` = 'admin@qq.com' AND `jb` = '2000' AND `showflag` = 1 ORDER BY id DESC LIMIT 1   [ RunTime:0.0005s ]
SQL: SELECT * FROM `ot_user` LEFT JOIN ot_pin ON ot_pin.sy_user=ot_user.UE_account  WHERE ot_user.zcr = 'admin@qq.com' ORDER BY ot_user.UE_status desc  [ RunTime:0.0035s ]
SQL: SELECT * FROM `ot_user` WHERE `UE_ID` = 61451 LIMIT 1   [ RunTime:0.0004s ]
INFO: [ view_parse ] --START--
INFO: [ template_filter ] --START--
INFO: Run Behavior\ContentReplaceBehavior [ RunTime:0.000123s ]
INFO: [ template_filter ] --END-- [ RunTime:0.000229s ]
NOTIC: [8] Undefined variable: page1 /Library/WebServer/Documents/User/Runtime/Cache/Home/2905b4bb20d91a26e64cda528ef12c2f.php 第 562 行.
INFO: Run Behavior\ParseTemplateBehavior [ RunTime:0.028014s ]
INFO: [ view_parse ] --END-- [ RunTime:0.028119s ]
INFO: [ view_filter ] --START--
INFO: Run Behavior\WriteHtmlCacheBehavior [ RunTime:0.000164s ]
INFO: Run Behavior\TokenBuildBehavior [ RunTime:0.000234s ]
INFO: [ view_filter ] --END-- [ RunTime:0.000509s ]
INFO: [ app_end ] --START--
INFO: Run Behavior\ShowPageTraceBehavior [ RunTime:0.000622s ]
INFO: [ app_end ] --END-- [ RunTime:0.000746s ]

[ 2016-01-27T09:20:13+08:00 ] ::1 /Home/Myuser/xzzh/
INFO: [ app_init ] --START--
INFO: Run Behavior\BuildLiteBehavior [ RunTime:0.000022s ]
INFO: [ app_init ] --END-- [ RunTime:0.000312s ]
INFO: [ app_begin ] --START--
INFO: Run Behavior\ReadHtmlCacheBehavior [ RunTime:0.000306s ]
INFO: [ app_begin ] --END-- [ RunTime:0.000387s ]
SQL: SHOW COLUMNS FROM `ot_system` [ RunTime:0.0011s ]
SQL: SELECT * FROM `ot_system` WHERE `SYS_ID` = 1 LIMIT 1   [ RunTime:0.0005s ]
SQL: SHOW COLUMNS FROM `ot_user` [ RunTime:0.0008s ]
SQL: SELECT * FROM `ot_user` WHERE `UE_ID` = 61451 LIMIT 1   [ RunTime:0.0004s ]
SQL: SHOW COLUMNS FROM `ot_tgbz` [ RunTime:0.0005s ]
SQL: SELECT * FROM `ot_tgbz` WHERE `user` = 'admin@qq.com' AND `jb` = '500' AND `showflag` = 1 ORDER BY id DESC LIMIT 1   [ RunTime:0.0004s ]
NOTIC: [8] Undefined variable: str /Library/WebServer/Documents/User/Home/Controller/CommonController.class.php 第 103 行.
SQL: SELECT * FROM `ot_tgbz` WHERE `user` = 'admin@qq.com' AND `jb` = '1000' AND `showflag` = 1 ORDER BY id DESC LIMIT 1   [ RunTime:0.0003s ]
SQL: SELECT * FROM `ot_tgbz` WHERE `user` = 'admin@qq.com' AND `jb` = '1500' AND `showflag` = 1 ORDER BY id DESC LIMIT 1   [ RunTime:0.0004s ]
SQL: SELECT * FROM `ot_tgbz` WHERE `user` = 'admin@qq.com' AND `jb` = '2000' AND `showflag` = 1 ORDER BY id DESC LIMIT 1   [ RunTime:0.0004s ]
SQL: SELECT COUNT(*) AS tp_count FROM `ot_tgbz` WHERE `user_tjr` = 'admin@qq.com' LIMIT 1   [ RunTime:0.0003s ]
SQL: SELECT * FROM `ot_tgbz` WHERE `user_tjr` = 'admin@qq.com' ORDER BY id DESC LIMIT 0,10   [ RunTime:0.0004s ]
SQL: SHOW COLUMNS FROM `ot_jsbz` [ RunTime:0.0006s ]
SQL: SELECT COUNT(*) AS tp_count FROM `ot_jsbz` WHERE `user_tjr` = 'admin@qq.com' LIMIT 1   [ RunTime:0.0003s ]
SQL: SELECT * FROM `ot_jsbz` WHERE `user_tjr` = 'admin@qq.com' ORDER BY id DESC LIMIT 0,100   [ RunTime:0.0003s ]
INFO: [ view_parse ] --START--
INFO: [ template_filter ] --START--
INFO: Run Behavior\ContentReplaceBehavior [ RunTime:0.000081s ]
INFO: [ template_filter ] --END-- [ RunTime:0.000173s ]
NOTIC: [8] Undefined variable: ztrs /Library/WebServer/Documents/User/Runtime/Cache/Home/90eaf8959c76b6ce5cbe92c607759d92.php 第 457 行.
SQL: SELECT * FROM `ot_tgbz` WHERE `id` = 1039 LIMIT 1   [ RunTime:0.0006s ]
NOTIC: [8] Undefined variable: ztrs1 /Library/WebServer/Documents/User/Runtime/Cache/Home/90eaf8959c76b6ce5cbe92c607759d92.php 第 460 行.
SQL: SELECT * FROM `ot_tgbz` WHERE `id` = 1039 LIMIT 1   [ RunTime:0.0006s ]
NOTIC: [8] Use of undefined constant UE_account - assumed 'UE_account' /Library/WebServer/Documents/User/Home/Common/function.php 第 206 行.
SQL: SELECT * FROM `ot_user` WHERE `UE_account` = 'prince001@qq.com' LIMIT 1   [ RunTime:0.0006s ]
NOTIC: [8] Undefined variable: ztrs /Library/WebServer/Documents/User/Runtime/Cache/Home/90eaf8959c76b6ce5cbe92c607759d92.php 第 457 行.
SQL: SELECT * FROM `ot_tgbz` WHERE `id` = 1036 LIMIT 1   [ RunTime:0.0004s ]
NOTIC: [8] Undefined variable: ztrs1 /Library/WebServer/Documents/User/Runtime/Cache/Home/90eaf8959c76b6ce5cbe92c607759d92.php 第 460 行.
SQL: SELECT * FROM `ot_tgbz` WHERE `id` = 1036 LIMIT 1   [ RunTime:0.0005s ]
NOTIC: [8] Use of undefined constant UE_account - assumed 'UE_account' /Library/WebServer/Documents/User/Home/Common/function.php 第 206 行.
SQL: SELECT * FROM `ot_user` WHERE `UE_account` = 'prince001@qq.com' LIMIT 1   [ RunTime:0.0006s ]
NOTIC: [8] Undefined variable: ztrs /Library/WebServer/Documents/User/Runtime/Cache/Home/90eaf8959c76b6ce5cbe92c607759d92.php 第 457 行.
SQL: SELECT * FROM `ot_tgbz` WHERE `id` = 1034 LIMIT 1   [ RunTime:0.0005s ]
NOTIC: [8] Undefined variable: ztrs1 /Library/WebServer/Documents/User/Runtime/Cache/Home/90eaf8959c76b6ce5cbe92c607759d92.php 第 460 行.
SQL: SELECT * FROM `ot_tgbz` WHERE `id` = 1034 LIMIT 1   [ RunTime:0.0004s ]
NOTIC: [8] Use of undefined constant UE_account - assumed 'UE_account' /Library/WebServer/Documents/User/Home/Common/function.php 第 206 行.
SQL: SELECT * FROM `ot_user` WHERE `UE_account` = 'prince001@qq.com' LIMIT 1   [ RunTime:0.0005s ]
NOTIC: [8] Undefined variable: ztrs /Library/WebServer/Documents/User/Runtime/Cache/Home/90eaf8959c76b6ce5cbe92c607759d92.php 第 494 行.
SQL: SELECT * FROM `ot_jsbz` WHERE `id` = 800 LIMIT 1   [ RunTime:0.0003s ]
NOTIC: [8] Undefined variable: ztrs1 /Library/WebServer/Documents/User/Runtime/Cache/Home/90eaf8959c76b6ce5cbe92c607759d92.php 第 496 行.
SQL: SELECT * FROM `ot_jsbz` WHERE `id` = 800 LIMIT 1   [ RunTime:0.0004s ]
NOTIC: [8] Use of undefined constant UE_account - assumed 'UE_account' /Library/WebServer/Documents/User/Home/Common/function.php 第 237 行.
SQL: SELECT * FROM `ot_user` WHERE `UE_account` = '878147015@qq.com' LIMIT 1   [ RunTime:0.0004s ]
INFO: Run Behavior\ParseTemplateBehavior [ RunTime:0.042937s ]
INFO: [ view_parse ] --END-- [ RunTime:0.043037s ]
INFO: [ view_filter ] --START--
INFO: Run Behavior\WriteHtmlCacheBehavior [ RunTime:0.000257s ]
INFO: Run Behavior\TokenBuildBehavior [ RunTime:0.000318s ]
INFO: [ view_filter ] --END-- [ RunTime:0.000740s ]
INFO: [ app_end ] --START--
INFO: Run Behavior\ShowPageTraceBehavior [ RunTime:0.000678s ]
INFO: [ app_end ] --END-- [ RunTime:0.000831s ]

[ 2016-01-27T09:20:31+08:00 ] ::1 /Home/Myuser/xzzh/
INFO: [ app_init ] --START--
INFO: Run Behavior\BuildLiteBehavior [ RunTime:0.000019s ]
INFO: [ app_init ] --END-- [ RunTime:0.000399s ]
INFO: [ app_begin ] --START--
INFO: Run Behavior\ReadHtmlCacheBehavior [ RunTime:0.000313s ]
INFO: [ app_begin ] --END-- [ RunTime:0.000398s ]
SQL: SHOW COLUMNS FROM `ot_system` [ RunTime:0.0010s ]
SQL: SELECT * FROM `ot_system` WHERE `SYS_ID` = 1 LIMIT 1   [ RunTime:0.0005s ]
SQL: SHOW COLUMNS FROM `ot_user` [ RunTime:0.0009s ]
SQL: SELECT * FROM `ot_user` WHERE `UE_ID` = 61451 LIMIT 1   [ RunTime:0.0005s ]
SQL: SHOW COLUMNS FROM `ot_tgbz` [ RunTime:0.0006s ]
SQL: SELECT * FROM `ot_tgbz` WHERE `user` = 'admin@qq.com' AND `jb` = '500' AND `showflag` = 1 ORDER BY id DESC LIMIT 1   [ RunTime:0.0005s ]
NOTIC: [8] Undefined variable: str /Library/WebServer/Documents/User/Home/Controller/CommonController.class.php 第 103 行.
SQL: SELECT * FROM `ot_tgbz` WHERE `user` = 'admin@qq.com' AND `jb` = '1000' AND `showflag` = 1 ORDER BY id DESC LIMIT 1   [ RunTime:0.0083s ]
SQL: SELECT * FROM `ot_tgbz` WHERE `user` = 'admin@qq.com' AND `jb` = '1500' AND `showflag` = 1 ORDER BY id DESC LIMIT 1   [ RunTime:0.0006s ]
SQL: SELECT * FROM `ot_tgbz` WHERE `user` = 'admin@qq.com' AND `jb` = '2000' AND `showflag` = 1 ORDER BY id DESC LIMIT 1   [ RunTime:0.0006s ]
SQL: SELECT COUNT(*) AS tp_count FROM `ot_tgbz` WHERE `user_tjr` = 'admin@qq.com' LIMIT 1   [ RunTime:0.0007s ]
SQL: SELECT * FROM `ot_tgbz` WHERE `user_tjr` = 'admin@qq.com' ORDER BY id DESC LIMIT 0,10   [ RunTime:0.0006s ]
SQL: SHOW COLUMNS FROM `ot_jsbz` [ RunTime:0.0008s ]
SQL: SELECT COUNT(*) AS tp_count FROM `ot_jsbz` WHERE `user_tjr` = 'admin@qq.com' LIMIT 1   [ RunTime:0.0003s ]
SQL: SELECT * FROM `ot_jsbz` WHERE `user_tjr` = 'admin@qq.com' ORDER BY id DESC LIMIT 0,100   [ RunTime:0.0003s ]
INFO: [ view_parse ] --START--
INFO: [ template_filter ] --START--
INFO: Run Behavior\ContentReplaceBehavior [ RunTime:0.000104s ]
INFO: [ template_filter ] --END-- [ RunTime:0.000220s ]
NOTIC: [8] Undefined variable: ztrs /Library/WebServer/Documents/User/Runtime/Cache/Home/90eaf8959c76b6ce5cbe92c607759d92.php 第 457 行.
SQL: SELECT * FROM `ot_tgbz` WHERE `id` = 1039 LIMIT 1   [ RunTime:0.0004s ]
NOTIC: [8] Undefined variable: ztrs1 /Library/WebServer/Documents/User/Runtime/Cache/Home/90eaf8959c76b6ce5cbe92c607759d92.php 第 460 行.
SQL: SELECT * FROM `ot_tgbz` WHERE `id` = 1039 LIMIT 1   [ RunTime:0.0003s ]
NOTIC: [8] Use of undefined constant UE_account - assumed 'UE_account' /Library/WebServer/Documents/User/Home/Common/function.php 第 206 行.
SQL: SELECT * FROM `ot_user` WHERE `UE_account` = 'prince001@qq.com' LIMIT 1   [ RunTime:0.0004s ]
NOTIC: [8] Undefined variable: ztrs /Library/WebServer/Documents/User/Runtime/Cache/Home/90eaf8959c76b6ce5cbe92c607759d92.php 第 457 行.
SQL: SELECT * FROM `ot_tgbz` WHERE `id` = 1036 LIMIT 1   [ RunTime:0.0003s ]
NOTIC: [8] Undefined variable: ztrs1 /Library/WebServer/Documents/User/Runtime/Cache/Home/90eaf8959c76b6ce5cbe92c607759d92.php 第 460 行.
SQL: SELECT * FROM `ot_tgbz` WHERE `id` = 1036 LIMIT 1   [ RunTime:0.0003s ]
NOTIC: [8] Use of undefined constant UE_account - assumed 'UE_account' /Library/WebServer/Documents/User/Home/Common/function.php 第 206 行.
SQL: SELECT * FROM `ot_user` WHERE `UE_account` = 'prince001@qq.com' LIMIT 1   [ RunTime:0.0003s ]
NOTIC: [8] Undefined variable: ztrs /Library/WebServer/Documents/User/Runtime/Cache/Home/90eaf8959c76b6ce5cbe92c607759d92.php 第 457 行.
SQL: SELECT * FROM `ot_tgbz` WHERE `id` = 1034 LIMIT 1   [ RunTime:0.0003s ]
NOTIC: [8] Undefined variable: ztrs1 /Library/WebServer/Documents/User/Runtime/Cache/Home/90eaf8959c76b6ce5cbe92c607759d92.php 第 460 行.
SQL: SELECT * FROM `ot_tgbz` WHERE `id` = 1034 LIMIT 1   [ RunTime:0.0003s ]
NOTIC: [8] Use of undefined constant UE_account - assumed 'UE_account' /Library/WebServer/Documents/User/Home/Common/function.php 第 206 行.
SQL: SELECT * FROM `ot_user` WHERE `UE_account` = 'prince001@qq.com' LIMIT 1   [ RunTime:0.0005s ]
NOTIC: [8] Undefined variable: ztrs /Library/WebServer/Documents/User/Runtime/Cache/Home/90eaf8959c76b6ce5cbe92c607759d92.php 第 494 行.
SQL: SELECT * FROM `ot_jsbz` WHERE `id` = 800 LIMIT 1   [ RunTime:0.0003s ]
NOTIC: [8] Undefined variable: ztrs1 /Library/WebServer/Documents/User/Runtime/Cache/Home/90eaf8959c76b6ce5cbe92c607759d92.php 第 496 行.
SQL: SELECT * FROM `ot_jsbz` WHERE `id` = 800 LIMIT 1   [ RunTime:0.0003s ]
NOTIC: [8] Use of undefined constant UE_account - assumed 'UE_account' /Library/WebServer/Documents/User/Home/Common/function.php 第 237 行.
SQL: SELECT * FROM `ot_user` WHERE `UE_account` = '878147015@qq.com' LIMIT 1   [ RunTime:0.0004s ]
INFO: Run Behavior\ParseTemplateBehavior [ RunTime:0.027006s ]
INFO: [ view_parse ] --END-- [ RunTime:0.027098s ]
INFO: [ view_filter ] --START--
INFO: Run Behavior\WriteHtmlCacheBehavior [ RunTime:0.000222s ]
INFO: Run Behavior\TokenBuildBehavior [ RunTime:0.000258s ]
INFO: [ view_filter ] --END-- [ RunTime:0.000608s ]
INFO: [ app_end ] --START--
INFO: Run Behavior\ShowPageTraceBehavior [ RunTime:0.000662s ]
INFO: [ app_end ] --END-- [ RunTime:0.000866s ]

[ 2016-01-27T09:21:06+08:00 ] ::1 /Home/Myuser/xzzh/
INFO: [ app_init ] --START--
INFO: Run Behavior\BuildLiteBehavior [ RunTime:0.000019s ]
INFO: [ app_init ] --END-- [ RunTime:0.000272s ]
INFO: [ app_begin ] --START--
INFO: Run Behavior\ReadHtmlCacheBehavior [ RunTime:0.000320s ]
INFO: [ app_begin ] --END-- [ RunTime:0.000417s ]
SQL: SHOW COLUMNS FROM `ot_system` [ RunTime:0.0014s ]
SQL: SELECT * FROM `ot_system` WHERE `SYS_ID` = 1 LIMIT 1   [ RunTime:0.0008s ]
SQL: SHOW COLUMNS FROM `ot_user` [ RunTime:0.0014s ]
SQL: SELECT * FROM `ot_user` WHERE `UE_ID` = 61451 LIMIT 1   [ RunTime:0.0005s ]
SQL: SHOW COLUMNS FROM `ot_tgbz` [ RunTime:0.0007s ]
SQL: SELECT * FROM `ot_tgbz` WHERE `user` = 'admin@qq.com' AND `jb` = '500' AND `showflag` = 1 ORDER BY id DESC LIMIT 1   [ RunTime:0.0004s ]
NOTIC: [8] Undefined variable: str /Library/WebServer/Documents/User/Home/Controller/CommonController.class.php 第 103 行.
SQL: SELECT * FROM `ot_tgbz` WHERE `user` = 'admin@qq.com' AND `jb` = '1000' AND `showflag` = 1 ORDER BY id DESC LIMIT 1   [ RunTime:0.0004s ]
SQL: SELECT * FROM `ot_tgbz` WHERE `user` = 'admin@qq.com' AND `jb` = '1500' AND `showflag` = 1 ORDER BY id DESC LIMIT 1   [ RunTime:0.0004s ]
SQL: SELECT * FROM `ot_tgbz` WHERE `user` = 'admin@qq.com' AND `jb` = '2000' AND `showflag` = 1 ORDER BY id DESC LIMIT 1   [ RunTime:0.0004s ]
SQL: SELECT COUNT(*) AS tp_count FROM `ot_tgbz` WHERE `user_tjr` = 'admin@qq.com' LIMIT 1   [ RunTime:0.0004s ]
SQL: SELECT * FROM `ot_tgbz` WHERE `user_tjr` = 'admin@qq.com' ORDER BY id DESC LIMIT 0,10   [ RunTime:0.0005s ]
SQL: SHOW COLUMNS FROM `ot_jsbz` [ RunTime:0.0007s ]
SQL: SELECT COUNT(*) AS tp_count FROM `ot_jsbz` WHERE `user_tjr` = 'admin@qq.com' LIMIT 1   [ RunTime:0.0003s ]
SQL: SELECT * FROM `ot_jsbz` WHERE `user_tjr` = 'admin@qq.com' ORDER BY id DESC LIMIT 0,100   [ RunTime:0.0003s ]
INFO: [ view_parse ] --START--
INFO: [ template_filter ] --START--
INFO: Run Behavior\ContentReplaceBehavior [ RunTime:0.000092s ]
INFO: [ template_filter ] --END-- [ RunTime:0.000206s ]
NOTIC: [8] Undefined variable: ztrs /Library/WebServer/Documents/User/Runtime/Cache/Home/90eaf8959c76b6ce5cbe92c607759d92.php 第 454 行.
SQL: SELECT * FROM `ot_tgbz` WHERE `id` = 1039 LIMIT 1   [ RunTime:0.0008s ]
NOTIC: [8] Undefined variable: ztrs1 /Library/WebServer/Documents/User/Runtime/Cache/Home/90eaf8959c76b6ce5cbe92c607759d92.php 第 457 行.
SQL: SELECT * FROM `ot_tgbz` WHERE `id` = 1039 LIMIT 1   [ RunTime:0.0005s ]
NOTIC: [8] Use of undefined constant UE_account - assumed 'UE_account' /Library/WebServer/Documents/User/Home/Common/function.php 第 206 行.
SQL: SELECT * FROM `ot_user` WHERE `UE_account` = 'prince001@qq.com' LIMIT 1   [ RunTime:0.0004s ]
NOTIC: [8] Undefined variable: ztrs /Library/WebServer/Documents/User/Runtime/Cache/Home/90eaf8959c76b6ce5cbe92c607759d92.php 第 454 行.
SQL: SELECT * FROM `ot_tgbz` WHERE `id` = 1036 LIMIT 1   [ RunTime:0.0003s ]
NOTIC: [8] Undefined variable: ztrs1 /Library/WebServer/Documents/User/Runtime/Cache/Home/90eaf8959c76b6ce5cbe92c607759d92.php 第 457 行.
SQL: SELECT * FROM `ot_tgbz` WHERE `id` = 1036 LIMIT 1   [ RunTime:0.0005s ]
NOTIC: [8] Use of undefined constant UE_account - assumed 'UE_account' /Library/WebServer/Documents/User/Home/Common/function.php 第 206 行.
SQL: SELECT * FROM `ot_user` WHERE `UE_account` = 'prince001@qq.com' LIMIT 1   [ RunTime:0.0005s ]
NOTIC: [8] Undefined variable: ztrs /Library/WebServer/Documents/User/Runtime/Cache/Home/90eaf8959c76b6ce5cbe92c607759d92.php 第 454 行.
SQL: SELECT * FROM `ot_tgbz` WHERE `id` = 1034 LIMIT 1   [ RunTime:0.0005s ]
NOTIC: [8] Undefined variable: ztrs1 /Library/WebServer/Documents/User/Runtime/Cache/Home/90eaf8959c76b6ce5cbe92c607759d92.php 第 457 行.
SQL: SELECT * FROM `ot_tgbz` WHERE `id` = 1034 LIMIT 1   [ RunTime:0.0004s ]
NOTIC: [8] Use of undefined constant UE_account - assumed 'UE_account' /Library/WebServer/Documents/User/Home/Common/function.php 第 206 行.
SQL: SELECT * FROM `ot_user` WHERE `UE_account` = 'prince001@qq.com' LIMIT 1   [ RunTime:0.0003s ]
NOTIC: [8] Undefined variable: ztrs /Library/WebServer/Documents/User/Runtime/Cache/Home/90eaf8959c76b6ce5cbe92c607759d92.php 第 491 行.
SQL: SELECT * FROM `ot_jsbz` WHERE `id` = 800 LIMIT 1   [ RunTime:0.0003s ]
NOTIC: [8] Undefined variable: ztrs1 /Library/WebServer/Documents/User/Runtime/Cache/Home/90eaf8959c76b6ce5cbe92c607759d92.php 第 493 行.
SQL: SELECT * FROM `ot_jsbz` WHERE `id` = 800 LIMIT 1   [ RunTime:0.0003s ]
NOTIC: [8] Use of undefined constant UE_account - assumed 'UE_account' /Library/WebServer/Documents/User/Home/Common/function.php 第 237 行.
SQL: SELECT * FROM `ot_user` WHERE `UE_account` = '878147015@qq.com' LIMIT 1   [ RunTime:0.0004s ]
INFO: Run Behavior\ParseTemplateBehavior [ RunTime:0.026203s ]
INFO: [ view_parse ] --END-- [ RunTime:0.026285s ]
INFO: [ view_filter ] --START--
INFO: Run Behavior\WriteHtmlCacheBehavior [ RunTime:0.000185s ]
INFO: Run Behavior\TokenBuildBehavior [ RunTime:0.000248s ]
INFO: [ view_filter ] --END-- [ RunTime:0.000548s ]
INFO: [ app_end ] --START--
INFO: Run Behavior\ShowPageTraceBehavior [ RunTime:0.000591s ]
INFO: [ app_end ] --END-- [ RunTime:0.000735s ]

[ 2016-01-27T09:21:09+08:00 ] ::1 /Home/Myuser/
INFO: [ app_init ] --START--
INFO: Run Behavior\BuildLiteBehavior [ RunTime:0.000020s ]
INFO: [ app_init ] --END-- [ RunTime:0.000267s ]
INFO: [ app_begin ] --START--
INFO: Run Behavior\ReadHtmlCacheBehavior [ RunTime:0.000298s ]
INFO: [ app_begin ] --END-- [ RunTime:0.000380s ]
SQL: SHOW COLUMNS FROM `ot_system` [ RunTime:0.0013s ]
SQL: SELECT * FROM `ot_system` WHERE `SYS_ID` = 1 LIMIT 1   [ RunTime:0.0007s ]
SQL: SHOW COLUMNS FROM `ot_user` [ RunTime:0.0014s ]
SQL: SELECT * FROM `ot_user` WHERE `UE_ID` = 61451 LIMIT 1   [ RunTime:0.0007s ]
SQL: SHOW COLUMNS FROM `ot_tgbz` [ RunTime:0.0008s ]
SQL: SELECT * FROM `ot_tgbz` WHERE `user` = 'admin@qq.com' AND `jb` = '500' AND `showflag` = 1 ORDER BY id DESC LIMIT 1   [ RunTime:0.0004s ]
NOTIC: [8] Undefined variable: str /Library/WebServer/Documents/User/Home/Controller/CommonController.class.php 第 103 行.
SQL: SELECT * FROM `ot_tgbz` WHERE `user` = 'admin@qq.com' AND `jb` = '1000' AND `showflag` = 1 ORDER BY id DESC LIMIT 1   [ RunTime:0.0004s ]
SQL: SELECT * FROM `ot_tgbz` WHERE `user` = 'admin@qq.com' AND `jb` = '1500' AND `showflag` = 1 ORDER BY id DESC LIMIT 1   [ RunTime:0.0004s ]
SQL: SELECT * FROM `ot_tgbz` WHERE `user` = 'admin@qq.com' AND `jb` = '2000' AND `showflag` = 1 ORDER BY id DESC LIMIT 1   [ RunTime:0.0005s ]
SQL: SELECT COUNT(*) AS tp_count FROM `ot_user` WHERE `UE_accName` = 'admin@qq.com' LIMIT 1   [ RunTime:0.0004s ]
SQL: SELECT * FROM `ot_user` WHERE `UE_accName` = 'admin@qq.com' ORDER BY UE_ID DESC LIMIT 0,10   [ RunTime:0.0007s ]
SQL: SELECT * FROM `ot_user` WHERE `UE_ID` = 61451 LIMIT 1   [ RunTime:0.0004s ]
INFO: [ view_parse ] --START--
INFO: [ template_filter ] --START--
INFO: Run Behavior\ContentReplaceBehavior [ RunTime:0.000080s ]
INFO: [ template_filter ] --END-- [ RunTime:0.000192s ]
INFO: Run Behavior\ParseTemplateBehavior [ RunTime:0.012054s ]
INFO: [ view_parse ] --END-- [ RunTime:0.012167s ]
INFO: [ view_filter ] --START--
INFO: Run Behavior\WriteHtmlCacheBehavior [ RunTime:0.000196s ]
INFO: Run Behavior\TokenBuildBehavior [ RunTime:0.000304s ]
INFO: [ view_filter ] --END-- [ RunTime:0.000648s ]
INFO: [ app_end ] --START--
INFO: Run Behavior\ShowPageTraceBehavior [ RunTime:0.000630s ]
INFO: [ app_end ] --END-- [ RunTime:0.000794s ]

[ 2016-01-27T09:21:16+08:00 ] ::1 /Home/Myuser/xzzh/
INFO: [ app_init ] --START--
INFO: Run Behavior\BuildLiteBehavior [ RunTime:0.000019s ]
INFO: [ app_init ] --END-- [ RunTime:0.000368s ]
INFO: [ app_begin ] --START--
INFO: Run Behavior\ReadHtmlCacheBehavior [ RunTime:0.000420s ]
INFO: [ app_begin ] --END-- [ RunTime:0.000514s ]
SQL: SHOW COLUMNS FROM `ot_system` [ RunTime:0.0008s ]
SQL: SELECT * FROM `ot_system` WHERE `SYS_ID` = 1 LIMIT 1   [ RunTime:0.0004s ]
SQL: SHOW COLUMNS FROM `ot_user` [ RunTime:0.0008s ]
SQL: SELECT * FROM `ot_user` WHERE `UE_ID` = 61451 LIMIT 1   [ RunTime:0.0005s ]
SQL: SHOW COLUMNS FROM `ot_tgbz` [ RunTime:0.0005s ]
SQL: SELECT * FROM `ot_tgbz` WHERE `user` = 'admin@qq.com' AND `jb` = '500' AND `showflag` = 1 ORDER BY id DESC LIMIT 1   [ RunTime:0.0004s ]
NOTIC: [8] Undefined variable: str /Library/WebServer/Documents/User/Home/Controller/CommonController.class.php 第 103 行.
SQL: SELECT * FROM `ot_tgbz` WHERE `user` = 'admin@qq.com' AND `jb` = '1000' AND `showflag` = 1 ORDER BY id DESC LIMIT 1   [ RunTime:0.0003s ]
SQL: SELECT * FROM `ot_tgbz` WHERE `user` = 'admin@qq.com' AND `jb` = '1500' AND `showflag` = 1 ORDER BY id DESC LIMIT 1   [ RunTime:0.0003s ]
SQL: SELECT * FROM `ot_tgbz` WHERE `user` = 'admin@qq.com' AND `jb` = '2000' AND `showflag` = 1 ORDER BY id DESC LIMIT 1   [ RunTime:0.0004s ]
SQL: SELECT COUNT(*) AS tp_count FROM `ot_tgbz` WHERE `user_tjr` = 'admin@qq.com' LIMIT 1   [ RunTime:0.0004s ]
SQL: SELECT * FROM `ot_tgbz` WHERE `user_tjr` = 'admin@qq.com' ORDER BY id DESC LIMIT 0,10   [ RunTime:0.0006s ]
SQL: SHOW COLUMNS FROM `ot_jsbz` [ RunTime:0.0006s ]
SQL: SELECT COUNT(*) AS tp_count FROM `ot_jsbz` WHERE `user_tjr` = 'admin@qq.com' LIMIT 1   [ RunTime:0.0003s ]
SQL: SELECT * FROM `ot_jsbz` WHERE `user_tjr` = 'admin@qq.com' ORDER BY id DESC LIMIT 0,100   [ RunTime:0.0003s ]
INFO: [ view_parse ] --START--
INFO: [ template_filter ] --START--
INFO: Run Behavior\ContentReplaceBehavior [ RunTime:0.000295s ]
INFO: [ template_filter ] --END-- [ RunTime:0.000558s ]
NOTIC: [8] Undefined variable: ztrs /Library/WebServer/Documents/User/Runtime/Cache/Home/90eaf8959c76b6ce5cbe92c607759d92.php 第 454 行.
SQL: SELECT * FROM `ot_tgbz` WHERE `id` = 1039 LIMIT 1   [ RunTime:0.0004s ]
NOTIC: [8] Undefined variable: ztrs1 /Library/WebServer/Documents/User/Runtime/Cache/Home/90eaf8959c76b6ce5cbe92c607759d92.php 第 457 行.
SQL: SELECT * FROM `ot_tgbz` WHERE `id` = 1039 LIMIT 1   [ RunTime:0.0003s ]
NOTIC: [8] Use of undefined constant UE_account - assumed 'UE_account' /Library/WebServer/Documents/User/Home/Common/function.php 第 206 行.
SQL: SELECT * FROM `ot_user` WHERE `UE_account` = 'prince001@qq.com' LIMIT 1   [ RunTime:0.0005s ]
NOTIC: [8] Undefined variable: ztrs /Library/WebServer/Documents/User/Runtime/Cache/Home/90eaf8959c76b6ce5cbe92c607759d92.php 第 454 行.
SQL: SELECT * FROM `ot_tgbz` WHERE `id` = 1036 LIMIT 1   [ RunTime:0.0003s ]
NOTIC: [8] Undefined variable: ztrs1 /Library/WebServer/Documents/User/Runtime/Cache/Home/90eaf8959c76b6ce5cbe92c607759d92.php 第 457 行.
SQL: SELECT * FROM `ot_tgbz` WHERE `id` = 1036 LIMIT 1   [ RunTime:0.0003s ]
NOTIC: [8] Use of undefined constant UE_account - assumed 'UE_account' /Library/WebServer/Documents/User/Home/Common/function.php 第 206 行.
SQL: SELECT * FROM `ot_user` WHERE `UE_account` = 'prince001@qq.com' LIMIT 1   [ RunTime:0.0003s ]
NOTIC: [8] Undefined variable: ztrs /Library/WebServer/Documents/User/Runtime/Cache/Home/90eaf8959c76b6ce5cbe92c607759d92.php 第 454 行.
SQL: SELECT * FROM `ot_tgbz` WHERE `id` = 1034 LIMIT 1   [ RunTime:0.0003s ]
NOTIC: [8] Undefined variable: ztrs1 /Library/WebServer/Documents/User/Runtime/Cache/Home/90eaf8959c76b6ce5cbe92c607759d92.php 第 457 行.
SQL: SELECT * FROM `ot_tgbz` WHERE `id` = 1034 LIMIT 1   [ RunTime:0.0003s ]
NOTIC: [8] Use of undefined constant UE_account - assumed 'UE_account' /Library/WebServer/Documents/User/Home/Common/function.php 第 206 行.
SQL: SELECT * FROM `ot_user` WHERE `UE_account` = 'prince001@qq.com' LIMIT 1   [ RunTime:0.0004s ]
NOTIC: [8] Undefined variable: ztrs /Library/WebServer/Documents/User/Runtime/Cache/Home/90eaf8959c76b6ce5cbe92c607759d92.php 第 491 行.
SQL: SELECT * FROM `ot_jsbz` WHERE `id` = 800 LIMIT 1   [ RunTime:0.0003s ]
NOTIC: [8] Undefined variable: ztrs1 /Library/WebServer/Documents/User/Runtime/Cache/Home/90eaf8959c76b6ce5cbe92c607759d92.php 第 493 行.
SQL: SELECT * FROM `ot_jsbz` WHERE `id` = 800 LIMIT 1   [ RunTime:0.0003s ]
NOTIC: [8] Use of undefined constant UE_account - assumed 'UE_account' /Library/WebServer/Documents/User/Home/Common/function.php 第 237 行.
SQL: SELECT * FROM `ot_user` WHERE `UE_account` = '878147015@qq.com' LIMIT 1   [ RunTime:0.0005s ]
INFO: Run Behavior\ParseTemplateBehavior [ RunTime:0.028687s ]
INFO: [ view_parse ] --END-- [ RunTime:0.028790s ]
INFO: [ view_filter ] --START--
INFO: Run Behavior\WriteHtmlCacheBehavior [ RunTime:0.000242s ]
INFO: Run Behavior\TokenBuildBehavior [ RunTime:0.000476s ]
INFO: [ view_filter ] --END-- [ RunTime:0.000910s ]
INFO: [ app_end ] --START--
INFO: Run Behavior\ShowPageTraceBehavior [ RunTime:0.000710s ]
INFO: [ app_end ] --END-- [ RunTime:0.000878s ]

[ 2016-01-27T09:21:41+08:00 ] ::1 /Home/Myuser/xzzh/
INFO: [ app_init ] --START--
INFO: Run Behavior\BuildLiteBehavior [ RunTime:0.000022s ]
INFO: [ app_init ] --END-- [ RunTime:0.000303s ]
INFO: [ app_begin ] --START--
INFO: Run Behavior\ReadHtmlCacheBehavior [ RunTime:0.000306s ]
INFO: [ app_begin ] --END-- [ RunTime:0.000390s ]
SQL: SHOW COLUMNS FROM `ot_system` [ RunTime:0.0007s ]
SQL: SELECT * FROM `ot_system` WHERE `SYS_ID` = 1 LIMIT 1   [ RunTime:0.0005s ]
SQL: SHOW COLUMNS FROM `ot_user` [ RunTime:0.0009s ]
SQL: SELECT * FROM `ot_user` WHERE `UE_ID` = 61451 LIMIT 1   [ RunTime:0.0004s ]
SQL: SHOW COLUMNS FROM `ot_tgbz` [ RunTime:0.0007s ]
SQL: SELECT * FROM `ot_tgbz` WHERE `user` = 'admin@qq.com' AND `jb` = '500' AND `showflag` = 1 ORDER BY id DESC LIMIT 1   [ RunTime:0.0005s ]
NOTIC: [8] Undefined variable: str /Library/WebServer/Documents/User/Home/Controller/CommonController.class.php 第 103 行.
SQL: SELECT * FROM `ot_tgbz` WHERE `user` = 'admin@qq.com' AND `jb` = '1000' AND `showflag` = 1 ORDER BY id DESC LIMIT 1   [ RunTime:0.0003s ]
SQL: SELECT * FROM `ot_tgbz` WHERE `user` = 'admin@qq.com' AND `jb` = '1500' AND `showflag` = 1 ORDER BY id DESC LIMIT 1   [ RunTime:0.0003s ]
SQL: SELECT * FROM `ot_tgbz` WHERE `user` = 'admin@qq.com' AND `jb` = '2000' AND `showflag` = 1 ORDER BY id DESC LIMIT 1   [ RunTime:0.0003s ]
SQL: SELECT COUNT(*) AS tp_count FROM `ot_tgbz` WHERE `user_tjr` = 'admin@qq.com' LIMIT 1   [ RunTime:0.0002s ]
SQL: SELECT * FROM `ot_tgbz` WHERE `user_tjr` = 'admin@qq.com' ORDER BY id DESC LIMIT 0,10   [ RunTime:0.0004s ]
SQL: SHOW COLUMNS FROM `ot_jsbz` [ RunTime:0.0005s ]
SQL: SELECT COUNT(*) AS tp_count FROM `ot_jsbz` WHERE `user_tjr` = 'admin@qq.com' LIMIT 1   [ RunTime:0.0003s ]
SQL: SELECT * FROM `ot_jsbz` WHERE `user_tjr` = 'admin@qq.com' ORDER BY id DESC LIMIT 0,100   [ RunTime:0.0004s ]
INFO: [ view_parse ] --START--
INFO: [ template_filter ] --START--
INFO: Run Behavior\ContentReplaceBehavior [ RunTime:0.000161s ]
INFO: [ template_filter ] --END-- [ RunTime:0.000389s ]
NOTIC: [8] Undefined variable: ztrs /Library/WebServer/Documents/User/Runtime/Cache/Home/90eaf8959c76b6ce5cbe92c607759d92.php 第 457 行.
SQL: SELECT * FROM `ot_tgbz` WHERE `id` = 1039 LIMIT 1   [ RunTime:0.0004s ]
NOTIC: [8] Undefined variable: ztrs1 /Library/WebServer/Documents/User/Runtime/Cache/Home/90eaf8959c76b6ce5cbe92c607759d92.php 第 460 行.
SQL: SELECT * FROM `ot_tgbz` WHERE `id` = 1039 LIMIT 1   [ RunTime:0.0003s ]
NOTIC: [8] Use of undefined constant UE_account - assumed 'UE_account' /Library/WebServer/Documents/User/Home/Common/function.php 第 206 行.
SQL: SELECT * FROM `ot_user` WHERE `UE_account` = 'prince001@qq.com' LIMIT 1   [ RunTime:0.0003s ]
NOTIC: [8] Undefined variable: ztrs /Library/WebServer/Documents/User/Runtime/Cache/Home/90eaf8959c76b6ce5cbe92c607759d92.php 第 457 行.
SQL: SELECT * FROM `ot_tgbz` WHERE `id` = 1036 LIMIT 1   [ RunTime:0.0003s ]
NOTIC: [8] Undefined variable: ztrs1 /Library/WebServer/Documents/User/Runtime/Cache/Home/90eaf8959c76b6ce5cbe92c607759d92.php 第 460 行.
SQL: SELECT * FROM `ot_tgbz` WHERE `id` = 1036 LIMIT 1   [ RunTime:0.0003s ]
NOTIC: [8] Use of undefined constant UE_account - assumed 'UE_account' /Library/WebServer/Documents/User/Home/Common/function.php 第 206 行.
SQL: SELECT * FROM `ot_user` WHERE `UE_account` = 'prince001@qq.com' LIMIT 1   [ RunTime:0.0003s ]
NOTIC: [8] Undefined variable: ztrs /Library/WebServer/Documents/User/Runtime/Cache/Home/90eaf8959c76b6ce5cbe92c607759d92.php 第 457 行.
SQL: SELECT * FROM `ot_tgbz` WHERE `id` = 1034 LIMIT 1   [ RunTime:0.0002s ]
NOTIC: [8] Undefined variable: ztrs1 /Library/WebServer/Documents/User/Runtime/Cache/Home/90eaf8959c76b6ce5cbe92c607759d92.php 第 460 行.
SQL: SELECT * FROM `ot_tgbz` WHERE `id` = 1034 LIMIT 1   [ RunTime:0.0003s ]
NOTIC: [8] Use of undefined constant UE_account - assumed 'UE_account' /Library/WebServer/Documents/User/Home/Common/function.php 第 206 行.
SQL: SELECT * FROM `ot_user` WHERE `UE_account` = 'prince001@qq.com' LIMIT 1   [ RunTime:0.0003s ]
NOTIC: [8] Undefined variable: ztrs /Library/WebServer/Documents/User/Runtime/Cache/Home/90eaf8959c76b6ce5cbe92c607759d92.php 第 494 行.
SQL: SELECT * FROM `ot_jsbz` WHERE `id` = 800 LIMIT 1   [ RunTime:0.0004s ]
NOTIC: [8] Undefined variable: ztrs1 /Library/WebServer/Documents/User/Runtime/Cache/Home/90eaf8959c76b6ce5cbe92c607759d92.php 第 496 行.
SQL: SELECT * FROM `ot_jsbz` WHERE `id` = 800 LIMIT 1   [ RunTime:0.0003s ]
NOTIC: [8] Use of undefined constant UE_account - assumed 'UE_account' /Library/WebServer/Documents/User/Home/Common/function.php 第 237 行.
SQL: SELECT * FROM `ot_user` WHERE `UE_account` = '878147015@qq.com' LIMIT 1   [ RunTime:0.0006s ]
INFO: Run Behavior\ParseTemplateBehavior [ RunTime:0.026302s ]
INFO: [ view_parse ] --END-- [ RunTime:0.026397s ]
INFO: [ view_filter ] --START--
INFO: Run Behavior\WriteHtmlCacheBehavior [ RunTime:0.000241s ]
INFO: Run Behavior\TokenBuildBehavior [ RunTime:0.000416s ]
INFO: [ view_filter ] --END-- [ RunTime:0.000799s ]
INFO: [ app_end ] --START--
INFO: Run Behavior\ShowPageTraceBehavior [ RunTime:0.000790s ]
INFO: [ app_end ] --END-- [ RunTime:0.000985s ]

[ 2016-01-27T09:21:44+08:00 ] ::1 /Home/RegHub/censor
INFO: [ app_init ] --START--
INFO: Run Behavior\BuildLiteBehavior [ RunTime:0.000024s ]
INFO: [ app_init ] --END-- [ RunTime:0.000332s ]
INFO: [ app_begin ] --START--
INFO: Run Behavior\ReadHtmlCacheBehavior [ RunTime:0.000606s ]
INFO: [ app_begin ] --END-- [ RunTime:0.000774s ]
SQL: SHOW COLUMNS FROM `ot_system` [ RunTime:0.0011s ]
SQL: SELECT * FROM `ot_system` WHERE `SYS_ID` = 1 LIMIT 1   [ RunTime:0.0005s ]
SQL: SHOW COLUMNS FROM `ot_user` [ RunTime:0.0010s ]
SQL: SELECT * FROM `ot_user` WHERE `UE_ID` = 61451 LIMIT 1   [ RunTime:0.0005s ]
SQL: SHOW COLUMNS FROM `ot_tgbz` [ RunTime:0.0006s ]
SQL: SELECT * FROM `ot_tgbz` WHERE `user` = 'admin@qq.com' AND `jb` = '500' AND `showflag` = 1 ORDER BY id DESC LIMIT 1   [ RunTime:0.0005s ]
NOTIC: [8] Undefined variable: str /Library/WebServer/Documents/User/Home/Controller/CommonController.class.php 第 103 行.
SQL: SELECT * FROM `ot_tgbz` WHERE `user` = 'admin@qq.com' AND `jb` = '1000' AND `showflag` = 1 ORDER BY id DESC LIMIT 1   [ RunTime:0.0004s ]
SQL: SELECT * FROM `ot_tgbz` WHERE `user` = 'admin@qq.com' AND `jb` = '1500' AND `showflag` = 1 ORDER BY id DESC LIMIT 1   [ RunTime:0.0003s ]
SQL: SELECT * FROM `ot_tgbz` WHERE `user` = 'admin@qq.com' AND `jb` = '2000' AND `showflag` = 1 ORDER BY id DESC LIMIT 1   [ RunTime:0.0004s ]
SQL: SELECT * FROM `ot_user` LEFT JOIN ot_pin ON ot_pin.sy_user=ot_user.UE_account  WHERE ot_user.zcr = 'admin@qq.com' ORDER BY ot_user.UE_status desc  [ RunTime:0.0012s ]
SQL: SELECT * FROM `ot_user` WHERE `UE_ID` = 61451 LIMIT 1   [ RunTime:0.0004s ]
INFO: [ view_parse ] --START--
INFO: [ template_filter ] --START--
INFO: Run Behavior\ContentReplaceBehavior [ RunTime:0.000079s ]
INFO: [ template_filter ] --END-- [ RunTime:0.000172s ]
NOTIC: [8] Undefined variable: page1 /Library/WebServer/Documents/User/Runtime/Cache/Home/2905b4bb20d91a26e64cda528ef12c2f.php 第 562 行.
INFO: Run Behavior\ParseTemplateBehavior [ RunTime:0.016361s ]
INFO: [ view_parse ] --END-- [ RunTime:0.016441s ]
INFO: [ view_filter ] --START--
INFO: Run Behavior\WriteHtmlCacheBehavior [ RunTime:0.000142s ]
INFO: Run Behavior\TokenBuildBehavior [ RunTime:0.000201s ]
INFO: [ view_filter ] --END-- [ RunTime:0.000453s ]
INFO: [ app_end ] --START--
INFO: Run Behavior\ShowPageTraceBehavior [ RunTime:0.000542s ]
INFO: [ app_end ] --END-- [ RunTime:0.000693s ]

[ 2016-01-27T09:21:54+08:00 ] ::1 /Home/Myuser/
INFO: [ app_init ] --START--
INFO: Run Behavior\BuildLiteBehavior [ RunTime:0.000020s ]
INFO: [ app_init ] --END-- [ RunTime:0.000388s ]
INFO: [ app_begin ] --START--
INFO: Run Behavior\ReadHtmlCacheBehavior [ RunTime:0.000353s ]
INFO: [ app_begin ] --END-- [ RunTime:0.000433s ]
SQL: SHOW COLUMNS FROM `ot_system` [ RunTime:0.0007s ]
SQL: SELECT * FROM `ot_system` WHERE `SYS_ID` = 1 LIMIT 1   [ RunTime:0.0005s ]
SQL: SHOW COLUMNS FROM `ot_user` [ RunTime:0.0009s ]
SQL: SELECT * FROM `ot_user` WHERE `UE_ID` = 61451 LIMIT 1   [ RunTime:0.0005s ]
SQL: SHOW COLUMNS FROM `ot_tgbz` [ RunTime:0.0005s ]
SQL: SELECT * FROM `ot_tgbz` WHERE `user` = 'admin@qq.com' AND `jb` = '500' AND `showflag` = 1 ORDER BY id DESC LIMIT 1   [ RunTime:0.0004s ]
NOTIC: [8] Undefined variable: str /Library/WebServer/Documents/User/Home/Controller/CommonController.class.php 第 103 行.
SQL: SELECT * FROM `ot_tgbz` WHERE `user` = 'admin@qq.com' AND `jb` = '1000' AND `showflag` = 1 ORDER BY id DESC LIMIT 1   [ RunTime:0.0004s ]
SQL: SELECT * FROM `ot_tgbz` WHERE `user` = 'admin@qq.com' AND `jb` = '1500' AND `showflag` = 1 ORDER BY id DESC LIMIT 1   [ RunTime:0.0004s ]
SQL: SELECT * FROM `ot_tgbz` WHERE `user` = 'admin@qq.com' AND `jb` = '2000' AND `showflag` = 1 ORDER BY id DESC LIMIT 1   [ RunTime:0.0004s ]
SQL: SELECT COUNT(*) AS tp_count FROM `ot_user` WHERE `UE_accName` = 'admin@qq.com' LIMIT 1   [ RunTime:0.0003s ]
SQL: SELECT * FROM `ot_user` WHERE `UE_accName` = 'admin@qq.com' ORDER BY UE_ID DESC LIMIT 0,10   [ RunTime:0.0004s ]
SQL: SELECT * FROM `ot_user` WHERE `UE_ID` = 61451 LIMIT 1   [ RunTime:0.0004s ]
INFO: [ view_parse ] --START--
INFO: [ template_filter ] --START--
INFO: Run Behavior\ContentReplaceBehavior [ RunTime:0.000086s ]
INFO: [ template_filter ] --END-- [ RunTime:0.000194s ]
INFO: Run Behavior\ParseTemplateBehavior [ RunTime:0.012273s ]
INFO: [ view_parse ] --END-- [ RunTime:0.012372s ]
INFO: [ view_filter ] --START--
INFO: Run Behavior\WriteHtmlCacheBehavior [ RunTime:0.000164s ]
INFO: Run Behavior\TokenBuildBehavior [ RunTime:0.000222s ]
INFO: [ view_filter ] --END-- [ RunTime:0.000512s ]
INFO: [ app_end ] --START--
INFO: Run Behavior\ShowPageTraceBehavior [ RunTime:0.000608s ]
INFO: [ app_end ] --END-- [ RunTime:0.000785s ]

[ 2016-01-27T09:22:00+08:00 ] ::1 /Home/RegHub/censor
INFO: [ app_init ] --START--
INFO: Run Behavior\BuildLiteBehavior [ RunTime:0.000017s ]
INFO: [ app_init ] --END-- [ RunTime:0.000264s ]
INFO: [ app_begin ] --START--
INFO: Run Behavior\ReadHtmlCacheBehavior [ RunTime:0.000376s ]
INFO: [ app_begin ] --END-- [ RunTime:0.000463s ]
SQL: SHOW COLUMNS FROM `ot_system` [ RunTime:0.0009s ]
SQL: SELECT * FROM `ot_system` WHERE `SYS_ID` = 1 LIMIT 1   [ RunTime:0.0005s ]
SQL: SHOW COLUMNS FROM `ot_user` [ RunTime:0.0009s ]
SQL: SELECT * FROM `ot_user` WHERE `UE_ID` = 61451 LIMIT 1   [ RunTime:0.0004s ]
SQL: SHOW COLUMNS FROM `ot_tgbz` [ RunTime:0.0006s ]
SQL: SELECT * FROM `ot_tgbz` WHERE `user` = 'admin@qq.com' AND `jb` = '500' AND `showflag` = 1 ORDER BY id DESC LIMIT 1   [ RunTime:0.0004s ]
NOTIC: [8] Undefined variable: str /Library/WebServer/Documents/User/Home/Controller/CommonController.class.php 第 103 行.
SQL: SELECT * FROM `ot_tgbz` WHERE `user` = 'admin@qq.com' AND `jb` = '1000' AND `showflag` = 1 ORDER BY id DESC LIMIT 1   [ RunTime:0.0003s ]
SQL: SELECT * FROM `ot_tgbz` WHERE `user` = 'admin@qq.com' AND `jb` = '1500' AND `showflag` = 1 ORDER BY id DESC LIMIT 1   [ RunTime:0.0003s ]
SQL: SELECT * FROM `ot_tgbz` WHERE `user` = 'admin@qq.com' AND `jb` = '2000' AND `showflag` = 1 ORDER BY id DESC LIMIT 1   [ RunTime:0.0003s ]
SQL: SELECT * FROM `ot_user` LEFT JOIN ot_pin ON ot_pin.sy_user=ot_user.UE_account  WHERE ot_user.zcr = 'admin@qq.com' ORDER BY ot_user.UE_status desc  [ RunTime:0.0010s ]
SQL: SELECT * FROM `ot_user` WHERE `UE_ID` = 61451 LIMIT 1   [ RunTime:0.0004s ]
INFO: [ view_parse ] --START--
INFO: [ template_filter ] --START--
INFO: Run Behavior\ContentReplaceBehavior [ RunTime:0.000111s ]
INFO: [ template_filter ] --END-- [ RunTime:0.000242s ]
NOTIC: [8] Undefined variable: page1 /Library/WebServer/Documents/User/Runtime/Cache/Home/2905b4bb20d91a26e64cda528ef12c2f.php 第 562 行.
INFO: Run Behavior\ParseTemplateBehavior [ RunTime:0.020459s ]
INFO: [ view_parse ] --END-- [ RunTime:0.020558s ]
INFO: [ view_filter ] --START--
INFO: Run Behavior\WriteHtmlCacheBehavior [ RunTime:0.000216s ]
INFO: Run Behavior\TokenBuildBehavior [ RunTime:0.000288s ]
INFO: [ view_filter ] --END-- [ RunTime:0.000659s ]
INFO: [ app_end ] --START--
INFO: Run Behavior\ShowPageTraceBehavior [ RunTime:0.000670s ]
INFO: [ app_end ] --END-- [ RunTime:0.000820s ]

[ 2016-01-27T09:22:32+08:00 ] ::1 /Home/RegHub/censor
INFO: [ app_init ] --START--
INFO: Run Behavior\BuildLiteBehavior [ RunTime:0.000018s ]
INFO: [ app_init ] --END-- [ RunTime:0.000268s ]
INFO: [ app_begin ] --START--
INFO: Run Behavior\ReadHtmlCacheBehavior [ RunTime:0.000496s ]
INFO: [ app_begin ] --END-- [ RunTime:0.000674s ]
SQL: SHOW COLUMNS FROM `ot_system` [ RunTime:0.0010s ]
SQL: SELECT * FROM `ot_system` WHERE `SYS_ID` = 1 LIMIT 1   [ RunTime:0.0005s ]
SQL: SHOW COLUMNS FROM `ot_user` [ RunTime:0.0010s ]
SQL: SELECT * FROM `ot_user` WHERE `UE_ID` = 61451 LIMIT 1   [ RunTime:0.0006s ]
SQL: SHOW COLUMNS FROM `ot_tgbz` [ RunTime:0.0007s ]
SQL: SELECT * FROM `ot_tgbz` WHERE `user` = 'admin@qq.com' AND `jb` = '500' AND `showflag` = 1 ORDER BY id DESC LIMIT 1   [ RunTime:0.0004s ]
NOTIC: [8] Undefined variable: str /Library/WebServer/Documents/User/Home/Controller/CommonController.class.php 第 103 行.
SQL: SELECT * FROM `ot_tgbz` WHERE `user` = 'admin@qq.com' AND `jb` = '1000' AND `showflag` = 1 ORDER BY id DESC LIMIT 1   [ RunTime:0.0003s ]
SQL: SELECT * FROM `ot_tgbz` WHERE `user` = 'admin@qq.com' AND `jb` = '1500' AND `showflag` = 1 ORDER BY id DESC LIMIT 1   [ RunTime:0.0003s ]
SQL: SELECT * FROM `ot_tgbz` WHERE `user` = 'admin@qq.com' AND `jb` = '2000' AND `showflag` = 1 ORDER BY id DESC LIMIT 1   [ RunTime:0.0003s ]
SQL: SELECT * FROM `ot_user` LEFT JOIN ot_pin ON ot_pin.sy_user=ot_user.UE_account  WHERE ot_user.zcr = 'admin@qq.com' ORDER BY ot_user.UE_status desc  [ RunTime:0.0016s ]
SQL: SELECT * FROM `ot_user` WHERE `UE_ID` = 61451 LIMIT 1   [ RunTime:0.0006s ]
INFO: [ view_parse ] --START--
INFO: [ template_filter ] --START--
INFO: Run Behavior\ContentReplaceBehavior [ RunTime:0.000243s ]
INFO: [ template_filter ] --END-- [ RunTime:0.000444s ]
NOTIC: [8] Undefined variable: page1 /Library/WebServer/Documents/User/Runtime/Cache/Home/2905b4bb20d91a26e64cda528ef12c2f.php 第 562 行.
INFO: Run Behavior\ParseTemplateBehavior [ RunTime:0.020795s ]
INFO: [ view_parse ] --END-- [ RunTime:0.020923s ]
INFO: [ view_filter ] --START--
INFO: Run Behavior\WriteHtmlCacheBehavior [ RunTime:0.000222s ]
INFO: Run Behavior\TokenBuildBehavior [ RunTime:0.000315s ]
INFO: [ view_filter ] --END-- [ RunTime:0.000687s ]
INFO: [ app_end ] --START--
INFO: Run Behavior\ShowPageTraceBehavior [ RunTime:0.000602s ]
INFO: [ app_end ] --END-- [ RunTime:0.000749s ]

[ 2016-01-27T09:22:39+08:00 ] ::1 /Home/RegHub/censor
INFO: [ app_init ] --START--
INFO: Run Behavior\BuildLiteBehavior [ RunTime:0.000018s ]
INFO: [ app_init ] --END-- [ RunTime:0.000269s ]
INFO: [ app_begin ] --START--
INFO: Run Behavior\ReadHtmlCacheBehavior [ RunTime:0.000320s ]
INFO: [ app_begin ] --END-- [ RunTime:0.000409s ]
SQL: SHOW COLUMNS FROM `ot_system` [ RunTime:0.0007s ]
SQL: SELECT * FROM `ot_system` WHERE `SYS_ID` = 1 LIMIT 1   [ RunTime:0.0005s ]
SQL: SHOW COLUMNS FROM `ot_user` [ RunTime:0.0007s ]
SQL: SELECT * FROM `ot_user` WHERE `UE_ID` = 61451 LIMIT 1   [ RunTime:0.0004s ]
SQL: SHOW COLUMNS FROM `ot_tgbz` [ RunTime:0.0004s ]
SQL: SELECT * FROM `ot_tgbz` WHERE `user` = 'admin@qq.com' AND `jb` = '500' AND `showflag` = 1 ORDER BY id DESC LIMIT 1   [ RunTime:0.0004s ]
NOTIC: [8] Undefined variable: str /Library/WebServer/Documents/User/Home/Controller/CommonController.class.php 第 103 行.
SQL: SELECT * FROM `ot_tgbz` WHERE `user` = 'admin@qq.com' AND `jb` = '1000' AND `showflag` = 1 ORDER BY id DESC LIMIT 1   [ RunTime:0.0004s ]
SQL: SELECT * FROM `ot_tgbz` WHERE `user` = 'admin@qq.com' AND `jb` = '1500' AND `showflag` = 1 ORDER BY id DESC LIMIT 1   [ RunTime:0.0004s ]
SQL: SELECT * FROM `ot_tgbz` WHERE `user` = 'admin@qq.com' AND `jb` = '2000' AND `showflag` = 1 ORDER BY id DESC LIMIT 1   [ RunTime:0.0004s ]
SQL: SELECT * FROM `ot_user` LEFT JOIN ot_pin ON ot_pin.sy_user=ot_user.UE_account  WHERE ot_user.zcr = 'admin@qq.com' ORDER BY ot_user.UE_status desc  [ RunTime:0.0020s ]
SQL: SELECT * FROM `ot_user` WHERE `UE_ID` = 61451 LIMIT 1   [ RunTime:0.0006s ]
INFO: [ view_parse ] --START--
INFO: [ template_filter ] --START--
INFO: Run Behavior\ContentReplaceBehavior [ RunTime:0.000088s ]
INFO: [ template_filter ] --END-- [ RunTime:0.000193s ]
NOTIC: [8] Undefined variable: page1 /Library/WebServer/Documents/User/Runtime/Cache/Home/2905b4bb20d91a26e64cda528ef12c2f.php 第 562 行.
INFO: Run Behavior\ParseTemplateBehavior [ RunTime:0.013819s ]
INFO: [ view_parse ] --END-- [ RunTime:0.013906s ]
INFO: [ view_filter ] --START--
INFO: Run Behavior\WriteHtmlCacheBehavior [ RunTime:0.000138s ]
INFO: Run Behavior\TokenBuildBehavior [ RunTime:0.000347s ]
INFO: [ view_filter ] --END-- [ RunTime:0.000610s ]
INFO: [ app_end ] --START--
INFO: Run Behavior\ShowPageTraceBehavior [ RunTime:0.000629s ]
INFO: [ app_end ] --END-- [ RunTime:0.000782s ]

[ 2016-01-27T15:58:44+08:00 ] ::1 /
INFO: [ app_init ] --START--
INFO: Run Behavior\BuildLiteBehavior [ RunTime:0.000137s ]
INFO: [ app_init ] --END-- [ RunTime:0.004196s ]
INFO: [ app_begin ] --START--
INFO: Run Behavior\ReadHtmlCacheBehavior [ RunTime:0.001396s ]
INFO: [ app_begin ] --END-- [ RunTime:0.001686s ]
SQL: SHOW COLUMNS FROM `ot_system` [ RunTime:0.0680s ]
SQL: SELECT * FROM `ot_system` WHERE `SYS_ID` = 1 LIMIT 1   [ RunTime:0.0077s ]
SQL: SHOW COLUMNS FROM `ot_user` [ RunTime:0.0110s ]
SQL: SELECT * FROM `ot_user` WHERE `UE_ID` = 61451 LIMIT 1   [ RunTime:0.0026s ]
SQL: SHOW COLUMNS FROM `ot_tgbz` [ RunTime:0.0012s ]
SQL: SELECT * FROM `ot_tgbz` WHERE `user` = 'admin@qq.com' AND `jb` = '500' AND `showflag` = 1 ORDER BY id DESC LIMIT 1   [ RunTime:0.0009s ]
NOTIC: [8] Undefined variable: str /Library/WebServer/Documents/User/Home/Controller/CommonController.class.php 第 103 行.
SQL: SELECT * FROM `ot_tgbz` WHERE `user` = 'admin@qq.com' AND `jb` = '1000' AND `showflag` = 1 ORDER BY id DESC LIMIT 1   [ RunTime:0.0004s ]
SQL: SELECT * FROM `ot_tgbz` WHERE `user` = 'admin@qq.com' AND `jb` = '1500' AND `showflag` = 1 ORDER BY id DESC LIMIT 1   [ RunTime:0.0004s ]
SQL: SELECT * FROM `ot_tgbz` WHERE `user` = 'admin@qq.com' AND `jb` = '2000' AND `showflag` = 1 ORDER BY id DESC LIMIT 1   [ RunTime:0.0003s ]

[ 2016-01-27T15:58:44+08:00 ] ::1 /
INFO: [ app_init ] --START--
INFO: Run Behavior\BuildLiteBehavior [ RunTime:0.000084s ]
INFO: [ app_init ] --END-- [ RunTime:0.000845s ]
INFO: [ app_begin ] --START--
INFO: Run Behavior\ReadHtmlCacheBehavior [ RunTime:0.000722s ]
INFO: [ app_begin ] --END-- [ RunTime:0.001033s ]
SQL: SHOW COLUMNS FROM `ot_system` [ RunTime:0.0013s ]
SQL: SELECT * FROM `ot_system` WHERE `SYS_ID` = 1 LIMIT 1   [ RunTime:0.0005s ]
SQL: SHOW COLUMNS FROM `ot_user` [ RunTime:0.0011s ]
SQL: SELECT * FROM `ot_user` WHERE `UE_ID` = 61451 LIMIT 1   [ RunTime:0.0005s ]
SQL: SHOW COLUMNS FROM `ot_tgbz` [ RunTime:0.0007s ]
SQL: SELECT * FROM `ot_tgbz` WHERE `user` = 'admin@qq.com' AND `jb` = '500' AND `showflag` = 1 ORDER BY id DESC LIMIT 1   [ RunTime:0.0005s ]
NOTIC: [8] Undefined variable: str /Library/WebServer/Documents/User/Home/Controller/CommonController.class.php 第 103 行.
SQL: SELECT * FROM `ot_tgbz` WHERE `user` = 'admin@qq.com' AND `jb` = '1000' AND `showflag` = 1 ORDER BY id DESC LIMIT 1   [ RunTime:0.0005s ]
SQL: SELECT * FROM `ot_tgbz` WHERE `user` = 'admin@qq.com' AND `jb` = '1500' AND `showflag` = 1 ORDER BY id DESC LIMIT 1   [ RunTime:0.0005s ]
SQL: SELECT * FROM `ot_tgbz` WHERE `user` = 'admin@qq.com' AND `jb` = '2000' AND `showflag` = 1 ORDER BY id DESC LIMIT 1   [ RunTime:0.0006s ]

[ 2016-01-27T15:58:44+08:00 ] ::1 /Home/Index/home.html
INFO: [ app_init ] --START--
INFO: Run Behavior\BuildLiteBehavior [ RunTime:0.000023s ]
INFO: [ app_init ] --END-- [ RunTime:0.000336s ]
INFO: [ app_begin ] --START--
INFO: Run Behavior\ReadHtmlCacheBehavior [ RunTime:0.000399s ]
INFO: [ app_begin ] --END-- [ RunTime:0.000517s ]
SQL: SHOW COLUMNS FROM `ot_system` [ RunTime:0.0010s ]
SQL: SELECT * FROM `ot_system` WHERE `SYS_ID` = 1 LIMIT 1   [ RunTime:0.0005s ]
SQL: SHOW COLUMNS FROM `ot_user` [ RunTime:0.0010s ]
SQL: SELECT * FROM `ot_user` WHERE `UE_ID` = 61451 LIMIT 1   [ RunTime:0.0007s ]
SQL: SHOW COLUMNS FROM `ot_tgbz` [ RunTime:0.0008s ]
SQL: SELECT * FROM `ot_tgbz` WHERE `user` = 'admin@qq.com' AND `jb` = '500' AND `showflag` = 1 ORDER BY id DESC LIMIT 1   [ RunTime:0.0004s ]
NOTIC: [8] Undefined variable: str /Library/WebServer/Documents/User/Home/Controller/CommonController.class.php 第 103 行.
SQL: SELECT * FROM `ot_tgbz` WHERE `user` = 'admin@qq.com' AND `jb` = '1000' AND `showflag` = 1 ORDER BY id DESC LIMIT 1   [ RunTime:0.0004s ]
SQL: SELECT * FROM `ot_tgbz` WHERE `user` = 'admin@qq.com' AND `jb` = '1500' AND `showflag` = 1 ORDER BY id DESC LIMIT 1   [ RunTime:0.0003s ]
SQL: SELECT * FROM `ot_tgbz` WHERE `user` = 'admin@qq.com' AND `jb` = '2000' AND `showflag` = 1 ORDER BY id DESC LIMIT 1   [ RunTime:0.0003s ]
SQL: SELECT COUNT(*) AS tp_count FROM `ot_tgbz` WHERE `user` = 'admin@qq.com' LIMIT 1   [ RunTime:0.0031s ]
SQL: SELECT * FROM `ot_tgbz` WHERE `user` = 'admin@qq.com' ORDER BY id DESC LIMIT 0,100   [ RunTime:0.0015s ]
SQL: SHOW COLUMNS FROM `ot_jsbz` [ RunTime:0.0016s ]
SQL: SELECT COUNT(*) AS tp_count FROM `ot_jsbz` WHERE `user` = 'admin@qq.com' LIMIT 1   [ RunTime:0.0009s ]
SQL: SELECT * FROM `ot_jsbz` WHERE `user` = 'admin@qq.com' ORDER BY id DESC LIMIT 0,100   [ RunTime:0.0006s ]
SQL: SHOW COLUMNS FROM `ot_ppdd` [ RunTime:0.0010s ]
SQL: SELECT COUNT(*) AS tp_count FROM `ot_ppdd` WHERE `p_user` = 'admin@qq.com' LIMIT 1   [ RunTime:0.0008s ]
SQL: SELECT * FROM `ot_ppdd` WHERE `p_user` = 'admin@qq.com' ORDER BY id DESC LIMIT 0,100   [ RunTime:0.0006s ]
SQL: SELECT COUNT(*) AS tp_count FROM `ot_ppdd` WHERE `g_user` = 'admin@qq.com' LIMIT 1   [ RunTime:0.0003s ]
SQL: SELECT * FROM `ot_ppdd` WHERE `g_user` = 'admin@qq.com' ORDER BY id DESC LIMIT 0,100   [ RunTime:0.0005s ]
INFO: [ view_parse ] --START--
INFO: [ template_filter ] --START--
INFO: Run Behavior\ContentReplaceBehavior [ RunTime:0.000560s ]
INFO: [ template_filter ] --END-- [ RunTime:0.000768s ]
SQL: SELECT * FROM `ot_user` WHERE `UE_account` = '333333@qq.com' LIMIT 1   [ RunTime:0.0007s ]
SQL: SELECT * FROM `ot_user` WHERE `UE_account` = '333333@qq.com' LIMIT 1   [ RunTime:0.0005s ]
SQL: SELECT * FROM `ot_user` WHERE `UE_account` = '333333@qq.com' LIMIT 1   [ RunTime:0.0005s ]
NOTIC: [8] Undefined variable: a /Library/WebServer/Documents/User/Runtime/Cache/Home/9b888f9a05177cc78c87c9cd7e37319c.php 第 1796 行.
INFO: Run Behavior\ParseTemplateBehavior [ RunTime:0.077806s ]
INFO: [ view_parse ] --END-- [ RunTime:0.077966s ]
INFO: [ view_filter ] --START--
INFO: Run Behavior\WriteHtmlCacheBehavior [ RunTime:0.000757s ]
INFO: Run Behavior\TokenBuildBehavior [ RunTime:0.000819s ]
INFO: [ view_filter ] --END-- [ RunTime:0.001844s ]
INFO: [ app_end ] --START--
INFO: Run Behavior\ShowPageTraceBehavior [ RunTime:0.001359s ]
INFO: [ app_end ] --END-- [ RunTime:0.001470s ]

[ 2016-01-27T15:59:16+08:00 ] ::1 /Home/Login/register.html?id=61451
INFO: [ app_init ] --START--
INFO: Run Behavior\BuildLiteBehavior [ RunTime:0.000055s ]
INFO: [ app_init ] --END-- [ RunTime:0.000683s ]
INFO: [ app_begin ] --START--
INFO: Run Behavior\ReadHtmlCacheBehavior [ RunTime:0.000470s ]
INFO: [ app_begin ] --END-- [ RunTime:0.000616s ]
INFO: [ view_parse ] --START--
INFO: [ template_filter ] --START--
INFO: Run Behavior\ContentReplaceBehavior [ RunTime:0.000134s ]
INFO: [ template_filter ] --END-- [ RunTime:0.000243s ]
NOTIC: [8] Undefined variable: user /Library/WebServer/Documents/User/Runtime/Cache/Home/823c06011a03da205e3201790fd9a1f0.php 第 148 行.
NOTIC: [8] Undefined variable: user /Library/WebServer/Documents/User/Runtime/Cache/Home/823c06011a03da205e3201790fd9a1f0.php 第 163 行.
NOTIC: [8] Undefined variable: pin1 /Library/WebServer/Documents/User/Runtime/Cache/Home/823c06011a03da205e3201790fd9a1f0.php 第 176 行.
NOTIC: [8] Undefined variable: pin1 /Library/WebServer/Documents/User/Runtime/Cache/Home/823c06011a03da205e3201790fd9a1f0.php 第 180 行.
NOTIC: [8] Undefined variable: list /Library/WebServer/Documents/User/Runtime/Cache/Home/823c06011a03da205e3201790fd9a1f0.php 第 272 行.
NOTIC: [8] Undefined variable: page /Library/WebServer/Documents/User/Runtime/Cache/Home/823c06011a03da205e3201790fd9a1f0.php 第 281 行.
INFO: Run Behavior\ParseTemplateBehavior [ RunTime:0.027951s ]
INFO: [ view_parse ] --END-- [ RunTime:0.028067s ]
INFO: [ view_filter ] --START--
INFO: Run Behavior\WriteHtmlCacheBehavior [ RunTime:0.000183s ]
INFO: Run Behavior\TokenBuildBehavior [ RunTime:0.000357s ]
INFO: [ view_filter ] --END-- [ RunTime:0.000654s ]
INFO: [ app_end ] --START--
INFO: Run Behavior\ShowPageTraceBehavior [ RunTime:0.000589s ]
INFO: [ app_end ] --END-- [ RunTime:0.000764s ]

[ 2016-01-27T17:48:47+08:00 ] ::1 /
INFO: [ app_init ] --START--
INFO: Run Behavior\BuildLiteBehavior [ RunTime:0.000256s ]
INFO: [ app_init ] --END-- [ RunTime:0.003379s ]
INFO: [ app_begin ] --START--
INFO: Run Behavior\ReadHtmlCacheBehavior [ RunTime:0.001656s ]
INFO: [ app_begin ] --END-- [ RunTime:0.002141s ]
SQL: SHOW COLUMNS FROM `ot_system` [ RunTime:0.0535s ]
SQL: SELECT * FROM `ot_system` WHERE `SYS_ID` = 1 LIMIT 1   [ RunTime:0.0112s ]
SQL: SHOW COLUMNS FROM `ot_user` [ RunTime:0.0018s ]
SQL: SELECT * FROM `ot_user` WHERE `UE_ID` = 61451 LIMIT 1   [ RunTime:0.0036s ]
SQL: SHOW COLUMNS FROM `ot_tgbz` [ RunTime:0.0011s ]
SQL: SELECT * FROM `ot_tgbz` WHERE `user` = 'admin@qq.com' AND `jb` = '500' AND `showflag` = 1 ORDER BY id DESC LIMIT 1   [ RunTime:0.0027s ]
NOTIC: [8] Undefined variable: str /Library/WebServer/Documents/User/Home/Controller/CommonController.class.php 第 103 行.
SQL: SELECT * FROM `ot_tgbz` WHERE `user` = 'admin@qq.com' AND `jb` = '1000' AND `showflag` = 1 ORDER BY id DESC LIMIT 1   [ RunTime:0.0005s ]
SQL: SELECT * FROM `ot_tgbz` WHERE `user` = 'admin@qq.com' AND `jb` = '1500' AND `showflag` = 1 ORDER BY id DESC LIMIT 1   [ RunTime:0.0004s ]
SQL: SELECT * FROM `ot_tgbz` WHERE `user` = 'admin@qq.com' AND `jb` = '2000' AND `showflag` = 1 ORDER BY id DESC LIMIT 1   [ RunTime:0.0004s ]

[ 2016-01-27T17:48:47+08:00 ] ::1 /Home/Index/home.html
INFO: [ app_init ] --START--
INFO: Run Behavior\BuildLiteBehavior [ RunTime:0.000025s ]
INFO: [ app_init ] --END-- [ RunTime:0.000357s ]
INFO: [ app_begin ] --START--
INFO: Run Behavior\ReadHtmlCacheBehavior [ RunTime:0.000405s ]
INFO: [ app_begin ] --END-- [ RunTime:0.000515s ]
SQL: SHOW COLUMNS FROM `ot_system` [ RunTime:0.0045s ]
SQL: SELECT * FROM `ot_system` WHERE `SYS_ID` = 1 LIMIT 1   [ RunTime:0.0006s ]
SQL: SHOW COLUMNS FROM `ot_user` [ RunTime:0.0029s ]
SQL: SELECT * FROM `ot_user` WHERE `UE_ID` = 61451 LIMIT 1   [ RunTime:0.0005s ]
SQL: SHOW COLUMNS FROM `ot_tgbz` [ RunTime:0.0008s ]
SQL: SELECT * FROM `ot_tgbz` WHERE `user` = 'admin@qq.com' AND `jb` = '500' AND `showflag` = 1 ORDER BY id DESC LIMIT 1   [ RunTime:0.0004s ]
NOTIC: [8] Undefined variable: str /Library/WebServer/Documents/User/Home/Controller/CommonController.class.php 第 103 行.
SQL: SELECT * FROM `ot_tgbz` WHERE `user` = 'admin@qq.com' AND `jb` = '1000' AND `showflag` = 1 ORDER BY id DESC LIMIT 1   [ RunTime:0.0003s ]
SQL: SELECT * FROM `ot_tgbz` WHERE `user` = 'admin@qq.com' AND `jb` = '1500' AND `showflag` = 1 ORDER BY id DESC LIMIT 1   [ RunTime:0.0003s ]
SQL: SELECT * FROM `ot_tgbz` WHERE `user` = 'admin@qq.com' AND `jb` = '2000' AND `showflag` = 1 ORDER BY id DESC LIMIT 1   [ RunTime:0.0003s ]
SQL: SELECT COUNT(*) AS tp_count FROM `ot_tgbz` WHERE `user` = 'admin@qq.com' LIMIT 1   [ RunTime:0.0043s ]
SQL: SELECT * FROM `ot_tgbz` WHERE `user` = 'admin@qq.com' ORDER BY id DESC LIMIT 0,100   [ RunTime:0.0027s ]
SQL: SHOW COLUMNS FROM `ot_jsbz` [ RunTime:0.0010s ]
SQL: SELECT COUNT(*) AS tp_count FROM `ot_jsbz` WHERE `user` = 'admin@qq.com' LIMIT 1   [ RunTime:0.0026s ]
SQL: SELECT * FROM `ot_jsbz` WHERE `user` = 'admin@qq.com' ORDER BY id DESC LIMIT 0,100   [ RunTime:0.0007s ]
SQL: SHOW COLUMNS FROM `ot_ppdd` [ RunTime:0.0013s ]
SQL: SELECT COUNT(*) AS tp_count FROM `ot_ppdd` WHERE `p_user` = 'admin@qq.com' LIMIT 1   [ RunTime:0.0026s ]
SQL: SELECT * FROM `ot_ppdd` WHERE `p_user` = 'admin@qq.com' ORDER BY id DESC LIMIT 0,100   [ RunTime:0.0004s ]
SQL: SELECT COUNT(*) AS tp_count FROM `ot_ppdd` WHERE `g_user` = 'admin@qq.com' LIMIT 1   [ RunTime:0.0003s ]
SQL: SELECT * FROM `ot_ppdd` WHERE `g_user` = 'admin@qq.com' ORDER BY id DESC LIMIT 0,100   [ RunTime:0.0003s ]
INFO: [ view_parse ] --START--
INFO: [ template_filter ] --START--
INFO: Run Behavior\ContentReplaceBehavior [ RunTime:0.000290s ]
INFO: [ template_filter ] --END-- [ RunTime:0.000395s ]
SQL: SELECT * FROM `ot_user` WHERE `UE_account` = '333333@qq.com' LIMIT 1   [ RunTime:0.0006s ]
SQL: SELECT * FROM `ot_user` WHERE `UE_account` = '333333@qq.com' LIMIT 1   [ RunTime:0.0005s ]
SQL: SELECT * FROM `ot_user` WHERE `UE_account` = '333333@qq.com' LIMIT 1   [ RunTime:0.0004s ]
NOTIC: [8] Undefined variable: a /Library/WebServer/Documents/User/Runtime/Cache/Home/9b888f9a05177cc78c87c9cd7e37319c.php 第 1796 行.
INFO: Run Behavior\ParseTemplateBehavior [ RunTime:0.099393s ]
INFO: [ view_parse ] --END-- [ RunTime:0.099529s ]
INFO: [ view_filter ] --START--
INFO: Run Behavior\WriteHtmlCacheBehavior [ RunTime:0.000777s ]
INFO: Run Behavior\TokenBuildBehavior [ RunTime:0.000842s ]
INFO: [ view_filter ] --END-- [ RunTime:0.001825s ]
INFO: [ app_end ] --START--
INFO: Run Behavior\ShowPageTraceBehavior [ RunTime:0.001589s ]
INFO: [ app_end ] --END-- [ RunTime:0.001852s ]

[ 2016-01-27T20:15:34+08:00 ] 127.0.0.1 /
INFO: [ app_init ] --START--
INFO: Run Behavior\BuildLiteBehavior [ RunTime:0.000042s ]
INFO: [ app_init ] --END-- [ RunTime:0.002254s ]
INFO: [ app_begin ] --START--
INFO: Run Behavior\ReadHtmlCacheBehavior [ RunTime:0.000986s ]
INFO: [ app_begin ] --END-- [ RunTime:0.001167s ]
SQL: SHOW COLUMNS FROM `ot_system` [ RunTime:0.0394s ]
SQL: SELECT * FROM `ot_system` WHERE `SYS_ID` = 1 LIMIT 1   [ RunTime:0.0093s ]
SQL: SHOW COLUMNS FROM `ot_user` [ RunTime:0.0081s ]
NOTIC: [8] Undefined index: uid /Library/WebServer/Documents/User/Home/Controller/CommonController.class.php 第 88 行.
SQL: SELECT * FROM `ot_user` WHERE `UE_ID` = null LIMIT 1   [ RunTime:0.0016s ]
SQL: SHOW COLUMNS FROM `ot_tgbz` [ RunTime:0.0022s ]
NOTIC: [8] Undefined index: uname /Library/WebServer/Documents/User/Home/Controller/CommonController.class.php 第 100 行.
SQL: SELECT * FROM `ot_tgbz` WHERE `user` = null AND `jb` = '500' AND `showflag` = 1 ORDER BY id DESC LIMIT 1   [ RunTime:0.0007s ]
NOTIC: [8] Undefined variable: str /Library/WebServer/Documents/User/Home/Controller/CommonController.class.php 第 105 行.
NOTIC: [8] Undefined index: uname /Library/WebServer/Documents/User/Home/Controller/CommonController.class.php 第 100 行.
SQL: SELECT * FROM `ot_tgbz` WHERE `user` = null AND `jb` = '1000' AND `showflag` = 1 ORDER BY id DESC LIMIT 1   [ RunTime:0.0003s ]
NOTIC: [8] Undefined index: uname /Library/WebServer/Documents/User/Home/Controller/CommonController.class.php 第 100 行.
SQL: SELECT * FROM `ot_tgbz` WHERE `user` = null AND `jb` = '1500' AND `showflag` = 1 ORDER BY id DESC LIMIT 1   [ RunTime:0.0003s ]
NOTIC: [8] Undefined index: uname /Library/WebServer/Documents/User/Home/Controller/CommonController.class.php 第 100 行.
SQL: SELECT * FROM `ot_tgbz` WHERE `user` = null AND `jb` = '2000' AND `showflag` = 1 ORDER BY id DESC LIMIT 1   [ RunTime:0.0003s ]

[ 2016-01-27T20:15:34+08:00 ] 127.0.0.1 /Home/Index/home.html
INFO: [ app_init ] --START--
INFO: Run Behavior\BuildLiteBehavior [ RunTime:0.000025s ]
INFO: [ app_init ] --END-- [ RunTime:0.000544s ]
INFO: [ app_begin ] --START--
INFO: Run Behavior\ReadHtmlCacheBehavior [ RunTime:0.000569s ]
INFO: [ app_begin ] --END-- [ RunTime:0.000741s ]
SQL: SHOW COLUMNS FROM `ot_system` [ RunTime:0.0010s ]
SQL: SELECT * FROM `ot_system` WHERE `SYS_ID` = 1 LIMIT 1   [ RunTime:0.0005s ]

[ 2016-01-27T20:15:34+08:00 ] 127.0.0.1 /Home/Login/index.html
INFO: [ app_init ] --START--
INFO: Run Behavior\BuildLiteBehavior [ RunTime:0.000024s ]
INFO: [ app_init ] --END-- [ RunTime:0.000353s ]
INFO: [ app_begin ] --START--
INFO: Run Behavior\ReadHtmlCacheBehavior [ RunTime:0.000365s ]
INFO: [ app_begin ] --END-- [ RunTime:0.000473s ]
INFO: [ view_parse ] --START--
INFO: [ template_filter ] --START--
INFO: Run Behavior\ContentReplaceBehavior [ RunTime:0.000058s ]
INFO: [ template_filter ] --END-- [ RunTime:0.000167s ]
INFO: Run Behavior\ParseTemplateBehavior [ RunTime:0.021562s ]
INFO: [ view_parse ] --END-- [ RunTime:0.021738s ]
INFO: [ view_filter ] --START--
INFO: Run Behavior\WriteHtmlCacheBehavior [ RunTime:0.006214s ]
INFO: Run Behavior\TokenBuildBehavior [ RunTime:0.006376s ]
INFO: [ view_filter ] --END-- [ RunTime:0.012813s ]
INFO: [ app_end ] --START--
INFO: Run Behavior\ShowPageTraceBehavior [ RunTime:0.006117s ]
INFO: [ app_end ] --END-- [ RunTime:0.006325s ]

