[ 2016-03-11T22:57:04+08:00 ] 122.10.86.111 /index.php
INFO: [ app_init ] --START--
INFO: Run Behavior\BuildLiteBehavior [ RunTime:0.000000s ]
INFO: [ app_init ] --END-- [ RunTime:0.000000s ]
INFO: [ app_begin ] --START--
INFO: Run Behavior\ReadHtmlCacheBehavior [ RunTime:0.015625s ]
INFO: [ app_begin ] --END-- [ RunTime:0.015625s ]
ERR: SQLSTATE[HY000] [1045] Access denied for user 'root'@'localhost' (using password: YES)

[ 2016-03-11T22:59:21+08:00 ] 122.10.86.111 /index.php
INFO: [ app_init ] --START--
INFO: Run Behavior\BuildLiteBehavior [ RunTime:0.000000s ]
INFO: [ app_init ] --END-- [ RunTime:0.000000s ]
INFO: [ app_begin ] --START--
INFO: Run Behavior\ReadHtmlCacheBehavior [ RunTime:0.000000s ]
INFO: [ app_begin ] --END-- [ RunTime:0.000000s ]
SQL: SHOW COLUMNS FROM `ot_system` [ RunTime:0.0000s ]
SQL: SELECT * FROM `ot_system` WHERE `SYS_ID` = 1 LIMIT 1   [ RunTime:0.0000s ]
NOTIC: [8] Undefined index: uname D:\wwwroot\newmmm\User\Home\Controller\CommonController.class.php 第 54 行.
SQL: SHOW COLUMNS FROM `ot_pin` [ RunTime:0.0156s ]
NOTIC: [8] Undefined index: uname D:\wwwroot\newmmm\User\Home\Controller\CommonController.class.php 第 58 行.
SQL: SELECT COUNT(*) AS tp_count FROM `ot_pin` WHERE `user` = null AND `zt` = 0 LIMIT 1   [ RunTime:0.0000s ]
NOTIC: [8] Undefined index: uname D:\wwwroot\newmmm\User\Home\Controller\CommonController.class.php 第 90 行.
SQL: SHOW COLUMNS FROM `ot_user` [ RunTime:0.0000s ]
SQL: SELECT * FROM `ot_user` WHERE `UE_account` = null LIMIT 1   [ RunTime:0.0000s ]
SQL: UPDATE `ot_user` SET `levelname`='普通会员' WHERE `UE_account` = null [ RunTime:0.0000s ]
NOTIC: [8] Undefined index: uid D:\wwwroot\newmmm\User\Home\Controller\CommonController.class.php 第 95 行.
SQL: SELECT * FROM `ot_user` WHERE `UE_ID` = null LIMIT 1   [ RunTime:0.0000s ]

[ 2016-03-11T23:00:10+08:00 ] 125.111.88.142 /
INFO: [ app_init ] --START--
INFO: Run Behavior\BuildLiteBehavior [ RunTime:0.000000s ]
INFO: [ app_init ] --END-- [ RunTime:0.000000s ]
INFO: [ app_begin ] --START--
INFO: Run Behavior\ReadHtmlCacheBehavior [ RunTime:0.000000s ]
INFO: [ app_begin ] --END-- [ RunTime:0.000000s ]
SQL: SHOW COLUMNS FROM `ot_system` [ RunTime:0.0000s ]
SQL: SELECT * FROM `ot_system` WHERE `SYS_ID` = 1 LIMIT 1   [ RunTime:0.0000s ]
NOTIC: [8] Undefined index: uname D:\wwwroot\newmmm\User\Home\Controller\CommonController.class.php 第 54 行.
SQL: SHOW COLUMNS FROM `ot_pin` [ RunTime:0.0156s ]
NOTIC: [8] Undefined index: uname D:\wwwroot\newmmm\User\Home\Controller\CommonController.class.php 第 58 行.
SQL: SELECT COUNT(*) AS tp_count FROM `ot_pin` WHERE `user` = null AND `zt` = 0 LIMIT 1   [ RunTime:0.0000s ]
NOTIC: [8] Undefined index: uname D:\wwwroot\newmmm\User\Home\Controller\CommonController.class.php 第 90 行.
SQL: SHOW COLUMNS FROM `ot_user` [ RunTime:0.0000s ]
SQL: SELECT * FROM `ot_user` WHERE `UE_account` = null LIMIT 1   [ RunTime:0.0000s ]
SQL: UPDATE `ot_user` SET `levelname`='普通会员' WHERE `UE_account` = null [ RunTime:0.0000s ]
NOTIC: [8] Undefined index: uid D:\wwwroot\newmmm\User\Home\Controller\CommonController.class.php 第 95 行.
SQL: SELECT * FROM `ot_user` WHERE `UE_ID` = null LIMIT 1   [ RunTime:0.0000s ]

[ 2016-03-11T23:04:11+08:00 ] 125.111.88.142 /
INFO: [ app_init ] --START--
INFO: Run Behavior\BuildLiteBehavior [ RunTime:0.000000s ]
INFO: [ app_init ] --END-- [ RunTime:0.000000s ]
INFO: [ app_begin ] --START--
INFO: Run Behavior\ReadHtmlCacheBehavior [ RunTime:0.015625s ]
INFO: [ app_begin ] --END-- [ RunTime:0.015625s ]
SQL: SHOW COLUMNS FROM `ot_system` [ RunTime:0.0000s ]
SQL: SELECT * FROM `ot_system` WHERE `SYS_ID` = 1 LIMIT 1   [ RunTime:0.0156s ]
NOTIC: [8] Undefined index: uname D:\wwwroot\newmmm\User\Home\Controller\CommonController.class.php 第 54 行.
SQL: SHOW COLUMNS FROM `ot_pin` [ RunTime:0.0000s ]
NOTIC: [8] Undefined index: uname D:\wwwroot\newmmm\User\Home\Controller\CommonController.class.php 第 58 行.
SQL: SELECT COUNT(*) AS tp_count FROM `ot_pin` WHERE `user` = null AND `zt` = 0 LIMIT 1   [ RunTime:0.0000s ]
NOTIC: [8] Undefined index: uname D:\wwwroot\newmmm\User\Home\Controller\CommonController.class.php 第 90 行.
SQL: SHOW COLUMNS FROM `ot_user` [ RunTime:0.0156s ]
SQL: SELECT * FROM `ot_user` WHERE `UE_account` = null LIMIT 1   [ RunTime:0.0000s ]
SQL: UPDATE `ot_user` SET `levelname`='普通会员' WHERE `UE_account` = null [ RunTime:0.0000s ]
NOTIC: [8] Undefined index: uid D:\wwwroot\newmmm\User\Home\Controller\CommonController.class.php 第 95 行.
SQL: SELECT * FROM `ot_user` WHERE `UE_ID` = null LIMIT 1   [ RunTime:0.0000s ]

[ 2016-03-11T23:04:11+08:00 ] 125.111.88.142 /
INFO: [ app_init ] --START--
INFO: Run Behavior\BuildLiteBehavior [ RunTime:0.000000s ]
INFO: [ app_init ] --END-- [ RunTime:0.000000s ]
INFO: [ app_begin ] --START--
INFO: Run Behavior\ReadHtmlCacheBehavior [ RunTime:0.000000s ]
INFO: [ app_begin ] --END-- [ RunTime:0.000000s ]
SQL: SHOW COLUMNS FROM `ot_system` [ RunTime:0.0000s ]
SQL: SELECT * FROM `ot_system` WHERE `SYS_ID` = 1 LIMIT 1   [ RunTime:0.0000s ]
NOTIC: [8] Undefined index: uname D:\wwwroot\newmmm\User\Home\Controller\CommonController.class.php 第 54 行.
SQL: SHOW COLUMNS FROM `ot_pin` [ RunTime:0.0000s ]
NOTIC: [8] Undefined index: uname D:\wwwroot\newmmm\User\Home\Controller\CommonController.class.php 第 58 行.
SQL: SELECT COUNT(*) AS tp_count FROM `ot_pin` WHERE `user` = null AND `zt` = 0 LIMIT 1   [ RunTime:0.0000s ]
NOTIC: [8] Undefined index: uname D:\wwwroot\newmmm\User\Home\Controller\CommonController.class.php 第 90 行.
SQL: SHOW COLUMNS FROM `ot_user` [ RunTime:0.0000s ]
SQL: SELECT * FROM `ot_user` WHERE `UE_account` = null LIMIT 1   [ RunTime:0.0000s ]
SQL: UPDATE `ot_user` SET `levelname`='普通会员' WHERE `UE_account` = null [ RunTime:0.0000s ]
NOTIC: [8] Undefined index: uid D:\wwwroot\newmmm\User\Home\Controller\CommonController.class.php 第 95 行.
SQL: SELECT * FROM `ot_user` WHERE `UE_ID` = null LIMIT 1   [ RunTime:0.0000s ]

[ 2016-03-11T23:11:49+08:00 ] 125.111.88.142 /
INFO: [ app_init ] --START--
INFO: Run Behavior\BuildLiteBehavior [ RunTime:0.000000s ]
INFO: [ app_init ] --END-- [ RunTime:0.000000s ]
INFO: [ app_begin ] --START--
INFO: Run Behavior\ReadHtmlCacheBehavior [ RunTime:0.000000s ]
INFO: [ app_begin ] --END-- [ RunTime:0.000000s ]
SQL: SHOW COLUMNS FROM `ot_system` [ RunTime:0.0000s ]
SQL: SELECT * FROM `ot_system` WHERE `SYS_ID` = 1 LIMIT 1   [ RunTime:0.0000s ]
NOTIC: [8] Undefined index: uname D:\wwwroot\newmmm\User\Home\Controller\CommonController.class.php 第 54 行.
SQL: SHOW COLUMNS FROM `ot_pin` [ RunTime:0.0000s ]
NOTIC: [8] Undefined index: uname D:\wwwroot\newmmm\User\Home\Controller\CommonController.class.php 第 58 行.
SQL: SELECT COUNT(*) AS tp_count FROM `ot_pin` WHERE `user` = null AND `zt` = 0 LIMIT 1   [ RunTime:0.0000s ]
NOTIC: [8] Undefined index: uname D:\wwwroot\newmmm\User\Home\Controller\CommonController.class.php 第 90 行.
SQL: SHOW COLUMNS FROM `ot_user` [ RunTime:0.0000s ]
SQL: SELECT * FROM `ot_user` WHERE `UE_account` = null LIMIT 1   [ RunTime:0.0000s ]
SQL: UPDATE `ot_user` SET `levelname`='普通会员' WHERE `UE_account` = null [ RunTime:0.0000s ]
NOTIC: [8] Undefined index: uid D:\wwwroot\newmmm\User\Home\Controller\CommonController.class.php 第 95 行.
SQL: SELECT * FROM `ot_user` WHERE `UE_ID` = null LIMIT 1   [ RunTime:0.0000s ]

[ 2016-03-11T23:22:31+08:00 ] 125.111.88.142 /
INFO: [ app_init ] --START--
INFO: Run Behavior\BuildLiteBehavior [ RunTime:0.000000s ]
INFO: [ app_init ] --END-- [ RunTime:0.000000s ]
INFO: [ app_begin ] --START--
INFO: Run Behavior\ReadHtmlCacheBehavior [ RunTime:0.000000s ]
INFO: [ app_begin ] --END-- [ RunTime:0.000000s ]
SQL: SHOW COLUMNS FROM `ot_system` [ RunTime:0.0000s ]
SQL: SELECT * FROM `ot_system` WHERE `SYS_ID` = 1 LIMIT 1   [ RunTime:0.0000s ]
NOTIC: [8] Undefined index: uname D:\wwwroot\newmmm\User\Home\Controller\CommonController.class.php 第 54 行.
SQL: SHOW COLUMNS FROM `ot_pin` [ RunTime:0.0000s ]
NOTIC: [8] Undefined index: uname D:\wwwroot\newmmm\User\Home\Controller\CommonController.class.php 第 58 行.
SQL: SELECT COUNT(*) AS tp_count FROM `ot_pin` WHERE `user` = null AND `zt` = 0 LIMIT 1   [ RunTime:0.0000s ]
NOTIC: [8] Undefined index: uname D:\wwwroot\newmmm\User\Home\Controller\CommonController.class.php 第 90 行.
SQL: SHOW COLUMNS FROM `ot_user` [ RunTime:0.0156s ]
SQL: SELECT * FROM `ot_user` WHERE `UE_account` = null LIMIT 1   [ RunTime:0.0000s ]
SQL: UPDATE `ot_user` SET `levelname`='普通会员' WHERE `UE_account` = null [ RunTime:0.0000s ]
NOTIC: [8] Undefined index: uid D:\wwwroot\newmmm\User\Home\Controller\CommonController.class.php 第 95 行.
SQL: SELECT * FROM `ot_user` WHERE `UE_ID` = null LIMIT 1   [ RunTime:0.0000s ]

[ 2016-03-11T23:22:34+08:00 ] 125.111.88.142 /
INFO: [ app_init ] --START--
INFO: Run Behavior\BuildLiteBehavior [ RunTime:0.000000s ]
INFO: [ app_init ] --END-- [ RunTime:0.000000s ]
INFO: [ app_begin ] --START--
INFO: Run Behavior\ReadHtmlCacheBehavior [ RunTime:0.000000s ]
INFO: [ app_begin ] --END-- [ RunTime:0.000000s ]
SQL: SHOW COLUMNS FROM `ot_system` [ RunTime:0.0000s ]
SQL: SELECT * FROM `ot_system` WHERE `SYS_ID` = 1 LIMIT 1   [ RunTime:0.0000s ]
NOTIC: [8] Undefined index: uname D:\wwwroot\newmmm\User\Home\Controller\CommonController.class.php 第 54 行.
SQL: SHOW COLUMNS FROM `ot_pin` [ RunTime:0.0000s ]
NOTIC: [8] Undefined index: uname D:\wwwroot\newmmm\User\Home\Controller\CommonController.class.php 第 58 行.
SQL: SELECT COUNT(*) AS tp_count FROM `ot_pin` WHERE `user` = null AND `zt` = 0 LIMIT 1   [ RunTime:0.0000s ]
NOTIC: [8] Undefined index: uname D:\wwwroot\newmmm\User\Home\Controller\CommonController.class.php 第 90 行.
SQL: SHOW COLUMNS FROM `ot_user` [ RunTime:0.0000s ]
SQL: SELECT * FROM `ot_user` WHERE `UE_account` = null LIMIT 1   [ RunTime:0.0000s ]
SQL: UPDATE `ot_user` SET `levelname`='普通会员' WHERE `UE_account` = null [ RunTime:0.0000s ]
NOTIC: [8] Undefined index: uid D:\wwwroot\newmmm\User\Home\Controller\CommonController.class.php 第 95 行.
SQL: SELECT * FROM `ot_user` WHERE `UE_ID` = null LIMIT 1   [ RunTime:0.0000s ]

[ 2016-03-11T23:33:57+08:00 ] 125.111.88.142 /
INFO: [ app_init ] --START--
INFO: Run Behavior\BuildLiteBehavior [ RunTime:0.000000s ]
INFO: [ app_init ] --END-- [ RunTime:0.000000s ]
INFO: [ app_begin ] --START--
INFO: Run Behavior\ReadHtmlCacheBehavior [ RunTime:0.000000s ]
INFO: [ app_begin ] --END-- [ RunTime:0.000000s ]
SQL: SHOW COLUMNS FROM `ot_system` [ RunTime:0.0156s ]
SQL: SELECT * FROM `ot_system` WHERE `SYS_ID` = 1 LIMIT 1   [ RunTime:0.0000s ]
NOTIC: [8] Undefined index: uname D:\wwwroot\newmmm\User\Home\Controller\CommonController.class.php 第 54 行.
SQL: SHOW COLUMNS FROM `ot_pin` [ RunTime:0.0000s ]
NOTIC: [8] Undefined index: uname D:\wwwroot\newmmm\User\Home\Controller\CommonController.class.php 第 58 行.
SQL: SELECT COUNT(*) AS tp_count FROM `ot_pin` WHERE `user` = null AND `zt` = 0 LIMIT 1   [ RunTime:0.0000s ]
NOTIC: [8] Undefined index: uname D:\wwwroot\newmmm\User\Home\Controller\CommonController.class.php 第 90 行.
SQL: SHOW COLUMNS FROM `ot_user` [ RunTime:0.0156s ]
SQL: SELECT * FROM `ot_user` WHERE `UE_account` = null LIMIT 1   [ RunTime:0.0000s ]
SQL: UPDATE `ot_user` SET `levelname`='普通会员' WHERE `UE_account` = null [ RunTime:0.0000s ]
NOTIC: [8] Undefined index: uid D:\wwwroot\newmmm\User\Home\Controller\CommonController.class.php 第 95 行.
SQL: SELECT * FROM `ot_user` WHERE `UE_ID` = null LIMIT 1   [ RunTime:0.0156s ]

[ 2016-03-11T23:40:53+08:00 ] 115.213.172.174 /
INFO: [ app_init ] --START--
INFO: Run Behavior\BuildLiteBehavior [ RunTime:0.000000s ]
INFO: [ app_init ] --END-- [ RunTime:0.000000s ]
INFO: [ app_begin ] --START--
INFO: Run Behavior\ReadHtmlCacheBehavior [ RunTime:0.000000s ]
INFO: [ app_begin ] --END-- [ RunTime:0.000000s ]
SQL: SHOW COLUMNS FROM `ot_system` [ RunTime:0.0000s ]
SQL: SELECT * FROM `ot_system` WHERE `SYS_ID` = 1 LIMIT 1   [ RunTime:0.0000s ]
NOTIC: [8] Undefined index: uname D:\wwwroot\newmmm\User\Home\Controller\CommonController.class.php 第 54 行.
SQL: SHOW COLUMNS FROM `ot_pin` [ RunTime:0.0156s ]
NOTIC: [8] Undefined index: uname D:\wwwroot\newmmm\User\Home\Controller\CommonController.class.php 第 58 行.
SQL: SELECT COUNT(*) AS tp_count FROM `ot_pin` WHERE `user` = null AND `zt` = 0 LIMIT 1   [ RunTime:0.0000s ]
NOTIC: [8] Undefined index: uname D:\wwwroot\newmmm\User\Home\Controller\CommonController.class.php 第 90 行.
SQL: SHOW COLUMNS FROM `ot_user` [ RunTime:0.0000s ]
SQL: SELECT * FROM `ot_user` WHERE `UE_account` = null LIMIT 1   [ RunTime:0.0000s ]
SQL: UPDATE `ot_user` SET `levelname`='普通会员' WHERE `UE_account` = null [ RunTime:0.0000s ]
NOTIC: [8] Undefined index: uid D:\wwwroot\newmmm\User\Home\Controller\CommonController.class.php 第 95 行.
SQL: SELECT * FROM `ot_user` WHERE `UE_ID` = null LIMIT 1   [ RunTime:0.0000s ]

[ 2016-03-11T23:40:54+08:00 ] 112.64.235.251 /
INFO: [ app_init ] --START--
INFO: Run Behavior\BuildLiteBehavior [ RunTime:0.000000s ]
INFO: [ app_init ] --END-- [ RunTime:0.015625s ]
INFO: [ app_begin ] --START--
INFO: Run Behavior\ReadHtmlCacheBehavior [ RunTime:0.000000s ]
INFO: [ app_begin ] --END-- [ RunTime:0.000000s ]
SQL: SHOW COLUMNS FROM `ot_system` [ RunTime:0.0000s ]
SQL: SELECT * FROM `ot_system` WHERE `SYS_ID` = 1 LIMIT 1   [ RunTime:0.0000s ]
NOTIC: [8] Undefined index: uname D:\wwwroot\newmmm\User\Home\Controller\CommonController.class.php 第 54 行.
SQL: SHOW COLUMNS FROM `ot_pin` [ RunTime:0.0000s ]
NOTIC: [8] Undefined index: uname D:\wwwroot\newmmm\User\Home\Controller\CommonController.class.php 第 58 行.
SQL: SELECT COUNT(*) AS tp_count FROM `ot_pin` WHERE `user` = null AND `zt` = 0 LIMIT 1   [ RunTime:0.0156s ]
NOTIC: [8] Undefined index: uname D:\wwwroot\newmmm\User\Home\Controller\CommonController.class.php 第 90 行.
SQL: SHOW COLUMNS FROM `ot_user` [ RunTime:0.0156s ]
SQL: SELECT * FROM `ot_user` WHERE `UE_account` = null LIMIT 1   [ RunTime:0.0000s ]
SQL: UPDATE `ot_user` SET `levelname`='普通会员' WHERE `UE_account` = null [ RunTime:0.0000s ]
NOTIC: [8] Undefined index: uid D:\wwwroot\newmmm\User\Home\Controller\CommonController.class.php 第 95 行.
SQL: SELECT * FROM `ot_user` WHERE `UE_ID` = null LIMIT 1   [ RunTime:0.0000s ]

[ 2016-03-11T23:41:08+08:00 ] 115.213.172.174 /
INFO: [ app_init ] --START--
INFO: Run Behavior\BuildLiteBehavior [ RunTime:0.000000s ]
INFO: [ app_init ] --END-- [ RunTime:0.000000s ]
INFO: [ app_begin ] --START--
INFO: Run Behavior\ReadHtmlCacheBehavior [ RunTime:0.000000s ]
INFO: [ app_begin ] --END-- [ RunTime:0.000000s ]
SQL: SHOW COLUMNS FROM `ot_system` [ RunTime:0.0156s ]
SQL: SELECT * FROM `ot_system` WHERE `SYS_ID` = 1 LIMIT 1   [ RunTime:0.0000s ]
NOTIC: [8] Undefined index: uname D:\wwwroot\newmmm\User\Home\Controller\CommonController.class.php 第 54 行.
SQL: SHOW COLUMNS FROM `ot_pin` [ RunTime:0.0000s ]
NOTIC: [8] Undefined index: uname D:\wwwroot\newmmm\User\Home\Controller\CommonController.class.php 第 58 行.
SQL: SELECT COUNT(*) AS tp_count FROM `ot_pin` WHERE `user` = null AND `zt` = 0 LIMIT 1   [ RunTime:0.0000s ]
NOTIC: [8] Undefined index: uname D:\wwwroot\newmmm\User\Home\Controller\CommonController.class.php 第 90 行.
SQL: SHOW COLUMNS FROM `ot_user` [ RunTime:0.0156s ]
SQL: SELECT * FROM `ot_user` WHERE `UE_account` = null LIMIT 1   [ RunTime:0.0000s ]
SQL: UPDATE `ot_user` SET `levelname`='普通会员' WHERE `UE_account` = null [ RunTime:0.0000s ]
NOTIC: [8] Undefined index: uid D:\wwwroot\newmmm\User\Home\Controller\CommonController.class.php 第 95 行.
SQL: SELECT * FROM `ot_user` WHERE `UE_ID` = null LIMIT 1   [ RunTime:0.0000s ]

[ 2016-03-11T23:58:02+08:00 ] 125.111.88.142 /
INFO: [ app_init ] --START--
INFO: Run Behavior\BuildLiteBehavior [ RunTime:0.000000s ]
INFO: [ app_init ] --END-- [ RunTime:0.000000s ]
INFO: [ app_begin ] --START--
INFO: Run Behavior\ReadHtmlCacheBehavior [ RunTime:0.015625s ]
INFO: [ app_begin ] --END-- [ RunTime:0.015625s ]
SQL: SHOW COLUMNS FROM `ot_system` [ RunTime:0.0156s ]
SQL: SELECT * FROM `ot_system` WHERE `SYS_ID` = 1 LIMIT 1   [ RunTime:0.0000s ]
NOTIC: [8] Undefined index: uname D:\wwwroot\newmmm\User\Home\Controller\CommonController.class.php 第 54 行.
SQL: SHOW COLUMNS FROM `ot_pin` [ RunTime:0.0000s ]
NOTIC: [8] Undefined index: uname D:\wwwroot\newmmm\User\Home\Controller\CommonController.class.php 第 58 行.
SQL: SELECT COUNT(*) AS tp_count FROM `ot_pin` WHERE `user` = null AND `zt` = 0 LIMIT 1   [ RunTime:0.0000s ]
NOTIC: [8] Undefined index: uname D:\wwwroot\newmmm\User\Home\Controller\CommonController.class.php 第 90 行.
SQL: SHOW COLUMNS FROM `ot_user` [ RunTime:0.0156s ]
SQL: SELECT * FROM `ot_user` WHERE `UE_account` = null LIMIT 1   [ RunTime:0.0000s ]
SQL: UPDATE `ot_user` SET `levelname`='普通会员' WHERE `UE_account` = null [ RunTime:0.0000s ]
NOTIC: [8] Undefined index: uid D:\wwwroot\newmmm\User\Home\Controller\CommonController.class.php 第 95 行.
SQL: SELECT * FROM `ot_user` WHERE `UE_ID` = null LIMIT 1   [ RunTime:0.0000s ]

[ 2016-03-11T23:58:09+08:00 ] 125.111.88.142 /
INFO: [ app_init ] --START--
INFO: Run Behavior\BuildLiteBehavior [ RunTime:0.000000s ]
INFO: [ app_init ] --END-- [ RunTime:0.000000s ]
INFO: [ app_begin ] --START--
INFO: Run Behavior\ReadHtmlCacheBehavior [ RunTime:0.000000s ]
INFO: [ app_begin ] --END-- [ RunTime:0.000000s ]
SQL: SHOW COLUMNS FROM `ot_system` [ RunTime:0.0156s ]
SQL: SELECT * FROM `ot_system` WHERE `SYS_ID` = 1 LIMIT 1   [ RunTime:0.0000s ]
NOTIC: [8] Undefined index: uname D:\wwwroot\newmmm\User\Home\Controller\CommonController.class.php 第 54 行.
SQL: SHOW COLUMNS FROM `ot_pin` [ RunTime:0.0000s ]
NOTIC: [8] Undefined index: uname D:\wwwroot\newmmm\User\Home\Controller\CommonController.class.php 第 58 行.
SQL: SELECT COUNT(*) AS tp_count FROM `ot_pin` WHERE `user` = null AND `zt` = 0 LIMIT 1   [ RunTime:0.0000s ]
NOTIC: [8] Undefined index: uname D:\wwwroot\newmmm\User\Home\Controller\CommonController.class.php 第 90 行.
SQL: SHOW COLUMNS FROM `ot_user` [ RunTime:0.0156s ]
SQL: SELECT * FROM `ot_user` WHERE `UE_account` = null LIMIT 1   [ RunTime:0.0000s ]
SQL: UPDATE `ot_user` SET `levelname`='普通会员' WHERE `UE_account` = null [ RunTime:0.0000s ]
NOTIC: [8] Undefined index: uid D:\wwwroot\newmmm\User\Home\Controller\CommonController.class.php 第 95 行.
SQL: SELECT * FROM `ot_user` WHERE `UE_ID` = null LIMIT 1   [ RunTime:0.0000s ]

