[ 2016-03-22T22:56:05+08:00 ] 108.162.215.226 /Home/Login/index.html
INFO: [ app_init ] --START--
INFO: Run Behavior\BuildLiteBehavior [ RunTime:0.000036s ]
INFO: [ app_init ] --END-- [ RunTime:0.000690s ]
INFO: [ app_begin ] --START--
INFO: Run Behavior\ReadHtmlCacheBehavior [ RunTime:0.000906s ]
INFO: [ app_begin ] --END-- [ RunTime:0.001023s ]
INFO: [ view_parse ] --START--
INFO: [ template_filter ] --START--
INFO: Run Behavior\ContentReplaceBehavior [ RunTime:0.000138s ]
INFO: [ template_filter ] --END-- [ RunTime:0.000319s ]
INFO: Run Behavior\ParseTemplateBehavior [ RunTime:0.044193s ]
INFO: [ view_parse ] --END-- [ RunTime:0.044692s ]
INFO: [ view_filter ] --START--
INFO: Run Behavior\WriteHtmlCacheBehavior [ RunTime:0.001926s ]
INFO: [ view_filter ] --END-- [ RunTime:0.002102s ]
INFO: [ app_end ] --START--
INFO: Run Behavior\ShowPageTraceBehavior [ RunTime:0.003091s ]
INFO: [ app_end ] --END-- [ RunTime:0.003201s ]

[ 2016-03-22T22:56:32+08:00 ] 173.245.48.62 /Home/Login/index.html
INFO: [ app_init ] --START--
INFO: Run Behavior\BuildLiteBehavior [ RunTime:0.000037s ]
INFO: [ app_init ] --END-- [ RunTime:0.000967s ]
INFO: [ app_begin ] --START--
INFO: Run Behavior\ReadHtmlCacheBehavior [ RunTime:0.001184s ]
INFO: [ app_begin ] --END-- [ RunTime:0.001397s ]
INFO: [ view_parse ] --START--
INFO: [ template_filter ] --START--
INFO: Run Behavior\ContentReplaceBehavior [ RunTime:0.000265s ]
INFO: [ template_filter ] --END-- [ RunTime:0.000411s ]
INFO: Run Behavior\ParseTemplateBehavior [ RunTime:0.028222s ]
INFO: [ view_parse ] --END-- [ RunTime:0.028402s ]
INFO: [ view_filter ] --START--
INFO: Run Behavior\WriteHtmlCacheBehavior [ RunTime:0.000295s ]
INFO: [ view_filter ] --END-- [ RunTime:0.000367s ]
INFO: [ app_end ] --START--
INFO: Run Behavior\ShowPageTraceBehavior [ RunTime:0.000861s ]
INFO: [ app_end ] --END-- [ RunTime:0.000989s ]

[ 2016-03-22T22:57:04+08:00 ] 173.245.48.62 /Home/Login/logincl.html
INFO: [ app_init ] --START--
INFO: Run Behavior\BuildLiteBehavior [ RunTime:0.000042s ]
INFO: [ app_init ] --END-- [ RunTime:0.000730s ]
INFO: [ app_begin ] --START--
INFO: Run Behavior\ReadHtmlCacheBehavior [ RunTime:0.000961s ]
INFO: [ app_begin ] --END-- [ RunTime:0.001116s ]
ERR: SQLSTATE[HY000] [1045] Access denied for user 'root'@'localhost' (using password: YES)

[ 2016-03-22T22:57:41+08:00 ] 108.162.215.226 /Home/Login/index.html
INFO: [ app_init ] --START--
INFO: Run Behavior\BuildLiteBehavior [ RunTime:0.000042s ]
INFO: [ app_init ] --END-- [ RunTime:0.004836s ]
INFO: [ app_begin ] --START--
INFO: Run Behavior\ReadHtmlCacheBehavior [ RunTime:0.001574s ]
INFO: [ app_begin ] --END-- [ RunTime:0.001960s ]
INFO: [ view_parse ] --START--
INFO: [ template_filter ] --START--
INFO: Run Behavior\ContentReplaceBehavior [ RunTime:0.000141s ]
INFO: [ template_filter ] --END-- [ RunTime:0.000284s ]
INFO: Run Behavior\ParseTemplateBehavior [ RunTime:0.032965s ]
INFO: [ view_parse ] --END-- [ RunTime:0.033062s ]
INFO: [ view_filter ] --START--
INFO: Run Behavior\WriteHtmlCacheBehavior [ RunTime:0.000344s ]
INFO: [ view_filter ] --END-- [ RunTime:0.000426s ]
INFO: [ app_end ] --START--
INFO: Run Behavior\ShowPageTraceBehavior [ RunTime:0.001139s ]
INFO: [ app_end ] --END-- [ RunTime:0.001279s ]

[ 2016-03-22T22:57:41+08:00 ] 108.162.215.226 /Home/Login/google.h.c
INFO: [ app_init ] --START--
INFO: Run Behavior\BuildLiteBehavior [ RunTime:0.000030s ]
INFO: [ app_init ] --END-- [ RunTime:0.001903s ]
INFO: [ app_begin ] --START--
INFO: Run Behavior\ReadHtmlCacheBehavior [ RunTime:0.003799s ]
INFO: [ app_begin ] --END-- [ RunTime:0.004216s ]
ERR: 非法操作:google.h.c

[ 2016-03-22T22:57:56+08:00 ] 108.162.215.226 /Home/Login/logincl.html
INFO: [ app_init ] --START--
INFO: Run Behavior\BuildLiteBehavior [ RunTime:0.000039s ]
INFO: [ app_init ] --END-- [ RunTime:0.000678s ]
INFO: [ app_begin ] --START--
INFO: Run Behavior\ReadHtmlCacheBehavior [ RunTime:0.000929s ]
INFO: [ app_begin ] --END-- [ RunTime:0.001057s ]
ERR: SQLSTATE[HY000] [1045] Access denied for user 'root'@'localhost' (using password: YES)

[ 2016-03-22T23:25:16+08:00 ] 108.162.215.226 /Home/Index/home.html?aj=1&type=check_login&uid=82662186
INFO: [ app_init ] --START--
INFO: Run Behavior\BuildLiteBehavior [ RunTime:0.000038s ]
INFO: [ app_init ] --END-- [ RunTime:0.000676s ]
INFO: [ app_begin ] --START--
INFO: Run Behavior\ReadHtmlCacheBehavior [ RunTime:0.002343s ]
INFO: [ app_begin ] --END-- [ RunTime:0.002980s ]
ERR: SQLSTATE[HY000] [1045] Access denied for user 'root'@'localhost' (using password: YES)

[ 2016-03-22T23:30:14+08:00 ] 108.162.215.226 /Home/Index/home.html?aj=1&type=check_login&uid=82662186
INFO: [ app_init ] --START--
INFO: Run Behavior\BuildLiteBehavior [ RunTime:0.000042s ]
INFO: [ app_init ] --END-- [ RunTime:0.010354s ]
INFO: [ app_begin ] --START--
INFO: Run Behavior\ReadHtmlCacheBehavior [ RunTime:0.002056s ]
INFO: [ app_begin ] --END-- [ RunTime:0.002447s ]
ERR: SQLSTATE[HY000] [1045] Access denied for user 'root'@'localhost' (using password: YES)

[ 2016-03-22T23:35:59+08:00 ] 108.162.215.226 /
INFO: [ app_init ] --START--
INFO: Run Behavior\BuildLiteBehavior [ RunTime:0.000042s ]
INFO: [ app_init ] --END-- [ RunTime:0.000945s ]
INFO: [ app_begin ] --START--
INFO: Run Behavior\ReadHtmlCacheBehavior [ RunTime:0.000849s ]
INFO: [ app_begin ] --END-- [ RunTime:0.000969s ]
ERR: SQLSTATE[HY000] [1045] Access denied for user 'root'@'localhost' (using password: YES)

[ 2016-03-22T23:36:34+08:00 ] 173.245.48.62 /
INFO: [ app_init ] --START--
INFO: Run Behavior\BuildLiteBehavior [ RunTime:0.000071s ]
INFO: [ app_init ] --END-- [ RunTime:0.000924s ]
INFO: [ app_begin ] --START--
INFO: Run Behavior\ReadHtmlCacheBehavior [ RunTime:0.000817s ]
INFO: [ app_begin ] --END-- [ RunTime:0.000994s ]
ERR: SQLSTATE[HY000] [1045] Access denied for user 'root'@'localhost' (using password: YES)

[ 2016-03-22T23:36:42+08:00 ] 173.245.48.62 /
INFO: [ app_init ] --START--
INFO: Run Behavior\BuildLiteBehavior [ RunTime:0.000041s ]
INFO: [ app_init ] --END-- [ RunTime:0.001320s ]
INFO: [ app_begin ] --START--
INFO: Run Behavior\ReadHtmlCacheBehavior [ RunTime:0.001167s ]
INFO: [ app_begin ] --END-- [ RunTime:0.004065s ]
ERR: SQLSTATE[HY000] [1045] Access denied for user 'root'@'localhost' (using password: YES)

[ 2016-03-22T23:40:21+08:00 ] 173.245.48.62 /Home/Index/home.html?aj=1&type=check_login&uid=82662186
INFO: [ app_init ] --START--
INFO: Run Behavior\BuildLiteBehavior [ RunTime:0.000102s ]
INFO: [ app_init ] --END-- [ RunTime:0.005025s ]
INFO: [ app_begin ] --START--
INFO: Run Behavior\ReadHtmlCacheBehavior [ RunTime:0.000684s ]
INFO: [ app_begin ] --END-- [ RunTime:0.000783s ]
SQL: SHOW COLUMNS FROM `ot_system` [ RunTime:0.0050s ]
SQL: SELECT * FROM `ot_system` WHERE `SYS_ID` = 1 LIMIT 1   [ RunTime:0.0008s ]
NOTIC: [8] Undefined index: uname /phpstudy/www/mmm.gsoroscn.com/User/Home/Controller/CommonController.class.php 第 54 行.
SQL: SHOW COLUMNS FROM `ot_pin` [ RunTime:0.0014s ]
NOTIC: [8] Undefined index: uname /phpstudy/www/mmm.gsoroscn.com/User/Home/Controller/CommonController.class.php 第 58 行.
SQL: SELECT COUNT(*) AS tp_count FROM `ot_pin` WHERE `user` = null AND `zt` = 0 LIMIT 1   [ RunTime:0.0004s ]

[ 2016-03-22T23:40:22+08:00 ] 173.245.48.62 /Home/Login/index.html
INFO: [ app_init ] --START--
INFO: Run Behavior\BuildLiteBehavior [ RunTime:0.000038s ]
INFO: [ app_init ] --END-- [ RunTime:0.000765s ]
INFO: [ app_begin ] --START--
INFO: Run Behavior\ReadHtmlCacheBehavior [ RunTime:0.000895s ]
INFO: [ app_begin ] --END-- [ RunTime:0.001033s ]
INFO: [ view_parse ] --START--
INFO: [ template_filter ] --START--
INFO: Run Behavior\ContentReplaceBehavior [ RunTime:0.000148s ]
INFO: [ template_filter ] --END-- [ RunTime:0.000294s ]
INFO: Run Behavior\ParseTemplateBehavior [ RunTime:0.030302s ]
INFO: [ view_parse ] --END-- [ RunTime:0.030374s ]
INFO: [ view_filter ] --START--
INFO: Run Behavior\WriteHtmlCacheBehavior [ RunTime:0.000426s ]
INFO: [ view_filter ] --END-- [ RunTime:0.000509s ]
INFO: [ app_end ] --START--
INFO: Run Behavior\ShowPageTraceBehavior [ RunTime:0.005623s ]
INFO: [ app_end ] --END-- [ RunTime:0.005748s ]

[ 2016-03-22T23:40:42+08:00 ] 108.162.215.226 /
INFO: [ app_init ] --START--
INFO: Run Behavior\BuildLiteBehavior [ RunTime:0.000048s ]
INFO: [ app_init ] --END-- [ RunTime:0.000984s ]
INFO: [ app_begin ] --START--
INFO: Run Behavior\ReadHtmlCacheBehavior [ RunTime:0.001531s ]
INFO: [ app_begin ] --END-- [ RunTime:0.010050s ]
SQL: SHOW COLUMNS FROM `ot_system` [ RunTime:0.0043s ]
SQL: SELECT * FROM `ot_system` WHERE `SYS_ID` = 1 LIMIT 1   [ RunTime:0.0008s ]
NOTIC: [8] Undefined index: uname /phpstudy/www/mmm.gsoroscn.com/User/Home/Controller/CommonController.class.php 第 54 行.
SQL: SHOW COLUMNS FROM `ot_pin` [ RunTime:0.0015s ]
NOTIC: [8] Undefined index: uname /phpstudy/www/mmm.gsoroscn.com/User/Home/Controller/CommonController.class.php 第 58 行.
SQL: SELECT COUNT(*) AS tp_count FROM `ot_pin` WHERE `user` = null AND `zt` = 0 LIMIT 1   [ RunTime:0.0003s ]
NOTIC: [8] Undefined index: uname /phpstudy/www/mmm.gsoroscn.com/User/Home/Controller/CommonController.class.php 第 90 行.
SQL: SHOW COLUMNS FROM `ot_user` [ RunTime:0.0039s ]
SQL: SELECT * FROM `ot_user` WHERE `UE_account` = null LIMIT 1   [ RunTime:0.0007s ]
SQL: UPDATE `ot_user` SET `levelname`='M1' WHERE `UE_account` = null [ RunTime:0.0004s ]
NOTIC: [8] Undefined index: uid /phpstudy/www/mmm.gsoroscn.com/User/Home/Controller/CommonController.class.php 第 95 行.
SQL: SELECT * FROM `ot_user` WHERE `UE_ID` = null LIMIT 1   [ RunTime:0.0008s ]

[ 2016-03-22T23:40:42+08:00 ] 108.162.215.226 /Home/Index/home.html
INFO: [ app_init ] --START--
INFO: Run Behavior\BuildLiteBehavior [ RunTime:0.000026s ]
INFO: [ app_init ] --END-- [ RunTime:0.000737s ]
INFO: [ app_begin ] --START--
INFO: Run Behavior\ReadHtmlCacheBehavior [ RunTime:0.000854s ]
INFO: [ app_begin ] --END-- [ RunTime:0.000975s ]
SQL: SHOW COLUMNS FROM `ot_system` [ RunTime:0.0022s ]
SQL: SELECT * FROM `ot_system` WHERE `SYS_ID` = 1 LIMIT 1   [ RunTime:0.0005s ]
NOTIC: [8] Undefined index: uname /phpstudy/www/mmm.gsoroscn.com/User/Home/Controller/CommonController.class.php 第 54 行.
SQL: SHOW COLUMNS FROM `ot_pin` [ RunTime:0.0013s ]
NOTIC: [8] Undefined index: uname /phpstudy/www/mmm.gsoroscn.com/User/Home/Controller/CommonController.class.php 第 58 行.
SQL: SELECT COUNT(*) AS tp_count FROM `ot_pin` WHERE `user` = null AND `zt` = 0 LIMIT 1   [ RunTime:0.0075s ]

[ 2016-03-22T23:40:42+08:00 ] 108.162.215.226 /Home/Login/index.html
INFO: [ app_init ] --START--
INFO: Run Behavior\BuildLiteBehavior [ RunTime:0.000039s ]
INFO: [ app_init ] --END-- [ RunTime:0.001699s ]
INFO: [ app_begin ] --START--
INFO: Run Behavior\ReadHtmlCacheBehavior [ RunTime:0.000854s ]
INFO: [ app_begin ] --END-- [ RunTime:0.000982s ]
INFO: [ view_parse ] --START--
INFO: [ template_filter ] --START--
INFO: Run Behavior\ContentReplaceBehavior [ RunTime:0.000704s ]
INFO: [ template_filter ] --END-- [ RunTime:0.001390s ]
INFO: Run Behavior\ParseTemplateBehavior [ RunTime:0.030421s ]
INFO: [ view_parse ] --END-- [ RunTime:0.030661s ]
INFO: [ view_filter ] --START--
INFO: Run Behavior\WriteHtmlCacheBehavior [ RunTime:0.000883s ]
INFO: [ view_filter ] --END-- [ RunTime:0.001000s ]
INFO: [ app_end ] --START--
INFO: Run Behavior\ShowPageTraceBehavior [ RunTime:0.002313s ]
INFO: [ app_end ] --END-- [ RunTime:0.002645s ]

[ 2016-03-22T23:40:42+08:00 ] 108.162.215.226 /Home/Login/google.h.c
INFO: [ app_init ] --START--
INFO: Run Behavior\BuildLiteBehavior [ RunTime:0.000035s ]
INFO: [ app_init ] --END-- [ RunTime:0.000628s ]
INFO: [ app_begin ] --START--
INFO: Run Behavior\ReadHtmlCacheBehavior [ RunTime:0.000905s ]
INFO: [ app_begin ] --END-- [ RunTime:0.001064s ]
ERR: 非法操作:google.h.c

[ 2016-03-22T23:42:31+08:00 ] 173.245.48.62 /Home/Reg/index.html
INFO: [ app_init ] --START--
INFO: Run Behavior\BuildLiteBehavior [ RunTime:0.000031s ]
INFO: [ app_init ] --END-- [ RunTime:0.000634s ]
INFO: [ app_begin ] --START--
INFO: Run Behavior\ReadHtmlCacheBehavior [ RunTime:0.000566s ]
INFO: [ app_begin ] --END-- [ RunTime:0.000720s ]
INFO: [ view_parse ] --START--
INFO: [ template_filter ] --START--
INFO: Run Behavior\ContentReplaceBehavior [ RunTime:0.000137s ]
INFO: [ template_filter ] --END-- [ RunTime:0.000438s ]
INFO: Run Behavior\ParseTemplateBehavior [ RunTime:0.031374s ]
INFO: [ view_parse ] --END-- [ RunTime:0.031516s ]
INFO: [ view_filter ] --START--
INFO: Run Behavior\WriteHtmlCacheBehavior [ RunTime:0.000747s ]
INFO: [ view_filter ] --END-- [ RunTime:0.001014s ]
INFO: [ app_end ] --START--
INFO: Run Behavior\ShowPageTraceBehavior [ RunTime:0.003217s ]
INFO: [ app_end ] --END-- [ RunTime:0.003322s ]

[ 2016-03-22T23:42:41+08:00 ] 173.245.48.62 /
INFO: [ app_init ] --START--
INFO: Run Behavior\BuildLiteBehavior [ RunTime:0.000075s ]
INFO: [ app_init ] --END-- [ RunTime:0.001152s ]
INFO: [ app_begin ] --START--
INFO: Run Behavior\ReadHtmlCacheBehavior [ RunTime:0.000937s ]
INFO: [ app_begin ] --END-- [ RunTime:0.001096s ]
SQL: SHOW COLUMNS FROM `ot_system` [ RunTime:0.0029s ]
SQL: SELECT * FROM `ot_system` WHERE `SYS_ID` = 1 LIMIT 1   [ RunTime:0.0010s ]
NOTIC: [8] Undefined index: uname /phpstudy/www/mmm.gsoroscn.com/User/Home/Controller/CommonController.class.php 第 54 行.
SQL: SHOW COLUMNS FROM `ot_pin` [ RunTime:0.0023s ]
NOTIC: [8] Undefined index: uname /phpstudy/www/mmm.gsoroscn.com/User/Home/Controller/CommonController.class.php 第 58 行.
SQL: SELECT COUNT(*) AS tp_count FROM `ot_pin` WHERE `user` = null AND `zt` = 0 LIMIT 1   [ RunTime:0.0005s ]
NOTIC: [8] Undefined index: uname /phpstudy/www/mmm.gsoroscn.com/User/Home/Controller/CommonController.class.php 第 90 行.
SQL: SHOW COLUMNS FROM `ot_user` [ RunTime:0.0062s ]
SQL: SELECT * FROM `ot_user` WHERE `UE_account` = null LIMIT 1   [ RunTime:0.0005s ]
SQL: UPDATE `ot_user` SET `levelname`='M1' WHERE `UE_account` = null [ RunTime:0.0002s ]
NOTIC: [8] Undefined index: uid /phpstudy/www/mmm.gsoroscn.com/User/Home/Controller/CommonController.class.php 第 95 行.
SQL: SELECT * FROM `ot_user` WHERE `UE_ID` = null LIMIT 1   [ RunTime:0.0004s ]

[ 2016-03-22T23:42:41+08:00 ] 173.245.48.62 /Home/Index/home.html
INFO: [ app_init ] --START--
INFO: Run Behavior\BuildLiteBehavior [ RunTime:0.000058s ]
INFO: [ app_init ] --END-- [ RunTime:0.000641s ]
INFO: [ app_begin ] --START--
INFO: Run Behavior\ReadHtmlCacheBehavior [ RunTime:0.000687s ]
INFO: [ app_begin ] --END-- [ RunTime:0.000791s ]
SQL: SHOW COLUMNS FROM `ot_system` [ RunTime:0.0051s ]
SQL: SELECT * FROM `ot_system` WHERE `SYS_ID` = 1 LIMIT 1   [ RunTime:0.0007s ]
NOTIC: [8] Undefined index: uname /phpstudy/www/mmm.gsoroscn.com/User/Home/Controller/CommonController.class.php 第 54 行.
SQL: SHOW COLUMNS FROM `ot_pin` [ RunTime:0.0015s ]
NOTIC: [8] Undefined index: uname /phpstudy/www/mmm.gsoroscn.com/User/Home/Controller/CommonController.class.php 第 58 行.
SQL: SELECT COUNT(*) AS tp_count FROM `ot_pin` WHERE `user` = null AND `zt` = 0 LIMIT 1   [ RunTime:0.0004s ]

[ 2016-03-22T23:42:42+08:00 ] 173.245.48.62 /Home/Login/index.html
INFO: [ app_init ] --START--
INFO: Run Behavior\BuildLiteBehavior [ RunTime:0.000034s ]
INFO: [ app_init ] --END-- [ RunTime:0.000631s ]
INFO: [ app_begin ] --START--
INFO: Run Behavior\ReadHtmlCacheBehavior [ RunTime:0.007860s ]
INFO: [ app_begin ] --END-- [ RunTime:0.008057s ]
INFO: [ view_parse ] --START--
INFO: [ template_filter ] --START--
INFO: Run Behavior\ContentReplaceBehavior [ RunTime:0.000166s ]
INFO: [ template_filter ] --END-- [ RunTime:0.000334s ]
INFO: Run Behavior\ParseTemplateBehavior [ RunTime:0.038898s ]
INFO: [ view_parse ] --END-- [ RunTime:0.039053s ]
INFO: [ view_filter ] --START--
INFO: Run Behavior\WriteHtmlCacheBehavior [ RunTime:0.000476s ]
INFO: [ view_filter ] --END-- [ RunTime:0.000625s ]
INFO: [ app_end ] --START--
INFO: Run Behavior\ShowPageTraceBehavior [ RunTime:0.000729s ]
INFO: [ app_end ] --END-- [ RunTime:0.000814s ]

[ 2016-03-22T23:42:42+08:00 ] 173.245.48.62 /Home/Login/google.h.c
INFO: [ app_init ] --START--
INFO: Run Behavior\BuildLiteBehavior [ RunTime:0.000039s ]
INFO: [ app_init ] --END-- [ RunTime:0.000772s ]
INFO: [ app_begin ] --START--
INFO: Run Behavior\ReadHtmlCacheBehavior [ RunTime:0.000775s ]
INFO: [ app_begin ] --END-- [ RunTime:0.000926s ]
ERR: 非法操作:google.h.c

[ 2016-03-22T23:45:31+08:00 ] 173.245.48.62 /Home/Index/home.html?aj=1&type=check_login&uid=82662186
INFO: [ app_init ] --START--
INFO: Run Behavior\BuildLiteBehavior [ RunTime:0.000034s ]
INFO: [ app_init ] --END-- [ RunTime:0.000612s ]
INFO: [ app_begin ] --START--
INFO: Run Behavior\ReadHtmlCacheBehavior [ RunTime:0.000849s ]
INFO: [ app_begin ] --END-- [ RunTime:0.000954s ]
SQL: SHOW COLUMNS FROM `ot_system` [ RunTime:0.0035s ]
SQL: SELECT * FROM `ot_system` WHERE `SYS_ID` = 1 LIMIT 1   [ RunTime:0.0005s ]
NOTIC: [8] Undefined index: uname /phpstudy/www/mmm.gsoroscn.com/User/Home/Controller/CommonController.class.php 第 54 行.
SQL: SHOW COLUMNS FROM `ot_pin` [ RunTime:0.0013s ]
NOTIC: [8] Undefined index: uname /phpstudy/www/mmm.gsoroscn.com/User/Home/Controller/CommonController.class.php 第 58 行.
SQL: SELECT COUNT(*) AS tp_count FROM `ot_pin` WHERE `user` = null AND `zt` = 0 LIMIT 1   [ RunTime:0.0003s ]

[ 2016-03-22T23:45:31+08:00 ] 173.245.48.62 /Home/Login/index.html
INFO: [ app_init ] --START--
INFO: Run Behavior\BuildLiteBehavior [ RunTime:0.000026s ]
INFO: [ app_init ] --END-- [ RunTime:0.000611s ]
INFO: [ app_begin ] --START--
INFO: Run Behavior\ReadHtmlCacheBehavior [ RunTime:0.001754s ]
INFO: [ app_begin ] --END-- [ RunTime:0.001983s ]
INFO: [ view_parse ] --START--
INFO: [ template_filter ] --START--
INFO: Run Behavior\ContentReplaceBehavior [ RunTime:0.000155s ]
INFO: [ template_filter ] --END-- [ RunTime:0.000490s ]
INFO: Run Behavior\ParseTemplateBehavior [ RunTime:0.021167s ]
INFO: [ view_parse ] --END-- [ RunTime:0.021404s ]
INFO: [ view_filter ] --START--
INFO: Run Behavior\WriteHtmlCacheBehavior [ RunTime:0.000572s ]
INFO: [ view_filter ] --END-- [ RunTime:0.000806s ]
INFO: [ app_end ] --START--
INFO: Run Behavior\ShowPageTraceBehavior [ RunTime:0.001749s ]
INFO: [ app_end ] --END-- [ RunTime:0.001860s ]

[ 2016-03-22T23:46:29+08:00 ] 173.245.48.62 /Home/Index/home.html
INFO: [ app_init ] --START--
INFO: Run Behavior\BuildLiteBehavior [ RunTime:0.000024s ]
INFO: [ app_init ] --END-- [ RunTime:0.000375s ]
INFO: [ app_begin ] --START--
INFO: Run Behavior\ReadHtmlCacheBehavior [ RunTime:0.000835s ]
INFO: [ app_begin ] --END-- [ RunTime:0.000948s ]
SQL: SHOW COLUMNS FROM `ot_system` [ RunTime:0.0026s ]
SQL: SELECT * FROM `ot_system` WHERE `SYS_ID` = 1 LIMIT 1   [ RunTime:0.0012s ]
NOTIC: [8] Undefined index: uname /phpstudy/www/mmm.gsoroscn.com/User/Home/Controller/CommonController.class.php 第 54 行.
SQL: SHOW COLUMNS FROM `ot_pin` [ RunTime:0.0018s ]
NOTIC: [8] Undefined index: uname /phpstudy/www/mmm.gsoroscn.com/User/Home/Controller/CommonController.class.php 第 58 行.
SQL: SELECT COUNT(*) AS tp_count FROM `ot_pin` WHERE `user` = null AND `zt` = 0 LIMIT 1   [ RunTime:0.0002s ]

[ 2016-03-22T23:46:29+08:00 ] 173.245.48.62 /Home/Login/index.html
INFO: [ app_init ] --START--
INFO: Run Behavior\BuildLiteBehavior [ RunTime:0.000030s ]
INFO: [ app_init ] --END-- [ RunTime:0.000595s ]
INFO: [ app_begin ] --START--
INFO: Run Behavior\ReadHtmlCacheBehavior [ RunTime:0.007193s ]
INFO: [ app_begin ] --END-- [ RunTime:0.007427s ]
INFO: [ view_parse ] --START--
INFO: [ template_filter ] --START--
INFO: Run Behavior\ContentReplaceBehavior [ RunTime:0.000311s ]
INFO: [ template_filter ] --END-- [ RunTime:0.002181s ]
INFO: Run Behavior\ParseTemplateBehavior [ RunTime:0.030302s ]
INFO: [ view_parse ] --END-- [ RunTime:0.030456s ]
INFO: [ view_filter ] --START--
INFO: Run Behavior\WriteHtmlCacheBehavior [ RunTime:0.000392s ]
INFO: [ view_filter ] --END-- [ RunTime:0.000561s ]
INFO: [ app_end ] --START--
INFO: Run Behavior\ShowPageTraceBehavior [ RunTime:0.001188s ]
INFO: [ app_end ] --END-- [ RunTime:0.001310s ]

[ 2016-03-22T23:46:29+08:00 ] 173.245.48.62 /Home/Login/google.h.c
INFO: [ app_init ] --START--
INFO: Run Behavior\BuildLiteBehavior [ RunTime:0.000036s ]
INFO: [ app_init ] --END-- [ RunTime:0.000881s ]
INFO: [ app_begin ] --START--
INFO: Run Behavior\ReadHtmlCacheBehavior [ RunTime:0.000897s ]
INFO: [ app_begin ] --END-- [ RunTime:0.001015s ]
ERR: 非法操作:google.h.c

[ 2016-03-22T23:46:34+08:00 ] 173.245.48.62 /Home/Login/logincl.html
INFO: [ app_init ] --START--
INFO: Run Behavior\BuildLiteBehavior [ RunTime:0.000031s ]
INFO: [ app_init ] --END-- [ RunTime:0.000549s ]
INFO: [ app_begin ] --START--
INFO: Run Behavior\ReadHtmlCacheBehavior [ RunTime:0.001067s ]
INFO: [ app_begin ] --END-- [ RunTime:0.001237s ]
SQL: SHOW COLUMNS FROM `ot_user` [ RunTime:0.0029s ]
SQL: SELECT * FROM `ot_user` WHERE `UE_account` = 'admin@qq.com' LIMIT 1   [ RunTime:0.0010s ]
SQL: SHOW COLUMNS FROM `ot_ppdd` [ RunTime:0.0032s ]
NOTIC: [2] Missing argument 2 for Think\Crypt::decrypt(), called in /phpstudy/www/mmm.gsoroscn.com/User/Home/Common/function.php on line 591 and defined /phpstudy/www/mmm.gsoroscn.com/ThinkPHP/Library/Think/Crypt.class.php 第 46 行.
NOTIC: [8] Undefined variable: key /phpstudy/www/mmm.gsoroscn.com/ThinkPHP/Library/Think/Crypt.class.php 第 51 行.
NOTIC: [2] Missing argument 2 for Think\Crypt::encrypt(), called in /phpstudy/www/mmm.gsoroscn.com/User/Home/Common/function.php on line 762 and defined /phpstudy/www/mmm.gsoroscn.com/ThinkPHP/Library/Think/Crypt.class.php 第 32 行.
NOTIC: [8] Undefined variable: key /phpstudy/www/mmm.gsoroscn.com/ThinkPHP/Library/Think/Crypt.class.php 第 37 行.
SQL: SELECT * FROM `ot_ppdd` WHERE `p_user` = 'admin@qq.com' AND `zt` = 0  [ RunTime:0.0006s ]
NOTIC: [8] Use of undefined constant ue_id - assumed 'ue_id' /phpstudy/www/mmm.gsoroscn.com/User/Home/Controller/LoginController.class.php 第 108 行.
NOTIC: [8] Use of undefined constant ue_account - assumed 'ue_account' /phpstudy/www/mmm.gsoroscn.com/User/Home/Controller/LoginController.class.php 第 110 行.
NOTIC: [8] Use of undefined constant ue_account - assumed 'ue_account' /phpstudy/www/mmm.gsoroscn.com/User/Home/Controller/LoginController.class.php 第 118 行.
SQL: SHOW COLUMNS FROM `ot_drrz` [ RunTime:0.0022s ]
SQL: INSERT INTO `ot_drrz` (`date`,`ip`,`user`,`leixin`) VALUES ('2016-03-22 23:46:34','','admin@qq.com','0') [ RunTime:0.0004s ]
NOTIC: [8] Use of undefined constant sf - assumed 'sf' /phpstudy/www/mmm.gsoroscn.com/User/Home/Controller/LoginController.class.php 第 131 行.

[ 2016-03-22T23:46:34+08:00 ] 173.245.48.62 /
INFO: [ app_init ] --START--
INFO: Run Behavior\BuildLiteBehavior [ RunTime:0.000066s ]
INFO: [ app_init ] --END-- [ RunTime:0.000811s ]
INFO: [ app_begin ] --START--
INFO: Run Behavior\ReadHtmlCacheBehavior [ RunTime:0.000637s ]
INFO: [ app_begin ] --END-- [ RunTime:0.000731s ]
SQL: SHOW COLUMNS FROM `ot_system` [ RunTime:0.0020s ]
SQL: SELECT * FROM `ot_system` WHERE `SYS_ID` = 1 LIMIT 1   [ RunTime:0.0005s ]
SQL: SHOW COLUMNS FROM `ot_pin` [ RunTime:0.0012s ]
SQL: SELECT COUNT(*) AS tp_count FROM `ot_pin` WHERE `user` = 'admin@qq.com' AND `zt` = 0 LIMIT 1   [ RunTime:0.0006s ]
SQL: SHOW COLUMNS FROM `ot_user` [ RunTime:0.0044s ]
SQL: SELECT * FROM `ot_user` WHERE `UE_account` = 'admin@qq.com' LIMIT 1   [ RunTime:0.0006s ]
SQL: UPDATE `ot_user` SET `levelname`='M4' WHERE `UE_account` = 'admin@qq.com' [ RunTime:0.0003s ]
SQL: SELECT * FROM `ot_user` WHERE `UE_ID` = 1 LIMIT 1   [ RunTime:0.0004s ]

[ 2016-03-22T23:46:34+08:00 ] 173.245.48.62 /Home/Index/home.html
INFO: [ app_init ] --START--
INFO: Run Behavior\BuildLiteBehavior [ RunTime:0.000043s ]
INFO: [ app_init ] --END-- [ RunTime:0.000585s ]
INFO: [ app_begin ] --START--
INFO: Run Behavior\ReadHtmlCacheBehavior [ RunTime:0.000950s ]
INFO: [ app_begin ] --END-- [ RunTime:0.001100s ]
SQL: SHOW COLUMNS FROM `ot_system` [ RunTime:0.0026s ]
SQL: SELECT * FROM `ot_system` WHERE `SYS_ID` = 1 LIMIT 1   [ RunTime:0.0005s ]
SQL: SHOW COLUMNS FROM `ot_pin` [ RunTime:0.0044s ]
SQL: SELECT COUNT(*) AS tp_count FROM `ot_pin` WHERE `user` = 'admin@qq.com' AND `zt` = 0 LIMIT 1   [ RunTime:0.0006s ]
SQL: SHOW COLUMNS FROM `ot_user` [ RunTime:0.0039s ]
SQL: SELECT * FROM `ot_user` WHERE `UE_account` = 'admin@qq.com' LIMIT 1   [ RunTime:0.0008s ]
SQL: UPDATE `ot_user` SET `levelname`='M4' WHERE `UE_account` = 'admin@qq.com' [ RunTime:0.0004s ]
SQL: SELECT * FROM `ot_user` WHERE `UE_ID` = 1 LIMIT 1   [ RunTime:0.0004s ]
SQL: SHOW COLUMNS FROM `ot_tgbz` [ RunTime:0.0016s ]
SQL: SELECT COUNT(*) AS tp_count FROM `ot_tgbz` WHERE `user` = 'admin@qq.com' LIMIT 1   [ RunTime:0.0007s ]
SQL: SELECT * FROM `ot_tgbz` WHERE `user` = 'admin@qq.com' ORDER BY id DESC LIMIT 0,100   [ RunTime:0.0005s ]
SQL: SHOW COLUMNS FROM `ot_jsbz` [ RunTime:0.0020s ]
SQL: SELECT COUNT(*) AS tp_count FROM `ot_jsbz` WHERE `user` = 'admin@qq.com' LIMIT 1   [ RunTime:0.0003s ]
SQL: SELECT * FROM `ot_jsbz` WHERE `user` = 'admin@qq.com' ORDER BY id DESC LIMIT 0,100   [ RunTime:0.0088s ]
SQL: SELECT * FROM `ot_jsbz` WHERE `user` = 'admin@qq.com' LIMIT 1   [ RunTime:0.0004s ]
SQL: SHOW COLUMNS FROM `ot_ppdd` [ RunTime:0.0016s ]
SQL: SELECT COUNT(*) AS tp_count FROM `ot_ppdd` WHERE `p_user` = 'admin@qq.com' LIMIT 1   [ RunTime:0.0003s ]
SQL: SELECT * FROM `ot_ppdd` WHERE `p_user` = 'admin@qq.com' ORDER BY id DESC LIMIT 0,100   [ RunTime:0.0003s ]
SQL: SELECT COUNT(*) AS tp_count FROM `ot_ppdd` WHERE `g_user` = 'admin@qq.com' LIMIT 1   [ RunTime:0.0002s ]
SQL: SELECT * FROM `ot_ppdd` WHERE `g_user` = 'admin@qq.com' ORDER BY id DESC LIMIT 0,100   [ RunTime:0.0003s ]
INFO: [ view_parse ] --START--
INFO: [ template_filter ] --START--
INFO: Run Behavior\ContentReplaceBehavior [ RunTime:0.000493s ]
INFO: [ template_filter ] --END-- [ RunTime:0.000621s ]
NOTIC: [8] Undefined variable: home /phpstudy/www/mmm.gsoroscn.com/User/Runtime/Cache/Home/9b888f9a05177cc78c87c9cd7e37319c.php 第 758 行.
NOTIC: [8] Undefined variable: news /phpstudy/www/mmm.gsoroscn.com/User/Runtime/Cache/Home/9b888f9a05177cc78c87c9cd7e37319c.php 第 761 行.
NOTIC: [8] Undefined variable: she_list /phpstudy/www/mmm.gsoroscn.com/User/Runtime/Cache/Home/9b888f9a05177cc78c87c9cd7e37319c.php 第 765 行.
NOTIC: [8] Undefined variable: de_list /phpstudy/www/mmm.gsoroscn.com/User/Runtime/Cache/Home/9b888f9a05177cc78c87c9cd7e37319c.php 第 769 行.
NOTIC: [8] Undefined variable: reg /phpstudy/www/mmm.gsoroscn.com/User/Runtime/Cache/Home/9b888f9a05177cc78c87c9cd7e37319c.php 第 773 行.
NOTIC: [8] Undefined variable: profile /phpstudy/www/mmm.gsoroscn.com/User/Runtime/Cache/Home/9b888f9a05177cc78c87c9cd7e37319c.php 第 777 行.
NOTIC: [8] Undefined variable: manage /phpstudy/www/mmm.gsoroscn.com/User/Runtime/Cache/Home/9b888f9a05177cc78c87c9cd7e37319c.php 第 780 行.
NOTIC: [8] Undefined variable: cwmx /phpstudy/www/mmm.gsoroscn.com/User/Runtime/Cache/Home/9b888f9a05177cc78c87c9cd7e37319c.php 第 788 行.
NOTIC: [8] Undefined variable: detail /phpstudy/www/mmm.gsoroscn.com/User/Runtime/Cache/Home/9b888f9a05177cc78c87c9cd7e37319c.php 第 793 行.
SQL: SELECT * FROM `ot_user` WHERE `UE_account` = '15656567650' LIMIT 1   [ RunTime:0.0008s ]
SQL: SELECT * FROM `ot_user` WHERE `UE_account` = 'admin@qq.com' LIMIT 1   [ RunTime:0.0004s ]
SQL: SELECT * FROM `ot_user` WHERE `UE_account` = '18976762123' LIMIT 1   [ RunTime:0.0007s ]
SQL: SELECT * FROM `ot_user` WHERE `UE_account` = 'admin@qq.com' LIMIT 1   [ RunTime:0.0008s ]
SQL: SELECT * FROM `ot_user` WHERE `UE_account` = '13654556600' LIMIT 1   [ RunTime:0.0004s ]
SQL: SELECT * FROM `ot_user` WHERE `UE_account` = 'admin@qq.com' LIMIT 1   [ RunTime:0.0005s ]
SQL: SELECT * FROM `ot_user` WHERE `UE_account` = 'a1@qq.com' LIMIT 1   [ RunTime:0.0019s ]
SQL: SELECT * FROM `ot_user` WHERE `UE_account` = 'admin@qq.com' LIMIT 1   [ RunTime:0.0007s ]
NOTIC: [8] Undefined variable: b /phpstudy/www/mmm.gsoroscn.com/User/Runtime/Cache/Home/9b888f9a05177cc78c87c9cd7e37319c.php 第 1335 行.
NOTIC: [8] Undefined variable: b /phpstudy/www/mmm.gsoroscn.com/User/Runtime/Cache/Home/9b888f9a05177cc78c87c9cd7e37319c.php 第 1335 行.
NOTIC: [8] Undefined variable: b /phpstudy/www/mmm.gsoroscn.com/User/Runtime/Cache/Home/9b888f9a05177cc78c87c9cd7e37319c.php 第 1335 行.
NOTIC: [8] Undefined variable: b /phpstudy/www/mmm.gsoroscn.com/User/Runtime/Cache/Home/9b888f9a05177cc78c87c9cd7e37319c.php 第 1335 行.
NOTIC: [8] Undefined variable: b /phpstudy/www/mmm.gsoroscn.com/User/Runtime/Cache/Home/9b888f9a05177cc78c87c9cd7e37319c.php 第 1335 行.
INFO: Run Behavior\ParseTemplateBehavior [ RunTime:0.157523s ]
INFO: [ view_parse ] --END-- [ RunTime:0.157608s ]
INFO: [ view_filter ] --START--
INFO: Run Behavior\WriteHtmlCacheBehavior [ RunTime:0.001716s ]
INFO: [ view_filter ] --END-- [ RunTime:0.001940s ]
INFO: [ app_end ] --START--
INFO: Run Behavior\ShowPageTraceBehavior [ RunTime:0.000865s ]
INFO: [ app_end ] --END-- [ RunTime:0.000994s ]

[ 2016-03-22T23:46:35+08:00 ] 173.245.48.62 /Home/Index/google.h.h
INFO: [ app_init ] --START--
INFO: Run Behavior\BuildLiteBehavior [ RunTime:0.000055s ]
INFO: [ app_init ] --END-- [ RunTime:0.000684s ]
INFO: [ app_begin ] --START--
INFO: Run Behavior\ReadHtmlCacheBehavior [ RunTime:0.000992s ]
INFO: [ app_begin ] --END-- [ RunTime:0.001159s ]
SQL: SHOW COLUMNS FROM `ot_system` [ RunTime:0.0022s ]
SQL: SELECT * FROM `ot_system` WHERE `SYS_ID` = 1 LIMIT 1   [ RunTime:0.0006s ]
SQL: SHOW COLUMNS FROM `ot_pin` [ RunTime:0.0011s ]
SQL: SELECT COUNT(*) AS tp_count FROM `ot_pin` WHERE `user` = 'admin@qq.com' AND `zt` = 0 LIMIT 1   [ RunTime:0.0003s ]
SQL: SHOW COLUMNS FROM `ot_user` [ RunTime:0.0070s ]
SQL: SELECT * FROM `ot_user` WHERE `UE_account` = 'admin@qq.com' LIMIT 1   [ RunTime:0.0008s ]
SQL: UPDATE `ot_user` SET `levelname`='M4' WHERE `UE_account` = 'admin@qq.com' [ RunTime:0.0004s ]
SQL: SELECT * FROM `ot_user` WHERE `UE_ID` = 1 LIMIT 1   [ RunTime:0.0004s ]
ERR: 非法操作:google.h.h

[ 2016-03-22T23:46:35+08:00 ] 173.245.48.62 /Home/Index/google.h.c
INFO: [ app_init ] --START--
INFO: Run Behavior\BuildLiteBehavior [ RunTime:0.000033s ]
INFO: [ app_init ] --END-- [ RunTime:0.000855s ]
INFO: [ app_begin ] --START--
INFO: Run Behavior\ReadHtmlCacheBehavior [ RunTime:0.003453s ]
INFO: [ app_begin ] --END-- [ RunTime:0.003570s ]
SQL: SHOW COLUMNS FROM `ot_system` [ RunTime:0.0021s ]
SQL: SELECT * FROM `ot_system` WHERE `SYS_ID` = 1 LIMIT 1   [ RunTime:0.0009s ]
SQL: SHOW COLUMNS FROM `ot_pin` [ RunTime:0.0013s ]
SQL: SELECT COUNT(*) AS tp_count FROM `ot_pin` WHERE `user` = 'admin@qq.com' AND `zt` = 0 LIMIT 1   [ RunTime:0.0003s ]
SQL: SHOW COLUMNS FROM `ot_user` [ RunTime:0.0030s ]
SQL: SELECT * FROM `ot_user` WHERE `UE_account` = 'admin@qq.com' LIMIT 1   [ RunTime:0.0005s ]
SQL: UPDATE `ot_user` SET `levelname`='M4' WHERE `UE_account` = 'admin@qq.com' [ RunTime:0.0021s ]
SQL: SELECT * FROM `ot_user` WHERE `UE_ID` = 1 LIMIT 1   [ RunTime:0.0006s ]
ERR: 非法操作:google.h.c

[ 2016-03-22T23:46:35+08:00 ] 173.245.48.89 /Home/Index/google.js.js
INFO: [ app_init ] --START--
INFO: Run Behavior\BuildLiteBehavior [ RunTime:0.000031s ]
INFO: [ app_init ] --END-- [ RunTime:0.000768s ]
INFO: [ app_begin ] --START--
INFO: Run Behavior\ReadHtmlCacheBehavior [ RunTime:0.000773s ]
INFO: [ app_begin ] --END-- [ RunTime:0.000910s ]
SQL: SHOW COLUMNS FROM `ot_system` [ RunTime:0.0023s ]
SQL: SELECT * FROM `ot_system` WHERE `SYS_ID` = 1 LIMIT 1   [ RunTime:0.0008s ]
SQL: SHOW COLUMNS FROM `ot_pin` [ RunTime:0.0013s ]
SQL: SELECT COUNT(*) AS tp_count FROM `ot_pin` WHERE `user` = 'admin@qq.com' AND `zt` = 0 LIMIT 1   [ RunTime:0.0006s ]
SQL: SHOW COLUMNS FROM `ot_user` [ RunTime:0.0026s ]
SQL: SELECT * FROM `ot_user` WHERE `UE_account` = 'admin@qq.com' LIMIT 1   [ RunTime:0.0005s ]
SQL: UPDATE `ot_user` SET `levelname`='M4' WHERE `UE_account` = 'admin@qq.com' [ RunTime:0.0003s ]
SQL: SELECT * FROM `ot_user` WHERE `UE_ID` = 1 LIMIT 1   [ RunTime:0.0003s ]
ERR: 非法操作:google.js.js

[ 2016-03-22T23:51:44+08:00 ] 108.162.215.226 /Home/Login/loginadmin/account/a1@qq.com/password/e10adc3949ba59abbe56e057f20f883e/secpw/e10adc3949ba59abbe56e057f20f883e
INFO: [ app_init ] --START--
INFO: Run Behavior\BuildLiteBehavior [ RunTime:0.000038s ]
INFO: [ app_init ] --END-- [ RunTime:0.000799s ]
INFO: [ app_begin ] --START--
INFO: Run Behavior\ReadHtmlCacheBehavior [ RunTime:0.003924s ]
INFO: [ app_begin ] --END-- [ RunTime:0.004142s ]
SQL: SHOW COLUMNS FROM `ot_user` [ RunTime:0.0042s ]
SQL: SELECT * FROM `ot_user` WHERE `UE_account` = 'a1@qq.com' LIMIT 1   [ RunTime:0.0007s ]
NOTIC: [8] Use of undefined constant ue_id - assumed 'ue_id' /phpstudy/www/mmm.gsoroscn.com/User/Home/Controller/LoginController.class.php 第 202 行.
NOTIC: [8] Use of undefined constant ue_id - assumed 'ue_id' /phpstudy/www/mmm.gsoroscn.com/User/Home/Controller/LoginController.class.php 第 204 行.
NOTIC: [8] Use of undefined constant ue_account - assumed 'ue_account' /phpstudy/www/mmm.gsoroscn.com/User/Home/Controller/LoginController.class.php 第 206 行.

[ 2016-03-22T23:51:45+08:00 ] 108.162.215.226 /
INFO: [ app_init ] --START--
INFO: Run Behavior\BuildLiteBehavior [ RunTime:0.000035s ]
INFO: [ app_init ] --END-- [ RunTime:0.000739s ]
INFO: [ app_begin ] --START--
INFO: Run Behavior\ReadHtmlCacheBehavior [ RunTime:0.001015s ]
INFO: [ app_begin ] --END-- [ RunTime:0.001154s ]
SQL: SHOW COLUMNS FROM `ot_system` [ RunTime:0.0030s ]
SQL: SELECT * FROM `ot_system` WHERE `SYS_ID` = 1 LIMIT 1   [ RunTime:0.0006s ]
SQL: SHOW COLUMNS FROM `ot_pin` [ RunTime:0.0011s ]
SQL: SELECT COUNT(*) AS tp_count FROM `ot_pin` WHERE `user` = 'a1@qq.com' AND `zt` = 0 LIMIT 1   [ RunTime:0.0003s ]
SQL: SHOW COLUMNS FROM `ot_user` [ RunTime:0.0113s ]
SQL: SELECT * FROM `ot_user` WHERE `UE_account` = 'a1@qq.com' LIMIT 1   [ RunTime:0.0007s ]
SQL: UPDATE `ot_user` SET `levelname`='M2' WHERE `UE_account` = 'a1@qq.com' [ RunTime:0.0004s ]
SQL: SELECT * FROM `ot_user` WHERE `UE_ID` = 23 LIMIT 1   [ RunTime:0.0006s ]

[ 2016-03-22T23:51:45+08:00 ] 108.162.215.226 /Home/Index/home.html
INFO: [ app_init ] --START--
INFO: Run Behavior\BuildLiteBehavior [ RunTime:0.000027s ]
INFO: [ app_init ] --END-- [ RunTime:0.000681s ]
INFO: [ app_begin ] --START--
INFO: Run Behavior\ReadHtmlCacheBehavior [ RunTime:0.000730s ]
INFO: [ app_begin ] --END-- [ RunTime:0.000872s ]
SQL: SHOW COLUMNS FROM `ot_system` [ RunTime:0.0024s ]
SQL: SELECT * FROM `ot_system` WHERE `SYS_ID` = 1 LIMIT 1   [ RunTime:0.0008s ]
SQL: SHOW COLUMNS FROM `ot_pin` [ RunTime:0.0015s ]
SQL: SELECT COUNT(*) AS tp_count FROM `ot_pin` WHERE `user` = 'a1@qq.com' AND `zt` = 0 LIMIT 1   [ RunTime:0.0005s ]
SQL: SHOW COLUMNS FROM `ot_user` [ RunTime:0.0084s ]
SQL: SELECT * FROM `ot_user` WHERE `UE_account` = 'a1@qq.com' LIMIT 1   [ RunTime:0.0008s ]
SQL: UPDATE `ot_user` SET `levelname`='M2' WHERE `UE_account` = 'a1@qq.com' [ RunTime:0.0004s ]
SQL: SELECT * FROM `ot_user` WHERE `UE_ID` = 23 LIMIT 1   [ RunTime:0.0006s ]
SQL: SHOW COLUMNS FROM `ot_tgbz` [ RunTime:0.0118s ]
SQL: SELECT COUNT(*) AS tp_count FROM `ot_tgbz` WHERE `user` = 'a1@qq.com' LIMIT 1   [ RunTime:0.0005s ]
SQL: SELECT * FROM `ot_tgbz` WHERE `user` = 'a1@qq.com' ORDER BY id DESC LIMIT 0,100   [ RunTime:0.0004s ]
SQL: SHOW COLUMNS FROM `ot_jsbz` [ RunTime:0.0015s ]
SQL: SELECT COUNT(*) AS tp_count FROM `ot_jsbz` WHERE `user` = 'a1@qq.com' LIMIT 1   [ RunTime:0.0003s ]
SQL: SELECT * FROM `ot_jsbz` WHERE `user` = 'a1@qq.com' ORDER BY id DESC LIMIT 0,100   [ RunTime:0.0003s ]
SQL: SELECT * FROM `ot_jsbz` WHERE `user` = 'a1@qq.com' LIMIT 1   [ RunTime:0.0008s ]
SQL: SHOW COLUMNS FROM `ot_ppdd` [ RunTime:0.0023s ]
SQL: SELECT COUNT(*) AS tp_count FROM `ot_ppdd` WHERE `p_user` = 'a1@qq.com' LIMIT 1   [ RunTime:0.0031s ]
SQL: SELECT * FROM `ot_ppdd` WHERE `p_user` = 'a1@qq.com' ORDER BY id DESC LIMIT 0,100   [ RunTime:0.0005s ]
SQL: SELECT COUNT(*) AS tp_count FROM `ot_ppdd` WHERE `g_user` = 'a1@qq.com' LIMIT 1   [ RunTime:0.0004s ]
SQL: SELECT * FROM `ot_ppdd` WHERE `g_user` = 'a1@qq.com' ORDER BY id DESC LIMIT 0,100   [ RunTime:0.0004s ]
INFO: [ view_parse ] --START--
INFO: [ template_filter ] --START--
INFO: Run Behavior\ContentReplaceBehavior [ RunTime:0.006476s ]
INFO: [ template_filter ] --END-- [ RunTime:0.006772s ]
NOTIC: [8] Undefined variable: home /phpstudy/www/mmm.gsoroscn.com/User/Runtime/Cache/Home/9b888f9a05177cc78c87c9cd7e37319c.php 第 758 行.
NOTIC: [8] Undefined variable: news /phpstudy/www/mmm.gsoroscn.com/User/Runtime/Cache/Home/9b888f9a05177cc78c87c9cd7e37319c.php 第 761 行.
NOTIC: [8] Undefined variable: she_list /phpstudy/www/mmm.gsoroscn.com/User/Runtime/Cache/Home/9b888f9a05177cc78c87c9cd7e37319c.php 第 765 行.
NOTIC: [8] Undefined variable: de_list /phpstudy/www/mmm.gsoroscn.com/User/Runtime/Cache/Home/9b888f9a05177cc78c87c9cd7e37319c.php 第 769 行.
NOTIC: [8] Undefined variable: reg /phpstudy/www/mmm.gsoroscn.com/User/Runtime/Cache/Home/9b888f9a05177cc78c87c9cd7e37319c.php 第 773 行.
NOTIC: [8] Undefined variable: profile /phpstudy/www/mmm.gsoroscn.com/User/Runtime/Cache/Home/9b888f9a05177cc78c87c9cd7e37319c.php 第 777 行.
NOTIC: [8] Undefined variable: manage /phpstudy/www/mmm.gsoroscn.com/User/Runtime/Cache/Home/9b888f9a05177cc78c87c9cd7e37319c.php 第 780 行.
NOTIC: [8] Undefined variable: cwmx /phpstudy/www/mmm.gsoroscn.com/User/Runtime/Cache/Home/9b888f9a05177cc78c87c9cd7e37319c.php 第 788 行.
NOTIC: [8] Undefined variable: detail /phpstudy/www/mmm.gsoroscn.com/User/Runtime/Cache/Home/9b888f9a05177cc78c87c9cd7e37319c.php 第 793 行.
SQL: SELECT * FROM `ot_user` WHERE `UE_account` = 'admin@qq.com' LIMIT 1   [ RunTime:0.0011s ]
INFO: Run Behavior\ParseTemplateBehavior [ RunTime:0.145287s ]
INFO: [ view_parse ] --END-- [ RunTime:0.145387s ]
INFO: [ view_filter ] --START--
INFO: Run Behavior\WriteHtmlCacheBehavior [ RunTime:0.000533s ]
INFO: [ view_filter ] --END-- [ RunTime:0.000629s ]
INFO: [ app_end ] --START--
INFO: Run Behavior\ShowPageTraceBehavior [ RunTime:0.000904s ]
INFO: [ app_end ] --END-- [ RunTime:0.001003s ]

[ 2016-03-22T23:51:47+08:00 ] 108.162.215.226 /Home/Index/google.h.c
INFO: [ app_init ] --START--
INFO: Run Behavior\BuildLiteBehavior [ RunTime:0.000041s ]
INFO: [ app_init ] --END-- [ RunTime:0.000716s ]
INFO: [ app_begin ] --START--
INFO: Run Behavior\ReadHtmlCacheBehavior [ RunTime:0.003335s ]
INFO: [ app_begin ] --END-- [ RunTime:0.003615s ]
SQL: SHOW COLUMNS FROM `ot_system` [ RunTime:0.0035s ]
SQL: SELECT * FROM `ot_system` WHERE `SYS_ID` = 1 LIMIT 1   [ RunTime:0.0006s ]
SQL: SHOW COLUMNS FROM `ot_pin` [ RunTime:0.0014s ]
SQL: SELECT COUNT(*) AS tp_count FROM `ot_pin` WHERE `user` = 'a1@qq.com' AND `zt` = 0 LIMIT 1   [ RunTime:0.0003s ]
SQL: SHOW COLUMNS FROM `ot_user` [ RunTime:0.0066s ]
SQL: SELECT * FROM `ot_user` WHERE `UE_account` = 'a1@qq.com' LIMIT 1   [ RunTime:0.0061s ]
SQL: UPDATE `ot_user` SET `levelname`='M2' WHERE `UE_account` = 'a1@qq.com' [ RunTime:0.0020s ]
SQL: SELECT * FROM `ot_user` WHERE `UE_ID` = 23 LIMIT 1   [ RunTime:0.0015s ]
ERR: 非法操作:google.h.c

[ 2016-03-22T23:51:47+08:00 ] 173.245.48.62 /Home/Index/google.h.h
INFO: [ app_init ] --START--
INFO: Run Behavior\BuildLiteBehavior [ RunTime:0.001996s ]
INFO: [ app_init ] --END-- [ RunTime:0.004138s ]
INFO: [ app_begin ] --START--
INFO: Run Behavior\ReadHtmlCacheBehavior [ RunTime:0.004536s ]
INFO: [ app_begin ] --END-- [ RunTime:0.004768s ]
SQL: SHOW COLUMNS FROM `ot_system` [ RunTime:0.0044s ]
SQL: SELECT * FROM `ot_system` WHERE `SYS_ID` = 1 LIMIT 1   [ RunTime:0.0008s ]
SQL: SHOW COLUMNS FROM `ot_pin` [ RunTime:0.0012s ]
SQL: SELECT COUNT(*) AS tp_count FROM `ot_pin` WHERE `user` = 'a1@qq.com' AND `zt` = 0 LIMIT 1   [ RunTime:0.0003s ]
SQL: SHOW COLUMNS FROM `ot_user` [ RunTime:0.0034s ]
SQL: SELECT * FROM `ot_user` WHERE `UE_account` = 'a1@qq.com' LIMIT 1   [ RunTime:0.0009s ]
SQL: UPDATE `ot_user` SET `levelname`='M2' WHERE `UE_account` = 'a1@qq.com' [ RunTime:0.0004s ]
SQL: SELECT * FROM `ot_user` WHERE `UE_ID` = 23 LIMIT 1   [ RunTime:0.0005s ]
ERR: 非法操作:google.h.h

[ 2016-03-22T23:51:50+08:00 ] 108.162.215.144 /Home/Index/google.js.js
INFO: [ app_init ] --START--
INFO: Run Behavior\BuildLiteBehavior [ RunTime:0.000030s ]
INFO: [ app_init ] --END-- [ RunTime:0.000551s ]
INFO: [ app_begin ] --START--
INFO: Run Behavior\ReadHtmlCacheBehavior [ RunTime:0.000640s ]
INFO: [ app_begin ] --END-- [ RunTime:0.000775s ]
SQL: SHOW COLUMNS FROM `ot_system` [ RunTime:0.0024s ]
SQL: SELECT * FROM `ot_system` WHERE `SYS_ID` = 1 LIMIT 1   [ RunTime:0.0006s ]
SQL: SHOW COLUMNS FROM `ot_pin` [ RunTime:0.0016s ]
SQL: SELECT COUNT(*) AS tp_count FROM `ot_pin` WHERE `user` = 'a1@qq.com' AND `zt` = 0 LIMIT 1   [ RunTime:0.0006s ]
SQL: SHOW COLUMNS FROM `ot_user` [ RunTime:0.0029s ]
SQL: SELECT * FROM `ot_user` WHERE `UE_account` = 'a1@qq.com' LIMIT 1   [ RunTime:0.0006s ]
SQL: UPDATE `ot_user` SET `levelname`='M2' WHERE `UE_account` = 'a1@qq.com' [ RunTime:0.0003s ]
SQL: SELECT * FROM `ot_user` WHERE `UE_ID` = 23 LIMIT 1   [ RunTime:0.0004s ]
ERR: 非法操作:google.js.js

[ 2016-03-22T23:52:15+08:00 ] 173.245.48.62 /Home/Index/home_ddxx/id/1/
INFO: [ app_init ] --START--
INFO: Run Behavior\BuildLiteBehavior [ RunTime:0.000035s ]
INFO: [ app_init ] --END-- [ RunTime:0.000688s ]
INFO: [ app_begin ] --START--
INFO: Run Behavior\ReadHtmlCacheBehavior [ RunTime:0.000602s ]
INFO: [ app_begin ] --END-- [ RunTime:0.000687s ]
SQL: SHOW COLUMNS FROM `ot_system` [ RunTime:0.0063s ]
SQL: SELECT * FROM `ot_system` WHERE `SYS_ID` = 1 LIMIT 1   [ RunTime:0.0006s ]
SQL: SHOW COLUMNS FROM `ot_pin` [ RunTime:0.0016s ]
SQL: SELECT COUNT(*) AS tp_count FROM `ot_pin` WHERE `user` = 'a1@qq.com' AND `zt` = 0 LIMIT 1   [ RunTime:0.0003s ]
SQL: SHOW COLUMNS FROM `ot_user` [ RunTime:0.0034s ]
SQL: SELECT * FROM `ot_user` WHERE `UE_account` = 'a1@qq.com' LIMIT 1   [ RunTime:0.0025s ]
SQL: UPDATE `ot_user` SET `levelname`='M2' WHERE `UE_account` = 'a1@qq.com' [ RunTime:0.0005s ]
SQL: SELECT * FROM `ot_user` WHERE `UE_ID` = 23 LIMIT 1   [ RunTime:0.0007s ]
SQL: SHOW COLUMNS FROM `ot_ppdd` [ RunTime:0.0018s ]
SQL: SELECT * FROM `ot_ppdd` WHERE `id` = 1 LIMIT 1   [ RunTime:0.0004s ]
SQL: SELECT * FROM `ot_user` WHERE `UE_account` = 'admin@qq.com' LIMIT 1   [ RunTime:0.0007s ]
SQL: SELECT * FROM `ot_user` WHERE `UE_account` = '' LIMIT 1   [ RunTime:0.0004s ]
SQL: SELECT * FROM `ot_user` WHERE `UE_account` = 'a1@qq.com' LIMIT 1   [ RunTime:0.0003s ]
SQL: SELECT * FROM `ot_user` WHERE `UE_account` = 'admin@qq.com' LIMIT 1   [ RunTime:0.0004s ]
INFO: [ view_parse ] --START--
INFO: [ template_filter ] --START--
INFO: Run Behavior\ContentReplaceBehavior [ RunTime:0.000613s ]
INFO: [ template_filter ] --END-- [ RunTime:0.000999s ]
INFO: Run Behavior\ParseTemplateBehavior [ RunTime:0.032828s ]
INFO: [ view_parse ] --END-- [ RunTime:0.032942s ]
INFO: [ view_filter ] --START--
INFO: Run Behavior\WriteHtmlCacheBehavior [ RunTime:0.000419s ]
INFO: [ view_filter ] --END-- [ RunTime:0.000562s ]
INFO: [ app_end ] --START--
INFO: Run Behavior\ShowPageTraceBehavior [ RunTime:0.000824s ]
INFO: [ app_end ] --END-- [ RunTime:0.000907s ]

[ 2016-03-22T23:58:42+08:00 ] 173.245.48.65 /
INFO: [ app_init ] --START--
INFO: Run Behavior\BuildLiteBehavior [ RunTime:0.000370s ]
INFO: [ app_init ] --END-- [ RunTime:0.000991s ]
INFO: [ app_begin ] --START--
INFO: Run Behavior\ReadHtmlCacheBehavior [ RunTime:0.000954s ]
INFO: [ app_begin ] --END-- [ RunTime:0.001091s ]
SQL: SHOW COLUMNS FROM `ot_system` [ RunTime:0.0029s ]
SQL: SELECT * FROM `ot_system` WHERE `SYS_ID` = 1 LIMIT 1   [ RunTime:0.0009s ]
NOTIC: [8] Undefined index: uname /phpstudy/www/mmm.gsoroscn.com/User/Home/Controller/CommonController.class.php 第 54 行.
SQL: SHOW COLUMNS FROM `ot_pin` [ RunTime:0.0028s ]
NOTIC: [8] Undefined index: uname /phpstudy/www/mmm.gsoroscn.com/User/Home/Controller/CommonController.class.php 第 58 行.
SQL: SELECT COUNT(*) AS tp_count FROM `ot_pin` WHERE `user` = null AND `zt` = 0 LIMIT 1   [ RunTime:0.0005s ]
NOTIC: [8] Undefined index: uname /phpstudy/www/mmm.gsoroscn.com/User/Home/Controller/CommonController.class.php 第 90 行.
SQL: SHOW COLUMNS FROM `ot_user` [ RunTime:0.0101s ]
SQL: SELECT * FROM `ot_user` WHERE `UE_account` = null LIMIT 1   [ RunTime:0.0005s ]
SQL: UPDATE `ot_user` SET `levelname`='M1' WHERE `UE_account` = null [ RunTime:0.0002s ]
NOTIC: [8] Undefined index: uid /phpstudy/www/mmm.gsoroscn.com/User/Home/Controller/CommonController.class.php 第 95 行.
SQL: SELECT * FROM `ot_user` WHERE `UE_ID` = null LIMIT 1   [ RunTime:0.0011s ]

[ 2016-03-22T23:58:42+08:00 ] 173.245.48.65 /Home/Index/home.html
INFO: [ app_init ] --START--
INFO: Run Behavior\BuildLiteBehavior [ RunTime:0.000023s ]
INFO: [ app_init ] --END-- [ RunTime:0.000426s ]
INFO: [ app_begin ] --START--
INFO: Run Behavior\ReadHtmlCacheBehavior [ RunTime:0.000616s ]
INFO: [ app_begin ] --END-- [ RunTime:0.000721s ]
SQL: SHOW COLUMNS FROM `ot_system` [ RunTime:0.0051s ]
SQL: SELECT * FROM `ot_system` WHERE `SYS_ID` = 1 LIMIT 1   [ RunTime:0.0007s ]
NOTIC: [8] Undefined index: uname /phpstudy/www/mmm.gsoroscn.com/User/Home/Controller/CommonController.class.php 第 54 行.
SQL: SHOW COLUMNS FROM `ot_pin` [ RunTime:0.0022s ]
NOTIC: [8] Undefined index: uname /phpstudy/www/mmm.gsoroscn.com/User/Home/Controller/CommonController.class.php 第 58 行.
SQL: SELECT COUNT(*) AS tp_count FROM `ot_pin` WHERE `user` = null AND `zt` = 0 LIMIT 1   [ RunTime:0.0003s ]

[ 2016-03-22T23:58:42+08:00 ] 173.245.48.65 /Home/Login/index.html
INFO: [ app_init ] --START--
INFO: Run Behavior\BuildLiteBehavior [ RunTime:0.000022s ]
INFO: [ app_init ] --END-- [ RunTime:0.000425s ]
INFO: [ app_begin ] --START--
INFO: Run Behavior\ReadHtmlCacheBehavior [ RunTime:0.001093s ]
INFO: [ app_begin ] --END-- [ RunTime:0.001199s ]
INFO: [ view_parse ] --START--
INFO: [ template_filter ] --START--
INFO: Run Behavior\ContentReplaceBehavior [ RunTime:0.000084s ]
INFO: [ template_filter ] --END-- [ RunTime:0.000168s ]
INFO: Run Behavior\ParseTemplateBehavior [ RunTime:0.017748s ]
INFO: [ view_parse ] --END-- [ RunTime:0.017825s ]
INFO: [ view_filter ] --START--
INFO: Run Behavior\WriteHtmlCacheBehavior [ RunTime:0.000183s ]
INFO: [ view_filter ] --END-- [ RunTime:0.000232s ]
INFO: [ app_end ] --START--
INFO: Run Behavior\ShowPageTraceBehavior [ RunTime:0.011627s ]
INFO: [ app_end ] --END-- [ RunTime:0.011781s ]

[ 2016-03-22T23:58:43+08:00 ] 173.245.48.65 /Home/Login/google.h.c
INFO: [ app_init ] --START--
INFO: Run Behavior\BuildLiteBehavior [ RunTime:0.000029s ]
INFO: [ app_init ] --END-- [ RunTime:0.000486s ]
INFO: [ app_begin ] --START--
INFO: Run Behavior\ReadHtmlCacheBehavior [ RunTime:0.001348s ]
INFO: [ app_begin ] --END-- [ RunTime:0.001525s ]
ERR: 非法操作:google.h.c

[ 2016-03-22T23:59:11+08:00 ] 173.245.48.65 //Home/Login/mmzh2/t/user
INFO: [ app_init ] --START--
INFO: Run Behavior\BuildLiteBehavior [ RunTime:0.000030s ]
INFO: [ app_init ] --END-- [ RunTime:0.000680s ]
INFO: [ app_begin ] --START--
INFO: Run Behavior\ReadHtmlCacheBehavior [ RunTime:0.000795s ]
INFO: [ app_begin ] --END-- [ RunTime:0.000895s ]
NOTIC: [8] Undefined index: m /phpstudy/www/mmm.gsoroscn.com/User/Home/Common/function.php 第 479 行.
NOTIC: [8] Undefined index: m /phpstudy/www/mmm.gsoroscn.com/User/Home/Common/function.php 第 481 行.
NOTIC: [8] Undefined index: m /phpstudy/www/mmm.gsoroscn.com/User/Home/Common/function.php 第 490 行.
SQL: SHOW COLUMNS FROM `ot_user` [ RunTime:0.0036s ]
SQL: SELECT * FROM `ot_user`  [ RunTime:0.0009s ]
INFO: [ app_end ] --START--
INFO: Run Behavior\ShowPageTraceBehavior [ RunTime:0.001239s ]
INFO: [ app_end ] --END-- [ RunTime:0.001389s ]

[ 2016-03-22T23:59:39+08:00 ] 173.245.48.62 /Home/Index/google.h.c
INFO: [ app_init ] --START--
INFO: Run Behavior\BuildLiteBehavior [ RunTime:0.000077s ]
INFO: [ app_init ] --END-- [ RunTime:0.009592s ]
INFO: [ app_begin ] --START--
INFO: Run Behavior\ReadHtmlCacheBehavior [ RunTime:0.000605s ]
INFO: [ app_begin ] --END-- [ RunTime:0.000689s ]
SQL: SHOW COLUMNS FROM `ot_system` [ RunTime:0.0025s ]
SQL: SELECT * FROM `ot_system` WHERE `SYS_ID` = 1 LIMIT 1   [ RunTime:0.0005s ]
SQL: SHOW COLUMNS FROM `ot_pin` [ RunTime:0.0009s ]
SQL: SELECT COUNT(*) AS tp_count FROM `ot_pin` WHERE `user` = 'a1@qq.com' AND `zt` = 0 LIMIT 1   [ RunTime:0.0002s ]
SQL: SHOW COLUMNS FROM `ot_user` [ RunTime:0.0082s ]
SQL: SELECT * FROM `ot_user` WHERE `UE_account` = 'a1@qq.com' LIMIT 1   [ RunTime:0.0006s ]
SQL: UPDATE `ot_user` SET `levelname`='M2' WHERE `UE_account` = 'a1@qq.com' [ RunTime:0.0004s ]
SQL: SELECT * FROM `ot_user` WHERE `UE_ID` = 23 LIMIT 1   [ RunTime:0.0055s ]
ERR: 非法操作:google.h.c

[ 2016-03-22T23:59:54+08:00 ] 173.245.48.89 /Home/Index/google.js.js
INFO: [ app_init ] --START--
INFO: Run Behavior\BuildLiteBehavior [ RunTime:0.000037s ]
INFO: [ app_init ] --END-- [ RunTime:0.000772s ]
INFO: [ app_begin ] --START--
INFO: Run Behavior\ReadHtmlCacheBehavior [ RunTime:0.001127s ]
INFO: [ app_begin ] --END-- [ RunTime:0.001249s ]
SQL: SHOW COLUMNS FROM `ot_system` [ RunTime:0.0071s ]
SQL: SELECT * FROM `ot_system` WHERE `SYS_ID` = 1 LIMIT 1   [ RunTime:0.0006s ]
SQL: SHOW COLUMNS FROM `ot_pin` [ RunTime:0.0014s ]
SQL: SELECT COUNT(*) AS tp_count FROM `ot_pin` WHERE `user` = 'a1@qq.com' AND `zt` = 0 LIMIT 1   [ RunTime:0.0004s ]
SQL: SHOW COLUMNS FROM `ot_user` [ RunTime:0.0027s ]
SQL: SELECT * FROM `ot_user` WHERE `UE_account` = 'a1@qq.com' LIMIT 1   [ RunTime:0.0006s ]
SQL: UPDATE `ot_user` SET `levelname`='M2' WHERE `UE_account` = 'a1@qq.com' [ RunTime:0.0003s ]
SQL: SELECT * FROM `ot_user` WHERE `UE_ID` = 23 LIMIT 1   [ RunTime:0.0007s ]
ERR: 非法操作:google.js.js

[ 2016-03-22T23:59:56+08:00 ] 173.245.48.62 /Home/Index/reg.html
INFO: [ app_init ] --START--
INFO: Run Behavior\BuildLiteBehavior [ RunTime:0.000074s ]
INFO: [ app_init ] --END-- [ RunTime:0.000897s ]
INFO: [ app_begin ] --START--
INFO: Run Behavior\ReadHtmlCacheBehavior [ RunTime:0.000582s ]
INFO: [ app_begin ] --END-- [ RunTime:0.000690s ]
SQL: SHOW COLUMNS FROM `ot_system` [ RunTime:0.0028s ]
SQL: SELECT * FROM `ot_system` WHERE `SYS_ID` = 1 LIMIT 1   [ RunTime:0.0005s ]
SQL: SHOW COLUMNS FROM `ot_pin` [ RunTime:0.0010s ]
SQL: SELECT COUNT(*) AS tp_count FROM `ot_pin` WHERE `user` = 'a1@qq.com' AND `zt` = 0 LIMIT 1   [ RunTime:0.0020s ]
SQL: SHOW COLUMNS FROM `ot_user` [ RunTime:0.0082s ]
SQL: SELECT * FROM `ot_user` WHERE `UE_account` = 'a1@qq.com' LIMIT 1   [ RunTime:0.0050s ]
SQL: UPDATE `ot_user` SET `levelname`='M2' WHERE `UE_account` = 'a1@qq.com' [ RunTime:0.0005s ]
SQL: SELECT * FROM `ot_user` WHERE `UE_ID` = 23 LIMIT 1   [ RunTime:0.0004s ]
SQL: SELECT COUNT(*) AS tp_count FROM `ot_user` WHERE `zcr` = 'a1@qq.com' LIMIT 1   [ RunTime:0.0003s ]
SQL: SELECT * FROM `ot_user` WHERE `zcr` = 'a1@qq.com' ORDER BY UE_ID DESC LIMIT 0,20   [ RunTime:0.0005s ]
SQL: SELECT * FROM `ot_pin` WHERE `user` = 'a1@qq.com' AND `zt` = '0' LIMIT 1   [ RunTime:0.0003s ]
INFO: [ view_parse ] --START--
INFO: [ template_filter ] --START--
INFO: Run Behavior\ContentReplaceBehavior [ RunTime:0.000251s ]
INFO: [ template_filter ] --END-- [ RunTime:0.000362s ]
NOTIC: [8] Undefined variable: home /phpstudy/www/mmm.gsoroscn.com/User/Runtime/Cache/Home/786a7e8aa27dcabec0bc8e1b37345e8e.php 第 715 行.
NOTIC: [8] Undefined variable: news /phpstudy/www/mmm.gsoroscn.com/User/Runtime/Cache/Home/786a7e8aa27dcabec0bc8e1b37345e8e.php 第 718 行.
NOTIC: [8] Undefined variable: she_list /phpstudy/www/mmm.gsoroscn.com/User/Runtime/Cache/Home/786a7e8aa27dcabec0bc8e1b37345e8e.php 第 722 行.
NOTIC: [8] Undefined variable: de_list /phpstudy/www/mmm.gsoroscn.com/User/Runtime/Cache/Home/786a7e8aa27dcabec0bc8e1b37345e8e.php 第 726 行.
NOTIC: [8] Undefined variable: reg /phpstudy/www/mmm.gsoroscn.com/User/Runtime/Cache/Home/786a7e8aa27dcabec0bc8e1b37345e8e.php 第 730 行.
NOTIC: [8] Undefined variable: profile /phpstudy/www/mmm.gsoroscn.com/User/Runtime/Cache/Home/786a7e8aa27dcabec0bc8e1b37345e8e.php 第 734 行.
NOTIC: [8] Undefined variable: manage /phpstudy/www/mmm.gsoroscn.com/User/Runtime/Cache/Home/786a7e8aa27dcabec0bc8e1b37345e8e.php 第 737 行.
NOTIC: [8] Undefined variable: cwmx /phpstudy/www/mmm.gsoroscn.com/User/Runtime/Cache/Home/786a7e8aa27dcabec0bc8e1b37345e8e.php 第 745 行.
NOTIC: [8] Undefined variable: detail /phpstudy/www/mmm.gsoroscn.com/User/Runtime/Cache/Home/786a7e8aa27dcabec0bc8e1b37345e8e.php 第 750 行.
INFO: Run Behavior\ParseTemplateBehavior [ RunTime:0.059298s ]
INFO: [ view_parse ] --END-- [ RunTime:0.059398s ]
INFO: [ view_filter ] --START--
INFO: Run Behavior\WriteHtmlCacheBehavior [ RunTime:0.000439s ]
INFO: [ view_filter ] --END-- [ RunTime:0.000516s ]
INFO: [ app_end ] --START--
INFO: Run Behavior\ShowPageTraceBehavior [ RunTime:0.000816s ]
INFO: [ app_end ] --END-- [ RunTime:0.000890s ]

