[ 2016-05-03T10:52:40+08:00 ] 116.18.189.231 /admin.php/Home/Index/userlist
INFO: [ app_begin ] --START--
INFO: Run Behavior\ReadHtmlCacheBehavior [ RunTime:0.000361s ]
INFO: [ app_begin ] --END-- [ RunTime:0.000635s ]
SQL: SHOW COLUMNS FROM `ot_user` [ RunTime:0.0024s ]
NOTIC: [8] Undefined variable: map /phpstudy/www/mmm.bianji.cn/snadmin/Home/Controller/IndexController.class.php 第 295 行.
SQL: SELECT COUNT(*) AS tp_count FROM `ot_user` LIMIT 1   [ RunTime:0.0001s ]
NOTIC: [8] Undefined variable: map /phpstudy/www/mmm.bianji.cn/snadmin/Home/Controller/IndexController.class.php 第 300 行.
SQL: SELECT * FROM `ot_user` ORDER BY UE_ID LIMIT 0,20   [ RunTime:0.0003s ]
INFO: [ view_parse ] --START--
INFO: [ template_filter ] --START--
INFO: Run Behavior\ContentReplaceBehavior [ RunTime:0.000042s ]
INFO: [ template_filter ] --END-- [ RunTime:0.000084s ]
SQL: SELECT COUNT(*) AS tp_count FROM `ot_user` WHERE `UE_regIP` = '127.0.0.1' LIMIT 1   [ RunTime:0.0002s ]
SQL: SELECT COUNT(*) AS tp_count FROM `ot_user` WHERE `UE_regIP` = '123.151.42.47' LIMIT 1   [ RunTime:0.0001s ]
SQL: SELECT COUNT(*) AS tp_count FROM `ot_user` WHERE `UE_regIP` = '14.156.245.8' LIMIT 1   [ RunTime:0.0001s ]
SQL: SELECT COUNT(*) AS tp_count FROM `ot_user` WHERE `UE_regIP` = '14.156.245.8' LIMIT 1   [ RunTime:0.0001s ]
INFO: Run Behavior\ParseTemplateBehavior [ RunTime:0.008989s ]
INFO: [ view_parse ] --END-- [ RunTime:0.009035s ]
INFO: [ view_filter ] --START--
INFO: Run Behavior\WriteHtmlCacheBehavior [ RunTime:0.000117s ]
INFO: [ view_filter ] --END-- [ RunTime:0.000153s ]
INFO: [ app_end ] --START--
INFO: Run Behavior\ShowPageTraceBehavior [ RunTime:0.000384s ]
INFO: [ app_end ] --END-- [ RunTime:0.000426s ]

[ 2016-05-03T10:52:46+08:00 ] 116.18.189.231 /admin.php/Home/Index/user_xg/user/admin@qq.com
INFO: [ app_begin ] --START--
INFO: Run Behavior\ReadHtmlCacheBehavior [ RunTime:0.000358s ]
INFO: [ app_begin ] --END-- [ RunTime:0.000633s ]
SQL: SHOW COLUMNS FROM `ot_user` [ RunTime:0.0024s ]
SQL: SELECT * FROM `ot_user` WHERE `UE_account` = 'admin@qq.com' LIMIT 1   [ RunTime:0.0003s ]
INFO: [ view_parse ] --START--
INFO: [ template_filter ] --START--
INFO: Run Behavior\ContentReplaceBehavior [ RunTime:0.000043s ]
INFO: [ template_filter ] --END-- [ RunTime:0.000088s ]
NOTIC: [8] Undefined index: UE_status /phpstudy/www/mmm.bianji.cn/snadmin/Runtime/Cache/Home/a2671ee013aaea3677a317bb326b9791.php 第 34 行.
INFO: Run Behavior\ParseTemplateBehavior [ RunTime:0.006542s ]
INFO: [ view_parse ] --END-- [ RunTime:0.006592s ]
INFO: [ view_filter ] --START--
INFO: Run Behavior\WriteHtmlCacheBehavior [ RunTime:0.000114s ]
INFO: [ view_filter ] --END-- [ RunTime:0.000151s ]
INFO: [ app_end ] --START--
INFO: Run Behavior\ShowPageTraceBehavior [ RunTime:0.000393s ]
INFO: [ app_end ] --END-- [ RunTime:0.000437s ]

[ 2016-05-03T10:52:53+08:00 ] 116.18.189.231 /admin.php/Home/Index/user_xg/user/18623720555
INFO: [ app_begin ] --START--
INFO: Run Behavior\ReadHtmlCacheBehavior [ RunTime:0.000378s ]
INFO: [ app_begin ] --END-- [ RunTime:0.000642s ]
SQL: SHOW COLUMNS FROM `ot_user` [ RunTime:0.0024s ]
SQL: SELECT * FROM `ot_user` WHERE `UE_account` = '18623720555' LIMIT 1   [ RunTime:0.0003s ]
INFO: [ view_parse ] --START--
INFO: [ template_filter ] --START--
INFO: Run Behavior\ContentReplaceBehavior [ RunTime:0.000042s ]
INFO: [ template_filter ] --END-- [ RunTime:0.000086s ]
NOTIC: [8] Undefined index: UE_status /phpstudy/www/mmm.bianji.cn/snadmin/Runtime/Cache/Home/a2671ee013aaea3677a317bb326b9791.php 第 34 行.
INFO: Run Behavior\ParseTemplateBehavior [ RunTime:0.006542s ]
INFO: [ view_parse ] --END-- [ RunTime:0.006590s ]
INFO: [ view_filter ] --START--
INFO: Run Behavior\WriteHtmlCacheBehavior [ RunTime:0.000114s ]
INFO: [ view_filter ] --END-- [ RunTime:0.000151s ]
INFO: [ app_end ] --START--
INFO: Run Behavior\ShowPageTraceBehavior [ RunTime:0.000385s ]
INFO: [ app_end ] --END-- [ RunTime:0.000429s ]

[ 2016-05-03T10:53:00+08:00 ] 116.18.189.231 /admin.php/Home/Index/user_xg/user/13266776667
INFO: [ app_begin ] --START--
INFO: Run Behavior\ReadHtmlCacheBehavior [ RunTime:0.000367s ]
INFO: [ app_begin ] --END-- [ RunTime:0.000626s ]
SQL: SHOW COLUMNS FROM `ot_user` [ RunTime:0.0023s ]
SQL: SELECT * FROM `ot_user` WHERE `UE_account` = '13266776667' LIMIT 1   [ RunTime:0.0003s ]
INFO: [ view_parse ] --START--
INFO: [ template_filter ] --START--
INFO: Run Behavior\ContentReplaceBehavior [ RunTime:0.000043s ]
INFO: [ template_filter ] --END-- [ RunTime:0.000083s ]
NOTIC: [8] Undefined index: UE_status /phpstudy/www/mmm.bianji.cn/snadmin/Runtime/Cache/Home/a2671ee013aaea3677a317bb326b9791.php 第 34 行.
INFO: Run Behavior\ParseTemplateBehavior [ RunTime:0.006331s ]
INFO: [ view_parse ] --END-- [ RunTime:0.006369s ]
INFO: [ view_filter ] --START--
INFO: Run Behavior\WriteHtmlCacheBehavior [ RunTime:0.000112s ]
INFO: [ view_filter ] --END-- [ RunTime:0.000149s ]
INFO: [ app_end ] --START--
INFO: Run Behavior\ShowPageTraceBehavior [ RunTime:0.000372s ]
INFO: [ app_end ] --END-- [ RunTime:0.000414s ]

[ 2016-05-03T10:53:03+08:00 ] 116.18.189.231 /admin.php/Home/Index/user_xg/user/admin@qq.com
INFO: [ app_begin ] --START--
INFO: Run Behavior\ReadHtmlCacheBehavior [ RunTime:0.000362s ]
INFO: [ app_begin ] --END-- [ RunTime:0.000613s ]
SQL: SHOW COLUMNS FROM `ot_user` [ RunTime:0.0022s ]
SQL: SELECT * FROM `ot_user` WHERE `UE_account` = 'admin@qq.com' LIMIT 1   [ RunTime:0.0003s ]
INFO: [ view_parse ] --START--
INFO: [ template_filter ] --START--
INFO: Run Behavior\ContentReplaceBehavior [ RunTime:0.000042s ]
INFO: [ template_filter ] --END-- [ RunTime:0.000082s ]
NOTIC: [8] Undefined index: UE_status /phpstudy/www/mmm.bianji.cn/snadmin/Runtime/Cache/Home/a2671ee013aaea3677a317bb326b9791.php 第 34 行.
INFO: Run Behavior\ParseTemplateBehavior [ RunTime:0.006209s ]
INFO: [ view_parse ] --END-- [ RunTime:0.006247s ]
INFO: [ view_filter ] --START--
INFO: Run Behavior\WriteHtmlCacheBehavior [ RunTime:0.000107s ]
INFO: [ view_filter ] --END-- [ RunTime:0.000143s ]
INFO: [ app_end ] --START--
INFO: Run Behavior\ShowPageTraceBehavior [ RunTime:0.000371s ]
INFO: [ app_end ] --END-- [ RunTime:0.000412s ]

[ 2016-05-03T11:42:10+08:00 ] 116.18.189.231 /admin.php/Home/Index/team/user/18623720555
INFO: [ app_begin ] --START--
INFO: Run Behavior\ReadHtmlCacheBehavior [ RunTime:0.000351s ]
INFO: [ app_begin ] --END-- [ RunTime:0.000607s ]
INFO: [ view_parse ] --START--
INFO: [ template_filter ] --START--
INFO: Run Behavior\ContentReplaceBehavior [ RunTime:0.000036s ]
INFO: [ template_filter ] --END-- [ RunTime:0.000076s ]
INFO: Run Behavior\ParseTemplateBehavior [ RunTime:0.004914s ]
INFO: [ view_parse ] --END-- [ RunTime:0.004955s ]
INFO: [ view_filter ] --START--
INFO: Run Behavior\WriteHtmlCacheBehavior [ RunTime:0.000109s ]
INFO: [ view_filter ] --END-- [ RunTime:0.000146s ]
INFO: [ app_end ] --START--
INFO: Run Behavior\ShowPageTraceBehavior [ RunTime:0.000352s ]
INFO: [ app_end ] --END-- [ RunTime:0.000389s ]

[ 2016-05-03T11:42:11+08:00 ] 116.18.189.231 /admin.php/Home/Common/getTree
INFO: [ app_begin ] --START--
INFO: Run Behavior\ReadHtmlCacheBehavior [ RunTime:0.000333s ]
INFO: [ app_begin ] --END-- [ RunTime:0.000569s ]
SQL: SHOW COLUMNS FROM `ot_user` [ RunTime:0.0024s ]
SQL: SELECT * FROM `ot_user` WHERE `UE_account` = '18623720555' LIMIT 1   [ RunTime:0.0003s ]
SQL: SELECT `UE_account` FROM `ot_user` WHERE `UE_accName` = '18623720555'  [ RunTime:0.0001s ]
INFO: [ app_end ] --START--
INFO: Run Behavior\ShowPageTraceBehavior [ RunTime:0.000546s ]
INFO: [ app_end ] --END-- [ RunTime:0.000595s ]

[ 2016-05-03T11:42:13+08:00 ] 116.18.189.231 /admin.php/Home/Index/team
INFO: [ app_begin ] --START--
INFO: Run Behavior\ReadHtmlCacheBehavior [ RunTime:0.000369s ]
INFO: [ app_begin ] --END-- [ RunTime:0.000630s ]
INFO: [ view_parse ] --START--
INFO: [ template_filter ] --START--
INFO: Run Behavior\ContentReplaceBehavior [ RunTime:0.000039s ]
INFO: [ template_filter ] --END-- [ RunTime:0.000080s ]
INFO: Run Behavior\ParseTemplateBehavior [ RunTime:0.005119s ]
INFO: [ view_parse ] --END-- [ RunTime:0.005161s ]
INFO: [ view_filter ] --START--
INFO: Run Behavior\WriteHtmlCacheBehavior [ RunTime:0.000106s ]
INFO: [ view_filter ] --END-- [ RunTime:0.000143s ]
INFO: [ app_end ] --START--
INFO: Run Behavior\ShowPageTraceBehavior [ RunTime:0.000367s ]
INFO: [ app_end ] --END-- [ RunTime:0.000409s ]

[ 2016-05-03T11:42:14+08:00 ] 116.18.189.231 /admin.php/Home/Common/getTree
INFO: [ app_begin ] --START--
INFO: Run Behavior\ReadHtmlCacheBehavior [ RunTime:0.000327s ]
INFO: [ app_begin ] --END-- [ RunTime:0.000563s ]
SQL: SHOW COLUMNS FROM `ot_user` [ RunTime:0.0023s ]
SQL: SELECT * FROM `ot_user` WHERE `UE_account` = 'admin@qq.com' LIMIT 1   [ RunTime:0.0003s ]
SQL: SELECT `UE_account` FROM `ot_user` WHERE `UE_accName` = 'admin@qq.com'  [ RunTime:0.0001s ]
SQL: SELECT * FROM `ot_user` WHERE `UE_account` = '13266776666' LIMIT 1   [ RunTime:0.0002s ]
SQL: SELECT `UE_account` FROM `ot_user` WHERE `UE_accName` = '13266776666'  [ RunTime:0.0001s ]
SQL: SELECT * FROM `ot_user` WHERE `UE_account` = '13266776667' LIMIT 1   [ RunTime:0.0002s ]
SQL: SELECT `UE_account` FROM `ot_user` WHERE `UE_accName` = '13266776667'  [ RunTime:0.0001s ]
SQL: SELECT * FROM `ot_user` WHERE `UE_account` = '18623720555' LIMIT 1   [ RunTime:0.0002s ]
SQL: SELECT `UE_account` FROM `ot_user` WHERE `UE_accName` = '18623720555'  [ RunTime:0.0001s ]
INFO: [ app_end ] --START--
INFO: Run Behavior\ShowPageTraceBehavior [ RunTime:0.000548s ]
INFO: [ app_end ] --END-- [ RunTime:0.000590s ]

[ 2016-05-03T11:42:19+08:00 ] 116.18.189.231 /admin.php/Home/Index/txlist
INFO: [ app_begin ] --START--
INFO: Run Behavior\ReadHtmlCacheBehavior [ RunTime:0.000344s ]
INFO: [ app_begin ] --END-- [ RunTime:0.000597s ]
SQL: SHOW COLUMNS FROM `ot_tixian` [ RunTime:0.0007s ]
NOTIC: [8] Undefined variable: map /phpstudy/www/mmm.bianji.cn/snadmin/Home/Controller/IndexController.class.php 第 266 行.
SQL: SELECT COUNT(*) AS tp_count FROM `ot_tixian` LIMIT 1   [ RunTime:0.0001s ]
NOTIC: [8] Undefined variable: map /phpstudy/www/mmm.bianji.cn/snadmin/Home/Controller/IndexController.class.php 第 271 行.
SQL: SELECT * FROM `ot_tixian` ORDER BY id LIMIT 0,20   [ RunTime:0.0001s ]
INFO: [ view_parse ] --START--
INFO: [ template_filter ] --START--
INFO: Run Behavior\ContentReplaceBehavior [ RunTime:0.000040s ]
INFO: [ template_filter ] --END-- [ RunTime:0.000082s ]
INFO: Run Behavior\ParseTemplateBehavior [ RunTime:0.007097s ]
INFO: [ view_parse ] --END-- [ RunTime:0.007145s ]
INFO: [ view_filter ] --START--
INFO: Run Behavior\WriteHtmlCacheBehavior [ RunTime:0.000114s ]
INFO: [ view_filter ] --END-- [ RunTime:0.000150s ]
INFO: [ app_end ] --START--
INFO: Run Behavior\ShowPageTraceBehavior [ RunTime:0.000377s ]
INFO: [ app_end ] --END-- [ RunTime:0.000421s ]

[ 2016-05-03T11:42:22+08:00 ] 116.18.189.231 /admin.php/Home/Shop/zsbyg_list
INFO: [ app_begin ] --START--
INFO: Run Behavior\ReadHtmlCacheBehavior [ RunTime:0.000369s ]
INFO: [ app_begin ] --END-- [ RunTime:0.000635s ]
SQL: SHOW COLUMNS FROM `ot_info` [ RunTime:0.0009s ]
SQL: SELECT COUNT(*) AS tp_count FROM `ot_info` WHERE `zt` = 0 LIMIT 1   [ RunTime:0.0002s ]
SQL: SELECT * FROM `ot_info` WHERE `zt` = 0 ORDER BY IF_ID DESC LIMIT 0,100   [ RunTime:0.0002s ]
SQL: SHOW COLUMNS FROM `ot_user` [ RunTime:0.0020s ]
NOTIC: [8] Undefined index: uid /phpstudy/www/mmm.bianji.cn/snadmin/Home/Controller/ShopController.class.php 第 89 行.
SQL: SELECT * FROM `ot_user` WHERE `UE_ID` = null LIMIT 1   [ RunTime:0.0002s ]
INFO: [ view_parse ] --START--
INFO: [ template_filter ] --START--
INFO: Run Behavior\ContentReplaceBehavior [ RunTime:0.000040s ]
INFO: [ template_filter ] --END-- [ RunTime:0.000082s ]
INFO: Run Behavior\ParseTemplateBehavior [ RunTime:0.006280s ]
INFO: [ view_parse ] --END-- [ RunTime:0.006328s ]
INFO: [ view_filter ] --START--
INFO: Run Behavior\WriteHtmlCacheBehavior [ RunTime:0.000110s ]
INFO: [ view_filter ] --END-- [ RunTime:0.000147s ]
INFO: [ app_end ] --START--
INFO: Run Behavior\ShowPageTraceBehavior [ RunTime:0.000397s ]
INFO: [ app_end ] --END-- [ RunTime:0.000438s ]

[ 2016-05-03T11:42:26+08:00 ] 116.18.189.231 /admin.php/Home/Shop/zsbyg_list_xg
INFO: [ app_begin ] --START--
INFO: Run Behavior\ReadHtmlCacheBehavior [ RunTime:0.000351s ]
INFO: [ app_begin ] --END-- [ RunTime:0.000608s ]
SQL: SHOW COLUMNS FROM `ot_user` [ RunTime:0.0024s ]
NOTIC: [8] Undefined index: uid /phpstudy/www/mmm.bianji.cn/snadmin/Home/Controller/ShopController.class.php 第 208 行.
SQL: SELECT * FROM `ot_user` WHERE `UE_ID` = null LIMIT 1   [ RunTime:0.0003s ]
INFO: [ view_parse ] --START--
INFO: [ template_filter ] --START--
INFO: Run Behavior\ContentReplaceBehavior [ RunTime:0.000050s ]
INFO: [ template_filter ] --END-- [ RunTime:0.000091s ]
NOTIC: [8] Undefined variable: caution /phpstudy/www/mmm.bianji.cn/snadmin/Runtime/Cache/Home/c1f2963ad68801675ac0a9c0b693df8c.php 第 81 行.
NOTIC: [8] Undefined variable: page /phpstudy/www/mmm.bianji.cn/snadmin/Runtime/Cache/Home/c1f2963ad68801675ac0a9c0b693df8c.php 第 153 行.
INFO: Run Behavior\ParseTemplateBehavior [ RunTime:0.005866s ]
INFO: [ view_parse ] --END-- [ RunTime:0.005909s ]
INFO: [ view_filter ] --START--
INFO: Run Behavior\WriteHtmlCacheBehavior [ RunTime:0.000109s ]
INFO: [ view_filter ] --END-- [ RunTime:0.000146s ]
INFO: [ app_end ] --START--
INFO: Run Behavior\ShowPageTraceBehavior [ RunTime:0.000377s ]
INFO: [ app_end ] --END-- [ RunTime:0.000421s ]

[ 2016-05-03T11:42:32+08:00 ] 116.18.189.231 /admin.php/Home/Index/yuanzhugg
INFO: [ app_begin ] --START--
INFO: Run Behavior\ReadHtmlCacheBehavior [ RunTime:0.000342s ]
INFO: [ app_begin ] --END-- [ RunTime:0.000588s ]
INFO: [ view_parse ] --START--
INFO: [ template_filter ] --START--
INFO: Run Behavior\ContentReplaceBehavior [ RunTime:0.000040s ]
INFO: [ template_filter ] --END-- [ RunTime:0.000080s ]
INFO: Run Behavior\ParseTemplateBehavior [ RunTime:0.005528s ]
INFO: [ view_parse ] --END-- [ RunTime:0.005566s ]
INFO: [ view_filter ] --START--
INFO: Run Behavior\WriteHtmlCacheBehavior [ RunTime:0.000109s ]
INFO: [ view_filter ] --END-- [ RunTime:0.000145s ]
INFO: [ app_end ] --START--
INFO: Run Behavior\ShowPageTraceBehavior [ RunTime:0.000345s ]
INFO: [ app_end ] --END-- [ RunTime:0.000388s ]

[ 2016-05-03T11:42:32+08:00 ] 116.18.189.231 /admin.php/Home/Common/getTree
INFO: [ app_begin ] --START--
INFO: Run Behavior\ReadHtmlCacheBehavior [ RunTime:0.000366s ]
INFO: [ app_begin ] --END-- [ RunTime:0.000621s ]
INFO: [ app_end ] --START--
INFO: Run Behavior\ShowPageTraceBehavior [ RunTime:0.000376s ]
INFO: [ app_end ] --END-- [ RunTime:0.000413s ]

[ 2016-05-03T11:42:46+08:00 ] 116.18.189.231 /admin.php/Home/Index/lixi
INFO: [ app_begin ] --START--
INFO: Run Behavior\ReadHtmlCacheBehavior [ RunTime:0.000367s ]
INFO: [ app_begin ] --END-- [ RunTime:0.000638s ]
INFO: [ view_parse ] --START--
INFO: [ template_filter ] --START--
INFO: Run Behavior\ContentReplaceBehavior [ RunTime:0.000041s ]
INFO: [ template_filter ] --END-- [ RunTime:0.000081s ]
INFO: Run Behavior\ParseTemplateBehavior [ RunTime:0.005484s ]
INFO: [ view_parse ] --END-- [ RunTime:0.005524s ]
INFO: [ view_filter ] --START--
INFO: Run Behavior\WriteHtmlCacheBehavior [ RunTime:0.000110s ]
INFO: [ view_filter ] --END-- [ RunTime:0.000146s ]
INFO: [ app_end ] --START--
INFO: Run Behavior\ShowPageTraceBehavior [ RunTime:0.000354s ]
INFO: [ app_end ] --END-- [ RunTime:0.000394s ]

[ 2016-05-03T11:42:46+08:00 ] 116.18.189.231 /admin.php/Home/Common/getTree
INFO: [ app_begin ] --START--
INFO: Run Behavior\ReadHtmlCacheBehavior [ RunTime:0.000375s ]
INFO: [ app_begin ] --END-- [ RunTime:0.000629s ]
INFO: [ app_end ] --START--
INFO: Run Behavior\ShowPageTraceBehavior [ RunTime:0.000379s ]
INFO: [ app_end ] --END-- [ RunTime:0.000417s ]

[ 2016-05-03T11:42:48+08:00 ] 116.18.189.231 /admin.php/Home/Index/txset
INFO: [ app_begin ] --START--
INFO: Run Behavior\ReadHtmlCacheBehavior [ RunTime:0.000368s ]
INFO: [ app_begin ] --END-- [ RunTime:0.000627s ]
INFO: [ view_parse ] --START--
INFO: [ template_filter ] --START--
INFO: Run Behavior\ContentReplaceBehavior [ RunTime:0.000040s ]
INFO: [ template_filter ] --END-- [ RunTime:0.000079s ]
INFO: Run Behavior\ParseTemplateBehavior [ RunTime:0.006069s ]
INFO: [ view_parse ] --END-- [ RunTime:0.006109s ]
INFO: [ view_filter ] --START--
INFO: Run Behavior\WriteHtmlCacheBehavior [ RunTime:0.000104s ]
INFO: [ view_filter ] --END-- [ RunTime:0.000141s ]
INFO: [ app_end ] --START--
INFO: Run Behavior\ShowPageTraceBehavior [ RunTime:0.000357s ]
INFO: [ app_end ] --END-- [ RunTime:0.000395s ]

[ 2016-05-03T11:42:48+08:00 ] 116.18.189.231 /admin.php/Home/Common/getTree
INFO: [ app_begin ] --START--
INFO: Run Behavior\ReadHtmlCacheBehavior [ RunTime:0.000330s ]
INFO: [ app_begin ] --END-- [ RunTime:0.000562s ]
INFO: [ app_end ] --START--
INFO: Run Behavior\ShowPageTraceBehavior [ RunTime:0.000331s ]
INFO: [ app_end ] --END-- [ RunTime:0.000368s ]

[ 2016-05-03T11:43:14+08:00 ] 116.18.189.231 /admin.php/Home/Index/jjset
INFO: [ app_begin ] --START--
INFO: Run Behavior\ReadHtmlCacheBehavior [ RunTime:0.000343s ]
INFO: [ app_begin ] --END-- [ RunTime:0.000594s ]
INFO: [ view_parse ] --START--
INFO: [ template_filter ] --START--
INFO: Run Behavior\ContentReplaceBehavior [ RunTime:0.000053s ]
INFO: [ template_filter ] --END-- [ RunTime:0.000092s ]
INFO: Run Behavior\ParseTemplateBehavior [ RunTime:0.008920s ]
INFO: [ view_parse ] --END-- [ RunTime:0.008959s ]
INFO: [ view_filter ] --START--
INFO: Run Behavior\WriteHtmlCacheBehavior [ RunTime:0.000109s ]
INFO: [ view_filter ] --END-- [ RunTime:0.000145s ]
INFO: [ app_end ] --START--
INFO: Run Behavior\ShowPageTraceBehavior [ RunTime:0.000351s ]
INFO: [ app_end ] --END-- [ RunTime:0.000391s ]

[ 2016-05-03T11:43:14+08:00 ] 116.18.189.231 /admin.php/Home/Common/getTree
INFO: [ app_begin ] --START--
INFO: Run Behavior\ReadHtmlCacheBehavior [ RunTime:0.000365s ]
INFO: [ app_begin ] --END-- [ RunTime:0.000627s ]
INFO: [ app_end ] --START--
INFO: Run Behavior\ShowPageTraceBehavior [ RunTime:0.000376s ]
INFO: [ app_end ] --END-- [ RunTime:0.000414s ]

[ 2016-05-03T18:28:33+08:00 ] 116.18.189.231 /admin.php/Home/Index/userlist
INFO: [ app_begin ] --START--
INFO: Run Behavior\ReadHtmlCacheBehavior [ RunTime:0.000345s ]
INFO: [ app_begin ] --END-- [ RunTime:0.000596s ]
SQL: SHOW COLUMNS FROM `ot_user` [ RunTime:0.0024s ]
NOTIC: [8] Undefined variable: map /phpstudy/www/mmm.bianji.cn/snadmin/Home/Controller/IndexController.class.php 第 295 行.
SQL: SELECT COUNT(*) AS tp_count FROM `ot_user` LIMIT 1   [ RunTime:0.0001s ]
NOTIC: [8] Undefined variable: map /phpstudy/www/mmm.bianji.cn/snadmin/Home/Controller/IndexController.class.php 第 300 行.
SQL: SELECT * FROM `ot_user` ORDER BY UE_ID LIMIT 0,20   [ RunTime:0.0003s ]
INFO: [ view_parse ] --START--
INFO: [ template_filter ] --START--
INFO: Run Behavior\ContentReplaceBehavior [ RunTime:0.000042s ]
INFO: [ template_filter ] --END-- [ RunTime:0.000086s ]
SQL: SELECT COUNT(*) AS tp_count FROM `ot_user` WHERE `UE_regIP` = '127.0.0.1' LIMIT 1   [ RunTime:0.0002s ]
SQL: SELECT COUNT(*) AS tp_count FROM `ot_user` WHERE `UE_regIP` = '123.151.42.47' LIMIT 1   [ RunTime:0.0001s ]
SQL: SELECT COUNT(*) AS tp_count FROM `ot_user` WHERE `UE_regIP` = '14.156.245.8' LIMIT 1   [ RunTime:0.0001s ]
SQL: SELECT COUNT(*) AS tp_count FROM `ot_user` WHERE `UE_regIP` = '14.156.245.8' LIMIT 1   [ RunTime:0.0001s ]
SQL: SELECT COUNT(*) AS tp_count FROM `ot_user` WHERE `UE_regIP` = '117.136.40.177' LIMIT 1   [ RunTime:0.0001s ]
INFO: Run Behavior\ParseTemplateBehavior [ RunTime:0.009302s ]
INFO: [ view_parse ] --END-- [ RunTime:0.009350s ]
INFO: [ view_filter ] --START--
INFO: Run Behavior\WriteHtmlCacheBehavior [ RunTime:0.000125s ]
INFO: [ view_filter ] --END-- [ RunTime:0.000161s ]
INFO: [ app_end ] --START--
INFO: Run Behavior\ShowPageTraceBehavior [ RunTime:0.000394s ]
INFO: [ app_end ] --END-- [ RunTime:0.000444s ]

[ 2016-05-03T18:29:02+08:00 ] 116.18.189.231 /admin.php/Home/Index/jbzs
INFO: [ app_begin ] --START--
INFO: Run Behavior\ReadHtmlCacheBehavior [ RunTime:0.000356s ]
INFO: [ app_begin ] --END-- [ RunTime:0.000605s ]
SQL: SHOW COLUMNS FROM `ot_userget` [ RunTime:0.0011s ]
SQL: SELECT COUNT(*) AS tp_count FROM `ot_userget` WHERE `UG_dataType` = 'xtzs' LIMIT 1   [ RunTime:0.0001s ]
NOTIC: [2] Missing argument 2 for Think\Crypt::decrypt(), called in /phpstudy/www/mmm.bianji.cn/snadmin/Home/Common/function.php on line 96 and defined /phpstudy/www/mmm.bianji.cn/ThinkPHP/Library/Think/Crypt.class.php 第 46 行.
NOTIC: [8] Undefined variable: key /phpstudy/www/mmm.bianji.cn/ThinkPHP/Library/Think/Crypt.class.php 第 51 行.
NOTIC: [2] Missing argument 2 for Think\Crypt::encrypt(), called in /phpstudy/www/mmm.bianji.cn/snadmin/Home/Common/function.php on line 282 and defined /phpstudy/www/mmm.bianji.cn/ThinkPHP/Library/Think/Crypt.class.php 第 32 行.
NOTIC: [8] Undefined variable: key /phpstudy/www/mmm.bianji.cn/ThinkPHP/Library/Think/Crypt.class.php 第 37 行.
SQL: SELECT * FROM `ot_userget` WHERE `UG_dataType` = 'xtzs' ORDER BY UG_ID DESC LIMIT 0,20   [ RunTime:0.0002s ]
INFO: [ view_parse ] --START--
INFO: [ template_filter ] --START--
INFO: Run Behavior\ContentReplaceBehavior [ RunTime:0.000040s ]
INFO: [ template_filter ] --END-- [ RunTime:0.000079s ]
NOTIC: [8] Undefined variable: userdata /phpstudy/www/mmm.bianji.cn/snadmin/Runtime/Cache/Home/5da695a2c3b8808e2fba288086be86d6.php 第 23 行.
INFO: Run Behavior\ParseTemplateBehavior [ RunTime:0.006893s ]
INFO: [ view_parse ] --END-- [ RunTime:0.006934s ]
INFO: [ view_filter ] --START--
INFO: Run Behavior\WriteHtmlCacheBehavior [ RunTime:0.000111s ]
INFO: [ view_filter ] --END-- [ RunTime:0.000147s ]
INFO: [ app_end ] --START--
INFO: Run Behavior\ShowPageTraceBehavior [ RunTime:0.000392s ]
INFO: [ app_end ] --END-- [ RunTime:0.000434s ]

