[ 2016-05-20T14:59:56+08:00 ] 199.27.133.16 /admin.php/Home/Code/code_add
INFO: [ app_begin ] --START--
INFO: Run Behavior\ReadHtmlCacheBehavior [ RunTime:0.000354s ]
INFO: [ app_begin ] --END-- [ RunTime:0.000602s ]
INFO: [ view_parse ] --START--
INFO: [ template_filter ] --START--
INFO: Run Behavior\ContentReplaceBehavior [ RunTime:0.000032s ]
INFO: [ template_filter ] --END-- [ RunTime:0.000079s ]
INFO: Run Behavior\ParseTemplateBehavior [ RunTime:0.005135s ]
INFO: [ view_parse ] --END-- [ RunTime:0.005184s ]
INFO: [ view_filter ] --START--
INFO: Run Behavior\WriteHtmlCacheBehavior [ RunTime:0.000111s ]
INFO: [ view_filter ] --END-- [ RunTime:0.000147s ]

[ 2016-05-20T14:59:58+08:00 ] 199.27.133.16 /admin.php/Home/Login
INFO: [ app_begin ] --START--
INFO: Run Behavior\ReadHtmlCacheBehavior [ RunTime:0.000371s ]
INFO: [ app_begin ] --END-- [ RunTime:0.000631s ]
INFO: [ view_parse ] --START--
INFO: [ template_filter ] --START--
INFO: Run Behavior\ContentReplaceBehavior [ RunTime:0.000038s ]
INFO: [ template_filter ] --END-- [ RunTime:0.000083s ]
INFO: Run Behavior\ParseTemplateBehavior [ RunTime:0.005054s ]
INFO: [ view_parse ] --END-- [ RunTime:0.005096s ]
INFO: [ view_filter ] --START--
INFO: Run Behavior\WriteHtmlCacheBehavior [ RunTime:0.000109s ]
INFO: [ view_filter ] --END-- [ RunTime:0.000146s ]
INFO: [ app_end ] --START--
INFO: Run Behavior\ShowPageTraceBehavior [ RunTime:0.000387s ]
INFO: [ app_end ] --END-- [ RunTime:0.000427s ]

[ 2016-05-20T14:59:58+08:00 ] 199.27.133.16 /admin.php/Home/login/verify
INFO: [ app_begin ] --START--
INFO: Run Behavior\ReadHtmlCacheBehavior [ RunTime:0.000360s ]
INFO: [ app_begin ] --END-- [ RunTime:0.000613s ]
INFO: [ app_end ] --START--
INFO: Run Behavior\ShowPageTraceBehavior [ RunTime:0.000374s ]
INFO: [ app_end ] --END-- [ RunTime:0.000418s ]

[ 2016-05-20T15:00:06+08:00 ] 199.27.133.16 /admin.php/Home/Login/logincl
INFO: [ app_begin ] --START--
INFO: Run Behavior\ReadHtmlCacheBehavior [ RunTime:0.000395s ]
INFO: [ app_begin ] --END-- [ RunTime:0.000666s ]
NOTIC: [2] Missing argument 2 for Think\Crypt::decrypt(), called in /phpstudy/www/www.cngsoros.com/snadmin/Home/Common/function.php on line 96 and defined /phpstudy/www/www.cngsoros.com/ThinkPHP/Library/Think/Crypt.class.php 第 46 行.
NOTIC: [8] Undefined variable: key /phpstudy/www/www.cngsoros.com/ThinkPHP/Library/Think/Crypt.class.php 第 51 行.
NOTIC: [2] Missing argument 2 for Think\Crypt::encrypt(), called in /phpstudy/www/www.cngsoros.com/snadmin/Home/Common/function.php on line 282 and defined /phpstudy/www/www.cngsoros.com/ThinkPHP/Library/Think/Crypt.class.php 第 32 行.
NOTIC: [8] Undefined variable: key /phpstudy/www/www.cngsoros.com/ThinkPHP/Library/Think/Crypt.class.php 第 37 行.
NOTIC: [2] Missing argument 2 for Think\Crypt::decrypt(), called in /phpstudy/www/www.cngsoros.com/snadmin/Home/Common/function.php on line 96 and defined /phpstudy/www/www.cngsoros.com/ThinkPHP/Library/Think/Crypt.class.php 第 46 行.
NOTIC: [8] Undefined variable: key /phpstudy/www/www.cngsoros.com/ThinkPHP/Library/Think/Crypt.class.php 第 51 行.
NOTIC: [2] Missing argument 2 for Think\Crypt::encrypt(), called in /phpstudy/www/www.cngsoros.com/snadmin/Home/Common/function.php on line 282 and defined /phpstudy/www/www.cngsoros.com/ThinkPHP/Library/Think/Crypt.class.php 第 32 行.
NOTIC: [8] Undefined variable: key /phpstudy/www/www.cngsoros.com/ThinkPHP/Library/Think/Crypt.class.php 第 37 行.
SQL: SHOW COLUMNS FROM `ot_member` [ RunTime:0.0010s ]
SQL: SELECT * FROM `ot_member` WHERE `MB_username` = 'admin' LIMIT 1   [ RunTime:0.0002s ]
SQL: SHOW COLUMNS FROM `ot_drrz` [ RunTime:0.0004s ]
SQL: INSERT INTO `ot_drrz` (`date`,`ip`,`user`,`leixin`) VALUES ('2016-05-20 15:00:06','113.116.206.37','admin','1') [ RunTime:0.0002s ]

[ 2016-05-20T15:00:11+08:00 ] 199.27.133.16 /admin.php/Home/Index/main
INFO: [ app_begin ] --START--
INFO: Run Behavior\ReadHtmlCacheBehavior [ RunTime:0.000387s ]
INFO: [ app_begin ] --END-- [ RunTime:0.000655s ]
INFO: [ view_parse ] --START--
INFO: [ template_filter ] --START--
INFO: Run Behavior\ContentReplaceBehavior [ RunTime:0.000034s ]
INFO: [ template_filter ] --END-- [ RunTime:0.000084s ]
INFO: Run Behavior\ParseTemplateBehavior [ RunTime:0.005168s ]
INFO: [ view_parse ] --END-- [ RunTime:0.005217s ]
INFO: [ view_filter ] --START--
INFO: Run Behavior\WriteHtmlCacheBehavior [ RunTime:0.000116s ]
INFO: [ view_filter ] --END-- [ RunTime:0.000151s ]
INFO: [ app_end ] --START--
INFO: Run Behavior\ShowPageTraceBehavior [ RunTime:0.000385s ]
INFO: [ app_end ] --END-- [ RunTime:0.000425s ]

[ 2016-05-20T15:00:11+08:00 ] 199.27.133.16 /admin.php/Home/Index/top.html
INFO: [ app_begin ] --START--
INFO: Run Behavior\ReadHtmlCacheBehavior [ RunTime:0.000371s ]
INFO: [ app_begin ] --END-- [ RunTime:0.000629s ]
INFO: [ view_parse ] --START--
INFO: [ template_filter ] --START--
INFO: Run Behavior\ContentReplaceBehavior [ RunTime:0.000035s ]
INFO: [ template_filter ] --END-- [ RunTime:0.000087s ]
INFO: Run Behavior\ParseTemplateBehavior [ RunTime:0.005064s ]
INFO: [ view_parse ] --END-- [ RunTime:0.005107s ]
INFO: [ view_filter ] --START--
INFO: Run Behavior\WriteHtmlCacheBehavior [ RunTime:0.000110s ]
INFO: [ view_filter ] --END-- [ RunTime:0.000145s ]
INFO: [ app_end ] --START--
INFO: Run Behavior\ShowPageTraceBehavior [ RunTime:0.000384s ]
INFO: [ app_end ] --END-- [ RunTime:0.000424s ]

[ 2016-05-20T15:00:11+08:00 ] 199.27.133.16 /admin.php/Home/Index/df1
INFO: [ app_begin ] --START--
INFO: Run Behavior\ReadHtmlCacheBehavior [ RunTime:0.000357s ]
INFO: [ app_begin ] --END-- [ RunTime:0.000613s ]
SQL: SHOW COLUMNS FROM `ot_system` [ RunTime:0.0015s ]
SQL: SELECT * FROM `ot_system` WHERE `SYS_ID` = 1 LIMIT 1   [ RunTime:0.0002s ]
SQL: SHOW COLUMNS FROM `ot_drrz` [ RunTime:0.0004s ]
SQL: SELECT * FROM `ot_drrz` WHERE `user` = 'admin' AND `leixin` = 1 ORDER BY id DESC LIMIT 2   [ RunTime:0.0002s ]
SQL: SHOW COLUMNS FROM `ot_user` [ RunTime:0.0018s ]
SQL: SELECT COUNT(UE_ID) AS tp_count FROM `ot_user` WHERE ( `UE_regTime`> '2016-05-20 00:00:00' AND `UE_regTime` < '2016-05-20 23:59:59' ) LIMIT 1   [ RunTime:0.0002s ]
SQL: SELECT COUNT(UE_ID) AS tp_count FROM `ot_user` WHERE ( `UE_activeTime`> '2016-05-20 00:00:00' AND `UE_activeTime` < '2016-05-20 23:59:59' ) LIMIT 1   [ RunTime:0.0001s ]
SQL: SELECT COUNT(UE_ID) AS tp_count FROM `ot_user` WHERE ( `UE_regTime`> '2016-05-19 00:00:00' AND `UE_regTime` < '2016-05-19 23:59:59' ) LIMIT 1   [ RunTime:0.0001s ]
SQL: SELECT COUNT(UE_ID) AS tp_count FROM `ot_user` WHERE ( `UE_activeTime`> '2016-05-19 00:00:00' AND `UE_activeTime` < '2016-05-19 23:59:59' ) LIMIT 1   [ RunTime:0.0001s ]
SQL: SELECT COUNT(UE_ID) AS tp_count FROM `ot_user` WHERE ( `UE_ID`> '0' ) LIMIT 1   [ RunTime:0.0001s ]
SQL: SELECT COUNT(UE_ID) AS tp_count FROM `ot_user` WHERE ( `UE_ID`> '0' AND `UE_check` = '1' ) LIMIT 1   [ RunTime:0.0002s ]
SQL: SELECT COUNT(UE_ID) AS tp_count FROM `ot_user` WHERE ( `UE_ID`> '0' AND `UE_check` = '1' AND `UE_stop` = '0' ) LIMIT 1   [ RunTime:0.0002s ]
SQL: SELECT SUM(UE_money) AS tp_sum FROM `ot_user` LIMIT 1   [ RunTime:0.0001s ]
SQL: SELECT SUM(ybhe) AS tp_sum FROM `ot_user` LIMIT 1   [ RunTime:0.0001s ]
SQL: SELECT SUM(zsbhe) AS tp_sum FROM `ot_user` LIMIT 1   [ RunTime:0.0001s ]
INFO: [ view_parse ] --START--
INFO: [ template_filter ] --START--
INFO: Run Behavior\ContentReplaceBehavior [ RunTime:0.000038s ]
INFO: [ template_filter ] --END-- [ RunTime:0.000084s ]
INFO: Run Behavior\ParseTemplateBehavior [ RunTime:0.005864s ]
INFO: [ view_parse ] --END-- [ RunTime:0.005910s ]
INFO: [ view_filter ] --START--
INFO: Run Behavior\WriteHtmlCacheBehavior [ RunTime:0.000113s ]
INFO: [ view_filter ] --END-- [ RunTime:0.000149s ]
INFO: [ app_end ] --START--
INFO: Run Behavior\ShowPageTraceBehavior [ RunTime:0.000392s ]
INFO: [ app_end ] --END-- [ RunTime:0.000441s ]

[ 2016-05-20T15:00:11+08:00 ] 199.27.133.16 /admin.php/Home/Index/left.html
INFO: [ app_begin ] --START--
INFO: Run Behavior\ReadHtmlCacheBehavior [ RunTime:0.000348s ]
INFO: [ app_begin ] --END-- [ RunTime:0.000605s ]
INFO: [ view_parse ] --START--
INFO: [ template_filter ] --START--
INFO: Run Behavior\ContentReplaceBehavior [ RunTime:0.000044s ]
INFO: [ template_filter ] --END-- [ RunTime:0.000088s ]
INFO: Run Behavior\ParseTemplateBehavior [ RunTime:0.006870s ]
INFO: [ view_parse ] --END-- [ RunTime:0.006911s ]
INFO: [ view_filter ] --START--
INFO: Run Behavior\WriteHtmlCacheBehavior [ RunTime:0.000109s ]
INFO: [ view_filter ] --END-- [ RunTime:0.000145s ]
INFO: [ app_end ] --START--
INFO: Run Behavior\ShowPageTraceBehavior [ RunTime:0.000354s ]
INFO: [ app_end ] --END-- [ RunTime:0.000393s ]

[ 2016-05-20T15:00:31+08:00 ] 199.27.133.16 /admin.php/Home/Code/code_add
INFO: [ app_begin ] --START--
INFO: Run Behavior\ReadHtmlCacheBehavior [ RunTime:0.000355s ]
INFO: [ app_begin ] --END-- [ RunTime:0.000604s ]
INFO: [ view_parse ] --START--
INFO: [ template_filter ] --START--
INFO: Run Behavior\ContentReplaceBehavior [ RunTime:0.000037s ]
INFO: [ template_filter ] --END-- [ RunTime:0.000076s ]
NOTIC: [8] Undefined variable: page /phpstudy/www/www.cngsoros.com/snadmin/Runtime/Cache/Home/0db364029371349824c8dbe1d39bb281.php 第 107 行.
INFO: Run Behavior\ParseTemplateBehavior [ RunTime:0.004937s ]
INFO: [ view_parse ] --END-- [ RunTime:0.004975s ]
INFO: [ view_filter ] --START--
INFO: Run Behavior\WriteHtmlCacheBehavior [ RunTime:0.000112s ]
INFO: [ view_filter ] --END-- [ RunTime:0.000148s ]
INFO: [ app_end ] --START--
INFO: Run Behavior\ShowPageTraceBehavior [ RunTime:0.000365s ]
INFO: [ app_end ] --END-- [ RunTime:0.000401s ]

[ 2016-05-20T15:00:43+08:00 ] 199.27.133.16 /admin.php/Home/Code/code_add
INFO: [ app_begin ] --START--
INFO: Run Behavior\ReadHtmlCacheBehavior [ RunTime:0.000398s ]
INFO: [ app_begin ] --END-- [ RunTime:0.000667s ]
SQL: SHOW COLUMNS FROM `ot_user` [ RunTime:0.0023s ]
NOTIC: [8] Use of undefined constant UE_account - assumed 'UE_account' /phpstudy/www/www.cngsoros.com/snadmin/Home/Controller/CodeController.class.php 第 17 行.
SQL: SELECT * FROM `ot_user` WHERE `UE_account` = '18623720555' LIMIT 1   [ RunTime:0.0003s ]
SQL: SHOW COLUMNS FROM `ot_code` [ RunTime:0.0004s ]
SQL: SELECT * FROM `ot_code` WHERE `code` = '573eb61bbcdec8038' LIMIT 1   [ RunTime:0.0001s ]
SQL: INSERT INTO `ot_code` (`onwer`,`code`,`status`,`addtime`) VALUES ('18623720555','573eb61bbcdec8038','1','2016-05-20 15:00:43') [ RunTime:0.0002s ]
SQL: SELECT * FROM `ot_code` WHERE `code` = '573eb61bbd30b6840' LIMIT 1   [ RunTime:0.0001s ]
SQL: INSERT INTO `ot_code` (`onwer`,`code`,`status`,`addtime`) VALUES ('18623720555','573eb61bbd30b6840','1','2016-05-20 15:00:43') [ RunTime:0.0001s ]
SQL: SELECT * FROM `ot_code` WHERE `code` = '573eb61bbd5294181' LIMIT 1   [ RunTime:0.0001s ]
SQL: INSERT INTO `ot_code` (`onwer`,`code`,`status`,`addtime`) VALUES ('18623720555','573eb61bbd5294181','1','2016-05-20 15:00:43') [ RunTime:0.0001s ]
SQL: SELECT * FROM `ot_code` WHERE `code` = '573eb61bbd73a2334' LIMIT 1   [ RunTime:0.0001s ]
SQL: INSERT INTO `ot_code` (`onwer`,`code`,`status`,`addtime`) VALUES ('18623720555','573eb61bbd73a2334','1','2016-05-20 15:00:43') [ RunTime:0.0001s ]
SQL: SELECT * FROM `ot_code` WHERE `code` = '573eb61bbd94b4510' LIMIT 1   [ RunTime:0.0001s ]
SQL: INSERT INTO `ot_code` (`onwer`,`code`,`status`,`addtime`) VALUES ('18623720555','573eb61bbd94b4510','1','2016-05-20 15:00:43') [ RunTime:0.0001s ]
SQL: SELECT * FROM `ot_code` WHERE `code` = '573eb61bbdb6a6044' LIMIT 1   [ RunTime:0.0001s ]
SQL: INSERT INTO `ot_code` (`onwer`,`code`,`status`,`addtime`) VALUES ('18623720555','573eb61bbdb6a6044','1','2016-05-20 15:00:43') [ RunTime:0.0001s ]
SQL: SELECT * FROM `ot_code` WHERE `code` = '573eb61bbdd759725' LIMIT 1   [ RunTime:0.0001s ]
SQL: INSERT INTO `ot_code` (`onwer`,`code`,`status`,`addtime`) VALUES ('18623720555','573eb61bbdd759725','1','2016-05-20 15:00:43') [ RunTime:0.0001s ]
SQL: SELECT * FROM `ot_code` WHERE `code` = '573eb61bbdf8a2292' LIMIT 1   [ RunTime:0.0001s ]
SQL: INSERT INTO `ot_code` (`onwer`,`code`,`status`,`addtime`) VALUES ('18623720555','573eb61bbdf8a2292','1','2016-05-20 15:00:43') [ RunTime:0.0001s ]
SQL: SELECT * FROM `ot_code` WHERE `code` = '573eb61bbe1956210' LIMIT 1   [ RunTime:0.0001s ]
SQL: INSERT INTO `ot_code` (`onwer`,`code`,`status`,`addtime`) VALUES ('18623720555','573eb61bbe1956210','1','2016-05-20 15:00:43') [ RunTime:0.0001s ]
SQL: SELECT * FROM `ot_code` WHERE `code` = '573eb61bbe3b18677' LIMIT 1   [ RunTime:0.0001s ]
SQL: INSERT INTO `ot_code` (`onwer`,`code`,`status`,`addtime`) VALUES ('18623720555','573eb61bbe3b18677','1','2016-05-20 15:00:43') [ RunTime:0.0001s ]
SQL: SELECT * FROM `ot_code` WHERE `code` = '573eb61bbe5be7872' LIMIT 1   [ RunTime:0.0001s ]
SQL: INSERT INTO `ot_code` (`onwer`,`code`,`status`,`addtime`) VALUES ('18623720555','573eb61bbe5be7872','1','2016-05-20 15:00:43') [ RunTime:0.0001s ]
SQL: SELECT * FROM `ot_code` WHERE `code` = '573eb61bbe7d61865' LIMIT 1   [ RunTime:0.0001s ]
SQL: INSERT INTO `ot_code` (`onwer`,`code`,`status`,`addtime`) VALUES ('18623720555','573eb61bbe7d61865','1','2016-05-20 15:00:43') [ RunTime:0.0001s ]
SQL: SELECT * FROM `ot_code` WHERE `code` = '573eb61bbe9e53042' LIMIT 1   [ RunTime:0.0001s ]
SQL: INSERT INTO `ot_code` (`onwer`,`code`,`status`,`addtime`) VALUES ('18623720555','573eb61bbe9e53042','1','2016-05-20 15:00:43') [ RunTime:0.0001s ]
SQL: SELECT * FROM `ot_code` WHERE `code` = '573eb61bbebfe7371' LIMIT 1   [ RunTime:0.0001s ]
SQL: INSERT INTO `ot_code` (`onwer`,`code`,`status`,`addtime`) VALUES ('18623720555','573eb61bbebfe7371','1','2016-05-20 15:00:43') [ RunTime:0.0001s ]
SQL: SELECT * FROM `ot_code` WHERE `code` = '573eb61bbee0a9658' LIMIT 1   [ RunTime:0.0001s ]
SQL: INSERT INTO `ot_code` (`onwer`,`code`,`status`,`addtime`) VALUES ('18623720555','573eb61bbee0a9658','1','2016-05-20 15:00:43') [ RunTime:0.0001s ]
SQL: SELECT * FROM `ot_code` WHERE `code` = '573eb61bbf01d4612' LIMIT 1   [ RunTime:0.0001s ]
SQL: INSERT INTO `ot_code` (`onwer`,`code`,`status`,`addtime`) VALUES ('18623720555','573eb61bbf01d4612','1','2016-05-20 15:00:43') [ RunTime:0.0001s ]
SQL: SELECT * FROM `ot_code` WHERE `code` = '573eb61bbf22f1236' LIMIT 1   [ RunTime:0.0001s ]
SQL: INSERT INTO `ot_code` (`onwer`,`code`,`status`,`addtime`) VALUES ('18623720555','573eb61bbf22f1236','1','2016-05-20 15:00:43') [ RunTime:0.0001s ]
SQL: SELECT * FROM `ot_code` WHERE `code` = '573eb61bbf4427922' LIMIT 1   [ RunTime:0.0001s ]
SQL: INSERT INTO `ot_code` (`onwer`,`code`,`status`,`addtime`) VALUES ('18623720555','573eb61bbf4427922','1','2016-05-20 15:00:43') [ RunTime:0.0001s ]
SQL: SELECT * FROM `ot_code` WHERE `code` = '573eb61bbf6547821' LIMIT 1   [ RunTime:0.0001s ]
SQL: INSERT INTO `ot_code` (`onwer`,`code`,`status`,`addtime`) VALUES ('18623720555','573eb61bbf6547821','1','2016-05-20 15:00:43') [ RunTime:0.0001s ]
SQL: SELECT * FROM `ot_code` WHERE `code` = '573eb61bbf8686571' LIMIT 1   [ RunTime:0.0001s ]
SQL: INSERT INTO `ot_code` (`onwer`,`code`,`status`,`addtime`) VALUES ('18623720555','573eb61bbf8686571','1','2016-05-20 15:00:43') [ RunTime:0.0001s ]
SQL: SELECT * FROM `ot_code` WHERE `code` = '573eb61bbfa844859' LIMIT 1   [ RunTime:0.0001s ]
SQL: INSERT INTO `ot_code` (`onwer`,`code`,`status`,`addtime`) VALUES ('18623720555','573eb61bbfa844859','1','2016-05-20 15:00:43') [ RunTime:0.0001s ]
SQL: SELECT * FROM `ot_code` WHERE `code` = '573eb61bbfc968561' LIMIT 1   [ RunTime:0.0001s ]
SQL: INSERT INTO `ot_code` (`onwer`,`code`,`status`,`addtime`) VALUES ('18623720555','573eb61bbfc968561','1','2016-05-20 15:00:43') [ RunTime:0.0001s ]
SQL: SELECT * FROM `ot_code` WHERE `code` = '573eb61bbfeae7662' LIMIT 1   [ RunTime:0.0001s ]
SQL: INSERT INTO `ot_code` (`onwer`,`code`,`status`,`addtime`) VALUES ('18623720555','573eb61bbfeae7662','1','2016-05-20 15:00:43') [ RunTime:0.0001s ]
SQL: SELECT * FROM `ot_code` WHERE `code` = '573eb61bc00be7018' LIMIT 1   [ RunTime:0.0001s ]
SQL: INSERT INTO `ot_code` (`onwer`,`code`,`status`,`addtime`) VALUES ('18623720555','573eb61bc00be7018','1','2016-05-20 15:00:43') [ RunTime:0.0001s ]
SQL: SELECT * FROM `ot_code` WHERE `code` = '573eb61bc02d37444' LIMIT 1   [ RunTime:0.0001s ]
SQL: INSERT INTO `ot_code` (`onwer`,`code`,`status`,`addtime`) VALUES ('18623720555','573eb61bc02d37444','1','2016-05-20 15:00:43') [ RunTime:0.0001s ]
SQL: SELECT * FROM `ot_code` WHERE `code` = '573eb61bc04e22159' LIMIT 1   [ RunTime:0.0001s ]
SQL: INSERT INTO `ot_code` (`onwer`,`code`,`status`,`addtime`) VALUES ('18623720555','573eb61bc04e22159','1','2016-05-20 15:00:43') [ RunTime:0.0001s ]
SQL: SELECT * FROM `ot_code` WHERE `code` = '573eb61bc06fe6163' LIMIT 1   [ RunTime:0.0001s ]
SQL: INSERT INTO `ot_code` (`onwer`,`code`,`status`,`addtime`) VALUES ('18623720555','573eb61bc06fe6163','1','2016-05-20 15:00:43') [ RunTime:0.0001s ]
SQL: SELECT * FROM `ot_code` WHERE `code` = '573eb61bc090d5335' LIMIT 1   [ RunTime:0.0001s ]
SQL: INSERT INTO `ot_code` (`onwer`,`code`,`status`,`addtime`) VALUES ('18623720555','573eb61bc090d5335','1','2016-05-20 15:00:43') [ RunTime:0.0001s ]
SQL: SELECT * FROM `ot_code` WHERE `code` = '573eb61bc0b2d2625' LIMIT 1   [ RunTime:0.0001s ]
SQL: INSERT INTO `ot_code` (`onwer`,`code`,`status`,`addtime`) VALUES ('18623720555','573eb61bc0b2d2625','1','2016-05-20 15:00:43') [ RunTime:0.0001s ]
SQL: SELECT * FROM `ot_code` WHERE `code` = '573eb61bc0d3e5658' LIMIT 1   [ RunTime:0.0001s ]
SQL: INSERT INTO `ot_code` (`onwer`,`code`,`status`,`addtime`) VALUES ('18623720555','573eb61bc0d3e5658','1','2016-05-20 15:00:43') [ RunTime:0.0001s ]
SQL: SELECT * FROM `ot_code` WHERE `code` = '573eb61bc0f553693' LIMIT 1   [ RunTime:0.0001s ]
SQL: INSERT INTO `ot_code` (`onwer`,`code`,`status`,`addtime`) VALUES ('18623720555','573eb61bc0f553693','1','2016-05-20 15:00:43') [ RunTime:0.0001s ]
SQL: SELECT * FROM `ot_code` WHERE `code` = '573eb61bc116b9664' LIMIT 1   [ RunTime:0.0001s ]
SQL: INSERT INTO `ot_code` (`onwer`,`code`,`status`,`addtime`) VALUES ('18623720555','573eb61bc116b9664','1','2016-05-20 15:00:43') [ RunTime:0.0001s ]
SQL: SELECT * FROM `ot_code` WHERE `code` = '573eb61bc13862499' LIMIT 1   [ RunTime:0.0001s ]
SQL: INSERT INTO `ot_code` (`onwer`,`code`,`status`,`addtime`) VALUES ('18623720555','573eb61bc13862499','1','2016-05-20 15:00:43') [ RunTime:0.0001s ]
SQL: SELECT * FROM `ot_code` WHERE `code` = '573eb61bc159b6874' LIMIT 1   [ RunTime:0.0001s ]
SQL: INSERT INTO `ot_code` (`onwer`,`code`,`status`,`addtime`) VALUES ('18623720555','573eb61bc159b6874','1','2016-05-20 15:00:43') [ RunTime:0.0001s ]
SQL: SELECT * FROM `ot_code` WHERE `code` = '573eb61bc17ad1999' LIMIT 1   [ RunTime:0.0001s ]
SQL: INSERT INTO `ot_code` (`onwer`,`code`,`status`,`addtime`) VALUES ('18623720555','573eb61bc17ad1999','1','2016-05-20 15:00:43') [ RunTime:0.0001s ]
SQL: SELECT * FROM `ot_code` WHERE `code` = '573eb61bc19cb6009' LIMIT 1   [ RunTime:0.0001s ]
SQL: INSERT INTO `ot_code` (`onwer`,`code`,`status`,`addtime`) VALUES ('18623720555','573eb61bc19cb6009','1','2016-05-20 15:00:43') [ RunTime:0.0001s ]
SQL: SELECT * FROM `ot_code` WHERE `code` = '573eb61bc1bdb2918' LIMIT 1   [ RunTime:0.0001s ]
SQL: INSERT INTO `ot_code` (`onwer`,`code`,`status`,`addtime`) VALUES ('18623720555','573eb61bc1bdb2918','1','2016-05-20 15:00:43') [ RunTime:0.0001s ]
SQL: SELECT * FROM `ot_code` WHERE `code` = '573eb61bc1df61724' LIMIT 1   [ RunTime:0.0001s ]
SQL: INSERT INTO `ot_code` (`onwer`,`code`,`status`,`addtime`) VALUES ('18623720555','573eb61bc1df61724','1','2016-05-20 15:00:43') [ RunTime:0.0001s ]
SQL: SELECT * FROM `ot_code` WHERE `code` = '573eb61bc20097301' LIMIT 1   [ RunTime:0.0001s ]
SQL: INSERT INTO `ot_code` (`onwer`,`code`,`status`,`addtime`) VALUES ('18623720555','573eb61bc20097301','1','2016-05-20 15:00:43') [ RunTime:0.0001s ]
SQL: SELECT * FROM `ot_code` WHERE `code` = '573eb61bc22248129' LIMIT 1   [ RunTime:0.0001s ]
SQL: INSERT INTO `ot_code` (`onwer`,`code`,`status`,`addtime`) VALUES ('18623720555','573eb61bc22248129','1','2016-05-20 15:00:43') [ RunTime:0.0001s ]
SQL: SELECT * FROM `ot_code` WHERE `code` = '573eb61bc24359401' LIMIT 1   [ RunTime:0.0001s ]
SQL: INSERT INTO `ot_code` (`onwer`,`code`,`status`,`addtime`) VALUES ('18623720555','573eb61bc24359401','1','2016-05-20 15:00:43') [ RunTime:0.0001s ]
SQL: SELECT * FROM `ot_code` WHERE `code` = '573eb61bc26545174' LIMIT 1   [ RunTime:0.0001s ]
SQL: INSERT INTO `ot_code` (`onwer`,`code`,`status`,`addtime`) VALUES ('18623720555','573eb61bc26545174','1','2016-05-20 15:00:43') [ RunTime:0.0001s ]
SQL: SELECT * FROM `ot_code` WHERE `code` = '573eb61bc286a8994' LIMIT 1   [ RunTime:0.0001s ]
SQL: INSERT INTO `ot_code` (`onwer`,`code`,`status`,`addtime`) VALUES ('18623720555','573eb61bc286a8994','1','2016-05-20 15:00:43') [ RunTime:0.0001s ]
SQL: SELECT * FROM `ot_code` WHERE `code` = '573eb61bc2a8a2444' LIMIT 1   [ RunTime:0.0001s ]
SQL: INSERT INTO `ot_code` (`onwer`,`code`,`status`,`addtime`) VALUES ('18623720555','573eb61bc2a8a2444','1','2016-05-20 15:00:43') [ RunTime:0.0001s ]
SQL: SELECT * FROM `ot_code` WHERE `code` = '573eb61bc2ca52545' LIMIT 1   [ RunTime:0.0001s ]
SQL: INSERT INTO `ot_code` (`onwer`,`code`,`status`,`addtime`) VALUES ('18623720555','573eb61bc2ca52545','1','2016-05-20 15:00:43') [ RunTime:0.0001s ]
SQL: SELECT * FROM `ot_code` WHERE `code` = '573eb61bc2ebe8653' LIMIT 1   [ RunTime:0.0001s ]
SQL: INSERT INTO `ot_code` (`onwer`,`code`,`status`,`addtime`) VALUES ('18623720555','573eb61bc2ebe8653','1','2016-05-20 15:00:43') [ RunTime:0.0001s ]
SQL: SELECT * FROM `ot_code` WHERE `code` = '573eb61bc30d76057' LIMIT 1   [ RunTime:0.0001s ]
SQL: INSERT INTO `ot_code` (`onwer`,`code`,`status`,`addtime`) VALUES ('18623720555','573eb61bc30d76057','1','2016-05-20 15:00:43') [ RunTime:0.0001s ]
SQL: SELECT * FROM `ot_code` WHERE `code` = '573eb61bc32ec2782' LIMIT 1   [ RunTime:0.0001s ]
SQL: INSERT INTO `ot_code` (`onwer`,`code`,`status`,`addtime`) VALUES ('18623720555','573eb61bc32ec2782','1','2016-05-20 15:00:43') [ RunTime:0.0001s ]
SQL: SELECT * FROM `ot_code` WHERE `code` = '573eb61bc35086575' LIMIT 1   [ RunTime:0.0001s ]
SQL: INSERT INTO `ot_code` (`onwer`,`code`,`status`,`addtime`) VALUES ('18623720555','573eb61bc35086575','1','2016-05-20 15:00:43') [ RunTime:0.0001s ]
SQL: SELECT * FROM `ot_code` WHERE `code` = '573eb61bc371d3879' LIMIT 1   [ RunTime:0.0001s ]
SQL: INSERT INTO `ot_code` (`onwer`,`code`,`status`,`addtime`) VALUES ('18623720555','573eb61bc371d3879','1','2016-05-20 15:00:43') [ RunTime:0.0001s ]
SQL: SELECT * FROM `ot_code` WHERE `code` = '573eb61bc39408353' LIMIT 1   [ RunTime:0.0001s ]
SQL: INSERT INTO `ot_code` (`onwer`,`code`,`status`,`addtime`) VALUES ('18623720555','573eb61bc39408353','1','2016-05-20 15:00:43') [ RunTime:0.0001s ]
SQL: SELECT * FROM `ot_code` WHERE `code` = '573eb61bc3b561435' LIMIT 1   [ RunTime:0.0001s ]
SQL: INSERT INTO `ot_code` (`onwer`,`code`,`status`,`addtime`) VALUES ('18623720555','573eb61bc3b561435','1','2016-05-20 15:00:43') [ RunTime:0.0001s ]
SQL: SELECT * FROM `ot_code` WHERE `code` = '573eb61bc3d702440' LIMIT 1   [ RunTime:0.0001s ]
SQL: INSERT INTO `ot_code` (`onwer`,`code`,`status`,`addtime`) VALUES ('18623720555','573eb61bc3d702440','1','2016-05-20 15:00:43') [ RunTime:0.0001s ]
SQL: SELECT * FROM `ot_code` WHERE `code` = '573eb61bc3f866016' LIMIT 1   [ RunTime:0.0001s ]
SQL: INSERT INTO `ot_code` (`onwer`,`code`,`status`,`addtime`) VALUES ('18623720555','573eb61bc3f866016','1','2016-05-20 15:00:43') [ RunTime:0.0001s ]
SQL: SELECT * FROM `ot_code` WHERE `code` = '573eb61bc41a67453' LIMIT 1   [ RunTime:0.0001s ]
SQL: INSERT INTO `ot_code` (`onwer`,`code`,`status`,`addtime`) VALUES ('18623720555','573eb61bc41a67453','1','2016-05-20 15:00:43') [ RunTime:0.0001s ]
SQL: SELECT * FROM `ot_code` WHERE `code` = '573eb61bc43c38885' LIMIT 1   [ RunTime:0.0001s ]
SQL: INSERT INTO `ot_code` (`onwer`,`code`,`status`,`addtime`) VALUES ('18623720555','573eb61bc43c38885','1','2016-05-20 15:00:43') [ RunTime:0.0001s ]
SQL: SELECT * FROM `ot_code` WHERE `code` = '573eb61bc45e97176' LIMIT 1   [ RunTime:0.0001s ]
SQL: INSERT INTO `ot_code` (`onwer`,`code`,`status`,`addtime`) VALUES ('18623720555','573eb61bc45e97176','1','2016-05-20 15:00:43') [ RunTime:0.0001s ]
SQL: SELECT * FROM `ot_code` WHERE `code` = '573eb61bc48063617' LIMIT 1   [ RunTime:0.0001s ]
SQL: INSERT INTO `ot_code` (`onwer`,`code`,`status`,`addtime`) VALUES ('18623720555','573eb61bc48063617','1','2016-05-20 15:00:43') [ RunTime:0.0001s ]
SQL: SELECT * FROM `ot_code` WHERE `code` = '573eb61bc4a224220' LIMIT 1   [ RunTime:0.0001s ]
SQL: INSERT INTO `ot_code` (`onwer`,`code`,`status`,`addtime`) VALUES ('18623720555','573eb61bc4a224220','1','2016-05-20 15:00:43') [ RunTime:0.0001s ]
SQL: SELECT * FROM `ot_code` WHERE `code` = '573eb61bc4c3d8801' LIMIT 1   [ RunTime:0.0001s ]
SQL: INSERT INTO `ot_code` (`onwer`,`code`,`status`,`addtime`) VALUES ('18623720555','573eb61bc4c3d8801','1','2016-05-20 15:00:43') [ RunTime:0.0001s ]
SQL: SELECT * FROM `ot_code` WHERE `code` = '573eb61bc4e598276' LIMIT 1   [ RunTime:0.0001s ]
SQL: INSERT INTO `ot_code` (`onwer`,`code`,`status`,`addtime`) VALUES ('18623720555','573eb61bc4e598276','1','2016-05-20 15:00:43') [ RunTime:0.0001s ]
SQL: SELECT * FROM `ot_code` WHERE `code` = '573eb61bc50806913' LIMIT 1   [ RunTime:0.0001s ]
SQL: INSERT INTO `ot_code` (`onwer`,`code`,`status`,`addtime`) VALUES ('18623720555','573eb61bc50806913','1','2016-05-20 15:00:43') [ RunTime:0.0001s ]
SQL: SELECT * FROM `ot_code` WHERE `code` = '573eb61bc529b8466' LIMIT 1   [ RunTime:0.0001s ]
SQL: INSERT INTO `ot_code` (`onwer`,`code`,`status`,`addtime`) VALUES ('18623720555','573eb61bc529b8466','1','2016-05-20 15:00:43') [ RunTime:0.0001s ]
SQL: SELECT * FROM `ot_code` WHERE `code` = '573eb61bc54bc9775' LIMIT 1   [ RunTime:0.0001s ]
SQL: INSERT INTO `ot_code` (`onwer`,`code`,`status`,`addtime`) VALUES ('18623720555','573eb61bc54bc9775','1','2016-05-20 15:00:43') [ RunTime:0.0001s ]
SQL: SELECT * FROM `ot_code` WHERE `code` = '573eb61bc56d53788' LIMIT 1   [ RunTime:0.0001s ]
SQL: INSERT INTO `ot_code` (`onwer`,`code`,`status`,`addtime`) VALUES ('18623720555','573eb61bc56d53788','1','2016-05-20 15:00:43') [ RunTime:0.0001s ]
SQL: SELECT * FROM `ot_code` WHERE `code` = '573eb61bc58f49465' LIMIT 1   [ RunTime:0.0001s ]
SQL: INSERT INTO `ot_code` (`onwer`,`code`,`status`,`addtime`) VALUES ('18623720555','573eb61bc58f49465','1','2016-05-20 15:00:43') [ RunTime:0.0001s ]
SQL: SELECT * FROM `ot_code` WHERE `code` = '573eb61bc5b0e5785' LIMIT 1   [ RunTime:0.0001s ]
SQL: INSERT INTO `ot_code` (`onwer`,`code`,`status`,`addtime`) VALUES ('18623720555','573eb61bc5b0e5785','1','2016-05-20 15:00:43') [ RunTime:0.0001s ]
SQL: SELECT * FROM `ot_code` WHERE `code` = '573eb61bc5d3f5706' LIMIT 1   [ RunTime:0.0001s ]
SQL: INSERT INTO `ot_code` (`onwer`,`code`,`status`,`addtime`) VALUES ('18623720555','573eb61bc5d3f5706','1','2016-05-20 15:00:43') [ RunTime:0.0001s ]
SQL: SELECT * FROM `ot_code` WHERE `code` = '573eb61bc5f581189' LIMIT 1   [ RunTime:0.0001s ]
SQL: INSERT INTO `ot_code` (`onwer`,`code`,`status`,`addtime`) VALUES ('18623720555','573eb61bc5f581189','1','2016-05-20 15:00:43') [ RunTime:0.0001s ]
SQL: SELECT * FROM `ot_code` WHERE `code` = '573eb61bc617d3087' LIMIT 1   [ RunTime:0.0001s ]
SQL: INSERT INTO `ot_code` (`onwer`,`code`,`status`,`addtime`) VALUES ('18623720555','573eb61bc617d3087','1','2016-05-20 15:00:43') [ RunTime:0.0001s ]
SQL: SELECT * FROM `ot_code` WHERE `code` = '573eb61bc639b3836' LIMIT 1   [ RunTime:0.0001s ]
SQL: INSERT INTO `ot_code` (`onwer`,`code`,`status`,`addtime`) VALUES ('18623720555','573eb61bc639b3836','1','2016-05-20 15:00:43') [ RunTime:0.0001s ]
SQL: SELECT * FROM `ot_code` WHERE `code` = '573eb61bc65b59591' LIMIT 1   [ RunTime:0.0001s ]
SQL: INSERT INTO `ot_code` (`onwer`,`code`,`status`,`addtime`) VALUES ('18623720555','573eb61bc65b59591','1','2016-05-20 15:00:43') [ RunTime:0.0001s ]
SQL: SELECT * FROM `ot_code` WHERE `code` = '573eb61bc67d57261' LIMIT 1   [ RunTime:0.0001s ]
SQL: INSERT INTO `ot_code` (`onwer`,`code`,`status`,`addtime`) VALUES ('18623720555','573eb61bc67d57261','1','2016-05-20 15:00:43') [ RunTime:0.0001s ]
SQL: SELECT * FROM `ot_code` WHERE `code` = '573eb61bc69f22830' LIMIT 1   [ RunTime:0.0001s ]
SQL: INSERT INTO `ot_code` (`onwer`,`code`,`status`,`addtime`) VALUES ('18623720555','573eb61bc69f22830','1','2016-05-20 15:00:43') [ RunTime:0.0001s ]
SQL: SELECT * FROM `ot_code` WHERE `code` = '573eb61bc6c142035' LIMIT 1   [ RunTime:0.0001s ]
SQL: INSERT INTO `ot_code` (`onwer`,`code`,`status`,`addtime`) VALUES ('18623720555','573eb61bc6c142035','1','2016-05-20 15:00:43') [ RunTime:0.0001s ]
SQL: SELECT * FROM `ot_code` WHERE `code` = '573eb61bc6e308807' LIMIT 1   [ RunTime:0.0001s ]
SQL: INSERT INTO `ot_code` (`onwer`,`code`,`status`,`addtime`) VALUES ('18623720555','573eb61bc6e308807','1','2016-05-20 15:00:43') [ RunTime:0.0001s ]
SQL: SELECT * FROM `ot_code` WHERE `code` = '573eb61bc70511484' LIMIT 1   [ RunTime:0.0001s ]
SQL: INSERT INTO `ot_code` (`onwer`,`code`,`status`,`addtime`) VALUES ('18623720555','573eb61bc70511484','1','2016-05-20 15:00:43') [ RunTime:0.0001s ]
SQL: SELECT * FROM `ot_code` WHERE `code` = '573eb61bc72757093' LIMIT 1   [ RunTime:0.0001s ]
SQL: INSERT INTO `ot_code` (`onwer`,`code`,`status`,`addtime`) VALUES ('18623720555','573eb61bc72757093','1','2016-05-20 15:00:43') [ RunTime:0.0001s ]
SQL: SELECT * FROM `ot_code` WHERE `code` = '573eb61bc74a51589' LIMIT 1   [ RunTime:0.0001s ]
SQL: INSERT INTO `ot_code` (`onwer`,`code`,`status`,`addtime`) VALUES ('18623720555','573eb61bc74a51589','1','2016-05-20 15:00:43') [ RunTime:0.0001s ]
SQL: SELECT * FROM `ot_code` WHERE `code` = '573eb61bc76c07060' LIMIT 1   [ RunTime:0.0001s ]
SQL: INSERT INTO `ot_code` (`onwer`,`code`,`status`,`addtime`) VALUES ('18623720555','573eb61bc76c07060','1','2016-05-20 15:00:43') [ RunTime:0.0001s ]
SQL: SELECT * FROM `ot_code` WHERE `code` = '573eb61bc78e29972' LIMIT 1   [ RunTime:0.0001s ]
SQL: INSERT INTO `ot_code` (`onwer`,`code`,`status`,`addtime`) VALUES ('18623720555','573eb61bc78e29972','1','2016-05-20 15:00:43') [ RunTime:0.0001s ]
SQL: SELECT * FROM `ot_code` WHERE `code` = '573eb61bc7b038943' LIMIT 1   [ RunTime:0.0001s ]
SQL: INSERT INTO `ot_code` (`onwer`,`code`,`status`,`addtime`) VALUES ('18623720555','573eb61bc7b038943','1','2016-05-20 15:00:43') [ RunTime:0.0001s ]
SQL: SELECT * FROM `ot_code` WHERE `code` = '573eb61bc7d237495' LIMIT 1   [ RunTime:0.0001s ]
SQL: INSERT INTO `ot_code` (`onwer`,`code`,`status`,`addtime`) VALUES ('18623720555','573eb61bc7d237495','1','2016-05-20 15:00:43') [ RunTime:0.0001s ]
SQL: SELECT * FROM `ot_code` WHERE `code` = '573eb61bc7f482412' LIMIT 1   [ RunTime:0.0001s ]
SQL: INSERT INTO `ot_code` (`onwer`,`code`,`status`,`addtime`) VALUES ('18623720555','573eb61bc7f482412','1','2016-05-20 15:00:43') [ RunTime:0.0001s ]
SQL: SELECT * FROM `ot_code` WHERE `code` = '573eb61bc816b4959' LIMIT 1   [ RunTime:0.0001s ]
SQL: INSERT INTO `ot_code` (`onwer`,`code`,`status`,`addtime`) VALUES ('18623720555','573eb61bc816b4959','1','2016-05-20 15:00:43') [ RunTime:0.0001s ]
SQL: SELECT * FROM `ot_code` WHERE `code` = '573eb61bc83924948' LIMIT 1   [ RunTime:0.0001s ]
SQL: INSERT INTO `ot_code` (`onwer`,`code`,`status`,`addtime`) VALUES ('18623720555','573eb61bc83924948','1','2016-05-20 15:00:43') [ RunTime:0.0001s ]
SQL: SELECT * FROM `ot_code` WHERE `code` = '573eb61bc85b21298' LIMIT 1   [ RunTime:0.0001s ]
SQL: INSERT INTO `ot_code` (`onwer`,`code`,`status`,`addtime`) VALUES ('18623720555','573eb61bc85b21298','1','2016-05-20 15:00:43') [ RunTime:0.0001s ]
SQL: SELECT * FROM `ot_code` WHERE `code` = '573eb61bc87d62135' LIMIT 1   [ RunTime:0.0001s ]
SQL: INSERT INTO `ot_code` (`onwer`,`code`,`status`,`addtime`) VALUES ('18623720555','573eb61bc87d62135','1','2016-05-20 15:00:43') [ RunTime:0.0001s ]
SQL: SELECT * FROM `ot_code` WHERE `code` = '573eb61bc89f67566' LIMIT 1   [ RunTime:0.0001s ]
SQL: INSERT INTO `ot_code` (`onwer`,`code`,`status`,`addtime`) VALUES ('18623720555','573eb61bc89f67566','1','2016-05-20 15:00:43') [ RunTime:0.0001s ]
SQL: SELECT * FROM `ot_code` WHERE `code` = '573eb61bc8c214519' LIMIT 1   [ RunTime:0.0001s ]
SQL: INSERT INTO `ot_code` (`onwer`,`code`,`status`,`addtime`) VALUES ('18623720555','573eb61bc8c214519','1','2016-05-20 15:00:43') [ RunTime:0.0001s ]
SQL: SELECT * FROM `ot_code` WHERE `code` = '573eb61bc8e4b9937' LIMIT 1   [ RunTime:0.0001s ]
SQL: INSERT INTO `ot_code` (`onwer`,`code`,`status`,`addtime`) VALUES ('18623720555','573eb61bc8e4b9937','1','2016-05-20 15:00:43') [ RunTime:0.0001s ]
SQL: SELECT * FROM `ot_code` WHERE `code` = '573eb61bc906d5842' LIMIT 1   [ RunTime:0.0001s ]
SQL: INSERT INTO `ot_code` (`onwer`,`code`,`status`,`addtime`) VALUES ('18623720555','573eb61bc906d5842','1','2016-05-20 15:00:43') [ RunTime:0.0001s ]
SQL: SELECT * FROM `ot_code` WHERE `code` = '573eb61bc929e1432' LIMIT 1   [ RunTime:0.0001s ]
SQL: INSERT INTO `ot_code` (`onwer`,`code`,`status`,`addtime`) VALUES ('18623720555','573eb61bc929e1432','1','2016-05-20 15:00:43') [ RunTime:0.0001s ]
SQL: SELECT * FROM `ot_code` WHERE `code` = '573eb61bc94c08403' LIMIT 1   [ RunTime:0.0001s ]
SQL: INSERT INTO `ot_code` (`onwer`,`code`,`status`,`addtime`) VALUES ('18623720555','573eb61bc94c08403','1','2016-05-20 15:00:43') [ RunTime:0.0001s ]
SQL: SELECT * FROM `ot_code` WHERE `code` = '573eb61bc96ed5618' LIMIT 1   [ RunTime:0.0001s ]
SQL: INSERT INTO `ot_code` (`onwer`,`code`,`status`,`addtime`) VALUES ('18623720555','573eb61bc96ed5618','1','2016-05-20 15:00:43') [ RunTime:0.0001s ]
SQL: SELECT * FROM `ot_code` WHERE `code` = '573eb61bc990f4221' LIMIT 1   [ RunTime:0.0001s ]
SQL: INSERT INTO `ot_code` (`onwer`,`code`,`status`,`addtime`) VALUES ('18623720555','573eb61bc990f4221','1','2016-05-20 15:00:43') [ RunTime:0.0001s ]
SQL: SELECT * FROM `ot_code` WHERE `code` = '573eb61bc9b397868' LIMIT 1   [ RunTime:0.0001s ]
SQL: INSERT INTO `ot_code` (`onwer`,`code`,`status`,`addtime`) VALUES ('18623720555','573eb61bc9b397868','1','2016-05-20 15:00:43') [ RunTime:0.0001s ]
SQL: SELECT * FROM `ot_code` WHERE `code` = '573eb61bc9d5d1403' LIMIT 1   [ RunTime:0.0001s ]
SQL: INSERT INTO `ot_code` (`onwer`,`code`,`status`,`addtime`) VALUES ('18623720555','573eb61bc9d5d1403','1','2016-05-20 15:00:43') [ RunTime:0.0001s ]
SQL: SELECT * FROM `ot_code` WHERE `code` = '573eb61bc9f8d8928' LIMIT 1   [ RunTime:0.0001s ]
SQL: INSERT INTO `ot_code` (`onwer`,`code`,`status`,`addtime`) VALUES ('18623720555','573eb61bc9f8d8928','1','2016-05-20 15:00:43') [ RunTime:0.0001s ]
SQL: SELECT * FROM `ot_code` WHERE `code` = '573eb61bca1ae8058' LIMIT 1   [ RunTime:0.0001s ]
SQL: INSERT INTO `ot_code` (`onwer`,`code`,`status`,`addtime`) VALUES ('18623720555','573eb61bca1ae8058','1','2016-05-20 15:00:43') [ RunTime:0.0001s ]
INFO: [ view_parse ] --START--
INFO: [ template_filter ] --START--
INFO: Run Behavior\ContentReplaceBehavior [ RunTime:0.000038s ]
INFO: [ template_filter ] --END-- [ RunTime:0.000086s ]
INFO: Run Behavior\ParseTemplateBehavior [ RunTime:0.006106s ]
INFO: [ view_parse ] --END-- [ RunTime:0.006149s ]
INFO: [ view_filter ] --START--
INFO: Run Behavior\WriteHtmlCacheBehavior [ RunTime:0.000131s ]
INFO: [ view_filter ] --END-- [ RunTime:0.000167s ]
INFO: [ app_end ] --START--
INFO: Run Behavior\ShowPageTraceBehavior [ RunTime:0.000409s ]
INFO: [ app_end ] --END-- [ RunTime:0.000453s ]

[ 2016-05-20T15:00:45+08:00 ] 199.27.133.16 /admin.php/Home/Code/code_add
INFO: [ app_begin ] --START--
INFO: Run Behavior\ReadHtmlCacheBehavior [ RunTime:0.000388s ]
INFO: [ app_begin ] --END-- [ RunTime:0.000667s ]
INFO: [ view_parse ] --START--
INFO: [ template_filter ] --START--
INFO: Run Behavior\ContentReplaceBehavior [ RunTime:0.000038s ]
INFO: [ template_filter ] --END-- [ RunTime:0.000084s ]
NOTIC: [8] Undefined variable: page /phpstudy/www/www.cngsoros.com/snadmin/Runtime/Cache/Home/0db364029371349824c8dbe1d39bb281.php 第 107 行.
INFO: Run Behavior\ParseTemplateBehavior [ RunTime:0.005223s ]
INFO: [ view_parse ] --END-- [ RunTime:0.005263s ]
INFO: [ view_filter ] --START--
INFO: Run Behavior\WriteHtmlCacheBehavior [ RunTime:0.000108s ]
INFO: [ view_filter ] --END-- [ RunTime:0.000146s ]
INFO: [ app_end ] --START--
INFO: Run Behavior\ShowPageTraceBehavior [ RunTime:0.000390s ]
INFO: [ app_end ] --END-- [ RunTime:0.000427s ]

[ 2016-05-20T16:10:37+08:00 ] 199.27.133.16 /admin.php/Home/Index/pin_list
INFO: [ app_begin ] --START--
INFO: Run Behavior\ReadHtmlCacheBehavior [ RunTime:0.000344s ]
INFO: [ app_begin ] --END-- [ RunTime:0.000593s ]
SQL: SHOW COLUMNS FROM `ot_pin` [ RunTime:0.0008s ]
SQL: SELECT COUNT(*) AS tp_count FROM `ot_pin` LIMIT 1   [ RunTime:0.0001s ]
SQL: SELECT COUNT(*) AS tp_count FROM `ot_pin` WHERE `zt` = 0 LIMIT 1   [ RunTime:0.0002s ]
SQL: SELECT * FROM `ot_pin` WHERE `zt` = 0 ORDER BY id DESC LIMIT 0,20   [ RunTime:0.0003s ]
INFO: [ view_parse ] --START--
INFO: [ template_filter ] --START--
INFO: Run Behavior\ContentReplaceBehavior [ RunTime:0.000050s ]
INFO: [ template_filter ] --END-- [ RunTime:0.000090s ]
INFO: Run Behavior\ParseTemplateBehavior [ RunTime:0.006959s ]
INFO: [ view_parse ] --END-- [ RunTime:0.007014s ]
INFO: [ view_filter ] --START--
INFO: Run Behavior\WriteHtmlCacheBehavior [ RunTime:0.000111s ]
INFO: [ view_filter ] --END-- [ RunTime:0.000147s ]
INFO: [ app_end ] --START--
INFO: Run Behavior\ShowPageTraceBehavior [ RunTime:0.000450s ]
INFO: [ app_end ] --END-- [ RunTime:0.000495s ]

[ 2016-05-20T16:13:33+08:00 ] 173.245.48.185 /admin.php/Home/Index/jjset
INFO: [ app_begin ] --START--
INFO: Run Behavior\ReadHtmlCacheBehavior [ RunTime:0.000344s ]
INFO: [ app_begin ] --END-- [ RunTime:0.000597s ]
INFO: [ view_parse ] --START--
INFO: [ template_filter ] --START--
INFO: Run Behavior\ContentReplaceBehavior [ RunTime:0.000053s ]
INFO: [ template_filter ] --END-- [ RunTime:0.000092s ]
INFO: Run Behavior\ParseTemplateBehavior [ RunTime:0.008945s ]
INFO: [ view_parse ] --END-- [ RunTime:0.008984s ]
INFO: [ view_filter ] --START--
INFO: Run Behavior\WriteHtmlCacheBehavior [ RunTime:0.000110s ]
INFO: [ view_filter ] --END-- [ RunTime:0.000146s ]
INFO: [ app_end ] --START--
INFO: Run Behavior\ShowPageTraceBehavior [ RunTime:0.000375s ]
INFO: [ app_end ] --END-- [ RunTime:0.000413s ]

[ 2016-05-20T16:13:34+08:00 ] 199.27.133.16 /admin.php/Home/Common/getTree
INFO: [ app_begin ] --START--
INFO: Run Behavior\ReadHtmlCacheBehavior [ RunTime:0.000379s ]
INFO: [ app_begin ] --END-- [ RunTime:0.000632s ]
INFO: [ app_end ] --START--
INFO: Run Behavior\ShowPageTraceBehavior [ RunTime:0.000391s ]
INFO: [ app_end ] --END-- [ RunTime:0.000434s ]

[ 2016-05-20T16:16:35+08:00 ] 199.27.133.16 /admin.php/Home/Index/txset
INFO: [ app_begin ] --START--
INFO: Run Behavior\ReadHtmlCacheBehavior [ RunTime:0.000355s ]
INFO: [ app_begin ] --END-- [ RunTime:0.000601s ]
INFO: [ view_parse ] --START--
INFO: [ template_filter ] --START--
INFO: Run Behavior\ContentReplaceBehavior [ RunTime:0.000041s ]
INFO: [ template_filter ] --END-- [ RunTime:0.000081s ]
INFO: Run Behavior\ParseTemplateBehavior [ RunTime:0.006102s ]
INFO: [ view_parse ] --END-- [ RunTime:0.006142s ]
INFO: [ view_filter ] --START--
INFO: Run Behavior\WriteHtmlCacheBehavior [ RunTime:0.000108s ]
INFO: [ view_filter ] --END-- [ RunTime:0.000143s ]
INFO: [ app_end ] --START--
INFO: Run Behavior\ShowPageTraceBehavior [ RunTime:0.000356s ]
INFO: [ app_end ] --END-- [ RunTime:0.000394s ]

[ 2016-05-20T16:16:36+08:00 ] 199.27.133.16 /admin.php/Home/Common/getTree
INFO: [ app_begin ] --START--
INFO: Run Behavior\ReadHtmlCacheBehavior [ RunTime:0.000387s ]
INFO: [ app_begin ] --END-- [ RunTime:0.000664s ]
INFO: [ app_end ] --START--
INFO: Run Behavior\ShowPageTraceBehavior [ RunTime:0.000391s ]
INFO: [ app_end ] --END-- [ RunTime:0.000434s ]

[ 2016-05-20T16:16:58+08:00 ] 199.27.133.16 /admin.php/Home/Index/lixi
INFO: [ app_begin ] --START--
INFO: Run Behavior\ReadHtmlCacheBehavior [ RunTime:0.000399s ]
INFO: [ app_begin ] --END-- [ RunTime:0.000661s ]
INFO: [ view_parse ] --START--
INFO: [ template_filter ] --START--
INFO: Run Behavior\ContentReplaceBehavior [ RunTime:0.000038s ]
INFO: [ template_filter ] --END-- [ RunTime:0.000083s ]
INFO: Run Behavior\ParseTemplateBehavior [ RunTime:0.005714s ]
INFO: [ view_parse ] --END-- [ RunTime:0.005759s ]
INFO: [ view_filter ] --START--
INFO: Run Behavior\WriteHtmlCacheBehavior [ RunTime:0.000108s ]
INFO: [ view_filter ] --END-- [ RunTime:0.000144s ]
INFO: [ app_end ] --START--
INFO: Run Behavior\ShowPageTraceBehavior [ RunTime:0.000373s ]
INFO: [ app_end ] --END-- [ RunTime:0.000414s ]

[ 2016-05-20T16:16:58+08:00 ] 199.27.133.16 /admin.php/Home/Common/getTree
INFO: [ app_begin ] --START--
INFO: Run Behavior\ReadHtmlCacheBehavior [ RunTime:0.000366s ]
INFO: [ app_begin ] --END-- [ RunTime:0.000619s ]
INFO: [ app_end ] --START--
INFO: Run Behavior\ShowPageTraceBehavior [ RunTime:0.000393s ]
INFO: [ app_end ] --END-- [ RunTime:0.000431s ]

