[ 2016-05-07T11:10:07+08:00 ] 199.27.133.27 /admin.php/Home/Login
INFO: [ app_begin ] --START--
INFO: Run Behavior\ReadHtmlCacheBehavior [ RunTime:0.000344s ]
INFO: [ app_begin ] --END-- [ RunTime:0.000589s ]
INFO: [ view_parse ] --START--
INFO: [ template_filter ] --START--
INFO: Run Behavior\ContentReplaceBehavior [ RunTime:0.000033s ]
INFO: [ template_filter ] --END-- [ RunTime:0.000079s ]
INFO: Run Behavior\ParseTemplateBehavior [ RunTime:0.004828s ]
INFO: [ view_parse ] --END-- [ RunTime:0.004871s ]
INFO: [ view_filter ] --START--
INFO: Run Behavior\WriteHtmlCacheBehavior [ RunTime:0.000109s ]
INFO: [ view_filter ] --END-- [ RunTime:0.000145s ]
INFO: [ app_end ] --START--
INFO: Run Behavior\ShowPageTraceBehavior [ RunTime:0.000372s ]
INFO: [ app_end ] --END-- [ RunTime:0.000412s ]

[ 2016-05-07T11:10:07+08:00 ] 199.27.133.27 /admin.php/Home/login/verify
INFO: [ app_begin ] --START--
INFO: Run Behavior\ReadHtmlCacheBehavior [ RunTime:0.000351s ]
INFO: [ app_begin ] --END-- [ RunTime:0.000600s ]
INFO: [ app_end ] --START--
INFO: Run Behavior\ShowPageTraceBehavior [ RunTime:0.000372s ]
INFO: [ app_end ] --END-- [ RunTime:0.000414s ]

[ 2016-05-07T11:10:15+08:00 ] 199.27.129.17 /admin.php/home/login/logincl
INFO: [ app_begin ] --START--
INFO: Run Behavior\ReadHtmlCacheBehavior [ RunTime:0.000398s ]
INFO: [ app_begin ] --END-- [ RunTime:0.000663s ]
INFO: [ app_end ] --START--
INFO: Run Behavior\ShowPageTraceBehavior [ RunTime:0.000396s ]
INFO: [ app_end ] --END-- [ RunTime:0.000443s ]

[ 2016-05-07T11:10:16+08:00 ] 199.27.133.27 /admin.php/Home/Login/logincl
INFO: [ app_begin ] --START--
INFO: Run Behavior\ReadHtmlCacheBehavior [ RunTime:0.000389s ]
INFO: [ app_begin ] --END-- [ RunTime:0.000657s ]
NOTIC: [2] Missing argument 2 for Think\Crypt::decrypt(), called in /phpstudy/www/www.cngsoros.com/snadmin/Home/Common/function.php on line 96 and defined /phpstudy/www/www.cngsoros.com/ThinkPHP/Library/Think/Crypt.class.php 第 46 行.
NOTIC: [8] Undefined variable: key /phpstudy/www/www.cngsoros.com/ThinkPHP/Library/Think/Crypt.class.php 第 51 行.
NOTIC: [2] Missing argument 2 for Think\Crypt::encrypt(), called in /phpstudy/www/www.cngsoros.com/snadmin/Home/Common/function.php on line 282 and defined /phpstudy/www/www.cngsoros.com/ThinkPHP/Library/Think/Crypt.class.php 第 32 行.
NOTIC: [8] Undefined variable: key /phpstudy/www/www.cngsoros.com/ThinkPHP/Library/Think/Crypt.class.php 第 37 行.
NOTIC: [2] Missing argument 2 for Think\Crypt::decrypt(), called in /phpstudy/www/www.cngsoros.com/snadmin/Home/Common/function.php on line 96 and defined /phpstudy/www/www.cngsoros.com/ThinkPHP/Library/Think/Crypt.class.php 第 46 行.
NOTIC: [8] Undefined variable: key /phpstudy/www/www.cngsoros.com/ThinkPHP/Library/Think/Crypt.class.php 第 51 行.
NOTIC: [2] Missing argument 2 for Think\Crypt::encrypt(), called in /phpstudy/www/www.cngsoros.com/snadmin/Home/Common/function.php on line 282 and defined /phpstudy/www/www.cngsoros.com/ThinkPHP/Library/Think/Crypt.class.php 第 32 行.
NOTIC: [8] Undefined variable: key /phpstudy/www/www.cngsoros.com/ThinkPHP/Library/Think/Crypt.class.php 第 37 行.
SQL: SHOW COLUMNS FROM `ot_member` [ RunTime:0.0009s ]
SQL: SELECT * FROM `ot_member` WHERE `MB_username` = 'admin' LIMIT 1   [ RunTime:0.0002s ]
SQL: SHOW COLUMNS FROM `ot_drrz` [ RunTime:0.0004s ]
SQL: INSERT INTO `ot_drrz` (`date`,`ip`,`user`,`leixin`) VALUES ('2016-05-07 11:10:16','113.80.208.123','admin','1') [ RunTime:0.0002s ]

[ 2016-05-07T11:10:18+08:00 ] 199.27.133.27 /admin.php/Home/Login/logincl
INFO: [ app_begin ] --START--
INFO: Run Behavior\ReadHtmlCacheBehavior [ RunTime:0.000381s ]
INFO: [ app_begin ] --END-- [ RunTime:0.000653s ]
NOTIC: [2] Missing argument 2 for Think\Crypt::decrypt(), called in /phpstudy/www/www.cngsoros.com/snadmin/Home/Common/function.php on line 96 and defined /phpstudy/www/www.cngsoros.com/ThinkPHP/Library/Think/Crypt.class.php 第 46 行.
NOTIC: [8] Undefined variable: key /phpstudy/www/www.cngsoros.com/ThinkPHP/Library/Think/Crypt.class.php 第 51 行.
NOTIC: [2] Missing argument 2 for Think\Crypt::encrypt(), called in /phpstudy/www/www.cngsoros.com/snadmin/Home/Common/function.php on line 282 and defined /phpstudy/www/www.cngsoros.com/ThinkPHP/Library/Think/Crypt.class.php 第 32 行.
NOTIC: [8] Undefined variable: key /phpstudy/www/www.cngsoros.com/ThinkPHP/Library/Think/Crypt.class.php 第 37 行.
NOTIC: [2] Missing argument 2 for Think\Crypt::decrypt(), called in /phpstudy/www/www.cngsoros.com/snadmin/Home/Common/function.php on line 96 and defined /phpstudy/www/www.cngsoros.com/ThinkPHP/Library/Think/Crypt.class.php 第 46 行.
NOTIC: [8] Undefined variable: key /phpstudy/www/www.cngsoros.com/ThinkPHP/Library/Think/Crypt.class.php 第 51 行.
NOTIC: [2] Missing argument 2 for Think\Crypt::encrypt(), called in /phpstudy/www/www.cngsoros.com/snadmin/Home/Common/function.php on line 282 and defined /phpstudy/www/www.cngsoros.com/ThinkPHP/Library/Think/Crypt.class.php 第 32 行.
NOTIC: [8] Undefined variable: key /phpstudy/www/www.cngsoros.com/ThinkPHP/Library/Think/Crypt.class.php 第 37 行.

[ 2016-05-07T11:10:25+08:00 ] 199.27.133.27 /admin.php/Home/login/verify?0.8298751134425402
INFO: [ app_begin ] --START--
INFO: Run Behavior\ReadHtmlCacheBehavior [ RunTime:0.000377s ]
INFO: [ app_begin ] --END-- [ RunTime:0.000645s ]
INFO: [ app_end ] --START--
INFO: Run Behavior\ShowPageTraceBehavior [ RunTime:0.000396s ]
INFO: [ app_end ] --END-- [ RunTime:0.000445s ]

[ 2016-05-07T11:10:34+08:00 ] 199.27.133.27 /admin.php/Home/Login/logincl
INFO: [ app_begin ] --START--
INFO: Run Behavior\ReadHtmlCacheBehavior [ RunTime:0.000351s ]
INFO: [ app_begin ] --END-- [ RunTime:0.000598s ]
NOTIC: [2] Missing argument 2 for Think\Crypt::decrypt(), called in /phpstudy/www/www.cngsoros.com/snadmin/Home/Common/function.php on line 96 and defined /phpstudy/www/www.cngsoros.com/ThinkPHP/Library/Think/Crypt.class.php 第 46 行.
NOTIC: [8] Undefined variable: key /phpstudy/www/www.cngsoros.com/ThinkPHP/Library/Think/Crypt.class.php 第 51 行.
NOTIC: [2] Missing argument 2 for Think\Crypt::encrypt(), called in /phpstudy/www/www.cngsoros.com/snadmin/Home/Common/function.php on line 282 and defined /phpstudy/www/www.cngsoros.com/ThinkPHP/Library/Think/Crypt.class.php 第 32 行.
NOTIC: [8] Undefined variable: key /phpstudy/www/www.cngsoros.com/ThinkPHP/Library/Think/Crypt.class.php 第 37 行.
NOTIC: [2] Missing argument 2 for Think\Crypt::decrypt(), called in /phpstudy/www/www.cngsoros.com/snadmin/Home/Common/function.php on line 96 and defined /phpstudy/www/www.cngsoros.com/ThinkPHP/Library/Think/Crypt.class.php 第 46 行.
NOTIC: [8] Undefined variable: key /phpstudy/www/www.cngsoros.com/ThinkPHP/Library/Think/Crypt.class.php 第 51 行.
NOTIC: [2] Missing argument 2 for Think\Crypt::encrypt(), called in /phpstudy/www/www.cngsoros.com/snadmin/Home/Common/function.php on line 282 and defined /phpstudy/www/www.cngsoros.com/ThinkPHP/Library/Think/Crypt.class.php 第 32 行.
NOTIC: [8] Undefined variable: key /phpstudy/www/www.cngsoros.com/ThinkPHP/Library/Think/Crypt.class.php 第 37 行.
SQL: SHOW COLUMNS FROM `ot_member` [ RunTime:0.0009s ]
SQL: SELECT * FROM `ot_member` WHERE `MB_username` = 'admin' LIMIT 1   [ RunTime:0.0002s ]
SQL: SHOW COLUMNS FROM `ot_drrz` [ RunTime:0.0004s ]
SQL: INSERT INTO `ot_drrz` (`date`,`ip`,`user`,`leixin`) VALUES ('2016-05-07 11:10:34','113.80.208.123','admin','1') [ RunTime:0.0002s ]

[ 2016-05-07T11:10:35+08:00 ] 199.27.133.27 /admin.php/Home/Index/main
INFO: [ app_begin ] --START--
INFO: Run Behavior\ReadHtmlCacheBehavior [ RunTime:0.000381s ]
INFO: [ app_begin ] --END-- [ RunTime:0.000639s ]
INFO: [ view_parse ] --START--
INFO: [ template_filter ] --START--
INFO: Run Behavior\ContentReplaceBehavior [ RunTime:0.000033s ]
INFO: [ template_filter ] --END-- [ RunTime:0.000075s ]
INFO: Run Behavior\ParseTemplateBehavior [ RunTime:0.005134s ]
INFO: [ view_parse ] --END-- [ RunTime:0.005175s ]
INFO: [ view_filter ] --START--
INFO: Run Behavior\WriteHtmlCacheBehavior [ RunTime:0.000110s ]
INFO: [ view_filter ] --END-- [ RunTime:0.000146s ]
INFO: [ app_end ] --START--
INFO: Run Behavior\ShowPageTraceBehavior [ RunTime:0.000387s ]
INFO: [ app_end ] --END-- [ RunTime:0.000424s ]

[ 2016-05-07T11:10:36+08:00 ] 199.27.133.27 /admin.php/Home/Index/top.html
INFO: [ app_begin ] --START--
INFO: Run Behavior\ReadHtmlCacheBehavior [ RunTime:0.000340s ]
INFO: [ app_begin ] --END-- [ RunTime:0.000577s ]
INFO: [ view_parse ] --START--
INFO: [ template_filter ] --START--
INFO: Run Behavior\ContentReplaceBehavior [ RunTime:0.000030s ]
INFO: [ template_filter ] --END-- [ RunTime:0.000077s ]
INFO: Run Behavior\ParseTemplateBehavior [ RunTime:0.004748s ]
INFO: [ view_parse ] --END-- [ RunTime:0.004799s ]
INFO: [ view_filter ] --START--
INFO: Run Behavior\WriteHtmlCacheBehavior [ RunTime:0.000107s ]
INFO: [ view_filter ] --END-- [ RunTime:0.000142s ]
INFO: [ app_end ] --START--
INFO: Run Behavior\ShowPageTraceBehavior [ RunTime:0.000364s ]
INFO: [ app_end ] --END-- [ RunTime:0.000404s ]

[ 2016-05-07T11:10:36+08:00 ] 199.27.133.27 /admin.php/Home/Index/df1
INFO: [ app_begin ] --START--
INFO: Run Behavior\ReadHtmlCacheBehavior [ RunTime:0.000405s ]
INFO: [ app_begin ] --END-- [ RunTime:0.000682s ]
SQL: SHOW COLUMNS FROM `ot_system` [ RunTime:0.0016s ]
SQL: SELECT * FROM `ot_system` WHERE `SYS_ID` = 1 LIMIT 1   [ RunTime:0.0002s ]
SQL: SHOW COLUMNS FROM `ot_drrz` [ RunTime:0.0004s ]
SQL: SELECT * FROM `ot_drrz` WHERE `user` = 'admin' AND `leixin` = 1 ORDER BY id DESC LIMIT 2   [ RunTime:0.0002s ]
SQL: SHOW COLUMNS FROM `ot_user` [ RunTime:0.0018s ]
SQL: SELECT COUNT(UE_ID) AS tp_count FROM `ot_user` WHERE ( `UE_regTime`> '2016-05-07 00:00:00' AND `UE_regTime` < '2016-05-07 23:59:59' ) LIMIT 1   [ RunTime:0.0001s ]
SQL: SELECT COUNT(UE_ID) AS tp_count FROM `ot_user` WHERE ( `UE_activeTime`> '2016-05-07 00:00:00' AND `UE_activeTime` < '2016-05-07 23:59:59' ) LIMIT 1   [ RunTime:0.0001s ]
SQL: SELECT COUNT(UE_ID) AS tp_count FROM `ot_user` WHERE ( `UE_regTime`> '2016-05-06 00:00:00' AND `UE_regTime` < '2016-05-06 23:59:59' ) LIMIT 1   [ RunTime:0.0001s ]
SQL: SELECT COUNT(UE_ID) AS tp_count FROM `ot_user` WHERE ( `UE_activeTime`> '2016-05-06 00:00:00' AND `UE_activeTime` < '2016-05-06 23:59:59' ) LIMIT 1   [ RunTime:0.0001s ]
SQL: SELECT COUNT(UE_ID) AS tp_count FROM `ot_user` WHERE ( `UE_ID`> '0' ) LIMIT 1   [ RunTime:0.0001s ]
SQL: SELECT COUNT(UE_ID) AS tp_count FROM `ot_user` WHERE ( `UE_ID`> '0' AND `UE_check` = '1' ) LIMIT 1   [ RunTime:0.0001s ]
SQL: SELECT COUNT(UE_ID) AS tp_count FROM `ot_user` WHERE ( `UE_ID`> '0' AND `UE_check` = '1' AND `UE_stop` = '0' ) LIMIT 1   [ RunTime:0.0001s ]
SQL: SELECT SUM(UE_money) AS tp_sum FROM `ot_user` LIMIT 1   [ RunTime:0.0001s ]
SQL: SELECT SUM(ybhe) AS tp_sum FROM `ot_user` LIMIT 1   [ RunTime:0.0001s ]
SQL: SELECT SUM(zsbhe) AS tp_sum FROM `ot_user` LIMIT 1   [ RunTime:0.0001s ]
INFO: [ view_parse ] --START--
INFO: [ template_filter ] --START--
INFO: Run Behavior\ContentReplaceBehavior [ RunTime:0.000043s ]
INFO: [ template_filter ] --END-- [ RunTime:0.000087s ]
INFO: Run Behavior\ParseTemplateBehavior [ RunTime:0.006797s ]
INFO: [ view_parse ] --END-- [ RunTime:0.006845s ]
INFO: [ view_filter ] --START--
INFO: Run Behavior\WriteHtmlCacheBehavior [ RunTime:0.000118s ]
INFO: [ view_filter ] --END-- [ RunTime:0.000155s ]
INFO: [ app_end ] --START--
INFO: Run Behavior\ShowPageTraceBehavior [ RunTime:0.000413s ]
INFO: [ app_end ] --END-- [ RunTime:0.000470s ]

[ 2016-05-07T11:10:36+08:00 ] 199.27.133.27 /admin.php/Home/Index/left.html
INFO: [ app_begin ] --START--
INFO: Run Behavior\ReadHtmlCacheBehavior [ RunTime:0.000407s ]
INFO: [ app_begin ] --END-- [ RunTime:0.000677s ]
INFO: [ view_parse ] --START--
INFO: [ template_filter ] --START--
INFO: Run Behavior\ContentReplaceBehavior [ RunTime:0.000052s ]
INFO: [ template_filter ] --END-- [ RunTime:0.000097s ]
INFO: Run Behavior\ParseTemplateBehavior [ RunTime:0.007858s ]
INFO: [ view_parse ] --END-- [ RunTime:0.007902s ]
INFO: [ view_filter ] --START--
INFO: Run Behavior\WriteHtmlCacheBehavior [ RunTime:0.000127s ]
INFO: [ view_filter ] --END-- [ RunTime:0.000163s ]
INFO: [ app_end ] --START--
INFO: Run Behavior\ShowPageTraceBehavior [ RunTime:0.000387s ]
INFO: [ app_end ] --END-- [ RunTime:0.000425s ]

[ 2016-05-07T11:10:37+08:00 ] 199.27.133.27 /admin.php/Home/Index/userlist
INFO: [ app_begin ] --START--
INFO: Run Behavior\ReadHtmlCacheBehavior [ RunTime:0.000337s ]
INFO: [ app_begin ] --END-- [ RunTime:0.000579s ]
SQL: SHOW COLUMNS FROM `ot_user` [ RunTime:0.0024s ]
NOTIC: [8] Undefined variable: map /phpstudy/www/www.cngsoros.com/snadmin/Home/Controller/IndexController.class.php 第 295 行.
SQL: SELECT COUNT(*) AS tp_count FROM `ot_user` LIMIT 1   [ RunTime:0.0001s ]
NOTIC: [8] Undefined variable: map /phpstudy/www/www.cngsoros.com/snadmin/Home/Controller/IndexController.class.php 第 300 行.
SQL: SELECT * FROM `ot_user` ORDER BY UE_ID LIMIT 0,20   [ RunTime:0.0004s ]
INFO: [ view_parse ] --START--
INFO: [ template_filter ] --START--
INFO: Run Behavior\ContentReplaceBehavior [ RunTime:0.000042s ]
INFO: [ template_filter ] --END-- [ RunTime:0.000082s ]
SQL: SELECT COUNT(*) AS tp_count FROM `ot_user` WHERE `UE_regIP` = '127.0.0.1' LIMIT 1   [ RunTime:0.0002s ]
SQL: SELECT COUNT(*) AS tp_count FROM `ot_user` WHERE `UE_regIP` = '123.151.42.47' LIMIT 1   [ RunTime:0.0001s ]
SQL: SELECT COUNT(*) AS tp_count FROM `ot_user` WHERE `UE_regIP` = '14.156.245.8' LIMIT 1   [ RunTime:0.0001s ]
SQL: SELECT COUNT(*) AS tp_count FROM `ot_user` WHERE `UE_regIP` = '14.156.245.8' LIMIT 1   [ RunTime:0.0001s ]
SQL: SELECT COUNT(*) AS tp_count FROM `ot_user` WHERE `UE_regIP` = '117.136.40.177' LIMIT 1   [ RunTime:0.0001s ]
INFO: Run Behavior\ParseTemplateBehavior [ RunTime:0.009361s ]
INFO: [ view_parse ] --END-- [ RunTime:0.009406s ]
INFO: [ view_filter ] --START--
INFO: Run Behavior\WriteHtmlCacheBehavior [ RunTime:0.000119s ]
INFO: [ view_filter ] --END-- [ RunTime:0.000155s ]
INFO: [ app_end ] --START--
INFO: Run Behavior\ShowPageTraceBehavior [ RunTime:0.000414s ]
INFO: [ app_end ] --END-- [ RunTime:0.000457s ]

[ 2016-05-07T11:26:16+08:00 ] 199.27.133.27 /admin.php/Home/Index/user_xg/user/admin@qq.com
INFO: [ app_begin ] --START--
INFO: Run Behavior\ReadHtmlCacheBehavior [ RunTime:0.000413s ]
INFO: [ app_begin ] --END-- [ RunTime:0.000681s ]
SQL: SHOW COLUMNS FROM `ot_user` [ RunTime:0.0024s ]
SQL: SELECT * FROM `ot_user` WHERE `UE_account` = 'admin@qq.com' LIMIT 1   [ RunTime:0.0003s ]
INFO: [ view_parse ] --START--
INFO: [ template_filter ] --START--
INFO: Run Behavior\ContentReplaceBehavior [ RunTime:0.000043s ]
INFO: [ template_filter ] --END-- [ RunTime:0.000087s ]
NOTIC: [8] Undefined index: UE_status /phpstudy/www/www.cngsoros.com/snadmin/Runtime/Cache/Home/a2671ee013aaea3677a317bb326b9791.php 第 34 行.
INFO: Run Behavior\ParseTemplateBehavior [ RunTime:0.007447s ]
INFO: [ view_parse ] --END-- [ RunTime:0.007493s ]
INFO: [ view_filter ] --START--
INFO: Run Behavior\WriteHtmlCacheBehavior [ RunTime:0.000126s ]
INFO: [ view_filter ] --END-- [ RunTime:0.000162s ]
INFO: [ app_end ] --START--
INFO: Run Behavior\ShowPageTraceBehavior [ RunTime:0.000402s ]
INFO: [ app_end ] --END-- [ RunTime:0.000445s ]

[ 2016-05-07T11:26:26+08:00 ] 199.27.133.27 /admin.php/Home/Index/userlist/ip/123.151.42.47
INFO: [ app_begin ] --START--
INFO: Run Behavior\ReadHtmlCacheBehavior [ RunTime:0.000405s ]
INFO: [ app_begin ] --END-- [ RunTime:0.000672s ]
SQL: SHOW COLUMNS FROM `ot_user` [ RunTime:0.0024s ]
SQL: SELECT COUNT(*) AS tp_count FROM `ot_user` WHERE `UE_regIP` = '123.151.42.47' LIMIT 1   [ RunTime:0.0002s ]
SQL: SELECT * FROM `ot_user` WHERE `UE_regIP` = '123.151.42.47' ORDER BY UE_ID LIMIT 0,20   [ RunTime:0.0003s ]
INFO: [ view_parse ] --START--
INFO: [ template_filter ] --START--
INFO: Run Behavior\ContentReplaceBehavior [ RunTime:0.000042s ]
INFO: [ template_filter ] --END-- [ RunTime:0.000083s ]
SQL: SELECT COUNT(*) AS tp_count FROM `ot_user` WHERE `UE_regIP` = '123.151.42.47' LIMIT 1   [ RunTime:0.0001s ]
INFO: Run Behavior\ParseTemplateBehavior [ RunTime:0.009077s ]
INFO: [ view_parse ] --END-- [ RunTime:0.009122s ]
INFO: [ view_filter ] --START--
INFO: Run Behavior\WriteHtmlCacheBehavior [ RunTime:0.000127s ]
INFO: [ view_filter ] --END-- [ RunTime:0.000163s ]
INFO: [ app_end ] --START--
INFO: Run Behavior\ShowPageTraceBehavior [ RunTime:0.000392s ]
INFO: [ app_end ] --END-- [ RunTime:0.000436s ]

[ 2016-05-07T11:26:33+08:00 ] 199.27.133.27 /admin.php/Home/Index/user_xg/user/13266776667
INFO: [ app_begin ] --START--
INFO: Run Behavior\ReadHtmlCacheBehavior [ RunTime:0.000412s ]
INFO: [ app_begin ] --END-- [ RunTime:0.000684s ]
SQL: SHOW COLUMNS FROM `ot_user` [ RunTime:0.0024s ]
SQL: SELECT * FROM `ot_user` WHERE `UE_account` = '13266776667' LIMIT 1   [ RunTime:0.0003s ]
INFO: [ view_parse ] --START--
INFO: [ template_filter ] --START--
INFO: Run Behavior\ContentReplaceBehavior [ RunTime:0.000043s ]
INFO: [ template_filter ] --END-- [ RunTime:0.000087s ]
NOTIC: [8] Undefined index: UE_status /phpstudy/www/www.cngsoros.com/snadmin/Runtime/Cache/Home/a2671ee013aaea3677a317bb326b9791.php 第 34 行.
INFO: Run Behavior\ParseTemplateBehavior [ RunTime:0.007389s ]
INFO: [ view_parse ] --END-- [ RunTime:0.007430s ]
INFO: [ view_filter ] --START--
INFO: Run Behavior\WriteHtmlCacheBehavior [ RunTime:0.000126s ]
INFO: [ view_filter ] --END-- [ RunTime:0.000162s ]
INFO: [ app_end ] --START--
INFO: Run Behavior\ShowPageTraceBehavior [ RunTime:0.000419s ]
INFO: [ app_end ] --END-- [ RunTime:0.000462s ]

[ 2016-05-07T11:26:38+08:00 ] 199.27.133.27 /admin.php/Home/Index/userlist/ip/14.156.245.8
INFO: [ app_begin ] --START--
INFO: Run Behavior\ReadHtmlCacheBehavior [ RunTime:0.000413s ]
INFO: [ app_begin ] --END-- [ RunTime:0.000680s ]
SQL: SHOW COLUMNS FROM `ot_user` [ RunTime:0.0024s ]
SQL: SELECT COUNT(*) AS tp_count FROM `ot_user` WHERE `UE_regIP` = '14.156.245.8' LIMIT 1   [ RunTime:0.0002s ]
SQL: SELECT * FROM `ot_user` WHERE `UE_regIP` = '14.156.245.8' ORDER BY UE_ID LIMIT 0,20   [ RunTime:0.0003s ]
INFO: [ view_parse ] --START--
INFO: [ template_filter ] --START--
INFO: Run Behavior\ContentReplaceBehavior [ RunTime:0.000042s ]
INFO: [ template_filter ] --END-- [ RunTime:0.000085s ]
SQL: SELECT COUNT(*) AS tp_count FROM `ot_user` WHERE `UE_regIP` = '14.156.245.8' LIMIT 1   [ RunTime:0.0001s ]
SQL: SELECT COUNT(*) AS tp_count FROM `ot_user` WHERE `UE_regIP` = '14.156.245.8' LIMIT 1   [ RunTime:0.0001s ]
INFO: Run Behavior\ParseTemplateBehavior [ RunTime:0.009318s ]
INFO: [ view_parse ] --END-- [ RunTime:0.009362s ]
INFO: [ view_filter ] --START--
INFO: Run Behavior\WriteHtmlCacheBehavior [ RunTime:0.000132s ]
INFO: [ view_filter ] --END-- [ RunTime:0.000169s ]
INFO: [ app_end ] --START--
INFO: Run Behavior\ShowPageTraceBehavior [ RunTime:0.000404s ]
INFO: [ app_end ] --END-- [ RunTime:0.000446s ]

[ 2016-05-07T13:59:18+08:00 ] 199.27.133.27 /admin.php/Home/Index/jsbz_list
INFO: [ app_begin ] --START--
INFO: Run Behavior\ReadHtmlCacheBehavior [ RunTime:0.000377s ]
INFO: [ app_begin ] --END-- [ RunTime:0.000636s ]
SQL: SHOW COLUMNS FROM `ot_jsbz` [ RunTime:0.0009s ]
SQL: SELECT SUM(jb) AS tp_sum FROM `ot_jsbz` LIMIT 1   [ RunTime:0.0001s ]
SQL: SELECT SUM(jb) AS tp_sum FROM `ot_jsbz` WHERE `zt` = 1 LIMIT 1   [ RunTime:0.0001s ]
SQL: SELECT SUM(jb) AS tp_sum FROM `ot_jsbz` WHERE `zt` <> '1' LIMIT 1   [ RunTime:0.0001s ]
SQL: SELECT COUNT(*) AS tp_count FROM `ot_jsbz` WHERE `zt` = 0 LIMIT 1   [ RunTime:0.0001s ]
SQL: SELECT * FROM `ot_jsbz` WHERE `zt` = 0 ORDER BY date  LIMIT 0,20   [ RunTime:0.0001s ]
INFO: [ view_parse ] --START--
INFO: [ template_filter ] --START--
INFO: Run Behavior\ContentReplaceBehavior [ RunTime:0.000043s ]
INFO: [ template_filter ] --END-- [ RunTime:0.000089s ]
INFO: Run Behavior\ParseTemplateBehavior [ RunTime:0.008442s ]
INFO: [ view_parse ] --END-- [ RunTime:0.008491s ]
INFO: [ view_filter ] --START--
INFO: Run Behavior\WriteHtmlCacheBehavior [ RunTime:0.000115s ]
INFO: [ view_filter ] --END-- [ RunTime:0.000153s ]
INFO: [ app_end ] --START--
INFO: Run Behavior\ShowPageTraceBehavior [ RunTime:0.000405s ]
INFO: [ app_end ] --END-- [ RunTime:0.000448s ]

[ 2016-05-07T13:59:21+08:00 ] 199.27.133.27 /admin.php/Home/Index/tgbz_list
INFO: [ app_begin ] --START--
INFO: Run Behavior\ReadHtmlCacheBehavior [ RunTime:0.000386s ]
INFO: [ app_begin ] --END-- [ RunTime:0.000645s ]
SQL: SHOW COLUMNS FROM `ot_tgbz` [ RunTime:0.0009s ]
SQL: SELECT SUM(jb) AS tp_sum FROM `ot_tgbz` LIMIT 1   [ RunTime:0.0001s ]
SQL: SELECT SUM(jb) AS tp_sum FROM `ot_tgbz` WHERE `zt` = 1 LIMIT 1   [ RunTime:0.0001s ]
SQL: SELECT SUM(jb) AS tp_sum FROM `ot_tgbz` WHERE `zt` <> 1 LIMIT 1   [ RunTime:0.0001s ]
SQL: SELECT COUNT(*) AS tp_count FROM `ot_tgbz` WHERE `zt` = 0 LIMIT 1   [ RunTime:0.0001s ]
SQL: SELECT * FROM `ot_tgbz` WHERE `zt` = 0 ORDER BY date  LIMIT 0,20   [ RunTime:0.0001s ]
INFO: [ view_parse ] --START--
INFO: [ template_filter ] --START--
INFO: Run Behavior\ContentReplaceBehavior [ RunTime:0.000052s ]
INFO: [ template_filter ] --END-- [ RunTime:0.000096s ]
INFO: Run Behavior\ParseTemplateBehavior [ RunTime:0.008770s ]
INFO: [ view_parse ] --END-- [ RunTime:0.008818s ]
INFO: [ view_filter ] --START--
INFO: Run Behavior\WriteHtmlCacheBehavior [ RunTime:0.000117s ]
INFO: [ view_filter ] --END-- [ RunTime:0.000154s ]
INFO: [ app_end ] --START--
INFO: Run Behavior\ShowPageTraceBehavior [ RunTime:0.000395s ]
INFO: [ app_end ] --END-- [ RunTime:0.000444s ]

[ 2016-05-07T23:31:23+08:00 ] 199.27.133.27 /admin.php/Home/Index/main
INFO: [ app_begin ] --START--
INFO: Run Behavior\ReadHtmlCacheBehavior [ RunTime:0.000380s ]
INFO: [ app_begin ] --END-- [ RunTime:0.000687s ]
INFO: [ view_parse ] --START--
INFO: [ template_filter ] --START--
INFO: Run Behavior\ContentReplaceBehavior [ RunTime:0.000033s ]
INFO: [ template_filter ] --END-- [ RunTime:0.000073s ]
INFO: Run Behavior\ParseTemplateBehavior [ RunTime:0.004262s ]
INFO: [ view_parse ] --END-- [ RunTime:0.004302s ]
INFO: [ view_filter ] --START--
INFO: Run Behavior\WriteHtmlCacheBehavior [ RunTime:0.000110s ]
INFO: [ view_filter ] --END-- [ RunTime:0.000146s ]
INFO: [ app_end ] --START--
INFO: Run Behavior\ShowPageTraceBehavior [ RunTime:0.000368s ]
INFO: [ app_end ] --END-- [ RunTime:0.000405s ]

[ 2016-05-07T23:31:23+08:00 ] 199.27.133.27 /admin.php/Home/Index/main?
INFO: [ app_begin ] --START--
INFO: Run Behavior\ReadHtmlCacheBehavior [ RunTime:0.000349s ]
INFO: [ app_begin ] --END-- [ RunTime:0.000601s ]
INFO: [ view_parse ] --START--
INFO: [ template_filter ] --START--
INFO: Run Behavior\ContentReplaceBehavior [ RunTime:0.000034s ]
INFO: [ template_filter ] --END-- [ RunTime:0.000082s ]
INFO: Run Behavior\ParseTemplateBehavior [ RunTime:0.005164s ]
INFO: [ view_parse ] --END-- [ RunTime:0.005210s ]
INFO: [ view_filter ] --START--
INFO: Run Behavior\WriteHtmlCacheBehavior [ RunTime:0.000120s ]
INFO: [ view_filter ] --END-- [ RunTime:0.000154s ]
INFO: [ app_end ] --START--
INFO: Run Behavior\ShowPageTraceBehavior [ RunTime:0.000385s ]
INFO: [ app_end ] --END-- [ RunTime:0.000425s ]

[ 2016-05-07T23:31:24+08:00 ] 199.27.133.27 /admin.php/Home/Index/top.html
INFO: [ app_begin ] --START--
INFO: Run Behavior\ReadHtmlCacheBehavior [ RunTime:0.000342s ]
INFO: [ app_begin ] --END-- [ RunTime:0.000580s ]
INFO: [ view_parse ] --START--
INFO: [ template_filter ] --START--
INFO: Run Behavior\ContentReplaceBehavior [ RunTime:0.000031s ]
INFO: [ template_filter ] --END-- [ RunTime:0.000077s ]
INFO: Run Behavior\ParseTemplateBehavior [ RunTime:0.004766s ]
INFO: [ view_parse ] --END-- [ RunTime:0.004808s ]
INFO: [ view_filter ] --START--
INFO: Run Behavior\WriteHtmlCacheBehavior [ RunTime:0.000106s ]
INFO: [ view_filter ] --END-- [ RunTime:0.000141s ]
INFO: [ app_end ] --START--
INFO: Run Behavior\ShowPageTraceBehavior [ RunTime:0.000359s ]
INFO: [ app_end ] --END-- [ RunTime:0.000399s ]

[ 2016-05-07T23:31:24+08:00 ] 199.27.133.27 /admin.php/Home/Index/left.html
INFO: [ app_begin ] --START--
INFO: Run Behavior\ReadHtmlCacheBehavior [ RunTime:0.000373s ]
INFO: [ app_begin ] --END-- [ RunTime:0.000634s ]
INFO: [ view_parse ] --START--
INFO: [ template_filter ] --START--
INFO: Run Behavior\ContentReplaceBehavior [ RunTime:0.000046s ]
INFO: [ template_filter ] --END-- [ RunTime:0.000087s ]
INFO: Run Behavior\ParseTemplateBehavior [ RunTime:0.007050s ]
INFO: [ view_parse ] --END-- [ RunTime:0.007091s ]
INFO: [ view_filter ] --START--
INFO: Run Behavior\WriteHtmlCacheBehavior [ RunTime:0.000108s ]
INFO: [ view_filter ] --END-- [ RunTime:0.000144s ]
INFO: [ app_end ] --START--
INFO: Run Behavior\ShowPageTraceBehavior [ RunTime:0.000374s ]
INFO: [ app_end ] --END-- [ RunTime:0.000414s ]

[ 2016-05-07T23:31:24+08:00 ] 199.27.133.27 /admin.php/Home/Index/df1
INFO: [ app_begin ] --START--
INFO: Run Behavior\ReadHtmlCacheBehavior [ RunTime:0.000359s ]
INFO: [ app_begin ] --END-- [ RunTime:0.000607s ]
SQL: SHOW COLUMNS FROM `ot_system` [ RunTime:0.0015s ]
SQL: SELECT * FROM `ot_system` WHERE `SYS_ID` = 1 LIMIT 1   [ RunTime:0.0002s ]
SQL: SHOW COLUMNS FROM `ot_drrz` [ RunTime:0.0004s ]
SQL: SELECT * FROM `ot_drrz` WHERE `user` = 'admin' AND `leixin` = 1 ORDER BY id DESC LIMIT 2   [ RunTime:0.0001s ]
SQL: SHOW COLUMNS FROM `ot_user` [ RunTime:0.0018s ]
SQL: SELECT COUNT(UE_ID) AS tp_count FROM `ot_user` WHERE ( `UE_regTime`> '2016-05-07 00:00:00' AND `UE_regTime` < '2016-05-07 23:59:59' ) LIMIT 1   [ RunTime:0.0001s ]
SQL: SELECT COUNT(UE_ID) AS tp_count FROM `ot_user` WHERE ( `UE_activeTime`> '2016-05-07 00:00:00' AND `UE_activeTime` < '2016-05-07 23:59:59' ) LIMIT 1   [ RunTime:0.0001s ]
SQL: SELECT COUNT(UE_ID) AS tp_count FROM `ot_user` WHERE ( `UE_regTime`> '2016-05-06 00:00:00' AND `UE_regTime` < '2016-05-06 23:59:59' ) LIMIT 1   [ RunTime:0.0001s ]
SQL: SELECT COUNT(UE_ID) AS tp_count FROM `ot_user` WHERE ( `UE_activeTime`> '2016-05-06 00:00:00' AND `UE_activeTime` < '2016-05-06 23:59:59' ) LIMIT 1   [ RunTime:0.0001s ]
SQL: SELECT COUNT(UE_ID) AS tp_count FROM `ot_user` WHERE ( `UE_ID`> '0' ) LIMIT 1   [ RunTime:0.0001s ]
SQL: SELECT COUNT(UE_ID) AS tp_count FROM `ot_user` WHERE ( `UE_ID`> '0' AND `UE_check` = '1' ) LIMIT 1   [ RunTime:0.0001s ]
SQL: SELECT COUNT(UE_ID) AS tp_count FROM `ot_user` WHERE ( `UE_ID`> '0' AND `UE_check` = '1' AND `UE_stop` = '0' ) LIMIT 1   [ RunTime:0.0001s ]
SQL: SELECT SUM(UE_money) AS tp_sum FROM `ot_user` LIMIT 1   [ RunTime:0.0001s ]
SQL: SELECT SUM(ybhe) AS tp_sum FROM `ot_user` LIMIT 1   [ RunTime:0.0001s ]
SQL: SELECT SUM(zsbhe) AS tp_sum FROM `ot_user` LIMIT 1   [ RunTime:0.0001s ]
INFO: [ view_parse ] --START--
INFO: [ template_filter ] --START--
INFO: Run Behavior\ContentReplaceBehavior [ RunTime:0.000037s ]
INFO: [ template_filter ] --END-- [ RunTime:0.000084s ]
INFO: Run Behavior\ParseTemplateBehavior [ RunTime:0.005958s ]
INFO: [ view_parse ] --END-- [ RunTime:0.006005s ]
INFO: [ view_filter ] --START--
INFO: Run Behavior\WriteHtmlCacheBehavior [ RunTime:0.000126s ]
INFO: [ view_filter ] --END-- [ RunTime:0.000162s ]
INFO: [ app_end ] --START--
INFO: Run Behavior\ShowPageTraceBehavior [ RunTime:0.000395s ]
INFO: [ app_end ] --END-- [ RunTime:0.000437s ]

