[ 2016-05-05T15:33:47+08:00 ] 199.27.128.232 /admin.php/Home/Index/main
INFO: [ app_begin ] --START--
INFO: Run Behavior\ReadHtmlCacheBehavior [ RunTime:0.000385s ]
INFO: [ app_begin ] --END-- [ RunTime:0.000655s ]
INFO: [ view_parse ] --START--
INFO: [ template_filter ] --START--
INFO: Run Behavior\ContentReplaceBehavior [ RunTime:0.000044s ]
INFO: [ template_filter ] --END-- [ RunTime:0.000089s ]
INFO: Run Behavior\ParseTemplateBehavior [ RunTime:0.005132s ]
INFO: [ view_parse ] --END-- [ RunTime:0.005179s ]
INFO: [ view_filter ] --START--
INFO: Run Behavior\WriteHtmlCacheBehavior [ RunTime:0.000115s ]
INFO: [ view_filter ] --END-- [ RunTime:0.000151s ]
INFO: [ app_end ] --START--
INFO: Run Behavior\ShowPageTraceBehavior [ RunTime:0.000382s ]
INFO: [ app_end ] --END-- [ RunTime:0.000428s ]

[ 2016-05-05T15:33:48+08:00 ] 199.27.128.232 /admin.php/Home/Index/top.html
INFO: [ app_begin ] --START--
INFO: Run Behavior\ReadHtmlCacheBehavior [ RunTime:0.000375s ]
INFO: [ app_begin ] --END-- [ RunTime:0.000631s ]
INFO: [ view_parse ] --START--
INFO: [ template_filter ] --START--
INFO: Run Behavior\ContentReplaceBehavior [ RunTime:0.000034s ]
INFO: [ template_filter ] --END-- [ RunTime:0.000080s ]
INFO: Run Behavior\ParseTemplateBehavior [ RunTime:0.004998s ]
INFO: [ view_parse ] --END-- [ RunTime:0.005041s ]
INFO: [ view_filter ] --START--
INFO: Run Behavior\WriteHtmlCacheBehavior [ RunTime:0.000109s ]
INFO: [ view_filter ] --END-- [ RunTime:0.000145s ]
INFO: [ app_end ] --START--
INFO: Run Behavior\ShowPageTraceBehavior [ RunTime:0.000384s ]
INFO: [ app_end ] --END-- [ RunTime:0.000424s ]

[ 2016-05-05T15:33:48+08:00 ] 199.27.128.232 /admin.php/Home/Index/left.html
INFO: [ app_begin ] --START--
INFO: Run Behavior\ReadHtmlCacheBehavior [ RunTime:0.000389s ]
INFO: [ app_begin ] --END-- [ RunTime:0.000661s ]
INFO: [ view_parse ] --START--
INFO: [ template_filter ] --START--
INFO: Run Behavior\ContentReplaceBehavior [ RunTime:0.000049s ]
INFO: [ template_filter ] --END-- [ RunTime:0.000094s ]
INFO: Run Behavior\ParseTemplateBehavior [ RunTime:0.007822s ]
INFO: [ view_parse ] --END-- [ RunTime:0.007867s ]
INFO: [ view_filter ] --START--
INFO: Run Behavior\WriteHtmlCacheBehavior [ RunTime:0.000116s ]
INFO: [ view_filter ] --END-- [ RunTime:0.000152s ]
INFO: [ app_end ] --START--
INFO: Run Behavior\ShowPageTraceBehavior [ RunTime:0.000379s ]
INFO: [ app_end ] --END-- [ RunTime:0.000420s ]

[ 2016-05-05T15:33:48+08:00 ] 199.27.128.232 /admin.php/Home/Index/df1
INFO: [ app_begin ] --START--
INFO: Run Behavior\ReadHtmlCacheBehavior [ RunTime:0.000401s ]
INFO: [ app_begin ] --END-- [ RunTime:0.000675s ]
SQL: SHOW COLUMNS FROM `ot_system` [ RunTime:0.0015s ]
SQL: SELECT * FROM `ot_system` WHERE `SYS_ID` = 1 LIMIT 1   [ RunTime:0.0002s ]
SQL: SHOW COLUMNS FROM `ot_drrz` [ RunTime:0.0004s ]
SQL: SELECT * FROM `ot_drrz` WHERE `user` = 'admin' AND `leixin` = 1 ORDER BY id DESC LIMIT 2   [ RunTime:0.0002s ]
SQL: SHOW COLUMNS FROM `ot_user` [ RunTime:0.0018s ]
SQL: SELECT COUNT(UE_ID) AS tp_count FROM `ot_user` WHERE ( `UE_regTime`> '2016-05-05 00:00:00' AND `UE_regTime` < '2016-05-05 23:59:59' ) LIMIT 1   [ RunTime:0.0001s ]
SQL: SELECT COUNT(UE_ID) AS tp_count FROM `ot_user` WHERE ( `UE_activeTime`> '2016-05-05 00:00:00' AND `UE_activeTime` < '2016-05-05 23:59:59' ) LIMIT 1   [ RunTime:0.0001s ]
SQL: SELECT COUNT(UE_ID) AS tp_count FROM `ot_user` WHERE ( `UE_regTime`> '2016-05-04 00:00:00' AND `UE_regTime` < '2016-05-04 23:59:59' ) LIMIT 1   [ RunTime:0.0001s ]
SQL: SELECT COUNT(UE_ID) AS tp_count FROM `ot_user` WHERE ( `UE_activeTime`> '2016-05-04 00:00:00' AND `UE_activeTime` < '2016-05-04 23:59:59' ) LIMIT 1   [ RunTime:0.0001s ]
SQL: SELECT COUNT(UE_ID) AS tp_count FROM `ot_user` WHERE ( `UE_ID`> '0' ) LIMIT 1   [ RunTime:0.0001s ]
SQL: SELECT COUNT(UE_ID) AS tp_count FROM `ot_user` WHERE ( `UE_ID`> '0' AND `UE_check` = '1' ) LIMIT 1   [ RunTime:0.0001s ]
SQL: SELECT COUNT(UE_ID) AS tp_count FROM `ot_user` WHERE ( `UE_ID`> '0' AND `UE_check` = '1' AND `UE_stop` = '0' ) LIMIT 1   [ RunTime:0.0001s ]
SQL: SELECT SUM(UE_money) AS tp_sum FROM `ot_user` LIMIT 1   [ RunTime:0.0001s ]
SQL: SELECT SUM(ybhe) AS tp_sum FROM `ot_user` LIMIT 1   [ RunTime:0.0001s ]
SQL: SELECT SUM(zsbhe) AS tp_sum FROM `ot_user` LIMIT 1   [ RunTime:0.0001s ]
INFO: [ view_parse ] --START--
INFO: [ template_filter ] --START--
INFO: Run Behavior\ContentReplaceBehavior [ RunTime:0.000064s ]
INFO: [ template_filter ] --END-- [ RunTime:0.000112s ]
INFO: Run Behavior\ParseTemplateBehavior [ RunTime:0.006732s ]
INFO: [ view_parse ] --END-- [ RunTime:0.006780s ]
INFO: [ view_filter ] --START--
INFO: Run Behavior\WriteHtmlCacheBehavior [ RunTime:0.000119s ]
INFO: [ view_filter ] --END-- [ RunTime:0.000155s ]
INFO: [ app_end ] --START--
INFO: Run Behavior\ShowPageTraceBehavior [ RunTime:0.000409s ]
INFO: [ app_end ] --END-- [ RunTime:0.000451s ]

[ 2016-05-05T15:33:51+08:00 ] 199.27.128.232 /admin.php/Home/Index/userlist
INFO: [ app_begin ] --START--
INFO: Run Behavior\ReadHtmlCacheBehavior [ RunTime:0.000411s ]
INFO: [ app_begin ] --END-- [ RunTime:0.000678s ]
SQL: SHOW COLUMNS FROM `ot_user` [ RunTime:0.0024s ]
NOTIC: [8] Undefined variable: map /phpstudy/www/www.cngsoros.com/snadmin/Home/Controller/IndexController.class.php 第 295 行.
SQL: SELECT COUNT(*) AS tp_count FROM `ot_user` LIMIT 1   [ RunTime:0.0001s ]
NOTIC: [8] Undefined variable: map /phpstudy/www/www.cngsoros.com/snadmin/Home/Controller/IndexController.class.php 第 300 行.
SQL: SELECT * FROM `ot_user` ORDER BY UE_ID LIMIT 0,20   [ RunTime:0.0003s ]
INFO: [ view_parse ] --START--
INFO: [ template_filter ] --START--
INFO: Run Behavior\ContentReplaceBehavior [ RunTime:0.000047s ]
INFO: [ template_filter ] --END-- [ RunTime:0.000088s ]
SQL: SELECT COUNT(*) AS tp_count FROM `ot_user` WHERE `UE_regIP` = '127.0.0.1' LIMIT 1   [ RunTime:0.0002s ]
SQL: SELECT COUNT(*) AS tp_count FROM `ot_user` WHERE `UE_regIP` = '123.151.42.47' LIMIT 1   [ RunTime:0.0001s ]
SQL: SELECT COUNT(*) AS tp_count FROM `ot_user` WHERE `UE_regIP` = '14.156.245.8' LIMIT 1   [ RunTime:0.0001s ]
SQL: SELECT COUNT(*) AS tp_count FROM `ot_user` WHERE `UE_regIP` = '14.156.245.8' LIMIT 1   [ RunTime:0.0001s ]
SQL: SELECT COUNT(*) AS tp_count FROM `ot_user` WHERE `UE_regIP` = '117.136.40.177' LIMIT 1   [ RunTime:0.0001s ]
INFO: Run Behavior\ParseTemplateBehavior [ RunTime:0.010054s ]
INFO: [ view_parse ] --END-- [ RunTime:0.010099s ]
INFO: [ view_filter ] --START--
INFO: Run Behavior\WriteHtmlCacheBehavior [ RunTime:0.000127s ]
INFO: [ view_filter ] --END-- [ RunTime:0.000165s ]
INFO: [ app_end ] --START--
INFO: Run Behavior\ShowPageTraceBehavior [ RunTime:0.000472s ]
INFO: [ app_end ] --END-- [ RunTime:0.000516s ]

[ 2016-05-05T18:45:35+08:00 ] 199.27.128.232 /admin.php/Home/Index/userlist
INFO: [ app_begin ] --START--
INFO: Run Behavior\ReadHtmlCacheBehavior [ RunTime:0.000372s ]
INFO: [ app_begin ] --END-- [ RunTime:0.000641s ]
SQL: SHOW COLUMNS FROM `ot_user` [ RunTime:0.0024s ]
NOTIC: [8] Undefined variable: map /phpstudy/www/www.cngsoros.com/snadmin/Home/Controller/IndexController.class.php 第 295 行.
SQL: SELECT COUNT(*) AS tp_count FROM `ot_user` LIMIT 1   [ RunTime:0.0001s ]
NOTIC: [8] Undefined variable: map /phpstudy/www/www.cngsoros.com/snadmin/Home/Controller/IndexController.class.php 第 300 行.
SQL: SELECT * FROM `ot_user` ORDER BY UE_ID LIMIT 0,20   [ RunTime:0.0003s ]
INFO: [ view_parse ] --START--
INFO: [ template_filter ] --START--
INFO: Run Behavior\ContentReplaceBehavior [ RunTime:0.000041s ]
INFO: [ template_filter ] --END-- [ RunTime:0.000084s ]
SQL: SELECT COUNT(*) AS tp_count FROM `ot_user` WHERE `UE_regIP` = '127.0.0.1' LIMIT 1   [ RunTime:0.0002s ]
SQL: SELECT COUNT(*) AS tp_count FROM `ot_user` WHERE `UE_regIP` = '123.151.42.47' LIMIT 1   [ RunTime:0.0001s ]
SQL: SELECT COUNT(*) AS tp_count FROM `ot_user` WHERE `UE_regIP` = '14.156.245.8' LIMIT 1   [ RunTime:0.0001s ]
SQL: SELECT COUNT(*) AS tp_count FROM `ot_user` WHERE `UE_regIP` = '14.156.245.8' LIMIT 1   [ RunTime:0.0001s ]
SQL: SELECT COUNT(*) AS tp_count FROM `ot_user` WHERE `UE_regIP` = '117.136.40.177' LIMIT 1   [ RunTime:0.0001s ]
INFO: Run Behavior\ParseTemplateBehavior [ RunTime:0.008796s ]
INFO: [ view_parse ] --END-- [ RunTime:0.008834s ]
INFO: [ view_filter ] --START--
INFO: Run Behavior\WriteHtmlCacheBehavior [ RunTime:0.000117s ]
INFO: [ view_filter ] --END-- [ RunTime:0.000153s ]
INFO: [ app_end ] --START--
INFO: Run Behavior\ShowPageTraceBehavior [ RunTime:0.000393s ]
INFO: [ app_end ] --END-- [ RunTime:0.000435s ]

