[ 2016-05-17T11:28:07+08:00 ] 173.245.48.143 /admin.php/Home/Index/main
INFO: [ app_begin ] --START--
INFO: Run Behavior\ReadHtmlCacheBehavior [ RunTime:0.000359s ]
INFO: [ app_begin ] --END-- [ RunTime:0.000617s ]
INFO: [ view_parse ] --START--
INFO: [ template_filter ] --START--
INFO: Run Behavior\ContentReplaceBehavior [ RunTime:0.000032s ]
INFO: [ template_filter ] --END-- [ RunTime:0.000073s ]
INFO: Run Behavior\ParseTemplateBehavior [ RunTime:0.004214s ]
INFO: [ view_parse ] --END-- [ RunTime:0.004253s ]
INFO: [ view_filter ] --START--
INFO: Run Behavior\WriteHtmlCacheBehavior [ RunTime:0.000109s ]
INFO: [ view_filter ] --END-- [ RunTime:0.000145s ]
INFO: [ app_end ] --START--
INFO: Run Behavior\ShowPageTraceBehavior [ RunTime:0.000362s ]
INFO: [ app_end ] --END-- [ RunTime:0.000399s ]

[ 2016-05-17T11:28:07+08:00 ] 173.245.48.143 /admin.php/Home/Index/top.html
INFO: [ app_begin ] --START--
INFO: Run Behavior\ReadHtmlCacheBehavior [ RunTime:0.000335s ]
INFO: [ app_begin ] --END-- [ RunTime:0.000580s ]
INFO: [ view_parse ] --START--
INFO: [ template_filter ] --START--
INFO: Run Behavior\ContentReplaceBehavior [ RunTime:0.000039s ]
INFO: [ template_filter ] --END-- [ RunTime:0.000080s ]
INFO: Run Behavior\ParseTemplateBehavior [ RunTime:0.004690s ]
INFO: [ view_parse ] --END-- [ RunTime:0.004730s ]
INFO: [ view_filter ] --START--
INFO: Run Behavior\WriteHtmlCacheBehavior [ RunTime:0.000104s ]
INFO: [ view_filter ] --END-- [ RunTime:0.000140s ]
INFO: [ app_end ] --START--
INFO: Run Behavior\ShowPageTraceBehavior [ RunTime:0.000346s ]
INFO: [ app_end ] --END-- [ RunTime:0.000383s ]

[ 2016-05-17T11:28:08+08:00 ] 173.245.48.143 /admin.php/Home/Index/left.html
INFO: [ app_begin ] --START--
INFO: Run Behavior\ReadHtmlCacheBehavior [ RunTime:0.000352s ]
INFO: [ app_begin ] --END-- [ RunTime:0.000600s ]
INFO: [ view_parse ] --START--
INFO: [ template_filter ] --START--
INFO: Run Behavior\ContentReplaceBehavior [ RunTime:0.000044s ]
INFO: [ template_filter ] --END-- [ RunTime:0.000083s ]
INFO: Run Behavior\ParseTemplateBehavior [ RunTime:0.006779s ]
INFO: [ view_parse ] --END-- [ RunTime:0.006819s ]
INFO: [ view_filter ] --START--
INFO: Run Behavior\WriteHtmlCacheBehavior [ RunTime:0.000107s ]
INFO: [ view_filter ] --END-- [ RunTime:0.000143s ]
INFO: [ app_end ] --START--
INFO: Run Behavior\ShowPageTraceBehavior [ RunTime:0.000345s ]
INFO: [ app_end ] --END-- [ RunTime:0.000382s ]

[ 2016-05-17T11:28:08+08:00 ] 173.245.48.143 /admin.php/Home/Index/df1
INFO: [ app_begin ] --START--
INFO: Run Behavior\ReadHtmlCacheBehavior [ RunTime:0.000379s ]
INFO: [ app_begin ] --END-- [ RunTime:0.000639s ]
SQL: SHOW COLUMNS FROM `ot_system` [ RunTime:0.0015s ]
SQL: SELECT * FROM `ot_system` WHERE `SYS_ID` = 1 LIMIT 1   [ RunTime:0.0002s ]
SQL: SHOW COLUMNS FROM `ot_drrz` [ RunTime:0.0004s ]
SQL: SELECT * FROM `ot_drrz` WHERE `user` = 'admin' AND `leixin` = 1 ORDER BY id DESC LIMIT 2   [ RunTime:0.0002s ]
SQL: SHOW COLUMNS FROM `ot_user` [ RunTime:0.0018s ]
SQL: SELECT COUNT(UE_ID) AS tp_count FROM `ot_user` WHERE ( `UE_regTime`> '2016-05-17 00:00:00' AND `UE_regTime` < '2016-05-17 23:59:59' ) LIMIT 1   [ RunTime:0.0001s ]
SQL: SELECT COUNT(UE_ID) AS tp_count FROM `ot_user` WHERE ( `UE_activeTime`> '2016-05-17 00:00:00' AND `UE_activeTime` < '2016-05-17 23:59:59' ) LIMIT 1   [ RunTime:0.0001s ]
SQL: SELECT COUNT(UE_ID) AS tp_count FROM `ot_user` WHERE ( `UE_regTime`> '2016-05-16 00:00:00' AND `UE_regTime` < '2016-05-16 23:59:59' ) LIMIT 1   [ RunTime:0.0001s ]
SQL: SELECT COUNT(UE_ID) AS tp_count FROM `ot_user` WHERE ( `UE_activeTime`> '2016-05-16 00:00:00' AND `UE_activeTime` < '2016-05-16 23:59:59' ) LIMIT 1   [ RunTime:0.0001s ]
SQL: SELECT COUNT(UE_ID) AS tp_count FROM `ot_user` WHERE ( `UE_ID`> '0' ) LIMIT 1   [ RunTime:0.0001s ]
SQL: SELECT COUNT(UE_ID) AS tp_count FROM `ot_user` WHERE ( `UE_ID`> '0' AND `UE_check` = '1' ) LIMIT 1   [ RunTime:0.0001s ]
SQL: SELECT COUNT(UE_ID) AS tp_count FROM `ot_user` WHERE ( `UE_ID`> '0' AND `UE_check` = '1' AND `UE_stop` = '0' ) LIMIT 1   [ RunTime:0.0001s ]
SQL: SELECT SUM(UE_money) AS tp_sum FROM `ot_user` LIMIT 1   [ RunTime:0.0001s ]
SQL: SELECT SUM(ybhe) AS tp_sum FROM `ot_user` LIMIT 1   [ RunTime:0.0001s ]
SQL: SELECT SUM(zsbhe) AS tp_sum FROM `ot_user` LIMIT 1   [ RunTime:0.0001s ]
INFO: [ view_parse ] --START--
INFO: [ template_filter ] --START--
INFO: Run Behavior\ContentReplaceBehavior [ RunTime:0.000037s ]
INFO: [ template_filter ] --END-- [ RunTime:0.000078s ]
INFO: Run Behavior\ParseTemplateBehavior [ RunTime:0.005716s ]
INFO: [ view_parse ] --END-- [ RunTime:0.005755s ]
INFO: [ view_filter ] --START--
INFO: Run Behavior\WriteHtmlCacheBehavior [ RunTime:0.000113s ]
INFO: [ view_filter ] --END-- [ RunTime:0.000148s ]
INFO: [ app_end ] --START--
INFO: Run Behavior\ShowPageTraceBehavior [ RunTime:0.000371s ]
INFO: [ app_end ] --END-- [ RunTime:0.000412s ]

[ 2016-05-17T11:28:10+08:00 ] 173.245.48.213 /admin.php/Home/Index/top.html
INFO: [ app_begin ] --START--
INFO: Run Behavior\ReadHtmlCacheBehavior [ RunTime:0.000406s ]
INFO: [ app_begin ] --END-- [ RunTime:0.000678s ]
INFO: [ view_parse ] --START--
INFO: [ template_filter ] --START--
INFO: Run Behavior\ContentReplaceBehavior [ RunTime:0.000039s ]
INFO: [ template_filter ] --END-- [ RunTime:0.000087s ]
INFO: Run Behavior\ParseTemplateBehavior [ RunTime:0.005969s ]
INFO: [ view_parse ] --END-- [ RunTime:0.006016s ]
INFO: [ view_filter ] --START--
INFO: Run Behavior\WriteHtmlCacheBehavior [ RunTime:0.000132s ]
INFO: [ view_filter ] --END-- [ RunTime:0.000169s ]

[ 2016-05-17T11:28:14+08:00 ] 173.245.48.143 /admin.php/Home/Index/jjset
INFO: [ app_begin ] --START--
INFO: Run Behavior\ReadHtmlCacheBehavior [ RunTime:0.000390s ]
INFO: [ app_begin ] --END-- [ RunTime:0.000656s ]
INFO: [ view_parse ] --START--
INFO: [ template_filter ] --START--
INFO: Run Behavior\ContentReplaceBehavior [ RunTime:0.000060s ]
INFO: [ template_filter ] --END-- [ RunTime:0.000100s ]
INFO: Run Behavior\ParseTemplateBehavior [ RunTime:0.010231s ]
INFO: [ view_parse ] --END-- [ RunTime:0.010274s ]
INFO: [ view_filter ] --START--
INFO: Run Behavior\WriteHtmlCacheBehavior [ RunTime:0.000117s ]
INFO: [ view_filter ] --END-- [ RunTime:0.000159s ]
INFO: [ app_end ] --START--
INFO: Run Behavior\ShowPageTraceBehavior [ RunTime:0.000379s ]
INFO: [ app_end ] --END-- [ RunTime:0.000419s ]

[ 2016-05-17T11:28:19+08:00 ] 173.245.48.143 /admin.php/Home/Common/getTree
INFO: [ app_begin ] --START--
INFO: Run Behavior\ReadHtmlCacheBehavior [ RunTime:0.000345s ]
INFO: [ app_begin ] --END-- [ RunTime:0.000588s ]
INFO: [ app_end ] --START--
INFO: Run Behavior\ShowPageTraceBehavior [ RunTime:0.000346s ]
INFO: [ app_end ] --END-- [ RunTime:0.000383s ]

[ 2016-05-17T11:32:25+08:00 ] 199.27.129.5 /admin.php/Home/Login
INFO: [ app_begin ] --START--
INFO: Run Behavior\ReadHtmlCacheBehavior [ RunTime:0.000406s ]
INFO: [ app_begin ] --END-- [ RunTime:0.000671s ]
INFO: [ view_parse ] --START--
INFO: [ template_filter ] --START--
INFO: Run Behavior\ContentReplaceBehavior [ RunTime:0.000044s ]
INFO: [ template_filter ] --END-- [ RunTime:0.000092s ]
INFO: Run Behavior\ParseTemplateBehavior [ RunTime:0.005781s ]
INFO: [ view_parse ] --END-- [ RunTime:0.005826s ]
INFO: [ view_filter ] --START--
INFO: Run Behavior\WriteHtmlCacheBehavior [ RunTime:0.000112s ]
INFO: [ view_filter ] --END-- [ RunTime:0.000152s ]
INFO: [ app_end ] --START--
INFO: Run Behavior\ShowPageTraceBehavior [ RunTime:0.000377s ]
INFO: [ app_end ] --END-- [ RunTime:0.000417s ]

[ 2016-05-17T11:41:29+08:00 ] 173.245.48.143 /admin.php/Home/Index/userlist
INFO: [ app_begin ] --START--
INFO: Run Behavior\ReadHtmlCacheBehavior [ RunTime:0.000392s ]
INFO: [ app_begin ] --END-- [ RunTime:0.000654s ]
SQL: SHOW COLUMNS FROM `ot_user` [ RunTime:0.0023s ]
NOTIC: [8] Undefined variable: map /phpstudy/www/www.cngsoros.com/snadmin/Home/Controller/IndexController.class.php 第 295 行.
SQL: SELECT COUNT(*) AS tp_count FROM `ot_user` LIMIT 1   [ RunTime:0.0001s ]
NOTIC: [8] Undefined variable: map /phpstudy/www/www.cngsoros.com/snadmin/Home/Controller/IndexController.class.php 第 300 行.
SQL: SELECT * FROM `ot_user` ORDER BY UE_ID LIMIT 0,20   [ RunTime:0.0003s ]
INFO: [ view_parse ] --START--
INFO: [ template_filter ] --START--
INFO: Run Behavior\ContentReplaceBehavior [ RunTime:0.000041s ]
INFO: [ template_filter ] --END-- [ RunTime:0.000085s ]
SQL: SELECT COUNT(*) AS tp_count FROM `ot_user` WHERE `UE_regIP` = '127.0.0.1' LIMIT 1   [ RunTime:0.0002s ]
SQL: SELECT COUNT(*) AS tp_count FROM `ot_user` WHERE `UE_regIP` = '199.27.133.9' LIMIT 1   [ RunTime:0.0001s ]
SQL: SELECT COUNT(*) AS tp_count FROM `ot_user` WHERE `UE_regIP` = '199.27.133.9' LIMIT 1   [ RunTime:0.0001s ]
SQL: SELECT COUNT(*) AS tp_count FROM `ot_user` WHERE `UE_regIP` = '199.27.133.9' LIMIT 1   [ RunTime:0.0001s ]
SQL: SELECT COUNT(*) AS tp_count FROM `ot_user` WHERE `UE_regIP` = '199.27.133.9' LIMIT 1   [ RunTime:0.0001s ]
INFO: Run Behavior\ParseTemplateBehavior [ RunTime:0.009292s ]
INFO: [ view_parse ] --END-- [ RunTime:0.009337s ]
INFO: [ view_filter ] --START--
INFO: Run Behavior\WriteHtmlCacheBehavior [ RunTime:0.000118s ]
INFO: [ view_filter ] --END-- [ RunTime:0.000155s ]
INFO: [ app_end ] --START--
INFO: Run Behavior\ShowPageTraceBehavior [ RunTime:0.000442s ]
INFO: [ app_end ] --END-- [ RunTime:0.000484s ]

[ 2016-05-17T12:04:54+08:00 ] 173.245.48.228 /admin.php/Home/Index/jjset
INFO: [ app_begin ] --START--
INFO: Run Behavior\ReadHtmlCacheBehavior [ RunTime:0.000401s ]
INFO: [ app_begin ] --END-- [ RunTime:0.000677s ]
INFO: [ view_parse ] --START--
INFO: [ template_filter ] --START--
INFO: Run Behavior\ContentReplaceBehavior [ RunTime:0.000059s ]
INFO: [ template_filter ] --END-- [ RunTime:0.000099s ]
INFO: Run Behavior\ParseTemplateBehavior [ RunTime:0.010275s ]
INFO: [ view_parse ] --END-- [ RunTime:0.010318s ]
INFO: [ view_filter ] --START--
INFO: Run Behavior\WriteHtmlCacheBehavior [ RunTime:0.000121s ]
INFO: [ view_filter ] --END-- [ RunTime:0.000157s ]
INFO: [ app_end ] --START--
INFO: Run Behavior\ShowPageTraceBehavior [ RunTime:0.000385s ]
INFO: [ app_end ] --END-- [ RunTime:0.000425s ]

[ 2016-05-17T17:04:08+08:00 ] 173.245.48.228 /admin.php/Home/Index/userlist
INFO: [ app_begin ] --START--
INFO: Run Behavior\ReadHtmlCacheBehavior [ RunTime:0.000350s ]
INFO: [ app_begin ] --END-- [ RunTime:0.000606s ]
SQL: SHOW COLUMNS FROM `ot_user` [ RunTime:0.0023s ]
NOTIC: [8] Undefined variable: map /phpstudy/www/www.cngsoros.com/snadmin/Home/Controller/IndexController.class.php 第 295 行.
SQL: SELECT COUNT(*) AS tp_count FROM `ot_user` LIMIT 1   [ RunTime:0.0001s ]
NOTIC: [8] Undefined variable: map /phpstudy/www/www.cngsoros.com/snadmin/Home/Controller/IndexController.class.php 第 300 行.
SQL: SELECT * FROM `ot_user` ORDER BY UE_ID LIMIT 0,20   [ RunTime:0.0003s ]
INFO: [ view_parse ] --START--
INFO: [ template_filter ] --START--
INFO: Run Behavior\ContentReplaceBehavior [ RunTime:0.000047s ]
INFO: [ template_filter ] --END-- [ RunTime:0.000093s ]
SQL: SELECT COUNT(*) AS tp_count FROM `ot_user` WHERE `UE_regIP` = '127.0.0.1' LIMIT 1   [ RunTime:0.0002s ]
SQL: SELECT COUNT(*) AS tp_count FROM `ot_user` WHERE `UE_regIP` = '199.27.133.9' LIMIT 1   [ RunTime:0.0001s ]
SQL: SELECT COUNT(*) AS tp_count FROM `ot_user` WHERE `UE_regIP` = '199.27.133.9' LIMIT 1   [ RunTime:0.0001s ]
SQL: SELECT COUNT(*) AS tp_count FROM `ot_user` WHERE `UE_regIP` = '199.27.133.9' LIMIT 1   [ RunTime:0.0001s ]
SQL: SELECT COUNT(*) AS tp_count FROM `ot_user` WHERE `UE_regIP` = '199.27.133.9' LIMIT 1   [ RunTime:0.0001s ]
INFO: Run Behavior\ParseTemplateBehavior [ RunTime:0.009421s ]
INFO: [ view_parse ] --END-- [ RunTime:0.009467s ]
INFO: [ view_filter ] --START--
INFO: Run Behavior\WriteHtmlCacheBehavior [ RunTime:0.000122s ]
INFO: [ view_filter ] --END-- [ RunTime:0.000157s ]
INFO: [ app_end ] --START--
INFO: Run Behavior\ShowPageTraceBehavior [ RunTime:0.000458s ]
INFO: [ app_end ] --END-- [ RunTime:0.000505s ]

[ 2016-05-17T17:04:14+08:00 ] 173.245.48.228 /admin.php/Home/Index/jbzs
INFO: [ app_begin ] --START--
INFO: Run Behavior\ReadHtmlCacheBehavior [ RunTime:0.000388s ]
INFO: [ app_begin ] --END-- [ RunTime:0.000650s ]
SQL: SHOW COLUMNS FROM `ot_userget` [ RunTime:0.0011s ]
SQL: SELECT COUNT(*) AS tp_count FROM `ot_userget` WHERE `UG_dataType` = 'xtzs' LIMIT 1   [ RunTime:0.0001s ]
NOTIC: [2] Missing argument 2 for Think\Crypt::decrypt(), called in /phpstudy/www/www.cngsoros.com/snadmin/Home/Common/function.php on line 96 and defined /phpstudy/www/www.cngsoros.com/ThinkPHP/Library/Think/Crypt.class.php 第 46 行.
NOTIC: [8] Undefined variable: key /phpstudy/www/www.cngsoros.com/ThinkPHP/Library/Think/Crypt.class.php 第 51 行.
NOTIC: [2] Missing argument 2 for Think\Crypt::encrypt(), called in /phpstudy/www/www.cngsoros.com/snadmin/Home/Common/function.php on line 282 and defined /phpstudy/www/www.cngsoros.com/ThinkPHP/Library/Think/Crypt.class.php 第 32 行.
NOTIC: [8] Undefined variable: key /phpstudy/www/www.cngsoros.com/ThinkPHP/Library/Think/Crypt.class.php 第 37 行.
SQL: SELECT * FROM `ot_userget` WHERE `UG_dataType` = 'xtzs' ORDER BY UG_ID DESC LIMIT 0,20   [ RunTime:0.0003s ]
INFO: [ view_parse ] --START--
INFO: [ template_filter ] --START--
INFO: Run Behavior\ContentReplaceBehavior [ RunTime:0.000044s ]
INFO: [ template_filter ] --END-- [ RunTime:0.000088s ]
NOTIC: [8] Undefined variable: userdata /phpstudy/www/www.cngsoros.com/snadmin/Runtime/Cache/Home/5da695a2c3b8808e2fba288086be86d6.php 第 23 行.
INFO: Run Behavior\ParseTemplateBehavior [ RunTime:0.008092s ]
INFO: [ view_parse ] --END-- [ RunTime:0.008144s ]
INFO: [ view_filter ] --START--
INFO: Run Behavior\WriteHtmlCacheBehavior [ RunTime:0.000113s ]
INFO: [ view_filter ] --END-- [ RunTime:0.000150s ]
INFO: [ app_end ] --START--
INFO: Run Behavior\ShowPageTraceBehavior [ RunTime:0.000391s ]
INFO: [ app_end ] --END-- [ RunTime:0.000433s ]

[ 2016-05-17T17:06:08+08:00 ] 199.27.133.110 /admin.php/Home/Index/team
INFO: [ app_begin ] --START--
INFO: Run Behavior\ReadHtmlCacheBehavior [ RunTime:0.000413s ]
INFO: [ app_begin ] --END-- [ RunTime:0.000681s ]
INFO: [ view_parse ] --START--
INFO: [ template_filter ] --START--
INFO: Run Behavior\ContentReplaceBehavior [ RunTime:0.000046s ]
INFO: [ template_filter ] --END-- [ RunTime:0.000093s ]
INFO: Run Behavior\ParseTemplateBehavior [ RunTime:0.005982s ]
INFO: [ view_parse ] --END-- [ RunTime:0.006027s ]
INFO: [ view_filter ] --START--
INFO: Run Behavior\WriteHtmlCacheBehavior [ RunTime:0.000121s ]
INFO: [ view_filter ] --END-- [ RunTime:0.000158s ]
INFO: [ app_end ] --START--
INFO: Run Behavior\ShowPageTraceBehavior [ RunTime:0.000369s ]
INFO: [ app_end ] --END-- [ RunTime:0.000410s ]

[ 2016-05-17T17:27:38+08:00 ] 173.245.48.228 /admin.php/Home/Index/pin_list
INFO: [ app_begin ] --START--
INFO: Run Behavior\ReadHtmlCacheBehavior [ RunTime:0.000348s ]
INFO: [ app_begin ] --END-- [ RunTime:0.000597s ]
SQL: SHOW COLUMNS FROM `ot_pin` [ RunTime:0.0007s ]
SQL: SELECT COUNT(*) AS tp_count FROM `ot_pin` LIMIT 1   [ RunTime:0.0001s ]
SQL: SELECT COUNT(*) AS tp_count FROM `ot_pin` WHERE `zt` = 0 LIMIT 1   [ RunTime:0.0001s ]
SQL: SELECT * FROM `ot_pin` WHERE `zt` = 0 ORDER BY id DESC LIMIT 0,20   [ RunTime:0.0002s ]
INFO: [ view_parse ] --START--
INFO: [ template_filter ] --START--
INFO: Run Behavior\ContentReplaceBehavior [ RunTime:0.000055s ]
INFO: [ template_filter ] --END-- [ RunTime:0.000096s ]
INFO: Run Behavior\ParseTemplateBehavior [ RunTime:0.007760s ]
INFO: [ view_parse ] --END-- [ RunTime:0.007803s ]
INFO: [ view_filter ] --START--
INFO: Run Behavior\WriteHtmlCacheBehavior [ RunTime:0.000115s ]
INFO: [ view_filter ] --END-- [ RunTime:0.000152s ]
INFO: [ app_end ] --START--
INFO: Run Behavior\ShowPageTraceBehavior [ RunTime:0.000475s ]
INFO: [ app_end ] --END-- [ RunTime:0.000521s ]

[ 2016-05-17T17:27:40+08:00 ] 199.27.129.5 /admin.php/Home/Index/pin_list
INFO: [ app_begin ] --START--
INFO: Run Behavior\ReadHtmlCacheBehavior [ RunTime:0.000345s ]
INFO: [ app_begin ] --END-- [ RunTime:0.000587s ]
INFO: [ view_parse ] --START--
INFO: [ template_filter ] --START--
INFO: Run Behavior\ContentReplaceBehavior [ RunTime:0.000031s ]
INFO: [ template_filter ] --END-- [ RunTime:0.000072s ]
INFO: Run Behavior\ParseTemplateBehavior [ RunTime:0.004868s ]
INFO: [ view_parse ] --END-- [ RunTime:0.004913s ]
INFO: [ view_filter ] --START--
INFO: Run Behavior\WriteHtmlCacheBehavior [ RunTime:0.000111s ]
INFO: [ view_filter ] --END-- [ RunTime:0.000146s ]

[ 2016-05-17T17:27:42+08:00 ] 173.245.48.165 /admin.php/Home/Index/pin_list
INFO: [ app_begin ] --START--
INFO: Run Behavior\ReadHtmlCacheBehavior [ RunTime:0.000344s ]
INFO: [ app_begin ] --END-- [ RunTime:0.000592s ]
INFO: [ view_parse ] --START--
INFO: [ template_filter ] --START--
INFO: Run Behavior\ContentReplaceBehavior [ RunTime:0.000033s ]
INFO: [ template_filter ] --END-- [ RunTime:0.000073s ]
INFO: Run Behavior\ParseTemplateBehavior [ RunTime:0.004872s ]
INFO: [ view_parse ] --END-- [ RunTime:0.004913s ]
INFO: [ view_filter ] --START--
INFO: Run Behavior\WriteHtmlCacheBehavior [ RunTime:0.000106s ]
INFO: [ view_filter ] --END-- [ RunTime:0.000143s ]

[ 2016-05-17T17:27:48+08:00 ] 173.245.48.228 /admin.php/Home/Index/pin_add
INFO: [ app_begin ] --START--
INFO: Run Behavior\ReadHtmlCacheBehavior [ RunTime:0.000391s ]
INFO: [ app_begin ] --END-- [ RunTime:0.000650s ]
INFO: [ view_parse ] --START--
INFO: [ template_filter ] --START--
INFO: Run Behavior\ContentReplaceBehavior [ RunTime:0.000043s ]
INFO: [ template_filter ] --END-- [ RunTime:0.000086s ]
NOTIC: [8] Undefined variable: page /phpstudy/www/www.cngsoros.com/snadmin/Runtime/Cache/Home/c57dd95c4c85874edcc04d830e0d78f8.php 第 107 行.
INFO: Run Behavior\ParseTemplateBehavior [ RunTime:0.005868s ]
INFO: [ view_parse ] --END-- [ RunTime:0.005909s ]
INFO: [ view_filter ] --START--
INFO: Run Behavior\WriteHtmlCacheBehavior [ RunTime:0.000111s ]
INFO: [ view_filter ] --END-- [ RunTime:0.000149s ]
INFO: [ app_end ] --START--
INFO: Run Behavior\ShowPageTraceBehavior [ RunTime:0.000389s ]
INFO: [ app_end ] --END-- [ RunTime:0.000429s ]

[ 2016-05-17T17:28:00+08:00 ] 173.245.48.228 /admin.php/Home/Index/pin_add_cl
INFO: [ app_begin ] --START--
INFO: Run Behavior\ReadHtmlCacheBehavior [ RunTime:0.000339s ]
INFO: [ app_begin ] --END-- [ RunTime:0.000591s ]
SQL: SHOW COLUMNS FROM `ot_user` [ RunTime:0.0023s ]
NOTIC: [8] Use of undefined constant UE_account - assumed 'UE_account' /phpstudy/www/www.cngsoros.com/snadmin/Home/Controller/IndexController.class.php 第 882 行.
SQL: SELECT * FROM `ot_user` WHERE `UE_account` = '13160739023' LIMIT 1   [ RunTime:0.0003s ]
SQL: SHOW COLUMNS FROM `ot_pin` [ RunTime:0.0004s ]
SQL: SELECT * FROM `ot_pin` WHERE `pin` = '1035fcd6cad864676019ce190ee7cc94' LIMIT 1   [ RunTime:0.0001s ]
SQL: INSERT INTO `ot_pin` (`user`,`pin`,`zt`,`sc_date`) VALUES ('13160739023','1035fcd6cad864676019ce190ee7cc94','0','2016-05-17 17:28:00') [ RunTime:0.0002s ]
SQL: SELECT * FROM `ot_pin` WHERE `pin` = '9c2650cbd00299b5a6a8ce16615b812c' LIMIT 1   [ RunTime:0.0001s ]
SQL: INSERT INTO `ot_pin` (`user`,`pin`,`zt`,`sc_date`) VALUES ('13160739023','9c2650cbd00299b5a6a8ce16615b812c','0','2016-05-17 17:28:00') [ RunTime:0.0001s ]
SQL: SELECT * FROM `ot_pin` WHERE `pin` = '6b9264203d9ae3d435f38de6b05bcd35' LIMIT 1   [ RunTime:0.0001s ]
SQL: INSERT INTO `ot_pin` (`user`,`pin`,`zt`,`sc_date`) VALUES ('13160739023','6b9264203d9ae3d435f38de6b05bcd35','0','2016-05-17 17:28:00') [ RunTime:0.0001s ]
SQL: SELECT * FROM `ot_pin` WHERE `pin` = 'ca56ec5842f6927c136124796087fb9c' LIMIT 1   [ RunTime:0.0001s ]
SQL: INSERT INTO `ot_pin` (`user`,`pin`,`zt`,`sc_date`) VALUES ('13160739023','ca56ec5842f6927c136124796087fb9c','0','2016-05-17 17:28:00') [ RunTime:0.0001s ]
SQL: SELECT * FROM `ot_pin` WHERE `pin` = '2b88519de7495c1cbdd216d21179a120' LIMIT 1   [ RunTime:0.0001s ]
SQL: INSERT INTO `ot_pin` (`user`,`pin`,`zt`,`sc_date`) VALUES ('13160739023','2b88519de7495c1cbdd216d21179a120','0','2016-05-17 17:28:00') [ RunTime:0.0001s ]
SQL: SELECT * FROM `ot_pin` WHERE `pin` = 'e617ede9d0ff9b2794a51cee71d465d5' LIMIT 1   [ RunTime:0.0001s ]
SQL: INSERT INTO `ot_pin` (`user`,`pin`,`zt`,`sc_date`) VALUES ('13160739023','e617ede9d0ff9b2794a51cee71d465d5','0','2016-05-17 17:28:00') [ RunTime:0.0001s ]
SQL: SELECT * FROM `ot_pin` WHERE `pin` = 'a9cc4ea20b12a402182a0285dd73b871' LIMIT 1   [ RunTime:0.0001s ]
SQL: INSERT INTO `ot_pin` (`user`,`pin`,`zt`,`sc_date`) VALUES ('13160739023','a9cc4ea20b12a402182a0285dd73b871','0','2016-05-17 17:28:00') [ RunTime:0.0001s ]
SQL: SELECT * FROM `ot_pin` WHERE `pin` = '61757f2c8b2ba97d5d383670a78030c3' LIMIT 1   [ RunTime:0.0001s ]
SQL: INSERT INTO `ot_pin` (`user`,`pin`,`zt`,`sc_date`) VALUES ('13160739023','61757f2c8b2ba97d5d383670a78030c3','0','2016-05-17 17:28:00') [ RunTime:0.0001s ]
SQL: SELECT * FROM `ot_pin` WHERE `pin` = 'fb2abeb75c04145609b38516eceb9f24' LIMIT 1   [ RunTime:0.0001s ]
SQL: INSERT INTO `ot_pin` (`user`,`pin`,`zt`,`sc_date`) VALUES ('13160739023','fb2abeb75c04145609b38516eceb9f24','0','2016-05-17 17:28:00') [ RunTime:0.0001s ]
SQL: SELECT * FROM `ot_pin` WHERE `pin` = 'c35823799411906cd6212a88c035b315' LIMIT 1   [ RunTime:0.0001s ]
SQL: INSERT INTO `ot_pin` (`user`,`pin`,`zt`,`sc_date`) VALUES ('13160739023','c35823799411906cd6212a88c035b315','0','2016-05-17 17:28:00') [ RunTime:0.0001s ]
INFO: [ view_parse ] --START--
INFO: [ template_filter ] --START--
INFO: Run Behavior\ContentReplaceBehavior [ RunTime:0.000039s ]
INFO: [ template_filter ] --END-- [ RunTime:0.000092s ]
INFO: Run Behavior\ParseTemplateBehavior [ RunTime:0.005387s ]
INFO: [ view_parse ] --END-- [ RunTime:0.005428s ]
INFO: [ view_filter ] --START--
INFO: Run Behavior\WriteHtmlCacheBehavior [ RunTime:0.000114s ]
INFO: [ view_filter ] --END-- [ RunTime:0.000152s ]
INFO: [ app_end ] --START--
INFO: Run Behavior\ShowPageTraceBehavior [ RunTime:0.000402s ]
INFO: [ app_end ] --END-- [ RunTime:0.000445s ]

[ 2016-05-17T17:28:02+08:00 ] 173.245.48.228 /admin.php/Home/Index/pin_add
INFO: [ app_begin ] --START--
INFO: Run Behavior\ReadHtmlCacheBehavior [ RunTime:0.000366s ]
INFO: [ app_begin ] --END-- [ RunTime:0.000616s ]
INFO: [ view_parse ] --START--
INFO: [ template_filter ] --START--
INFO: Run Behavior\ContentReplaceBehavior [ RunTime:0.000039s ]
INFO: [ template_filter ] --END-- [ RunTime:0.000087s ]
NOTIC: [8] Undefined variable: page /phpstudy/www/www.cngsoros.com/snadmin/Runtime/Cache/Home/c57dd95c4c85874edcc04d830e0d78f8.php 第 107 行.
INFO: Run Behavior\ParseTemplateBehavior [ RunTime:0.004984s ]
INFO: [ view_parse ] --END-- [ RunTime:0.005022s ]
INFO: [ view_filter ] --START--
INFO: Run Behavior\WriteHtmlCacheBehavior [ RunTime:0.000107s ]
INFO: [ view_filter ] --END-- [ RunTime:0.000146s ]
INFO: [ app_end ] --START--
INFO: Run Behavior\ShowPageTraceBehavior [ RunTime:0.000386s ]
INFO: [ app_end ] --END-- [ RunTime:0.000426s ]

[ 2016-05-17T17:28:29+08:00 ] 173.245.48.176 /admin.php/Home/Index/pin_list
INFO: [ app_begin ] --START--
INFO: Run Behavior\ReadHtmlCacheBehavior [ RunTime:0.000350s ]
INFO: [ app_begin ] --END-- [ RunTime:0.000602s ]
INFO: [ view_parse ] --START--
INFO: [ template_filter ] --START--
INFO: Run Behavior\ContentReplaceBehavior [ RunTime:0.000037s ]
INFO: [ template_filter ] --END-- [ RunTime:0.000079s ]
INFO: Run Behavior\ParseTemplateBehavior [ RunTime:0.005607s ]
INFO: [ view_parse ] --END-- [ RunTime:0.005649s ]
INFO: [ view_filter ] --START--
INFO: Run Behavior\WriteHtmlCacheBehavior [ RunTime:0.000111s ]
INFO: [ view_filter ] --END-- [ RunTime:0.000147s ]

[ 2016-05-17T17:30:46+08:00 ] 173.245.48.228 /admin.php/Home/Index/userlist
INFO: [ app_begin ] --START--
INFO: Run Behavior\ReadHtmlCacheBehavior [ RunTime:0.000404s ]
INFO: [ app_begin ] --END-- [ RunTime:0.000670s ]
SQL: SHOW COLUMNS FROM `ot_user` [ RunTime:0.0023s ]
NOTIC: [8] Undefined variable: map /phpstudy/www/www.cngsoros.com/snadmin/Home/Controller/IndexController.class.php 第 295 行.
SQL: SELECT COUNT(*) AS tp_count FROM `ot_user` LIMIT 1   [ RunTime:0.0001s ]
NOTIC: [8] Undefined variable: map /phpstudy/www/www.cngsoros.com/snadmin/Home/Controller/IndexController.class.php 第 300 行.
SQL: SELECT * FROM `ot_user` ORDER BY UE_ID LIMIT 0,20   [ RunTime:0.0004s ]
INFO: [ view_parse ] --START--
INFO: [ template_filter ] --START--
INFO: Run Behavior\ContentReplaceBehavior [ RunTime:0.000058s ]
INFO: [ template_filter ] --END-- [ RunTime:0.000106s ]
SQL: SELECT COUNT(*) AS tp_count FROM `ot_user` WHERE `UE_regIP` = '127.0.0.1' LIMIT 1   [ RunTime:0.0002s ]
SQL: SELECT COUNT(*) AS tp_count FROM `ot_user` WHERE `UE_regIP` = '199.27.133.9' LIMIT 1   [ RunTime:0.0001s ]
SQL: SELECT COUNT(*) AS tp_count FROM `ot_user` WHERE `UE_regIP` = '199.27.133.9' LIMIT 1   [ RunTime:0.0001s ]
SQL: SELECT COUNT(*) AS tp_count FROM `ot_user` WHERE `UE_regIP` = '199.27.133.9' LIMIT 1   [ RunTime:0.0001s ]
SQL: SELECT COUNT(*) AS tp_count FROM `ot_user` WHERE `UE_regIP` = '199.27.133.9' LIMIT 1   [ RunTime:0.0001s ]
SQL: SELECT COUNT(*) AS tp_count FROM `ot_user` WHERE `UE_regIP` = '173.245.48.209' LIMIT 1   [ RunTime:0.0001s ]
INFO: Run Behavior\ParseTemplateBehavior [ RunTime:0.010369s ]
INFO: [ view_parse ] --END-- [ RunTime:0.010428s ]
INFO: [ view_filter ] --START--
INFO: Run Behavior\WriteHtmlCacheBehavior [ RunTime:0.000129s ]
INFO: [ view_filter ] --END-- [ RunTime:0.000166s ]
INFO: [ app_end ] --START--
INFO: Run Behavior\ShowPageTraceBehavior [ RunTime:0.000442s ]
INFO: [ app_end ] --END-- [ RunTime:0.000494s ]

[ 2016-05-17T17:31:22+08:00 ] 199.27.129.5 /admin.php/Home/Login
INFO: [ app_begin ] --START--
INFO: Run Behavior\ReadHtmlCacheBehavior [ RunTime:0.000349s ]
INFO: [ app_begin ] --END-- [ RunTime:0.000599s ]
INFO: [ view_parse ] --START--
INFO: [ template_filter ] --START--
INFO: Run Behavior\ContentReplaceBehavior [ RunTime:0.000035s ]
INFO: [ template_filter ] --END-- [ RunTime:0.000073s ]
INFO: Run Behavior\ParseTemplateBehavior [ RunTime:0.004749s ]
INFO: [ view_parse ] --END-- [ RunTime:0.004788s ]
INFO: [ view_filter ] --START--
INFO: Run Behavior\WriteHtmlCacheBehavior [ RunTime:0.000108s ]
INFO: [ view_filter ] --END-- [ RunTime:0.000149s ]
INFO: [ app_end ] --START--
INFO: Run Behavior\ShowPageTraceBehavior [ RunTime:0.000348s ]
INFO: [ app_end ] --END-- [ RunTime:0.000386s ]

[ 2016-05-17T17:31:51+08:00 ] 173.245.48.228 /admin.php/Home/Index/pin_add
INFO: [ app_begin ] --START--
INFO: Run Behavior\ReadHtmlCacheBehavior [ RunTime:0.000376s ]
INFO: [ app_begin ] --END-- [ RunTime:0.000621s ]
INFO: [ view_parse ] --START--
INFO: [ template_filter ] --START--
INFO: Run Behavior\ContentReplaceBehavior [ RunTime:0.000043s ]
INFO: [ template_filter ] --END-- [ RunTime:0.000084s ]
NOTIC: [8] Undefined variable: page /phpstudy/www/www.cngsoros.com/snadmin/Runtime/Cache/Home/c57dd95c4c85874edcc04d830e0d78f8.php 第 107 行.
INFO: Run Behavior\ParseTemplateBehavior [ RunTime:0.005604s ]
INFO: [ view_parse ] --END-- [ RunTime:0.005642s ]
INFO: [ view_filter ] --START--
INFO: Run Behavior\WriteHtmlCacheBehavior [ RunTime:0.000110s ]
INFO: [ view_filter ] --END-- [ RunTime:0.000144s ]
INFO: [ app_end ] --START--
INFO: Run Behavior\ShowPageTraceBehavior [ RunTime:0.000363s ]
INFO: [ app_end ] --END-- [ RunTime:0.000401s ]

[ 2016-05-17T17:31:56+08:00 ] 173.245.48.228 /admin.php/Home/Index/pin_add_cl
INFO: [ app_begin ] --START--
INFO: Run Behavior\ReadHtmlCacheBehavior [ RunTime:0.000353s ]
INFO: [ app_begin ] --END-- [ RunTime:0.000612s ]
SQL: SHOW COLUMNS FROM `ot_user` [ RunTime:0.0022s ]
NOTIC: [8] Use of undefined constant UE_account - assumed 'UE_account' /phpstudy/www/www.cngsoros.com/snadmin/Home/Controller/IndexController.class.php 第 882 行.
SQL: SELECT * FROM `ot_user` WHERE `UE_account` = '13169323320' LIMIT 1   [ RunTime:0.0003s ]
SQL: SHOW COLUMNS FROM `ot_pin` [ RunTime:0.0004s ]
SQL: SELECT * FROM `ot_pin` WHERE `pin` = 'b38a60a69a354e536e2161859d9e7b81' LIMIT 1   [ RunTime:0.0001s ]
SQL: INSERT INTO `ot_pin` (`user`,`pin`,`zt`,`sc_date`) VALUES ('13169323320','b38a60a69a354e536e2161859d9e7b81','0','2016-05-17 17:31:56') [ RunTime:0.0002s ]
SQL: SELECT * FROM `ot_pin` WHERE `pin` = 'c2d11a6921e5352e25a18f64bdbb7f39' LIMIT 1   [ RunTime:0.0001s ]
SQL: INSERT INTO `ot_pin` (`user`,`pin`,`zt`,`sc_date`) VALUES ('13169323320','c2d11a6921e5352e25a18f64bdbb7f39','0','2016-05-17 17:31:56') [ RunTime:0.0001s ]
SQL: SELECT * FROM `ot_pin` WHERE `pin` = 'bbdb9bd014a19a9caf9bc6525050b7ee' LIMIT 1   [ RunTime:0.0001s ]
SQL: INSERT INTO `ot_pin` (`user`,`pin`,`zt`,`sc_date`) VALUES ('13169323320','bbdb9bd014a19a9caf9bc6525050b7ee','0','2016-05-17 17:31:56') [ RunTime:0.0001s ]
SQL: SELECT * FROM `ot_pin` WHERE `pin` = '772c06f43c44ce0e90c2efa783401e43' LIMIT 1   [ RunTime:0.0001s ]
SQL: INSERT INTO `ot_pin` (`user`,`pin`,`zt`,`sc_date`) VALUES ('13169323320','772c06f43c44ce0e90c2efa783401e43','0','2016-05-17 17:31:56') [ RunTime:0.0001s ]
SQL: SELECT * FROM `ot_pin` WHERE `pin` = 'cad813dcd10aa7d0b60f4d5b6742fcf9' LIMIT 1   [ RunTime:0.0001s ]
SQL: INSERT INTO `ot_pin` (`user`,`pin`,`zt`,`sc_date`) VALUES ('13169323320','cad813dcd10aa7d0b60f4d5b6742fcf9','0','2016-05-17 17:31:56') [ RunTime:0.0001s ]
SQL: SELECT * FROM `ot_pin` WHERE `pin` = '3dddcbd415859ef249d421d3a02e5ca5' LIMIT 1   [ RunTime:0.0001s ]
SQL: INSERT INTO `ot_pin` (`user`,`pin`,`zt`,`sc_date`) VALUES ('13169323320','3dddcbd415859ef249d421d3a02e5ca5','0','2016-05-17 17:31:56') [ RunTime:0.0001s ]
SQL: SELECT * FROM `ot_pin` WHERE `pin` = '47ad1b4d273b622f82409712e07a5220' LIMIT 1   [ RunTime:0.0001s ]
SQL: INSERT INTO `ot_pin` (`user`,`pin`,`zt`,`sc_date`) VALUES ('13169323320','47ad1b4d273b622f82409712e07a5220','0','2016-05-17 17:31:56') [ RunTime:0.0001s ]
SQL: SELECT * FROM `ot_pin` WHERE `pin` = '84cf0970e0f859b10273eb3537cb4217' LIMIT 1   [ RunTime:0.0001s ]
SQL: INSERT INTO `ot_pin` (`user`,`pin`,`zt`,`sc_date`) VALUES ('13169323320','84cf0970e0f859b10273eb3537cb4217','0','2016-05-17 17:31:56') [ RunTime:0.0001s ]
SQL: SELECT * FROM `ot_pin` WHERE `pin` = '0e8037dbce01b4afd84bd6d9da3c3344' LIMIT 1   [ RunTime:0.0001s ]
SQL: INSERT INTO `ot_pin` (`user`,`pin`,`zt`,`sc_date`) VALUES ('13169323320','0e8037dbce01b4afd84bd6d9da3c3344','0','2016-05-17 17:31:56') [ RunTime:0.0001s ]
SQL: SELECT * FROM `ot_pin` WHERE `pin` = '0dca5252c9f630e518b3f523d722c96a' LIMIT 1   [ RunTime:0.0001s ]
SQL: INSERT INTO `ot_pin` (`user`,`pin`,`zt`,`sc_date`) VALUES ('13169323320','0dca5252c9f630e518b3f523d722c96a','0','2016-05-17 17:31:56') [ RunTime:0.0001s ]
INFO: [ view_parse ] --START--
INFO: [ template_filter ] --START--
INFO: Run Behavior\ContentReplaceBehavior [ RunTime:0.000038s ]
INFO: [ template_filter ] --END-- [ RunTime:0.000089s ]
INFO: Run Behavior\ParseTemplateBehavior [ RunTime:0.005364s ]
INFO: [ view_parse ] --END-- [ RunTime:0.005405s ]
INFO: [ view_filter ] --START--
INFO: Run Behavior\WriteHtmlCacheBehavior [ RunTime:0.000111s ]
INFO: [ view_filter ] --END-- [ RunTime:0.000147s ]
INFO: [ app_end ] --START--
INFO: Run Behavior\ShowPageTraceBehavior [ RunTime:0.000406s ]
INFO: [ app_end ] --END-- [ RunTime:0.000450s ]

[ 2016-05-17T17:31:57+08:00 ] 173.245.48.228 /admin.php/Home/Index/pin_add
INFO: [ app_begin ] --START--
INFO: Run Behavior\ReadHtmlCacheBehavior [ RunTime:0.000345s ]
INFO: [ app_begin ] --END-- [ RunTime:0.000594s ]
INFO: [ view_parse ] --START--
INFO: [ template_filter ] --START--
INFO: Run Behavior\ContentReplaceBehavior [ RunTime:0.000036s ]
INFO: [ template_filter ] --END-- [ RunTime:0.000075s ]
NOTIC: [8] Undefined variable: page /phpstudy/www/www.cngsoros.com/snadmin/Runtime/Cache/Home/c57dd95c4c85874edcc04d830e0d78f8.php 第 107 行.
INFO: Run Behavior\ParseTemplateBehavior [ RunTime:0.005040s ]
INFO: [ view_parse ] --END-- [ RunTime:0.005087s ]
INFO: [ view_filter ] --START--
INFO: Run Behavior\WriteHtmlCacheBehavior [ RunTime:0.000105s ]
INFO: [ view_filter ] --END-- [ RunTime:0.000140s ]
INFO: [ app_end ] --START--
INFO: Run Behavior\ShowPageTraceBehavior [ RunTime:0.000370s ]
INFO: [ app_end ] --END-- [ RunTime:0.000408s ]

[ 2016-05-17T17:31:58+08:00 ] 173.245.48.228 /admin.php/Home/Index/userlist
INFO: [ app_begin ] --START--
INFO: Run Behavior\ReadHtmlCacheBehavior [ RunTime:0.000374s ]
INFO: [ app_begin ] --END-- [ RunTime:0.000642s ]
SQL: SHOW COLUMNS FROM `ot_user` [ RunTime:0.0022s ]
NOTIC: [8] Undefined variable: map /phpstudy/www/www.cngsoros.com/snadmin/Home/Controller/IndexController.class.php 第 295 行.
SQL: SELECT COUNT(*) AS tp_count FROM `ot_user` LIMIT 1   [ RunTime:0.0001s ]
NOTIC: [8] Undefined variable: map /phpstudy/www/www.cngsoros.com/snadmin/Home/Controller/IndexController.class.php 第 300 行.
SQL: SELECT * FROM `ot_user` ORDER BY UE_ID LIMIT 0,20   [ RunTime:0.0004s ]
INFO: [ view_parse ] --START--
INFO: [ template_filter ] --START--
INFO: Run Behavior\ContentReplaceBehavior [ RunTime:0.000057s ]
INFO: [ template_filter ] --END-- [ RunTime:0.000101s ]
SQL: SELECT COUNT(*) AS tp_count FROM `ot_user` WHERE `UE_regIP` = '127.0.0.1' LIMIT 1   [ RunTime:0.0002s ]
SQL: SELECT COUNT(*) AS tp_count FROM `ot_user` WHERE `UE_regIP` = '199.27.133.9' LIMIT 1   [ RunTime:0.0001s ]
SQL: SELECT COUNT(*) AS tp_count FROM `ot_user` WHERE `UE_regIP` = '199.27.133.9' LIMIT 1   [ RunTime:0.0001s ]
SQL: SELECT COUNT(*) AS tp_count FROM `ot_user` WHERE `UE_regIP` = '199.27.133.9' LIMIT 1   [ RunTime:0.0001s ]
SQL: SELECT COUNT(*) AS tp_count FROM `ot_user` WHERE `UE_regIP` = '199.27.133.9' LIMIT 1   [ RunTime:0.0001s ]
SQL: SELECT COUNT(*) AS tp_count FROM `ot_user` WHERE `UE_regIP` = '173.245.48.209' LIMIT 1   [ RunTime:0.0001s ]
INFO: Run Behavior\ParseTemplateBehavior [ RunTime:0.009572s ]
INFO: [ view_parse ] --END-- [ RunTime:0.009623s ]
INFO: [ view_filter ] --START--
INFO: Run Behavior\WriteHtmlCacheBehavior [ RunTime:0.000117s ]
INFO: [ view_filter ] --END-- [ RunTime:0.000153s ]
INFO: [ app_end ] --START--
INFO: Run Behavior\ShowPageTraceBehavior [ RunTime:0.000497s ]
INFO: [ app_end ] --END-- [ RunTime:0.000542s ]

[ 2016-05-17T17:32:03+08:00 ] 173.245.48.228 /admin.php/Home/Index/pin_add
INFO: [ app_begin ] --START--
INFO: Run Behavior\ReadHtmlCacheBehavior [ RunTime:0.000343s ]
INFO: [ app_begin ] --END-- [ RunTime:0.000597s ]
INFO: [ view_parse ] --START--
INFO: [ template_filter ] --START--
INFO: Run Behavior\ContentReplaceBehavior [ RunTime:0.000038s ]
INFO: [ template_filter ] --END-- [ RunTime:0.000078s ]
NOTIC: [8] Undefined variable: page /phpstudy/www/www.cngsoros.com/snadmin/Runtime/Cache/Home/c57dd95c4c85874edcc04d830e0d78f8.php 第 107 行.
INFO: Run Behavior\ParseTemplateBehavior [ RunTime:0.004879s ]
INFO: [ view_parse ] --END-- [ RunTime:0.004917s ]
INFO: [ view_filter ] --START--
INFO: Run Behavior\WriteHtmlCacheBehavior [ RunTime:0.000108s ]
INFO: [ view_filter ] --END-- [ RunTime:0.000144s ]
INFO: [ app_end ] --START--
INFO: Run Behavior\ShowPageTraceBehavior [ RunTime:0.000364s ]
INFO: [ app_end ] --END-- [ RunTime:0.000401s ]

[ 2016-05-17T17:32:06+08:00 ] 173.245.48.228 /admin.php/Home/Index/pin_add_cl
INFO: [ app_begin ] --START--
INFO: Run Behavior\ReadHtmlCacheBehavior [ RunTime:0.000364s ]
INFO: [ app_begin ] --END-- [ RunTime:0.000622s ]
SQL: SHOW COLUMNS FROM `ot_user` [ RunTime:0.0022s ]
NOTIC: [8] Use of undefined constant UE_account - assumed 'UE_account' /phpstudy/www/www.cngsoros.com/snadmin/Home/Controller/IndexController.class.php 第 882 行.
SQL: SELECT * FROM `ot_user` WHERE `UE_account` = '13249870364' LIMIT 1   [ RunTime:0.0003s ]
SQL: SHOW COLUMNS FROM `ot_pin` [ RunTime:0.0004s ]
SQL: SELECT * FROM `ot_pin` WHERE `pin` = 'a4dd582504ecf35a97bf79406ad7d072' LIMIT 1   [ RunTime:0.0001s ]
SQL: INSERT INTO `ot_pin` (`user`,`pin`,`zt`,`sc_date`) VALUES ('13249870364','a4dd582504ecf35a97bf79406ad7d072','0','2016-05-17 17:32:06') [ RunTime:0.0002s ]
SQL: SELECT * FROM `ot_pin` WHERE `pin` = 'f9559d5db1276e44e856311d3f136afd' LIMIT 1   [ RunTime:0.0001s ]
SQL: INSERT INTO `ot_pin` (`user`,`pin`,`zt`,`sc_date`) VALUES ('13249870364','f9559d5db1276e44e856311d3f136afd','0','2016-05-17 17:32:06') [ RunTime:0.0001s ]
SQL: SELECT * FROM `ot_pin` WHERE `pin` = 'aa895321179f927c958d722d6c047040' LIMIT 1   [ RunTime:0.0001s ]
SQL: INSERT INTO `ot_pin` (`user`,`pin`,`zt`,`sc_date`) VALUES ('13249870364','aa895321179f927c958d722d6c047040','0','2016-05-17 17:32:06') [ RunTime:0.0001s ]
SQL: SELECT * FROM `ot_pin` WHERE `pin` = 'ee7bf1518bf1d6517a62be94e4c772be' LIMIT 1   [ RunTime:0.0001s ]
SQL: INSERT INTO `ot_pin` (`user`,`pin`,`zt`,`sc_date`) VALUES ('13249870364','ee7bf1518bf1d6517a62be94e4c772be','0','2016-05-17 17:32:06') [ RunTime:0.0001s ]
SQL: SELECT * FROM `ot_pin` WHERE `pin` = 'f652bf0736f9c1a0b9410ec14b63b987' LIMIT 1   [ RunTime:0.0001s ]
SQL: INSERT INTO `ot_pin` (`user`,`pin`,`zt`,`sc_date`) VALUES ('13249870364','f652bf0736f9c1a0b9410ec14b63b987','0','2016-05-17 17:32:06') [ RunTime:0.0001s ]
SQL: SELECT * FROM `ot_pin` WHERE `pin` = '16192b19d0a69dbde694ad57e2c24b07' LIMIT 1   [ RunTime:0.0001s ]
SQL: INSERT INTO `ot_pin` (`user`,`pin`,`zt`,`sc_date`) VALUES ('13249870364','16192b19d0a69dbde694ad57e2c24b07','0','2016-05-17 17:32:06') [ RunTime:0.0001s ]
SQL: SELECT * FROM `ot_pin` WHERE `pin` = '6fa24e3fcfded2f5db641fe6b90c5441' LIMIT 1   [ RunTime:0.0001s ]
SQL: INSERT INTO `ot_pin` (`user`,`pin`,`zt`,`sc_date`) VALUES ('13249870364','6fa24e3fcfded2f5db641fe6b90c5441','0','2016-05-17 17:32:06') [ RunTime:0.0001s ]
SQL: SELECT * FROM `ot_pin` WHERE `pin` = '20e5a1a3a953004218d40936d99d81c1' LIMIT 1   [ RunTime:0.0001s ]
SQL: INSERT INTO `ot_pin` (`user`,`pin`,`zt`,`sc_date`) VALUES ('13249870364','20e5a1a3a953004218d40936d99d81c1','0','2016-05-17 17:32:06') [ RunTime:0.0001s ]
SQL: SELECT * FROM `ot_pin` WHERE `pin` = '749e3454b577726bc61ba2238c279ba4' LIMIT 1   [ RunTime:0.0001s ]
SQL: INSERT INTO `ot_pin` (`user`,`pin`,`zt`,`sc_date`) VALUES ('13249870364','749e3454b577726bc61ba2238c279ba4','0','2016-05-17 17:32:06') [ RunTime:0.0001s ]
SQL: SELECT * FROM `ot_pin` WHERE `pin` = '63f5c9b434507513c72d36c75a0da18d' LIMIT 1   [ RunTime:0.0001s ]
SQL: INSERT INTO `ot_pin` (`user`,`pin`,`zt`,`sc_date`) VALUES ('13249870364','63f5c9b434507513c72d36c75a0da18d','0','2016-05-17 17:32:06') [ RunTime:0.0001s ]
INFO: [ view_parse ] --START--
INFO: [ template_filter ] --START--
INFO: Run Behavior\ContentReplaceBehavior [ RunTime:0.000039s ]
INFO: [ template_filter ] --END-- [ RunTime:0.000083s ]
INFO: Run Behavior\ParseTemplateBehavior [ RunTime:0.005136s ]
INFO: [ view_parse ] --END-- [ RunTime:0.005177s ]
INFO: [ view_filter ] --START--
INFO: Run Behavior\WriteHtmlCacheBehavior [ RunTime:0.000111s ]
INFO: [ view_filter ] --END-- [ RunTime:0.000148s ]
INFO: [ app_end ] --START--
INFO: Run Behavior\ShowPageTraceBehavior [ RunTime:0.000371s ]
INFO: [ app_end ] --END-- [ RunTime:0.000411s ]

[ 2016-05-17T17:32:07+08:00 ] 173.245.48.228 /admin.php/Home/Index/pin_add
INFO: [ app_begin ] --START--
INFO: Run Behavior\ReadHtmlCacheBehavior [ RunTime:0.000368s ]
INFO: [ app_begin ] --END-- [ RunTime:0.000623s ]
INFO: [ view_parse ] --START--
INFO: [ template_filter ] --START--
INFO: Run Behavior\ContentReplaceBehavior [ RunTime:0.000039s ]
INFO: [ template_filter ] --END-- [ RunTime:0.000079s ]
NOTIC: [8] Undefined variable: page /phpstudy/www/www.cngsoros.com/snadmin/Runtime/Cache/Home/c57dd95c4c85874edcc04d830e0d78f8.php 第 107 行.
INFO: Run Behavior\ParseTemplateBehavior [ RunTime:0.005135s ]
INFO: [ view_parse ] --END-- [ RunTime:0.005173s ]
INFO: [ view_filter ] --START--
INFO: Run Behavior\WriteHtmlCacheBehavior [ RunTime:0.000107s ]
INFO: [ view_filter ] --END-- [ RunTime:0.000143s ]
INFO: [ app_end ] --START--
INFO: Run Behavior\ShowPageTraceBehavior [ RunTime:0.000370s ]
INFO: [ app_end ] --END-- [ RunTime:0.000408s ]

[ 2016-05-17T17:32:12+08:00 ] 173.245.48.228 /admin.php/Home/Index/userlist
INFO: [ app_begin ] --START--
INFO: Run Behavior\ReadHtmlCacheBehavior [ RunTime:0.000350s ]
INFO: [ app_begin ] --END-- [ RunTime:0.000593s ]
SQL: SHOW COLUMNS FROM `ot_user` [ RunTime:0.0023s ]
NOTIC: [8] Undefined variable: map /phpstudy/www/www.cngsoros.com/snadmin/Home/Controller/IndexController.class.php 第 295 行.
SQL: SELECT COUNT(*) AS tp_count FROM `ot_user` LIMIT 1   [ RunTime:0.0001s ]
NOTIC: [8] Undefined variable: map /phpstudy/www/www.cngsoros.com/snadmin/Home/Controller/IndexController.class.php 第 300 行.
SQL: SELECT * FROM `ot_user` ORDER BY UE_ID LIMIT 0,20   [ RunTime:0.0004s ]
INFO: [ view_parse ] --START--
INFO: [ template_filter ] --START--
INFO: Run Behavior\ContentReplaceBehavior [ RunTime:0.000045s ]
INFO: [ template_filter ] --END-- [ RunTime:0.000088s ]
SQL: SELECT COUNT(*) AS tp_count FROM `ot_user` WHERE `UE_regIP` = '127.0.0.1' LIMIT 1   [ RunTime:0.0002s ]
SQL: SELECT COUNT(*) AS tp_count FROM `ot_user` WHERE `UE_regIP` = '199.27.133.9' LIMIT 1   [ RunTime:0.0001s ]
SQL: SELECT COUNT(*) AS tp_count FROM `ot_user` WHERE `UE_regIP` = '199.27.133.9' LIMIT 1   [ RunTime:0.0001s ]
SQL: SELECT COUNT(*) AS tp_count FROM `ot_user` WHERE `UE_regIP` = '199.27.133.9' LIMIT 1   [ RunTime:0.0001s ]
SQL: SELECT COUNT(*) AS tp_count FROM `ot_user` WHERE `UE_regIP` = '199.27.133.9' LIMIT 1   [ RunTime:0.0001s ]
SQL: SELECT COUNT(*) AS tp_count FROM `ot_user` WHERE `UE_regIP` = '173.245.48.209' LIMIT 1   [ RunTime:0.0001s ]
INFO: Run Behavior\ParseTemplateBehavior [ RunTime:0.009084s ]
INFO: [ view_parse ] --END-- [ RunTime:0.009123s ]
INFO: [ view_filter ] --START--
INFO: Run Behavior\WriteHtmlCacheBehavior [ RunTime:0.000115s ]
INFO: [ view_filter ] --END-- [ RunTime:0.000152s ]
INFO: [ app_end ] --START--
INFO: Run Behavior\ShowPageTraceBehavior [ RunTime:0.000449s ]
INFO: [ app_end ] --END-- [ RunTime:0.000492s ]

[ 2016-05-17T17:32:16+08:00 ] 173.245.48.228 /admin.php/Home/Index/pin_add
INFO: [ app_begin ] --START--
INFO: Run Behavior\ReadHtmlCacheBehavior [ RunTime:0.000344s ]
INFO: [ app_begin ] --END-- [ RunTime:0.000588s ]
INFO: [ view_parse ] --START--
INFO: [ template_filter ] --START--
INFO: Run Behavior\ContentReplaceBehavior [ RunTime:0.000039s ]
INFO: [ template_filter ] --END-- [ RunTime:0.000079s ]
NOTIC: [8] Undefined variable: page /phpstudy/www/www.cngsoros.com/snadmin/Runtime/Cache/Home/c57dd95c4c85874edcc04d830e0d78f8.php 第 107 行.
INFO: Run Behavior\ParseTemplateBehavior [ RunTime:0.004915s ]
INFO: [ view_parse ] --END-- [ RunTime:0.004952s ]
INFO: [ view_filter ] --START--
INFO: Run Behavior\WriteHtmlCacheBehavior [ RunTime:0.000108s ]
INFO: [ view_filter ] --END-- [ RunTime:0.000143s ]
INFO: [ app_end ] --START--
INFO: Run Behavior\ShowPageTraceBehavior [ RunTime:0.000353s ]
INFO: [ app_end ] --END-- [ RunTime:0.000389s ]

[ 2016-05-17T17:32:19+08:00 ] 173.245.48.228 /admin.php/Home/Index/pin_add_cl
INFO: [ app_begin ] --START--
INFO: Run Behavior\ReadHtmlCacheBehavior [ RunTime:0.000342s ]
INFO: [ app_begin ] --END-- [ RunTime:0.000586s ]
SQL: SHOW COLUMNS FROM `ot_user` [ RunTime:0.0024s ]
NOTIC: [8] Use of undefined constant UE_account - assumed 'UE_account' /phpstudy/www/www.cngsoros.com/snadmin/Home/Controller/IndexController.class.php 第 882 行.
SQL: SELECT * FROM `ot_user` WHERE `UE_account` = '13148715340' LIMIT 1   [ RunTime:0.0003s ]
SQL: SHOW COLUMNS FROM `ot_pin` [ RunTime:0.0004s ]
SQL: SELECT * FROM `ot_pin` WHERE `pin` = '275bdf9bd3a4ff04e6e75cd9c478fe14' LIMIT 1   [ RunTime:0.0001s ]
SQL: INSERT INTO `ot_pin` (`user`,`pin`,`zt`,`sc_date`) VALUES ('13148715340','275bdf9bd3a4ff04e6e75cd9c478fe14','0','2016-05-17 17:32:19') [ RunTime:0.0002s ]
SQL: SELECT * FROM `ot_pin` WHERE `pin` = '77584249a09d4e02c234d5044fc4eb2c' LIMIT 1   [ RunTime:0.0001s ]
SQL: INSERT INTO `ot_pin` (`user`,`pin`,`zt`,`sc_date`) VALUES ('13148715340','77584249a09d4e02c234d5044fc4eb2c','0','2016-05-17 17:32:19') [ RunTime:0.0001s ]
SQL: SELECT * FROM `ot_pin` WHERE `pin` = 'bd318ddbb30184235ace066a7c2739f3' LIMIT 1   [ RunTime:0.0001s ]
SQL: INSERT INTO `ot_pin` (`user`,`pin`,`zt`,`sc_date`) VALUES ('13148715340','bd318ddbb30184235ace066a7c2739f3','0','2016-05-17 17:32:19') [ RunTime:0.0001s ]
SQL: SELECT * FROM `ot_pin` WHERE `pin` = 'cabc6face502f22fc4aa0b726e435202' LIMIT 1   [ RunTime:0.0001s ]
SQL: INSERT INTO `ot_pin` (`user`,`pin`,`zt`,`sc_date`) VALUES ('13148715340','cabc6face502f22fc4aa0b726e435202','0','2016-05-17 17:32:19') [ RunTime:0.0001s ]
SQL: SELECT * FROM `ot_pin` WHERE `pin` = '16a2b47d8ffafb451b86365719fe7f76' LIMIT 1   [ RunTime:0.0001s ]
SQL: INSERT INTO `ot_pin` (`user`,`pin`,`zt`,`sc_date`) VALUES ('13148715340','16a2b47d8ffafb451b86365719fe7f76','0','2016-05-17 17:32:19') [ RunTime:0.0001s ]
SQL: SELECT * FROM `ot_pin` WHERE `pin` = '257fc037678ded923f39d3eeb2d533af' LIMIT 1   [ RunTime:0.0001s ]
SQL: INSERT INTO `ot_pin` (`user`,`pin`,`zt`,`sc_date`) VALUES ('13148715340','257fc037678ded923f39d3eeb2d533af','0','2016-05-17 17:32:19') [ RunTime:0.0001s ]
SQL: SELECT * FROM `ot_pin` WHERE `pin` = '1ff6469c9f95a1b29a728bbb8026ee4c' LIMIT 1   [ RunTime:0.0001s ]
SQL: INSERT INTO `ot_pin` (`user`,`pin`,`zt`,`sc_date`) VALUES ('13148715340','1ff6469c9f95a1b29a728bbb8026ee4c','0','2016-05-17 17:32:19') [ RunTime:0.0001s ]
SQL: SELECT * FROM `ot_pin` WHERE `pin` = 'e4a3aab0edb8bbfbf49403fc2f272686' LIMIT 1   [ RunTime:0.0001s ]
SQL: INSERT INTO `ot_pin` (`user`,`pin`,`zt`,`sc_date`) VALUES ('13148715340','e4a3aab0edb8bbfbf49403fc2f272686','0','2016-05-17 17:32:19') [ RunTime:0.0001s ]
SQL: SELECT * FROM `ot_pin` WHERE `pin` = 'c6ded8a17737dff46a7ac1b2b8ccb278' LIMIT 1   [ RunTime:0.0001s ]
SQL: INSERT INTO `ot_pin` (`user`,`pin`,`zt`,`sc_date`) VALUES ('13148715340','c6ded8a17737dff46a7ac1b2b8ccb278','0','2016-05-17 17:32:19') [ RunTime:0.0001s ]
SQL: SELECT * FROM `ot_pin` WHERE `pin` = '284f41ad80985e2f0e8614acd78f96a8' LIMIT 1   [ RunTime:0.0001s ]
SQL: INSERT INTO `ot_pin` (`user`,`pin`,`zt`,`sc_date`) VALUES ('13148715340','284f41ad80985e2f0e8614acd78f96a8','0','2016-05-17 17:32:19') [ RunTime:0.0001s ]
INFO: [ view_parse ] --START--
INFO: [ template_filter ] --START--
INFO: Run Behavior\ContentReplaceBehavior [ RunTime:0.000037s ]
INFO: [ template_filter ] --END-- [ RunTime:0.000081s ]
INFO: Run Behavior\ParseTemplateBehavior [ RunTime:0.005054s ]
INFO: [ view_parse ] --END-- [ RunTime:0.005096s ]
INFO: [ view_filter ] --START--
INFO: Run Behavior\WriteHtmlCacheBehavior [ RunTime:0.000113s ]
INFO: [ view_filter ] --END-- [ RunTime:0.000149s ]
INFO: [ app_end ] --START--
INFO: Run Behavior\ShowPageTraceBehavior [ RunTime:0.000367s ]
INFO: [ app_end ] --END-- [ RunTime:0.000408s ]

[ 2016-05-17T17:32:29+08:00 ] 173.245.48.228 /admin.php/Home/Index/pin_add
INFO: [ app_begin ] --START--
INFO: Run Behavior\ReadHtmlCacheBehavior [ RunTime:0.000390s ]
INFO: [ app_begin ] --END-- [ RunTime:0.000662s ]
INFO: [ view_parse ] --START--
INFO: [ template_filter ] --START--
INFO: Run Behavior\ContentReplaceBehavior [ RunTime:0.000043s ]
INFO: [ template_filter ] --END-- [ RunTime:0.000087s ]
NOTIC: [8] Undefined variable: page /phpstudy/www/www.cngsoros.com/snadmin/Runtime/Cache/Home/c57dd95c4c85874edcc04d830e0d78f8.php 第 107 行.
INFO: Run Behavior\ParseTemplateBehavior [ RunTime:0.005910s ]
INFO: [ view_parse ] --END-- [ RunTime:0.005952s ]
INFO: [ view_filter ] --START--
INFO: Run Behavior\WriteHtmlCacheBehavior [ RunTime:0.000111s ]
INFO: [ view_filter ] --END-- [ RunTime:0.000149s ]
INFO: [ app_end ] --START--
INFO: Run Behavior\ShowPageTraceBehavior [ RunTime:0.000400s ]
INFO: [ app_end ] --END-- [ RunTime:0.000440s ]

[ 2016-05-17T17:33:17+08:00 ] 173.245.48.228 /admin.php/Home/Index/pin_add
INFO: [ app_begin ] --START--
INFO: Run Behavior\ReadHtmlCacheBehavior [ RunTime:0.000373s ]
INFO: [ app_begin ] --END-- [ RunTime:0.000628s ]
INFO: [ view_parse ] --START--
INFO: [ template_filter ] --START--
INFO: Run Behavior\ContentReplaceBehavior [ RunTime:0.000038s ]
INFO: [ template_filter ] --END-- [ RunTime:0.000078s ]
NOTIC: [8] Undefined variable: page /phpstudy/www/www.cngsoros.com/snadmin/Runtime/Cache/Home/c57dd95c4c85874edcc04d830e0d78f8.php 第 107 行.
INFO: Run Behavior\ParseTemplateBehavior [ RunTime:0.004913s ]
INFO: [ view_parse ] --END-- [ RunTime:0.004951s ]
INFO: [ view_filter ] --START--
INFO: Run Behavior\WriteHtmlCacheBehavior [ RunTime:0.000108s ]
INFO: [ view_filter ] --END-- [ RunTime:0.000143s ]
INFO: [ app_end ] --START--
INFO: Run Behavior\ShowPageTraceBehavior [ RunTime:0.000362s ]
INFO: [ app_end ] --END-- [ RunTime:0.000399s ]

[ 2016-05-17T17:33:19+08:00 ] 173.245.48.228 /admin.php/Home/Index/pin_list
INFO: [ app_begin ] --START--
INFO: Run Behavior\ReadHtmlCacheBehavior [ RunTime:0.000354s ]
INFO: [ app_begin ] --END-- [ RunTime:0.000604s ]
SQL: SHOW COLUMNS FROM `ot_pin` [ RunTime:0.0007s ]
SQL: SELECT COUNT(*) AS tp_count FROM `ot_pin` LIMIT 1   [ RunTime:0.0001s ]
SQL: SELECT COUNT(*) AS tp_count FROM `ot_pin` WHERE `zt` = 0 LIMIT 1   [ RunTime:0.0001s ]
SQL: SELECT * FROM `ot_pin` WHERE `zt` = 0 ORDER BY id DESC LIMIT 0,20   [ RunTime:0.0002s ]
INFO: [ view_parse ] --START--
INFO: [ template_filter ] --START--
INFO: Run Behavior\ContentReplaceBehavior [ RunTime:0.000050s ]
INFO: [ template_filter ] --END-- [ RunTime:0.000090s ]
INFO: Run Behavior\ParseTemplateBehavior [ RunTime:0.006647s ]
INFO: [ view_parse ] --END-- [ RunTime:0.006688s ]
INFO: [ view_filter ] --START--
INFO: Run Behavior\WriteHtmlCacheBehavior [ RunTime:0.000111s ]
INFO: [ view_filter ] --END-- [ RunTime:0.000148s ]
INFO: [ app_end ] --START--
INFO: Run Behavior\ShowPageTraceBehavior [ RunTime:0.000406s ]
INFO: [ app_end ] --END-- [ RunTime:0.000453s ]

[ 2016-05-17T17:33:28+08:00 ] 173.245.48.228 /admin.php/Home/Index/userlist
INFO: [ app_begin ] --START--
INFO: Run Behavior\ReadHtmlCacheBehavior [ RunTime:0.000345s ]
INFO: [ app_begin ] --END-- [ RunTime:0.000588s ]
SQL: SHOW COLUMNS FROM `ot_user` [ RunTime:0.0023s ]
NOTIC: [8] Undefined variable: map /phpstudy/www/www.cngsoros.com/snadmin/Home/Controller/IndexController.class.php 第 295 行.
SQL: SELECT COUNT(*) AS tp_count FROM `ot_user` LIMIT 1   [ RunTime:0.0001s ]
NOTIC: [8] Undefined variable: map /phpstudy/www/www.cngsoros.com/snadmin/Home/Controller/IndexController.class.php 第 300 行.
SQL: SELECT * FROM `ot_user` ORDER BY UE_ID LIMIT 0,20   [ RunTime:0.0004s ]
INFO: [ view_parse ] --START--
INFO: [ template_filter ] --START--
INFO: Run Behavior\ContentReplaceBehavior [ RunTime:0.000044s ]
INFO: [ template_filter ] --END-- [ RunTime:0.000084s ]
SQL: SELECT COUNT(*) AS tp_count FROM `ot_user` WHERE `UE_regIP` = '127.0.0.1' LIMIT 1   [ RunTime:0.0002s ]
SQL: SELECT COUNT(*) AS tp_count FROM `ot_user` WHERE `UE_regIP` = '199.27.133.9' LIMIT 1   [ RunTime:0.0001s ]
SQL: SELECT COUNT(*) AS tp_count FROM `ot_user` WHERE `UE_regIP` = '199.27.133.9' LIMIT 1   [ RunTime:0.0001s ]
SQL: SELECT COUNT(*) AS tp_count FROM `ot_user` WHERE `UE_regIP` = '199.27.133.9' LIMIT 1   [ RunTime:0.0001s ]
SQL: SELECT COUNT(*) AS tp_count FROM `ot_user` WHERE `UE_regIP` = '199.27.133.9' LIMIT 1   [ RunTime:0.0001s ]
SQL: SELECT COUNT(*) AS tp_count FROM `ot_user` WHERE `UE_regIP` = '173.245.48.209' LIMIT 1   [ RunTime:0.0001s ]
INFO: Run Behavior\ParseTemplateBehavior [ RunTime:0.009093s ]
INFO: [ view_parse ] --END-- [ RunTime:0.009133s ]
INFO: [ view_filter ] --START--
INFO: Run Behavior\WriteHtmlCacheBehavior [ RunTime:0.000116s ]
INFO: [ view_filter ] --END-- [ RunTime:0.000153s ]
INFO: [ app_end ] --START--
INFO: Run Behavior\ShowPageTraceBehavior [ RunTime:0.000441s ]
INFO: [ app_end ] --END-- [ RunTime:0.000488s ]

[ 2016-05-17T17:33:33+08:00 ] 173.245.48.228 /admin.php/Home/Index/pin_add
INFO: [ app_begin ] --START--
INFO: Run Behavior\ReadHtmlCacheBehavior [ RunTime:0.000343s ]
INFO: [ app_begin ] --END-- [ RunTime:0.000591s ]
INFO: [ view_parse ] --START--
INFO: [ template_filter ] --START--
INFO: Run Behavior\ContentReplaceBehavior [ RunTime:0.000038s ]
INFO: [ template_filter ] --END-- [ RunTime:0.000079s ]
NOTIC: [8] Undefined variable: page /phpstudy/www/www.cngsoros.com/snadmin/Runtime/Cache/Home/c57dd95c4c85874edcc04d830e0d78f8.php 第 107 行.
INFO: Run Behavior\ParseTemplateBehavior [ RunTime:0.004899s ]
INFO: [ view_parse ] --END-- [ RunTime:0.004936s ]
INFO: [ view_filter ] --START--
INFO: Run Behavior\WriteHtmlCacheBehavior [ RunTime:0.000106s ]
INFO: [ view_filter ] --END-- [ RunTime:0.000141s ]
INFO: [ app_end ] --START--
INFO: Run Behavior\ShowPageTraceBehavior [ RunTime:0.000351s ]
INFO: [ app_end ] --END-- [ RunTime:0.000388s ]

[ 2016-05-17T17:33:35+08:00 ] 173.245.48.228 /admin.php/Home/Index/pin_list
INFO: [ app_begin ] --START--
INFO: Run Behavior\ReadHtmlCacheBehavior [ RunTime:0.000344s ]
INFO: [ app_begin ] --END-- [ RunTime:0.000589s ]
SQL: SHOW COLUMNS FROM `ot_pin` [ RunTime:0.0008s ]
SQL: SELECT COUNT(*) AS tp_count FROM `ot_pin` LIMIT 1   [ RunTime:0.0001s ]
SQL: SELECT COUNT(*) AS tp_count FROM `ot_pin` WHERE `zt` = 0 LIMIT 1   [ RunTime:0.0001s ]
SQL: SELECT * FROM `ot_pin` WHERE `zt` = 0 ORDER BY id DESC LIMIT 0,20   [ RunTime:0.0002s ]
INFO: [ view_parse ] --START--
INFO: [ template_filter ] --START--
INFO: Run Behavior\ContentReplaceBehavior [ RunTime:0.000051s ]
INFO: [ template_filter ] --END-- [ RunTime:0.000095s ]
INFO: Run Behavior\ParseTemplateBehavior [ RunTime:0.006731s ]
INFO: [ view_parse ] --END-- [ RunTime:0.006775s ]
INFO: [ view_filter ] --START--
INFO: Run Behavior\WriteHtmlCacheBehavior [ RunTime:0.000111s ]
INFO: [ view_filter ] --END-- [ RunTime:0.000147s ]
INFO: [ app_end ] --START--
INFO: Run Behavior\ShowPageTraceBehavior [ RunTime:0.000407s ]
INFO: [ app_end ] --END-- [ RunTime:0.000466s ]

[ 2016-05-17T17:33:43+08:00 ] 173.245.48.228 /admin.php/Home/Code/code_add
INFO: [ app_begin ] --START--
INFO: Run Behavior\ReadHtmlCacheBehavior [ RunTime:0.000344s ]
INFO: [ app_begin ] --END-- [ RunTime:0.000597s ]
INFO: [ view_parse ] --START--
INFO: [ template_filter ] --START--
INFO: Run Behavior\ContentReplaceBehavior [ RunTime:0.000037s ]
INFO: [ template_filter ] --END-- [ RunTime:0.000077s ]
NOTIC: [8] Undefined variable: page /phpstudy/www/www.cngsoros.com/snadmin/Runtime/Cache/Home/0db364029371349824c8dbe1d39bb281.php 第 107 行.
INFO: Run Behavior\ParseTemplateBehavior [ RunTime:0.004900s ]
INFO: [ view_parse ] --END-- [ RunTime:0.004937s ]
INFO: [ view_filter ] --START--
INFO: Run Behavior\WriteHtmlCacheBehavior [ RunTime:0.000123s ]
INFO: [ view_filter ] --END-- [ RunTime:0.000159s ]
INFO: [ app_end ] --START--
INFO: Run Behavior\ShowPageTraceBehavior [ RunTime:0.000350s ]
INFO: [ app_end ] --END-- [ RunTime:0.000387s ]

[ 2016-05-17T17:35:04+08:00 ] 199.27.133.110 /admin.php/Home/Index/tgbz_list
INFO: [ app_begin ] --START--
INFO: Run Behavior\ReadHtmlCacheBehavior [ RunTime:0.000344s ]
INFO: [ app_begin ] --END-- [ RunTime:0.000594s ]
SQL: SHOW COLUMNS FROM `ot_tgbz` [ RunTime:0.0009s ]
SQL: SELECT SUM(jb) AS tp_sum FROM `ot_tgbz` LIMIT 1   [ RunTime:0.0001s ]
SQL: SELECT SUM(jb) AS tp_sum FROM `ot_tgbz` WHERE `zt` = 1 LIMIT 1   [ RunTime:0.0001s ]
SQL: SELECT SUM(jb) AS tp_sum FROM `ot_tgbz` WHERE `zt` <> 1 LIMIT 1   [ RunTime:0.0001s ]
SQL: SELECT COUNT(*) AS tp_count FROM `ot_tgbz` WHERE `zt` = 0 LIMIT 1   [ RunTime:0.0001s ]
SQL: SELECT * FROM `ot_tgbz` WHERE `zt` = 0 ORDER BY date  LIMIT 0,20   [ RunTime:0.0002s ]
INFO: [ view_parse ] --START--
INFO: [ template_filter ] --START--
INFO: Run Behavior\ContentReplaceBehavior [ RunTime:0.000045s ]
INFO: [ template_filter ] --END-- [ RunTime:0.000085s ]
INFO: Run Behavior\ParseTemplateBehavior [ RunTime:0.007696s ]
INFO: [ view_parse ] --END-- [ RunTime:0.007737s ]
INFO: [ view_filter ] --START--
INFO: Run Behavior\WriteHtmlCacheBehavior [ RunTime:0.000113s ]
INFO: [ view_filter ] --END-- [ RunTime:0.000151s ]
INFO: [ app_end ] --START--
INFO: Run Behavior\ShowPageTraceBehavior [ RunTime:0.000373s ]
INFO: [ app_end ] --END-- [ RunTime:0.000414s ]

[ 2016-05-17T17:35:06+08:00 ] 199.27.133.110 /admin.php/Home/Index/jjset
INFO: [ app_begin ] --START--
INFO: Run Behavior\ReadHtmlCacheBehavior [ RunTime:0.000353s ]
INFO: [ app_begin ] --END-- [ RunTime:0.000599s ]
INFO: [ view_parse ] --START--
INFO: [ template_filter ] --START--
INFO: Run Behavior\ContentReplaceBehavior [ RunTime:0.000053s ]
INFO: [ template_filter ] --END-- [ RunTime:0.000093s ]
INFO: Run Behavior\ParseTemplateBehavior [ RunTime:0.009158s ]
INFO: [ view_parse ] --END-- [ RunTime:0.009197s ]
INFO: [ view_filter ] --START--
INFO: Run Behavior\WriteHtmlCacheBehavior [ RunTime:0.000112s ]
INFO: [ view_filter ] --END-- [ RunTime:0.000148s ]
INFO: [ app_end ] --START--
INFO: Run Behavior\ShowPageTraceBehavior [ RunTime:0.000357s ]
INFO: [ app_end ] --END-- [ RunTime:0.000396s ]

[ 2016-05-17T17:35:33+08:00 ] 199.27.133.110 /admin.php/Home/Index/txset
INFO: [ app_begin ] --START--
INFO: Run Behavior\ReadHtmlCacheBehavior [ RunTime:0.000396s ]
INFO: [ app_begin ] --END-- [ RunTime:0.000662s ]
INFO: [ view_parse ] --START--
INFO: [ template_filter ] --START--
INFO: Run Behavior\ContentReplaceBehavior [ RunTime:0.000046s ]
INFO: [ template_filter ] --END-- [ RunTime:0.000089s ]
INFO: Run Behavior\ParseTemplateBehavior [ RunTime:0.007299s ]
INFO: [ view_parse ] --END-- [ RunTime:0.007345s ]
INFO: [ view_filter ] --START--
INFO: Run Behavior\WriteHtmlCacheBehavior [ RunTime:0.000117s ]
INFO: [ view_filter ] --END-- [ RunTime:0.000154s ]
INFO: [ app_end ] --START--
INFO: Run Behavior\ShowPageTraceBehavior [ RunTime:0.000410s ]
INFO: [ app_end ] --END-- [ RunTime:0.000451s ]

[ 2016-05-17T17:35:36+08:00 ] 199.27.133.110 /admin.php/Home/Index/lixi
INFO: [ app_begin ] --START--
INFO: Run Behavior\ReadHtmlCacheBehavior [ RunTime:0.000356s ]
INFO: [ app_begin ] --END-- [ RunTime:0.000600s ]
INFO: [ view_parse ] --START--
INFO: [ template_filter ] --START--
INFO: Run Behavior\ContentReplaceBehavior [ RunTime:0.000041s ]
INFO: [ template_filter ] --END-- [ RunTime:0.000081s ]
INFO: Run Behavior\ParseTemplateBehavior [ RunTime:0.005463s ]
INFO: [ view_parse ] --END-- [ RunTime:0.005503s ]
INFO: [ view_filter ] --START--
INFO: Run Behavior\WriteHtmlCacheBehavior [ RunTime:0.000111s ]
INFO: [ view_filter ] --END-- [ RunTime:0.000146s ]
INFO: [ app_end ] --START--
INFO: Run Behavior\ShowPageTraceBehavior [ RunTime:0.000353s ]
INFO: [ app_end ] --END-- [ RunTime:0.000391s ]

[ 2016-05-17T17:36:47+08:00 ] 173.245.48.228 /admin.php/Home/Index/userlist
INFO: [ app_begin ] --START--
INFO: Run Behavior\ReadHtmlCacheBehavior [ RunTime:0.000354s ]
INFO: [ app_begin ] --END-- [ RunTime:0.000598s ]
SQL: SHOW COLUMNS FROM `ot_user` [ RunTime:0.0024s ]
NOTIC: [8] Undefined variable: map /phpstudy/www/www.cngsoros.com/snadmin/Home/Controller/IndexController.class.php 第 295 行.
SQL: SELECT COUNT(*) AS tp_count FROM `ot_user` LIMIT 1   [ RunTime:0.0001s ]
NOTIC: [8] Undefined variable: map /phpstudy/www/www.cngsoros.com/snadmin/Home/Controller/IndexController.class.php 第 300 行.
SQL: SELECT * FROM `ot_user` ORDER BY UE_ID LIMIT 0,20   [ RunTime:0.0004s ]
INFO: [ view_parse ] --START--
INFO: [ template_filter ] --START--
INFO: Run Behavior\ContentReplaceBehavior [ RunTime:0.000058s ]
INFO: [ template_filter ] --END-- [ RunTime:0.000103s ]
SQL: SELECT COUNT(*) AS tp_count FROM `ot_user` WHERE `UE_regIP` = '127.0.0.1' LIMIT 1   [ RunTime:0.0002s ]
SQL: SELECT COUNT(*) AS tp_count FROM `ot_user` WHERE `UE_regIP` = '199.27.133.9' LIMIT 1   [ RunTime:0.0001s ]
SQL: SELECT COUNT(*) AS tp_count FROM `ot_user` WHERE `UE_regIP` = '199.27.133.9' LIMIT 1   [ RunTime:0.0001s ]
SQL: SELECT COUNT(*) AS tp_count FROM `ot_user` WHERE `UE_regIP` = '199.27.133.9' LIMIT 1   [ RunTime:0.0001s ]
SQL: SELECT COUNT(*) AS tp_count FROM `ot_user` WHERE `UE_regIP` = '199.27.133.9' LIMIT 1   [ RunTime:0.0001s ]
SQL: SELECT COUNT(*) AS tp_count FROM `ot_user` WHERE `UE_regIP` = '173.245.48.209' LIMIT 1   [ RunTime:0.0001s ]
INFO: Run Behavior\ParseTemplateBehavior [ RunTime:0.009552s ]
INFO: [ view_parse ] --END-- [ RunTime:0.009601s ]
INFO: [ view_filter ] --START--
INFO: Run Behavior\WriteHtmlCacheBehavior [ RunTime:0.000119s ]
INFO: [ view_filter ] --END-- [ RunTime:0.000155s ]
INFO: [ app_end ] --START--
INFO: Run Behavior\ShowPageTraceBehavior [ RunTime:0.000466s ]
INFO: [ app_end ] --END-- [ RunTime:0.000511s ]

[ 2016-05-17T17:38:12+08:00 ] 173.245.48.228 /admin.php/Home/Index/pin_list
INFO: [ app_begin ] --START--
INFO: Run Behavior\ReadHtmlCacheBehavior [ RunTime:0.000345s ]
INFO: [ app_begin ] --END-- [ RunTime:0.000598s ]
SQL: SHOW COLUMNS FROM `ot_pin` [ RunTime:0.0008s ]
SQL: SELECT COUNT(*) AS tp_count FROM `ot_pin` LIMIT 1   [ RunTime:0.0001s ]
SQL: SELECT COUNT(*) AS tp_count FROM `ot_pin` WHERE `zt` = 0 LIMIT 1   [ RunTime:0.0001s ]
SQL: SELECT * FROM `ot_pin` WHERE `zt` = 0 ORDER BY id DESC LIMIT 0,20   [ RunTime:0.0002s ]
INFO: [ view_parse ] --START--
INFO: [ template_filter ] --START--
INFO: Run Behavior\ContentReplaceBehavior [ RunTime:0.000050s ]
INFO: [ template_filter ] --END-- [ RunTime:0.000090s ]
INFO: Run Behavior\ParseTemplateBehavior [ RunTime:0.006614s ]
INFO: [ view_parse ] --END-- [ RunTime:0.006655s ]
INFO: [ view_filter ] --START--
INFO: Run Behavior\WriteHtmlCacheBehavior [ RunTime:0.000112s ]
INFO: [ view_filter ] --END-- [ RunTime:0.000153s ]
INFO: [ app_end ] --START--
INFO: Run Behavior\ShowPageTraceBehavior [ RunTime:0.000377s ]
INFO: [ app_end ] --END-- [ RunTime:0.000425s ]

[ 2016-05-17T17:38:14+08:00 ] 173.245.48.228 /admin.php/Home/Code/code_list
INFO: [ app_begin ] --START--
INFO: Run Behavior\ReadHtmlCacheBehavior [ RunTime:0.000355s ]
INFO: [ app_begin ] --END-- [ RunTime:0.000616s ]
SQL: SHOW COLUMNS FROM `ot_code` [ RunTime:0.0007s ]
SQL: SELECT COUNT(*) AS tp_count FROM `ot_code` LIMIT 1   [ RunTime:0.0001s ]
NOTIC: [8] Undefined variable: map /phpstudy/www/www.cngsoros.com/snadmin/Home/Controller/CodeController.class.php 第 64 行.
SQL: SELECT COUNT(*) AS tp_count FROM `ot_code` LIMIT 1   [ RunTime:0.0001s ]
NOTIC: [8] Undefined variable: map /phpstudy/www/www.cngsoros.com/snadmin/Home/Controller/CodeController.class.php 第 69 行.
SQL: SELECT * FROM `ot_code` ORDER BY id DESC LIMIT 0,20   [ RunTime:0.0001s ]
INFO: [ view_parse ] --START--
INFO: [ template_filter ] --START--
INFO: Run Behavior\ContentReplaceBehavior [ RunTime:0.000042s ]
INFO: [ template_filter ] --END-- [ RunTime:0.000083s ]
INFO: Run Behavior\ParseTemplateBehavior [ RunTime:0.006585s ]
INFO: [ view_parse ] --END-- [ RunTime:0.006626s ]
INFO: [ view_filter ] --START--
INFO: Run Behavior\WriteHtmlCacheBehavior [ RunTime:0.000117s ]
INFO: [ view_filter ] --END-- [ RunTime:0.000154s ]
INFO: [ app_end ] --START--
INFO: Run Behavior\ShowPageTraceBehavior [ RunTime:0.000367s ]
INFO: [ app_end ] --END-- [ RunTime:0.000406s ]

[ 2016-05-17T17:38:16+08:00 ] 173.245.48.228 /admin.php/Home/Code/code_add
INFO: [ app_begin ] --START--
INFO: Run Behavior\ReadHtmlCacheBehavior [ RunTime:0.000392s ]
INFO: [ app_begin ] --END-- [ RunTime:0.000664s ]
INFO: [ view_parse ] --START--
INFO: [ template_filter ] --START--
INFO: Run Behavior\ContentReplaceBehavior [ RunTime:0.000043s ]
INFO: [ template_filter ] --END-- [ RunTime:0.000087s ]
NOTIC: [8] Undefined variable: page /phpstudy/www/www.cngsoros.com/snadmin/Runtime/Cache/Home/0db364029371349824c8dbe1d39bb281.php 第 107 行.
INFO: Run Behavior\ParseTemplateBehavior [ RunTime:0.005907s ]
INFO: [ view_parse ] --END-- [ RunTime:0.005952s ]
INFO: [ view_filter ] --START--
INFO: Run Behavior\WriteHtmlCacheBehavior [ RunTime:0.000110s ]
INFO: [ view_filter ] --END-- [ RunTime:0.000148s ]
INFO: [ app_end ] --START--
INFO: Run Behavior\ShowPageTraceBehavior [ RunTime:0.000405s ]
INFO: [ app_end ] --END-- [ RunTime:0.000445s ]

[ 2016-05-17T17:39:16+08:00 ] 173.245.48.228 /admin.php/Home/Code/code_add
INFO: [ app_begin ] --START--
INFO: Run Behavior\ReadHtmlCacheBehavior [ RunTime:0.000383s ]
INFO: [ app_begin ] --END-- [ RunTime:0.000646s ]
INFO: [ view_parse ] --START--
INFO: [ template_filter ] --START--
INFO: Run Behavior\ContentReplaceBehavior [ RunTime:0.000038s ]
INFO: [ template_filter ] --END-- [ RunTime:0.000080s ]
NOTIC: [8] Undefined variable: page /phpstudy/www/www.cngsoros.com/snadmin/Runtime/Cache/Home/0db364029371349824c8dbe1d39bb281.php 第 107 行.
INFO: Run Behavior\ParseTemplateBehavior [ RunTime:0.005165s ]
INFO: [ view_parse ] --END-- [ RunTime:0.005210s ]
INFO: [ view_filter ] --START--
INFO: Run Behavior\WriteHtmlCacheBehavior [ RunTime:0.000110s ]
INFO: [ view_filter ] --END-- [ RunTime:0.000148s ]
INFO: [ app_end ] --START--
INFO: Run Behavior\ShowPageTraceBehavior [ RunTime:0.000386s ]
INFO: [ app_end ] --END-- [ RunTime:0.000423s ]

[ 2016-05-17T17:39:18+08:00 ] 173.245.48.228 /admin.php/Home/Code/code_list
INFO: [ app_begin ] --START--
INFO: Run Behavior\ReadHtmlCacheBehavior [ RunTime:0.000384s ]
INFO: [ app_begin ] --END-- [ RunTime:0.000645s ]
SQL: SHOW COLUMNS FROM `ot_code` [ RunTime:0.0007s ]
SQL: SELECT COUNT(*) AS tp_count FROM `ot_code` LIMIT 1   [ RunTime:0.0001s ]
NOTIC: [8] Undefined variable: map /phpstudy/www/www.cngsoros.com/snadmin/Home/Controller/CodeController.class.php 第 64 行.
SQL: SELECT COUNT(*) AS tp_count FROM `ot_code` LIMIT 1   [ RunTime:0.0001s ]
NOTIC: [8] Undefined variable: map /phpstudy/www/www.cngsoros.com/snadmin/Home/Controller/CodeController.class.php 第 69 行.
SQL: SELECT * FROM `ot_code` ORDER BY id DESC LIMIT 0,20   [ RunTime:0.0001s ]
INFO: [ view_parse ] --START--
INFO: [ template_filter ] --START--
INFO: Run Behavior\ContentReplaceBehavior [ RunTime:0.000045s ]
INFO: [ template_filter ] --END-- [ RunTime:0.000096s ]
INFO: Run Behavior\ParseTemplateBehavior [ RunTime:0.006801s ]
INFO: [ view_parse ] --END-- [ RunTime:0.006845s ]
INFO: [ view_filter ] --START--
INFO: Run Behavior\WriteHtmlCacheBehavior [ RunTime:0.000114s ]
INFO: [ view_filter ] --END-- [ RunTime:0.000150s ]
INFO: [ app_end ] --START--
INFO: Run Behavior\ShowPageTraceBehavior [ RunTime:0.000373s ]
INFO: [ app_end ] --END-- [ RunTime:0.000416s ]

