[ 2016-05-06T09:26:47+08:00 ] 199.27.128.232 /admin.php/Home/Index/userlist
INFO: [ app_begin ] --START--
INFO: Run Behavior\ReadHtmlCacheBehavior [ RunTime:0.000398s ]
INFO: [ app_begin ] --END-- [ RunTime:0.000671s ]
SQL: SHOW COLUMNS FROM `ot_user` [ RunTime:0.0022s ]
NOTIC: [8] Undefined variable: map /phpstudy/www/www.cngsoros.com/snadmin/Home/Controller/IndexController.class.php 第 295 行.
SQL: SELECT COUNT(*) AS tp_count FROM `ot_user` LIMIT 1   [ RunTime:0.0001s ]
NOTIC: [8] Undefined variable: map /phpstudy/www/www.cngsoros.com/snadmin/Home/Controller/IndexController.class.php 第 300 行.
SQL: SELECT * FROM `ot_user` ORDER BY UE_ID LIMIT 0,20   [ RunTime:0.0003s ]
INFO: [ view_parse ] --START--
INFO: [ template_filter ] --START--
INFO: Run Behavior\ContentReplaceBehavior [ RunTime:0.000047s ]
INFO: [ template_filter ] --END-- [ RunTime:0.000088s ]
SQL: SELECT COUNT(*) AS tp_count FROM `ot_user` WHERE `UE_regIP` = '127.0.0.1' LIMIT 1   [ RunTime:0.0002s ]
SQL: SELECT COUNT(*) AS tp_count FROM `ot_user` WHERE `UE_regIP` = '123.151.42.47' LIMIT 1   [ RunTime:0.0001s ]
SQL: SELECT COUNT(*) AS tp_count FROM `ot_user` WHERE `UE_regIP` = '14.156.245.8' LIMIT 1   [ RunTime:0.0001s ]
SQL: SELECT COUNT(*) AS tp_count FROM `ot_user` WHERE `UE_regIP` = '14.156.245.8' LIMIT 1   [ RunTime:0.0001s ]
SQL: SELECT COUNT(*) AS tp_count FROM `ot_user` WHERE `UE_regIP` = '117.136.40.177' LIMIT 1   [ RunTime:0.0001s ]
INFO: Run Behavior\ParseTemplateBehavior [ RunTime:0.010026s ]
INFO: [ view_parse ] --END-- [ RunTime:0.010072s ]
INFO: [ view_filter ] --START--
INFO: Run Behavior\WriteHtmlCacheBehavior [ RunTime:0.000128s ]
INFO: [ view_filter ] --END-- [ RunTime:0.000164s ]
INFO: [ app_end ] --START--
INFO: Run Behavior\ShowPageTraceBehavior [ RunTime:0.000439s ]
INFO: [ app_end ] --END-- [ RunTime:0.000482s ]

[ 2016-05-06T09:28:11+08:00 ] 199.27.128.232 /admin.php/Home/Index/main
INFO: [ app_begin ] --START--
INFO: Run Behavior\ReadHtmlCacheBehavior [ RunTime:0.000404s ]
INFO: [ app_begin ] --END-- [ RunTime:0.000675s ]
INFO: [ view_parse ] --START--
INFO: [ template_filter ] --START--
INFO: Run Behavior\ContentReplaceBehavior [ RunTime:0.000036s ]
INFO: [ template_filter ] --END-- [ RunTime:0.000092s ]
INFO: Run Behavior\ParseTemplateBehavior [ RunTime:0.005172s ]
INFO: [ view_parse ] --END-- [ RunTime:0.005218s ]
INFO: [ view_filter ] --START--
INFO: Run Behavior\WriteHtmlCacheBehavior [ RunTime:0.000122s ]
INFO: [ view_filter ] --END-- [ RunTime:0.000158s ]
INFO: [ app_end ] --START--
INFO: Run Behavior\ShowPageTraceBehavior [ RunTime:0.000394s ]
INFO: [ app_end ] --END-- [ RunTime:0.000434s ]

[ 2016-05-06T09:28:12+08:00 ] 199.27.128.232 /admin.php/Home/Index/top.html
INFO: [ app_begin ] --START--
INFO: Run Behavior\ReadHtmlCacheBehavior [ RunTime:0.000400s ]
INFO: [ app_begin ] --END-- [ RunTime:0.000661s ]
INFO: [ view_parse ] --START--
INFO: [ template_filter ] --START--
INFO: Run Behavior\ContentReplaceBehavior [ RunTime:0.000033s ]
INFO: [ template_filter ] --END-- [ RunTime:0.000081s ]
INFO: Run Behavior\ParseTemplateBehavior [ RunTime:0.005068s ]
INFO: [ view_parse ] --END-- [ RunTime:0.005114s ]
INFO: [ view_filter ] --START--
INFO: Run Behavior\WriteHtmlCacheBehavior [ RunTime:0.000120s ]
INFO: [ view_filter ] --END-- [ RunTime:0.000156s ]
INFO: [ app_end ] --START--
INFO: Run Behavior\ShowPageTraceBehavior [ RunTime:0.000387s ]
INFO: [ app_end ] --END-- [ RunTime:0.000426s ]

[ 2016-05-06T09:28:12+08:00 ] 199.27.128.232 /admin.php/Home/Index/left.html
INFO: [ app_begin ] --START--
INFO: Run Behavior\ReadHtmlCacheBehavior [ RunTime:0.000415s ]
INFO: [ app_begin ] --END-- [ RunTime:0.000685s ]
INFO: [ view_parse ] --START--
INFO: [ template_filter ] --START--
INFO: Run Behavior\ContentReplaceBehavior [ RunTime:0.000053s ]
INFO: [ template_filter ] --END-- [ RunTime:0.000103s ]
INFO: Run Behavior\ParseTemplateBehavior [ RunTime:0.007794s ]
INFO: [ view_parse ] --END-- [ RunTime:0.007838s ]
INFO: [ view_filter ] --START--
INFO: Run Behavior\WriteHtmlCacheBehavior [ RunTime:0.000122s ]
INFO: [ view_filter ] --END-- [ RunTime:0.000158s ]
INFO: [ app_end ] --START--
INFO: Run Behavior\ShowPageTraceBehavior [ RunTime:0.000373s ]
INFO: [ app_end ] --END-- [ RunTime:0.000411s ]

[ 2016-05-06T09:28:12+08:00 ] 199.27.128.232 /admin.php/Home/Index/df1
INFO: [ app_begin ] --START--
INFO: Run Behavior\ReadHtmlCacheBehavior [ RunTime:0.000350s ]
INFO: [ app_begin ] --END-- [ RunTime:0.000601s ]
SQL: SHOW COLUMNS FROM `ot_system` [ RunTime:0.0014s ]
SQL: SELECT * FROM `ot_system` WHERE `SYS_ID` = 1 LIMIT 1   [ RunTime:0.0002s ]
SQL: SHOW COLUMNS FROM `ot_drrz` [ RunTime:0.0004s ]
SQL: SELECT * FROM `ot_drrz` WHERE `user` = 'admin' AND `leixin` = 1 ORDER BY id DESC LIMIT 2   [ RunTime:0.0002s ]
SQL: SHOW COLUMNS FROM `ot_user` [ RunTime:0.0018s ]
SQL: SELECT COUNT(UE_ID) AS tp_count FROM `ot_user` WHERE ( `UE_regTime`> '2016-05-06 00:00:00' AND `UE_regTime` < '2016-05-06 23:59:59' ) LIMIT 1   [ RunTime:0.0001s ]
SQL: SELECT COUNT(UE_ID) AS tp_count FROM `ot_user` WHERE ( `UE_activeTime`> '2016-05-06 00:00:00' AND `UE_activeTime` < '2016-05-06 23:59:59' ) LIMIT 1   [ RunTime:0.0001s ]
SQL: SELECT COUNT(UE_ID) AS tp_count FROM `ot_user` WHERE ( `UE_regTime`> '2016-05-05 00:00:00' AND `UE_regTime` < '2016-05-05 23:59:59' ) LIMIT 1   [ RunTime:0.0001s ]
SQL: SELECT COUNT(UE_ID) AS tp_count FROM `ot_user` WHERE ( `UE_activeTime`> '2016-05-05 00:00:00' AND `UE_activeTime` < '2016-05-05 23:59:59' ) LIMIT 1   [ RunTime:0.0001s ]
SQL: SELECT COUNT(UE_ID) AS tp_count FROM `ot_user` WHERE ( `UE_ID`> '0' ) LIMIT 1   [ RunTime:0.0001s ]
SQL: SELECT COUNT(UE_ID) AS tp_count FROM `ot_user` WHERE ( `UE_ID`> '0' AND `UE_check` = '1' ) LIMIT 1   [ RunTime:0.0001s ]
SQL: SELECT COUNT(UE_ID) AS tp_count FROM `ot_user` WHERE ( `UE_ID`> '0' AND `UE_check` = '1' AND `UE_stop` = '0' ) LIMIT 1   [ RunTime:0.0001s ]
SQL: SELECT SUM(UE_money) AS tp_sum FROM `ot_user` LIMIT 1   [ RunTime:0.0001s ]
SQL: SELECT SUM(ybhe) AS tp_sum FROM `ot_user` LIMIT 1   [ RunTime:0.0001s ]
SQL: SELECT SUM(zsbhe) AS tp_sum FROM `ot_user` LIMIT 1   [ RunTime:0.0001s ]
INFO: [ view_parse ] --START--
INFO: [ template_filter ] --START--
INFO: Run Behavior\ContentReplaceBehavior [ RunTime:0.000036s ]
INFO: [ template_filter ] --END-- [ RunTime:0.000077s ]
INFO: Run Behavior\ParseTemplateBehavior [ RunTime:0.005621s ]
INFO: [ view_parse ] --END-- [ RunTime:0.005660s ]
INFO: [ view_filter ] --START--
INFO: Run Behavior\WriteHtmlCacheBehavior [ RunTime:0.000112s ]
INFO: [ view_filter ] --END-- [ RunTime:0.000149s ]
INFO: [ app_end ] --START--
INFO: Run Behavior\ShowPageTraceBehavior [ RunTime:0.000381s ]
INFO: [ app_end ] --END-- [ RunTime:0.000422s ]

[ 2016-05-06T10:27:39+08:00 ] 199.27.128.232 /admin.php/Home/Index/userlist
INFO: [ app_begin ] --START--
INFO: Run Behavior\ReadHtmlCacheBehavior [ RunTime:0.000382s ]
INFO: [ app_begin ] --END-- [ RunTime:0.000645s ]
SQL: SHOW COLUMNS FROM `ot_user` [ RunTime:0.0023s ]
NOTIC: [8] Undefined variable: map /phpstudy/www/www.cngsoros.com/snadmin/Home/Controller/IndexController.class.php 第 295 行.
SQL: SELECT COUNT(*) AS tp_count FROM `ot_user` LIMIT 1   [ RunTime:0.0001s ]
NOTIC: [8] Undefined variable: map /phpstudy/www/www.cngsoros.com/snadmin/Home/Controller/IndexController.class.php 第 300 行.
SQL: SELECT * FROM `ot_user` ORDER BY UE_ID LIMIT 0,20   [ RunTime:0.0004s ]
INFO: [ view_parse ] --START--
INFO: [ template_filter ] --START--
INFO: Run Behavior\ContentReplaceBehavior [ RunTime:0.000047s ]
INFO: [ template_filter ] --END-- [ RunTime:0.000087s ]
SQL: SELECT COUNT(*) AS tp_count FROM `ot_user` WHERE `UE_regIP` = '127.0.0.1' LIMIT 1   [ RunTime:0.0002s ]
SQL: SELECT COUNT(*) AS tp_count FROM `ot_user` WHERE `UE_regIP` = '123.151.42.47' LIMIT 1   [ RunTime:0.0001s ]
SQL: SELECT COUNT(*) AS tp_count FROM `ot_user` WHERE `UE_regIP` = '14.156.245.8' LIMIT 1   [ RunTime:0.0001s ]
SQL: SELECT COUNT(*) AS tp_count FROM `ot_user` WHERE `UE_regIP` = '14.156.245.8' LIMIT 1   [ RunTime:0.0001s ]
SQL: SELECT COUNT(*) AS tp_count FROM `ot_user` WHERE `UE_regIP` = '117.136.40.177' LIMIT 1   [ RunTime:0.0001s ]
INFO: Run Behavior\ParseTemplateBehavior [ RunTime:0.010009s ]
INFO: [ view_parse ] --END-- [ RunTime:0.010058s ]
INFO: [ view_filter ] --START--
INFO: Run Behavior\WriteHtmlCacheBehavior [ RunTime:0.000122s ]
INFO: [ view_filter ] --END-- [ RunTime:0.000158s ]
INFO: [ app_end ] --START--
INFO: Run Behavior\ShowPageTraceBehavior [ RunTime:0.000433s ]
INFO: [ app_end ] --END-- [ RunTime:0.000476s ]

[ 2016-05-06T10:27:49+08:00 ] 199.27.128.232 /admin.php/Home/Index/ppdd_list
INFO: [ app_begin ] --START--
INFO: Run Behavior\ReadHtmlCacheBehavior [ RunTime:0.000361s ]
INFO: [ app_begin ] --END-- [ RunTime:0.000611s ]
SQL: SHOW COLUMNS FROM `ot_ppdd` [ RunTime:0.0009s ]
SQL: SELECT COUNT(*) AS tp_count FROM `ot_ppdd` WHERE `zt` <> 2 LIMIT 1   [ RunTime:0.0001s ]
SQL: SELECT * FROM `ot_ppdd` WHERE `zt` <> 2 ORDER BY date  LIMIT 0,20   [ RunTime:0.0001s ]
INFO: [ view_parse ] --START--
INFO: [ template_filter ] --START--
INFO: Run Behavior\ContentReplaceBehavior [ RunTime:0.000041s ]
INFO: [ template_filter ] --END-- [ RunTime:0.000083s ]
INFO: Run Behavior\ParseTemplateBehavior [ RunTime:0.025285s ]
INFO: [ view_parse ] --END-- [ RunTime:0.025333s ]
INFO: [ view_filter ] --START--
INFO: Run Behavior\WriteHtmlCacheBehavior [ RunTime:0.000110s ]
INFO: [ view_filter ] --END-- [ RunTime:0.000148s ]
INFO: [ app_end ] --START--
INFO: Run Behavior\ShowPageTraceBehavior [ RunTime:0.000397s ]
INFO: [ app_end ] --END-- [ RunTime:0.000440s ]

[ 2016-05-06T10:27:53+08:00 ] 199.27.128.232 /admin.php/Home/Index/tgbz_list
INFO: [ app_begin ] --START--
INFO: Run Behavior\ReadHtmlCacheBehavior [ RunTime:0.000349s ]
INFO: [ app_begin ] --END-- [ RunTime:0.000603s ]
SQL: SHOW COLUMNS FROM `ot_tgbz` [ RunTime:0.0008s ]
SQL: SELECT SUM(jb) AS tp_sum FROM `ot_tgbz` LIMIT 1   [ RunTime:0.0001s ]
SQL: SELECT SUM(jb) AS tp_sum FROM `ot_tgbz` WHERE `zt` = 1 LIMIT 1   [ RunTime:0.0001s ]
SQL: SELECT SUM(jb) AS tp_sum FROM `ot_tgbz` WHERE `zt` <> 1 LIMIT 1   [ RunTime:0.0001s ]
SQL: SELECT COUNT(*) AS tp_count FROM `ot_tgbz` WHERE `zt` = 0 LIMIT 1   [ RunTime:0.0001s ]
SQL: SELECT * FROM `ot_tgbz` WHERE `zt` = 0 ORDER BY date  LIMIT 0,20   [ RunTime:0.0002s ]
INFO: [ view_parse ] --START--
INFO: [ template_filter ] --START--
INFO: Run Behavior\ContentReplaceBehavior [ RunTime:0.000044s ]
INFO: [ template_filter ] --END-- [ RunTime:0.000089s ]
INFO: Run Behavior\ParseTemplateBehavior [ RunTime:0.025502s ]
INFO: [ view_parse ] --END-- [ RunTime:0.025544s ]
INFO: [ view_filter ] --START--
INFO: Run Behavior\WriteHtmlCacheBehavior [ RunTime:0.000109s ]
INFO: [ view_filter ] --END-- [ RunTime:0.000146s ]
INFO: [ app_end ] --START--
INFO: Run Behavior\ShowPageTraceBehavior [ RunTime:0.000367s ]
INFO: [ app_end ] --END-- [ RunTime:0.000408s ]

[ 2016-05-06T10:27:53+08:00 ] 199.27.128.232 /admin.php/Home/Index/tgbz_list?
INFO: [ app_begin ] --START--
INFO: Run Behavior\ReadHtmlCacheBehavior [ RunTime:0.000348s ]
INFO: [ app_begin ] --END-- [ RunTime:0.000599s ]
SQL: SHOW COLUMNS FROM `ot_tgbz` [ RunTime:0.0009s ]
SQL: SELECT SUM(jb) AS tp_sum FROM `ot_tgbz` LIMIT 1   [ RunTime:0.0001s ]
SQL: SELECT SUM(jb) AS tp_sum FROM `ot_tgbz` WHERE `zt` = 1 LIMIT 1   [ RunTime:0.0001s ]
SQL: SELECT SUM(jb) AS tp_sum FROM `ot_tgbz` WHERE `zt` <> 1 LIMIT 1   [ RunTime:0.0001s ]
SQL: SELECT COUNT(*) AS tp_count FROM `ot_tgbz` WHERE `zt` = 0 LIMIT 1   [ RunTime:0.0001s ]
SQL: SELECT * FROM `ot_tgbz` WHERE `zt` = 0 ORDER BY date  LIMIT 0,20   [ RunTime:0.0002s ]
INFO: [ view_parse ] --START--
INFO: [ template_filter ] --START--
INFO: Run Behavior\ContentReplaceBehavior [ RunTime:0.000046s ]
INFO: [ template_filter ] --END-- [ RunTime:0.000090s ]
INFO: Run Behavior\ParseTemplateBehavior [ RunTime:0.008023s ]
INFO: [ view_parse ] --END-- [ RunTime:0.008076s ]
INFO: [ view_filter ] --START--
INFO: Run Behavior\WriteHtmlCacheBehavior [ RunTime:0.000110s ]
INFO: [ view_filter ] --END-- [ RunTime:0.000147s ]
INFO: [ app_end ] --START--
INFO: Run Behavior\ShowPageTraceBehavior [ RunTime:0.000382s ]
INFO: [ app_end ] --END-- [ RunTime:0.000425s ]

[ 2016-05-06T10:28:06+08:00 ] 199.27.128.232 /admin.php/Home/Index/tgbz_list_sd/id/4/
INFO: [ app_begin ] --START--
INFO: Run Behavior\ReadHtmlCacheBehavior [ RunTime:0.000408s ]
INFO: [ app_begin ] --END-- [ RunTime:0.000678s ]
SQL: SHOW COLUMNS FROM `ot_tgbz` [ RunTime:0.0010s ]
SQL: SELECT * FROM `ot_tgbz` WHERE `id` = 4 LIMIT 1   [ RunTime:0.0002s ]
SQL: SHOW COLUMNS FROM `ot_jsbz` [ RunTime:0.0005s ]
SQL: SELECT COUNT(*) AS tp_count FROM `ot_jsbz` WHERE (  `zffs1` = '1' OR `zffs2` = '1' OR `zffs3` = '1' ) AND `zt` = 0 LIMIT 1   [ RunTime:0.0001s ]
SQL: SELECT * FROM `ot_jsbz` WHERE (  `zffs1` = '1' OR `zffs2` = '1' OR `zffs3` = '1' ) AND `zt` = 0 ORDER BY date  LIMIT 0,20   [ RunTime:0.0001s ]
INFO: [ view_parse ] --START--
INFO: [ template_filter ] --START--
INFO: Run Behavior\ContentReplaceBehavior [ RunTime:0.000045s ]
INFO: [ template_filter ] --END-- [ RunTime:0.000092s ]
NOTIC: [8] Use of undefined constant c - assumed 'c' /phpstudy/www/www.cngsoros.com/snadmin/Runtime/Cache/Home/33282565f5a32dccf2e530a76b535d4e.php 第 51 行.
NOTIC: [8] Use of undefined constant a - assumed 'a' /phpstudy/www/www.cngsoros.com/snadmin/Runtime/Cache/Home/33282565f5a32dccf2e530a76b535d4e.php 第 51 行.
NOTIC: [8] Use of undefined constant b - assumed 'b' /phpstudy/www/www.cngsoros.com/snadmin/Runtime/Cache/Home/33282565f5a32dccf2e530a76b535d4e.php 第 88 行.
NOTIC: [8] Use of undefined constant c - assumed 'c' /phpstudy/www/www.cngsoros.com/snadmin/Home/Common/function.php 第 179 行.
SQL: SHOW COLUMNS FROM `ot_ppdd` [ RunTime:0.0007s ]
NOTIC: [8] Use of undefined constant a - assumed 'a' /phpstudy/www/www.cngsoros.com/snadmin/Home/Common/function.php 第 181 行.
SQL: SELECT * FROM `ot_ppdd` WHERE `p_user` = '18623720555'  [ RunTime:0.0001s ]
INFO: Run Behavior\ParseTemplateBehavior [ RunTime:0.025799s ]
INFO: [ view_parse ] --END-- [ RunTime:0.025842s ]
INFO: [ view_filter ] --START--
INFO: Run Behavior\WriteHtmlCacheBehavior [ RunTime:0.000126s ]
INFO: [ view_filter ] --END-- [ RunTime:0.000163s ]
INFO: [ app_end ] --START--
INFO: Run Behavior\ShowPageTraceBehavior [ RunTime:0.000410s ]
INFO: [ app_end ] --END-- [ RunTime:0.000451s ]

[ 2016-05-06T10:28:13+08:00 ] 199.27.128.232 /admin.php/Home/Index/tgbz_list_sd_cl
INFO: [ app_begin ] --START--
INFO: Run Behavior\ReadHtmlCacheBehavior [ RunTime:0.000385s ]
INFO: [ app_begin ] --END-- [ RunTime:0.000656s ]
SQL: SHOW COLUMNS FROM `ot_tgbz` [ RunTime:0.0009s ]
SQL: SELECT * FROM `ot_tgbz` WHERE `id` = 4 LIMIT 1   [ RunTime:0.0002s ]
INFO: [ view_parse ] --START--
INFO: [ template_filter ] --START--
INFO: Run Behavior\ContentReplaceBehavior [ RunTime:0.000039s ]
INFO: [ template_filter ] --END-- [ RunTime:0.000087s ]
INFO: Run Behavior\ParseTemplateBehavior [ RunTime:0.006185s ]
INFO: [ view_parse ] --END-- [ RunTime:0.006232s ]
INFO: [ view_filter ] --START--
INFO: Run Behavior\WriteHtmlCacheBehavior [ RunTime:0.000124s ]
INFO: [ view_filter ] --END-- [ RunTime:0.000159s ]

[ 2016-05-06T10:28:18+08:00 ] 199.27.128.232 /admin.php/Home/Index/tgbz_list_sd_cl
INFO: [ app_begin ] --START--
INFO: Run Behavior\ReadHtmlCacheBehavior [ RunTime:0.000385s ]
INFO: [ app_begin ] --END-- [ RunTime:0.000644s ]
SQL: SHOW COLUMNS FROM `ot_tgbz` [ RunTime:0.0009s ]
SQL: SELECT * FROM `ot_tgbz` WHERE `id` = 4 LIMIT 1   [ RunTime:0.0002s ]
INFO: [ view_parse ] --START--
INFO: [ template_filter ] --START--
INFO: Run Behavior\ContentReplaceBehavior [ RunTime:0.000036s ]
INFO: [ template_filter ] --END-- [ RunTime:0.000082s ]
INFO: Run Behavior\ParseTemplateBehavior [ RunTime:0.005316s ]
INFO: [ view_parse ] --END-- [ RunTime:0.005362s ]
INFO: [ view_filter ] --START--
INFO: Run Behavior\WriteHtmlCacheBehavior [ RunTime:0.000112s ]
INFO: [ view_filter ] --END-- [ RunTime:0.000148s ]

[ 2016-05-06T10:28:21+08:00 ] 199.27.128.232 /admin.php/Home/Index/tgbz_list_cf
INFO: [ app_begin ] --START--
INFO: Run Behavior\ReadHtmlCacheBehavior [ RunTime:0.000391s ]
INFO: [ app_begin ] --END-- [ RunTime:0.000651s ]
SQL: SHOW COLUMNS FROM `ot_tgbz` [ RunTime:0.0009s ]
SQL: SELECT SUM(jb) AS tp_sum FROM `ot_tgbz` LIMIT 1   [ RunTime:0.0001s ]
SQL: SELECT SUM(jb) AS tp_sum FROM `ot_tgbz` WHERE `qr_zt` = 1 LIMIT 1   [ RunTime:0.0001s ]
SQL: SELECT SUM(jb) AS tp_sum FROM `ot_tgbz` WHERE `qr_zt` <> '1' LIMIT 1   [ RunTime:0.0001s ]
SQL: SELECT COUNT(*) AS tp_count FROM `ot_tgbz` WHERE `zt` = 0 LIMIT 1   [ RunTime:0.0001s ]
SQL: SELECT * FROM `ot_tgbz` WHERE `zt` = 0 ORDER BY id LIMIT 0,20   [ RunTime:0.0002s ]
INFO: [ view_parse ] --START--
INFO: [ template_filter ] --START--
INFO: Run Behavior\ContentReplaceBehavior [ RunTime:0.000038s ]
INFO: [ template_filter ] --END-- [ RunTime:0.000083s ]
INFO: Run Behavior\ParseTemplateBehavior [ RunTime:0.027165s ]
INFO: [ view_parse ] --END-- [ RunTime:0.027215s ]
INFO: [ view_filter ] --START--
INFO: Run Behavior\WriteHtmlCacheBehavior [ RunTime:0.000111s ]
INFO: [ view_filter ] --END-- [ RunTime:0.000148s ]
INFO: [ app_end ] --START--
INFO: Run Behavior\ShowPageTraceBehavior [ RunTime:0.000408s ]
INFO: [ app_end ] --END-- [ RunTime:0.000452s ]

[ 2016-05-06T10:28:28+08:00 ] 199.27.128.232 /admin.php/Home/Index/jsbz_list_cf
INFO: [ app_begin ] --START--
INFO: Run Behavior\ReadHtmlCacheBehavior [ RunTime:0.000360s ]
INFO: [ app_begin ] --END-- [ RunTime:0.000616s ]
SQL: SHOW COLUMNS FROM `ot_jsbz` [ RunTime:0.0009s ]
SQL: SELECT SUM(jb) AS tp_sum FROM `ot_jsbz` LIMIT 1   [ RunTime:0.0001s ]
SQL: SELECT SUM(jb) AS tp_sum FROM `ot_jsbz` WHERE `qr_zt` = 1 LIMIT 1   [ RunTime:0.0001s ]
SQL: SELECT SUM(jb) AS tp_sum FROM `ot_jsbz` WHERE `qr_zt` <> '1' LIMIT 1   [ RunTime:0.0001s ]
SQL: SELECT COUNT(*) AS tp_count FROM `ot_jsbz` WHERE `zt` = 0 LIMIT 1   [ RunTime:0.0001s ]
SQL: SELECT * FROM `ot_jsbz` WHERE `zt` = 0 ORDER BY id LIMIT 0,20   [ RunTime:0.0001s ]
INFO: [ view_parse ] --START--
INFO: [ template_filter ] --START--
INFO: Run Behavior\ContentReplaceBehavior [ RunTime:0.000043s ]
INFO: [ template_filter ] --END-- [ RunTime:0.000084s ]
INFO: Run Behavior\ParseTemplateBehavior [ RunTime:0.020320s ]
INFO: [ view_parse ] --END-- [ RunTime:0.020370s ]
INFO: [ view_filter ] --START--
INFO: Run Behavior\WriteHtmlCacheBehavior [ RunTime:0.000111s ]
INFO: [ view_filter ] --END-- [ RunTime:0.000148s ]
INFO: [ app_end ] --START--
INFO: Run Behavior\ShowPageTraceBehavior [ RunTime:0.000374s ]
INFO: [ app_end ] --END-- [ RunTime:0.000417s ]

[ 2016-05-06T10:28:38+08:00 ] 199.27.128.232 /admin.php/Home/Index/jsbz_list_cf_cl
INFO: [ app_begin ] --START--
INFO: Run Behavior\ReadHtmlCacheBehavior [ RunTime:0.000354s ]
INFO: [ app_begin ] --END-- [ RunTime:0.000605s ]
SQL: SHOW COLUMNS FROM `ot_jsbz` [ RunTime:0.0009s ]
SQL: SELECT * FROM `ot_jsbz` WHERE `id` = 1 LIMIT 1   [ RunTime:0.0002s ]
SQL: SELECT * FROM `ot_jsbz` WHERE `id` = 1 LIMIT 1   [ RunTime:0.0001s ]
SQL: INSERT INTO `ot_jsbz` (`zffs1`,`zffs2`,`zffs3`,`user`,`jb`,`user_nc`,`user_tjr`,`date`,`zt`,`qr_zt`) VALUES ('1','1','1','admin@qq.com','5000','财富导师','','2016-05-06 10:27:32','0','0') [ RunTime:0.0002s ]
SQL: INSERT INTO `ot_jsbz` (`zffs1`,`zffs2`,`zffs3`,`user`,`jb`,`user_nc`,`user_tjr`,`date`,`zt`,`qr_zt`) VALUES ('1','1','1','admin@qq.com','1000','财富导师','','2016-05-06 10:27:32','0','0') [ RunTime:0.0001s ]
SQL: DELETE FROM `ot_jsbz` WHERE `id` = 1 [ RunTime:0.0001s ]
INFO: [ view_parse ] --START--
INFO: [ template_filter ] --START--
INFO: Run Behavior\ContentReplaceBehavior [ RunTime:0.000036s ]
INFO: [ template_filter ] --END-- [ RunTime:0.000077s ]
INFO: Run Behavior\ParseTemplateBehavior [ RunTime:0.005079s ]
INFO: [ view_parse ] --END-- [ RunTime:0.005118s ]
INFO: [ view_filter ] --START--
INFO: Run Behavior\WriteHtmlCacheBehavior [ RunTime:0.000109s ]
INFO: [ view_filter ] --END-- [ RunTime:0.000146s ]
INFO: [ app_end ] --START--
INFO: Run Behavior\ShowPageTraceBehavior [ RunTime:0.000371s ]
INFO: [ app_end ] --END-- [ RunTime:0.000411s ]

[ 2016-05-06T10:28:40+08:00 ] 199.27.128.232 /admin.php/Home/Index/jsbz_list_cf
INFO: [ app_begin ] --START--
INFO: Run Behavior\ReadHtmlCacheBehavior [ RunTime:0.000374s ]
INFO: [ app_begin ] --END-- [ RunTime:0.000627s ]
SQL: SHOW COLUMNS FROM `ot_jsbz` [ RunTime:0.0007s ]
SQL: SELECT SUM(jb) AS tp_sum FROM `ot_jsbz` LIMIT 1   [ RunTime:0.0001s ]
SQL: SELECT SUM(jb) AS tp_sum FROM `ot_jsbz` WHERE `qr_zt` = 1 LIMIT 1   [ RunTime:0.0001s ]
SQL: SELECT SUM(jb) AS tp_sum FROM `ot_jsbz` WHERE `qr_zt` <> '1' LIMIT 1   [ RunTime:0.0001s ]
SQL: SELECT COUNT(*) AS tp_count FROM `ot_jsbz` WHERE `zt` = 0 LIMIT 1   [ RunTime:0.0001s ]
SQL: SELECT * FROM `ot_jsbz` WHERE `zt` = 0 ORDER BY id LIMIT 0,20   [ RunTime:0.0001s ]
INFO: [ view_parse ] --START--
INFO: [ template_filter ] --START--
INFO: Run Behavior\ContentReplaceBehavior [ RunTime:0.000043s ]
INFO: [ template_filter ] --END-- [ RunTime:0.000082s ]
INFO: Run Behavior\ParseTemplateBehavior [ RunTime:0.006802s ]
INFO: [ view_parse ] --END-- [ RunTime:0.006842s ]
INFO: [ view_filter ] --START--
INFO: Run Behavior\WriteHtmlCacheBehavior [ RunTime:0.000107s ]
INFO: [ view_filter ] --END-- [ RunTime:0.000144s ]
INFO: [ app_end ] --START--
INFO: Run Behavior\ShowPageTraceBehavior [ RunTime:0.000358s ]
INFO: [ app_end ] --END-- [ RunTime:0.000399s ]

[ 2016-05-06T10:28:43+08:00 ] 199.27.128.232 /admin.php/Home/Index/tgbz_list_cf
INFO: [ app_begin ] --START--
INFO: Run Behavior\ReadHtmlCacheBehavior [ RunTime:0.000395s ]
INFO: [ app_begin ] --END-- [ RunTime:0.000654s ]
SQL: SHOW COLUMNS FROM `ot_tgbz` [ RunTime:0.0009s ]
SQL: SELECT SUM(jb) AS tp_sum FROM `ot_tgbz` LIMIT 1   [ RunTime:0.0001s ]
SQL: SELECT SUM(jb) AS tp_sum FROM `ot_tgbz` WHERE `qr_zt` = 1 LIMIT 1   [ RunTime:0.0001s ]
SQL: SELECT SUM(jb) AS tp_sum FROM `ot_tgbz` WHERE `qr_zt` <> '1' LIMIT 1   [ RunTime:0.0001s ]
SQL: SELECT COUNT(*) AS tp_count FROM `ot_tgbz` WHERE `zt` = 0 LIMIT 1   [ RunTime:0.0001s ]
SQL: SELECT * FROM `ot_tgbz` WHERE `zt` = 0 ORDER BY id LIMIT 0,20   [ RunTime:0.0002s ]
INFO: [ view_parse ] --START--
INFO: [ template_filter ] --START--
INFO: Run Behavior\ContentReplaceBehavior [ RunTime:0.000039s ]
INFO: [ template_filter ] --END-- [ RunTime:0.000081s ]
INFO: Run Behavior\ParseTemplateBehavior [ RunTime:0.007240s ]
INFO: [ view_parse ] --END-- [ RunTime:0.007288s ]
INFO: [ view_filter ] --START--
INFO: Run Behavior\WriteHtmlCacheBehavior [ RunTime:0.000110s ]
INFO: [ view_filter ] --END-- [ RunTime:0.000148s ]
INFO: [ app_end ] --START--
INFO: Run Behavior\ShowPageTraceBehavior [ RunTime:0.000394s ]
INFO: [ app_end ] --END-- [ RunTime:0.000438s ]

[ 2016-05-06T10:28:46+08:00 ] 199.27.128.232 /admin.php/Home/Index/jsbz_list
INFO: [ app_begin ] --START--
INFO: Run Behavior\ReadHtmlCacheBehavior [ RunTime:0.000393s ]
INFO: [ app_begin ] --END-- [ RunTime:0.000659s ]
SQL: SHOW COLUMNS FROM `ot_jsbz` [ RunTime:0.0008s ]
SQL: SELECT SUM(jb) AS tp_sum FROM `ot_jsbz` LIMIT 1   [ RunTime:0.0001s ]
SQL: SELECT SUM(jb) AS tp_sum FROM `ot_jsbz` WHERE `zt` = 1 LIMIT 1   [ RunTime:0.0001s ]
SQL: SELECT SUM(jb) AS tp_sum FROM `ot_jsbz` WHERE `zt` <> '1' LIMIT 1   [ RunTime:0.0001s ]
SQL: SELECT COUNT(*) AS tp_count FROM `ot_jsbz` WHERE `zt` = 0 LIMIT 1   [ RunTime:0.0001s ]
SQL: SELECT * FROM `ot_jsbz` WHERE `zt` = 0 ORDER BY date  LIMIT 0,20   [ RunTime:0.0001s ]
INFO: [ view_parse ] --START--
INFO: [ template_filter ] --START--
INFO: Run Behavior\ContentReplaceBehavior [ RunTime:0.000047s ]
INFO: [ template_filter ] --END-- [ RunTime:0.000095s ]
INFO: Run Behavior\ParseTemplateBehavior [ RunTime:0.049434s ]
INFO: [ view_parse ] --END-- [ RunTime:0.049482s ]
INFO: [ view_filter ] --START--
INFO: Run Behavior\WriteHtmlCacheBehavior [ RunTime:0.000123s ]
INFO: [ view_filter ] --END-- [ RunTime:0.000160s ]
INFO: [ app_end ] --START--
INFO: Run Behavior\ShowPageTraceBehavior [ RunTime:0.000394s ]
INFO: [ app_end ] --END-- [ RunTime:0.000437s ]

[ 2016-05-06T10:28:48+08:00 ] 199.27.129.23 /admin.php/Home/Index/jsbz_list
INFO: [ app_begin ] --START--
INFO: Run Behavior\ReadHtmlCacheBehavior [ RunTime:0.000349s ]
INFO: [ app_begin ] --END-- [ RunTime:0.000595s ]
INFO: [ view_parse ] --START--
INFO: [ template_filter ] --START--
INFO: Run Behavior\ContentReplaceBehavior [ RunTime:0.000033s ]
INFO: [ template_filter ] --END-- [ RunTime:0.000074s ]
INFO: Run Behavior\ParseTemplateBehavior [ RunTime:0.004835s ]
INFO: [ view_parse ] --END-- [ RunTime:0.004875s ]
INFO: [ view_filter ] --START--
INFO: Run Behavior\WriteHtmlCacheBehavior [ RunTime:0.000114s ]
INFO: [ view_filter ] --END-- [ RunTime:0.000150s ]

[ 2016-05-06T10:28:49+08:00 ] 199.27.128.232 /admin.php/Home/Index/tgbz_list
INFO: [ app_begin ] --START--
INFO: Run Behavior\ReadHtmlCacheBehavior [ RunTime:0.000391s ]
INFO: [ app_begin ] --END-- [ RunTime:0.000663s ]
SQL: SHOW COLUMNS FROM `ot_tgbz` [ RunTime:0.0009s ]
SQL: SELECT SUM(jb) AS tp_sum FROM `ot_tgbz` LIMIT 1   [ RunTime:0.0001s ]
SQL: SELECT SUM(jb) AS tp_sum FROM `ot_tgbz` WHERE `zt` = 1 LIMIT 1   [ RunTime:0.0001s ]
SQL: SELECT SUM(jb) AS tp_sum FROM `ot_tgbz` WHERE `zt` <> 1 LIMIT 1   [ RunTime:0.0001s ]
SQL: SELECT COUNT(*) AS tp_count FROM `ot_tgbz` WHERE `zt` = 0 LIMIT 1   [ RunTime:0.0001s ]
SQL: SELECT * FROM `ot_tgbz` WHERE `zt` = 0 ORDER BY date  LIMIT 0,20   [ RunTime:0.0002s ]
INFO: [ view_parse ] --START--
INFO: [ template_filter ] --START--
INFO: Run Behavior\ContentReplaceBehavior [ RunTime:0.000048s ]
INFO: [ template_filter ] --END-- [ RunTime:0.000097s ]
INFO: Run Behavior\ParseTemplateBehavior [ RunTime:0.008916s ]
INFO: [ view_parse ] --END-- [ RunTime:0.008969s ]
INFO: [ view_filter ] --START--
INFO: Run Behavior\WriteHtmlCacheBehavior [ RunTime:0.000124s ]
INFO: [ view_filter ] --END-- [ RunTime:0.000162s ]
INFO: [ app_end ] --START--
INFO: Run Behavior\ShowPageTraceBehavior [ RunTime:0.000394s ]
INFO: [ app_end ] --END-- [ RunTime:0.000440s ]

[ 2016-05-06T10:28:52+08:00 ] 199.27.128.232 /admin.php/Home/Index/tgbz_list_sd/id/4/
INFO: [ app_begin ] --START--
INFO: Run Behavior\ReadHtmlCacheBehavior [ RunTime:0.000423s ]
INFO: [ app_begin ] --END-- [ RunTime:0.000692s ]
SQL: SHOW COLUMNS FROM `ot_tgbz` [ RunTime:0.0010s ]
SQL: SELECT * FROM `ot_tgbz` WHERE `id` = 4 LIMIT 1   [ RunTime:0.0002s ]
SQL: SHOW COLUMNS FROM `ot_jsbz` [ RunTime:0.0005s ]
SQL: SELECT COUNT(*) AS tp_count FROM `ot_jsbz` WHERE (  `zffs1` = '1' OR `zffs2` = '1' OR `zffs3` = '1' ) AND `zt` = 0 LIMIT 1   [ RunTime:0.0001s ]
SQL: SELECT * FROM `ot_jsbz` WHERE (  `zffs1` = '1' OR `zffs2` = '1' OR `zffs3` = '1' ) AND `zt` = 0 ORDER BY date  LIMIT 0,20   [ RunTime:0.0002s ]
INFO: [ view_parse ] --START--
INFO: [ template_filter ] --START--
INFO: Run Behavior\ContentReplaceBehavior [ RunTime:0.000047s ]
INFO: [ template_filter ] --END-- [ RunTime:0.000093s ]
NOTIC: [8] Use of undefined constant c - assumed 'c' /phpstudy/www/www.cngsoros.com/snadmin/Runtime/Cache/Home/33282565f5a32dccf2e530a76b535d4e.php 第 51 行.
NOTIC: [8] Use of undefined constant a - assumed 'a' /phpstudy/www/www.cngsoros.com/snadmin/Runtime/Cache/Home/33282565f5a32dccf2e530a76b535d4e.php 第 51 行.
NOTIC: [8] Use of undefined constant b - assumed 'b' /phpstudy/www/www.cngsoros.com/snadmin/Runtime/Cache/Home/33282565f5a32dccf2e530a76b535d4e.php 第 88 行.
NOTIC: [8] Use of undefined constant c - assumed 'c' /phpstudy/www/www.cngsoros.com/snadmin/Home/Common/function.php 第 179 行.
SQL: SHOW COLUMNS FROM `ot_ppdd` [ RunTime:0.0006s ]
NOTIC: [8] Use of undefined constant a - assumed 'a' /phpstudy/www/www.cngsoros.com/snadmin/Home/Common/function.php 第 181 行.
SQL: SELECT * FROM `ot_ppdd` WHERE `p_user` = '18623720555'  [ RunTime:0.0001s ]
NOTIC: [8] Use of undefined constant b - assumed 'b' /phpstudy/www/www.cngsoros.com/snadmin/Runtime/Cache/Home/33282565f5a32dccf2e530a76b535d4e.php 第 88 行.
NOTIC: [8] Use of undefined constant c - assumed 'c' /phpstudy/www/www.cngsoros.com/snadmin/Home/Common/function.php 第 179 行.
NOTIC: [8] Use of undefined constant a - assumed 'a' /phpstudy/www/www.cngsoros.com/snadmin/Home/Common/function.php 第 181 行.
SQL: SELECT * FROM `ot_ppdd` WHERE `p_user` = '18623720555'  [ RunTime:0.0001s ]
INFO: Run Behavior\ParseTemplateBehavior [ RunTime:0.011157s ]
INFO: [ view_parse ] --END-- [ RunTime:0.011199s ]
INFO: [ view_filter ] --START--
INFO: Run Behavior\WriteHtmlCacheBehavior [ RunTime:0.000125s ]
INFO: [ view_filter ] --END-- [ RunTime:0.000162s ]
INFO: [ app_end ] --START--
INFO: Run Behavior\ShowPageTraceBehavior [ RunTime:0.000432s ]
INFO: [ app_end ] --END-- [ RunTime:0.000474s ]

[ 2016-05-06T10:29:00+08:00 ] 199.27.128.232 /admin.php/Home/Index/tgbz_list_sd_cl
INFO: [ app_begin ] --START--
INFO: Run Behavior\ReadHtmlCacheBehavior [ RunTime:0.000379s ]
INFO: [ app_begin ] --END-- [ RunTime:0.000645s ]
SQL: SHOW COLUMNS FROM `ot_tgbz` [ RunTime:0.0010s ]
SQL: SELECT * FROM `ot_tgbz` WHERE `id` = 4 LIMIT 1   [ RunTime:0.0002s ]
SQL: SHOW COLUMNS FROM `ot_jsbz` [ RunTime:0.0005s ]
SQL: SELECT * FROM `ot_jsbz` WHERE `id` = 2 LIMIT 1   [ RunTime:0.0001s ]
SQL: SELECT * FROM `ot_jsbz` WHERE `id` = 0 LIMIT 1   [ RunTime:0.0001s ]
SQL: SELECT * FROM `ot_jsbz` WHERE `id` = 2 AND `zt` = 0 LIMIT 1   [ RunTime:0.0001s ]
SQL: SELECT * FROM `ot_tgbz` WHERE `id` = 4 LIMIT 1   [ RunTime:0.0001s ]
SQL: SHOW COLUMNS FROM `ot_user` [ RunTime:0.0020s ]
SQL: UPDATE `ot_user` SET `pp_user`='admin@qq.com' WHERE `UE_account` = '18623720555' [ RunTime:0.0002s ]
SQL: UPDATE `ot_user` SET `pp_user`='18623720555' WHERE `UE_account` = 'admin@qq.com' [ RunTime:0.0001s ]
SQL: UPDATE `ot_tgbz` SET `zt`='1' WHERE `id` = 4 AND `zt` = 0 [ RunTime:0.0001s ]
SQL: UPDATE `ot_jsbz` SET `zt`='1' WHERE `id` = 2 AND `zt` = 0 [ RunTime:0.0001s ]
SQL: SHOW COLUMNS FROM `ot_ppdd` [ RunTime:0.0006s ]
SQL: INSERT INTO `ot_ppdd` (`p_id`,`g_id`,`jb`,`p_user`,`g_user`,`date`,`zt`,`pic`,`zffs1`,`zffs2`,`zffs3`) VALUES ('4','2','5000','18623720555','admin@qq.com','2016-05-06 10:28:59','0','0','1','1','1') [ RunTime:0.0002s ]
SQL: SELECT * FROM `ot_user` WHERE `UE_account` = 'admin@qq.com' LIMIT 1   [ RunTime:0.0003s ]
NOTIC: [8] Undefined variable: arr /phpstudy/www/www.cngsoros.com/snadmin/Home/Common/function.php 第 348 行.
SQL: SELECT * FROM `ot_user` WHERE `UE_account` = '18623720555' LIMIT 1   [ RunTime:0.0002s ]
NOTIC: [8] Undefined variable: arr /phpstudy/www/www.cngsoros.com/snadmin/Home/Common/function.php 第 348 行.
SQL: UPDATE `ot_tgbz` SET `cf_ds`=cf_ds+1 WHERE `id` = 4 [ RunTime:0.0002s ]
SQL: SELECT * FROM `ot_tgbz` WHERE `id` = 4 LIMIT 1   [ RunTime:0.0001s ]
SQL: SELECT * FROM `ot_ppdd` WHERE `p_id` = '4'  [ RunTime:0.0001s ]
SQL: INSERT INTO `ot_tgbz` (`zffs1`,`zffs2`,`zffs3`,`user`,`jb`,`user_nc`,`user_tjr`,`date`,`zt`,`qr_zt`) VALUES ('1','1','1','18623720555','5000','飞龙在天','admin@qq.com','2016-05-02 20:02:54','1','0') [ RunTime:0.0001s ]
SQL: UPDATE `ot_ppdd` SET `p_id`='5' WHERE `id` = 1 [ RunTime:0.0001s ]
SQL: DELETE FROM `ot_tgbz` WHERE `id` = 4 [ RunTime:0.0001s ]
NOTIC: [8] Undefined variable: usercf /phpstudy/www/www.cngsoros.com/snadmin/Home/Controller/IndexController.class.php 第 1373 行.
INFO: [ view_parse ] --START--
INFO: [ template_filter ] --START--
INFO: Run Behavior\ContentReplaceBehavior [ RunTime:0.000038s ]
INFO: [ template_filter ] --END-- [ RunTime:0.000084s ]
INFO: Run Behavior\ParseTemplateBehavior [ RunTime:0.005234s ]
INFO: [ view_parse ] --END-- [ RunTime:0.005278s ]
INFO: [ view_filter ] --START--
INFO: Run Behavior\WriteHtmlCacheBehavior [ RunTime:0.000110s ]
INFO: [ view_filter ] --END-- [ RunTime:0.000146s ]
INFO: [ app_end ] --START--
INFO: Run Behavior\ShowPageTraceBehavior [ RunTime:0.000403s ]
INFO: [ app_end ] --END-- [ RunTime:0.000446s ]

[ 2016-05-06T10:29:02+08:00 ] 199.27.128.232 /admin.php/Home/Index/tgbz_list_sd/id/4/
INFO: [ app_begin ] --START--
INFO: Run Behavior\ReadHtmlCacheBehavior [ RunTime:0.000366s ]
INFO: [ app_begin ] --END-- [ RunTime:0.000622s ]
SQL: SHOW COLUMNS FROM `ot_tgbz` [ RunTime:0.0009s ]
SQL: SELECT * FROM `ot_tgbz` WHERE `id` = 4 LIMIT 1   [ RunTime:0.0002s ]
SQL: SHOW COLUMNS FROM `ot_jsbz` [ RunTime:0.0005s ]
SQL: SELECT COUNT(*) AS tp_count FROM `ot_jsbz` WHERE (  `zffs1` = '5' OR `zffs2` = '5' OR `zffs3` = '5' ) AND `zt` = 0 LIMIT 1   [ RunTime:0.0001s ]
SQL: SELECT * FROM `ot_jsbz` WHERE (  `zffs1` = '5' OR `zffs2` = '5' OR `zffs3` = '5' ) AND `zt` = 0 ORDER BY date  LIMIT 0,20   [ RunTime:0.0002s ]
INFO: [ view_parse ] --START--
INFO: [ template_filter ] --START--
INFO: Run Behavior\ContentReplaceBehavior [ RunTime:0.000042s ]
INFO: [ template_filter ] --END-- [ RunTime:0.000085s ]
NOTIC: [8] Use of undefined constant c - assumed 'c' /phpstudy/www/www.cngsoros.com/snadmin/Runtime/Cache/Home/33282565f5a32dccf2e530a76b535d4e.php 第 51 行.
NOTIC: [8] Use of undefined constant a - assumed 'a' /phpstudy/www/www.cngsoros.com/snadmin/Runtime/Cache/Home/33282565f5a32dccf2e530a76b535d4e.php 第 51 行.
INFO: Run Behavior\ParseTemplateBehavior [ RunTime:0.008840s ]
INFO: [ view_parse ] --END-- [ RunTime:0.008880s ]
INFO: [ view_filter ] --START--
INFO: Run Behavior\WriteHtmlCacheBehavior [ RunTime:0.000111s ]
INFO: [ view_filter ] --END-- [ RunTime:0.000148s ]
INFO: [ app_end ] --START--
INFO: Run Behavior\ShowPageTraceBehavior [ RunTime:0.000386s ]
INFO: [ app_end ] --END-- [ RunTime:0.000430s ]

[ 2016-05-06T10:29:04+08:00 ] 199.27.128.232 /admin.php/Home/Index/jsbz_list
INFO: [ app_begin ] --START--
INFO: Run Behavior\ReadHtmlCacheBehavior [ RunTime:0.000371s ]
INFO: [ app_begin ] --END-- [ RunTime:0.000627s ]
SQL: SHOW COLUMNS FROM `ot_jsbz` [ RunTime:0.0041s ]
SQL: SELECT SUM(jb) AS tp_sum FROM `ot_jsbz` LIMIT 1   [ RunTime:0.0001s ]
SQL: SELECT SUM(jb) AS tp_sum FROM `ot_jsbz` WHERE `zt` = 1 LIMIT 1   [ RunTime:0.0001s ]
SQL: SELECT SUM(jb) AS tp_sum FROM `ot_jsbz` WHERE `zt` <> '1' LIMIT 1   [ RunTime:0.0001s ]
SQL: SELECT COUNT(*) AS tp_count FROM `ot_jsbz` WHERE `zt` = 0 LIMIT 1   [ RunTime:0.0001s ]
SQL: SELECT * FROM `ot_jsbz` WHERE `zt` = 0 ORDER BY date  LIMIT 0,20   [ RunTime:0.0001s ]
INFO: [ view_parse ] --START--
INFO: [ template_filter ] --START--
INFO: Run Behavior\ContentReplaceBehavior [ RunTime:0.000042s ]
INFO: [ template_filter ] --END-- [ RunTime:0.000085s ]
INFO: Run Behavior\ParseTemplateBehavior [ RunTime:0.008346s ]
INFO: [ view_parse ] --END-- [ RunTime:0.008390s ]
INFO: [ view_filter ] --START--
INFO: Run Behavior\WriteHtmlCacheBehavior [ RunTime:0.000111s ]
INFO: [ view_filter ] --END-- [ RunTime:0.000147s ]
INFO: [ app_end ] --START--
INFO: Run Behavior\ShowPageTraceBehavior [ RunTime:0.000399s ]
INFO: [ app_end ] --END-- [ RunTime:0.000443s ]

[ 2016-05-06T10:29:08+08:00 ] 199.27.128.232 /admin.php/Home/Index/userlist
INFO: [ app_begin ] --START--
INFO: Run Behavior\ReadHtmlCacheBehavior [ RunTime:0.000377s ]
INFO: [ app_begin ] --END-- [ RunTime:0.000635s ]
SQL: SHOW COLUMNS FROM `ot_user` [ RunTime:0.0023s ]
NOTIC: [8] Undefined variable: map /phpstudy/www/www.cngsoros.com/snadmin/Home/Controller/IndexController.class.php 第 295 行.
SQL: SELECT COUNT(*) AS tp_count FROM `ot_user` LIMIT 1   [ RunTime:0.0001s ]
NOTIC: [8] Undefined variable: map /phpstudy/www/www.cngsoros.com/snadmin/Home/Controller/IndexController.class.php 第 300 行.
SQL: SELECT * FROM `ot_user` ORDER BY UE_ID LIMIT 0,20   [ RunTime:0.0003s ]
INFO: [ view_parse ] --START--
INFO: [ template_filter ] --START--
INFO: Run Behavior\ContentReplaceBehavior [ RunTime:0.000043s ]
INFO: [ template_filter ] --END-- [ RunTime:0.000084s ]
SQL: SELECT COUNT(*) AS tp_count FROM `ot_user` WHERE `UE_regIP` = '127.0.0.1' LIMIT 1   [ RunTime:0.0002s ]
SQL: SELECT COUNT(*) AS tp_count FROM `ot_user` WHERE `UE_regIP` = '123.151.42.47' LIMIT 1   [ RunTime:0.0001s ]
SQL: SELECT COUNT(*) AS tp_count FROM `ot_user` WHERE `UE_regIP` = '14.156.245.8' LIMIT 1   [ RunTime:0.0001s ]
SQL: SELECT COUNT(*) AS tp_count FROM `ot_user` WHERE `UE_regIP` = '14.156.245.8' LIMIT 1   [ RunTime:0.0001s ]
SQL: SELECT COUNT(*) AS tp_count FROM `ot_user` WHERE `UE_regIP` = '117.136.40.177' LIMIT 1   [ RunTime:0.0001s ]
INFO: Run Behavior\ParseTemplateBehavior [ RunTime:0.009217s ]
INFO: [ view_parse ] --END-- [ RunTime:0.009261s ]
INFO: [ view_filter ] --START--
INFO: Run Behavior\WriteHtmlCacheBehavior [ RunTime:0.000118s ]
INFO: [ view_filter ] --END-- [ RunTime:0.000155s ]
INFO: [ app_end ] --START--
INFO: Run Behavior\ShowPageTraceBehavior [ RunTime:0.000401s ]
INFO: [ app_end ] --END-- [ RunTime:0.000446s ]

[ 2016-05-06T10:29:09+08:00 ] 199.27.128.232 /admin.php/Home/Shop/ly_list/type/1/
INFO: [ app_begin ] --START--
INFO: Run Behavior\ReadHtmlCacheBehavior [ RunTime:0.000374s ]
INFO: [ app_begin ] --END-- [ RunTime:0.000629s ]
SQL: SHOW COLUMNS FROM `ot_message` [ RunTime:0.0167s ]
SQL: SELECT COUNT(*) AS tp_count FROM `ot_message` WHERE `zt` = 1 LIMIT 1   [ RunTime:0.0001s ]
SQL: SELECT * FROM `ot_message` WHERE `zt` = 1 ORDER BY MA_ID DESC LIMIT 0,100   [ RunTime:0.0001s ]
SQL: SHOW COLUMNS FROM `ot_user` [ RunTime:0.0019s ]
SQL: SELECT * FROM `ot_user` WHERE `UE_ID` = 1 LIMIT 1   [ RunTime:0.0003s ]
INFO: [ view_parse ] --START--
INFO: [ template_filter ] --START--
INFO: Run Behavior\ContentReplaceBehavior [ RunTime:0.000039s ]
INFO: [ template_filter ] --END-- [ RunTime:0.000080s ]
INFO: Run Behavior\ParseTemplateBehavior [ RunTime:0.023982s ]
INFO: [ view_parse ] --END-- [ RunTime:0.024024s ]
INFO: [ view_filter ] --START--
INFO: Run Behavior\WriteHtmlCacheBehavior [ RunTime:0.000119s ]
INFO: [ view_filter ] --END-- [ RunTime:0.000156s ]
INFO: [ app_end ] --START--
INFO: Run Behavior\ShowPageTraceBehavior [ RunTime:0.000407s ]
INFO: [ app_end ] --END-- [ RunTime:0.000447s ]

[ 2016-05-06T10:29:11+08:00 ] 199.27.128.232 /admin.php/Home/Index/jsbz_list
INFO: [ app_begin ] --START--
INFO: Run Behavior\ReadHtmlCacheBehavior [ RunTime:0.000356s ]
INFO: [ app_begin ] --END-- [ RunTime:0.000611s ]
SQL: SHOW COLUMNS FROM `ot_jsbz` [ RunTime:0.0008s ]
SQL: SELECT SUM(jb) AS tp_sum FROM `ot_jsbz` LIMIT 1   [ RunTime:0.0001s ]
SQL: SELECT SUM(jb) AS tp_sum FROM `ot_jsbz` WHERE `zt` = 1 LIMIT 1   [ RunTime:0.0001s ]
SQL: SELECT SUM(jb) AS tp_sum FROM `ot_jsbz` WHERE `zt` <> '1' LIMIT 1   [ RunTime:0.0001s ]
SQL: SELECT COUNT(*) AS tp_count FROM `ot_jsbz` WHERE `zt` = 0 LIMIT 1   [ RunTime:0.0001s ]
SQL: SELECT * FROM `ot_jsbz` WHERE `zt` = 0 ORDER BY date  LIMIT 0,20   [ RunTime:0.0001s ]
INFO: [ view_parse ] --START--
INFO: [ template_filter ] --START--
INFO: Run Behavior\ContentReplaceBehavior [ RunTime:0.000041s ]
INFO: [ template_filter ] --END-- [ RunTime:0.000084s ]
INFO: Run Behavior\ParseTemplateBehavior [ RunTime:0.008098s ]
INFO: [ view_parse ] --END-- [ RunTime:0.008141s ]
INFO: [ view_filter ] --START--
INFO: Run Behavior\WriteHtmlCacheBehavior [ RunTime:0.000109s ]
INFO: [ view_filter ] --END-- [ RunTime:0.000146s ]
INFO: [ app_end ] --START--
INFO: Run Behavior\ShowPageTraceBehavior [ RunTime:0.000377s ]
INFO: [ app_end ] --END-- [ RunTime:0.000419s ]

[ 2016-05-06T10:29:16+08:00 ] 199.27.128.232 /admin.php/Home/Index/ppdd_list/cz/1/
INFO: [ app_begin ] --START--
INFO: Run Behavior\ReadHtmlCacheBehavior [ RunTime:0.000344s ]
INFO: [ app_begin ] --END-- [ RunTime:0.000591s ]
SQL: SHOW COLUMNS FROM `ot_ppdd` [ RunTime:0.0009s ]
SQL: SELECT COUNT(*) AS tp_count FROM `ot_ppdd` WHERE `zt` = 2 LIMIT 1   [ RunTime:0.0001s ]
SQL: SELECT * FROM `ot_ppdd` WHERE `zt` = 2 ORDER BY date  LIMIT 0,20   [ RunTime:0.0001s ]
INFO: [ view_parse ] --START--
INFO: [ template_filter ] --START--
INFO: Run Behavior\ContentReplaceBehavior [ RunTime:0.000039s ]
INFO: [ template_filter ] --END-- [ RunTime:0.000093s ]
INFO: Run Behavior\ParseTemplateBehavior [ RunTime:0.007259s ]
INFO: [ view_parse ] --END-- [ RunTime:0.007308s ]
INFO: [ view_filter ] --START--
INFO: Run Behavior\WriteHtmlCacheBehavior [ RunTime:0.000112s ]
INFO: [ view_filter ] --END-- [ RunTime:0.000148s ]
INFO: [ app_end ] --START--
INFO: Run Behavior\ShowPageTraceBehavior [ RunTime:0.000395s ]
INFO: [ app_end ] --END-- [ RunTime:0.000438s ]

[ 2016-05-06T10:34:40+08:00 ] 199.27.129.23 /admin.php/Home/Login
INFO: [ app_begin ] --START--
INFO: Run Behavior\ReadHtmlCacheBehavior [ RunTime:0.000415s ]
INFO: [ app_begin ] --END-- [ RunTime:0.000697s ]
INFO: [ view_parse ] --START--
INFO: [ template_filter ] --START--
INFO: Run Behavior\ContentReplaceBehavior [ RunTime:0.000046s ]
INFO: [ template_filter ] --END-- [ RunTime:0.000093s ]
INFO: Run Behavior\ParseTemplateBehavior [ RunTime:0.005817s ]
INFO: [ view_parse ] --END-- [ RunTime:0.005862s ]
INFO: [ view_filter ] --START--
INFO: Run Behavior\WriteHtmlCacheBehavior [ RunTime:0.000110s ]
INFO: [ view_filter ] --END-- [ RunTime:0.000148s ]
INFO: [ app_end ] --START--
INFO: Run Behavior\ShowPageTraceBehavior [ RunTime:0.000378s ]
INFO: [ app_end ] --END-- [ RunTime:0.000419s ]

[ 2016-05-06T10:41:22+08:00 ] 199.27.128.232 /admin.php/Home/Index/jjset
INFO: [ app_begin ] --START--
INFO: Run Behavior\ReadHtmlCacheBehavior [ RunTime:0.000405s ]
INFO: [ app_begin ] --END-- [ RunTime:0.000681s ]
INFO: [ view_parse ] --START--
INFO: [ template_filter ] --START--
INFO: Run Behavior\ContentReplaceBehavior [ RunTime:0.000059s ]
INFO: [ template_filter ] --END-- [ RunTime:0.000103s ]
INFO: Run Behavior\ParseTemplateBehavior [ RunTime:0.023222s ]
INFO: [ view_parse ] --END-- [ RunTime:0.023266s ]
INFO: [ view_filter ] --START--
INFO: Run Behavior\WriteHtmlCacheBehavior [ RunTime:0.000116s ]
INFO: [ view_filter ] --END-- [ RunTime:0.000152s ]
INFO: [ app_end ] --START--
INFO: Run Behavior\ShowPageTraceBehavior [ RunTime:0.000384s ]
INFO: [ app_end ] --END-- [ RunTime:0.000428s ]

[ 2016-05-06T10:41:22+08:00 ] 199.27.128.232 /admin.php/Home/Index/jjset?
INFO: [ app_begin ] --START--
INFO: Run Behavior\ReadHtmlCacheBehavior [ RunTime:0.000404s ]
INFO: [ app_begin ] --END-- [ RunTime:0.000678s ]
INFO: [ view_parse ] --START--
INFO: [ template_filter ] --START--
INFO: Run Behavior\ContentReplaceBehavior [ RunTime:0.000059s ]
INFO: [ template_filter ] --END-- [ RunTime:0.000101s ]
INFO: Run Behavior\ParseTemplateBehavior [ RunTime:0.010230s ]
INFO: [ view_parse ] --END-- [ RunTime:0.010273s ]
INFO: [ view_filter ] --START--
INFO: Run Behavior\WriteHtmlCacheBehavior [ RunTime:0.000114s ]
INFO: [ view_filter ] --END-- [ RunTime:0.000151s ]
INFO: [ app_end ] --START--
INFO: Run Behavior\ShowPageTraceBehavior [ RunTime:0.000380s ]
INFO: [ app_end ] --END-- [ RunTime:0.000420s ]

[ 2016-05-06T10:41:23+08:00 ] 199.27.128.232 /admin.php/Home/Common/getTree
INFO: [ app_begin ] --START--
INFO: Run Behavior\ReadHtmlCacheBehavior [ RunTime:0.000388s ]
INFO: [ app_begin ] --END-- [ RunTime:0.000642s ]
INFO: [ app_end ] --START--
INFO: Run Behavior\ShowPageTraceBehavior [ RunTime:0.000376s ]
INFO: [ app_end ] --END-- [ RunTime:0.000418s ]

[ 2016-05-06T10:41:34+08:00 ] 199.27.128.232 /admin.php/Home/Index/pin_add
INFO: [ app_begin ] --START--
INFO: Run Behavior\ReadHtmlCacheBehavior [ RunTime:0.000344s ]
INFO: [ app_begin ] --END-- [ RunTime:0.000590s ]
INFO: [ view_parse ] --START--
INFO: [ template_filter ] --START--
INFO: Run Behavior\ContentReplaceBehavior [ RunTime:0.000039s ]
INFO: [ template_filter ] --END-- [ RunTime:0.000079s ]
NOTIC: [8] Undefined variable: page /phpstudy/www/www.cngsoros.com/snadmin/Runtime/Cache/Home/c57dd95c4c85874edcc04d830e0d78f8.php 第 107 行.
INFO: Run Behavior\ParseTemplateBehavior [ RunTime:0.026059s ]
INFO: [ view_parse ] --END-- [ RunTime:0.026097s ]
INFO: [ view_filter ] --START--
INFO: Run Behavior\WriteHtmlCacheBehavior [ RunTime:0.000119s ]
INFO: [ view_filter ] --END-- [ RunTime:0.000153s ]
INFO: [ app_end ] --START--
INFO: Run Behavior\ShowPageTraceBehavior [ RunTime:0.000356s ]
INFO: [ app_end ] --END-- [ RunTime:0.000393s ]

[ 2016-05-06T10:41:37+08:00 ] 199.27.128.232 /admin.php/Home/Index/pin_list
INFO: [ app_begin ] --START--
INFO: Run Behavior\ReadHtmlCacheBehavior [ RunTime:0.000352s ]
INFO: [ app_begin ] --END-- [ RunTime:0.000602s ]
SQL: SHOW COLUMNS FROM `ot_pin` [ RunTime:0.0008s ]
SQL: SELECT COUNT(*) AS tp_count FROM `ot_pin` LIMIT 1   [ RunTime:0.0001s ]
SQL: SELECT COUNT(*) AS tp_count FROM `ot_pin` WHERE `zt` = 0 LIMIT 1   [ RunTime:0.0001s ]
SQL: SELECT * FROM `ot_pin` WHERE `zt` = 0 ORDER BY id DESC LIMIT 0,20   [ RunTime:0.0002s ]
INFO: [ view_parse ] --START--
INFO: [ template_filter ] --START--
INFO: Run Behavior\ContentReplaceBehavior [ RunTime:0.000050s ]
INFO: [ template_filter ] --END-- [ RunTime:0.000091s ]
INFO: Run Behavior\ParseTemplateBehavior [ RunTime:0.027148s ]
INFO: [ view_parse ] --END-- [ RunTime:0.027197s ]
INFO: [ view_filter ] --START--
INFO: Run Behavior\WriteHtmlCacheBehavior [ RunTime:0.000113s ]
INFO: [ view_filter ] --END-- [ RunTime:0.000149s ]
INFO: [ app_end ] --START--
INFO: Run Behavior\ShowPageTraceBehavior [ RunTime:0.000388s ]
INFO: [ app_end ] --END-- [ RunTime:0.000439s ]

[ 2016-05-06T11:05:10+08:00 ] 199.27.128.232 /admin.php/Home/Index/userlist
INFO: [ app_begin ] --START--
INFO: Run Behavior\ReadHtmlCacheBehavior [ RunTime:0.000355s ]
INFO: [ app_begin ] --END-- [ RunTime:0.000610s ]
SQL: SHOW COLUMNS FROM `ot_user` [ RunTime:0.0023s ]
NOTIC: [8] Undefined variable: map /phpstudy/www/www.cngsoros.com/snadmin/Home/Controller/IndexController.class.php 第 295 行.
SQL: SELECT COUNT(*) AS tp_count FROM `ot_user` LIMIT 1   [ RunTime:0.0001s ]
NOTIC: [8] Undefined variable: map /phpstudy/www/www.cngsoros.com/snadmin/Home/Controller/IndexController.class.php 第 300 行.
SQL: SELECT * FROM `ot_user` ORDER BY UE_ID LIMIT 0,20   [ RunTime:0.0003s ]
INFO: [ view_parse ] --START--
INFO: [ template_filter ] --START--
INFO: Run Behavior\ContentReplaceBehavior [ RunTime:0.000043s ]
INFO: [ template_filter ] --END-- [ RunTime:0.000082s ]
SQL: SELECT COUNT(*) AS tp_count FROM `ot_user` WHERE `UE_regIP` = '127.0.0.1' LIMIT 1   [ RunTime:0.0002s ]
SQL: SELECT COUNT(*) AS tp_count FROM `ot_user` WHERE `UE_regIP` = '123.151.42.47' LIMIT 1   [ RunTime:0.0001s ]
SQL: SELECT COUNT(*) AS tp_count FROM `ot_user` WHERE `UE_regIP` = '14.156.245.8' LIMIT 1   [ RunTime:0.0001s ]
SQL: SELECT COUNT(*) AS tp_count FROM `ot_user` WHERE `UE_regIP` = '14.156.245.8' LIMIT 1   [ RunTime:0.0001s ]
SQL: SELECT COUNT(*) AS tp_count FROM `ot_user` WHERE `UE_regIP` = '117.136.40.177' LIMIT 1   [ RunTime:0.0001s ]
INFO: Run Behavior\ParseTemplateBehavior [ RunTime:0.008921s ]
INFO: [ view_parse ] --END-- [ RunTime:0.008962s ]
INFO: [ view_filter ] --START--
INFO: Run Behavior\WriteHtmlCacheBehavior [ RunTime:0.000117s ]
INFO: [ view_filter ] --END-- [ RunTime:0.000153s ]
INFO: [ app_end ] --START--
INFO: Run Behavior\ShowPageTraceBehavior [ RunTime:0.000417s ]
INFO: [ app_end ] --END-- [ RunTime:0.000485s ]

[ 2016-05-06T11:56:14+08:00 ] 199.27.128.232 /admin.php/Home/Index/main
INFO: [ app_begin ] --START--
INFO: Run Behavior\ReadHtmlCacheBehavior [ RunTime:0.000344s ]
INFO: [ app_begin ] --END-- [ RunTime:0.000591s ]
INFO: [ view_parse ] --START--
INFO: [ template_filter ] --START--
INFO: Run Behavior\ContentReplaceBehavior [ RunTime:0.000032s ]
INFO: [ template_filter ] --END-- [ RunTime:0.000074s ]
INFO: Run Behavior\ParseTemplateBehavior [ RunTime:0.004879s ]
INFO: [ view_parse ] --END-- [ RunTime:0.004920s ]
INFO: [ view_filter ] --START--
INFO: Run Behavior\WriteHtmlCacheBehavior [ RunTime:0.000117s ]
INFO: [ view_filter ] --END-- [ RunTime:0.000159s ]

[ 2016-05-06T11:56:15+08:00 ] 199.27.133.12 /admin.php/home/index/main
INFO: [ app_begin ] --START--
INFO: Run Behavior\ReadHtmlCacheBehavior [ RunTime:0.000360s ]
INFO: [ app_begin ] --END-- [ RunTime:0.000614s ]
INFO: [ view_parse ] --START--
INFO: [ template_filter ] --START--
INFO: Run Behavior\ContentReplaceBehavior [ RunTime:0.000033s ]
INFO: [ template_filter ] --END-- [ RunTime:0.000074s ]
INFO: Run Behavior\ParseTemplateBehavior [ RunTime:0.004893s ]
INFO: [ view_parse ] --END-- [ RunTime:0.004934s ]
INFO: [ view_filter ] --START--
INFO: Run Behavior\WriteHtmlCacheBehavior [ RunTime:0.000110s ]
INFO: [ view_filter ] --END-- [ RunTime:0.000147s ]

[ 2016-05-06T11:56:25+08:00 ] 199.27.128.232 /admin.php/Home/Login
INFO: [ app_begin ] --START--
INFO: Run Behavior\ReadHtmlCacheBehavior [ RunTime:0.000391s ]
INFO: [ app_begin ] --END-- [ RunTime:0.000663s ]
INFO: [ view_parse ] --START--
INFO: [ template_filter ] --START--
INFO: Run Behavior\ContentReplaceBehavior [ RunTime:0.000038s ]
INFO: [ template_filter ] --END-- [ RunTime:0.000085s ]
INFO: Run Behavior\ParseTemplateBehavior [ RunTime:0.005782s ]
INFO: [ view_parse ] --END-- [ RunTime:0.005827s ]
INFO: [ view_filter ] --START--
INFO: Run Behavior\WriteHtmlCacheBehavior [ RunTime:0.000109s ]
INFO: [ view_filter ] --END-- [ RunTime:0.000145s ]
INFO: [ app_end ] --START--
INFO: Run Behavior\ShowPageTraceBehavior [ RunTime:0.000383s ]
INFO: [ app_end ] --END-- [ RunTime:0.000423s ]

[ 2016-05-06T11:56:26+08:00 ] 199.27.128.232 /admin.php/Home/login/verify
INFO: [ app_begin ] --START--
INFO: Run Behavior\ReadHtmlCacheBehavior [ RunTime:0.000414s ]
INFO: [ app_begin ] --END-- [ RunTime:0.000686s ]
INFO: [ app_end ] --START--
INFO: Run Behavior\ShowPageTraceBehavior [ RunTime:0.000377s ]
INFO: [ app_end ] --END-- [ RunTime:0.000424s ]

[ 2016-05-06T11:56:26+08:00 ] 199.27.129.5 /admin.php/home/login
INFO: [ app_begin ] --START--
INFO: Run Behavior\ReadHtmlCacheBehavior [ RunTime:0.000346s ]
INFO: [ app_begin ] --END-- [ RunTime:0.000592s ]
INFO: [ view_parse ] --START--
INFO: [ template_filter ] --START--
INFO: Run Behavior\ContentReplaceBehavior [ RunTime:0.000032s ]
INFO: [ template_filter ] --END-- [ RunTime:0.000072s ]
INFO: Run Behavior\ParseTemplateBehavior [ RunTime:0.004762s ]
INFO: [ view_parse ] --END-- [ RunTime:0.004801s ]
INFO: [ view_filter ] --START--
INFO: Run Behavior\WriteHtmlCacheBehavior [ RunTime:0.000105s ]
INFO: [ view_filter ] --END-- [ RunTime:0.000141s ]
INFO: [ app_end ] --START--
INFO: Run Behavior\ShowPageTraceBehavior [ RunTime:0.000352s ]
INFO: [ app_end ] --END-- [ RunTime:0.000390s ]

[ 2016-05-06T11:56:26+08:00 ] 199.27.133.23 /admin.php/home/login
INFO: [ app_begin ] --START--
INFO: Run Behavior\ReadHtmlCacheBehavior [ RunTime:0.000345s ]
INFO: [ app_begin ] --END-- [ RunTime:0.000589s ]
INFO: [ view_parse ] --START--
INFO: [ template_filter ] --START--
INFO: Run Behavior\ContentReplaceBehavior [ RunTime:0.000032s ]
INFO: [ template_filter ] --END-- [ RunTime:0.000070s ]
INFO: Run Behavior\ParseTemplateBehavior [ RunTime:0.004724s ]
INFO: [ view_parse ] --END-- [ RunTime:0.004763s ]
INFO: [ view_filter ] --START--
INFO: Run Behavior\WriteHtmlCacheBehavior [ RunTime:0.000107s ]
INFO: [ view_filter ] --END-- [ RunTime:0.000142s ]
INFO: [ app_end ] --START--
INFO: Run Behavior\ShowPageTraceBehavior [ RunTime:0.000352s ]
INFO: [ app_end ] --END-- [ RunTime:0.000389s ]

[ 2016-05-06T11:56:27+08:00 ] 199.27.133.9 /admin.php/home/login
INFO: [ app_begin ] --START--
INFO: Run Behavior\ReadHtmlCacheBehavior [ RunTime:0.000367s ]
INFO: [ app_begin ] --END-- [ RunTime:0.000617s ]
INFO: [ view_parse ] --START--
INFO: [ template_filter ] --START--
INFO: Run Behavior\ContentReplaceBehavior [ RunTime:0.000033s ]
INFO: [ template_filter ] --END-- [ RunTime:0.000072s ]
INFO: Run Behavior\ParseTemplateBehavior [ RunTime:0.004797s ]
INFO: [ view_parse ] --END-- [ RunTime:0.004836s ]
INFO: [ view_filter ] --START--
INFO: Run Behavior\WriteHtmlCacheBehavior [ RunTime:0.000105s ]
INFO: [ view_filter ] --END-- [ RunTime:0.000141s ]
INFO: [ app_end ] --START--
INFO: Run Behavior\ShowPageTraceBehavior [ RunTime:0.000361s ]
INFO: [ app_end ] --END-- [ RunTime:0.000398s ]

[ 2016-05-06T11:59:46+08:00 ] 199.27.133.12 /admin.php/Home/Login
INFO: [ app_begin ] --START--
INFO: Run Behavior\ReadHtmlCacheBehavior [ RunTime:0.000388s ]
INFO: [ app_begin ] --END-- [ RunTime:0.000666s ]
INFO: [ view_parse ] --START--
INFO: [ template_filter ] --START--
INFO: Run Behavior\ContentReplaceBehavior [ RunTime:0.000038s ]
INFO: [ template_filter ] --END-- [ RunTime:0.000082s ]
INFO: Run Behavior\ParseTemplateBehavior [ RunTime:0.005038s ]
INFO: [ view_parse ] --END-- [ RunTime:0.005083s ]
INFO: [ view_filter ] --START--
INFO: Run Behavior\WriteHtmlCacheBehavior [ RunTime:0.000109s ]
INFO: [ view_filter ] --END-- [ RunTime:0.000148s ]
INFO: [ app_end ] --START--
INFO: Run Behavior\ShowPageTraceBehavior [ RunTime:0.000377s ]
INFO: [ app_end ] --END-- [ RunTime:0.000417s ]

