[ 2016-06-02T20:24:29+08:00 ] 127.0.0.1 /admin.php
INFO: [ app_begin ] --START--
INFO: Run Behavior\ReadHtmlCacheBehavior [ RunTime:0.002189s ]
INFO: [ app_begin ] --END-- [ RunTime:0.003826s ]
INFO: [ view_parse ] --START--
INFO: [ template_filter ] --START--
INFO: Run Behavior\ContentReplaceBehavior [ RunTime:0.000107s ]
INFO: [ template_filter ] --END-- [ RunTime:0.000318s ]
NOTIC: [8] Undefined variable: zt E:\xampp\htdocs\nmn\snadmin\Runtime\Cache\Home\6e799a16b2d45bf31f5fc37bba10eb2b.php 第 56 行.
NOTIC: [8] Undefined variable: scip E:\xampp\htdocs\nmn\snadmin\Runtime\Cache\Home\6e799a16b2d45bf31f5fc37bba10eb2b.php 第 58 行.
NOTIC: [8] Undefined variable: bcip E:\xampp\htdocs\nmn\snadmin\Runtime\Cache\Home\6e799a16b2d45bf31f5fc37bba10eb2b.php 第 59 行.
NOTIC: [8] Undefined variable: bcip E:\xampp\htdocs\nmn\snadmin\Runtime\Cache\Home\6e799a16b2d45bf31f5fc37bba10eb2b.php 第 59 行.
INFO: Run Behavior\ParseTemplateBehavior [ RunTime:0.020525s ]
INFO: [ view_parse ] --END-- [ RunTime:0.020656s ]
INFO: [ view_filter ] --START--
INFO: Run Behavior\WriteHtmlCacheBehavior [ RunTime:0.002664s ]
INFO: [ view_filter ] --END-- [ RunTime:0.002790s ]
INFO: [ app_end ] --START--
INFO: Run Behavior\ShowPageTraceBehavior [ RunTime:0.002253s ]
INFO: [ app_end ] --END-- [ RunTime:0.002720s ]

[ 2016-06-02T20:24:33+08:00 ] 127.0.0.1 /admin.php/Home/Index/adminlist
INFO: [ app_begin ] --START--
INFO: Run Behavior\ReadHtmlCacheBehavior [ RunTime:0.002025s ]
INFO: [ app_begin ] --END-- [ RunTime:0.003444s ]
ERR: SQLSTATE[HY000] [1045] Access denied for user 'root'@'localhost' (using password: YES)

[ 2016-06-02T20:25:02+08:00 ] 127.0.0.1 /admin.php
INFO: [ app_begin ] --START--
INFO: Run Behavior\ReadHtmlCacheBehavior [ RunTime:0.001344s ]
INFO: [ app_begin ] --END-- [ RunTime:0.002346s ]
INFO: [ view_parse ] --START--
INFO: [ template_filter ] --START--
INFO: Run Behavior\ContentReplaceBehavior [ RunTime:0.000066s ]
INFO: [ template_filter ] --END-- [ RunTime:0.000159s ]
NOTIC: [8] Undefined variable: zt E:\xampp\htdocs\nmn\snadmin\Runtime\Cache\Home\6e799a16b2d45bf31f5fc37bba10eb2b.php 第 56 行.
NOTIC: [8] Undefined variable: scip E:\xampp\htdocs\nmn\snadmin\Runtime\Cache\Home\6e799a16b2d45bf31f5fc37bba10eb2b.php 第 58 行.
NOTIC: [8] Undefined variable: bcip E:\xampp\htdocs\nmn\snadmin\Runtime\Cache\Home\6e799a16b2d45bf31f5fc37bba10eb2b.php 第 59 行.
NOTIC: [8] Undefined variable: bcip E:\xampp\htdocs\nmn\snadmin\Runtime\Cache\Home\6e799a16b2d45bf31f5fc37bba10eb2b.php 第 59 行.
INFO: Run Behavior\ParseTemplateBehavior [ RunTime:0.021795s ]
INFO: [ view_parse ] --END-- [ RunTime:0.021888s ]
INFO: [ view_filter ] --START--
INFO: Run Behavior\WriteHtmlCacheBehavior [ RunTime:0.001140s ]
INFO: [ view_filter ] --END-- [ RunTime:0.001252s ]
INFO: [ app_end ] --START--
INFO: Run Behavior\ShowPageTraceBehavior [ RunTime:0.002792s ]
INFO: [ app_end ] --END-- [ RunTime:0.002890s ]

[ 2016-06-02T20:25:03+08:00 ] 127.0.0.1 /admin.php
INFO: [ app_begin ] --START--
INFO: Run Behavior\ReadHtmlCacheBehavior [ RunTime:0.000784s ]
INFO: [ app_begin ] --END-- [ RunTime:0.001423s ]
INFO: [ view_parse ] --START--
INFO: [ template_filter ] --START--
INFO: Run Behavior\ContentReplaceBehavior [ RunTime:0.000050s ]
INFO: [ template_filter ] --END-- [ RunTime:0.000120s ]
NOTIC: [8] Undefined variable: zt E:\xampp\htdocs\nmn\snadmin\Runtime\Cache\Home\6e799a16b2d45bf31f5fc37bba10eb2b.php 第 56 行.
NOTIC: [8] Undefined variable: scip E:\xampp\htdocs\nmn\snadmin\Runtime\Cache\Home\6e799a16b2d45bf31f5fc37bba10eb2b.php 第 58 行.
NOTIC: [8] Undefined variable: bcip E:\xampp\htdocs\nmn\snadmin\Runtime\Cache\Home\6e799a16b2d45bf31f5fc37bba10eb2b.php 第 59 行.
NOTIC: [8] Undefined variable: bcip E:\xampp\htdocs\nmn\snadmin\Runtime\Cache\Home\6e799a16b2d45bf31f5fc37bba10eb2b.php 第 59 行.
INFO: Run Behavior\ParseTemplateBehavior [ RunTime:0.009394s ]
INFO: [ view_parse ] --END-- [ RunTime:0.009460s ]
INFO: [ view_filter ] --START--
INFO: Run Behavior\WriteHtmlCacheBehavior [ RunTime:0.000668s ]
INFO: [ view_filter ] --END-- [ RunTime:0.000729s ]
INFO: [ app_end ] --START--
INFO: Run Behavior\ShowPageTraceBehavior [ RunTime:0.000913s ]
INFO: [ app_end ] --END-- [ RunTime:0.000974s ]

[ 2016-06-02T20:25:03+08:00 ] 127.0.0.1 /admin.php
INFO: [ app_begin ] --START--
INFO: Run Behavior\ReadHtmlCacheBehavior [ RunTime:0.000849s ]
INFO: [ app_begin ] --END-- [ RunTime:0.001552s ]
INFO: [ view_parse ] --START--
INFO: [ template_filter ] --START--
INFO: Run Behavior\ContentReplaceBehavior [ RunTime:0.000075s ]
INFO: [ template_filter ] --END-- [ RunTime:0.000231s ]
NOTIC: [8] Undefined variable: zt E:\xampp\htdocs\nmn\snadmin\Runtime\Cache\Home\6e799a16b2d45bf31f5fc37bba10eb2b.php 第 56 行.
NOTIC: [8] Undefined variable: scip E:\xampp\htdocs\nmn\snadmin\Runtime\Cache\Home\6e799a16b2d45bf31f5fc37bba10eb2b.php 第 58 行.
NOTIC: [8] Undefined variable: bcip E:\xampp\htdocs\nmn\snadmin\Runtime\Cache\Home\6e799a16b2d45bf31f5fc37bba10eb2b.php 第 59 行.
NOTIC: [8] Undefined variable: bcip E:\xampp\htdocs\nmn\snadmin\Runtime\Cache\Home\6e799a16b2d45bf31f5fc37bba10eb2b.php 第 59 行.
INFO: Run Behavior\ParseTemplateBehavior [ RunTime:0.009539s ]
INFO: [ view_parse ] --END-- [ RunTime:0.009605s ]
INFO: [ view_filter ] --START--
INFO: Run Behavior\WriteHtmlCacheBehavior [ RunTime:0.000650s ]
INFO: [ view_filter ] --END-- [ RunTime:0.000713s ]
INFO: [ app_end ] --START--
INFO: Run Behavior\ShowPageTraceBehavior [ RunTime:0.000865s ]
INFO: [ app_end ] --END-- [ RunTime:0.000927s ]

[ 2016-06-02T20:25:04+08:00 ] 127.0.0.1 /admin.php
INFO: [ app_begin ] --START--
INFO: Run Behavior\ReadHtmlCacheBehavior [ RunTime:0.001056s ]
INFO: [ app_begin ] --END-- [ RunTime:0.001776s ]
INFO: [ view_parse ] --START--
INFO: [ template_filter ] --START--
INFO: Run Behavior\ContentReplaceBehavior [ RunTime:0.000055s ]
INFO: [ template_filter ] --END-- [ RunTime:0.000140s ]
NOTIC: [8] Undefined variable: zt E:\xampp\htdocs\nmn\snadmin\Runtime\Cache\Home\6e799a16b2d45bf31f5fc37bba10eb2b.php 第 56 行.
NOTIC: [8] Undefined variable: scip E:\xampp\htdocs\nmn\snadmin\Runtime\Cache\Home\6e799a16b2d45bf31f5fc37bba10eb2b.php 第 58 行.
NOTIC: [8] Undefined variable: bcip E:\xampp\htdocs\nmn\snadmin\Runtime\Cache\Home\6e799a16b2d45bf31f5fc37bba10eb2b.php 第 59 行.
NOTIC: [8] Undefined variable: bcip E:\xampp\htdocs\nmn\snadmin\Runtime\Cache\Home\6e799a16b2d45bf31f5fc37bba10eb2b.php 第 59 行.
INFO: Run Behavior\ParseTemplateBehavior [ RunTime:0.010055s ]
INFO: [ view_parse ] --END-- [ RunTime:0.010125s ]
INFO: [ view_filter ] --START--
INFO: Run Behavior\WriteHtmlCacheBehavior [ RunTime:0.000844s ]
INFO: [ view_filter ] --END-- [ RunTime:0.000942s ]
INFO: [ app_end ] --START--
INFO: Run Behavior\ShowPageTraceBehavior [ RunTime:0.001352s ]
INFO: [ app_end ] --END-- [ RunTime:0.001423s ]

[ 2016-06-02T20:25:04+08:00 ] 127.0.0.1 /admin.php
INFO: [ app_begin ] --START--
INFO: Run Behavior\ReadHtmlCacheBehavior [ RunTime:0.001238s ]
INFO: [ app_begin ] --END-- [ RunTime:0.002253s ]
INFO: [ view_parse ] --START--
INFO: [ template_filter ] --START--
INFO: Run Behavior\ContentReplaceBehavior [ RunTime:0.000052s ]
INFO: [ template_filter ] --END-- [ RunTime:0.000126s ]
NOTIC: [8] Undefined variable: zt E:\xampp\htdocs\nmn\snadmin\Runtime\Cache\Home\6e799a16b2d45bf31f5fc37bba10eb2b.php 第 56 行.
NOTIC: [8] Undefined variable: scip E:\xampp\htdocs\nmn\snadmin\Runtime\Cache\Home\6e799a16b2d45bf31f5fc37bba10eb2b.php 第 58 行.
NOTIC: [8] Undefined variable: bcip E:\xampp\htdocs\nmn\snadmin\Runtime\Cache\Home\6e799a16b2d45bf31f5fc37bba10eb2b.php 第 59 行.
NOTIC: [8] Undefined variable: bcip E:\xampp\htdocs\nmn\snadmin\Runtime\Cache\Home\6e799a16b2d45bf31f5fc37bba10eb2b.php 第 59 行.
INFO: Run Behavior\ParseTemplateBehavior [ RunTime:0.011674s ]
INFO: [ view_parse ] --END-- [ RunTime:0.011746s ]
INFO: [ view_filter ] --START--
INFO: Run Behavior\WriteHtmlCacheBehavior [ RunTime:0.000750s ]
INFO: [ view_filter ] --END-- [ RunTime:0.000815s ]
INFO: [ app_end ] --START--
INFO: Run Behavior\ShowPageTraceBehavior [ RunTime:0.000863s ]
INFO: [ app_end ] --END-- [ RunTime:0.000928s ]

[ 2016-06-02T20:25:05+08:00 ] 127.0.0.1 /admin.php/Home/Index/adminlist
INFO: [ app_begin ] --START--
INFO: Run Behavior\ReadHtmlCacheBehavior [ RunTime:0.000797s ]
INFO: [ app_begin ] --END-- [ RunTime:0.001592s ]
SQL: SHOW COLUMNS FROM `ot_member` [ RunTime:0.1635s ]
NOTIC: [8] Undefined variable: map E:\xampp\htdocs\nmn\snadmin\Home\Controller\IndexController.class.php 第 322 行.
SQL: SELECT COUNT(*) AS tp_count FROM `ot_member` LIMIT 1   [ RunTime:0.0004s ]
NOTIC: [8] Undefined variable: map E:\xampp\htdocs\nmn\snadmin\Home\Controller\IndexController.class.php 第 327 行.
SQL: SELECT * FROM `ot_member` ORDER BY MB_ID LIMIT 0,20   [ RunTime:0.0005s ]
INFO: [ view_parse ] --START--
INFO: [ template_filter ] --START--
INFO: Run Behavior\ContentReplaceBehavior [ RunTime:0.000086s ]
INFO: [ template_filter ] --END-- [ RunTime:0.000181s ]
INFO: Run Behavior\ParseTemplateBehavior [ RunTime:0.011288s ]
INFO: [ view_parse ] --END-- [ RunTime:0.011363s ]
INFO: [ view_filter ] --START--
INFO: Run Behavior\WriteHtmlCacheBehavior [ RunTime:0.000503s ]
INFO: [ view_filter ] --END-- [ RunTime:0.000560s ]
INFO: [ app_end ] --START--
INFO: Run Behavior\ShowPageTraceBehavior [ RunTime:0.000742s ]
INFO: [ app_end ] --END-- [ RunTime:0.000799s ]

[ 2016-06-02T20:25:13+08:00 ] 127.0.0.1 /admin.php/Home/Index/admin_xg/user/admin
INFO: [ app_begin ] --START--
INFO: Run Behavior\ReadHtmlCacheBehavior [ RunTime:0.000999s ]
INFO: [ app_begin ] --END-- [ RunTime:0.001833s ]
SQL: SHOW COLUMNS FROM `ot_member` [ RunTime:0.0071s ]
SQL: SELECT * FROM `ot_member` WHERE `MB_username` = 'admin' LIMIT 1   [ RunTime:0.0007s ]
INFO: [ view_parse ] --START--
INFO: [ template_filter ] --START--
INFO: Run Behavior\ContentReplaceBehavior [ RunTime:0.000066s ]
INFO: [ template_filter ] --END-- [ RunTime:0.000152s ]
INFO: Run Behavior\ParseTemplateBehavior [ RunTime:0.009822s ]
INFO: [ view_parse ] --END-- [ RunTime:0.009923s ]
INFO: [ view_filter ] --START--
INFO: Run Behavior\WriteHtmlCacheBehavior [ RunTime:0.000601s ]
INFO: [ view_filter ] --END-- [ RunTime:0.000674s ]
INFO: [ app_end ] --START--
INFO: Run Behavior\ShowPageTraceBehavior [ RunTime:0.001409s ]
INFO: [ app_end ] --END-- [ RunTime:0.001495s ]

[ 2016-06-02T20:26:52+08:00 ] 127.0.0.1 /admin.php
INFO: [ app_begin ] --START--
INFO: Run Behavior\ReadHtmlCacheBehavior [ RunTime:0.001639s ]
INFO: [ app_begin ] --END-- [ RunTime:0.002950s ]
INFO: [ view_parse ] --START--
INFO: [ template_filter ] --START--
INFO: Run Behavior\ContentReplaceBehavior [ RunTime:0.000097s ]
INFO: [ template_filter ] --END-- [ RunTime:0.000243s ]
NOTIC: [8] Undefined variable: zt E:\xampp\htdocs\nmn\snadmin\Runtime\Cache\Home\6e799a16b2d45bf31f5fc37bba10eb2b.php 第 56 行.
NOTIC: [8] Undefined variable: scip E:\xampp\htdocs\nmn\snadmin\Runtime\Cache\Home\6e799a16b2d45bf31f5fc37bba10eb2b.php 第 58 行.
NOTIC: [8] Undefined variable: bcip E:\xampp\htdocs\nmn\snadmin\Runtime\Cache\Home\6e799a16b2d45bf31f5fc37bba10eb2b.php 第 59 行.
NOTIC: [8] Undefined variable: bcip E:\xampp\htdocs\nmn\snadmin\Runtime\Cache\Home\6e799a16b2d45bf31f5fc37bba10eb2b.php 第 59 行.
INFO: Run Behavior\ParseTemplateBehavior [ RunTime:0.018858s ]
INFO: [ view_parse ] --END-- [ RunTime:0.018986s ]
INFO: [ view_filter ] --START--
INFO: Run Behavior\WriteHtmlCacheBehavior [ RunTime:0.001059s ]
INFO: [ view_filter ] --END-- [ RunTime:0.001181s ]
INFO: [ app_end ] --START--
INFO: Run Behavior\ShowPageTraceBehavior [ RunTime:0.004108s ]
INFO: [ app_end ] --END-- [ RunTime:0.004242s ]

[ 2016-06-02T20:27:25+08:00 ] 127.0.0.1 /admin.php/Home/Login
INFO: [ app_begin ] --START--
INFO: Run Behavior\ReadHtmlCacheBehavior [ RunTime:0.001854s ]
INFO: [ app_begin ] --END-- [ RunTime:0.003264s ]
INFO: [ view_parse ] --START--
INFO: [ template_filter ] --START--
INFO: Run Behavior\ContentReplaceBehavior [ RunTime:0.000105s ]
INFO: [ template_filter ] --END-- [ RunTime:0.000240s ]
INFO: Run Behavior\ParseTemplateBehavior [ RunTime:0.017115s ]
INFO: [ view_parse ] --END-- [ RunTime:0.017272s ]
INFO: [ view_filter ] --START--
INFO: Run Behavior\WriteHtmlCacheBehavior [ RunTime:0.001239s ]
INFO: [ view_filter ] --END-- [ RunTime:0.001355s ]
INFO: [ app_end ] --START--
INFO: Run Behavior\ShowPageTraceBehavior [ RunTime:0.001815s ]
INFO: [ app_end ] --END-- [ RunTime:0.001937s ]

[ 2016-06-02T20:27:25+08:00 ] 127.0.0.1 /admin.php/Home/login/verify
INFO: [ app_begin ] --START--
INFO: Run Behavior\ReadHtmlCacheBehavior [ RunTime:0.002075s ]
INFO: [ app_begin ] --END-- [ RunTime:0.003340s ]
INFO: [ app_end ] --START--
INFO: Run Behavior\ShowPageTraceBehavior [ RunTime:0.021069s ]
INFO: [ app_end ] --END-- [ RunTime:0.021273s ]

[ 2016-06-02T20:27:34+08:00 ] 127.0.0.1 /admin.php/Home/Login/logincl
INFO: [ app_begin ] --START--
INFO: Run Behavior\ReadHtmlCacheBehavior [ RunTime:0.002421s ]
INFO: [ app_begin ] --END-- [ RunTime:0.004013s ]
NOTIC: [2] Missing argument 2 for Think\Crypt::decrypt(), called in E:\xampp\htdocs\nmn\snadmin\Home\Common\function.php on line 96 and defined E:\xampp\htdocs\nmn\ThinkPHP\Library\Think\Crypt.class.php 第 46 行.
NOTIC: [8] Undefined variable: key E:\xampp\htdocs\nmn\ThinkPHP\Library\Think\Crypt.class.php 第 51 行.
NOTIC: [2] Missing argument 2 for Think\Crypt::encrypt(), called in E:\xampp\htdocs\nmn\snadmin\Home\Common\function.php on line 282 and defined E:\xampp\htdocs\nmn\ThinkPHP\Library\Think\Crypt.class.php 第 32 行.
NOTIC: [8] Undefined variable: key E:\xampp\htdocs\nmn\ThinkPHP\Library\Think\Crypt.class.php 第 37 行.
NOTIC: [2] Missing argument 2 for Think\Crypt::decrypt(), called in E:\xampp\htdocs\nmn\snadmin\Home\Common\function.php on line 96 and defined E:\xampp\htdocs\nmn\ThinkPHP\Library\Think\Crypt.class.php 第 46 行.
NOTIC: [8] Undefined variable: key E:\xampp\htdocs\nmn\ThinkPHP\Library\Think\Crypt.class.php 第 51 行.
NOTIC: [2] Missing argument 2 for Think\Crypt::encrypt(), called in E:\xampp\htdocs\nmn\snadmin\Home\Common\function.php on line 282 and defined E:\xampp\htdocs\nmn\ThinkPHP\Library\Think\Crypt.class.php 第 32 行.
NOTIC: [8] Undefined variable: key E:\xampp\htdocs\nmn\ThinkPHP\Library\Think\Crypt.class.php 第 37 行.
SQL: SHOW COLUMNS FROM `ot_member` [ RunTime:0.0098s ]
SQL: SELECT * FROM `ot_member` WHERE `MB_username` = 'admin' LIMIT 1   [ RunTime:0.0011s ]
SQL: SHOW COLUMNS FROM `ot_drrz` [ RunTime:0.0219s ]
SQL: INSERT INTO `ot_drrz` (`date`,`ip`,`user`,`leixin`) VALUES ('2016-06-02 20:27:34','163.125.65.111','admin','1') [ RunTime:0.0018s ]

[ 2016-06-02T20:27:35+08:00 ] 127.0.0.1 /admin.php/Home/Index/main
INFO: [ app_begin ] --START--
INFO: Run Behavior\ReadHtmlCacheBehavior [ RunTime:0.001659s ]
INFO: [ app_begin ] --END-- [ RunTime:0.002925s ]
INFO: [ view_parse ] --START--
INFO: [ template_filter ] --START--
INFO: Run Behavior\ContentReplaceBehavior [ RunTime:0.000095s ]
INFO: [ template_filter ] --END-- [ RunTime:0.000244s ]
INFO: Run Behavior\ParseTemplateBehavior [ RunTime:0.017884s ]
INFO: [ view_parse ] --END-- [ RunTime:0.018080s ]
INFO: [ view_filter ] --START--
INFO: Run Behavior\WriteHtmlCacheBehavior [ RunTime:0.001074s ]
INFO: [ view_filter ] --END-- [ RunTime:0.001192s ]
INFO: [ app_end ] --START--
INFO: Run Behavior\ShowPageTraceBehavior [ RunTime:0.001556s ]
INFO: [ app_end ] --END-- [ RunTime:0.001675s ]

[ 2016-06-02T20:27:35+08:00 ] 127.0.0.1 /admin.php/Home/Index/top.html
INFO: [ app_begin ] --START--
INFO: Run Behavior\ReadHtmlCacheBehavior [ RunTime:0.002117s ]
INFO: [ app_begin ] --END-- [ RunTime:0.018046s ]
INFO: [ view_parse ] --START--
INFO: [ template_filter ] --START--
INFO: Run Behavior\ContentReplaceBehavior [ RunTime:0.000116s ]
INFO: [ template_filter ] --END-- [ RunTime:0.000282s ]
INFO: Run Behavior\ParseTemplateBehavior [ RunTime:0.021971s ]
INFO: [ view_parse ] --END-- [ RunTime:0.022499s ]
INFO: [ view_filter ] --START--
INFO: Run Behavior\WriteHtmlCacheBehavior [ RunTime:0.001385s ]
INFO: [ view_filter ] --END-- [ RunTime:0.001511s ]
INFO: [ app_end ] --START--
INFO: Run Behavior\ShowPageTraceBehavior [ RunTime:0.001654s ]
INFO: [ app_end ] --END-- [ RunTime:0.001814s ]

[ 2016-06-02T20:27:35+08:00 ] 127.0.0.1 /admin.php/Home/Index/df1
INFO: [ app_begin ] --START--
INFO: Run Behavior\ReadHtmlCacheBehavior [ RunTime:0.002835s ]
INFO: [ app_begin ] --END-- [ RunTime:0.005188s ]
SQL: SHOW COLUMNS FROM `ot_system` [ RunTime:0.0617s ]
SQL: SELECT * FROM `ot_system` WHERE `SYS_ID` = 1 LIMIT 1   [ RunTime:0.0011s ]
SQL: SHOW COLUMNS FROM `ot_drrz` [ RunTime:0.0749s ]
SQL: SELECT * FROM `ot_drrz` WHERE `user` = 'admin' AND `leixin` = 1 ORDER BY id DESC LIMIT 2   [ RunTime:0.0008s ]
SQL: SHOW COLUMNS FROM `ot_user` [ RunTime:0.0576s ]
SQL: SELECT COUNT(UE_ID) AS tp_count FROM `ot_user` WHERE ( `UE_regTime`> '2016-06-02 00:00:00' AND `UE_regTime` < '2016-06-02 23:59:59' ) LIMIT 1   [ RunTime:0.0009s ]
SQL: SELECT COUNT(UE_ID) AS tp_count FROM `ot_user` WHERE ( `UE_activeTime`> '2016-06-02 00:00:00' AND `UE_activeTime` < '2016-06-02 23:59:59' ) LIMIT 1   [ RunTime:0.0008s ]
SQL: SELECT COUNT(UE_ID) AS tp_count FROM `ot_user` WHERE ( `UE_regTime`> '2016-06-01 00:00:00' AND `UE_regTime` < '2016-06-01 23:59:59' ) LIMIT 1   [ RunTime:0.0009s ]
SQL: SELECT COUNT(UE_ID) AS tp_count FROM `ot_user` WHERE ( `UE_activeTime`> '2016-06-01 00:00:00' AND `UE_activeTime` < '2016-06-01 23:59:59' ) LIMIT 1   [ RunTime:0.0008s ]
SQL: SELECT COUNT(UE_ID) AS tp_count FROM `ot_user` WHERE ( `UE_ID`> '0' ) LIMIT 1   [ RunTime:0.0006s ]
SQL: SELECT COUNT(UE_ID) AS tp_count FROM `ot_user` WHERE ( `UE_ID`> '0' AND `UE_check` = '1' ) LIMIT 1   [ RunTime:0.0015s ]
SQL: SELECT COUNT(UE_ID) AS tp_count FROM `ot_user` WHERE ( `UE_ID`> '0' AND `UE_check` = '1' AND `UE_stop` = '0' ) LIMIT 1   [ RunTime:0.0014s ]
SQL: SELECT SUM(UE_money) AS tp_sum FROM `ot_user` LIMIT 1   [ RunTime:0.0007s ]
SQL: SELECT SUM(ybhe) AS tp_sum FROM `ot_user` LIMIT 1   [ RunTime:0.0007s ]
SQL: SELECT SUM(zsbhe) AS tp_sum FROM `ot_user` LIMIT 1   [ RunTime:0.0008s ]
INFO: [ view_parse ] --START--
INFO: [ template_filter ] --START--
INFO: Run Behavior\ContentReplaceBehavior [ RunTime:0.000097s ]
INFO: [ template_filter ] --END-- [ RunTime:0.000232s ]
INFO: Run Behavior\ParseTemplateBehavior [ RunTime:0.017310s ]
INFO: [ view_parse ] --END-- [ RunTime:0.017444s ]
INFO: [ view_filter ] --START--
INFO: Run Behavior\WriteHtmlCacheBehavior [ RunTime:0.001245s ]
INFO: [ view_filter ] --END-- [ RunTime:0.001364s ]
INFO: [ app_end ] --START--
INFO: Run Behavior\ShowPageTraceBehavior [ RunTime:0.001803s ]
INFO: [ app_end ] --END-- [ RunTime:0.001920s ]

[ 2016-06-02T20:27:36+08:00 ] 127.0.0.1 /admin.php/Home/Index/left.html
INFO: [ app_begin ] --START--
INFO: Run Behavior\ReadHtmlCacheBehavior [ RunTime:0.001670s ]
INFO: [ app_begin ] --END-- [ RunTime:0.003194s ]
INFO: [ view_parse ] --START--
INFO: [ template_filter ] --START--
INFO: Run Behavior\ContentReplaceBehavior [ RunTime:0.000159s ]
INFO: [ template_filter ] --END-- [ RunTime:0.000311s ]
INFO: Run Behavior\ParseTemplateBehavior [ RunTime:0.023855s ]
INFO: [ view_parse ] --END-- [ RunTime:0.024012s ]
INFO: [ view_filter ] --START--
INFO: Run Behavior\WriteHtmlCacheBehavior [ RunTime:0.001528s ]
INFO: [ view_filter ] --END-- [ RunTime:0.001647s ]
INFO: [ app_end ] --START--
INFO: Run Behavior\ShowPageTraceBehavior [ RunTime:0.001990s ]
INFO: [ app_end ] --END-- [ RunTime:0.002108s ]

[ 2016-06-02T20:27:41+08:00 ] 127.0.0.1 /admin.php/Home/Code/code_add
INFO: [ app_begin ] --START--
INFO: Run Behavior\ReadHtmlCacheBehavior [ RunTime:0.002071s ]
INFO: [ app_begin ] --END-- [ RunTime:0.003371s ]
INFO: [ view_parse ] --START--
INFO: [ template_filter ] --START--
INFO: Run Behavior\ContentReplaceBehavior [ RunTime:0.000126s ]
INFO: [ template_filter ] --END-- [ RunTime:0.000256s ]
NOTIC: [8] Undefined variable: page E:\xampp\htdocs\nmn\snadmin\Runtime\Cache\Home\0db364029371349824c8dbe1d39bb281.php 第 107 行.
INFO: Run Behavior\ParseTemplateBehavior [ RunTime:0.017503s ]
INFO: [ view_parse ] --END-- [ RunTime:0.017632s ]
INFO: [ view_filter ] --START--
INFO: Run Behavior\WriteHtmlCacheBehavior [ RunTime:0.001242s ]
INFO: [ view_filter ] --END-- [ RunTime:0.001356s ]
INFO: [ app_end ] --START--
INFO: Run Behavior\ShowPageTraceBehavior [ RunTime:0.002151s ]
INFO: [ app_end ] --END-- [ RunTime:0.002304s ]

[ 2016-06-02T20:29:10+08:00 ] 127.0.0.1 /admin.php/Home/Code/code_list
INFO: [ app_begin ] --START--
INFO: Run Behavior\ReadHtmlCacheBehavior [ RunTime:0.002721s ]
INFO: [ app_begin ] --END-- [ RunTime:0.004707s ]
SQL: SHOW COLUMNS FROM `ot_code` [ RunTime:0.0085s ]
SQL: SELECT COUNT(*) AS tp_count FROM `ot_code` LIMIT 1   [ RunTime:0.0007s ]
NOTIC: [8] Undefined variable: map E:\xampp\htdocs\nmn\snadmin\Home\Controller\CodeController.class.php 第 64 行.
SQL: SELECT COUNT(*) AS tp_count FROM `ot_code` LIMIT 1   [ RunTime:0.0006s ]
NOTIC: [8] Undefined variable: map E:\xampp\htdocs\nmn\snadmin\Home\Controller\CodeController.class.php 第 69 行.
SQL: SELECT * FROM `ot_code` ORDER BY id DESC LIMIT 0,20   [ RunTime:0.0016s ]
INFO: [ view_parse ] --START--
INFO: [ template_filter ] --START--
INFO: Run Behavior\ContentReplaceBehavior [ RunTime:0.000115s ]
INFO: [ template_filter ] --END-- [ RunTime:0.000245s ]
INFO: Run Behavior\ParseTemplateBehavior [ RunTime:0.019177s ]
INFO: [ view_parse ] --END-- [ RunTime:0.019322s ]
INFO: [ view_filter ] --START--
INFO: Run Behavior\WriteHtmlCacheBehavior [ RunTime:0.001067s ]
INFO: [ view_filter ] --END-- [ RunTime:0.001183s ]
INFO: [ app_end ] --START--
INFO: Run Behavior\ShowPageTraceBehavior [ RunTime:0.001675s ]
INFO: [ app_end ] --END-- [ RunTime:0.001900s ]

[ 2016-06-02T20:40:34+08:00 ] 127.0.0.1 /admin.php/Home/Code/code_list
INFO: [ app_begin ] --START--
INFO: Run Behavior\ReadHtmlCacheBehavior [ RunTime:0.001929s ]
INFO: [ app_begin ] --END-- [ RunTime:0.003246s ]
SQL: SHOW COLUMNS FROM `ot_code` [ RunTime:0.0098s ]
SQL: SELECT COUNT(*) AS tp_count FROM `ot_code` LIMIT 1   [ RunTime:0.0006s ]
NOTIC: [8] Undefined variable: map E:\xampp\htdocs\nmn\snadmin\Home\Controller\CodeController.class.php 第 64 行.
SQL: SELECT COUNT(*) AS tp_count FROM `ot_code` LIMIT 1   [ RunTime:0.0006s ]
NOTIC: [8] Undefined variable: map E:\xampp\htdocs\nmn\snadmin\Home\Controller\CodeController.class.php 第 69 行.
SQL: SELECT * FROM `ot_code` ORDER BY id DESC LIMIT 0,20   [ RunTime:0.0016s ]
INFO: [ view_parse ] --START--
INFO: [ template_filter ] --START--
INFO: Run Behavior\ContentReplaceBehavior [ RunTime:0.000117s ]
INFO: [ template_filter ] --END-- [ RunTime:0.000240s ]
INFO: Run Behavior\ParseTemplateBehavior [ RunTime:0.018520s ]
INFO: [ view_parse ] --END-- [ RunTime:0.018667s ]
INFO: [ view_filter ] --START--
INFO: Run Behavior\WriteHtmlCacheBehavior [ RunTime:0.001604s ]
INFO: [ view_filter ] --END-- [ RunTime:0.001841s ]
INFO: [ app_end ] --START--
INFO: Run Behavior\ShowPageTraceBehavior [ RunTime:0.001712s ]
INFO: [ app_end ] --END-- [ RunTime:0.001893s ]

[ 2016-06-02T20:40:47+08:00 ] 127.0.0.1 /admin.php/Home/Code/code_list/cz/2/
INFO: [ app_begin ] --START--
INFO: Run Behavior\ReadHtmlCacheBehavior [ RunTime:0.001369s ]
INFO: [ app_begin ] --END-- [ RunTime:0.002340s ]
SQL: SHOW COLUMNS FROM `ot_code` [ RunTime:0.0079s ]
SQL: SELECT COUNT(*) AS tp_count FROM `ot_code` LIMIT 1   [ RunTime:0.0005s ]
SQL: SELECT COUNT(*) AS tp_count FROM `ot_code` WHERE `status` = 2 LIMIT 1   [ RunTime:0.0007s ]
SQL: SELECT * FROM `ot_code` WHERE `status` = 2 ORDER BY id DESC LIMIT 0,20   [ RunTime:0.0010s ]
INFO: [ view_parse ] --START--
INFO: [ template_filter ] --START--
INFO: Run Behavior\ContentReplaceBehavior [ RunTime:0.000137s ]
INFO: [ template_filter ] --END-- [ RunTime:0.000297s ]
INFO: Run Behavior\ParseTemplateBehavior [ RunTime:0.015773s ]
INFO: [ view_parse ] --END-- [ RunTime:0.015904s ]
INFO: [ view_filter ] --START--
INFO: Run Behavior\WriteHtmlCacheBehavior [ RunTime:0.001147s ]
INFO: [ view_filter ] --END-- [ RunTime:0.001283s ]
INFO: [ app_end ] --START--
INFO: Run Behavior\ShowPageTraceBehavior [ RunTime:0.001498s ]
INFO: [ app_end ] --END-- [ RunTime:0.001599s ]

[ 2016-06-02T20:40:48+08:00 ] 127.0.0.1 /admin.php/Home/Code/code_list/cz/1/
INFO: [ app_begin ] --START--
INFO: Run Behavior\ReadHtmlCacheBehavior [ RunTime:0.001259s ]
INFO: [ app_begin ] --END-- [ RunTime:0.002285s ]
SQL: SHOW COLUMNS FROM `ot_code` [ RunTime:0.0081s ]
SQL: SELECT COUNT(*) AS tp_count FROM `ot_code` LIMIT 1   [ RunTime:0.0005s ]
SQL: SELECT COUNT(*) AS tp_count FROM `ot_code` WHERE `status` = 1 LIMIT 1   [ RunTime:0.0008s ]
SQL: SELECT * FROM `ot_code` WHERE `status` = 1 ORDER BY id DESC LIMIT 0,20   [ RunTime:0.0012s ]
INFO: [ view_parse ] --START--
INFO: [ template_filter ] --START--
INFO: Run Behavior\ContentReplaceBehavior [ RunTime:0.000111s ]
INFO: [ template_filter ] --END-- [ RunTime:0.000293s ]
INFO: Run Behavior\ParseTemplateBehavior [ RunTime:0.017950s ]
INFO: [ view_parse ] --END-- [ RunTime:0.018067s ]
INFO: [ view_filter ] --START--
INFO: Run Behavior\WriteHtmlCacheBehavior [ RunTime:0.001082s ]
INFO: [ view_filter ] --END-- [ RunTime:0.001175s ]
INFO: [ app_end ] --START--
INFO: Run Behavior\ShowPageTraceBehavior [ RunTime:0.001273s ]
INFO: [ app_end ] --END-- [ RunTime:0.001413s ]

[ 2016-06-02T20:40:53+08:00 ] 127.0.0.1 /admin.php/Home/Code/code_list
INFO: [ app_begin ] --START--
INFO: Run Behavior\ReadHtmlCacheBehavior [ RunTime:0.002519s ]
INFO: [ app_begin ] --END-- [ RunTime:0.004319s ]
SQL: SHOW COLUMNS FROM `ot_code` [ RunTime:0.0096s ]
SQL: SELECT COUNT(*) AS tp_count FROM `ot_code` LIMIT 1   [ RunTime:0.0007s ]
NOTIC: [8] Undefined variable: map E:\xampp\htdocs\nmn\snadmin\Home\Controller\CodeController.class.php 第 64 行.
SQL: SELECT COUNT(*) AS tp_count FROM `ot_code` LIMIT 1   [ RunTime:0.0006s ]
NOTIC: [8] Undefined variable: map E:\xampp\htdocs\nmn\snadmin\Home\Controller\CodeController.class.php 第 69 行.
SQL: SELECT * FROM `ot_code` ORDER BY id DESC LIMIT 0,20   [ RunTime:0.0015s ]
INFO: [ view_parse ] --START--
INFO: [ template_filter ] --START--
INFO: Run Behavior\ContentReplaceBehavior [ RunTime:0.000114s ]
INFO: [ template_filter ] --END-- [ RunTime:0.000237s ]
INFO: Run Behavior\ParseTemplateBehavior [ RunTime:0.021692s ]
INFO: [ view_parse ] --END-- [ RunTime:0.021941s ]
INFO: [ view_filter ] --START--
INFO: Run Behavior\WriteHtmlCacheBehavior [ RunTime:0.001724s ]
INFO: [ view_filter ] --END-- [ RunTime:0.001854s ]
INFO: [ app_end ] --START--
INFO: Run Behavior\ShowPageTraceBehavior [ RunTime:0.001922s ]
INFO: [ app_end ] --END-- [ RunTime:0.002102s ]

[ 2016-06-02T20:44:23+08:00 ] 127.0.0.1 /admin.php/Home/Shop/zsbyg_list
INFO: [ app_begin ] --START--
INFO: Run Behavior\ReadHtmlCacheBehavior [ RunTime:0.001594s ]
INFO: [ app_begin ] --END-- [ RunTime:0.002689s ]
SQL: SHOW COLUMNS FROM `ot_info` [ RunTime:0.0097s ]
SQL: SELECT COUNT(*) AS tp_count FROM `ot_info` WHERE `zt` = 0 LIMIT 1   [ RunTime:0.0183s ]
SQL: SELECT * FROM `ot_info` WHERE `zt` = 0 ORDER BY IF_ID DESC LIMIT 0,100   [ RunTime:0.0014s ]
SQL: SHOW COLUMNS FROM `ot_user` [ RunTime:0.0119s ]
SQL: SELECT * FROM `ot_user` WHERE `UE_ID` = 66 LIMIT 1   [ RunTime:0.0009s ]
INFO: [ view_parse ] --START--
INFO: [ template_filter ] --START--
INFO: Run Behavior\ContentReplaceBehavior [ RunTime:0.000095s ]
INFO: [ template_filter ] --END-- [ RunTime:0.000195s ]
INFO: Run Behavior\ParseTemplateBehavior [ RunTime:0.016131s ]
INFO: [ view_parse ] --END-- [ RunTime:0.016257s ]
INFO: [ view_filter ] --START--
INFO: Run Behavior\WriteHtmlCacheBehavior [ RunTime:0.000980s ]
INFO: [ view_filter ] --END-- [ RunTime:0.001072s ]
INFO: [ app_end ] --START--
INFO: Run Behavior\ShowPageTraceBehavior [ RunTime:0.001346s ]
INFO: [ app_end ] --END-- [ RunTime:0.001442s ]

[ 2016-06-02T20:50:38+08:00 ] 127.0.0.1 /admin.php/Home/Index/main
INFO: [ app_begin ] --START--
INFO: Run Behavior\ReadHtmlCacheBehavior [ RunTime:0.055676s ]
INFO: [ app_begin ] --END-- [ RunTime:0.056880s ]
INFO: [ view_parse ] --START--
INFO: [ template_filter ] --START--
INFO: Run Behavior\ContentReplaceBehavior [ RunTime:0.000104s ]
INFO: [ template_filter ] --END-- [ RunTime:0.000226s ]
INFO: Run Behavior\ParseTemplateBehavior [ RunTime:0.021226s ]
INFO: [ view_parse ] --END-- [ RunTime:0.021388s ]
INFO: [ view_filter ] --START--
INFO: Run Behavior\WriteHtmlCacheBehavior [ RunTime:0.001152s ]
INFO: [ view_filter ] --END-- [ RunTime:0.001247s ]
INFO: [ app_end ] --START--
INFO: Run Behavior\ShowPageTraceBehavior [ RunTime:0.001536s ]
INFO: [ app_end ] --END-- [ RunTime:0.001647s ]

[ 2016-06-02T20:50:38+08:00 ] 127.0.0.1 /admin.php/Home/Index/top.html
INFO: [ app_begin ] --START--
INFO: Run Behavior\ReadHtmlCacheBehavior [ RunTime:0.001942s ]
INFO: [ app_begin ] --END-- [ RunTime:0.003310s ]
INFO: [ view_parse ] --START--
INFO: [ template_filter ] --START--
INFO: Run Behavior\ContentReplaceBehavior [ RunTime:0.000085s ]
INFO: [ template_filter ] --END-- [ RunTime:0.000279s ]
INFO: Run Behavior\ParseTemplateBehavior [ RunTime:0.032648s ]
INFO: [ view_parse ] --END-- [ RunTime:0.032770s ]
INFO: [ view_filter ] --START--
INFO: Run Behavior\WriteHtmlCacheBehavior [ RunTime:0.001255s ]
INFO: [ view_filter ] --END-- [ RunTime:0.001348s ]
INFO: [ app_end ] --START--
INFO: Run Behavior\ShowPageTraceBehavior [ RunTime:0.001514s ]
INFO: [ app_end ] --END-- [ RunTime:0.001621s ]

[ 2016-06-02T20:50:38+08:00 ] 127.0.0.1 /admin.php/Home/Index/left.html
INFO: [ app_begin ] --START--
INFO: Run Behavior\ReadHtmlCacheBehavior [ RunTime:0.001429s ]
INFO: [ app_begin ] --END-- [ RunTime:0.002518s ]
INFO: [ view_parse ] --START--
INFO: [ template_filter ] --START--
INFO: Run Behavior\ContentReplaceBehavior [ RunTime:0.000111s ]
INFO: [ template_filter ] --END-- [ RunTime:0.000217s ]
INFO: Run Behavior\ParseTemplateBehavior [ RunTime:0.019038s ]
INFO: [ view_parse ] --END-- [ RunTime:0.019154s ]
INFO: [ view_filter ] --START--
INFO: Run Behavior\WriteHtmlCacheBehavior [ RunTime:0.001320s ]
INFO: [ view_filter ] --END-- [ RunTime:0.001401s ]
INFO: [ app_end ] --START--
INFO: Run Behavior\ShowPageTraceBehavior [ RunTime:0.002836s ]
INFO: [ app_end ] --END-- [ RunTime:0.002926s ]

[ 2016-06-02T20:50:38+08:00 ] 127.0.0.1 /admin.php/Home/Index/df1
INFO: [ app_begin ] --START--
INFO: Run Behavior\ReadHtmlCacheBehavior [ RunTime:0.001504s ]
INFO: [ app_begin ] --END-- [ RunTime:0.003878s ]
SQL: SHOW COLUMNS FROM `ot_system` [ RunTime:0.0485s ]
SQL: SELECT * FROM `ot_system` WHERE `SYS_ID` = 1 LIMIT 1   [ RunTime:0.0009s ]
SQL: SHOW COLUMNS FROM `ot_drrz` [ RunTime:0.0691s ]
SQL: SELECT * FROM `ot_drrz` WHERE `user` = 'admin' AND `leixin` = 1 ORDER BY id DESC LIMIT 2   [ RunTime:0.0007s ]
SQL: SHOW COLUMNS FROM `ot_user` [ RunTime:0.0826s ]
SQL: SELECT COUNT(UE_ID) AS tp_count FROM `ot_user` WHERE ( `UE_regTime`> '2016-06-02 00:00:00' AND `UE_regTime` < '2016-06-02 23:59:59' ) LIMIT 1   [ RunTime:0.0008s ]
SQL: SELECT COUNT(UE_ID) AS tp_count FROM `ot_user` WHERE ( `UE_activeTime`> '2016-06-02 00:00:00' AND `UE_activeTime` < '2016-06-02 23:59:59' ) LIMIT 1   [ RunTime:0.0007s ]
SQL: SELECT COUNT(UE_ID) AS tp_count FROM `ot_user` WHERE ( `UE_regTime`> '2016-06-01 00:00:00' AND `UE_regTime` < '2016-06-01 23:59:59' ) LIMIT 1   [ RunTime:0.0007s ]
SQL: SELECT COUNT(UE_ID) AS tp_count FROM `ot_user` WHERE ( `UE_activeTime`> '2016-06-01 00:00:00' AND `UE_activeTime` < '2016-06-01 23:59:59' ) LIMIT 1   [ RunTime:0.0007s ]
SQL: SELECT COUNT(UE_ID) AS tp_count FROM `ot_user` WHERE ( `UE_ID`> '0' ) LIMIT 1   [ RunTime:0.0005s ]
SQL: SELECT COUNT(UE_ID) AS tp_count FROM `ot_user` WHERE ( `UE_ID`> '0' AND `UE_check` = '1' ) LIMIT 1   [ RunTime:0.0011s ]
SQL: SELECT COUNT(UE_ID) AS tp_count FROM `ot_user` WHERE ( `UE_ID`> '0' AND `UE_check` = '1' AND `UE_stop` = '0' ) LIMIT 1   [ RunTime:0.0011s ]
SQL: SELECT SUM(UE_money) AS tp_sum FROM `ot_user` LIMIT 1   [ RunTime:0.0007s ]
SQL: SELECT SUM(ybhe) AS tp_sum FROM `ot_user` LIMIT 1   [ RunTime:0.0006s ]
SQL: SELECT SUM(zsbhe) AS tp_sum FROM `ot_user` LIMIT 1   [ RunTime:0.0006s ]
INFO: [ view_parse ] --START--
INFO: [ template_filter ] --START--
INFO: Run Behavior\ContentReplaceBehavior [ RunTime:0.000102s ]
INFO: [ template_filter ] --END-- [ RunTime:0.000224s ]
INFO: Run Behavior\ParseTemplateBehavior [ RunTime:0.014316s ]
INFO: [ view_parse ] --END-- [ RunTime:0.014421s ]
INFO: [ view_filter ] --START--
INFO: Run Behavior\WriteHtmlCacheBehavior [ RunTime:0.000879s ]
INFO: [ view_filter ] --END-- [ RunTime:0.000951s ]
INFO: [ app_end ] --START--
INFO: Run Behavior\ShowPageTraceBehavior [ RunTime:0.001205s ]
INFO: [ app_end ] --END-- [ RunTime:0.001295s ]

[ 2016-06-02T20:50:42+08:00 ] 127.0.0.1 /admin.php/Home/Code/codeStatus
INFO: [ app_begin ] --START--
INFO: Run Behavior\ReadHtmlCacheBehavior [ RunTime:0.001940s ]
INFO: [ app_begin ] --END-- [ RunTime:0.003547s ]
SQL: SHOW COLUMNS FROM `ot_config` [ RunTime:0.0097s ]
ERR: 1054:Unknown column 'schedule_name' in 'where clause'
 [ SQL语句 ] : SELECT * FROM `ot_config` WHERE ( name = schedule_name ) LIMIT 1  
ERR: 1054:Unknown column 'schedule_name' in 'where clause'
 [ SQL语句 ] : SELECT * FROM `ot_config` WHERE ( name = schedule_name ) LIMIT 1  

[ 2016-06-02T20:50:59+08:00 ] 127.0.0.1 /admin.php/Home/Index/main
INFO: [ app_begin ] --START--
INFO: Run Behavior\ReadHtmlCacheBehavior [ RunTime:0.000976s ]
INFO: [ app_begin ] --END-- [ RunTime:0.001824s ]
INFO: [ view_parse ] --START--
INFO: [ template_filter ] --START--
INFO: Run Behavior\ContentReplaceBehavior [ RunTime:0.000063s ]
INFO: [ template_filter ] --END-- [ RunTime:0.000159s ]
INFO: Run Behavior\ParseTemplateBehavior [ RunTime:0.013247s ]
INFO: [ view_parse ] --END-- [ RunTime:0.013361s ]
INFO: [ view_filter ] --START--
INFO: Run Behavior\WriteHtmlCacheBehavior [ RunTime:0.001144s ]
INFO: [ view_filter ] --END-- [ RunTime:0.001254s ]
INFO: [ app_end ] --START--
INFO: Run Behavior\ShowPageTraceBehavior [ RunTime:0.001580s ]
INFO: [ app_end ] --END-- [ RunTime:0.001733s ]

[ 2016-06-02T20:50:59+08:00 ] 127.0.0.1 /admin.php/Home/Index/top.html
INFO: [ app_begin ] --START--
INFO: Run Behavior\ReadHtmlCacheBehavior [ RunTime:0.000812s ]
INFO: [ app_begin ] --END-- [ RunTime:0.001498s ]
INFO: [ view_parse ] --START--
INFO: [ template_filter ] --START--
INFO: Run Behavior\ContentReplaceBehavior [ RunTime:0.000057s ]
INFO: [ template_filter ] --END-- [ RunTime:0.000135s ]
INFO: Run Behavior\ParseTemplateBehavior [ RunTime:0.008779s ]
INFO: [ view_parse ] --END-- [ RunTime:0.008872s ]
INFO: [ view_filter ] --START--
INFO: Run Behavior\WriteHtmlCacheBehavior [ RunTime:0.000496s ]
INFO: [ view_filter ] --END-- [ RunTime:0.000554s ]
INFO: [ app_end ] --START--
INFO: Run Behavior\ShowPageTraceBehavior [ RunTime:0.000982s ]
INFO: [ app_end ] --END-- [ RunTime:0.001048s ]

[ 2016-06-02T20:50:59+08:00 ] 127.0.0.1 /admin.php/Home/Index/left.html
INFO: [ app_begin ] --START--
INFO: Run Behavior\ReadHtmlCacheBehavior [ RunTime:0.001116s ]
INFO: [ app_begin ] --END-- [ RunTime:0.001847s ]
INFO: [ view_parse ] --START--
INFO: [ template_filter ] --START--
INFO: Run Behavior\ContentReplaceBehavior [ RunTime:0.000093s ]
INFO: [ template_filter ] --END-- [ RunTime:0.000185s ]
INFO: Run Behavior\ParseTemplateBehavior [ RunTime:0.014554s ]
INFO: [ view_parse ] --END-- [ RunTime:0.014692s ]
INFO: [ view_filter ] --START--
INFO: Run Behavior\WriteHtmlCacheBehavior [ RunTime:0.000761s ]
INFO: [ view_filter ] --END-- [ RunTime:0.000829s ]
INFO: [ app_end ] --START--
INFO: Run Behavior\ShowPageTraceBehavior [ RunTime:0.000964s ]
INFO: [ app_end ] --END-- [ RunTime:0.001028s ]

[ 2016-06-02T20:50:59+08:00 ] 127.0.0.1 /admin.php/Home/Index/df1
INFO: [ app_begin ] --START--
INFO: Run Behavior\ReadHtmlCacheBehavior [ RunTime:0.000947s ]
INFO: [ app_begin ] --END-- [ RunTime:0.001845s ]
SQL: SHOW COLUMNS FROM `ot_system` [ RunTime:0.0103s ]
SQL: SELECT * FROM `ot_system` WHERE `SYS_ID` = 1 LIMIT 1   [ RunTime:0.0007s ]
SQL: SHOW COLUMNS FROM `ot_drrz` [ RunTime:0.0061s ]
SQL: SELECT * FROM `ot_drrz` WHERE `user` = 'admin' AND `leixin` = 1 ORDER BY id DESC LIMIT 2   [ RunTime:0.0006s ]
SQL: SHOW COLUMNS FROM `ot_user` [ RunTime:0.0072s ]
SQL: SELECT COUNT(UE_ID) AS tp_count FROM `ot_user` WHERE ( `UE_regTime`> '2016-06-02 00:00:00' AND `UE_regTime` < '2016-06-02 23:59:59' ) LIMIT 1   [ RunTime:0.0007s ]
SQL: SELECT COUNT(UE_ID) AS tp_count FROM `ot_user` WHERE ( `UE_activeTime`> '2016-06-02 00:00:00' AND `UE_activeTime` < '2016-06-02 23:59:59' ) LIMIT 1   [ RunTime:0.0006s ]
SQL: SELECT COUNT(UE_ID) AS tp_count FROM `ot_user` WHERE ( `UE_regTime`> '2016-06-01 00:00:00' AND `UE_regTime` < '2016-06-01 23:59:59' ) LIMIT 1   [ RunTime:0.0005s ]
SQL: SELECT COUNT(UE_ID) AS tp_count FROM `ot_user` WHERE ( `UE_activeTime`> '2016-06-01 00:00:00' AND `UE_activeTime` < '2016-06-01 23:59:59' ) LIMIT 1   [ RunTime:0.0005s ]
SQL: SELECT COUNT(UE_ID) AS tp_count FROM `ot_user` WHERE ( `UE_ID`> '0' ) LIMIT 1   [ RunTime:0.0005s ]
SQL: SELECT COUNT(UE_ID) AS tp_count FROM `ot_user` WHERE ( `UE_ID`> '0' AND `UE_check` = '1' ) LIMIT 1   [ RunTime:0.0010s ]
SQL: SELECT COUNT(UE_ID) AS tp_count FROM `ot_user` WHERE ( `UE_ID`> '0' AND `UE_check` = '1' AND `UE_stop` = '0' ) LIMIT 1   [ RunTime:0.0014s ]
SQL: SELECT SUM(UE_money) AS tp_sum FROM `ot_user` LIMIT 1   [ RunTime:0.0006s ]
SQL: SELECT SUM(ybhe) AS tp_sum FROM `ot_user` LIMIT 1   [ RunTime:0.0006s ]
SQL: SELECT SUM(zsbhe) AS tp_sum FROM `ot_user` LIMIT 1   [ RunTime:0.0006s ]
INFO: [ view_parse ] --START--
INFO: [ template_filter ] --START--
INFO: Run Behavior\ContentReplaceBehavior [ RunTime:0.000057s ]
INFO: [ template_filter ] --END-- [ RunTime:0.000137s ]
INFO: Run Behavior\ParseTemplateBehavior [ RunTime:0.009500s ]
INFO: [ view_parse ] --END-- [ RunTime:0.009590s ]
INFO: [ view_filter ] --START--
INFO: Run Behavior\WriteHtmlCacheBehavior [ RunTime:0.000768s ]
INFO: [ view_filter ] --END-- [ RunTime:0.000839s ]
INFO: [ app_end ] --START--
INFO: Run Behavior\ShowPageTraceBehavior [ RunTime:0.000934s ]
INFO: [ app_end ] --END-- [ RunTime:0.001006s ]

[ 2016-06-02T20:51:02+08:00 ] 127.0.0.1 /admin.php/Home/Code/codeStatus
INFO: [ app_begin ] --START--
INFO: Run Behavior\ReadHtmlCacheBehavior [ RunTime:0.001558s ]
INFO: [ app_begin ] --END-- [ RunTime:0.002894s ]
SQL: SHOW COLUMNS FROM `ot_config` [ RunTime:0.0121s ]
SQL: SELECT * FROM `ot_config` WHERE ( name = 'schedule_name' ) LIMIT 1   [ RunTime:0.0009s ]
INFO: [ view_parse ] --START--
INFO: [ template_filter ] --START--
INFO: Run Behavior\ContentReplaceBehavior [ RunTime:0.000112s ]
INFO: [ template_filter ] --END-- [ RunTime:0.000249s ]
NOTIC: [8] Undefined variable: page E:\xampp\htdocs\nmn\snadmin\Runtime\Cache\Home\f1d9dcf45dbdf0ba02cfb303b8911c04.php 第 54 行.
INFO: Run Behavior\ParseTemplateBehavior [ RunTime:0.016593s ]
INFO: [ view_parse ] --END-- [ RunTime:0.016782s ]
INFO: [ view_filter ] --START--
INFO: Run Behavior\WriteHtmlCacheBehavior [ RunTime:0.001256s ]
INFO: [ view_filter ] --END-- [ RunTime:0.001409s ]
INFO: [ app_end ] --START--
INFO: Run Behavior\ShowPageTraceBehavior [ RunTime:0.002257s ]
INFO: [ app_end ] --END-- [ RunTime:0.002481s ]

[ 2016-06-02T20:52:26+08:00 ] 127.0.0.1 /admin.php/Home/Index/main
INFO: [ app_begin ] --START--
INFO: Run Behavior\ReadHtmlCacheBehavior [ RunTime:0.001524s ]
INFO: [ app_begin ] --END-- [ RunTime:0.002720s ]
INFO: [ view_parse ] --START--
INFO: [ template_filter ] --START--
INFO: Run Behavior\ContentReplaceBehavior [ RunTime:0.000063s ]
INFO: [ template_filter ] --END-- [ RunTime:0.000157s ]
INFO: Run Behavior\ParseTemplateBehavior [ RunTime:0.011835s ]
INFO: [ view_parse ] --END-- [ RunTime:0.011983s ]
INFO: [ view_filter ] --START--
INFO: Run Behavior\WriteHtmlCacheBehavior [ RunTime:0.000767s ]
INFO: [ view_filter ] --END-- [ RunTime:0.000848s ]
INFO: [ app_end ] --START--
INFO: Run Behavior\ShowPageTraceBehavior [ RunTime:0.001373s ]
INFO: [ app_end ] --END-- [ RunTime:0.001468s ]

[ 2016-06-02T20:52:26+08:00 ] 127.0.0.1 /admin.php/Home/Index/top.html
INFO: [ app_begin ] --START--
INFO: Run Behavior\ReadHtmlCacheBehavior [ RunTime:0.001041s ]
INFO: [ app_begin ] --END-- [ RunTime:0.001969s ]
INFO: [ view_parse ] --START--
INFO: [ template_filter ] --START--
INFO: Run Behavior\ContentReplaceBehavior [ RunTime:0.000071s ]
INFO: [ template_filter ] --END-- [ RunTime:0.000172s ]
INFO: Run Behavior\ParseTemplateBehavior [ RunTime:0.012332s ]
INFO: [ view_parse ] --END-- [ RunTime:0.012437s ]
INFO: [ view_filter ] --START--
INFO: Run Behavior\WriteHtmlCacheBehavior [ RunTime:0.000597s ]
INFO: [ view_filter ] --END-- [ RunTime:0.000671s ]
INFO: [ app_end ] --START--
INFO: Run Behavior\ShowPageTraceBehavior [ RunTime:0.000968s ]
INFO: [ app_end ] --END-- [ RunTime:0.001049s ]

[ 2016-06-02T20:52:27+08:00 ] 127.0.0.1 /admin.php/Home/Index/df1
INFO: [ app_begin ] --START--
INFO: Run Behavior\ReadHtmlCacheBehavior [ RunTime:0.001141s ]
INFO: [ app_begin ] --END-- [ RunTime:0.002323s ]
SQL: SHOW COLUMNS FROM `ot_system` [ RunTime:0.0426s ]
SQL: SELECT * FROM `ot_system` WHERE `SYS_ID` = 1 LIMIT 1   [ RunTime:0.0010s ]
SQL: SHOW COLUMNS FROM `ot_drrz` [ RunTime:0.0969s ]
SQL: SELECT * FROM `ot_drrz` WHERE `user` = 'admin' AND `leixin` = 1 ORDER BY id DESC LIMIT 2   [ RunTime:0.0006s ]
SQL: SHOW COLUMNS FROM `ot_user` [ RunTime:0.0150s ]
SQL: SELECT COUNT(UE_ID) AS tp_count FROM `ot_user` WHERE ( `UE_regTime`> '2016-06-02 00:00:00' AND `UE_regTime` < '2016-06-02 23:59:59' ) LIMIT 1   [ RunTime:0.0007s ]
SQL: SELECT COUNT(UE_ID) AS tp_count FROM `ot_user` WHERE ( `UE_activeTime`> '2016-06-02 00:00:00' AND `UE_activeTime` < '2016-06-02 23:59:59' ) LIMIT 1   [ RunTime:0.0006s ]
SQL: SELECT COUNT(UE_ID) AS tp_count FROM `ot_user` WHERE ( `UE_regTime`> '2016-06-01 00:00:00' AND `UE_regTime` < '2016-06-01 23:59:59' ) LIMIT 1   [ RunTime:0.0007s ]
SQL: SELECT COUNT(UE_ID) AS tp_count FROM `ot_user` WHERE ( `UE_activeTime`> '2016-06-01 00:00:00' AND `UE_activeTime` < '2016-06-01 23:59:59' ) LIMIT 1   [ RunTime:0.0006s ]
SQL: SELECT COUNT(UE_ID) AS tp_count FROM `ot_user` WHERE ( `UE_ID`> '0' ) LIMIT 1   [ RunTime:0.0004s ]
SQL: SELECT COUNT(UE_ID) AS tp_count FROM `ot_user` WHERE ( `UE_ID`> '0' AND `UE_check` = '1' ) LIMIT 1   [ RunTime:0.0010s ]
SQL: SELECT COUNT(UE_ID) AS tp_count FROM `ot_user` WHERE ( `UE_ID`> '0' AND `UE_check` = '1' AND `UE_stop` = '0' ) LIMIT 1   [ RunTime:0.0010s ]
SQL: SELECT SUM(UE_money) AS tp_sum FROM `ot_user` LIMIT 1   [ RunTime:0.0005s ]
SQL: SELECT SUM(ybhe) AS tp_sum FROM `ot_user` LIMIT 1   [ RunTime:0.0005s ]
SQL: SELECT SUM(zsbhe) AS tp_sum FROM `ot_user` LIMIT 1   [ RunTime:0.0005s ]
INFO: [ view_parse ] --START--
INFO: [ template_filter ] --START--
INFO: Run Behavior\ContentReplaceBehavior [ RunTime:0.000055s ]
INFO: [ template_filter ] --END-- [ RunTime:0.000123s ]
INFO: Run Behavior\ParseTemplateBehavior [ RunTime:0.009030s ]
INFO: [ view_parse ] --END-- [ RunTime:0.009111s ]
INFO: [ view_filter ] --START--
INFO: Run Behavior\WriteHtmlCacheBehavior [ RunTime:0.000905s ]
INFO: [ view_filter ] --END-- [ RunTime:0.000975s ]
INFO: [ app_end ] --START--
INFO: Run Behavior\ShowPageTraceBehavior [ RunTime:0.001325s ]
INFO: [ app_end ] --END-- [ RunTime:0.001407s ]

[ 2016-06-02T20:52:27+08:00 ] 127.0.0.1 /admin.php/Home/Index/left.html
INFO: [ app_begin ] --START--
INFO: Run Behavior\ReadHtmlCacheBehavior [ RunTime:0.001203s ]
INFO: [ app_begin ] --END-- [ RunTime:0.002129s ]
INFO: [ view_parse ] --START--
INFO: [ template_filter ] --START--
INFO: Run Behavior\ContentReplaceBehavior [ RunTime:0.000087s ]
INFO: [ template_filter ] --END-- [ RunTime:0.000168s ]
INFO: Run Behavior\ParseTemplateBehavior [ RunTime:0.011569s ]
INFO: [ view_parse ] --END-- [ RunTime:0.011695s ]
INFO: [ view_filter ] --START--
INFO: Run Behavior\WriteHtmlCacheBehavior [ RunTime:0.001090s ]
INFO: [ view_filter ] --END-- [ RunTime:0.001217s ]
INFO: [ app_end ] --START--
INFO: Run Behavior\ShowPageTraceBehavior [ RunTime:0.000961s ]
INFO: [ app_end ] --END-- [ RunTime:0.001060s ]

[ 2016-06-02T20:52:30+08:00 ] 127.0.0.1 /admin.php/Home/Code/codeStatus
INFO: [ app_begin ] --START--
INFO: Run Behavior\ReadHtmlCacheBehavior [ RunTime:0.002576s ]
INFO: [ app_begin ] --END-- [ RunTime:0.003993s ]
SQL: SHOW COLUMNS FROM `ot_config` [ RunTime:0.0122s ]
SQL: SELECT * FROM `ot_config` WHERE ( name = 'schedule_name' ) LIMIT 1   [ RunTime:0.0009s ]
INFO: [ view_parse ] --START--
INFO: [ template_filter ] --START--
INFO: Run Behavior\ContentReplaceBehavior [ RunTime:0.000229s ]
INFO: [ template_filter ] --END-- [ RunTime:0.000370s ]
NOTIC: [8] Undefined variable: page E:\xampp\htdocs\nmn\snadmin\Runtime\Cache\Home\f1d9dcf45dbdf0ba02cfb303b8911c04.php 第 53 行.
INFO: Run Behavior\ParseTemplateBehavior [ RunTime:0.022485s ]
INFO: [ view_parse ] --END-- [ RunTime:0.022827s ]
INFO: [ view_filter ] --START--
INFO: Run Behavior\WriteHtmlCacheBehavior [ RunTime:0.001445s ]
INFO: [ view_filter ] --END-- [ RunTime:0.001581s ]
INFO: [ app_end ] --START--
INFO: Run Behavior\ShowPageTraceBehavior [ RunTime:0.002220s ]
INFO: [ app_end ] --END-- [ RunTime:0.002415s ]

[ 2016-06-02T20:55:39+08:00 ] 127.0.0.1 /admin.php/Home/Index/main
INFO: [ app_begin ] --START--
INFO: Run Behavior\ReadHtmlCacheBehavior [ RunTime:0.004832s ]
INFO: [ app_begin ] --END-- [ RunTime:0.006355s ]
INFO: [ view_parse ] --START--
INFO: [ template_filter ] --START--
INFO: Run Behavior\ContentReplaceBehavior [ RunTime:0.000073s ]
INFO: [ template_filter ] --END-- [ RunTime:0.000193s ]
INFO: Run Behavior\ParseTemplateBehavior [ RunTime:0.045201s ]
INFO: [ view_parse ] --END-- [ RunTime:0.045358s ]
INFO: [ view_filter ] --START--
INFO: Run Behavior\WriteHtmlCacheBehavior [ RunTime:0.001194s ]
INFO: [ view_filter ] --END-- [ RunTime:0.001396s ]
INFO: [ app_end ] --START--
INFO: Run Behavior\ShowPageTraceBehavior [ RunTime:0.001920s ]
INFO: [ app_end ] --END-- [ RunTime:0.002027s ]

[ 2016-06-02T20:55:39+08:00 ] 127.0.0.1 /admin.php/Home/Index/top.html
INFO: [ app_begin ] --START--
INFO: Run Behavior\ReadHtmlCacheBehavior [ RunTime:0.001224s ]
INFO: [ app_begin ] --END-- [ RunTime:0.002265s ]
INFO: [ view_parse ] --START--
INFO: [ template_filter ] --START--
INFO: Run Behavior\ContentReplaceBehavior [ RunTime:0.000083s ]
INFO: [ template_filter ] --END-- [ RunTime:0.000201s ]
INFO: Run Behavior\ParseTemplateBehavior [ RunTime:0.045071s ]
INFO: [ view_parse ] --END-- [ RunTime:0.045203s ]
INFO: [ view_filter ] --START--
INFO: Run Behavior\WriteHtmlCacheBehavior [ RunTime:0.028494s ]
INFO: [ view_filter ] --END-- [ RunTime:0.028588s ]
INFO: [ app_end ] --START--
INFO: Run Behavior\ShowPageTraceBehavior [ RunTime:0.003737s ]
INFO: [ app_end ] --END-- [ RunTime:0.003834s ]

[ 2016-06-02T20:55:39+08:00 ] 127.0.0.1 /admin.php/Home/Index/left.html
INFO: [ app_begin ] --START--
INFO: Run Behavior\ReadHtmlCacheBehavior [ RunTime:0.002602s ]
INFO: [ app_begin ] --END-- [ RunTime:0.003548s ]
INFO: [ view_parse ] --START--
INFO: [ template_filter ] --START--
INFO: Run Behavior\ContentReplaceBehavior [ RunTime:0.000110s ]
INFO: [ template_filter ] --END-- [ RunTime:0.000214s ]
INFO: Run Behavior\ParseTemplateBehavior [ RunTime:0.015972s ]
INFO: [ view_parse ] --END-- [ RunTime:0.016087s ]
INFO: [ view_filter ] --START--
INFO: Run Behavior\WriteHtmlCacheBehavior [ RunTime:0.000871s ]
INFO: [ view_filter ] --END-- [ RunTime:0.000946s ]
INFO: [ app_end ] --START--
INFO: Run Behavior\ShowPageTraceBehavior [ RunTime:0.001107s ]
INFO: [ app_end ] --END-- [ RunTime:0.001186s ]

[ 2016-06-02T20:55:39+08:00 ] 127.0.0.1 /admin.php/Home/Index/df1
INFO: [ app_begin ] --START--
INFO: Run Behavior\ReadHtmlCacheBehavior [ RunTime:0.002710s ]
INFO: [ app_begin ] --END-- [ RunTime:0.009413s ]
SQL: SHOW COLUMNS FROM `ot_system` [ RunTime:0.0622s ]
SQL: SELECT * FROM `ot_system` WHERE `SYS_ID` = 1 LIMIT 1   [ RunTime:0.0010s ]
SQL: SHOW COLUMNS FROM `ot_drrz` [ RunTime:0.0790s ]
SQL: SELECT * FROM `ot_drrz` WHERE `user` = 'admin' AND `leixin` = 1 ORDER BY id DESC LIMIT 2   [ RunTime:0.0008s ]
SQL: SHOW COLUMNS FROM `ot_user` [ RunTime:0.0852s ]
SQL: SELECT COUNT(UE_ID) AS tp_count FROM `ot_user` WHERE ( `UE_regTime`> '2016-06-02 00:00:00' AND `UE_regTime` < '2016-06-02 23:59:59' ) LIMIT 1   [ RunTime:0.0010s ]
SQL: SELECT COUNT(UE_ID) AS tp_count FROM `ot_user` WHERE ( `UE_activeTime`> '2016-06-02 00:00:00' AND `UE_activeTime` < '2016-06-02 23:59:59' ) LIMIT 1   [ RunTime:0.0008s ]
SQL: SELECT COUNT(UE_ID) AS tp_count FROM `ot_user` WHERE ( `UE_regTime`> '2016-06-01 00:00:00' AND `UE_regTime` < '2016-06-01 23:59:59' ) LIMIT 1   [ RunTime:0.0008s ]
SQL: SELECT COUNT(UE_ID) AS tp_count FROM `ot_user` WHERE ( `UE_activeTime`> '2016-06-01 00:00:00' AND `UE_activeTime` < '2016-06-01 23:59:59' ) LIMIT 1   [ RunTime:0.0006s ]
SQL: SELECT COUNT(UE_ID) AS tp_count FROM `ot_user` WHERE ( `UE_ID`> '0' ) LIMIT 1   [ RunTime:0.0006s ]
SQL: SELECT COUNT(UE_ID) AS tp_count FROM `ot_user` WHERE ( `UE_ID`> '0' AND `UE_check` = '1' ) LIMIT 1   [ RunTime:0.0016s ]
SQL: SELECT COUNT(UE_ID) AS tp_count FROM `ot_user` WHERE ( `UE_ID`> '0' AND `UE_check` = '1' AND `UE_stop` = '0' ) LIMIT 1   [ RunTime:0.0017s ]
SQL: SELECT SUM(UE_money) AS tp_sum FROM `ot_user` LIMIT 1   [ RunTime:0.0007s ]
SQL: SELECT SUM(ybhe) AS tp_sum FROM `ot_user` LIMIT 1   [ RunTime:0.0006s ]
SQL: SELECT SUM(zsbhe) AS tp_sum FROM `ot_user` LIMIT 1   [ RunTime:0.0006s ]
INFO: [ view_parse ] --START--
INFO: [ template_filter ] --START--
INFO: Run Behavior\ContentReplaceBehavior [ RunTime:0.000064s ]
INFO: [ template_filter ] --END-- [ RunTime:0.000152s ]
INFO: Run Behavior\ParseTemplateBehavior [ RunTime:0.012067s ]
INFO: [ view_parse ] --END-- [ RunTime:0.012171s ]
INFO: [ view_filter ] --START--
INFO: Run Behavior\WriteHtmlCacheBehavior [ RunTime:0.000854s ]
INFO: [ view_filter ] --END-- [ RunTime:0.000935s ]
INFO: [ app_end ] --START--
INFO: Run Behavior\ShowPageTraceBehavior [ RunTime:0.001390s ]
INFO: [ app_end ] --END-- [ RunTime:0.001479s ]

[ 2016-06-02T20:55:42+08:00 ] 127.0.0.1 /admin.php/Home/Code/codeStatus
INFO: [ app_begin ] --START--
INFO: Run Behavior\ReadHtmlCacheBehavior [ RunTime:0.002361s ]
INFO: [ app_begin ] --END-- [ RunTime:0.003747s ]
SQL: SHOW COLUMNS FROM `ot_config` [ RunTime:0.0102s ]
SQL: SELECT * FROM `ot_config` WHERE ( name = 'schedule_name' ) LIMIT 1   [ RunTime:0.0010s ]
INFO: [ view_parse ] --START--
INFO: [ template_filter ] --START--
INFO: Run Behavior\ContentReplaceBehavior [ RunTime:0.000110s ]
INFO: [ template_filter ] --END-- [ RunTime:0.000240s ]
NOTIC: [8] Undefined variable: page E:\xampp\htdocs\nmn\snadmin\Runtime\Cache\Home\f1d9dcf45dbdf0ba02cfb303b8911c04.php 第 57 行.
INFO: Run Behavior\ParseTemplateBehavior [ RunTime:0.016742s ]
INFO: [ view_parse ] --END-- [ RunTime:0.016947s ]
INFO: [ view_filter ] --START--
INFO: Run Behavior\WriteHtmlCacheBehavior [ RunTime:0.001384s ]
INFO: [ view_filter ] --END-- [ RunTime:0.001541s ]
INFO: [ app_end ] --START--
INFO: Run Behavior\ShowPageTraceBehavior [ RunTime:0.002116s ]
INFO: [ app_end ] --END-- [ RunTime:0.002241s ]

[ 2016-06-02T20:56:10+08:00 ] 127.0.0.1 /admin.php/Home/Code/code_list
INFO: [ app_begin ] --START--
INFO: Run Behavior\ReadHtmlCacheBehavior [ RunTime:0.001630s ]
INFO: [ app_begin ] --END-- [ RunTime:0.002693s ]
SQL: SHOW COLUMNS FROM `ot_code` [ RunTime:0.0081s ]
SQL: SELECT COUNT(*) AS tp_count FROM `ot_code` LIMIT 1   [ RunTime:0.0006s ]
NOTIC: [8] Undefined variable: map E:\xampp\htdocs\nmn\snadmin\Home\Controller\CodeController.class.php 第 64 行.
SQL: SELECT COUNT(*) AS tp_count FROM `ot_code` LIMIT 1   [ RunTime:0.0006s ]
NOTIC: [8] Undefined variable: map E:\xampp\htdocs\nmn\snadmin\Home\Controller\CodeController.class.php 第 69 行.
SQL: SELECT * FROM `ot_code` ORDER BY id DESC LIMIT 0,20   [ RunTime:0.0012s ]
INFO: [ view_parse ] --START--
INFO: [ template_filter ] --START--
INFO: Run Behavior\ContentReplaceBehavior [ RunTime:0.000096s ]
INFO: [ template_filter ] --END-- [ RunTime:0.000193s ]
INFO: Run Behavior\ParseTemplateBehavior [ RunTime:0.015013s ]
INFO: [ view_parse ] --END-- [ RunTime:0.015127s ]
INFO: [ view_filter ] --START--
INFO: Run Behavior\WriteHtmlCacheBehavior [ RunTime:0.000911s ]
INFO: [ view_filter ] --END-- [ RunTime:0.001007s ]
INFO: [ app_end ] --START--
INFO: Run Behavior\ShowPageTraceBehavior [ RunTime:0.001307s ]
INFO: [ app_end ] --END-- [ RunTime:0.001417s ]

[ 2016-06-02T20:56:11+08:00 ] 127.0.0.1 /admin.php/Home/Code/codeStatus
INFO: [ app_begin ] --START--
INFO: Run Behavior\ReadHtmlCacheBehavior [ RunTime:0.002538s ]
INFO: [ app_begin ] --END-- [ RunTime:0.004227s ]
SQL: SHOW COLUMNS FROM `ot_config` [ RunTime:0.0107s ]
SQL: SELECT * FROM `ot_config` WHERE ( name = 'schedule_name' ) LIMIT 1   [ RunTime:0.0011s ]
INFO: [ view_parse ] --START--
INFO: [ template_filter ] --START--
INFO: Run Behavior\ContentReplaceBehavior [ RunTime:0.000109s ]
INFO: [ template_filter ] --END-- [ RunTime:0.000241s ]
NOTIC: [8] Undefined variable: page E:\xampp\htdocs\nmn\snadmin\Runtime\Cache\Home\f1d9dcf45dbdf0ba02cfb303b8911c04.php 第 57 行.
INFO: Run Behavior\ParseTemplateBehavior [ RunTime:0.015531s ]
INFO: [ view_parse ] --END-- [ RunTime:0.015657s ]
INFO: [ view_filter ] --START--
INFO: Run Behavior\WriteHtmlCacheBehavior [ RunTime:0.000995s ]
INFO: [ view_filter ] --END-- [ RunTime:0.001118s ]
INFO: [ app_end ] --START--
INFO: Run Behavior\ShowPageTraceBehavior [ RunTime:0.001663s ]
INFO: [ app_end ] --END-- [ RunTime:0.001782s ]

[ 2016-06-02T20:56:27+08:00 ] 127.0.0.1 /admin.php/Home/Index/main
INFO: [ app_begin ] --START--
INFO: Run Behavior\ReadHtmlCacheBehavior [ RunTime:0.003497s ]
INFO: [ app_begin ] --END-- [ RunTime:0.005522s ]
INFO: [ view_parse ] --START--
INFO: [ template_filter ] --START--
INFO: Run Behavior\ContentReplaceBehavior [ RunTime:0.000077s ]
INFO: [ template_filter ] --END-- [ RunTime:0.000192s ]
INFO: Run Behavior\ParseTemplateBehavior [ RunTime:0.014921s ]
INFO: [ view_parse ] --END-- [ RunTime:0.015056s ]
INFO: [ view_filter ] --START--
INFO: Run Behavior\WriteHtmlCacheBehavior [ RunTime:0.001420s ]
INFO: [ view_filter ] --END-- [ RunTime:0.001563s ]
INFO: [ app_end ] --START--
INFO: Run Behavior\ShowPageTraceBehavior [ RunTime:0.002102s ]
INFO: [ app_end ] --END-- [ RunTime:0.003694s ]

[ 2016-06-02T20:56:28+08:00 ] 127.0.0.1 /admin.php/Home/Index/top.html
INFO: [ app_begin ] --START--
INFO: Run Behavior\ReadHtmlCacheBehavior [ RunTime:0.001287s ]
INFO: [ app_begin ] --END-- [ RunTime:0.002296s ]
INFO: [ view_parse ] --START--
INFO: [ template_filter ] --START--
INFO: Run Behavior\ContentReplaceBehavior [ RunTime:0.000077s ]
INFO: [ template_filter ] --END-- [ RunTime:0.000252s ]
INFO: Run Behavior\ParseTemplateBehavior [ RunTime:0.016045s ]
INFO: [ view_parse ] --END-- [ RunTime:0.016194s ]
INFO: [ view_filter ] --START--
INFO: Run Behavior\WriteHtmlCacheBehavior [ RunTime:0.000808s ]
INFO: [ view_filter ] --END-- [ RunTime:0.000896s ]
INFO: [ app_end ] --START--
INFO: Run Behavior\ShowPageTraceBehavior [ RunTime:0.001192s ]
INFO: [ app_end ] --END-- [ RunTime:0.001278s ]

[ 2016-06-02T20:56:28+08:00 ] 127.0.0.1 /admin.php/Home/Index/df1
INFO: [ app_begin ] --START--
INFO: Run Behavior\ReadHtmlCacheBehavior [ RunTime:0.001157s ]
INFO: [ app_begin ] --END-- [ RunTime:0.003072s ]
SQL: SHOW COLUMNS FROM `ot_system` [ RunTime:0.0619s ]
SQL: SELECT * FROM `ot_system` WHERE `SYS_ID` = 1 LIMIT 1   [ RunTime:0.0010s ]
SQL: SHOW COLUMNS FROM `ot_drrz` [ RunTime:0.0293s ]
SQL: SELECT * FROM `ot_drrz` WHERE `user` = 'admin' AND `leixin` = 1 ORDER BY id DESC LIMIT 2   [ RunTime:0.0007s ]
SQL: SHOW COLUMNS FROM `ot_user` [ RunTime:0.0848s ]
SQL: SELECT COUNT(UE_ID) AS tp_count FROM `ot_user` WHERE ( `UE_regTime`> '2016-06-02 00:00:00' AND `UE_regTime` < '2016-06-02 23:59:59' ) LIMIT 1   [ RunTime:0.0008s ]
SQL: SELECT COUNT(UE_ID) AS tp_count FROM `ot_user` WHERE ( `UE_activeTime`> '2016-06-02 00:00:00' AND `UE_activeTime` < '2016-06-02 23:59:59' ) LIMIT 1   [ RunTime:0.0007s ]
SQL: SELECT COUNT(UE_ID) AS tp_count FROM `ot_user` WHERE ( `UE_regTime`> '2016-06-01 00:00:00' AND `UE_regTime` < '2016-06-01 23:59:59' ) LIMIT 1   [ RunTime:0.0009s ]
SQL: SELECT COUNT(UE_ID) AS tp_count FROM `ot_user` WHERE ( `UE_activeTime`> '2016-06-01 00:00:00' AND `UE_activeTime` < '2016-06-01 23:59:59' ) LIMIT 1   [ RunTime:0.0009s ]
SQL: SELECT COUNT(UE_ID) AS tp_count FROM `ot_user` WHERE ( `UE_ID`> '0' ) LIMIT 1   [ RunTime:0.0007s ]
SQL: SELECT COUNT(UE_ID) AS tp_count FROM `ot_user` WHERE ( `UE_ID`> '0' AND `UE_check` = '1' ) LIMIT 1   [ RunTime:0.0016s ]
SQL: SELECT COUNT(UE_ID) AS tp_count FROM `ot_user` WHERE ( `UE_ID`> '0' AND `UE_check` = '1' AND `UE_stop` = '0' ) LIMIT 1   [ RunTime:0.0012s ]
SQL: SELECT SUM(UE_money) AS tp_sum FROM `ot_user` LIMIT 1   [ RunTime:0.0008s ]
SQL: SELECT SUM(ybhe) AS tp_sum FROM `ot_user` LIMIT 1   [ RunTime:0.0007s ]
SQL: SELECT SUM(zsbhe) AS tp_sum FROM `ot_user` LIMIT 1   [ RunTime:0.0006s ]
INFO: [ view_parse ] --START--
INFO: [ template_filter ] --START--
INFO: Run Behavior\ContentReplaceBehavior [ RunTime:0.000065s ]
INFO: [ template_filter ] --END-- [ RunTime:0.000151s ]
INFO: Run Behavior\ParseTemplateBehavior [ RunTime:0.010935s ]
INFO: [ view_parse ] --END-- [ RunTime:0.011039s ]
INFO: [ view_filter ] --START--
INFO: Run Behavior\WriteHtmlCacheBehavior [ RunTime:0.000679s ]
INFO: [ view_filter ] --END-- [ RunTime:0.000759s ]
INFO: [ app_end ] --START--
INFO: Run Behavior\ShowPageTraceBehavior [ RunTime:0.001047s ]
INFO: [ app_end ] --END-- [ RunTime:0.001134s ]

[ 2016-06-02T20:56:28+08:00 ] 127.0.0.1 /admin.php/Home/Index/left.html
INFO: [ app_begin ] --START--
INFO: Run Behavior\ReadHtmlCacheBehavior [ RunTime:0.001602s ]
INFO: [ app_begin ] --END-- [ RunTime:0.003378s ]
INFO: [ view_parse ] --START--
INFO: [ template_filter ] --START--
INFO: Run Behavior\ContentReplaceBehavior [ RunTime:0.000111s ]
INFO: [ template_filter ] --END-- [ RunTime:0.000218s ]
INFO: Run Behavior\ParseTemplateBehavior [ RunTime:0.020448s ]
INFO: [ view_parse ] --END-- [ RunTime:0.020573s ]
INFO: [ view_filter ] --START--
INFO: Run Behavior\WriteHtmlCacheBehavior [ RunTime:0.000997s ]
INFO: [ view_filter ] --END-- [ RunTime:0.001080s ]
INFO: [ app_end ] --START--
INFO: Run Behavior\ShowPageTraceBehavior [ RunTime:0.001255s ]
INFO: [ app_end ] --END-- [ RunTime:0.001336s ]

[ 2016-06-02T20:56:31+08:00 ] 127.0.0.1 /admin.php/Home/Code/codeStatus
INFO: [ app_begin ] --START--
INFO: Run Behavior\ReadHtmlCacheBehavior [ RunTime:0.001862s ]
INFO: [ app_begin ] --END-- [ RunTime:0.003218s ]
SQL: SHOW COLUMNS FROM `ot_config` [ RunTime:0.0115s ]
SQL: SELECT * FROM `ot_config` WHERE ( name = 'schedule_status' ) LIMIT 1   [ RunTime:0.0010s ]
INFO: [ view_parse ] --START--
INFO: [ template_filter ] --START--
INFO: Run Behavior\ContentReplaceBehavior [ RunTime:0.000109s ]
INFO: [ template_filter ] --END-- [ RunTime:0.000243s ]
NOTIC: [8] Undefined variable: page E:\xampp\htdocs\nmn\snadmin\Runtime\Cache\Home\f1d9dcf45dbdf0ba02cfb303b8911c04.php 第 57 行.
INFO: Run Behavior\ParseTemplateBehavior [ RunTime:0.017284s ]
INFO: [ view_parse ] --END-- [ RunTime:0.017433s ]
INFO: [ view_filter ] --START--
INFO: Run Behavior\WriteHtmlCacheBehavior [ RunTime:0.001375s ]
INFO: [ view_filter ] --END-- [ RunTime:0.001489s ]
INFO: [ app_end ] --START--
INFO: Run Behavior\ShowPageTraceBehavior [ RunTime:0.001795s ]
INFO: [ app_end ] --END-- [ RunTime:0.001926s ]

[ 2016-06-02T20:57:10+08:00 ] 127.0.0.1 /admin.php/Home/Index/main
INFO: [ app_begin ] --START--
INFO: Run Behavior\ReadHtmlCacheBehavior [ RunTime:0.001058s ]
INFO: [ app_begin ] --END-- [ RunTime:0.001924s ]
INFO: [ view_parse ] --START--
INFO: [ template_filter ] --START--
INFO: Run Behavior\ContentReplaceBehavior [ RunTime:0.000061s ]
INFO: [ template_filter ] --END-- [ RunTime:0.000151s ]
INFO: Run Behavior\ParseTemplateBehavior [ RunTime:0.010628s ]
INFO: [ view_parse ] --END-- [ RunTime:0.010741s ]
INFO: [ view_filter ] --START--
INFO: Run Behavior\WriteHtmlCacheBehavior [ RunTime:0.000854s ]
INFO: [ view_filter ] --END-- [ RunTime:0.000935s ]
INFO: [ app_end ] --START--
INFO: Run Behavior\ShowPageTraceBehavior [ RunTime:0.001005s ]
INFO: [ app_end ] --END-- [ RunTime:0.001088s ]

[ 2016-06-02T20:57:10+08:00 ] 127.0.0.1 /admin.php/Home/Index/top.html
INFO: [ app_begin ] --START--
INFO: Run Behavior\ReadHtmlCacheBehavior [ RunTime:0.001780s ]
INFO: [ app_begin ] --END-- [ RunTime:0.002608s ]
INFO: [ view_parse ] --START--
INFO: [ template_filter ] --START--
INFO: Run Behavior\ContentReplaceBehavior [ RunTime:0.000073s ]
INFO: [ template_filter ] --END-- [ RunTime:0.000170s ]
INFO: Run Behavior\ParseTemplateBehavior [ RunTime:0.014826s ]
INFO: [ view_parse ] --END-- [ RunTime:0.014936s ]
INFO: [ view_filter ] --START--
INFO: Run Behavior\WriteHtmlCacheBehavior [ RunTime:0.000642s ]
INFO: [ view_filter ] --END-- [ RunTime:0.000729s ]
INFO: [ app_end ] --START--
INFO: Run Behavior\ShowPageTraceBehavior [ RunTime:0.001009s ]
INFO: [ app_end ] --END-- [ RunTime:0.001092s ]

[ 2016-06-02T20:57:10+08:00 ] 127.0.0.1 /admin.php/Home/Index/left.html
INFO: [ app_begin ] --START--
INFO: Run Behavior\ReadHtmlCacheBehavior [ RunTime:0.005446s ]
INFO: [ app_begin ] --END-- [ RunTime:0.009179s ]
INFO: [ view_parse ] --START--
INFO: [ template_filter ] --START--
INFO: Run Behavior\ContentReplaceBehavior [ RunTime:0.000114s ]
INFO: [ template_filter ] --END-- [ RunTime:0.000224s ]
INFO: Run Behavior\ParseTemplateBehavior [ RunTime:0.017921s ]
INFO: [ view_parse ] --END-- [ RunTime:0.018039s ]
INFO: [ view_filter ] --START--
INFO: Run Behavior\WriteHtmlCacheBehavior [ RunTime:0.000652s ]
INFO: [ view_filter ] --END-- [ RunTime:0.000725s ]
INFO: [ app_end ] --START--
INFO: Run Behavior\ShowPageTraceBehavior [ RunTime:0.001138s ]
INFO: [ app_end ] --END-- [ RunTime:0.001215s ]

[ 2016-06-02T20:57:10+08:00 ] 127.0.0.1 /admin.php/Home/Index/df1
INFO: [ app_begin ] --START--
INFO: Run Behavior\ReadHtmlCacheBehavior [ RunTime:0.003611s ]
INFO: [ app_begin ] --END-- [ RunTime:0.012147s ]
SQL: SHOW COLUMNS FROM `ot_system` [ RunTime:0.0523s ]
SQL: SELECT * FROM `ot_system` WHERE `SYS_ID` = 1 LIMIT 1   [ RunTime:0.0009s ]
SQL: SHOW COLUMNS FROM `ot_drrz` [ RunTime:0.0075s ]
SQL: SELECT * FROM `ot_drrz` WHERE `user` = 'admin' AND `leixin` = 1 ORDER BY id DESC LIMIT 2   [ RunTime:0.0007s ]
SQL: SHOW COLUMNS FROM `ot_user` [ RunTime:0.0081s ]
SQL: SELECT COUNT(UE_ID) AS tp_count FROM `ot_user` WHERE ( `UE_regTime`> '2016-06-02 00:00:00' AND `UE_regTime` < '2016-06-02 23:59:59' ) LIMIT 1   [ RunTime:0.0008s ]
SQL: SELECT COUNT(UE_ID) AS tp_count FROM `ot_user` WHERE ( `UE_activeTime`> '2016-06-02 00:00:00' AND `UE_activeTime` < '2016-06-02 23:59:59' ) LIMIT 1   [ RunTime:0.0006s ]
SQL: SELECT COUNT(UE_ID) AS tp_count FROM `ot_user` WHERE ( `UE_regTime`> '2016-06-01 00:00:00' AND `UE_regTime` < '2016-06-01 23:59:59' ) LIMIT 1   [ RunTime:0.0007s ]
SQL: SELECT COUNT(UE_ID) AS tp_count FROM `ot_user` WHERE ( `UE_activeTime`> '2016-06-01 00:00:00' AND `UE_activeTime` < '2016-06-01 23:59:59' ) LIMIT 1   [ RunTime:0.0006s ]
SQL: SELECT COUNT(UE_ID) AS tp_count FROM `ot_user` WHERE ( `UE_ID`> '0' ) LIMIT 1   [ RunTime:0.0005s ]
SQL: SELECT COUNT(UE_ID) AS tp_count FROM `ot_user` WHERE ( `UE_ID`> '0' AND `UE_check` = '1' ) LIMIT 1   [ RunTime:0.0013s ]
SQL: SELECT COUNT(UE_ID) AS tp_count FROM `ot_user` WHERE ( `UE_ID`> '0' AND `UE_check` = '1' AND `UE_stop` = '0' ) LIMIT 1   [ RunTime:0.0012s ]
SQL: SELECT SUM(UE_money) AS tp_sum FROM `ot_user` LIMIT 1   [ RunTime:0.0008s ]
SQL: SELECT SUM(ybhe) AS tp_sum FROM `ot_user` LIMIT 1   [ RunTime:0.0007s ]
SQL: SELECT SUM(zsbhe) AS tp_sum FROM `ot_user` LIMIT 1   [ RunTime:0.0007s ]
INFO: [ view_parse ] --START--
INFO: [ template_filter ] --START--
INFO: Run Behavior\ContentReplaceBehavior [ RunTime:0.000066s ]
INFO: [ template_filter ] --END-- [ RunTime:0.000155s ]
INFO: Run Behavior\ParseTemplateBehavior [ RunTime:0.011521s ]
INFO: [ view_parse ] --END-- [ RunTime:0.011640s ]
INFO: [ view_filter ] --START--
INFO: Run Behavior\WriteHtmlCacheBehavior [ RunTime:0.000976s ]
INFO: [ view_filter ] --END-- [ RunTime:0.001055s ]
INFO: [ app_end ] --START--
INFO: Run Behavior\ShowPageTraceBehavior [ RunTime:0.001041s ]
INFO: [ app_end ] --END-- [ RunTime:0.001125s ]

[ 2016-06-02T20:57:13+08:00 ] 127.0.0.1 /admin.php/Home/Code/codeStatus
INFO: [ app_begin ] --START--
INFO: Run Behavior\ReadHtmlCacheBehavior [ RunTime:0.001867s ]
INFO: [ app_begin ] --END-- [ RunTime:0.003186s ]
SQL: SHOW COLUMNS FROM `ot_config` [ RunTime:0.0127s ]
SQL: SELECT * FROM `ot_config` WHERE ( name = 'schedule_status' ) LIMIT 1   [ RunTime:0.0008s ]
INFO: [ view_parse ] --START--
INFO: [ template_filter ] --START--
INFO: Run Behavior\ContentReplaceBehavior [ RunTime:0.000104s ]
INFO: [ template_filter ] --END-- [ RunTime:0.000234s ]
INFO: Run Behavior\ParseTemplateBehavior [ RunTime:0.015692s ]
INFO: [ view_parse ] --END-- [ RunTime:0.015906s ]
INFO: [ view_filter ] --START--
INFO: Run Behavior\WriteHtmlCacheBehavior [ RunTime:0.001372s ]
INFO: [ view_filter ] --END-- [ RunTime:0.001484s ]
INFO: [ app_end ] --START--
INFO: Run Behavior\ShowPageTraceBehavior [ RunTime:0.002209s ]
INFO: [ app_end ] --END-- [ RunTime:0.002418s ]

[ 2016-06-02T21:00:23+08:00 ] 127.0.0.1 /admin.php/Home/Index/main
INFO: [ app_begin ] --START--
INFO: Run Behavior\ReadHtmlCacheBehavior [ RunTime:0.002775s ]
INFO: [ app_begin ] --END-- [ RunTime:0.006674s ]
INFO: [ view_parse ] --START--
INFO: [ template_filter ] --START--
INFO: Run Behavior\ContentReplaceBehavior [ RunTime:0.000132s ]
INFO: [ template_filter ] --END-- [ RunTime:0.000295s ]
INFO: Run Behavior\ParseTemplateBehavior [ RunTime:0.029387s ]
INFO: [ view_parse ] --END-- [ RunTime:0.029633s ]
INFO: [ view_filter ] --START--
INFO: Run Behavior\WriteHtmlCacheBehavior [ RunTime:0.001554s ]
INFO: [ view_filter ] --END-- [ RunTime:0.001685s ]
INFO: [ app_end ] --START--
INFO: Run Behavior\ShowPageTraceBehavior [ RunTime:0.009792s ]
INFO: [ app_end ] --END-- [ RunTime:0.009998s ]

[ 2016-06-02T21:00:23+08:00 ] 127.0.0.1 /admin.php/Home/Index/top.html
INFO: [ app_begin ] --START--
INFO: Run Behavior\ReadHtmlCacheBehavior [ RunTime:0.001331s ]
INFO: [ app_begin ] --END-- [ RunTime:0.002399s ]
INFO: [ view_parse ] --START--
INFO: [ template_filter ] --START--
INFO: Run Behavior\ContentReplaceBehavior [ RunTime:0.000095s ]
INFO: [ template_filter ] --END-- [ RunTime:0.000844s ]
INFO: Run Behavior\ParseTemplateBehavior [ RunTime:0.029653s ]
INFO: [ view_parse ] --END-- [ RunTime:0.030504s ]
INFO: [ view_filter ] --START--
INFO: Run Behavior\WriteHtmlCacheBehavior [ RunTime:0.001520s ]
INFO: [ view_filter ] --END-- [ RunTime:0.003124s ]
INFO: [ app_end ] --START--
INFO: Run Behavior\ShowPageTraceBehavior [ RunTime:0.003850s ]
INFO: [ app_end ] --END-- [ RunTime:0.004351s ]

[ 2016-06-02T21:00:23+08:00 ] 127.0.0.1 /admin.php/Home/Index/df1
INFO: [ app_begin ] --START--
INFO: Run Behavior\ReadHtmlCacheBehavior [ RunTime:0.002178s ]
INFO: [ app_begin ] --END-- [ RunTime:0.003400s ]
SQL: SHOW COLUMNS FROM `ot_system` [ RunTime:0.0348s ]
SQL: SELECT * FROM `ot_system` WHERE `SYS_ID` = 1 LIMIT 1   [ RunTime:0.0012s ]
SQL: SHOW COLUMNS FROM `ot_drrz` [ RunTime:0.1005s ]
SQL: SELECT * FROM `ot_drrz` WHERE `user` = 'admin' AND `leixin` = 1 ORDER BY id DESC LIMIT 2   [ RunTime:0.0008s ]
SQL: SHOW COLUMNS FROM `ot_user` [ RunTime:0.0422s ]
SQL: SELECT COUNT(UE_ID) AS tp_count FROM `ot_user` WHERE ( `UE_regTime`> '2016-06-02 00:00:00' AND `UE_regTime` < '2016-06-02 23:59:59' ) LIMIT 1   [ RunTime:0.0012s ]
SQL: SELECT COUNT(UE_ID) AS tp_count FROM `ot_user` WHERE ( `UE_activeTime`> '2016-06-02 00:00:00' AND `UE_activeTime` < '2016-06-02 23:59:59' ) LIMIT 1   [ RunTime:0.0008s ]
SQL: SELECT COUNT(UE_ID) AS tp_count FROM `ot_user` WHERE ( `UE_regTime`> '2016-06-01 00:00:00' AND `UE_regTime` < '2016-06-01 23:59:59' ) LIMIT 1   [ RunTime:0.0010s ]
SQL: SELECT COUNT(UE_ID) AS tp_count FROM `ot_user` WHERE ( `UE_activeTime`> '2016-06-01 00:00:00' AND `UE_activeTime` < '2016-06-01 23:59:59' ) LIMIT 1   [ RunTime:0.0008s ]
SQL: SELECT COUNT(UE_ID) AS tp_count FROM `ot_user` WHERE ( `UE_ID`> '0' ) LIMIT 1   [ RunTime:0.0006s ]
SQL: SELECT COUNT(UE_ID) AS tp_count FROM `ot_user` WHERE ( `UE_ID`> '0' AND `UE_check` = '1' ) LIMIT 1   [ RunTime:0.0014s ]
SQL: SELECT COUNT(UE_ID) AS tp_count FROM `ot_user` WHERE ( `UE_ID`> '0' AND `UE_check` = '1' AND `UE_stop` = '0' ) LIMIT 1   [ RunTime:0.0015s ]
SQL: SELECT SUM(UE_money) AS tp_sum FROM `ot_user` LIMIT 1   [ RunTime:0.0008s ]
SQL: SELECT SUM(ybhe) AS tp_sum FROM `ot_user` LIMIT 1   [ RunTime:0.0008s ]
SQL: SELECT SUM(zsbhe) AS tp_sum FROM `ot_user` LIMIT 1   [ RunTime:0.0007s ]
INFO: [ view_parse ] --START--
INFO: [ template_filter ] --START--
INFO: Run Behavior\ContentReplaceBehavior [ RunTime:0.000079s ]
INFO: [ template_filter ] --END-- [ RunTime:0.000212s ]
INFO: Run Behavior\ParseTemplateBehavior [ RunTime:0.014723s ]
INFO: [ view_parse ] --END-- [ RunTime:0.014854s ]
INFO: [ view_filter ] --START--
INFO: Run Behavior\WriteHtmlCacheBehavior [ RunTime:0.001088s ]
INFO: [ view_filter ] --END-- [ RunTime:0.001181s ]
INFO: [ app_end ] --START--
INFO: Run Behavior\ShowPageTraceBehavior [ RunTime:0.001386s ]
INFO: [ app_end ] --END-- [ RunTime:0.001482s ]

[ 2016-06-02T21:00:23+08:00 ] 127.0.0.1 /admin.php/Home/Index/left.html
INFO: [ app_begin ] --START--
INFO: Run Behavior\ReadHtmlCacheBehavior [ RunTime:0.001624s ]
INFO: [ app_begin ] --END-- [ RunTime:0.002761s ]
INFO: [ view_parse ] --START--
INFO: [ template_filter ] --START--
INFO: Run Behavior\ContentReplaceBehavior [ RunTime:0.000132s ]
INFO: [ template_filter ] --END-- [ RunTime:0.000299s ]
INFO: Run Behavior\ParseTemplateBehavior [ RunTime:0.018079s ]
INFO: [ view_parse ] --END-- [ RunTime:0.018206s ]
INFO: [ view_filter ] --START--
INFO: Run Behavior\WriteHtmlCacheBehavior [ RunTime:0.003284s ]
INFO: [ view_filter ] --END-- [ RunTime:0.003403s ]
INFO: [ app_end ] --START--
INFO: Run Behavior\ShowPageTraceBehavior [ RunTime:0.002817s ]
INFO: [ app_end ] --END-- [ RunTime:0.002941s ]

[ 2016-06-02T21:00:26+08:00 ] 127.0.0.1 /admin.php/Home/Code/codeStatus
INFO: [ app_begin ] --START--
INFO: Run Behavior\ReadHtmlCacheBehavior [ RunTime:0.002141s ]
INFO: [ app_begin ] --END-- [ RunTime:0.003389s ]
SQL: SHOW COLUMNS FROM `ot_config` [ RunTime:0.0086s ]
SQL: SELECT * FROM `ot_config` WHERE ( name = 'schedule_status' ) LIMIT 1   [ RunTime:0.0007s ]
INFO: [ view_parse ] --START--
INFO: [ template_filter ] --START--
INFO: Run Behavior\ContentReplaceBehavior [ RunTime:0.000089s ]
INFO: [ template_filter ] --END-- [ RunTime:0.000302s ]
INFO: Run Behavior\ParseTemplateBehavior [ RunTime:0.014666s ]
INFO: [ view_parse ] --END-- [ RunTime:0.014788s ]
INFO: [ view_filter ] --START--
INFO: Run Behavior\WriteHtmlCacheBehavior [ RunTime:0.000956s ]
INFO: [ view_filter ] --END-- [ RunTime:0.001045s ]
INFO: [ app_end ] --START--
INFO: Run Behavior\ShowPageTraceBehavior [ RunTime:0.001720s ]
INFO: [ app_end ] --END-- [ RunTime:0.001861s ]

[ 2016-06-02T21:00:30+08:00 ] 127.0.0.1 /admin.php/Home/Code/codeStatusEdit
INFO: [ app_begin ] --START--
INFO: Run Behavior\ReadHtmlCacheBehavior [ RunTime:0.002165s ]
INFO: [ app_begin ] --END-- [ RunTime:0.003905s ]
SQL: SHOW COLUMNS FROM `ot_config` [ RunTime:0.0109s ]
SQL: UPDATE `ot_config` SET `value`='0' WHERE ( name = 'schedule_status' ) [ RunTime:0.0653s ]
INFO: [ view_parse ] --START--
INFO: [ template_filter ] --START--
INFO: Run Behavior\ContentReplaceBehavior [ RunTime:0.000098s ]
INFO: [ template_filter ] --END-- [ RunTime:0.000237s ]
INFO: Run Behavior\ParseTemplateBehavior [ RunTime:0.016013s ]
INFO: [ view_parse ] --END-- [ RunTime:0.016166s ]
INFO: [ view_filter ] --START--
INFO: Run Behavior\WriteHtmlCacheBehavior [ RunTime:0.001009s ]
INFO: [ view_filter ] --END-- [ RunTime:0.001126s ]
INFO: [ app_end ] --START--
INFO: Run Behavior\ShowPageTraceBehavior [ RunTime:0.001562s ]
INFO: [ app_end ] --END-- [ RunTime:0.001684s ]

[ 2016-06-02T21:00:32+08:00 ] 127.0.0.1 /admin.php/Home/Code/codeStatus
INFO: [ app_begin ] --START--
INFO: Run Behavior\ReadHtmlCacheBehavior [ RunTime:0.001579s ]
INFO: [ app_begin ] --END-- [ RunTime:0.002869s ]
SQL: SHOW COLUMNS FROM `ot_config` [ RunTime:0.0121s ]
SQL: SELECT * FROM `ot_config` WHERE ( name = 'schedule_status' ) LIMIT 1   [ RunTime:0.0010s ]
INFO: [ view_parse ] --START--
INFO: [ template_filter ] --START--
INFO: Run Behavior\ContentReplaceBehavior [ RunTime:0.000105s ]
INFO: [ template_filter ] --END-- [ RunTime:0.000234s ]
INFO: Run Behavior\ParseTemplateBehavior [ RunTime:0.015598s ]
INFO: [ view_parse ] --END-- [ RunTime:0.015737s ]
INFO: [ view_filter ] --START--
INFO: Run Behavior\WriteHtmlCacheBehavior [ RunTime:0.001054s ]
INFO: [ view_filter ] --END-- [ RunTime:0.001172s ]
INFO: [ app_end ] --START--
INFO: Run Behavior\ShowPageTraceBehavior [ RunTime:0.001659s ]
INFO: [ app_end ] --END-- [ RunTime:0.001787s ]

[ 2016-06-02T21:00:36+08:00 ] 127.0.0.1 /admin.php/Home/Code/codeStatusEdit
INFO: [ app_begin ] --START--
INFO: Run Behavior\ReadHtmlCacheBehavior [ RunTime:0.001516s ]
INFO: [ app_begin ] --END-- [ RunTime:0.002795s ]
SQL: SHOW COLUMNS FROM `ot_config` [ RunTime:0.0101s ]
SQL: UPDATE `ot_config` SET `value`='1' WHERE ( name = 'schedule_status' ) [ RunTime:0.0755s ]
INFO: [ view_parse ] --START--
INFO: [ template_filter ] --START--
INFO: Run Behavior\ContentReplaceBehavior [ RunTime:0.000103s ]
INFO: [ template_filter ] --END-- [ RunTime:0.000284s ]
INFO: Run Behavior\ParseTemplateBehavior [ RunTime:0.016989s ]
INFO: [ view_parse ] --END-- [ RunTime:0.017196s ]
INFO: [ view_filter ] --START--
INFO: Run Behavior\WriteHtmlCacheBehavior [ RunTime:0.001282s ]
INFO: [ view_filter ] --END-- [ RunTime:0.001488s ]
INFO: [ app_end ] --START--
INFO: Run Behavior\ShowPageTraceBehavior [ RunTime:0.002164s ]
INFO: [ app_end ] --END-- [ RunTime:0.002289s ]

[ 2016-06-02T21:00:38+08:00 ] 127.0.0.1 /admin.php/Home/Code/codeStatus
INFO: [ app_begin ] --START--
INFO: Run Behavior\ReadHtmlCacheBehavior [ RunTime:0.002212s ]
INFO: [ app_begin ] --END-- [ RunTime:0.004013s ]
SQL: SHOW COLUMNS FROM `ot_config` [ RunTime:0.0130s ]
SQL: SELECT * FROM `ot_config` WHERE ( name = 'schedule_status' ) LIMIT 1   [ RunTime:0.0011s ]
INFO: [ view_parse ] --START--
INFO: [ template_filter ] --START--
INFO: Run Behavior\ContentReplaceBehavior [ RunTime:0.000106s ]
INFO: [ template_filter ] --END-- [ RunTime:0.000238s ]
INFO: Run Behavior\ParseTemplateBehavior [ RunTime:0.015765s ]
INFO: [ view_parse ] --END-- [ RunTime:0.015905s ]
INFO: [ view_filter ] --START--
INFO: Run Behavior\WriteHtmlCacheBehavior [ RunTime:0.000935s ]
INFO: [ view_filter ] --END-- [ RunTime:0.001054s ]
INFO: [ app_end ] --START--
INFO: Run Behavior\ShowPageTraceBehavior [ RunTime:0.001518s ]
INFO: [ app_end ] --END-- [ RunTime:0.001640s ]

[ 2016-06-02T21:12:39+08:00 ] 127.0.0.1 /admin.php/Home/Code/codeStatusEdit
INFO: [ app_begin ] --START--
INFO: Run Behavior\ReadHtmlCacheBehavior [ RunTime:0.001651s ]
INFO: [ app_begin ] --END-- [ RunTime:0.003113s ]
SQL: SHOW COLUMNS FROM `ot_config` [ RunTime:0.0098s ]
SQL: UPDATE `ot_config` SET `value`='0' WHERE ( name = 'schedule_status' ) [ RunTime:0.1928s ]
INFO: [ view_parse ] --START--
INFO: [ template_filter ] --START--
INFO: Run Behavior\ContentReplaceBehavior [ RunTime:0.000099s ]
INFO: [ template_filter ] --END-- [ RunTime:0.000234s ]
INFO: Run Behavior\ParseTemplateBehavior [ RunTime:0.016656s ]
INFO: [ view_parse ] --END-- [ RunTime:0.016810s ]
INFO: [ view_filter ] --START--
INFO: Run Behavior\WriteHtmlCacheBehavior [ RunTime:0.001421s ]
INFO: [ view_filter ] --END-- [ RunTime:0.001536s ]
INFO: [ app_end ] --START--
INFO: Run Behavior\ShowPageTraceBehavior [ RunTime:0.001877s ]
INFO: [ app_end ] --END-- [ RunTime:0.002003s ]

[ 2016-06-02T21:12:51+08:00 ] 127.0.0.1 /admin.php/Home/Code/codeStatus
INFO: [ app_begin ] --START--
INFO: Run Behavior\ReadHtmlCacheBehavior [ RunTime:0.001910s ]
INFO: [ app_begin ] --END-- [ RunTime:0.003343s ]
SQL: SHOW COLUMNS FROM `ot_config` [ RunTime:0.0098s ]
SQL: SELECT * FROM `ot_config` WHERE ( name = 'schedule_status' ) LIMIT 1   [ RunTime:0.0010s ]
INFO: [ view_parse ] --START--
INFO: [ template_filter ] --START--
INFO: Run Behavior\ContentReplaceBehavior [ RunTime:0.000108s ]
INFO: [ template_filter ] --END-- [ RunTime:0.000255s ]
INFO: Run Behavior\ParseTemplateBehavior [ RunTime:0.016840s ]
INFO: [ view_parse ] --END-- [ RunTime:0.016997s ]
INFO: [ view_filter ] --START--
INFO: Run Behavior\WriteHtmlCacheBehavior [ RunTime:0.001267s ]
INFO: [ view_filter ] --END-- [ RunTime:0.001383s ]
INFO: [ app_end ] --START--
INFO: Run Behavior\ShowPageTraceBehavior [ RunTime:0.001827s ]
INFO: [ app_end ] --END-- [ RunTime:0.001950s ]

